This file contains any messages produced by compilers while
running configure, to aid debugging if configure makes a mistake.

It was created by alacrity configure 0.1.0, which was
generated by GNU Autoconf 2.63.  Invocation command line was

  $ ./configure CFLAGS=-g -O0 CXXFLAGS=-g -O0 --prefix=/home/xczou/workspace/c/alac_for_adios_query/build --with-timer=/home/xczou/workspace/c/timer/build --with-ridcompress=/home/xczou/workspace/cxx/pfordelta_for_adios_query

## --------- ##
## Platform. ##
## --------- ##

hostname = xczou-ThinkPad-T430s
uname -m = x86_64
uname -r = 3.5.0-26-generic
uname -s = Linux
uname -v = #42-Ubuntu SMP Fri Mar 8 23:18:20 UTC 2013

/usr/bin/uname -p = unknown
/bin/uname -X     = unknown

/bin/arch              = unknown
/usr/bin/arch -k       = unknown
/usr/convex/getsysinfo = unknown
/usr/bin/hostinfo      = unknown
/bin/machine           = unknown
/usr/bin/oslevel       = unknown
/bin/universe          = unknown

PATH: /home/xczou/build/valgrind-3.9.0/bin
PATH: /home/xczou/build/hdf5-1.8.11/bin
PATH: /home/xczou/build/adios-autotool/autoconf-2.63/bin
PATH: /home/xczou/build/adios-autotool/libtool-2.2.6b/bin
PATH: /home/xczou/build/fastbit-1.3.5/bin
PATH: /home/xczou/build/nodejs-0.10.22/bin
PATH: /home/xczou/build/mpich2-1.5rc3/bin
PATH: /home/xczou/build/bison-2.5/bin
PATH: /home/xczou/build/flex-2.5.35/bin
PATH: /home/xczou/build/berkeley-db-5.3.21/bin
PATH: /home/xczou/build/adios-autotool/automake-1.11.1/bin
PATH: /home/xczou/build/protobuf-2.3.0/bin
PATH: /usr/lib/x86_64-linux-gnu/qt4/bin
PATH: /usr/lib/lightdm/lightdm
PATH: /usr/local/sbin
PATH: /usr/local/bin
PATH: /usr/sbin
PATH: /usr/bin
PATH: /sbin
PATH: /bin
PATH: /usr/games
PATH: /usr/local/games


## ----------- ##
## Core tests. ##
## ----------- ##

configure:1909: checking for a BSD-compatible install
configure:1977: result: /usr/bin/install -c
configure:1988: checking whether build environment is sane
configure:2048: result: yes
configure:2189: checking for a thread-safe mkdir -p
configure:2228: result: /bin/mkdir -p
configure:2241: checking for gawk
configure:2271: result: no
configure:2241: checking for mawk
configure:2257: found /usr/bin/mawk
configure:2268: result: mawk
configure:2279: checking whether make sets $(MAKE)
configure:2301: result: yes
configure:2444: checking for gcc
configure:2460: found /usr/bin/gcc
configure:2471: result: gcc
configure:2703: checking for C compiler version
configure:2711: gcc --version >&5
gcc (Ubuntu/Linaro 4.7.2-2ubuntu1) 4.7.2
Copyright (C) 2012 Free Software Foundation, Inc.
This is free software; see the source for copying conditions.  There is NO
warranty; not even for MERCHANTABILITY or FITNESS FOR A PARTICULAR PURPOSE.

configure:2715: $? = 0
configure:2722: gcc -v >&5
Using built-in specs.
COLLECT_GCC=gcc
COLLECT_LTO_WRAPPER=/usr/lib/gcc/x86_64-linux-gnu/4.7/lto-wrapper
Target: x86_64-linux-gnu
Configured with: ../src/configure -v --with-pkgversion='Ubuntu/Linaro 4.7.2-2ubuntu1' --with-bugurl=file:///usr/share/doc/gcc-4.7/README.Bugs --enable-languages=c,c++,go,fortran,objc,obj-c++ --prefix=/usr --program-suffix=-4.7 --enable-shared --enable-linker-build-id --with-system-zlib --libexecdir=/usr/lib --without-included-gettext --enable-threads=posix --with-gxx-include-dir=/usr/include/c++/4.7 --libdir=/usr/lib --enable-nls --with-sysroot=/ --enable-clocale=gnu --enable-libstdcxx-debug --enable-libstdcxx-time=yes --enable-gnu-unique-object --enable-plugin --enable-objc-gc --disable-werror --with-arch-32=i686 --with-tune=generic --enable-checking=release --build=x86_64-linux-gnu --host=x86_64-linux-gnu --target=x86_64-linux-gnu
Thread model: posix
gcc version 4.7.2 (Ubuntu/Linaro 4.7.2-2ubuntu1) 
configure:2726: $? = 0
configure:2733: gcc -V >&5
gcc: error: unrecognized command line option '-V'
gcc: fatal error: no input files
compilation terminated.
configure:2737: $? = 4
configure:2760: checking for C compiler default output file name
configure:2782: gcc -g -O0   conftest.c  >&5
configure:2786: $? = 0
configure:2824: result: a.out
configure:2843: checking whether the C compiler works
configure:2853: ./a.out
configure:2857: $? = 0
configure:2876: result: yes
configure:2883: checking whether we are cross compiling
configure:2885: result: no
configure:2888: checking for suffix of executables
configure:2895: gcc -o conftest -g -O0   conftest.c  >&5
configure:2899: $? = 0
configure:2925: result: 
configure:2931: checking for suffix of object files
configure:2957: gcc -c -g -O0  conftest.c >&5
configure:2961: $? = 0
configure:2986: result: o
configure:2990: checking whether we are using the GNU C compiler
configure:3019: gcc -c -g -O0  conftest.c >&5
configure:3026: $? = 0
configure:3043: result: yes
configure:3052: checking whether gcc accepts -g
configure:3082: gcc -c -g  conftest.c >&5
configure:3089: $? = 0
configure:3190: result: yes
configure:3207: checking for gcc option to accept ISO C89
configure:3281: gcc  -c -g -O0  conftest.c >&5
configure:3288: $? = 0
configure:3311: result: none needed
configure:3340: checking for style of include used by make
configure:3368: result: GNU
configure:3393: checking dependency style of gcc
configure:3503: result: gcc3
configure:3518: checking for gcc option to accept ISO C99
configure:3677: gcc  -c -g -O0  conftest.c >&5
conftest.c:60:29: error: expected ';', ',' or ')' before 'text'
conftest.c: In function 'main':
conftest.c:114:18: error: expected '=', ',', ';', 'asm' or '__attribute__' before 'newvar'
conftest.c:114:18: error: 'newvar' undeclared (first use in this function)
conftest.c:114:18: note: each undeclared identifier is reported only once for each function it appears in
conftest.c:124:3: error: 'for' loop initial declarations are only allowed in C99 mode
conftest.c:124:3: note: use option -std=c99 or -std=gnu99 to compile your code
configure:3684: $? = 1
configure: failed program was:
| /* confdefs.h.  */
| #define PACKAGE_NAME "alacrity"
| #define PACKAGE_TARNAME "alacrity"
| #define PACKAGE_VERSION "0.1.0"
| #define PACKAGE_STRING "alacrity 0.1.0"
| #define PACKAGE_BUGREPORT "nagiza.samatova@gmail.com"
| #define PACKAGE "alacrity"
| #define VERSION "0.1.0"
| /* end confdefs.h.  */
| #include <stdarg.h>
| #include <stdbool.h>
| #include <stdlib.h>
| #include <wchar.h>
| #include <stdio.h>
| 
| // Check varargs macros.  These examples are taken from C99 6.10.3.5.
| #define debug(...) fprintf (stderr, __VA_ARGS__)
| #define showlist(...) puts (#__VA_ARGS__)
| #define report(test,...) ((test) ? puts (#test) : printf (__VA_ARGS__))
| static void
| test_varargs_macros (void)
| {
|   int x = 1234;
|   int y = 5678;
|   debug ("Flag");
|   debug ("X = %d\n", x);
|   showlist (The first, second, and third items.);
|   report (x>y, "x is %d but y is %d", x, y);
| }
| 
| // Check long long types.
| #define BIG64 18446744073709551615ull
| #define BIG32 4294967295ul
| #define BIG_OK (BIG64 / BIG32 == 4294967297ull && BIG64 % BIG32 == 0)
| #if !BIG_OK
|   your preprocessor is broken;
| #endif
| #if BIG_OK
| #else
|   your preprocessor is broken;
| #endif
| static long long int bignum = -9223372036854775807LL;
| static unsigned long long int ubignum = BIG64;
| 
| struct incomplete_array
| {
|   int datasize;
|   double data[];
| };
| 
| struct named_init {
|   int number;
|   const wchar_t *name;
|   double average;
| };
| 
| typedef const char *ccp;
| 
| static inline int
| test_restrict (ccp restrict text)
| {
|   // See if C++-style comments work.
|   // Iterate through items via the restricted pointer.
|   // Also check for declarations in for loops.
|   for (unsigned int i = 0; *(text+i) != '\0'; ++i)
|     continue;
|   return 0;
| }
| 
| // Check varargs and va_copy.
| static void
| test_varargs (const char *format, ...)
| {
|   va_list args;
|   va_start (args, format);
|   va_list args_copy;
|   va_copy (args_copy, args);
| 
|   const char *str;
|   int number;
|   float fnumber;
| 
|   while (*format)
|     {
|       switch (*format++)
| 	{
| 	case 's': // string
| 	  str = va_arg (args_copy, const char *);
| 	  break;
| 	case 'd': // int
| 	  number = va_arg (args_copy, int);
| 	  break;
| 	case 'f': // float
| 	  fnumber = va_arg (args_copy, double);
| 	  break;
| 	default:
| 	  break;
| 	}
|     }
|   va_end (args_copy);
|   va_end (args);
| }
| 
| int
| main ()
| {
| 
|   // Check bool.
|   _Bool success = false;
| 
|   // Check restrict.
|   if (test_restrict ("String literal") == 0)
|     success = true;
|   char *restrict newvar = "Another string";
| 
|   // Check varargs.
|   test_varargs ("s, d' f .", "string", 65, 34.234);
|   test_varargs_macros ();
| 
|   // Check flexible array members.
|   struct incomplete_array *ia =
|     malloc (sizeof (struct incomplete_array) + (sizeof (double) * 10));
|   ia->datasize = 10;
|   for (int i = 0; i < ia->datasize; ++i)
|     ia->data[i] = i * 1.234;
| 
|   // Check named initializers.
|   struct named_init ni = {
|     .number = 34,
|     .name = L"Test wide string",
|     .average = 543.34343,
|   };
| 
|   ni.number = 58;
| 
|   int dynamic_array[ni.number];
|   dynamic_array[ni.number - 1] = 543;
| 
|   // work around unused variable warnings
|   return (!success || bignum == 0LL || ubignum == 0uLL || newvar[0] == 'x'
| 	  || dynamic_array[ni.number - 1] != 543);
| 
|   ;
|   return 0;
| }
configure:3677: gcc -std=gnu99 -c -g -O0  conftest.c >&5
configure:3684: $? = 0
configure:3714: result: -std=gnu99
configure:3779: checking for g++
configure:3795: found /usr/bin/g++
configure:3806: result: g++
configure:3833: checking for C++ compiler version
configure:3841: g++ --version >&5
g++ (Ubuntu/Linaro 4.7.2-2ubuntu1) 4.7.2
Copyright (C) 2012 Free Software Foundation, Inc.
This is free software; see the source for copying conditions.  There is NO
warranty; not even for MERCHANTABILITY or FITNESS FOR A PARTICULAR PURPOSE.

configure:3845: $? = 0
configure:3852: g++ -v >&5
Using built-in specs.
COLLECT_GCC=g++
COLLECT_LTO_WRAPPER=/usr/lib/gcc/x86_64-linux-gnu/4.7/lto-wrapper
Target: x86_64-linux-gnu
Configured with: ../src/configure -v --with-pkgversion='Ubuntu/Linaro 4.7.2-2ubuntu1' --with-bugurl=file:///usr/share/doc/gcc-4.7/README.Bugs --enable-languages=c,c++,go,fortran,objc,obj-c++ --prefix=/usr --program-suffix=-4.7 --enable-shared --enable-linker-build-id --with-system-zlib --libexecdir=/usr/lib --without-included-gettext --enable-threads=posix --with-gxx-include-dir=/usr/include/c++/4.7 --libdir=/usr/lib --enable-nls --with-sysroot=/ --enable-clocale=gnu --enable-libstdcxx-debug --enable-libstdcxx-time=yes --enable-gnu-unique-object --enable-plugin --enable-objc-gc --disable-werror --with-arch-32=i686 --with-tune=generic --enable-checking=release --build=x86_64-linux-gnu --host=x86_64-linux-gnu --target=x86_64-linux-gnu
Thread model: posix
gcc version 4.7.2 (Ubuntu/Linaro 4.7.2-2ubuntu1) 
configure:3856: $? = 0
configure:3863: g++ -V >&5
g++: error: unrecognized command line option '-V'
g++: fatal error: no input files
compilation terminated.
configure:3867: $? = 4
configure:3870: checking whether we are using the GNU C++ compiler
configure:3899: g++ -c -g -O0  conftest.cpp >&5
configure:3906: $? = 0
configure:3923: result: yes
configure:3932: checking whether g++ accepts -g
configure:3962: g++ -c -g  conftest.cpp >&5
configure:3969: $? = 0
configure:4070: result: yes
configure:4095: checking dependency style of g++
configure:4205: result: gcc3
configure:4263: checking for ranlib
configure:4279: found /usr/bin/ranlib
configure:4290: result: ranlib
configure:4313: checking whether gcc -std=gnu99 and cc understand -c and -o together
configure:4348: gcc -std=gnu99 -c conftest.c -o conftest2.o >&5
configure:4352: $? = 0
configure:4358: gcc -std=gnu99 -c conftest.c -o conftest2.o >&5
configure:4362: $? = 0
configure:4373: cc -c conftest.c >&5
configure:4377: $? = 0
configure:4385: cc -c conftest.c -o conftest2.o >&5
configure:4389: $? = 0
configure:4395: cc -c conftest.c -o conftest2.o >&5
configure:4399: $? = 0
configure:4417: result: yes
configure:4449: checking for main in -lstdc++
configure:4478: gcc -std=gnu99 -o conftest -g -O0   conftest.c -lstdc++   >&5
configure:4485: $? = 0
configure:4506: result: yes
configure:4530: checking how to run the C preprocessor
configure:4570: gcc -std=gnu99 -E  conftest.c
configure:4577: $? = 0
configure:4608: gcc -std=gnu99 -E  conftest.c
conftest.c:11:28: fatal error: ac_nonexistent.h: No such file or directory
compilation terminated.
configure:4615: $? = 1
configure: failed program was:
| /* confdefs.h.  */
| #define PACKAGE_NAME "alacrity"
| #define PACKAGE_TARNAME "alacrity"
| #define PACKAGE_VERSION "0.1.0"
| #define PACKAGE_STRING "alacrity 0.1.0"
| #define PACKAGE_BUGREPORT "nagiza.samatova@gmail.com"
| #define PACKAGE "alacrity"
| #define VERSION "0.1.0"
| #define HAVE_LIBSTDC__ 1
| /* end confdefs.h.  */
| #include <ac_nonexistent.h>
configure:4648: result: gcc -std=gnu99 -E
configure:4677: gcc -std=gnu99 -E  conftest.c
configure:4684: $? = 0
configure:4715: gcc -std=gnu99 -E  conftest.c
conftest.c:11:28: fatal error: ac_nonexistent.h: No such file or directory
compilation terminated.
configure:4722: $? = 1
configure: failed program was:
| /* confdefs.h.  */
| #define PACKAGE_NAME "alacrity"
| #define PACKAGE_TARNAME "alacrity"
| #define PACKAGE_VERSION "0.1.0"
| #define PACKAGE_STRING "alacrity 0.1.0"
| #define PACKAGE_BUGREPORT "nagiza.samatova@gmail.com"
| #define PACKAGE "alacrity"
| #define VERSION "0.1.0"
| #define HAVE_LIBSTDC__ 1
| /* end confdefs.h.  */
| #include <ac_nonexistent.h>
configure:4762: checking for grep that handles long lines and -e
configure:4822: result: /bin/grep
configure:4827: checking for egrep
configure:4891: result: /bin/grep -E
configure:4896: checking for ANSI C header files
configure:4926: gcc -std=gnu99 -c -g -O0  conftest.c >&5
configure:4933: $? = 0
configure:5032: gcc -std=gnu99 -o conftest -g -O0   conftest.c -lstdc++  >&5
configure:5036: $? = 0
configure:5042: ./conftest
configure:5046: $? = 0
configure:5064: result: yes
configure:5088: checking for sys/types.h
configure:5109: gcc -std=gnu99 -c -g -O0  conftest.c >&5
configure:5116: $? = 0
configure:5133: result: yes
configure:5088: checking for sys/stat.h
configure:5109: gcc -std=gnu99 -c -g -O0  conftest.c >&5
configure:5116: $? = 0
configure:5133: result: yes
configure:5088: checking for stdlib.h
configure:5109: gcc -std=gnu99 -c -g -O0  conftest.c >&5
configure:5116: $? = 0
configure:5133: result: yes
configure:5088: checking for string.h
configure:5109: gcc -std=gnu99 -c -g -O0  conftest.c >&5
configure:5116: $? = 0
configure:5133: result: yes
configure:5088: checking for memory.h
configure:5109: gcc -std=gnu99 -c -g -O0  conftest.c >&5
configure:5116: $? = 0
configure:5133: result: yes
configure:5088: checking for strings.h
configure:5109: gcc -std=gnu99 -c -g -O0  conftest.c >&5
configure:5116: $? = 0
configure:5133: result: yes
configure:5088: checking for inttypes.h
configure:5109: gcc -std=gnu99 -c -g -O0  conftest.c >&5
configure:5116: $? = 0
configure:5133: result: yes
configure:5088: checking for stdint.h
configure:5109: gcc -std=gnu99 -c -g -O0  conftest.c >&5
configure:5116: $? = 0
configure:5133: result: yes
configure:5088: checking for unistd.h
configure:5109: gcc -std=gnu99 -c -g -O0  conftest.c >&5
configure:5116: $? = 0
configure:5133: result: yes
configure:5182: checking timer.h usability
configure:5199: gcc -std=gnu99 -c -g -O0  -I/home/xczou/workspace/c/timer/build/include conftest.c >&5
configure:5206: $? = 0
configure:5220: result: yes
configure:5224: checking timer.h presence
configure:5239: gcc -std=gnu99 -E  -I/home/xczou/workspace/c/timer/build/include conftest.c
configure:5246: $? = 0
configure:5260: result: yes
configure:5293: checking for timer.h
configure:5302: result: yes
configure:5326: checking for timer_init in -ltimer
configure:5361: gcc -std=gnu99 -o conftest -g -O0  -I/home/xczou/workspace/c/timer/build/include  -L/home/xczou/workspace/c/timer/build/lib -ltimer conftest.c -ltimer  -lstdc++  >&5
configure:5368: $? = 0
configure:5389: result: yes
configure:5460: checking pfordelta-c-interface.h usability
configure:5477: gcc -std=gnu99 -c -g -O0  -I/home/xczou/workspace/cxx/pfordelta_for_adios_query -I/home/xczou/workspace/cxx/pfordelta_for_adios_query/include conftest.c >&5
configure:5484: $? = 0
configure:5498: result: yes
configure:5502: checking pfordelta-c-interface.h presence
configure:5517: gcc -std=gnu99 -E  -I/home/xczou/workspace/cxx/pfordelta_for_adios_query -I/home/xczou/workspace/cxx/pfordelta_for_adios_query/include conftest.c
configure:5524: $? = 0
configure:5538: result: yes
configure:5571: checking for pfordelta-c-interface.h
configure:5580: result: yes
configure:5604: checking for encode_rids in -lridcompress
configure:5639: gcc -std=gnu99 -o conftest -g -O0  -I/home/xczou/workspace/cxx/pfordelta_for_adios_query -I/home/xczou/workspace/cxx/pfordelta_for_adios_query/include  -L/home/xczou/workspace/cxx/pfordelta_for_adios_query -L/home/xczou/workspace/cxx/pfordelta_for_adios_query/lib conftest.c -lridcompress -lstdc++     -lstdc++  >&5
configure:5646: $? = 0
configure:5667: result: yes
configure:5835: creating ./config.status

## ---------------------- ##
## Running config.status. ##
## ---------------------- ##

This file was extended by alacrity config.status 0.1.0, which was
generated by GNU Autoconf 2.63.  Invocation command line was

  CONFIG_FILES    = 
  CONFIG_HEADERS  = 
  CONFIG_LINKS    = 
  CONFIG_COMMANDS = 
  $ ./config.status 

on xczou-ThinkPad-T430s

config.status:794: creating Makefile
config.status:794: creating src/Makefile
config.status:794: creating tools/Makefile
config.status:794: creating tests/Makefile
config.status:794: creating config.h
config.status:1016: config.h is unchanged
config.status:1068: executing depfiles commands

## ---------------- ##
## Cache variables. ##
## ---------------- ##

ac_cv_c_compiler_gnu=yes
ac_cv_cxx_compiler_gnu=yes
ac_cv_env_CCC_set=
ac_cv_env_CCC_value=
ac_cv_env_CC_set=
ac_cv_env_CC_value=
ac_cv_env_CFLAGS_set=set
ac_cv_env_CFLAGS_value='-g -O0'
ac_cv_env_CPPFLAGS_set=
ac_cv_env_CPPFLAGS_value=
ac_cv_env_CPP_set=
ac_cv_env_CPP_value=
ac_cv_env_CXXFLAGS_set=set
ac_cv_env_CXXFLAGS_value='-g -O0'
ac_cv_env_CXX_set=
ac_cv_env_CXX_value=
ac_cv_env_LDFLAGS_set=
ac_cv_env_LDFLAGS_value=
ac_cv_env_LIBS_set=
ac_cv_env_LIBS_value=
ac_cv_env_build_alias_set=
ac_cv_env_build_alias_value=
ac_cv_env_host_alias_set=
ac_cv_env_host_alias_value=
ac_cv_env_target_alias_set=
ac_cv_env_target_alias_value=
ac_cv_header_inttypes_h=yes
ac_cv_header_memory_h=yes
ac_cv_header_pfordelta_c_interface_h=yes
ac_cv_header_stdc=yes
ac_cv_header_stdint_h=yes
ac_cv_header_stdlib_h=yes
ac_cv_header_string_h=yes
ac_cv_header_strings_h=yes
ac_cv_header_sys_stat_h=yes
ac_cv_header_sys_types_h=yes
ac_cv_header_timer_h=yes
ac_cv_header_unistd_h=yes
ac_cv_lib_ridcompress_encode_rids=yes
ac_cv_lib_stdcpp_main=yes
ac_cv_lib_timer_timer_init=yes
ac_cv_objext=o
ac_cv_path_EGREP='/bin/grep -E'
ac_cv_path_GREP=/bin/grep
ac_cv_path_install='/usr/bin/install -c'
ac_cv_path_mkdir=/bin/mkdir
ac_cv_prog_AWK=mawk
ac_cv_prog_CPP='gcc -std=gnu99 -E'
ac_cv_prog_ac_ct_CC=gcc
ac_cv_prog_ac_ct_CXX=g++
ac_cv_prog_ac_ct_RANLIB=ranlib
ac_cv_prog_cc_c89=
ac_cv_prog_cc_c99=-std=gnu99
ac_cv_prog_cc_g=yes
ac_cv_prog_cc_gcc_c_o=yes
ac_cv_prog_cxx_g=yes
ac_cv_prog_make_make_set=yes
am_cv_CC_dependencies_compiler_type=gcc3
am_cv_CXX_dependencies_compiler_type=gcc3

## ----------------- ##
## Output variables. ##
## ----------------- ##

ACLOCAL='${SHELL} /home/xczou/workspace/c/alac_for_adios_query/config/missing --run aclocal-1.11'
AMDEPBACKSLASH='\'
AMDEP_FALSE='#'
AMDEP_TRUE=''
AMTAR='${SHELL} /home/xczou/workspace/c/alac_for_adios_query/config/missing --run tar'
AM_BACKSLASH='\'
AM_DEFAULT_VERBOSITY='1'
AUTOCONF='${SHELL} /home/xczou/workspace/c/alac_for_adios_query/config/missing --run autoconf'
AUTOHEADER='${SHELL} /home/xczou/workspace/c/alac_for_adios_query/config/missing --run autoheader'
AUTOMAKE='${SHELL} /home/xczou/workspace/c/alac_for_adios_query/config/missing --run automake-1.11'
AWK='mawk'
CC='gcc -std=gnu99'
CCDEPMODE='depmode=gcc3'
CFLAGS='-g -O0'
CPP='gcc -std=gnu99 -E'
CPPFLAGS=''
CXX='g++'
CXXDEPMODE='depmode=gcc3'
CXXFLAGS='-g -O0'
CYGPATH_W='echo'
DEFS='-DHAVE_CONFIG_H'
DEPDIR='.deps'
ECHO_C=''
ECHO_N='-n'
ECHO_T=''
EGREP='/bin/grep -E'
EXEEXT=''
GREP='/bin/grep'
INSTALL_DATA='${INSTALL} -m 644'
INSTALL_PROGRAM='${INSTALL}'
INSTALL_SCRIPT='${INSTALL}'
INSTALL_STRIP_PROGRAM='$(install_sh) -c -s'
LDFLAGS=''
LIBOBJS=''
LIBS='-lstdc++ '
LTLIBOBJS=''
MAKEINFO='${SHELL} /home/xczou/workspace/c/alac_for_adios_query/config/missing --run makeinfo'
MKDIR_P='/bin/mkdir -p'
OBJEXT='o'
PACKAGE='alacrity'
PACKAGE_BUGREPORT='nagiza.samatova@gmail.com'
PACKAGE_NAME='alacrity'
PACKAGE_STRING='alacrity 0.1.0'
PACKAGE_TARNAME='alacrity'
PACKAGE_VERSION='0.1.0'
PATH_SEPARATOR=':'
RANLIB='ranlib'
RIDCOMPRESS_CPPFLAGS='-I/home/xczou/workspace/cxx/pfordelta_for_adios_query -I/home/xczou/workspace/cxx/pfordelta_for_adios_query/include'
RIDCOMPRESS_LDFLAGS='-L/home/xczou/workspace/cxx/pfordelta_for_adios_query -L/home/xczou/workspace/cxx/pfordelta_for_adios_query/lib'
RIDCOMPRESS_LIBS='-lridcompress'
SET_MAKE=''
SHELL='/bin/bash'
STRIP=''
TIMER_CPPFLAGS='-I/home/xczou/workspace/c/timer/build/include'
TIMER_LDFLAGS='-L/home/xczou/workspace/c/timer/build/lib'
TIMER_LIBS='-ltimer'
VERSION='0.1.0'
ac_ct_CC='gcc'
ac_ct_CXX='g++'
am__EXEEXT_FALSE=''
am__EXEEXT_TRUE='#'
am__fastdepCC_FALSE='#'
am__fastdepCC_TRUE=''
am__fastdepCXX_FALSE='#'
am__fastdepCXX_TRUE=''
am__include='include'
am__isrc=''
am__leading_dot='.'
am__quote=''
am__tar='${AMTAR} chof - "$$tardir"'
am__untar='${AMTAR} xf -'
bindir='${exec_prefix}/bin'
build_alias=''
datadir='${datarootdir}'
datarootdir='${prefix}/share'
docdir='${datarootdir}/doc/${PACKAGE_TARNAME}'
dvidir='${docdir}'
exec_prefix='${prefix}'
host_alias=''
htmldir='${docdir}'
includedir='${prefix}/include'
infodir='${datarootdir}/info'
install_sh='${SHELL} /home/xczou/workspace/c/alac_for_adios_query/config/install-sh'
libdir='${exec_prefix}/lib'
libexecdir='${exec_prefix}/libexec'
localedir='${datarootdir}/locale'
localstatedir='${prefix}/var'
mandir='${datarootdir}/man'
mkdir_p='/bin/mkdir -p'
oldincludedir='/usr/include'
pdfdir='${docdir}'
prefix='/home/xczou/workspace/c/alac_for_adios_query/build'
program_transform_name='s,x,x,'
psdir='${docdir}'
sbindir='${exec_prefix}/sbin'
sharedstatedir='${prefix}/com'
sysconfdir='${prefix}/etc'
target_alias=''

## ----------- ##
## confdefs.h. ##
## ----------- ##

#define PACKAGE_NAME "alacrity"
#define PACKAGE_TARNAME "alacrity"
#define PACKAGE_VERSION "0.1.0"
#define PACKAGE_STRING "alacrity 0.1.0"
#define PACKAGE_BUGREPORT "nagiza.samatova@gmail.com"
#define PACKAGE "alacrity"
#define VERSION "0.1.0"
#define HAVE_LIBSTDC__ 1
#define STDC_HEADERS 1
#define HAVE_SYS_TYPES_H 1
#define HAVE_SYS_STAT_H 1
#define HAVE_STDLIB_H 1
#define HAVE_STRING_H 1
#define HAVE_MEMORY_H 1
#define HAVE_STRINGS_H 1
#define HAVE_INTTYPES_H 1
#define HAVE_STDINT_H 1
#define HAVE_UNISTD_H 1
#define HAVE_TIMER_H 1
#define HAVE_LIBTIMER 1
#define HAVE_PFORDELTA_C_INTERFACE_H 1
#define HAVE_LIBRIDCOMPRESS 1

configure: exit 0
