4 var
    1.062	    1.965	    0.871	    0.054	    0.039	    4.280
    1.063	    1.963	    0.908	    0.055	    0.039	    4.301
    1.064	    1.963	    1.102	    0.055	    0.039	    4.525
    1.046	    1.960	    0.947	    0.052	    0.039	    4.329
    1.038	    1.945	    1.565	    0.050	    0.040	    4.915
    1.064	    1.961	    0.904	    0.054	    0.040	    4.310
    1.064	    1.981	    0.873	    0.054	    0.040	    4.306
    1.063	    1.967	    0.917	    0.054	    0.039	    4.318
    1.063	    1.968	    0.884	    0.054	    0.039	    4.281
    1.054	    1.955	    0.897	    0.052	    0.039	    4.312
    0.994	    1.844	    1.615	    0.051	    0.040	    4.833
    1.015	    1.887	    1.166	    0.054	    0.040	    4.443
    1.014	    1.877	    0.954	    0.054	    0.040	    4.240
    1.013	    1.877	    1.185	    0.054	    0.040	    4.442
    1.009	    1.875	    1.206	    0.054	    0.040	    4.462
    0.986	    1.833	    0.977	    0.048	    0.040	    4.174
    0.990	    1.849	    1.155	    0.050	    0.040	    4.362
    1.014	    1.886	    0.962	    0.054	    0.040	    4.222
    1.013	    1.869	    0.591	    0.054	    0.040	    3.658
    1.013	    1.871	    0.952	    0.054	    0.040	    4.205
    1.493	    2.750	    1.036	    0.051	    0.041	    5.671
    1.462	    2.722	    1.003	    0.048	    0.041	    5.654
    1.833	    2.770	    1.274	    0.127	    0.043	    6.397
    1.523	    2.766	    1.033	    0.054	    0.041	    5.705
    1.525	    2.786	    1.100	    0.057	    0.041	    5.788
    1.463	    2.715	    1.044	    0.049	    0.041	    5.590
    1.509	    2.767	    0.997	    0.056	    0.041	    5.652
    1.463	    2.717	    1.078	    0.050	    0.041	    5.615
    1.463	    2.719	    1.211	    0.049	    0.041	    5.978
    1.464	    2.721	    1.089	    0.050	    0.041	    5.642
    2.302	    3.110	    1.508	    0.057	    0.044	    7.304
    2.888	    3.129	    1.570	    0.082	    0.045	    8.018
    2.126	    3.062	    1.234	    0.049	    0.044	    6.806
    2.119	    3.065	    1.222	    0.048	    0.044	    6.801
    2.230	    3.099	    1.504	    0.055	    0.044	    7.221
    2.279	    3.110	    1.316	    0.055	    0.044	    7.087
    2.232	    3.105	    1.268	    0.055	    0.044	    6.992
    2.292	    3.135	    1.282	    0.056	    0.044	    7.094
    2.115	    3.060	    1.501	    0.047	    0.044	    7.054
    2.168	    3.107	    1.489	    0.054	    0.044	    7.150
    2.705	    3.566	    1.922	    0.054	    0.050	    8.616
    2.727	    3.581	    2.425	    0.056	    0.050	    9.151
    2.719	    3.568	    1.657	    0.056	    0.050	    8.321
    2.737	    3.584	    1.453	    0.056	    0.050	    8.169
    2.741	    3.573	    1.456	    0.056	    0.050	    8.156
    3.028	    3.542	    1.830	    0.088	    0.051	    8.857
    2.735	    3.571	    1.707	    0.057	    0.050	    8.413
    2.595	    3.546	    1.482	    0.053	    0.050	    7.997
    2.733	    3.580	    1.462	    0.057	    0.050	    8.158
    2.657	    3.560	    1.407	    0.055	    0.050	    8.021
3 var
    0.687	    1.233	    0.692	    0.043	    0.042	    2.991
    0.686	    1.245	    0.483	    0.042	    0.042	    2.716
    0.684	    1.224	    0.712	    0.042	    0.042	    2.919
    0.677	    1.218	    0.461	    0.037	    0.042	    2.656
    0.677	    1.224	    0.719	    0.038	    0.042	    2.927
    0.685	    1.242	    0.691	    0.042	    0.042	    2.996
    0.687	    1.247	    0.508	    0.043	    0.042	    2.743
    0.687	    1.243	    0.494	    0.042	    0.042	    2.725
    0.676	    1.213	    0.718	    0.035	    0.042	    2.912
    0.687	    1.236	    1.435	    0.042	    0.042	    3.960
    1.212	    1.608	    0.907	    0.041	    0.047	    4.051
    1.229	    1.608	    0.924	    0.040	    0.046	    4.086
    1.215	    1.604	    0.892	    0.041	    0.046	    4.038
    1.220	    1.614	    0.837	    0.041	    0.047	    3.999
    1.226	    1.604	    0.834	    0.040	    0.046	    3.980
    1.200	    1.602	    1.223	    0.040	    0.046	    4.332
    1.229	    1.604	    0.871	    0.040	    0.046	    4.020
    1.221	    1.605	    0.864	    0.040	    0.046	    4.022
    1.158	    1.579	    0.887	    0.035	    0.046	    3.923
    1.231	    1.608	    0.704	    0.041	    0.046	    3.873
    1.867	    2.574	    0.869	    0.041	    0.060	    5.639
    1.864	    2.581	    0.795	    0.041	    0.060	    5.589
    1.821	    2.555	    0.790	    0.037	    0.060	    5.554
    1.842	    2.581	    1.053	    0.040	    0.059	    5.795
    1.864	    2.589	    0.820	    0.042	    0.060	    5.608
    1.873	    2.588	    0.822	    0.042	    0.059	    5.606
    1.864	    2.588	    0.802	    0.042	    0.059	    5.598
    1.753	    2.527	    2.412	    0.034	    0.060	    7.018
    1.862	    2.580	    0.795	    0.042	    0.060	    5.561
    1.863	    2.584	    1.267	    0.042	    0.060	    6.048
    1.385	    1.692	    0.678	    0.042	    0.049	    4.066
    1.389	    1.693	    0.923	    0.042	    0.049	    4.324
    1.391	    1.697	    0.693	    0.042	    0.049	    4.096
    1.404	    1.697	    0.696	    0.042	    0.049	    4.122
    1.412	    1.699	    0.714	    0.042	    0.048	    4.146
    1.380	    1.701	    0.890	    0.042	    0.049	    4.281
    1.382	    1.692	    0.935	    0.041	    0.049	    4.413
    1.310	    1.660	    0.897	    0.035	    0.049	    4.177
    1.403	    1.701	    0.913	    0.042	    0.049	    4.345
    1.406	    1.694	    0.954	    0.042	    0.049	    4.372
    1.825	    2.461	    0.813	    0.042	    0.054	    5.419
    1.815	    2.455	    0.860	    0.042	    0.054	    5.458
    1.702	    2.387	    0.826	    0.034	    0.056	    5.279
    1.702	    2.398	    1.045	    0.035	    0.056	    5.466
    1.701	    2.395	    1.059	    0.034	    0.056	    5.474
    1.821	    2.445	    1.055	    0.042	    0.054	    5.635
    1.827	    2.440	    0.858	    0.042	    0.056	    5.445
    1.814	    2.442	    0.815	    0.042	    0.056	    5.398
    1.819	    2.433	    0.811	    0.042	    0.056	    5.396
    1.805	    2.442	    0.793	    0.041	    0.056	    5.352
2 var
    0.024	    0.035	    0.509	    0.029	    0.040	    0.803
    0.024	    0.036	    0.510	    0.029	    0.040	    0.807
    0.024	    0.036	    0.563	    0.029	    0.040	    0.857
    0.024	    0.036	    0.525	    0.029	    0.040	    0.809
    0.024	    0.036	    0.459	    0.029	    0.040	    0.753
    0.024	    0.037	    0.479	    0.029	    0.040	    0.780
    0.024	    0.035	    0.569	    0.029	    0.040	    0.871
    0.024	    0.035	    0.476	    0.029	    0.040	    0.770
    0.024	    0.036	    0.462	    0.029	    0.040	    0.763
    0.024	    0.036	    0.484	    0.030	    0.040	    0.780
    0.156	    0.338	    0.291	    0.024	    0.041	    1.011
    0.157	    0.340	    0.283	    0.024	    0.041	    1.007
    0.156	    0.338	    0.517	    0.023	    0.041	    1.249
    0.160	    0.345	    0.499	    0.028	    0.041	    1.228
    0.160	    0.346	    0.547	    0.028	    0.041	    1.288
    0.160	    0.346	    0.509	    0.028	    0.041	    1.268
    0.160	    0.342	    0.575	    0.028	    0.041	    1.310
    0.160	    0.346	    0.274	    0.028	    0.041	    1.018
    0.160	    0.344	    0.533	    0.028	    0.041	    1.275
    0.158	    0.343	    0.290	    0.028	    0.041	    1.023
    0.255	    0.569	    0.322	    0.027	    0.044	    1.387
    0.254	    0.567	    0.314	    0.026	    0.044	    1.382
    0.255	    0.566	    0.381	    0.027	    0.044	    1.445
    0.261	    0.574	    0.568	    0.028	    0.044	    1.630
    0.261	    0.571	    0.309	    0.028	    0.044	    1.385
    0.261	    0.571	    0.624	    0.028	    0.044	    1.689
    0.261	    0.573	    0.316	    0.028	    0.044	    1.717
    0.259	    0.571	    0.766	    0.028	    0.044	    1.833
    0.260	    0.570	    0.554	    0.028	    0.044	    1.629
    0.260	    0.570	    0.252	    0.028	    0.044	    1.228
    0.456	    0.946	    0.381	    0.028	    0.045	    2.021
    0.449	    0.946	    0.603	    0.027	    0.045	    2.235
    0.456	    0.948	    0.509	    0.028	    0.045	    2.157
    0.441	    0.941	    0.707	    0.026	    0.045	    2.406
    0.449	    0.946	    0.368	    0.028	    0.045	    1.999
    0.457	    0.947	    0.405	    0.028	    0.045	    2.056
    0.436	    0.931	    0.411	    0.024	    0.045	    2.003
    0.435	    0.931	    0.376	    0.023	    0.045	    1.970
    0.455	    0.947	    0.371	    0.028	    0.045	    2.133
    0.451	    0.946	    0.397	    0.028	    0.045	    2.027
    1.068	    1.293	    0.577	    0.028	    0.063	    3.192
    1.055	    1.287	    0.539	    0.028	    0.062	    3.143
    1.066	    1.293	    0.549	    0.028	    0.063	    3.177
    1.041	    1.287	    1.109	    0.028	    0.063	    3.884
    1.059	    1.289	    0.548	    0.028	    0.063	    3.155
    1.056	    1.289	    0.550	    0.028	    0.063	    3.157
    1.066	    1.287	    0.537	    0.028	    0.063	    3.144
    1.053	    1.290	    0.585	    0.028	    0.063	    3.176
    1.063	    1.288	    0.550	    0.028	    0.061	    3.147
    1.063	    1.291	    0.552	    0.028	    0.063	    3.209
