4 var
qsub: waiting for job 14078.sith-mgmt2.ccs.ornl.gov to start
qsub: job 14078.sith-mgmt2.ccs.ornl.gov ready

result count 13658 
   18.217	    1.319	    1.076	   23.066

qsub: job 14078.sith-mgmt2.ccs.ornl.gov completed

qsub: waiting for job 14079.sith-mgmt2.ccs.ornl.gov to start
qsub: job 14079.sith-mgmt2.ccs.ornl.gov ready

result count 619995 
  109.023	    1.326	   14.254	  319.105

qsub: job 14079.sith-mgmt2.ccs.ornl.gov completed

qsub: waiting for job 14083.sith-mgmt2.ccs.ornl.gov to start
qsub: job 14083.sith-mgmt2.ccs.ornl.gov ready

result count 555241 
  128.108	    1.506	   32.033	 1063.487

qsub: job 14083.sith-mgmt2.ccs.ornl.gov completed

3 var
qsub: waiting for job 14084.sith-mgmt2.ccs.ornl.gov to start
qsub: job 14084.sith-mgmt2.ccs.ornl.gov ready

result count 1345176 
   65.953	    1.213	    4.156	   90.831

qsub: job 14084.sith-mgmt2.ccs.ornl.gov completed

qsub: waiting for job 14085.sith-mgmt2.ccs.ornl.gov to start
qsub: job 14085.sith-mgmt2.ccs.ornl.gov ready

=>> PBS: job killed: walltime 3613 exceeded limit 3600

qsub: job 14085.sith-mgmt2.ccs.ornl.gov completed

qsub: waiting for job 14087.sith-mgmt2.ccs.ornl.gov to start
qsub: job 14087.sith-mgmt2.ccs.ornl.gov ready

result count 63083725 
  128.289	    1.227	   32.144	 2077.737

qsub: job 14087.sith-mgmt2.ccs.ornl.gov completed

2 var
qsub: waiting for job 14090.sith-mgmt2.ccs.ornl.gov to start
qsub: job 14090.sith-mgmt2.ccs.ornl.gov ready

result count 15804 
    5.296	    0.568	    0.285	    6.974

qsub: job 14090.sith-mgmt2.ccs.ornl.gov completed

qsub: waiting for job 14091.sith-mgmt2.ccs.ornl.gov to start
qsub: job 14091.sith-mgmt2.ccs.ornl.gov ready

result count 345612 
   10.133	    0.911	    0.552	   13.037

qsub: job 14091.sith-mgmt2.ccs.ornl.gov completed

qsub: waiting for job 14092.sith-mgmt2.ccs.ornl.gov to start
qsub: job 14092.sith-mgmt2.ccs.ornl.gov ready

result count 1162065 
   65.509	    0.424	    3.054	   72.135

qsub: job 14092.sith-mgmt2.ccs.ornl.gov completed

4 var
qsub: waiting for job 14093.sith-mgmt2.ccs.ornl.gov to start
qsub: job 14093.sith-mgmt2.ccs.ornl.gov ready

result count 13658 
   15.373	    1.151	    1.023	   23.485

qsub: job 14093.sith-mgmt2.ccs.ornl.gov completed

qsub: waiting for job 14094.sith-mgmt2.ccs.ornl.gov to start
qsub: job 14094.sith-mgmt2.ccs.ornl.gov ready

result count 619995 
   67.064	    1.870	   14.222	  332.314

qsub: job 14094.sith-mgmt2.ccs.ornl.gov completed

qsub: waiting for job 14095.sith-mgmt2.ccs.ornl.gov to start
qsub: job 14095.sith-mgmt2.ccs.ornl.gov ready

