4 var
    1.064	    0.000	    3.506	    0.056	    0.039	    4.959
    1.063	    0.000	    3.505	    0.056	    0.039	    4.908
    1.043	    0.000	    3.314	    0.050	    0.039	    4.672
    1.053	    0.000	    3.365	    0.055	    0.040	    4.787
    1.060	    0.000	    3.320	    0.055	    0.039	    4.756
    1.038	    0.000	    3.313	    0.048	    0.039	    4.671
    1.064	    0.000	    3.360	    0.055	    0.039	    4.778
    1.063	    0.000	    3.362	    0.054	    0.039	    4.875
    1.054	    0.000	    3.381	    0.060	    0.040	    4.829
    1.038	    0.000	    3.323	    0.052	    0.040	    4.734
    1.014	    0.000	    3.230	    0.055	    0.040	    4.627
    1.011	    0.000	    3.365	    0.054	    0.040	    4.717
    0.998	    0.000	    3.437	    0.054	    0.040	    4.945
    1.187	    0.000	    3.239	    0.149	    0.043	    4.893
    1.015	    0.000	    3.449	    0.053	    0.040	    4.836
    0.986	    0.000	    3.415	    0.048	    0.040	    4.752
    1.013	    0.000	    3.895	    0.054	    0.041	    5.347
    1.001	    0.000	    3.543	    0.053	    0.040	    4.900
    1.158	    0.000	    3.526	    0.140	    0.043	    5.215
    1.016	    0.000	    3.512	    0.055	    0.040	    4.921
    1.519	    0.000	    3.862	    0.055	    0.041	    5.724
    1.633	    0.000	    4.241	    0.084	    0.042	    6.294
    1.507	    0.000	    3.706	    0.053	    0.041	    5.608
    1.474	    0.000	    3.936	    0.050	    0.041	    5.748
    1.473	    0.000	    4.569	    0.049	    0.041	    6.425
    1.528	    0.000	    4.001	    0.055	    0.041	    5.936
    1.514	    0.000	    4.040	    0.054	    0.041	    5.871
    1.517	    0.000	    3.993	    0.055	    0.041	    5.852
    1.650	    0.000	    4.052	    0.095	    0.043	    6.081
    1.465	    0.000	    3.856	    0.049	    0.041	    5.743
    2.286	    0.000	    4.351	    0.052	    0.044	    6.974
    2.147	    0.000	    4.553	    0.048	    0.044	    7.078
    2.146	    0.000	    4.553	    0.048	    0.044	    7.086
    2.301	    0.000	    4.275	    0.053	    0.044	    6.910
    2.291	    0.000	    4.320	    0.054	    0.044	    7.004
    2.165	    0.000	    4.643	    0.051	    0.044	    7.203
    2.128	    0.000	    4.253	    0.048	    0.044	    6.769
    2.287	    0.000	    4.354	    0.056	    0.044	    7.041
    2.140	    0.000	    4.562	    0.048	    0.044	    7.045
    2.301	    0.000	    4.301	    0.056	    0.044	    6.938
    2.751	    0.000	    4.976	    0.054	    0.050	    8.077
    2.545	    0.000	    5.197	    0.050	    0.050	    8.090
    2.721	    0.000	    4.903	    0.052	    0.050	    7.975
    2.544	    0.000	    5.123	    0.050	    0.050	    8.009
    2.548	    0.000	    5.472	    0.050	    0.050	    8.433
    3.059	    0.000	    5.611	    0.067	    0.051	    9.119
    2.704	    0.000	    4.932	    0.053	    0.050	    8.019
    2.727	    0.000	    4.942	    0.052	    0.050	    8.043
    2.735	    0.000	    5.049	    0.054	    0.050	    8.178
    2.674	    0.000	    4.934	    0.054	    0.050	    7.944
3 var
    0.686	    0.000	    2.579	    0.062	    0.044	    3.595
    0.687	    0.000	    2.193	    0.042	    0.042	    3.128
    0.683	    0.000	    2.195	    0.041	    0.042	    3.197
    0.684	    0.000	    2.173	    0.040	    0.042	    3.121
    0.687	    0.000	    2.348	    0.040	    0.042	    3.360
    0.680	    0.000	    2.308	    0.039	    0.042	    3.256
    0.687	    0.000	    2.168	    0.040	    0.042	    3.110
    0.685	    0.000	    2.246	    0.039	    0.042	    3.229
    0.681	    0.000	    2.166	    0.038	    0.042	    3.099
    0.687	    0.000	    2.222	    0.041	    0.042	    3.224
    1.227	    0.000	    2.641	    0.040	    0.046	    4.123
    1.230	    0.000	    2.597	    0.040	    0.046	    4.160
    1.231	    0.000	    2.695	    0.041	    0.046	    4.217
    2.102	    0.000	    2.722	    0.086	    0.049	    5.197
    1.229	    0.000	    2.582	    0.038	    0.046	    4.116
    1.227	    0.000	    2.630	    0.041	    0.046	    4.155
    1.225	    0.000	    2.643	    0.042	    0.047	    4.195
    1.224	    0.000	    2.510	    0.041	    0.046	    3.999
    1.225	    0.000	    2.536	    0.040	    0.046	    4.185
    1.236	    0.000	    2.535	    0.042	    0.046	    4.079
    1.873	    0.000	    3.546	    0.040	    0.060	    5.692
    3.218	    0.000	    3.874	    0.110	    0.061	    7.519
    1.851	    0.000	    3.552	    0.063	    0.063	    5.754
    1.791	    0.000	    5.149	    0.037	    0.060	    7.369
    1.860	    0.000	    3.578	    0.038	    0.060	    5.709
    3.230	    0.000	    3.782	    0.109	    0.063	    7.437
    1.787	    0.000	    3.790	    0.037	    0.060	    5.905
    1.860	    0.000	    3.557	    0.039	    0.060	    5.752
    1.828	    0.000	    3.694	    0.064	    0.063	    5.882
    3.187	    0.000	    3.618	    0.087	    0.063	    7.188
    1.312	    0.000	    2.909	    0.037	    0.049	    4.469
    1.386	    0.000	    2.738	    0.038	    0.048	    4.458
    1.402	    0.000	    2.686	    0.039	    0.049	    4.386
    1.390	    0.000	    2.767	    0.038	    0.049	    4.402
    1.319	    0.000	    3.378	    0.036	    0.049	    5.001
    1.313	    0.000	    3.440	    0.037	    0.048	    5.000
    1.315	    0.000	    3.291	    0.037	    0.048	    4.908
    1.317	    0.000	    3.353	    0.036	    0.049	    4.927
    1.316	    0.000	    3.318	    0.037	    0.049	    4.924
    1.318	    0.000	    3.466	    0.036	    0.048	    5.103
    1.712	    0.000	   21.818	    0.037	    0.056	   23.810
    1.708	    0.000	    4.477	    0.035	    0.056	    6.499
    1.828	    0.000	   26.050	    0.061	    0.055	   28.240
    1.707	    0.000	    4.094	    0.037	    0.056	    6.113
    1.707	    0.000	    4.283	    0.036	    0.056	    6.303
    1.828	    0.000	    3.556	    0.041	    0.056	    5.707
    1.707	    0.000	    4.331	    0.037	    0.056	    6.311
    1.827	    0.000	    3.634	    0.041	    0.056	    5.736
    1.751	    0.000	    3.677	    0.039	    0.056	    5.752
    2.497	    0.000	    3.537	    0.080	    0.057	    6.353
2 var
    0.022	    0.000	    0.512	    0.026	    0.040	    0.765
    0.022	    0.000	    0.563	    0.025	    0.040	    1.135
    0.022	    0.000	    0.444	    0.025	    0.040	    0.691
    0.023	    0.000	    0.511	    0.026	    0.040	    0.758
    0.025	    0.000	    0.594	    0.027	    0.040	    0.848
    0.024	    0.000	    0.575	    0.027	    0.040	    0.826
    0.025	    0.000	    0.540	    0.027	    0.040	    0.784
    0.025	    0.000	    0.521	    0.027	    0.040	    0.780
    0.025	    0.000	    0.507	    0.027	    0.040	    0.755
    0.025	    0.000	    0.532	    0.027	    0.040	    0.780
    0.161	    0.000	    1.322	    0.027	    0.041	    1.713
    0.157	    0.000	    0.945	    0.024	    0.041	    1.327
    0.160	    0.000	    0.910	    0.026	    0.041	    1.308
    0.160	    0.000	    0.906	    0.026	    0.041	    1.306
    0.160	    0.000	    0.883	    0.026	    0.041	    1.271
    0.160	    0.000	    0.926	    0.027	    0.041	    1.318
    0.160	    0.000	    0.869	    0.026	    0.041	    1.248
    0.160	    0.000	    0.867	    0.026	    0.041	    1.264
    0.160	    0.000	    0.861	    0.026	    0.041	    1.237
    0.158	    0.000	    0.928	    0.026	    0.041	    1.319
    0.253	    0.000	    1.405	    0.024	    0.044	    1.894
    0.253	    0.000	    1.091	    0.024	    0.044	    1.569
    0.261	    0.000	    1.094	    0.026	    0.044	    1.578
    0.261	    0.000	    1.137	    0.026	    0.044	    1.625
    0.260	    0.000	    1.157	    0.026	    0.044	    1.649
    0.260	    0.000	    1.108	    0.027	    0.044	    1.590
    0.257	    0.000	    1.138	    0.028	    0.044	    1.621
    0.254	    0.000	    1.131	    0.025	    0.044	    1.617
    0.253	    0.000	    1.120	    0.025	    0.044	    1.597
    0.261	    0.000	    1.132	    0.028	    0.044	    1.629
    0.455	    0.000	    1.554	    0.028	    0.045	    2.252
    0.535	    0.000	    1.631	    0.051	    0.047	    2.423
    0.455	    0.000	    1.495	    0.027	    0.045	    2.176
    0.441	    0.000	    1.503	    0.026	    0.045	    2.178
    0.457	    0.000	    1.643	    0.027	    0.045	    2.333
    0.456	    0.000	    1.488	    0.027	    0.045	    2.179
    0.455	    0.000	    1.483	    0.028	    0.045	    2.186
    0.455	    0.000	    1.519	    0.027	    0.045	    2.197
    0.447	    0.000	    1.534	    0.026	    0.045	    2.218
    0.439	    0.000	    1.505	    0.024	    0.045	    2.173
    1.055	    0.000	    1.970	    0.027	    0.063	    3.277
    0.995	    0.000	    1.895	    0.026	    0.061	    3.137
    1.056	    0.000	    1.826	    0.027	    0.061	    3.133
    2.117	    0.000	    2.133	    0.050	    0.064	    4.525
    0.972	    0.000	    1.858	    0.024	    0.063	    3.079
    1.053	    0.000	    1.941	    0.027	    0.063	    3.243
    1.002	    0.000	    2.009	    0.027	    0.063	    3.263
    2.070	    0.000	    1.904	    0.051	    0.065	    4.254
    1.562	    0.000	    4.558	    0.043	    0.064	    6.471
    1.057	    0.000	    2.051	    0.026	    0.063	    3.380
