wvel
SIMPLE BMAP
   10.345
   10.276
   10.356
   10.355
   10.288
MERGED BMAP
    7.560
    7.578
    7.572
    7.587
    7.559
EXPANSION BMAP
    6.120
    6.378
    6.244
    6.126
    6.994
RLE BMAP
    6.058
    6.062
    6.082
    6.089
    6.016
vvel
SIMPLE BMAP
   10.437
   10.573
   10.384
   12.145
   11.134
MERGED BMAP
    7.559
    8.608
    7.575
    7.598
    7.615
EXPANSION BMAP
    6.125
    6.396
    6.259
    8.173
    7.041
RLE BMAP
    6.117
    6.983
    6.136
    6.040
    6.130
uvel
SIMPLE BMAP
    9.809
    9.919
    9.915
    9.800
    9.801
MERGED BMAP
    6.879
    7.089
    6.897
    6.994
    6.847
EXPANSION BMAP
    5.959
    6.550
    6.378
    5.929
    6.697
RLE BMAP
    2.113
    2.103
    2.099
    2.123
    2.122
