wvel
SIMPLE BMAP
qsub: waiting for job 16523.sith-mgmt2.ccs.ornl.gov to start
qsub: job 16523.sith-mgmt2.ccs.ornl.gov ready

   10.345

qsub: job 16523.sith-mgmt2.ccs.ornl.gov completed
qsub: waiting for job 16524.sith-mgmt2.ccs.ornl.gov to start
qsub: job 16524.sith-mgmt2.ccs.ornl.gov ready

   10.276

qsub: job 16524.sith-mgmt2.ccs.ornl.gov completed
qsub: waiting for job 16525.sith-mgmt2.ccs.ornl.gov to start
qsub: job 16525.sith-mgmt2.ccs.ornl.gov ready

   10.356

qsub: job 16525.sith-mgmt2.ccs.ornl.gov completed
qsub: waiting for job 16526.sith-mgmt2.ccs.ornl.gov to start
qsub: job 16526.sith-mgmt2.ccs.ornl.gov ready

   10.355

qsub: job 16526.sith-mgmt2.ccs.ornl.gov completed
qsub: waiting for job 16527.sith-mgmt2.ccs.ornl.gov to start
qsub: job 16527.sith-mgmt2.ccs.ornl.gov ready

   10.288

qsub: job 16527.sith-mgmt2.ccs.ornl.gov completed

MERGED BMAP
qsub: waiting for job 16528.sith-mgmt2.ccs.ornl.gov to start
qsub: job 16528.sith-mgmt2.ccs.ornl.gov ready


    7.560

qsub: job 16528.sith-mgmt2.ccs.ornl.gov completed
qsub: waiting for job 16529.sith-mgmt2.ccs.ornl.gov to start
qsub: job 16529.sith-mgmt2.ccs.ornl.gov ready

    7.578

qsub: job 16529.sith-mgmt2.ccs.ornl.gov completed
qsub: waiting for job 16530.sith-mgmt2.ccs.ornl.gov to start
qsub: job 16530.sith-mgmt2.ccs.ornl.gov ready

    7.572

qsub: job 16530.sith-mgmt2.ccs.ornl.gov completed
qsub: waiting for job 16531.sith-mgmt2.ccs.ornl.gov to start
qsub: job 16531.sith-mgmt2.ccs.ornl.gov ready

    7.587

qsub: job 16531.sith-mgmt2.ccs.ornl.gov completed
qsub: waiting for job 16532.sith-mgmt2.ccs.ornl.gov to start
qsub: job 16532.sith-mgmt2.ccs.ornl.gov ready

    7.559

qsub: job 16532.sith-mgmt2.ccs.ornl.gov completed

EXPANSION BMAP
qsub: waiting for job 16533.sith-mgmt2.ccs.ornl.gov to start
qsub: job 16533.sith-mgmt2.ccs.ornl.gov ready

    6.120

qsub: job 16533.sith-mgmt2.ccs.ornl.gov completed
qsub: waiting for job 16534.sith-mgmt2.ccs.ornl.gov to start
qsub: job 16534.sith-mgmt2.ccs.ornl.gov ready

    6.378

qsub: job 16534.sith-mgmt2.ccs.ornl.gov completed
qsub: waiting for job 16535.sith-mgmt2.ccs.ornl.gov to start
qsub: job 16535.sith-mgmt2.ccs.ornl.gov ready

    6.244

qsub: job 16535.sith-mgmt2.ccs.ornl.gov completed
qsub: waiting for job 16536.sith-mgmt2.ccs.ornl.gov to start
qsub: job 16536.sith-mgmt2.ccs.ornl.gov ready

    6.126

qsub: job 16536.sith-mgmt2.ccs.ornl.gov completed
qsub: waiting for job 16537.sith-mgmt2.ccs.ornl.gov to start
qsub: job 16537.sith-mgmt2.ccs.ornl.gov ready

    6.994

qsub: job 16537.sith-mgmt2.ccs.ornl.gov completed

RLE BMAP
qsub: waiting for job 16538.sith-mgmt2.ccs.ornl.gov to start
qsub: job 16538.sith-mgmt2.ccs.ornl.gov ready

    6.058

qsub: job 16538.sith-mgmt2.ccs.ornl.gov completed
qsub: waiting for job 16539.sith-mgmt2.ccs.ornl.gov to start
qsub: job 16539.sith-mgmt2.ccs.ornl.gov ready

    6.062

qsub: job 16539.sith-mgmt2.ccs.ornl.gov completed
qsub: waiting for job 16540.sith-mgmt2.ccs.ornl.gov to start
qsub: job 16540.sith-mgmt2.ccs.ornl.gov ready

    6.082

qsub: job 16540.sith-mgmt2.ccs.ornl.gov completed
qsub: waiting for job 16541.sith-mgmt2.ccs.ornl.gov to start
qsub: job 16541.sith-mgmt2.ccs.ornl.gov ready

    6.089

qsub: job 16541.sith-mgmt2.ccs.ornl.gov completed
qsub: waiting for job 16542.sith-mgmt2.ccs.ornl.gov to start
qsub: job 16542.sith-mgmt2.ccs.ornl.gov ready

    6.016

qsub: job 16542.sith-mgmt2.ccs.ornl.gov completed

vvel
SIMPLE BMAP
qsub: waiting for job 16543.sith-mgmt2.ccs.ornl.gov to start
qsub: job 16543.sith-mgmt2.ccs.ornl.gov ready

   10.437

qsub: job 16543.sith-mgmt2.ccs.ornl.gov completed
qsub: waiting for job 16544.sith-mgmt2.ccs.ornl.gov to start
qsub: job 16544.sith-mgmt2.ccs.ornl.gov ready

   10.573

qsub: job 16544.sith-mgmt2.ccs.ornl.gov completed
qsub: waiting for job 16545.sith-mgmt2.ccs.ornl.gov to start
qsub: job 16545.sith-mgmt2.ccs.ornl.gov ready

   10.384

qsub: job 16545.sith-mgmt2.ccs.ornl.gov completed
qsub: waiting for job 16546.sith-mgmt2.ccs.ornl.gov to start
qsub: job 16546.sith-mgmt2.ccs.ornl.gov ready

   12.145

qsub: job 16546.sith-mgmt2.ccs.ornl.gov completed
qsub: waiting for job 16547.sith-mgmt2.ccs.ornl.gov to start
qsub: job 16547.sith-mgmt2.ccs.ornl.gov ready

   11.134

qsub: job 16547.sith-mgmt2.ccs.ornl.gov completed

MERGED BMAP
qsub: waiting for job 16548.sith-mgmt2.ccs.ornl.gov to start
qsub: job 16548.sith-mgmt2.ccs.ornl.gov ready

    7.559

qsub: job 16548.sith-mgmt2.ccs.ornl.gov completed
qsub: waiting for job 16549.sith-mgmt2.ccs.ornl.gov to start
qsub: job 16549.sith-mgmt2.ccs.ornl.gov ready

    8.608

qsub: job 16549.sith-mgmt2.ccs.ornl.gov completed
qsub: waiting for job 16550.sith-mgmt2.ccs.ornl.gov to start
qsub: job 16550.sith-mgmt2.ccs.ornl.gov ready

    7.575

qsub: job 16550.sith-mgmt2.ccs.ornl.gov completed
qsub: waiting for job 16551.sith-mgmt2.ccs.ornl.gov to start
qsub: job 16551.sith-mgmt2.ccs.ornl.gov ready

    7.598

qsub: job 16551.sith-mgmt2.ccs.ornl.gov completed
qsub: waiting for job 16552.sith-mgmt2.ccs.ornl.gov to start
qsub: job 16552.sith-mgmt2.ccs.ornl.gov ready

    7.615

qsub: job 16552.sith-mgmt2.ccs.ornl.gov completed

EXPANSION BMAP
qsub: waiting for job 16553.sith-mgmt2.ccs.ornl.gov to start
qsub: job 16553.sith-mgmt2.ccs.ornl.gov ready

    6.125

qsub: job 16553.sith-mgmt2.ccs.ornl.gov completed
qsub: waiting for job 16554.sith-mgmt2.ccs.ornl.gov to start
qsub: job 16554.sith-mgmt2.ccs.ornl.gov ready

    6.396

qsub: job 16554.sith-mgmt2.ccs.ornl.gov completed
qsub: waiting for job 16555.sith-mgmt2.ccs.ornl.gov to start
qsub: job 16555.sith-mgmt2.ccs.ornl.gov ready

    6.259

qsub: job 16555.sith-mgmt2.ccs.ornl.gov completed
qsub: waiting for job 16556.sith-mgmt2.ccs.ornl.gov to start
qsub: job 16556.sith-mgmt2.ccs.ornl.gov ready

    8.173

qsub: job 16556.sith-mgmt2.ccs.ornl.gov completed
qsub: waiting for job 16557.sith-mgmt2.ccs.ornl.gov to start
qsub: job 16557.sith-mgmt2.ccs.ornl.gov ready

    7.041

qsub: job 16557.sith-mgmt2.ccs.ornl.gov completed

RLE BMAP
qsub: waiting for job 16558.sith-mgmt2.ccs.ornl.gov to start
qsub: job 16558.sith-mgmt2.ccs.ornl.gov ready

    6.117

qsub: job 16558.sith-mgmt2.ccs.ornl.gov completed
qsub: waiting for job 16559.sith-mgmt2.ccs.ornl.gov to start
qsub: job 16559.sith-mgmt2.ccs.ornl.gov ready

    6.983

qsub: job 16559.sith-mgmt2.ccs.ornl.gov completed
qsub: waiting for job 16560.sith-mgmt2.ccs.ornl.gov to start
qsub: job 16560.sith-mgmt2.ccs.ornl.gov ready

    6.136

qsub: job 16560.sith-mgmt2.ccs.ornl.gov completed
qsub: waiting for job 16561.sith-mgmt2.ccs.ornl.gov to start
qsub: job 16561.sith-mgmt2.ccs.ornl.gov ready

    6.040

qsub: job 16561.sith-mgmt2.ccs.ornl.gov completed
qsub: waiting for job 16562.sith-mgmt2.ccs.ornl.gov to start
qsub: job 16562.sith-mgmt2.ccs.ornl.gov ready

    6.130

qsub: job 16562.sith-mgmt2.ccs.ornl.gov completed

uvel
SIMPLE BMAP
qsub: waiting for job 16563.sith-mgmt2.ccs.ornl.gov to start
qsub: job 16563.sith-mgmt2.ccs.ornl.gov ready

    9.809

qsub: job 16563.sith-mgmt2.ccs.ornl.gov completed
qsub: waiting for job 16564.sith-mgmt2.ccs.ornl.gov to start
qsub: job 16564.sith-mgmt2.ccs.ornl.gov ready

    9.919

qsub: job 16564.sith-mgmt2.ccs.ornl.gov completed
qsub: waiting for job 16565.sith-mgmt2.ccs.ornl.gov to start
qsub: job 16565.sith-mgmt2.ccs.ornl.gov ready

    9.915

qsub: job 16565.sith-mgmt2.ccs.ornl.gov completed
qsub: waiting for job 16566.sith-mgmt2.ccs.ornl.gov to start
qsub: job 16566.sith-mgmt2.ccs.ornl.gov ready

    9.800

qsub: job 16566.sith-mgmt2.ccs.ornl.gov completed
qsub: waiting for job 16567.sith-mgmt2.ccs.ornl.gov to start
qsub: job 16567.sith-mgmt2.ccs.ornl.gov ready

    9.801

qsub: job 16567.sith-mgmt2.ccs.ornl.gov completed

MERGED BMAP
qsub: waiting for job 16568.sith-mgmt2.ccs.ornl.gov to start
qsub: job 16568.sith-mgmt2.ccs.ornl.gov ready

    6.879

qsub: job 16568.sith-mgmt2.ccs.ornl.gov completed
qsub: waiting for job 16569.sith-mgmt2.ccs.ornl.gov to start
qsub: job 16569.sith-mgmt2.ccs.ornl.gov ready

    7.089

qsub: job 16569.sith-mgmt2.ccs.ornl.gov completed
qsub: waiting for job 16570.sith-mgmt2.ccs.ornl.gov to start
qsub: job 16570.sith-mgmt2.ccs.ornl.gov ready

    6.897

qsub: job 16570.sith-mgmt2.ccs.ornl.gov completed
qsub: waiting for job 16571.sith-mgmt2.ccs.ornl.gov to start
qsub: job 16571.sith-mgmt2.ccs.ornl.gov ready

    6.994

qsub: job 16571.sith-mgmt2.ccs.ornl.gov completed
qsub: waiting for job 16572.sith-mgmt2.ccs.ornl.gov to start
qsub: job 16572.sith-mgmt2.ccs.ornl.gov ready

    6.847

qsub: job 16572.sith-mgmt2.ccs.ornl.gov completed

EXPANSION BMAP
qsub: waiting for job 16573.sith-mgmt2.ccs.ornl.gov to start
qsub: job 16573.sith-mgmt2.ccs.ornl.gov ready

    5.959

qsub: job 16573.sith-mgmt2.ccs.ornl.gov completed
qsub: waiting for job 16574.sith-mgmt2.ccs.ornl.gov to start
qsub: job 16574.sith-mgmt2.ccs.ornl.gov ready

    6.550

qsub: job 16574.sith-mgmt2.ccs.ornl.gov completed
qsub: waiting for job 16575.sith-mgmt2.ccs.ornl.gov to start
qsub: job 16575.sith-mgmt2.ccs.ornl.gov ready

    6.378

qsub: job 16575.sith-mgmt2.ccs.ornl.gov completed
qsub: waiting for job 16576.sith-mgmt2.ccs.ornl.gov to start
qsub: job 16576.sith-mgmt2.ccs.ornl.gov ready

    5.929

qsub: job 16576.sith-mgmt2.ccs.ornl.gov completed
qsub: waiting for job 16577.sith-mgmt2.ccs.ornl.gov to start
qsub: job 16577.sith-mgmt2.ccs.ornl.gov ready

    6.697

qsub: job 16577.sith-mgmt2.ccs.ornl.gov completed

RLE BMAP
qsub: waiting for job 16578.sith-mgmt2.ccs.ornl.gov to start
qsub: job 16578.sith-mgmt2.ccs.ornl.gov ready

    2.113

qsub: job 16578.sith-mgmt2.ccs.ornl.gov completed
qsub: waiting for job 16579.sith-mgmt2.ccs.ornl.gov to start
qsub: job 16579.sith-mgmt2.ccs.ornl.gov ready

    2.103

qsub: job 16579.sith-mgmt2.ccs.ornl.gov completed
qsub: waiting for job 16580.sith-mgmt2.ccs.ornl.gov to start
qsub: job 16580.sith-mgmt2.ccs.ornl.gov ready

    2.099

qsub: job 16580.sith-mgmt2.ccs.ornl.gov completed
qsub: waiting for job 16581.sith-mgmt2.ccs.ornl.gov to start
qsub: job 16581.sith-mgmt2.ccs.ornl.gov ready

    2.123

qsub: job 16581.sith-mgmt2.ccs.ornl.gov completed
qsub: waiting for job 16582.sith-mgmt2.ccs.ornl.gov to start
qsub: job 16582.sith-mgmt2.ccs.ornl.gov ready

    2.122

qsub: job 16582.sith-mgmt2.ccs.ornl.gov completed

