4 var
qsub: waiting for job 16354.sith-mgmt2.ccs.ornl.gov to start
qsub: job 16354.sith-mgmt2.ccs.ornl.gov ready

    0.000	    6.888	    2.524	    0.180	    0.154	   11.091

qsub: job 16354.sith-mgmt2.ccs.ornl.gov completed
qsub: waiting for job 16355.sith-mgmt2.ccs.ornl.gov to start
qsub: job 16355.sith-mgmt2.ccs.ornl.gov ready

    0.000	    7.362	    0.610	    0.194	    0.156	    8.545

qsub: job 16355.sith-mgmt2.ccs.ornl.gov completed
qsub: waiting for job 16356.sith-mgmt2.ccs.ornl.gov to start
qsub: job 16356.sith-mgmt2.ccs.ornl.gov ready

    0.000	    7.081	    0.399	    0.177	    0.154	    8.034

qsub: job 16356.sith-mgmt2.ccs.ornl.gov completed
qsub: waiting for job 16357.sith-mgmt2.ccs.ornl.gov to start
qsub: job 16357.sith-mgmt2.ccs.ornl.gov ready

    0.000	    6.923	    0.843	    0.177	    0.154	    8.376

qsub: job 16357.sith-mgmt2.ccs.ornl.gov completed
qsub: waiting for job 16358.sith-mgmt2.ccs.ornl.gov to start
qsub: job 16358.sith-mgmt2.ccs.ornl.gov ready

    0.000	    7.146	    1.641	    0.177	    0.154	    9.348

qsub: job 16358.sith-mgmt2.ccs.ornl.gov completed
qsub: waiting for job 16359.sith-mgmt2.ccs.ornl.gov to start
qsub: job 16359.sith-mgmt2.ccs.ornl.gov ready

    0.000	    7.114	    0.611	    0.177	    0.154	    8.287

qsub: job 16359.sith-mgmt2.ccs.ornl.gov completed
qsub: waiting for job 16360.sith-mgmt2.ccs.ornl.gov to start
qsub: job 16360.sith-mgmt2.ccs.ornl.gov ready

    0.000	    7.223	    0.596	    0.183	    0.156	    8.412

qsub: job 16360.sith-mgmt2.ccs.ornl.gov completed
qsub: waiting for job 16361.sith-mgmt2.ccs.ornl.gov to start
qsub: job 16361.sith-mgmt2.ccs.ornl.gov ready

    0.000	    7.138	    0.885	    0.179	    0.154	    8.632

qsub: job 16361.sith-mgmt2.ccs.ornl.gov completed
qsub: waiting for job 16362.sith-mgmt2.ccs.ornl.gov to start
qsub: job 16362.sith-mgmt2.ccs.ornl.gov ready

    0.000	    7.121	    1.422	    0.177	    0.154	    9.538

qsub: job 16362.sith-mgmt2.ccs.ornl.gov completed
qsub: waiting for job 16363.sith-mgmt2.ccs.ornl.gov to start
qsub: job 16363.sith-mgmt2.ccs.ornl.gov ready

    0.000	    7.116	    1.484	    0.179	    0.154	   15.176

qsub: job 16363.sith-mgmt2.ccs.ornl.gov completed

qsub: waiting for job 16364.sith-mgmt2.ccs.ornl.gov to start
qsub: job 16364.sith-mgmt2.ccs.ornl.gov ready

    0.000	    6.586	    1.099	    0.174	    0.164	    8.661

qsub: job 16364.sith-mgmt2.ccs.ornl.gov completed
qsub: waiting for job 16365.sith-mgmt2.ccs.ornl.gov to start
qsub: job 16365.sith-mgmt2.ccs.ornl.gov ready

    0.000	    6.866	    1.120	    0.182	    0.163	    8.547

qsub: job 16365.sith-mgmt2.ccs.ornl.gov completed
qsub: waiting for job 16366.sith-mgmt2.ccs.ornl.gov to start
qsub: job 16366.sith-mgmt2.ccs.ornl.gov ready

    0.000	    6.808	    1.154	    0.178	    0.165	    8.523

qsub: job 16366.sith-mgmt2.ccs.ornl.gov completed
qsub: waiting for job 16367.sith-mgmt2.ccs.ornl.gov to start
qsub: job 16367.sith-mgmt2.ccs.ornl.gov ready

    0.000	    6.590	    0.643	    0.176	    0.165	    7.758

qsub: job 16367.sith-mgmt2.ccs.ornl.gov completed
qsub: waiting for job 16368.sith-mgmt2.ccs.ornl.gov to start
qsub: job 16368.sith-mgmt2.ccs.ornl.gov ready

    0.000	    6.650	    1.025	    0.177	    0.165	    8.319

qsub: job 16368.sith-mgmt2.ccs.ornl.gov completed
qsub: waiting for job 16369.sith-mgmt2.ccs.ornl.gov to start
qsub: job 16369.sith-mgmt2.ccs.ornl.gov ready

    0.000	    6.630	    1.126	    0.179	    0.164	    8.373

qsub: job 16369.sith-mgmt2.ccs.ornl.gov completed
qsub: waiting for job 16370.sith-mgmt2.ccs.ornl.gov to start
qsub: job 16370.sith-mgmt2.ccs.ornl.gov ready

    0.000	    6.633	    2.170	    0.177	    0.165	    9.419

qsub: job 16370.sith-mgmt2.ccs.ornl.gov completed
qsub: waiting for job 16371.sith-mgmt2.ccs.ornl.gov to start
qsub: job 16371.sith-mgmt2.ccs.ornl.gov ready

    0.000	    6.645	    1.140	    0.177	    0.165	    8.377

qsub: job 16371.sith-mgmt2.ccs.ornl.gov completed
qsub: waiting for job 16372.sith-mgmt2.ccs.ornl.gov to start
qsub: job 16372.sith-mgmt2.ccs.ornl.gov ready

    0.000	    6.632	   21.821	    0.174	    0.164	   28.964

qsub: job 16372.sith-mgmt2.ccs.ornl.gov completed
qsub: waiting for job 16373.sith-mgmt2.ccs.ornl.gov to start
qsub: job 16373.sith-mgmt2.ccs.ornl.gov ready

    0.000	    6.635	    2.665	    0.179	    0.165	    9.923

qsub: job 16373.sith-mgmt2.ccs.ornl.gov completed

qsub: waiting for job 16374.sith-mgmt2.ccs.ornl.gov to start
qsub: job 16374.sith-mgmt2.ccs.ornl.gov ready

    0.000	    9.354	    0.863	    0.177	    0.165	   10.783

qsub: job 16374.sith-mgmt2.ccs.ornl.gov completed
qsub: waiting for job 16375.sith-mgmt2.ccs.ornl.gov to start
qsub: job 16375.sith-mgmt2.ccs.ornl.gov ready

    0.000	   10.037	    0.571	    0.181	    0.163	   11.840

qsub: job 16375.sith-mgmt2.ccs.ornl.gov completed
qsub: waiting for job 16376.sith-mgmt2.ccs.ornl.gov to start
qsub: job 16376.sith-mgmt2.ccs.ornl.gov ready

    0.000	    9.720	    0.662	    0.179	    0.164	   10.903

qsub: job 16376.sith-mgmt2.ccs.ornl.gov completed
qsub: waiting for job 16377.sith-mgmt2.ccs.ornl.gov to start
qsub: job 16377.sith-mgmt2.ccs.ornl.gov ready

    0.000	    9.402	    0.707	    0.182	    0.165	   10.631

qsub: job 16377.sith-mgmt2.ccs.ornl.gov completed
qsub: waiting for job 16378.sith-mgmt2.ccs.ornl.gov to start
qsub: job 16378.sith-mgmt2.ccs.ornl.gov ready

    0.000	   10.118	    0.713	    0.189	    0.166	   11.443

qsub: job 16378.sith-mgmt2.ccs.ornl.gov completed
qsub: waiting for job 16379.sith-mgmt2.ccs.ornl.gov to start
qsub: job 16379.sith-mgmt2.ccs.ornl.gov ready

    0.000	    9.889	    0.781	    0.177	    0.163	   11.223

qsub: job 16379.sith-mgmt2.ccs.ornl.gov completed
qsub: waiting for job 16380.sith-mgmt2.ccs.ornl.gov to start
qsub: job 16380.sith-mgmt2.ccs.ornl.gov ready

    0.000	    9.894	    0.829	    0.176	    0.163	   11.278

qsub: job 16380.sith-mgmt2.ccs.ornl.gov completed
qsub: waiting for job 16381.sith-mgmt2.ccs.ornl.gov to start
qsub: job 16381.sith-mgmt2.ccs.ornl.gov ready

    0.000	    9.854	    0.746	    0.178	    0.163	   11.183

qsub: job 16381.sith-mgmt2.ccs.ornl.gov completed
qsub: waiting for job 16382.sith-mgmt2.ccs.ornl.gov to start
qsub: job 16382.sith-mgmt2.ccs.ornl.gov ready

    0.000	    9.866	    7.451	    0.176	    0.163	   17.828

qsub: job 16382.sith-mgmt2.ccs.ornl.gov completed
qsub: waiting for job 16383.sith-mgmt2.ccs.ornl.gov to start
qsub: job 16383.sith-mgmt2.ccs.ornl.gov ready

    0.000	   10.024	    0.782	    0.179	    0.166	   11.375

qsub: job 16383.sith-mgmt2.ccs.ornl.gov completed

qsub: waiting for job 16384.sith-mgmt2.ccs.ornl.gov to start
qsub: job 16384.sith-mgmt2.ccs.ornl.gov ready

    0.000	   10.518	    1.124	    0.176	    0.216	   12.353

qsub: job 16384.sith-mgmt2.ccs.ornl.gov completed
qsub: waiting for job 16385.sith-mgmt2.ccs.ornl.gov to start
qsub: job 16385.sith-mgmt2.ccs.ornl.gov ready

    0.000	   11.076	    0.720	    0.176	    0.216	   12.361

qsub: job 16385.sith-mgmt2.ccs.ornl.gov completed
qsub: waiting for job 16386.sith-mgmt2.ccs.ornl.gov to start
qsub: job 16386.sith-mgmt2.ccs.ornl.gov ready

    0.000	   10.931	    1.158	    0.181	    0.218	   12.864

qsub: job 16386.sith-mgmt2.ccs.ornl.gov completed
qsub: waiting for job 16387.sith-mgmt2.ccs.ornl.gov to start
qsub: job 16387.sith-mgmt2.ccs.ornl.gov ready

    0.000	   10.446	    1.623	    0.177	    0.217	   13.076

qsub: job 16387.sith-mgmt2.ccs.ornl.gov completed
qsub: waiting for job 16388.sith-mgmt2.ccs.ornl.gov to start
qsub: job 16388.sith-mgmt2.ccs.ornl.gov ready

    0.000	   11.667	    1.151	    0.180	    0.215	   13.392

qsub: job 16388.sith-mgmt2.ccs.ornl.gov completed
qsub: waiting for job 16389.sith-mgmt2.ccs.ornl.gov to start
qsub: job 16389.sith-mgmt2.ccs.ornl.gov ready

    0.000	   11.644	    0.991	    0.175	    0.216	   13.198

qsub: job 16389.sith-mgmt2.ccs.ornl.gov completed
qsub: waiting for job 16390.sith-mgmt2.ccs.ornl.gov to start
qsub: job 16390.sith-mgmt2.ccs.ornl.gov ready

    0.000	   11.594	    1.258	    0.173	    0.215	   13.465

qsub: job 16390.sith-mgmt2.ccs.ornl.gov completed
qsub: waiting for job 16391.sith-mgmt2.ccs.ornl.gov to start
qsub: job 16391.sith-mgmt2.ccs.ornl.gov ready

    0.000	   11.664	    1.012	    0.181	    0.216	   13.288

qsub: job 16391.sith-mgmt2.ccs.ornl.gov completed
qsub: waiting for job 16392.sith-mgmt2.ccs.ornl.gov to start
qsub: job 16392.sith-mgmt2.ccs.ornl.gov ready

    0.000	   11.735	    0.983	    0.179	    0.218	   13.296

qsub: job 16392.sith-mgmt2.ccs.ornl.gov completed
qsub: waiting for job 16393.sith-mgmt2.ccs.ornl.gov to start
qsub: job 16393.sith-mgmt2.ccs.ornl.gov ready

    0.000	   11.593	    1.363	    0.173	    0.216	   13.699

qsub: job 16393.sith-mgmt2.ccs.ornl.gov completed

qsub: waiting for job 16394.sith-mgmt2.ccs.ornl.gov to start
qsub: job 16394.sith-mgmt2.ccs.ornl.gov ready

    0.000	   12.170	    1.393	    0.178	    0.532	   14.606

qsub: job 16394.sith-mgmt2.ccs.ornl.gov completed
qsub: waiting for job 16395.sith-mgmt2.ccs.ornl.gov to start
qsub: job 16395.sith-mgmt2.ccs.ornl.gov ready

    0.000	   14.665	    1.115	    0.191	    0.535	   16.766

qsub: job 16395.sith-mgmt2.ccs.ornl.gov completed
qsub: waiting for job 16396.sith-mgmt2.ccs.ornl.gov to start
qsub: job 16396.sith-mgmt2.ccs.ornl.gov ready

    0.000	   12.544	    1.250	    0.180	    0.531	   14.773

qsub: job 16396.sith-mgmt2.ccs.ornl.gov completed
qsub: waiting for job 16397.sith-mgmt2.ccs.ornl.gov to start
qsub: job 16397.sith-mgmt2.ccs.ornl.gov ready

    0.000	   14.049	    1.508	    0.191	    0.534	   16.668

qsub: job 16397.sith-mgmt2.ccs.ornl.gov completed
qsub: waiting for job 16398.sith-mgmt2.ccs.ornl.gov to start
qsub: job 16398.sith-mgmt2.ccs.ornl.gov ready

    0.000	   13.173	    1.322	    0.178	    0.530	   15.541

qsub: job 16398.sith-mgmt2.ccs.ornl.gov completed
qsub: waiting for job 16399.sith-mgmt2.ccs.ornl.gov to start
qsub: job 16399.sith-mgmt2.ccs.ornl.gov ready

    0.000	   13.229	    1.218	    0.176	    0.533	   15.373

qsub: job 16399.sith-mgmt2.ccs.ornl.gov completed
qsub: waiting for job 16400.sith-mgmt2.ccs.ornl.gov to start
qsub: job 16400.sith-mgmt2.ccs.ornl.gov ready

    0.000	   13.312	    1.067	    0.177	    0.531	   15.253

qsub: job 16400.sith-mgmt2.ccs.ornl.gov completed
qsub: waiting for job 16401.sith-mgmt2.ccs.ornl.gov to start
qsub: job 16401.sith-mgmt2.ccs.ornl.gov ready



    0.000	   13.269	    1.110	    0.180	    0.531	   15.311

qsub: job 16401.sith-mgmt2.ccs.ornl.gov completed
qsub: waiting for job 16402.sith-mgmt2.ccs.ornl.gov to start
qsub: job 16402.sith-mgmt2.ccs.ornl.gov ready

    0.000	   13.220	    1.514	    0.179	    0.532	   15.792

qsub: job 16402.sith-mgmt2.ccs.ornl.gov completed
qsub: waiting for job 16403.sith-mgmt2.ccs.ornl.gov to start
qsub: job 16403.sith-mgmt2.ccs.ornl.gov ready

    0.000	   13.184	    1.334	    0.180	    0.530	   15.509

qsub: job 16403.sith-mgmt2.ccs.ornl.gov completed

3 var
qsub: waiting for job 16404.sith-mgmt2.ccs.ornl.gov to start
qsub: job 16404.sith-mgmt2.ccs.ornl.gov ready

    0.000	    4.460	    0.389	    0.131	    0.176	    5.310

qsub: job 16404.sith-mgmt2.ccs.ornl.gov completed
qsub: waiting for job 16405.sith-mgmt2.ccs.ornl.gov to start
qsub: job 16405.sith-mgmt2.ccs.ornl.gov ready

    0.000	    4.646	    0.316	    0.134	    0.177	    5.427

qsub: job 16405.sith-mgmt2.ccs.ornl.gov completed
qsub: waiting for job 16406.sith-mgmt2.ccs.ornl.gov to start
qsub: job 16406.sith-mgmt2.ccs.ornl.gov ready

    0.000	    4.597	    0.430	    0.132	    0.177	    5.603

qsub: job 16406.sith-mgmt2.ccs.ornl.gov completed
qsub: waiting for job 16407.sith-mgmt2.ccs.ornl.gov to start
qsub: job 16407.sith-mgmt2.ccs.ornl.gov ready

    0.000	    4.506	    0.873	    0.131	    0.176	    6.004

qsub: job 16407.sith-mgmt2.ccs.ornl.gov completed
qsub: waiting for job 16408.sith-mgmt2.ccs.ornl.gov to start
qsub: job 16408.sith-mgmt2.ccs.ornl.gov ready

    0.000	    4.449	    0.684	    0.136	    0.176	    5.644

qsub: job 16408.sith-mgmt2.ccs.ornl.gov completed
qsub: waiting for job 16409.sith-mgmt2.ccs.ornl.gov to start
qsub: job 16409.sith-mgmt2.ccs.ornl.gov ready

    0.000	    4.447	    0.415	    0.133	    0.176	    5.388

qsub: job 16409.sith-mgmt2.ccs.ornl.gov completed
qsub: waiting for job 16410.sith-mgmt2.ccs.ornl.gov to start
qsub: job 16410.sith-mgmt2.ccs.ornl.gov ready

    0.000	    4.448	    1.359	    0.136	    0.176	    6.403

qsub: job 16410.sith-mgmt2.ccs.ornl.gov completed
qsub: waiting for job 16411.sith-mgmt2.ccs.ornl.gov to start
qsub: job 16411.sith-mgmt2.ccs.ornl.gov ready

    0.000	    4.454	    0.516	    0.133	    0.176	    5.440

qsub: job 16411.sith-mgmt2.ccs.ornl.gov completed
qsub: waiting for job 16412.sith-mgmt2.ccs.ornl.gov to start
qsub: job 16412.sith-mgmt2.ccs.ornl.gov ready

    0.000	    4.456	    0.919	    0.133	    0.176	    5.986

qsub: job 16412.sith-mgmt2.ccs.ornl.gov completed
qsub: waiting for job 16413.sith-mgmt2.ccs.ornl.gov to start
qsub: job 16413.sith-mgmt2.ccs.ornl.gov ready

    0.000	    4.445	    0.757	    0.135	    0.176	    5.767

qsub: job 16413.sith-mgmt2.ccs.ornl.gov completed

qsub: waiting for job 16414.sith-mgmt2.ccs.ornl.gov to start
qsub: job 16414.sith-mgmt2.ccs.ornl.gov ready

    0.000	    6.821	    1.069	    0.146	    0.293	    8.557

qsub: job 16414.sith-mgmt2.ccs.ornl.gov completed
qsub: waiting for job 16415.sith-mgmt2.ccs.ornl.gov to start
qsub: job 16415.sith-mgmt2.ccs.ornl.gov ready

    0.000	    6.197	    0.448	    0.133	    0.289	    7.226

qsub: job 16415.sith-mgmt2.ccs.ornl.gov completed
qsub: waiting for job 16416.sith-mgmt2.ccs.ornl.gov to start
qsub: job 16416.sith-mgmt2.ccs.ornl.gov ready

    0.000	    6.118	    0.974	    0.135	    0.291	    7.826

qsub: job 16416.sith-mgmt2.ccs.ornl.gov completed
qsub: waiting for job 16417.sith-mgmt2.ccs.ornl.gov to start
qsub: job 16417.sith-mgmt2.ccs.ornl.gov ready

    0.000	    6.443	    0.914	    0.136	    0.291	    7.997

qsub: job 16417.sith-mgmt2.ccs.ornl.gov completed
qsub: waiting for job 16418.sith-mgmt2.ccs.ornl.gov to start
qsub: job 16418.sith-mgmt2.ccs.ornl.gov ready

    0.000	    6.184	    0.640	    0.132	    0.290	    7.470

qsub: job 16418.sith-mgmt2.ccs.ornl.gov completed
qsub: waiting for job 16419.sith-mgmt2.ccs.ornl.gov to start
qsub: job 16419.sith-mgmt2.ccs.ornl.gov ready

    0.000	    6.177	    0.581	    0.132	    0.289	    7.393

qsub: job 16419.sith-mgmt2.ccs.ornl.gov completed
qsub: waiting for job 16420.sith-mgmt2.ccs.ornl.gov to start
qsub: job 16420.sith-mgmt2.ccs.ornl.gov ready

    0.000	    6.171	    0.491	    0.133	    0.290	    7.354

qsub: job 16420.sith-mgmt2.ccs.ornl.gov completed
qsub: waiting for job 16421.sith-mgmt2.ccs.ornl.gov to start
qsub: job 16421.sith-mgmt2.ccs.ornl.gov ready

    0.000	    6.164	    1.033	    0.131	    0.289	    7.915

qsub: job 16421.sith-mgmt2.ccs.ornl.gov completed
qsub: waiting for job 16422.sith-mgmt2.ccs.ornl.gov to start
qsub: job 16422.sith-mgmt2.ccs.ornl.gov ready

    0.000	    6.168	    1.079	    0.134	    0.290	    7.832

qsub: job 16422.sith-mgmt2.ccs.ornl.gov completed
qsub: waiting for job 16423.sith-mgmt2.ccs.ornl.gov to start
qsub: job 16423.sith-mgmt2.ccs.ornl.gov ready

    0.000	    6.189	    0.703	    0.131	    0.289	    7.470

qsub: job 16423.sith-mgmt2.ccs.ornl.gov completed

qsub: waiting for job 16424.sith-mgmt2.ccs.ornl.gov to start
qsub: job 16424.sith-mgmt2.ccs.ornl.gov ready

    0.000	    9.282	    0.693	    0.131	    1.032	   11.298

qsub: job 16424.sith-mgmt2.ccs.ornl.gov completed
qsub: waiting for job 16425.sith-mgmt2.ccs.ornl.gov to start
qsub: job 16425.sith-mgmt2.ccs.ornl.gov ready

    0.000	    9.818	    0.878	    0.134	    1.033	   12.173

qsub: job 16425.sith-mgmt2.ccs.ornl.gov completed
qsub: waiting for job 16426.sith-mgmt2.ccs.ornl.gov to start
qsub: job 16426.sith-mgmt2.ccs.ornl.gov ready

    0.000	    9.561	    0.842	    0.135	    1.037	   11.734

qsub: job 16426.sith-mgmt2.ccs.ornl.gov completed
qsub: waiting for job 16427.sith-mgmt2.ccs.ornl.gov to start
qsub: job 16427.sith-mgmt2.ccs.ornl.gov ready

    0.000	    9.912	    1.642	    0.136	    1.035	   12.933

qsub: job 16427.sith-mgmt2.ccs.ornl.gov completed
qsub: waiting for job 16428.sith-mgmt2.ccs.ornl.gov to start
qsub: job 16428.sith-mgmt2.ccs.ornl.gov ready

    0.000	    9.771	    0.970	    0.134	    1.034	   12.117

qsub: job 16428.sith-mgmt2.ccs.ornl.gov completed
qsub: waiting for job 16429.sith-mgmt2.ccs.ornl.gov to start
qsub: job 16429.sith-mgmt2.ccs.ornl.gov ready

    0.000	    9.785	    0.869	    0.135	    1.034	   11.982

qsub: job 16429.sith-mgmt2.ccs.ornl.gov completed
qsub: waiting for job 16430.sith-mgmt2.ccs.ornl.gov to start
qsub: job 16430.sith-mgmt2.ccs.ornl.gov ready

    0.000	   10.329	    1.062	    0.134	    1.035	   12.860

qsub: job 16430.sith-mgmt2.ccs.ornl.gov completed
qsub: waiting for job 16431.sith-mgmt2.ccs.ornl.gov to start
qsub: job 16431.sith-mgmt2.ccs.ornl.gov ready

    0.000	    9.762	    1.373	    0.134	    1.033	   12.755

qsub: job 16431.sith-mgmt2.ccs.ornl.gov completed
qsub: waiting for job 16432.sith-mgmt2.ccs.ornl.gov to start
qsub: job 16432.sith-mgmt2.ccs.ornl.gov ready

    0.000	    9.730	    0.709	    0.130	    1.030	   11.755

qsub: job 16432.sith-mgmt2.ccs.ornl.gov completed
qsub: waiting for job 16433.sith-mgmt2.ccs.ornl.gov to start
qsub: job 16433.sith-mgmt2.ccs.ornl.gov ready

    0.000	   11.045	    0.719	    0.144	    1.037	   13.129

qsub: job 16433.sith-mgmt2.ccs.ornl.gov completed

qsub: waiting for job 16434.sith-mgmt2.ccs.ornl.gov to start
qsub: job 16434.sith-mgmt2.ccs.ornl.gov ready

    0.000	    7.728	    1.109	    0.143	    0.385	    9.684

qsub: job 16434.sith-mgmt2.ccs.ornl.gov completed
qsub: waiting for job 16435.sith-mgmt2.ccs.ornl.gov to start
qsub: job 16435.sith-mgmt2.ccs.ornl.gov ready

    0.000	    6.672	    0.883	    0.134	    0.384	    8.315

qsub: job 16435.sith-mgmt2.ccs.ornl.gov completed
qsub: waiting for job 16436.sith-mgmt2.ccs.ornl.gov to start
qsub: job 16436.sith-mgmt2.ccs.ornl.gov ready

    0.000	    7.281	    0.563	    0.138	    0.383	    8.553

qsub: job 16436.sith-mgmt2.ccs.ornl.gov completed
qsub: waiting for job 16437.sith-mgmt2.ccs.ornl.gov to start
qsub: job 16437.sith-mgmt2.ccs.ornl.gov ready

    0.000	    7.240	    0.710	    0.135	    0.384	    8.638

qsub: job 16437.sith-mgmt2.ccs.ornl.gov completed
qsub: waiting for job 16438.sith-mgmt2.ccs.ornl.gov to start
qsub: job 16438.sith-mgmt2.ccs.ornl.gov ready

    0.000	    6.773	    0.843	    0.132	    0.382	    8.290

qsub: job 16438.sith-mgmt2.ccs.ornl.gov completed
qsub: waiting for job 16439.sith-mgmt2.ccs.ornl.gov to start
qsub: job 16439.sith-mgmt2.ccs.ornl.gov ready

    0.000	    6.767	    0.611	    0.133	    0.383	    8.093

qsub: job 16439.sith-mgmt2.ccs.ornl.gov completed
qsub: waiting for job 16440.sith-mgmt2.ccs.ornl.gov to start
qsub: job 16440.sith-mgmt2.ccs.ornl.gov ready

    0.000	    6.783	    1.126	    0.132	    0.381	    8.781

qsub: job 16440.sith-mgmt2.ccs.ornl.gov completed
qsub: waiting for job 16441.sith-mgmt2.ccs.ornl.gov to start
qsub: job 16441.sith-mgmt2.ccs.ornl.gov ready

    0.000	    6.787	    0.598	    0.136	    0.384	    8.060

qsub: job 16441.sith-mgmt2.ccs.ornl.gov completed
qsub: waiting for job 16442.sith-mgmt2.ccs.ornl.gov to start
qsub: job 16442.sith-mgmt2.ccs.ornl.gov ready

    0.000	    7.542	    0.602	    0.136	    0.384	    8.828

qsub: job 16442.sith-mgmt2.ccs.ornl.gov completed
qsub: waiting for job 16443.sith-mgmt2.ccs.ornl.gov to start
qsub: job 16443.sith-mgmt2.ccs.ornl.gov ready

    0.000	    6.778	    0.902	    0.133	    0.382	    8.515

qsub: job 16443.sith-mgmt2.ccs.ornl.gov completed

qsub: waiting for job 16444.sith-mgmt2.ccs.ornl.gov to start
qsub: job 16444.sith-mgmt2.ccs.ornl.gov ready

    0.000	    8.709	    0.883	    0.137	    0.903	   10.884

qsub: job 16444.sith-mgmt2.ccs.ornl.gov completed
qsub: waiting for job 16445.sith-mgmt2.ccs.ornl.gov to start
qsub: job 16445.sith-mgmt2.ccs.ornl.gov ready

    0.000	    9.087	    0.789	    0.134	    0.900	   11.070

qsub: job 16445.sith-mgmt2.ccs.ornl.gov completed
qsub: waiting for job 16446.sith-mgmt2.ccs.ornl.gov to start
qsub: job 16446.sith-mgmt2.ccs.ornl.gov ready

    0.000	    8.967	    0.843	    0.133	    0.900	   11.148

qsub: job 16446.sith-mgmt2.ccs.ornl.gov completed
qsub: waiting for job 16447.sith-mgmt2.ccs.ornl.gov to start
qsub: job 16447.sith-mgmt2.ccs.ornl.gov ready

    0.000	    8.668	    0.695	    0.139	    0.902	   10.567

qsub: job 16447.sith-mgmt2.ccs.ornl.gov completed
qsub: waiting for job 16448.sith-mgmt2.ccs.ornl.gov to start
qsub: job 16448.sith-mgmt2.ccs.ornl.gov ready

    0.000	    9.186	    0.762	    0.135	    0.898	   11.181

qsub: job 16448.sith-mgmt2.ccs.ornl.gov completed
qsub: waiting for job 16449.sith-mgmt2.ccs.ornl.gov to start
qsub: job 16449.sith-mgmt2.ccs.ornl.gov ready

    0.000	    9.224	    3.824	    0.133	    0.902	   14.371

qsub: job 16449.sith-mgmt2.ccs.ornl.gov completed
qsub: waiting for job 16450.sith-mgmt2.ccs.ornl.gov to start
qsub: job 16450.sith-mgmt2.ccs.ornl.gov ready

    0.000	    9.182	    1.028	    0.134	    0.900	   11.518

qsub: job 16450.sith-mgmt2.ccs.ornl.gov completed
qsub: waiting for job 16451.sith-mgmt2.ccs.ornl.gov to start
qsub: job 16451.sith-mgmt2.ccs.ornl.gov ready

    0.000	    9.198	    0.942	    0.136	    0.898	   11.395

qsub: job 16451.sith-mgmt2.ccs.ornl.gov completed
qsub: waiting for job 16452.sith-mgmt2.ccs.ornl.gov to start
qsub: job 16452.sith-mgmt2.ccs.ornl.gov ready

    0.000	    9.835	    0.799	    0.134	    0.900	   11.834

qsub: job 16452.sith-mgmt2.ccs.ornl.gov completed
qsub: waiting for job 16453.sith-mgmt2.ccs.ornl.gov to start
qsub: job 16453.sith-mgmt2.ccs.ornl.gov ready

    0.000	    9.183	    1.075	    0.135	    0.897	   11.594

qsub: job 16453.sith-mgmt2.ccs.ornl.gov completed

2 var
qsub: waiting for job 16454.sith-mgmt2.ccs.ornl.gov to start
qsub: job 16454.sith-mgmt2.ccs.ornl.gov ready

    0.000	    0.098	    0.531	    0.089	    0.154	    1.114

qsub: job 16454.sith-mgmt2.ccs.ornl.gov completed
qsub: waiting for job 16455.sith-mgmt2.ccs.ornl.gov to start
qsub: job 16455.sith-mgmt2.ccs.ornl.gov ready

    0.000	    0.108	    0.074	    0.089	    0.154	    0.567

qsub: job 16455.sith-mgmt2.ccs.ornl.gov completed
qsub: waiting for job 16456.sith-mgmt2.ccs.ornl.gov to start
qsub: job 16456.sith-mgmt2.ccs.ornl.gov ready

    0.000	    0.102	    0.233	    0.090	    0.154	    0.720

qsub: job 16456.sith-mgmt2.ccs.ornl.gov completed
qsub: waiting for job 16457.sith-mgmt2.ccs.ornl.gov to start
qsub: job 16457.sith-mgmt2.ccs.ornl.gov ready

    0.000	    0.099	    0.531	    0.089	    0.154	    1.111

qsub: job 16457.sith-mgmt2.ccs.ornl.gov completed
qsub: waiting for job 16458.sith-mgmt2.ccs.ornl.gov to start
qsub: job 16458.sith-mgmt2.ccs.ornl.gov ready

    0.000	    0.115	    0.550	    0.089	    0.154	    1.103

qsub: job 16458.sith-mgmt2.ccs.ornl.gov completed
qsub: waiting for job 16459.sith-mgmt2.ccs.ornl.gov to start
qsub: job 16459.sith-mgmt2.ccs.ornl.gov ready

    0.000	    0.118	    0.074	    0.090	    0.156	    0.584

qsub: job 16459.sith-mgmt2.ccs.ornl.gov completed
qsub: waiting for job 16460.sith-mgmt2.ccs.ornl.gov to start
qsub: job 16460.sith-mgmt2.ccs.ornl.gov ready

    0.000	    0.116	    0.167	    0.088	    0.154	    0.671

qsub: job 16460.sith-mgmt2.ccs.ornl.gov completed
qsub: waiting for job 16461.sith-mgmt2.ccs.ornl.gov to start
qsub: job 16461.sith-mgmt2.ccs.ornl.gov ready

    0.000	    0.116	    0.539	    0.090	    0.154	    1.129

qsub: job 16461.sith-mgmt2.ccs.ornl.gov completed
qsub: waiting for job 16462.sith-mgmt2.ccs.ornl.gov to start
qsub: job 16462.sith-mgmt2.ccs.ornl.gov ready

    0.000	    0.116	    0.324	    0.090	    0.154	    0.920

qsub: job 16462.sith-mgmt2.ccs.ornl.gov completed
qsub: waiting for job 16463.sith-mgmt2.ccs.ornl.gov to start
qsub: job 16463.sith-mgmt2.ccs.ornl.gov ready

    0.000	    0.116	    0.119	    0.089	    0.154	    0.623

qsub: job 16463.sith-mgmt2.ccs.ornl.gov completed

qsub: waiting for job 16464.sith-mgmt2.ccs.ornl.gov to start
qsub: job 16464.sith-mgmt2.ccs.ornl.gov ready

    0.000	    1.154	    0.404	    0.089	    0.161	    2.015

qsub: job 16464.sith-mgmt2.ccs.ornl.gov completed
qsub: waiting for job 16465.sith-mgmt2.ccs.ornl.gov to start
qsub: job 16465.sith-mgmt2.ccs.ornl.gov ready

    0.000	    1.249	    0.174	    0.089	    0.162	    1.862

qsub: job 16465.sith-mgmt2.ccs.ornl.gov completed
qsub: waiting for job 16466.sith-mgmt2.ccs.ornl.gov to start
qsub: job 16466.sith-mgmt2.ccs.ornl.gov ready

    0.000	    1.221	    0.538	    0.089	    0.161	    2.261

qsub: job 16466.sith-mgmt2.ccs.ornl.gov completed
qsub: waiting for job 16467.sith-mgmt2.ccs.ornl.gov to start
qsub: job 16467.sith-mgmt2.ccs.ornl.gov ready

    0.000	    1.151	    0.120	    0.089	    0.161	    1.716

qsub: job 16467.sith-mgmt2.ccs.ornl.gov completed
qsub: waiting for job 16468.sith-mgmt2.ccs.ornl.gov to start
qsub: job 16468.sith-mgmt2.ccs.ornl.gov ready

    0.000	    1.196	    0.210	    0.088	    0.161	    1.849

qsub: job 16468.sith-mgmt2.ccs.ornl.gov completed
qsub: waiting for job 16469.sith-mgmt2.ccs.ornl.gov to start
qsub: job 16469.sith-mgmt2.ccs.ornl.gov ready

    0.000	    1.184	    0.565	    0.090	    0.161	    2.237

qsub: job 16469.sith-mgmt2.ccs.ornl.gov completed
qsub: waiting for job 16470.sith-mgmt2.ccs.ornl.gov to start
qsub: job 16470.sith-mgmt2.ccs.ornl.gov ready

    0.000	    1.184	    0.300	    0.089	    0.161	    1.880

qsub: job 16470.sith-mgmt2.ccs.ornl.gov completed
qsub: waiting for job 16471.sith-mgmt2.ccs.ornl.gov to start
qsub: job 16471.sith-mgmt2.ccs.ornl.gov ready

    0.000	    1.183	    0.192	    0.089	    0.161	    1.813

qsub: job 16471.sith-mgmt2.ccs.ornl.gov completed
qsub: waiting for job 16472.sith-mgmt2.ccs.ornl.gov to start
qsub: job 16472.sith-mgmt2.ccs.ornl.gov ready

    0.000	    1.190	    0.468	    0.090	    0.161	    2.053

qsub: job 16472.sith-mgmt2.ccs.ornl.gov completed
qsub: waiting for job 16473.sith-mgmt2.ccs.ornl.gov to start
qsub: job 16473.sith-mgmt2.ccs.ornl.gov ready

    0.000	    1.185	    0.597	    0.089	    0.161	    2.284

qsub: job 16473.sith-mgmt2.ccs.ornl.gov completed

qsub: waiting for job 16474.sith-mgmt2.ccs.ornl.gov to start
qsub: job 16474.sith-mgmt2.ccs.ornl.gov ready

    0.000	    1.722	    0.266	    0.089	    0.180	    2.399

qsub: job 16474.sith-mgmt2.ccs.ornl.gov completed
qsub: waiting for job 16475.sith-mgmt2.ccs.ornl.gov to start
qsub: job 16475.sith-mgmt2.ccs.ornl.gov ready

    0.000	    1.975	    0.228	    0.090	    0.178	    2.615

qsub: job 16475.sith-mgmt2.ccs.ornl.gov completed
qsub: waiting for job 16476.sith-mgmt2.ccs.ornl.gov to start
qsub: job 16476.sith-mgmt2.ccs.ornl.gov ready

    0.000	    1.913	    0.359	    0.089	    0.180	    2.775

qsub: job 16476.sith-mgmt2.ccs.ornl.gov completed
qsub: waiting for job 16477.sith-mgmt2.ccs.ornl.gov to start
qsub: job 16477.sith-mgmt2.ccs.ornl.gov ready

    0.000	    1.742	    0.441	    0.094	    0.181	    2.609

qsub: job 16477.sith-mgmt2.ccs.ornl.gov completed
qsub: waiting for job 16478.sith-mgmt2.ccs.ornl.gov to start
qsub: job 16478.sith-mgmt2.ccs.ornl.gov ready

    0.000	    1.928	    0.286	    0.089	    0.181	    2.687

qsub: job 16478.sith-mgmt2.ccs.ornl.gov completed
qsub: waiting for job 16479.sith-mgmt2.ccs.ornl.gov to start
qsub: job 16479.sith-mgmt2.ccs.ornl.gov ready

    0.000	    1.917	    0.352	    0.087	    0.179	    2.865

qsub: job 16479.sith-mgmt2.ccs.ornl.gov completed
qsub: waiting for job 16480.sith-mgmt2.ccs.ornl.gov to start
qsub: job 16480.sith-mgmt2.ccs.ornl.gov ready

    0.000	    1.919	    0.382	    0.088	    0.180	    2.961

qsub: job 16480.sith-mgmt2.ccs.ornl.gov completed
qsub: waiting for job 16481.sith-mgmt2.ccs.ornl.gov to start
qsub: job 16481.sith-mgmt2.ccs.ornl.gov ready

    0.000	    1.923	    0.330	    0.088	    0.179	    2.859

qsub: job 16481.sith-mgmt2.ccs.ornl.gov completed
qsub: waiting for job 16482.sith-mgmt2.ccs.ornl.gov to start
qsub: job 16482.sith-mgmt2.ccs.ornl.gov ready

    0.000	    1.923	    0.170	    0.090	    0.179	    2.686

qsub: job 16482.sith-mgmt2.ccs.ornl.gov completed
qsub: waiting for job 16483.sith-mgmt2.ccs.ornl.gov to start
qsub: job 16483.sith-mgmt2.ccs.ornl.gov ready

    0.000	    1.923	    0.423	    0.088	    0.180	    3.034

qsub: job 16483.sith-mgmt2.ccs.ornl.gov completed

qsub: waiting for job 16484.sith-mgmt2.ccs.ornl.gov to start
qsub: job 16484.sith-mgmt2.ccs.ornl.gov ready

    0.000	    2.838	    0.549	    0.088	    0.220	    4.085

qsub: job 16484.sith-mgmt2.ccs.ornl.gov completed
qsub: waiting for job 16485.sith-mgmt2.ccs.ornl.gov to start
qsub: job 16485.sith-mgmt2.ccs.ornl.gov ready

    0.000	    3.236	    0.257	    0.089	    0.220	    4.152

qsub: job 16485.sith-mgmt2.ccs.ornl.gov completed
qsub: waiting for job 16486.sith-mgmt2.ccs.ornl.gov to start
qsub: job 16486.sith-mgmt2.ccs.ornl.gov ready

    0.000	    3.112	    0.539	    0.089	    0.220	    4.402

qsub: job 16486.sith-mgmt2.ccs.ornl.gov completed
qsub: waiting for job 16487.sith-mgmt2.ccs.ornl.gov to start
qsub: job 16487.sith-mgmt2.ccs.ornl.gov ready

    0.000	    2.838	    0.495	    0.089	    0.220	    4.060

qsub: job 16487.sith-mgmt2.ccs.ornl.gov completed
qsub: waiting for job 16488.sith-mgmt2.ccs.ornl.gov to start
qsub: job 16488.sith-mgmt2.ccs.ornl.gov ready

    0.000	    3.171	    0.849	    0.088	    0.220	    4.660

qsub: job 16488.sith-mgmt2.ccs.ornl.gov completed
qsub: waiting for job 16489.sith-mgmt2.ccs.ornl.gov to start
qsub: job 16489.sith-mgmt2.ccs.ornl.gov ready

    0.000	    3.177	    0.316	    0.087	    0.220	    4.152

qsub: job 16489.sith-mgmt2.ccs.ornl.gov completed
qsub: waiting for job 16490.sith-mgmt2.ccs.ornl.gov to start
qsub: job 16490.sith-mgmt2.ccs.ornl.gov ready

    0.000	    3.225	    0.469	    0.092	    0.222	    4.384

qsub: job 16490.sith-mgmt2.ccs.ornl.gov completed
qsub: waiting for job 16491.sith-mgmt2.ccs.ornl.gov to start
qsub: job 16491.sith-mgmt2.ccs.ornl.gov ready

    0.000	    3.168	    0.486	    0.087	    0.219	    4.359

qsub: job 16491.sith-mgmt2.ccs.ornl.gov completed
qsub: waiting for job 16492.sith-mgmt2.ccs.ornl.gov to start
qsub: job 16492.sith-mgmt2.ccs.ornl.gov ready

    0.000	    3.182	    0.431	    0.089	    0.219	    4.281

qsub: job 16492.sith-mgmt2.ccs.ornl.gov completed
qsub: waiting for job 16493.sith-mgmt2.ccs.ornl.gov to start
qsub: job 16493.sith-mgmt2.ccs.ornl.gov ready

    0.000	    3.168	    0.475	    0.087	    0.220	    4.637

qsub: job 16493.sith-mgmt2.ccs.ornl.gov completed

qsub: waiting for job 16494.sith-mgmt2.ccs.ornl.gov to start
qsub: job 16494.sith-mgmt2.ccs.ornl.gov ready

    0.000	    4.339	    0.457	    0.090	    0.622	    5.826

qsub: job 16494.sith-mgmt2.ccs.ornl.gov completed
qsub: waiting for job 16495.sith-mgmt2.ccs.ornl.gov to start
qsub: job 16495.sith-mgmt2.ccs.ornl.gov ready

    0.000	    4.696	    0.592	    0.088	    0.620	    6.320

qsub: job 16495.sith-mgmt2.ccs.ornl.gov completed
qsub: waiting for job 16496.sith-mgmt2.ccs.ornl.gov to start
qsub: job 16496.sith-mgmt2.ccs.ornl.gov ready

    0.000	    4.576	    0.609	    0.090	    0.621	    7.273

qsub: job 16496.sith-mgmt2.ccs.ornl.gov completed
qsub: waiting for job 16497.sith-mgmt2.ccs.ornl.gov to start
qsub: job 16497.sith-mgmt2.ccs.ornl.gov ready

    0.000	    4.340	    0.709	    0.088	    0.620	    6.891

qsub: job 16497.sith-mgmt2.ccs.ornl.gov completed
qsub: waiting for job 16498.sith-mgmt2.ccs.ornl.gov to start
qsub: job 16498.sith-mgmt2.ccs.ornl.gov ready

    0.000	    5.038	    0.421	    0.090	    0.622	    6.497

qsub: job 16498.sith-mgmt2.ccs.ornl.gov completed
qsub: waiting for job 16499.sith-mgmt2.ccs.ornl.gov to start
qsub: job 16499.sith-mgmt2.ccs.ornl.gov ready

    0.000	    5.428	    0.646	    0.088	    0.624	    7.192

qsub: job 16499.sith-mgmt2.ccs.ornl.gov completed
qsub: waiting for job 16500.sith-mgmt2.ccs.ornl.gov to start
qsub: job 16500.sith-mgmt2.ccs.ornl.gov ready

    0.000	    4.985	    0.642	    0.088	    0.620	    6.719

qsub: job 16500.sith-mgmt2.ccs.ornl.gov completed
qsub: waiting for job 16501.sith-mgmt2.ccs.ornl.gov to start
qsub: job 16501.sith-mgmt2.ccs.ornl.gov ready

    0.000	    5.021	    0.481	    0.088	    0.619	    6.525

qsub: job 16501.sith-mgmt2.ccs.ornl.gov completed
qsub: waiting for job 16502.sith-mgmt2.ccs.ornl.gov to start
qsub: job 16502.sith-mgmt2.ccs.ornl.gov ready

    0.000	    5.018	    0.602	    0.089	    0.622	    6.728

qsub: job 16502.sith-mgmt2.ccs.ornl.gov completed
qsub: waiting for job 16503.sith-mgmt2.ccs.ornl.gov to start
qsub: job 16503.sith-mgmt2.ccs.ornl.gov ready

    0.000	    5.002	    0.430	    0.089	    0.621	    6.840

qsub: job 16503.sith-mgmt2.ccs.ornl.gov completed

