wvel.bin
PFD
   40.910
   43.534
   40.931
   41.011
   41.128
RPFD
   40.842
   43.616
   43.747
   40.832
   40.861
EPFD
   40.493
   40.709
   40.317
   43.114
   40.383
uvel.bin
PFD
   38.000
   39.854
   37.911
   37.957
   38.051
RPFD
   37.481
   37.582
   37.712
   37.510
   37.618
EPFD
   38.265
   39.435
   38.255
   38.079
   38.141
vvel.bin
PFD
   40.841
   41.071
   40.966
   42.902
   40.828
RPFD
   43.556
   40.947
   43.660
   41.844
   40.905
EPFD
   40.308
   40.477
   42.684
   40.230
   40.376
