wvel.bin
PFD
qsub: waiting for job 16583.sith-mgmt2.ccs.ornl.gov to start
qsub: job 16583.sith-mgmt2.ccs.ornl.gov ready

/ccs/home/xzou2/alac_fastbit_comp/alac_multi_engine/build/bin/alac encode -p268435456E -x -edouble -s16 /lustre/widow2/scratch/xzou2/widow0-20130305/tmp/potential.4567 /lustre/widow2/scratch/xzou2/widow0-20130305/tmp_out/potential

qsub: job 16583.sith-mgmt2.ccs.ornl.gov completed
wvel.bin
PFD
qsub: waiting for job 16584.sith-mgmt2.ccs.ornl.gov to start
qsub: job 16584.sith-mgmt2.ccs.ornl.gov ready

/ccs/home/xzou2/alac_fastbit_comp/alac_multi_engine/build/bin/alac encode -p268435456E -x -edouble -s16 /lustre/widow2/scratch/xzou2/widow0-20130305/tmp/potential.4567 /lustre/widow2/scratch/xzou2/widow0-20130305/tmp_out/potential
Error: encoder cannot find input file /lustre/widow2/scratch/xzou2/widow0-20130305/tmp/potential.4567

qsub: job 16584.sith-mgmt2.ccs.ornl.gov completed
wvel.bin
PFD
qsub: waiting for job 16585.sith-mgmt2.ccs.ornl.gov to start
qsub: job 16585.sith-mgmt2.ccs.ornl.gov ready

/ccs/home/xzou2/alac_fastbit_comp/alac_multi_engine/build/bin/alac encode -p268435456E -x -edouble -s16 /lustre/widow2/scratch/xzou2/widow0-20130305/tmp/potential.4567 /lustre/widow2/scratch/xzou2/widow0-20130305/tmp_out/potential
   40.910
Encoding complete, 2147483648 bytes of input data successfully encoded into 1 partitions

qsub: job 16585.sith-mgmt2.ccs.ornl.gov completed
qsub: waiting for job 16586.sith-mgmt2.ccs.ornl.gov to start
qsub: job 16586.sith-mgmt2.ccs.ornl.gov ready

/ccs/home/xzou2/alac_fastbit_comp/alac_multi_engine/build/bin/alac encode -p268435456E -x -edouble -s16 /lustre/widow2/scratch/xzou2/widow0-20130305/tmp/potential.4567 /lustre/widow2/scratch/xzou2/widow0-20130305/tmp_out/potential
   43.534
Encoding complete, 2147483648 bytes of input data successfully encoded into 1 partitions

qsub: job 16586.sith-mgmt2.ccs.ornl.gov completed
qsub: waiting for job 16587.sith-mgmt2.ccs.ornl.gov to start
qsub: job 16587.sith-mgmt2.ccs.ornl.gov ready

/ccs/home/xzou2/alac_fastbit_comp/alac_multi_engine/build/bin/alac encode -p268435456E -x -edouble -s16 /lustre/widow2/scratch/xzou2/widow0-20130305/tmp/potential.4567 /lustre/widow2/scratch/xzou2/widow0-20130305/tmp_out/potential
   40.931
Encoding complete, 2147483648 bytes of input data successfully encoded into 1 partitions

qsub: job 16587.sith-mgmt2.ccs.ornl.gov completed
qsub: waiting for job 16588.sith-mgmt2.ccs.ornl.gov to start
qsub: job 16588.sith-mgmt2.ccs.ornl.gov ready

/ccs/home/xzou2/alac_fastbit_comp/alac_multi_engine/build/bin/alac encode -p268435456E -x -edouble -s16 /lustre/widow2/scratch/xzou2/widow0-20130305/tmp/potential.4567 /lustre/widow2/scratch/xzou2/widow0-20130305/tmp_out/potential
   41.011
Encoding complete, 2147483648 bytes of input data successfully encoded into 1 partitions

qsub: job 16588.sith-mgmt2.ccs.ornl.gov completed
qsub: waiting for job 16589.sith-mgmt2.ccs.ornl.gov to start
qsub: job 16589.sith-mgmt2.ccs.ornl.gov ready

/ccs/home/xzou2/alac_fastbit_comp/alac_multi_engine/build/bin/alac encode -p268435456E -x -edouble -s16 /lustre/widow2/scratch/xzou2/widow0-20130305/tmp/potential.4567 /lustre/widow2/scratch/xzou2/widow0-20130305/tmp_out/potential
   41.128
Encoding complete, 2147483648 bytes of input data successfully encoded into 1 partitions

qsub: job 16589.sith-mgmt2.ccs.ornl.gov completed

RPFD
qsub: waiting for job 16590.sith-mgmt2.ccs.ornl.gov to start
qsub: job 16590.sith-mgmt2.ccs.ornl.gov ready

/ccs/home/xzou2/alac_fastbit_comp/alac_multi_engine/build/bin/alac encode -p268435456E -h -edouble -s16 /lustre/widow2/scratch/xzou2/widow0-20130305/tmp/potential.4567 /lustre/widow2/scratch/xzou2/widow0-20130305/tmp_out/potential
   40.842
Encoding complete, 2147483648 bytes of input data successfully encoded into 1 partitions

qsub: job 16590.sith-mgmt2.ccs.ornl.gov completed
qsub: waiting for job 16591.sith-mgmt2.ccs.ornl.gov to start
qsub: job 16591.sith-mgmt2.ccs.ornl.gov ready

/ccs/home/xzou2/alac_fastbit_comp/alac_multi_engine/build/bin/alac encode -p268435456E -h -edouble -s16 /lustre/widow2/scratch/xzou2/widow0-20130305/tmp/potential.4567 /lustre/widow2/scratch/xzou2/widow0-20130305/tmp_out/potential
   43.616
Encoding complete, 2147483648 bytes of input data successfully encoded into 1 partitions

qsub: job 16591.sith-mgmt2.ccs.ornl.gov completed
qsub: waiting for job 16592.sith-mgmt2.ccs.ornl.gov to start
qsub: job 16592.sith-mgmt2.ccs.ornl.gov ready

/ccs/home/xzou2/alac_fastbit_comp/alac_multi_engine/build/bin/alac encode -p268435456E -h -edouble -s16 /lustre/widow2/scratch/xzou2/widow0-20130305/tmp/potential.4567 /lustre/widow2/scratch/xzou2/widow0-20130305/tmp_out/potential
   43.747
Encoding complete, 2147483648 bytes of input data successfully encoded into 1 partitions

qsub: job 16592.sith-mgmt2.ccs.ornl.gov completed
qsub: waiting for job 16593.sith-mgmt2.ccs.ornl.gov to start
qsub: job 16593.sith-mgmt2.ccs.ornl.gov ready

/ccs/home/xzou2/alac_fastbit_comp/alac_multi_engine/build/bin/alac encode -p268435456E -h -edouble -s16 /lustre/widow2/scratch/xzou2/widow0-20130305/tmp/potential.4567 /lustre/widow2/scratch/xzou2/widow0-20130305/tmp_out/potential
   40.832
Encoding complete, 2147483648 bytes of input data successfully encoded into 1 partitions

qsub: job 16593.sith-mgmt2.ccs.ornl.gov completed
qsub: waiting for job 16594.sith-mgmt2.ccs.ornl.gov to start
qsub: job 16594.sith-mgmt2.ccs.ornl.gov ready

/ccs/home/xzou2/alac_fastbit_comp/alac_multi_engine/build/bin/alac encode -p268435456E -h -edouble -s16 /lustre/widow2/scratch/xzou2/widow0-20130305/tmp/potential.4567 /lustre/widow2/scratch/xzou2/widow0-20130305/tmp_out/potential
   40.861
Encoding complete, 2147483648 bytes of input data successfully encoded into 1 partitions

qsub: job 16594.sith-mgmt2.ccs.ornl.gov completed

EPFD
qsub: waiting for job 16595.sith-mgmt2.ccs.ornl.gov to start
qsub: job 16595.sith-mgmt2.ccs.ornl.gov ready

/ccs/home/xzou2/alac_fastbit_comp/alac_multi_engine/build/bin/alac encode -p268435456E -r -edouble -s16 /lustre/widow2/scratch/xzou2/widow0-20130305/tmp/potential.4567 /lustre/widow2/scratch/xzou2/widow0-20130305/tmp_out/potential
   40.493
Encoding complete, 2147483648 bytes of input data successfully encoded into 1 partitions

qsub: job 16595.sith-mgmt2.ccs.ornl.gov completed
qsub: waiting for job 16596.sith-mgmt2.ccs.ornl.gov to start
qsub: job 16596.sith-mgmt2.ccs.ornl.gov ready

/ccs/home/xzou2/alac_fastbit_comp/alac_multi_engine/build/bin/alac encode -p268435456E -r -edouble -s16 /lustre/widow2/scratch/xzou2/widow0-20130305/tmp/potential.4567 /lustre/widow2/scratch/xzou2/widow0-20130305/tmp_out/potential
   40.709
Encoding complete, 2147483648 bytes of input data successfully encoded into 1 partitions

qsub: job 16596.sith-mgmt2.ccs.ornl.gov completed
qsub: waiting for job 16597.sith-mgmt2.ccs.ornl.gov to start
qsub: job 16597.sith-mgmt2.ccs.ornl.gov ready

/ccs/home/xzou2/alac_fastbit_comp/alac_multi_engine/build/bin/alac encode -p268435456E -r -edouble -s16 /lustre/widow2/scratch/xzou2/widow0-20130305/tmp/potential.4567 /lustre/widow2/scratch/xzou2/widow0-20130305/tmp_out/potential
   40.317
Encoding complete, 2147483648 bytes of input data successfully encoded into 1 partitions

qsub: job 16597.sith-mgmt2.ccs.ornl.gov completed
qsub: waiting for job 16598.sith-mgmt2.ccs.ornl.gov to start
qsub: job 16598.sith-mgmt2.ccs.ornl.gov ready

/ccs/home/xzou2/alac_fastbit_comp/alac_multi_engine/build/bin/alac encode -p268435456E -r -edouble -s16 /lustre/widow2/scratch/xzou2/widow0-20130305/tmp/potential.4567 /lustre/widow2/scratch/xzou2/widow0-20130305/tmp_out/potential
   43.114
Encoding complete, 2147483648 bytes of input data successfully encoded into 1 partitions

qsub: job 16598.sith-mgmt2.ccs.ornl.gov completed
qsub: waiting for job 16599.sith-mgmt2.ccs.ornl.gov to start
qsub: job 16599.sith-mgmt2.ccs.ornl.gov ready

/ccs/home/xzou2/alac_fastbit_comp/alac_multi_engine/build/bin/alac encode -p268435456E -r -edouble -s16 /lustre/widow2/scratch/xzou2/widow0-20130305/tmp/potential.4567 /lustre/widow2/scratch/xzou2/widow0-20130305/tmp_out/potential
   40.383
Encoding complete, 2147483648 bytes of input data successfully encoded into 1 partitions

qsub: job 16599.sith-mgmt2.ccs.ornl.gov completed

uvel.bin
PFD
qsub: waiting for job 16600.sith-mgmt2.ccs.ornl.gov to start
qsub: job 16600.sith-mgmt2.ccs.ornl.gov ready

/ccs/home/xzou2/alac_fastbit_comp/alac_multi_engine/build/bin/alac encode -p268435456E -x -edouble -s16 /lustre/widow2/scratch/xzou2/widow0-20130305/tmp/potential.4567 /lustre/widow2/scratch/xzou2/widow0-20130305/tmp_out/potential
   38.000
Encoding complete, 2147483648 bytes of input data successfully encoded into 1 partitions

qsub: job 16600.sith-mgmt2.ccs.ornl.gov completed
qsub: waiting for job 16601.sith-mgmt2.ccs.ornl.gov to start
qsub: job 16601.sith-mgmt2.ccs.ornl.gov ready

/ccs/home/xzou2/alac_fastbit_comp/alac_multi_engine/build/bin/alac encode -p268435456E -x -edouble -s16 /lustre/widow2/scratch/xzou2/widow0-20130305/tmp/potential.4567 /lustre/widow2/scratch/xzou2/widow0-20130305/tmp_out/potential
   39.854
Encoding complete, 2147483648 bytes of input data successfully encoded into 1 partitions

qsub: job 16601.sith-mgmt2.ccs.ornl.gov completed
qsub: waiting for job 16602.sith-mgmt2.ccs.ornl.gov to start
qsub: job 16602.sith-mgmt2.ccs.ornl.gov ready

/ccs/home/xzou2/alac_fastbit_comp/alac_multi_engine/build/bin/alac encode -p268435456E -x -edouble -s16 /lustre/widow2/scratch/xzou2/widow0-20130305/tmp/potential.4567 /lustre/widow2/scratch/xzou2/widow0-20130305/tmp_out/potential
   37.911
Encoding complete, 2147483648 bytes of input data successfully encoded into 1 partitions

qsub: job 16602.sith-mgmt2.ccs.ornl.gov completed
qsub: waiting for job 16603.sith-mgmt2.ccs.ornl.gov to start
qsub: job 16603.sith-mgmt2.ccs.ornl.gov ready

/ccs/home/xzou2/alac_fastbit_comp/alac_multi_engine/build/bin/alac encode -p268435456E -x -edouble -s16 /lustre/widow2/scratch/xzou2/widow0-20130305/tmp/potential.4567 /lustre/widow2/scratch/xzou2/widow0-20130305/tmp_out/potential
   37.957
Encoding complete, 2147483648 bytes of input data successfully encoded into 1 partitions

qsub: job 16603.sith-mgmt2.ccs.ornl.gov completed
qsub: waiting for job 16604.sith-mgmt2.ccs.ornl.gov to start
qsub: job 16604.sith-mgmt2.ccs.ornl.gov ready

/ccs/home/xzou2/alac_fastbit_comp/alac_multi_engine/build/bin/alac encode -p268435456E -x -edouble -s16 /lustre/widow2/scratch/xzou2/widow0-20130305/tmp/potential.4567 /lustre/widow2/scratch/xzou2/widow0-20130305/tmp_out/potential
   38.051
Encoding complete, 2147483648 bytes of input data successfully encoded into 1 partitions

qsub: job 16604.sith-mgmt2.ccs.ornl.gov completed

RPFD
qsub: waiting for job 16605.sith-mgmt2.ccs.ornl.gov to start
qsub: job 16605.sith-mgmt2.ccs.ornl.gov ready

/ccs/home/xzou2/alac_fastbit_comp/alac_multi_engine/build/bin/alac encode -p268435456E -h -edouble -s16 /lustre/widow2/scratch/xzou2/widow0-20130305/tmp/potential.4567 /lustre/widow2/scratch/xzou2/widow0-20130305/tmp_out/potential
   37.481
Encoding complete, 2147483648 bytes of input data successfully encoded into 1 partitions

qsub: job 16605.sith-mgmt2.ccs.ornl.gov completed
qsub: waiting for job 16606.sith-mgmt2.ccs.ornl.gov to start
qsub: job 16606.sith-mgmt2.ccs.ornl.gov ready

/ccs/home/xzou2/alac_fastbit_comp/alac_multi_engine/build/bin/alac encode -p268435456E -h -edouble -s16 /lustre/widow2/scratch/xzou2/widow0-20130305/tmp/potential.4567 /lustre/widow2/scratch/xzou2/widow0-20130305/tmp_out/potential
   37.582
Encoding complete, 2147483648 bytes of input data successfully encoded into 1 partitions

qsub: job 16606.sith-mgmt2.ccs.ornl.gov completed
qsub: waiting for job 16607.sith-mgmt2.ccs.ornl.gov to start
qsub: job 16607.sith-mgmt2.ccs.ornl.gov ready

/ccs/home/xzou2/alac_fastbit_comp/alac_multi_engine/build/bin/alac encode -p268435456E -h -edouble -s16 /lustre/widow2/scratch/xzou2/widow0-20130305/tmp/potential.4567 /lustre/widow2/scratch/xzou2/widow0-20130305/tmp_out/potential
   37.712
Encoding complete, 2147483648 bytes of input data successfully encoded into 1 partitions

qsub: job 16607.sith-mgmt2.ccs.ornl.gov completed
qsub: waiting for job 16608.sith-mgmt2.ccs.ornl.gov to start
qsub: job 16608.sith-mgmt2.ccs.ornl.gov ready

/ccs/home/xzou2/alac_fastbit_comp/alac_multi_engine/build/bin/alac encode -p268435456E -h -edouble -s16 /lustre/widow2/scratch/xzou2/widow0-20130305/tmp/potential.4567 /lustre/widow2/scratch/xzou2/widow0-20130305/tmp_out/potential
   37.510
Encoding complete, 2147483648 bytes of input data successfully encoded into 1 partitions

qsub: job 16608.sith-mgmt2.ccs.ornl.gov completed
qsub: waiting for job 16609.sith-mgmt2.ccs.ornl.gov to start
qsub: job 16609.sith-mgmt2.ccs.ornl.gov ready

/ccs/home/xzou2/alac_fastbit_comp/alac_multi_engine/build/bin/alac encode -p268435456E -h -edouble -s16 /lustre/widow2/scratch/xzou2/widow0-20130305/tmp/potential.4567 /lustre/widow2/scratch/xzou2/widow0-20130305/tmp_out/potential
   37.618
Encoding complete, 2147483648 bytes of input data successfully encoded into 1 partitions

qsub: job 16609.sith-mgmt2.ccs.ornl.gov completed

EPFD
qsub: waiting for job 16610.sith-mgmt2.ccs.ornl.gov to start
qsub: job 16610.sith-mgmt2.ccs.ornl.gov ready

/ccs/home/xzou2/alac_fastbit_comp/alac_multi_engine/build/bin/alac encode -p268435456E -r -edouble -s16 /lustre/widow2/scratch/xzou2/widow0-20130305/tmp/potential.4567 /lustre/widow2/scratch/xzou2/widow0-20130305/tmp_out/potential
   38.265
Encoding complete, 2147483648 bytes of input data successfully encoded into 1 partitions

qsub: job 16610.sith-mgmt2.ccs.ornl.gov completed
qsub: waiting for job 16611.sith-mgmt2.ccs.ornl.gov to start
qsub: job 16611.sith-mgmt2.ccs.ornl.gov ready

/ccs/home/xzou2/alac_fastbit_comp/alac_multi_engine/build/bin/alac encode -p268435456E -r -edouble -s16 /lustre/widow2/scratch/xzou2/widow0-20130305/tmp/potential.4567 /lustre/widow2/scratch/xzou2/widow0-20130305/tmp_out/potential
   39.435
Encoding complete, 2147483648 bytes of input data successfully encoded into 1 partitions

qsub: job 16611.sith-mgmt2.ccs.ornl.gov completed
qsub: waiting for job 16612.sith-mgmt2.ccs.ornl.gov to start
qsub: job 16612.sith-mgmt2.ccs.ornl.gov ready

/ccs/home/xzou2/alac_fastbit_comp/alac_multi_engine/build/bin/alac encode -p268435456E -r -edouble -s16 /lustre/widow2/scratch/xzou2/widow0-20130305/tmp/potential.4567 /lustre/widow2/scratch/xzou2/widow0-20130305/tmp_out/potential
   38.255
Encoding complete, 2147483648 bytes of input data successfully encoded into 1 partitions

qsub: job 16612.sith-mgmt2.ccs.ornl.gov completed
qsub: waiting for job 16613.sith-mgmt2.ccs.ornl.gov to start
qsub: job 16613.sith-mgmt2.ccs.ornl.gov ready

/ccs/home/xzou2/alac_fastbit_comp/alac_multi_engine/build/bin/alac encode -p268435456E -r -edouble -s16 /lustre/widow2/scratch/xzou2/widow0-20130305/tmp/potential.4567 /lustre/widow2/scratch/xzou2/widow0-20130305/tmp_out/potential
   38.079
Encoding complete, 2147483648 bytes of input data successfully encoded into 1 partitions

qsub: job 16613.sith-mgmt2.ccs.ornl.gov completed
qsub: waiting for job 16614.sith-mgmt2.ccs.ornl.gov to start
qsub: job 16614.sith-mgmt2.ccs.ornl.gov ready

/ccs/home/xzou2/alac_fastbit_comp/alac_multi_engine/build/bin/alac encode -p268435456E -r -edouble -s16 /lustre/widow2/scratch/xzou2/widow0-20130305/tmp/potential.4567 /lustre/widow2/scratch/xzou2/widow0-20130305/tmp_out/potential
   38.141
Encoding complete, 2147483648 bytes of input data successfully encoded into 1 partitions

qsub: job 16614.sith-mgmt2.ccs.ornl.gov completed

vvel.bin
PFD
qsub: waiting for job 16615.sith-mgmt2.ccs.ornl.gov to start
qsub: job 16615.sith-mgmt2.ccs.ornl.gov ready

/ccs/home/xzou2/alac_fastbit_comp/alac_multi_engine/build/bin/alac encode -p268435456E -x -edouble -s16 /lustre/widow2/scratch/xzou2/widow0-20130305/tmp/potential.4567 /lustre/widow2/scratch/xzou2/widow0-20130305/tmp_out/potential
   40.841
Encoding complete, 2147483648 bytes of input data successfully encoded into 1 partitions

qsub: job 16615.sith-mgmt2.ccs.ornl.gov completed
qsub: waiting for job 16616.sith-mgmt2.ccs.ornl.gov to start
qsub: job 16616.sith-mgmt2.ccs.ornl.gov ready

/ccs/home/xzou2/alac_fastbit_comp/alac_multi_engine/build/bin/alac encode -p268435456E -x -edouble -s16 /lustre/widow2/scratch/xzou2/widow0-20130305/tmp/potential.4567 /lustre/widow2/scratch/xzou2/widow0-20130305/tmp_out/potential
   41.071
Encoding complete, 2147483648 bytes of input data successfully encoded into 1 partitions

qsub: job 16616.sith-mgmt2.ccs.ornl.gov completed
qsub: waiting for job 16617.sith-mgmt2.ccs.ornl.gov to start
qsub: job 16617.sith-mgmt2.ccs.ornl.gov ready

/ccs/home/xzou2/alac_fastbit_comp/alac_multi_engine/build/bin/alac encode -p268435456E -x -edouble -s16 /lustre/widow2/scratch/xzou2/widow0-20130305/tmp/potential.4567 /lustre/widow2/scratch/xzou2/widow0-20130305/tmp_out/potential
   40.966
Encoding complete, 2147483648 bytes of input data successfully encoded into 1 partitions

qsub: job 16617.sith-mgmt2.ccs.ornl.gov completed
qsub: waiting for job 16618.sith-mgmt2.ccs.ornl.gov to start
qsub: job 16618.sith-mgmt2.ccs.ornl.gov ready

/ccs/home/xzou2/alac_fastbit_comp/alac_multi_engine/build/bin/alac encode -p268435456E -x -edouble -s16 /lustre/widow2/scratch/xzou2/widow0-20130305/tmp/potential.4567 /lustre/widow2/scratch/xzou2/widow0-20130305/tmp_out/potential
   42.902
Encoding complete, 2147483648 bytes of input data successfully encoded into 1 partitions

qsub: job 16618.sith-mgmt2.ccs.ornl.gov completed
qsub: waiting for job 16619.sith-mgmt2.ccs.ornl.gov to start
qsub: job 16619.sith-mgmt2.ccs.ornl.gov ready

/ccs/home/xzou2/alac_fastbit_comp/alac_multi_engine/build/bin/alac encode -p268435456E -x -edouble -s16 /lustre/widow2/scratch/xzou2/widow0-20130305/tmp/potential.4567 /lustre/widow2/scratch/xzou2/widow0-20130305/tmp_out/potential
   40.828
Encoding complete, 2147483648 bytes of input data successfully encoded into 1 partitions

qsub: job 16619.sith-mgmt2.ccs.ornl.gov completed

RPFD
qsub: waiting for job 16620.sith-mgmt2.ccs.ornl.gov to start
qsub: job 16620.sith-mgmt2.ccs.ornl.gov ready

/ccs/home/xzou2/alac_fastbit_comp/alac_multi_engine/build/bin/alac encode -p268435456E -h -edouble -s16 /lustre/widow2/scratch/xzou2/widow0-20130305/tmp/potential.4567 /lustre/widow2/scratch/xzou2/widow0-20130305/tmp_out/potential
   43.556
Encoding complete, 2147483648 bytes of input data successfully encoded into 1 partitions

qsub: job 16620.sith-mgmt2.ccs.ornl.gov completed
qsub: waiting for job 16621.sith-mgmt2.ccs.ornl.gov to start
qsub: job 16621.sith-mgmt2.ccs.ornl.gov ready

/ccs/home/xzou2/alac_fastbit_comp/alac_multi_engine/build/bin/alac encode -p268435456E -h -edouble -s16 /lustre/widow2/scratch/xzou2/widow0-20130305/tmp/potential.4567 /lustre/widow2/scratch/xzou2/widow0-20130305/tmp_out/potential
   40.947
Encoding complete, 2147483648 bytes of input data successfully encoded into 1 partitions

qsub: job 16621.sith-mgmt2.ccs.ornl.gov completed
qsub: waiting for job 16622.sith-mgmt2.ccs.ornl.gov to start
qsub: job 16622.sith-mgmt2.ccs.ornl.gov ready

/ccs/home/xzou2/alac_fastbit_comp/alac_multi_engine/build/bin/alac encode -p268435456E -h -edouble -s16 /lustre/widow2/scratch/xzou2/widow0-20130305/tmp/potential.4567 /lustre/widow2/scratch/xzou2/widow0-20130305/tmp_out/potential
   43.660
Encoding complete, 2147483648 bytes of input data successfully encoded into 1 partitions

qsub: job 16622.sith-mgmt2.ccs.ornl.gov completed
qsub: waiting for job 16623.sith-mgmt2.ccs.ornl.gov to start
qsub: job 16623.sith-mgmt2.ccs.ornl.gov ready

/ccs/home/xzou2/alac_fastbit_comp/alac_multi_engine/build/bin/alac encode -p268435456E -h -edouble -s16 /lustre/widow2/scratch/xzou2/widow0-20130305/tmp/potential.4567 /lustre/widow2/scratch/xzou2/widow0-20130305/tmp_out/potential
   41.844
Encoding complete, 2147483648 bytes of input data successfully encoded into 1 partitions

qsub: job 16623.sith-mgmt2.ccs.ornl.gov completed
qsub: waiting for job 16624.sith-mgmt2.ccs.ornl.gov to start
qsub: job 16624.sith-mgmt2.ccs.ornl.gov ready

/ccs/home/xzou2/alac_fastbit_comp/alac_multi_engine/build/bin/alac encode -p268435456E -h -edouble -s16 /lustre/widow2/scratch/xzou2/widow0-20130305/tmp/potential.4567 /lustre/widow2/scratch/xzou2/widow0-20130305/tmp_out/potential
   40.905
Encoding complete, 2147483648 bytes of input data successfully encoded into 1 partitions

qsub: job 16624.sith-mgmt2.ccs.ornl.gov completed

EPFD
qsub: waiting for job 16625.sith-mgmt2.ccs.ornl.gov to start
qsub: job 16625.sith-mgmt2.ccs.ornl.gov ready

/ccs/home/xzou2/alac_fastbit_comp/alac_multi_engine/build/bin/alac encode -p268435456E -r -edouble -s16 /lustre/widow2/scratch/xzou2/widow0-20130305/tmp/potential.4567 /lustre/widow2/scratch/xzou2/widow0-20130305/tmp_out/potential
   40.308
Encoding complete, 2147483648 bytes of input data successfully encoded into 1 partitions

qsub: job 16625.sith-mgmt2.ccs.ornl.gov completed
qsub: waiting for job 16626.sith-mgmt2.ccs.ornl.gov to start
qsub: job 16626.sith-mgmt2.ccs.ornl.gov ready

/ccs/home/xzou2/alac_fastbit_comp/alac_multi_engine/build/bin/alac encode -p268435456E -r -edouble -s16 /lustre/widow2/scratch/xzou2/widow0-20130305/tmp/potential.4567 /lustre/widow2/scratch/xzou2/widow0-20130305/tmp_out/potential
   40.477
Encoding complete, 2147483648 bytes of input data successfully encoded into 1 partitions

qsub: job 16626.sith-mgmt2.ccs.ornl.gov completed
qsub: waiting for job 16627.sith-mgmt2.ccs.ornl.gov to start
qsub: job 16627.sith-mgmt2.ccs.ornl.gov ready

/ccs/home/xzou2/alac_fastbit_comp/alac_multi_engine/build/bin/alac encode -p268435456E -r -edouble -s16 /lustre/widow2/scratch/xzou2/widow0-20130305/tmp/potential.4567 /lustre/widow2/scratch/xzou2/widow0-20130305/tmp_out/potential
   42.684
Encoding complete, 2147483648 bytes of input data successfully encoded into 1 partitions

qsub: job 16627.sith-mgmt2.ccs.ornl.gov completed
qsub: waiting for job 16628.sith-mgmt2.ccs.ornl.gov to start
qsub: job 16628.sith-mgmt2.ccs.ornl.gov ready

/ccs/home/xzou2/alac_fastbit_comp/alac_multi_engine/build/bin/alac encode -p268435456E -r -edouble -s16 /lustre/widow2/scratch/xzou2/widow0-20130305/tmp/potential.4567 /lustre/widow2/scratch/xzou2/widow0-20130305/tmp_out/potential
   40.230
Encoding complete, 2147483648 bytes of input data successfully encoded into 1 partitions

qsub: job 16628.sith-mgmt2.ccs.ornl.gov completed
qsub: waiting for job 16629.sith-mgmt2.ccs.ornl.gov to start
qsub: job 16629.sith-mgmt2.ccs.ornl.gov ready

/ccs/home/xzou2/alac_fastbit_comp/alac_multi_engine/build/bin/alac encode -p268435456E -r -edouble -s16 /lustre/widow2/scratch/xzou2/widow0-20130305/tmp/potential.4567 /lustre/widow2/scratch/xzou2/widow0-20130305/tmp_out/potential
   40.376
Encoding complete, 2147483648 bytes of input data successfully encoded into 1 partitions

qsub: job 16629.sith-mgmt2.ccs.ornl.gov completed

uvel.bin
PFD
qsub: waiting for job 18815.sith-mgmt2.ccs.ornl.gov to start
qsub: job 18815.sith-mgmt2.ccs.ornl.gov ready

/ccs/home/xzou2/alac_fastbit_comp/alac_multi_engine/build/bin/alac encode -p268435456E -x -edouble -s16 /lustre/widow2/scratch/xzou2/widow0-20130305/tmp/potential.4567 /lustre/widow2/scratch/xzou2/widow0-20130305/tmp_out/potential
   13.193
Encoding complete, 2147483648 bytes of input data successfully encoded into 1 partitions

qsub: job 18815.sith-mgmt2.ccs.ornl.gov completed
qsub: waiting for job 18816.sith-mgmt2.ccs.ornl.gov to start
qsub: job 18816.sith-mgmt2.ccs.ornl.gov ready

/ccs/home/xzou2/alac_fastbit_comp/alac_multi_engine/build/bin/alac encode -p268435456E -x -edouble -s16 /lustre/widow2/scratch/xzou2/widow0-20130305/tmp/potential.4567 /lustre/widow2/scratch/xzou2/widow0-20130305/tmp_out/potential
   14.399
Encoding complete, 2147483648 bytes of input data successfully encoded into 1 partitions

qsub: job 18816.sith-mgmt2.ccs.ornl.gov completed
qsub: waiting for job 18817.sith-mgmt2.ccs.ornl.gov to start
qsub: job 18817.sith-mgmt2.ccs.ornl.gov ready

/ccs/home/xzou2/alac_fastbit_comp/alac_multi_engine/build/bin/alac encode -p268435456E -x -edouble -s16 /lustre/widow2/scratch/xzou2/widow0-20130305/tmp/potential.4567 /lustre/widow2/scratch/xzou2/widow0-20130305/tmp_out/potential
   13.062
Encoding complete, 2147483648 bytes of input data successfully encoded into 1 partitions

qsub: job 18817.sith-mgmt2.ccs.ornl.gov completed
qsub: waiting for job 18818.sith-mgmt2.ccs.ornl.gov to start
qsub: job 18818.sith-mgmt2.ccs.ornl.gov ready

/ccs/home/xzou2/alac_fastbit_comp/alac_multi_engine/build/bin/alac encode -p268435456E -x -edouble -s16 /lustre/widow2/scratch/xzou2/widow0-20130305/tmp/potential.4567 /lustre/widow2/scratch/xzou2/widow0-20130305/tmp_out/potential
   12.973
Encoding complete, 2147483648 bytes of input data successfully encoded into 1 partitions

qsub: job 18818.sith-mgmt2.ccs.ornl.gov completed
qsub: waiting for job 18819.sith-mgmt2.ccs.ornl.gov to start
qsub: job 18819.sith-mgmt2.ccs.ornl.gov ready

/ccs/home/xzou2/alac_fastbit_comp/alac_multi_engine/build/bin/alac encode -p268435456E -x -edouble -s16 /lustre/widow2/scratch/xzou2/widow0-20130305/tmp/potential.4567 /lustre/widow2/scratch/xzou2/widow0-20130305/tmp_out/potential
   14.393
Encoding complete, 2147483648 bytes of input data successfully encoded into 1 partitions

qsub: job 18819.sith-mgmt2.ccs.ornl.gov completed

RPFD
qsub: waiting for job 18820.sith-mgmt2.ccs.ornl.gov to start
qsub: job 18820.sith-mgmt2.ccs.ornl.gov ready

/ccs/home/xzou2/alac_fastbit_comp/alac_multi_engine/build/bin/alac encode -p268435456E -h -edouble -s16 /lustre/widow2/scratch/xzou2/widow0-20130305/tmp/potential.4567 /lustre/widow2/scratch/xzou2/widow0-20130305/tmp_out/potential
   13.183
Encoding complete, 2147483648 bytes of input data successfully encoded into 1 partitions

qsub: job 18820.sith-mgmt2.ccs.ornl.gov completed
qsub: waiting for job 18821.sith-mgmt2.ccs.ornl.gov to start
qsub: job 18821.sith-mgmt2.ccs.ornl.gov ready

/ccs/home/xzou2/alac_fastbit_comp/alac_multi_engine/build/bin/alac encode -p268435456E -h -edouble -s16 /lustre/widow2/scratch/xzou2/widow0-20130305/tmp/potential.4567 /lustre/widow2/scratch/xzou2/widow0-20130305/tmp_out/potential
   12.948
Encoding complete, 2147483648 bytes of input data successfully encoded into 1 partitions

qsub: job 18821.sith-mgmt2.ccs.ornl.gov completed
qsub: waiting for job 18822.sith-mgmt2.ccs.ornl.gov to start
qsub: job 18822.sith-mgmt2.ccs.ornl.gov ready

/ccs/home/xzou2/alac_fastbit_comp/alac_multi_engine/build/bin/alac encode -p268435456E -h -edouble -s16 /lustre/widow2/scratch/xzou2/widow0-20130305/tmp/potential.4567 /lustre/widow2/scratch/xzou2/widow0-20130305/tmp_out/potential
   12.850
Encoding complete, 2147483648 bytes of input data successfully encoded into 1 partitions

qsub: job 18822.sith-mgmt2.ccs.ornl.gov completed
qsub: waiting for job 18823.sith-mgmt2.ccs.ornl.gov to start
qsub: job 18823.sith-mgmt2.ccs.ornl.gov ready

/ccs/home/xzou2/alac_fastbit_comp/alac_multi_engine/build/bin/alac encode -p268435456E -h -edouble -s16 /lustre/widow2/scratch/xzou2/widow0-20130305/tmp/potential.4567 /lustre/widow2/scratch/xzou2/widow0-20130305/tmp_out/potential
   12.931
Encoding complete, 2147483648 bytes of input data successfully encoded into 1 partitions

qsub: job 18823.sith-mgmt2.ccs.ornl.gov completed
qsub: waiting for job 18824.sith-mgmt2.ccs.ornl.gov to start
qsub: job 18824.sith-mgmt2.ccs.ornl.gov ready

/ccs/home/xzou2/alac_fastbit_comp/alac_multi_engine/build/bin/alac encode -p268435456E -h -edouble -s16 /lustre/widow2/scratch/xzou2/widow0-20130305/tmp/potential.4567 /lustre/widow2/scratch/xzou2/widow0-20130305/tmp_out/potential
   12.903
Encoding complete, 2147483648 bytes of input data successfully encoded into 1 partitions

qsub: job 18824.sith-mgmt2.ccs.ornl.gov completed

EPFD
qsub: waiting for job 18825.sith-mgmt2.ccs.ornl.gov to start
qsub: job 18825.sith-mgmt2.ccs.ornl.gov ready

/ccs/home/xzou2/alac_fastbit_comp/alac_multi_engine/build/bin/alac encode -p268435456E -r -edouble -s16 /lustre/widow2/scratch/xzou2/widow0-20130305/tmp/potential.4567 /lustre/widow2/scratch/xzou2/widow0-20130305/tmp_out/potential
   14.557
Encoding complete, 2147483648 bytes of input data successfully encoded into 1 partitions

qsub: job 18825.sith-mgmt2.ccs.ornl.gov completed
qsub: waiting for job 18826.sith-mgmt2.ccs.ornl.gov to start
qsub: job 18826.sith-mgmt2.ccs.ornl.gov ready

/ccs/home/xzou2/alac_fastbit_comp/alac_multi_engine/build/bin/alac encode -p268435456E -r -edouble -s16 /lustre/widow2/scratch/xzou2/widow0-20130305/tmp/potential.4567 /lustre/widow2/scratch/xzou2/widow0-20130305/tmp_out/potential
   13.450
Encoding complete, 2147483648 bytes of input data successfully encoded into 1 partitions

qsub: job 18826.sith-mgmt2.ccs.ornl.gov completed
qsub: waiting for job 18827.sith-mgmt2.ccs.ornl.gov to start
qsub: job 18827.sith-mgmt2.ccs.ornl.gov ready

/ccs/home/xzou2/alac_fastbit_comp/alac_multi_engine/build/bin/alac encode -p268435456E -r -edouble -s16 /lustre/widow2/scratch/xzou2/widow0-20130305/tmp/potential.4567 /lustre/widow2/scratch/xzou2/widow0-20130305/tmp_out/potential
   13.399
Encoding complete, 2147483648 bytes of input data successfully encoded into 1 partitions

qsub: job 18827.sith-mgmt2.ccs.ornl.gov completed
qsub: waiting for job 18828.sith-mgmt2.ccs.ornl.gov to start
qsub: job 18828.sith-mgmt2.ccs.ornl.gov ready

/ccs/home/xzou2/alac_fastbit_comp/alac_multi_engine/build/bin/alac encode -p268435456E -r -edouble -s16 /lustre/widow2/scratch/xzou2/widow0-20130305/tmp/potential.4567 /lustre/widow2/scratch/xzou2/widow0-20130305/tmp_out/potential
   13.322
Encoding complete, 2147483648 bytes of input data successfully encoded into 1 partitions

qsub: job 18828.sith-mgmt2.ccs.ornl.gov completed
qsub: waiting for job 18829.sith-mgmt2.ccs.ornl.gov to start
qsub: job 18829.sith-mgmt2.ccs.ornl.gov ready

/ccs/home/xzou2/alac_fastbit_comp/alac_multi_engine/build/bin/alac encode -p268435456E -r -edouble -s16 /lustre/widow2/scratch/xzou2/widow0-20130305/tmp/potential.4567 /lustre/widow2/scratch/xzou2/widow0-20130305/tmp_out/potential
   13.376
Encoding complete, 2147483648 bytes of input data successfully encoded into 1 partitions

qsub: job 18829.sith-mgmt2.ccs.ornl.gov completed

vvel.bin
PFD
qsub: waiting for job 18830.sith-mgmt2.ccs.ornl.gov to start
qsub: job 18830.sith-mgmt2.ccs.ornl.gov ready

/ccs/home/xzou2/alac_fastbit_comp/alac_multi_engine/build/bin/alac encode -p268435456E -x -edouble -s16 /lustre/widow2/scratch/xzou2/widow0-20130305/tmp/potential.4567 /lustre/widow2/scratch/xzou2/widow0-20130305/tmp_out/potential
   17.912
Encoding complete, 2147483648 bytes of input data successfully encoded into 1 partitions

qsub: job 18830.sith-mgmt2.ccs.ornl.gov completed
qsub: waiting for job 18831.sith-mgmt2.ccs.ornl.gov to start
qsub: job 18831.sith-mgmt2.ccs.ornl.gov ready

/ccs/home/xzou2/alac_fastbit_comp/alac_multi_engine/build/bin/alac encode -p268435456E -x -edouble -s16 /lustre/widow2/scratch/xzou2/widow0-20130305/tmp/potential.4567 /lustre/widow2/scratch/xzou2/widow0-20130305/tmp_out/potential
   17.611
Encoding complete, 2147483648 bytes of input data successfully encoded into 1 partitions

qsub: job 18831.sith-mgmt2.ccs.ornl.gov completed
qsub: waiting for job 18832.sith-mgmt2.ccs.ornl.gov to start
qsub: job 18832.sith-mgmt2.ccs.ornl.gov ready

/ccs/home/xzou2/alac_fastbit_comp/alac_multi_engine/build/bin/alac encode -p268435456E -x -edouble -s16 /lustre/widow2/scratch/xzou2/widow0-20130305/tmp/potential.4567 /lustre/widow2/scratch/xzou2/widow0-20130305/tmp_out/potential
   15.744
Encoding complete, 2147483648 bytes of input data successfully encoded into 1 partitions

qsub: job 18832.sith-mgmt2.ccs.ornl.gov completed
qsub: waiting for job 18833.sith-mgmt2.ccs.ornl.gov to start
qsub: job 18833.sith-mgmt2.ccs.ornl.gov ready

/ccs/home/xzou2/alac_fastbit_comp/alac_multi_engine/build/bin/alac encode -p268435456E -x -edouble -s16 /lustre/widow2/scratch/xzou2/widow0-20130305/tmp/potential.4567 /lustre/widow2/scratch/xzou2/widow0-20130305/tmp_out/potential
   15.769
Encoding complete, 2147483648 bytes of input data successfully encoded into 1 partitions

qsub: job 18833.sith-mgmt2.ccs.ornl.gov completed
qsub: waiting for job 18834.sith-mgmt2.ccs.ornl.gov to start
qsub: job 18834.sith-mgmt2.ccs.ornl.gov ready

/ccs/home/xzou2/alac_fastbit_comp/alac_multi_engine/build/bin/alac encode -p268435456E -x -edouble -s16 /lustre/widow2/scratch/xzou2/widow0-20130305/tmp/potential.4567 /lustre/widow2/scratch/xzou2/widow0-20130305/tmp_out/potential
   15.923
Encoding complete, 2147483648 bytes of input data successfully encoded into 1 partitions

qsub: job 18834.sith-mgmt2.ccs.ornl.gov completed

RPFD
qsub: waiting for job 18835.sith-mgmt2.ccs.ornl.gov to start
qsub: job 18835.sith-mgmt2.ccs.ornl.gov ready

/ccs/home/xzou2/alac_fastbit_comp/alac_multi_engine/build/bin/alac encode -p268435456E -h -edouble -s16 /lustre/widow2/scratch/xzou2/widow0-20130305/tmp/potential.4567 /lustre/widow2/scratch/xzou2/widow0-20130305/tmp_out/potential
   15.719
Encoding complete, 2147483648 bytes of input data successfully encoded into 1 partitions

qsub: job 18835.sith-mgmt2.ccs.ornl.gov completed
qsub: waiting for job 18836.sith-mgmt2.ccs.ornl.gov to start
qsub: job 18836.sith-mgmt2.ccs.ornl.gov ready

/ccs/home/xzou2/alac_fastbit_comp/alac_multi_engine/build/bin/alac encode -p268435456E -h -edouble -s16 /lustre/widow2/scratch/xzou2/widow0-20130305/tmp/potential.4567 /lustre/widow2/scratch/xzou2/widow0-20130305/tmp_out/potential
   17.603
Encoding complete, 2147483648 bytes of input data successfully encoded into 1 partitions

qsub: job 18836.sith-mgmt2.ccs.ornl.gov completed
qsub: waiting for job 18837.sith-mgmt2.ccs.ornl.gov to start
qsub: job 18837.sith-mgmt2.ccs.ornl.gov ready

/ccs/home/xzou2/alac_fastbit_comp/alac_multi_engine/build/bin/alac encode -p268435456E -h -edouble -s16 /lustre/widow2/scratch/xzou2/widow0-20130305/tmp/potential.4567 /lustre/widow2/scratch/xzou2/widow0-20130305/tmp_out/potential
   15.728
Encoding complete, 2147483648 bytes of input data successfully encoded into 1 partitions

qsub: job 18837.sith-mgmt2.ccs.ornl.gov completed
qsub: waiting for job 18838.sith-mgmt2.ccs.ornl.gov to start
qsub: job 18838.sith-mgmt2.ccs.ornl.gov ready

/ccs/home/xzou2/alac_fastbit_comp/alac_multi_engine/build/bin/alac encode -p268435456E -h -edouble -s16 /lustre/widow2/scratch/xzou2/widow0-20130305/tmp/potential.4567 /lustre/widow2/scratch/xzou2/widow0-20130305/tmp_out/potential
   15.651
Encoding complete, 2147483648 bytes of input data successfully encoded into 1 partitions

qsub: job 18838.sith-mgmt2.ccs.ornl.gov completed
qsub: waiting for job 18839.sith-mgmt2.ccs.ornl.gov to start
qsub: job 18839.sith-mgmt2.ccs.ornl.gov ready

/ccs/home/xzou2/alac_fastbit_comp/alac_multi_engine/build/bin/alac encode -p268435456E -h -edouble -s16 /lustre/widow2/scratch/xzou2/widow0-20130305/tmp/potential.4567 /lustre/widow2/scratch/xzou2/widow0-20130305/tmp_out/potential
   17.531
Encoding complete, 2147483648 bytes of input data successfully encoded into 1 partitions

qsub: job 18839.sith-mgmt2.ccs.ornl.gov completed

EPFD
qsub: waiting for job 18840.sith-mgmt2.ccs.ornl.gov to start
qsub: job 18840.sith-mgmt2.ccs.ornl.gov ready

/ccs/home/xzou2/alac_fastbit_comp/alac_multi_engine/build/bin/alac encode -p268435456E -r -edouble -s16 /lustre/widow2/scratch/xzou2/widow0-20130305/tmp/potential.4567 /lustre/widow2/scratch/xzou2/widow0-20130305/tmp_out/potential
   16.055
Encoding complete, 2147483648 bytes of input data successfully encoded into 1 partitions

qsub: job 18840.sith-mgmt2.ccs.ornl.gov completed
qsub: waiting for job 18841.sith-mgmt2.ccs.ornl.gov to start
qsub: job 18841.sith-mgmt2.ccs.ornl.gov ready

/ccs/home/xzou2/alac_fastbit_comp/alac_multi_engine/build/bin/alac encode -p268435456E -r -edouble -s16 /lustre/widow2/scratch/xzou2/widow0-20130305/tmp/potential.4567 /lustre/widow2/scratch/xzou2/widow0-20130305/tmp_out/potential
   15.822
Encoding complete, 2147483648 bytes of input data successfully encoded into 1 partitions

qsub: job 18841.sith-mgmt2.ccs.ornl.gov completed
qsub: waiting for job 18842.sith-mgmt2.ccs.ornl.gov to start
qsub: job 18842.sith-mgmt2.ccs.ornl.gov ready

/ccs/home/xzou2/alac_fastbit_comp/alac_multi_engine/build/bin/alac encode -p268435456E -r -edouble -s16 /lustre/widow2/scratch/xzou2/widow0-20130305/tmp/potential.4567 /lustre/widow2/scratch/xzou2/widow0-20130305/tmp_out/potential
   15.874
Encoding complete, 2147483648 bytes of input data successfully encoded into 1 partitions

qsub: job 18842.sith-mgmt2.ccs.ornl.gov completed
qsub: waiting for job 18843.sith-mgmt2.ccs.ornl.gov to start
qsub: job 18843.sith-mgmt2.ccs.ornl.gov ready

/ccs/home/xzou2/alac_fastbit_comp/alac_multi_engine/build/bin/alac encode -p268435456E -r -edouble -s16 /lustre/widow2/scratch/xzou2/widow0-20130305/tmp/potential.4567 /lustre/widow2/scratch/xzou2/widow0-20130305/tmp_out/potential
   15.660
Encoding complete, 2147483648 bytes of input data successfully encoded into 1 partitions

qsub: job 18843.sith-mgmt2.ccs.ornl.gov completed
qsub: waiting for job 18844.sith-mgmt2.ccs.ornl.gov to start
qsub: job 18844.sith-mgmt2.ccs.ornl.gov ready

/ccs/home/xzou2/alac_fastbit_comp/alac_multi_engine/build/bin/alac encode -p268435456E -r -edouble -s16 /lustre/widow2/scratch/xzou2/widow0-20130305/tmp/potential.4567 /lustre/widow2/scratch/xzou2/widow0-20130305/tmp_out/potential
   15.860
Encoding complete, 2147483648 bytes of input data successfully encoded into 1 partitions

qsub: job 18844.sith-mgmt2.ccs.ornl.gov completed

temp.bin
PFD
qsub: waiting for job 18845.sith-mgmt2.ccs.ornl.gov to start
qsub: job 18845.sith-mgmt2.ccs.ornl.gov ready

/ccs/home/xzou2/alac_fastbit_comp/alac_multi_engine/build/bin/alac encode -p268435456E -x -edouble -s16 /lustre/widow2/scratch/xzou2/widow0-20130305/tmp/potential.4567 /lustre/widow2/scratch/xzou2/widow0-20130305/tmp_out/potential
   12.308
Encoding complete, 2147483648 bytes of input data successfully encoded into 1 partitions

qsub: job 18845.sith-mgmt2.ccs.ornl.gov completed
qsub: waiting for job 18846.sith-mgmt2.ccs.ornl.gov to start
qsub: job 18846.sith-mgmt2.ccs.ornl.gov ready

/ccs/home/xzou2/alac_fastbit_comp/alac_multi_engine/build/bin/alac encode -p268435456E -x -edouble -s16 /lustre/widow2/scratch/xzou2/widow0-20130305/tmp/potential.4567 /lustre/widow2/scratch/xzou2/widow0-20130305/tmp_out/potential
   13.305
Encoding complete, 2147483648 bytes of input data successfully encoded into 1 partitions

qsub: job 18846.sith-mgmt2.ccs.ornl.gov completed
qsub: waiting for job 18847.sith-mgmt2.ccs.ornl.gov to start
qsub: job 18847.sith-mgmt2.ccs.ornl.gov ready

/ccs/home/xzou2/alac_fastbit_comp/alac_multi_engine/build/bin/alac encode -p268435456E -x -edouble -s16 /lustre/widow2/scratch/xzou2/widow0-20130305/tmp/potential.4567 /lustre/widow2/scratch/xzou2/widow0-20130305/tmp_out/potential
   13.483
Encoding complete, 2147483648 bytes of input data successfully encoded into 1 partitions

qsub: job 18847.sith-mgmt2.ccs.ornl.gov completed
qsub: waiting for job 18848.sith-mgmt2.ccs.ornl.gov to start
qsub: job 18848.sith-mgmt2.ccs.ornl.gov ready

/ccs/home/xzou2/alac_fastbit_comp/alac_multi_engine/build/bin/alac encode -p268435456E -x -edouble -s16 /lustre/widow2/scratch/xzou2/widow0-20130305/tmp/potential.4567 /lustre/widow2/scratch/xzou2/widow0-20130305/tmp_out/potential
   12.435
Encoding complete, 2147483648 bytes of input data successfully encoded into 1 partitions

qsub: job 18848.sith-mgmt2.ccs.ornl.gov completed
qsub: waiting for job 18849.sith-mgmt2.ccs.ornl.gov to start
qsub: job 18849.sith-mgmt2.ccs.ornl.gov ready

/ccs/home/xzou2/alac_fastbit_comp/alac_multi_engine/build/bin/alac encode -p268435456E -x -edouble -s16 /lustre/widow2/scratch/xzou2/widow0-20130305/tmp/potential.4567 /lustre/widow2/scratch/xzou2/widow0-20130305/tmp_out/potential
   12.471
Encoding complete, 2147483648 bytes of input data successfully encoded into 1 partitions

qsub: job 18849.sith-mgmt2.ccs.ornl.gov completed

RPFD
qsub: waiting for job 18850.sith-mgmt2.ccs.ornl.gov to start
qsub: job 18850.sith-mgmt2.ccs.ornl.gov ready

/ccs/home/xzou2/alac_fastbit_comp/alac_multi_engine/build/bin/alac encode -p268435456E -h -edouble -s16 /lustre/widow2/scratch/xzou2/widow0-20130305/tmp/potential.4567 /lustre/widow2/scratch/xzou2/widow0-20130305/tmp_out/potential
   12.194
Encoding complete, 2147483648 bytes of input data successfully encoded into 1 partitions

qsub: job 18850.sith-mgmt2.ccs.ornl.gov completed
qsub: waiting for job 18851.sith-mgmt2.ccs.ornl.gov to start
qsub: job 18851.sith-mgmt2.ccs.ornl.gov ready

/ccs/home/xzou2/alac_fastbit_comp/alac_multi_engine/build/bin/alac encode -p268435456E -h -edouble -s16 /lustre/widow2/scratch/xzou2/widow0-20130305/tmp/potential.4567 /lustre/widow2/scratch/xzou2/widow0-20130305/tmp_out/potential
   12.221
Encoding complete, 2147483648 bytes of input data successfully encoded into 1 partitions

qsub: job 18851.sith-mgmt2.ccs.ornl.gov completed
qsub: waiting for job 18852.sith-mgmt2.ccs.ornl.gov to start
qsub: job 18852.sith-mgmt2.ccs.ornl.gov ready

/ccs/home/xzou2/alac_fastbit_comp/alac_multi_engine/build/bin/alac encode -p268435456E -h -edouble -s16 /lustre/widow2/scratch/xzou2/widow0-20130305/tmp/potential.4567 /lustre/widow2/scratch/xzou2/widow0-20130305/tmp_out/potential
   12.191
Encoding complete, 2147483648 bytes of input data successfully encoded into 1 partitions

qsub: job 18852.sith-mgmt2.ccs.ornl.gov completed
qsub: waiting for job 18853.sith-mgmt2.ccs.ornl.gov to start
qsub: job 18853.sith-mgmt2.ccs.ornl.gov ready

/ccs/home/xzou2/alac_fastbit_comp/alac_multi_engine/build/bin/alac encode -p268435456E -h -edouble -s16 /lustre/widow2/scratch/xzou2/widow0-20130305/tmp/potential.4567 /lustre/widow2/scratch/xzou2/widow0-20130305/tmp_out/potential
   12.310
Encoding complete, 2147483648 bytes of input data successfully encoded into 1 partitions

qsub: job 18853.sith-mgmt2.ccs.ornl.gov completed
qsub: waiting for job 18854.sith-mgmt2.ccs.ornl.gov to start
qsub: job 18854.sith-mgmt2.ccs.ornl.gov ready

/ccs/home/xzou2/alac_fastbit_comp/alac_multi_engine/build/bin/alac encode -p268435456E -h -edouble -s16 /lustre/widow2/scratch/xzou2/widow0-20130305/tmp/potential.4567 /lustre/widow2/scratch/xzou2/widow0-20130305/tmp_out/potential
   12.344
Encoding complete, 2147483648 bytes of input data successfully encoded into 1 partitions

qsub: job 18854.sith-mgmt2.ccs.ornl.gov completed

EPFD
qsub: waiting for job 18855.sith-mgmt2.ccs.ornl.gov to start
qsub: job 18855.sith-mgmt2.ccs.ornl.gov ready

/ccs/home/xzou2/alac_fastbit_comp/alac_multi_engine/build/bin/alac encode -p268435456E -r -edouble -s16 /lustre/widow2/scratch/xzou2/widow0-20130305/tmp/potential.4567 /lustre/widow2/scratch/xzou2/widow0-20130305/tmp_out/potential
   12.811
Encoding complete, 2147483648 bytes of input data successfully encoded into 1 partitions

qsub: job 18855.sith-mgmt2.ccs.ornl.gov completed
qsub: waiting for job 18856.sith-mgmt2.ccs.ornl.gov to start
qsub: job 18856.sith-mgmt2.ccs.ornl.gov ready

/ccs/home/xzou2/alac_fastbit_comp/alac_multi_engine/build/bin/alac encode -p268435456E -r -edouble -s16 /lustre/widow2/scratch/xzou2/widow0-20130305/tmp/potential.4567 /lustre/widow2/scratch/xzou2/widow0-20130305/tmp_out/potential
   12.875
Encoding complete, 2147483648 bytes of input data successfully encoded into 1 partitions

qsub: job 18856.sith-mgmt2.ccs.ornl.gov completed
qsub: waiting for job 18857.sith-mgmt2.ccs.ornl.gov to start
qsub: job 18857.sith-mgmt2.ccs.ornl.gov ready

/ccs/home/xzou2/alac_fastbit_comp/alac_multi_engine/build/bin/alac encode -p268435456E -r -edouble -s16 /lustre/widow2/scratch/xzou2/widow0-20130305/tmp/potential.4567 /lustre/widow2/scratch/xzou2/widow0-20130305/tmp_out/potential
   12.675
Encoding complete, 2147483648 bytes of input data successfully encoded into 1 partitions

qsub: job 18857.sith-mgmt2.ccs.ornl.gov completed
qsub: waiting for job 18858.sith-mgmt2.ccs.ornl.gov to start
qsub: job 18858.sith-mgmt2.ccs.ornl.gov ready

/ccs/home/xzou2/alac_fastbit_comp/alac_multi_engine/build/bin/alac encode -p268435456E -r -edouble -s16 /lustre/widow2/scratch/xzou2/widow0-20130305/tmp/potential.4567 /lustre/widow2/scratch/xzou2/widow0-20130305/tmp_out/potential
   13.802
Encoding complete, 2147483648 bytes of input data successfully encoded into 1 partitions

qsub: job 18858.sith-mgmt2.ccs.ornl.gov completed
qsub: waiting for job 18859.sith-mgmt2.ccs.ornl.gov to start
qsub: job 18859.sith-mgmt2.ccs.ornl.gov ready

/ccs/home/xzou2/alac_fastbit_comp/alac_multi_engine/build/bin/alac encode -p268435456E -r -edouble -s16 /lustre/widow2/scratch/xzou2/widow0-20130305/tmp/potential.4567 /lustre/widow2/scratch/xzou2/widow0-20130305/tmp_out/potential
   13.781
Encoding complete, 2147483648 bytes of input data successfully encoded into 1 partitions

qsub: job 18859.sith-mgmt2.ccs.ornl.gov completed

wvel.bin
PFD
qsub: waiting for job 18860.sith-mgmt2.ccs.ornl.gov to start
qsub: job 18860.sith-mgmt2.ccs.ornl.gov ready

/ccs/home/xzou2/alac_fastbit_comp/alac_multi_engine/build/bin/alac encode -p268435456E -x -edouble -s16 /lustre/widow2/scratch/xzou2/widow0-20130305/tmp/potential.4567 /lustre/widow2/scratch/xzou2/widow0-20130305/tmp_out/potential
   17.533
Encoding complete, 2147483648 bytes of input data successfully encoded into 1 partitions

qsub: job 18860.sith-mgmt2.ccs.ornl.gov completed
qsub: waiting for job 18861.sith-mgmt2.ccs.ornl.gov to start
qsub: job 18861.sith-mgmt2.ccs.ornl.gov ready

/ccs/home/xzou2/alac_fastbit_comp/alac_multi_engine/build/bin/alac encode -p268435456E -x -edouble -s16 /lustre/widow2/scratch/xzou2/widow0-20130305/tmp/potential.4567 /lustre/widow2/scratch/xzou2/widow0-20130305/tmp_out/potential
   15.839
Encoding complete, 2147483648 bytes of input data successfully encoded into 1 partitions

qsub: job 18861.sith-mgmt2.ccs.ornl.gov completed
qsub: waiting for job 18862.sith-mgmt2.ccs.ornl.gov to start
qsub: job 18862.sith-mgmt2.ccs.ornl.gov ready

/ccs/home/xzou2/alac_fastbit_comp/alac_multi_engine/build/bin/alac encode -p268435456E -x -edouble -s16 /lustre/widow2/scratch/xzou2/widow0-20130305/tmp/potential.4567 /lustre/widow2/scratch/xzou2/widow0-20130305/tmp_out/potential
   15.826
Encoding complete, 2147483648 bytes of input data successfully encoded into 1 partitions

qsub: job 18862.sith-mgmt2.ccs.ornl.gov completed
qsub: waiting for job 18863.sith-mgmt2.ccs.ornl.gov to start
qsub: job 18863.sith-mgmt2.ccs.ornl.gov ready

/ccs/home/xzou2/alac_fastbit_comp/alac_multi_engine/build/bin/alac encode -p268435456E -x -edouble -s16 /lustre/widow2/scratch/xzou2/widow0-20130305/tmp/potential.4567 /lustre/widow2/scratch/xzou2/widow0-20130305/tmp_out/potential
   15.894
Encoding complete, 2147483648 bytes of input data successfully encoded into 1 partitions

qsub: job 18863.sith-mgmt2.ccs.ornl.gov completed
qsub: waiting for job 18864.sith-mgmt2.ccs.ornl.gov to start
qsub: job 18864.sith-mgmt2.ccs.ornl.gov ready

/ccs/home/xzou2/alac_fastbit_comp/alac_multi_engine/build/bin/alac encode -p268435456E -x -edouble -s16 /lustre/widow2/scratch/xzou2/widow0-20130305/tmp/potential.4567 /lustre/widow2/scratch/xzou2/widow0-20130305/tmp_out/potential
   17.675
Encoding complete, 2147483648 bytes of input data successfully encoded into 1 partitions

qsub: job 18864.sith-mgmt2.ccs.ornl.gov completed

RPFD
qsub: waiting for job 18865.sith-mgmt2.ccs.ornl.gov to start
qsub: job 18865.sith-mgmt2.ccs.ornl.gov ready

/ccs/home/xzou2/alac_fastbit_comp/alac_multi_engine/build/bin/alac encode -p268435456E -h -edouble -s16 /lustre/widow2/scratch/xzou2/widow0-20130305/tmp/potential.4567 /lustre/widow2/scratch/xzou2/widow0-20130305/tmp_out/potential
   15.824
Encoding complete, 2147483648 bytes of input data successfully encoded into 1 partitions

qsub: job 18865.sith-mgmt2.ccs.ornl.gov completed
qsub: waiting for job 18866.sith-mgmt2.ccs.ornl.gov to start
qsub: job 18866.sith-mgmt2.ccs.ornl.gov ready

/ccs/home/xzou2/alac_fastbit_comp/alac_multi_engine/build/bin/alac encode -p268435456E -h -edouble -s16 /lustre/widow2/scratch/xzou2/widow0-20130305/tmp/potential.4567 /lustre/widow2/scratch/xzou2/widow0-20130305/tmp_out/potential
   17.571
Encoding complete, 2147483648 bytes of input data successfully encoded into 1 partitions

qsub: job 18866.sith-mgmt2.ccs.ornl.gov completed
qsub: waiting for job 18867.sith-mgmt2.ccs.ornl.gov to start
qsub: job 18867.sith-mgmt2.ccs.ornl.gov ready

/ccs/home/xzou2/alac_fastbit_comp/alac_multi_engine/build/bin/alac encode -p268435456E -h -edouble -s16 /lustre/widow2/scratch/xzou2/widow0-20130305/tmp/potential.4567 /lustre/widow2/scratch/xzou2/widow0-20130305/tmp_out/potential
   15.704
Encoding complete, 2147483648 bytes of input data successfully encoded into 1 partitions

qsub: job 18867.sith-mgmt2.ccs.ornl.gov completed
qsub: waiting for job 18868.sith-mgmt2.ccs.ornl.gov to start
qsub: job 18868.sith-mgmt2.ccs.ornl.gov ready

/ccs/home/xzou2/alac_fastbit_comp/alac_multi_engine/build/bin/alac encode -p268435456E -h -edouble -s16 /lustre/widow2/scratch/xzou2/widow0-20130305/tmp/potential.4567 /lustre/widow2/scratch/xzou2/widow0-20130305/tmp_out/potential
   15.774
Encoding complete, 2147483648 bytes of input data successfully encoded into 1 partitions

qsub: job 18868.sith-mgmt2.ccs.ornl.gov completed
qsub: waiting for job 18869.sith-mgmt2.ccs.ornl.gov to start
qsub: job 18869.sith-mgmt2.ccs.ornl.gov ready

/ccs/home/xzou2/alac_fastbit_comp/alac_multi_engine/build/bin/alac encode -p268435456E -h -edouble -s16 /lustre/widow2/scratch/xzou2/widow0-20130305/tmp/potential.4567 /lustre/widow2/scratch/xzou2/widow0-20130305/tmp_out/potential
   15.763
Encoding complete, 2147483648 bytes of input data successfully encoded into 1 partitions

qsub: job 18869.sith-mgmt2.ccs.ornl.gov completed

EPFD
qsub: waiting for job 18870.sith-mgmt2.ccs.ornl.gov to start
qsub: job 18870.sith-mgmt2.ccs.ornl.gov ready

/ccs/home/xzou2/alac_fastbit_comp/alac_multi_engine/build/bin/alac encode -p268435456E -r -edouble -s16 /lustre/widow2/scratch/xzou2/widow0-20130305/tmp/potential.4567 /lustre/widow2/scratch/xzou2/widow0-20130305/tmp_out/potential
   15.778
Encoding complete, 2147483648 bytes of input data successfully encoded into 1 partitions

qsub: job 18870.sith-mgmt2.ccs.ornl.gov completed
qsub: waiting for job 18871.sith-mgmt2.ccs.ornl.gov to start
qsub: job 18871.sith-mgmt2.ccs.ornl.gov ready

/ccs/home/xzou2/alac_fastbit_comp/alac_multi_engine/build/bin/alac encode -p268435456E -r -edouble -s16 /lustre/widow2/scratch/xzou2/widow0-20130305/tmp/potential.4567 /lustre/widow2/scratch/xzou2/widow0-20130305/tmp_out/potential
   15.831
Encoding complete, 2147483648 bytes of input data successfully encoded into 1 partitions

qsub: job 18871.sith-mgmt2.ccs.ornl.gov completed
qsub: waiting for job 18872.sith-mgmt2.ccs.ornl.gov to start
qsub: job 18872.sith-mgmt2.ccs.ornl.gov ready

/ccs/home/xzou2/alac_fastbit_comp/alac_multi_engine/build/bin/alac encode -p268435456E -r -edouble -s16 /lustre/widow2/scratch/xzou2/widow0-20130305/tmp/potential.4567 /lustre/widow2/scratch/xzou2/widow0-20130305/tmp_out/potential
   16.235
Encoding complete, 2147483648 bytes of input data successfully encoded into 1 partitions

qsub: job 18872.sith-mgmt2.ccs.ornl.gov completed
qsub: waiting for job 18873.sith-mgmt2.ccs.ornl.gov to start
qsub: job 18873.sith-mgmt2.ccs.ornl.gov ready

/ccs/home/xzou2/alac_fastbit_comp/alac_multi_engine/build/bin/alac encode -p268435456E -r -edouble -s16 /lustre/widow2/scratch/xzou2/widow0-20130305/tmp/potential.4567 /lustre/widow2/scratch/xzou2/widow0-20130305/tmp_out/potential
   15.856
Encoding complete, 2147483648 bytes of input data successfully encoded into 1 partitions

qsub: job 18873.sith-mgmt2.ccs.ornl.gov completed
qsub: waiting for job 18874.sith-mgmt2.ccs.ornl.gov to start
qsub: job 18874.sith-mgmt2.ccs.ornl.gov ready

/ccs/home/xzou2/alac_fastbit_comp/alac_multi_engine/build/bin/alac encode -p268435456E -r -edouble -s16 /lustre/widow2/scratch/xzou2/widow0-20130305/tmp/potential.4567 /lustre/widow2/scratch/xzou2/widow0-20130305/tmp_out/potential
   15.879
Encoding complete, 2147483648 bytes of input data successfully encoded into 1 partitions

qsub: job 18874.sith-mgmt2.ccs.ornl.gov completed

