3 var
qsub: waiting for job 17929.sith-mgmt2.ccs.ornl.gov to start
qsub: job 17929.sith-mgmt2.ccs.ornl.gov ready

    0.000	    1.360	    1.786	    0.042	    0.050	    3.503

qsub: job 17929.sith-mgmt2.ccs.ornl.gov completed
qsub: waiting for job 17931.sith-mgmt2.ccs.ornl.gov to start
qsub: job 17931.sith-mgmt2.ccs.ornl.gov ready

    0.000	    1.358	    1.106	    0.043	    0.050	    2.809

qsub: job 17931.sith-mgmt2.ccs.ornl.gov completed
qsub: waiting for job 17933.sith-mgmt2.ccs.ornl.gov to start
qsub: job 17933.sith-mgmt2.ccs.ornl.gov ready

    0.000	    1.357	    2.235	    0.043	    0.050	    4.764

qsub: job 17933.sith-mgmt2.ccs.ornl.gov completed
qsub: waiting for job 17935.sith-mgmt2.ccs.ornl.gov to start
qsub: job 17935.sith-mgmt2.ccs.ornl.gov ready

    0.000	    1.359	    0.510	    0.043	    0.050	    2.209

qsub: job 17935.sith-mgmt2.ccs.ornl.gov completed
qsub: waiting for job 17937.sith-mgmt2.ccs.ornl.gov to start
qsub: job 17937.sith-mgmt2.ccs.ornl.gov ready

    0.000	    1.358	    1.308	    0.043	    0.050	    3.043

qsub: job 17937.sith-mgmt2.ccs.ornl.gov completed

qsub: waiting for job 17939.sith-mgmt2.ccs.ornl.gov to start
qsub: job 17939.sith-mgmt2.ccs.ornl.gov ready

    0.000	    2.146	    1.200	    0.057	    0.089	    3.740

qsub: job 17939.sith-mgmt2.ccs.ornl.gov completed
qsub: waiting for job 17941.sith-mgmt2.ccs.ornl.gov to start
qsub: job 17941.sith-mgmt2.ccs.ornl.gov ready

    0.000	    2.483	    2.139	    0.070	    0.090	    5.040

qsub: job 17941.sith-mgmt2.ccs.ornl.gov completed
qsub: waiting for job 17942.sith-mgmt2.ccs.ornl.gov to start
qsub: job 17942.sith-mgmt2.ccs.ornl.gov ready

    0.000	    2.308	    1.770	    0.051	    0.090	    4.487

qsub: job 17942.sith-mgmt2.ccs.ornl.gov completed
qsub: waiting for job 17944.sith-mgmt2.ccs.ornl.gov to start
qsub: job 17944.sith-mgmt2.ccs.ornl.gov ready

    0.000	    2.101	    1.178	    0.040	    0.089	    3.666

qsub: job 17944.sith-mgmt2.ccs.ornl.gov completed
qsub: waiting for job 17946.sith-mgmt2.ccs.ornl.gov to start
qsub: job 17946.sith-mgmt2.ccs.ornl.gov ready

    0.000	    2.132	    0.697	    0.041	    0.088	    3.248

qsub: job 17946.sith-mgmt2.ccs.ornl.gov completed

qsub: waiting for job 17948.sith-mgmt2.ccs.ornl.gov to start
qsub: job 17948.sith-mgmt2.ccs.ornl.gov ready

    0.000	    3.378	    0.879	    0.042	    0.354	    4.948

qsub: job 17948.sith-mgmt2.ccs.ornl.gov completed
qsub: waiting for job 17949.sith-mgmt2.ccs.ornl.gov to start
qsub: job 17949.sith-mgmt2.ccs.ornl.gov ready

    0.000	    3.377	    3.076	    0.042	    0.345	    7.224

qsub: job 17949.sith-mgmt2.ccs.ornl.gov completed
qsub: waiting for job 17951.sith-mgmt2.ccs.ornl.gov to start
qsub: job 17951.sith-mgmt2.ccs.ornl.gov ready

    0.000	    3.365	    0.923	    0.042	    0.343	    5.041

qsub: job 17951.sith-mgmt2.ccs.ornl.gov completed
qsub: waiting for job 17953.sith-mgmt2.ccs.ornl.gov to start
qsub: job 17953.sith-mgmt2.ccs.ornl.gov ready

    0.000	    4.531	    1.848	    0.111	    0.321	    8.000

qsub: job 17953.sith-mgmt2.ccs.ornl.gov completed
qsub: waiting for job 17955.sith-mgmt2.ccs.ornl.gov to start
qsub: job 17955.sith-mgmt2.ccs.ornl.gov ready

    0.000	    4.031	    1.961	    0.096	    0.324	    6.728

qsub: job 17955.sith-mgmt2.ccs.ornl.gov completed

qsub: waiting for job 17957.sith-mgmt2.ccs.ornl.gov to start
qsub: job 17957.sith-mgmt2.ccs.ornl.gov ready

    0.000	    2.362	    0.839	    0.040	    0.118	    3.616

qsub: job 17957.sith-mgmt2.ccs.ornl.gov completed
qsub: waiting for job 17959.sith-mgmt2.ccs.ornl.gov to start
qsub: job 17959.sith-mgmt2.ccs.ornl.gov ready

    0.000	    2.330	    4.927	    0.040	    0.117	    7.711

qsub: job 17959.sith-mgmt2.ccs.ornl.gov completed
qsub: waiting for job 17961.sith-mgmt2.ccs.ornl.gov to start
qsub: job 17961.sith-mgmt2.ccs.ornl.gov ready

    0.000	    2.348	    0.773	    0.042	    0.118	    3.547

qsub: job 17961.sith-mgmt2.ccs.ornl.gov completed
qsub: waiting for job 17963.sith-mgmt2.ccs.ornl.gov to start
qsub: job 17963.sith-mgmt2.ccs.ornl.gov ready

    0.000	    2.349	    2.658	    0.042	    0.118	    5.408

qsub: job 17963.sith-mgmt2.ccs.ornl.gov completed
qsub: waiting for job 17965.sith-mgmt2.ccs.ornl.gov to start
qsub: job 17965.sith-mgmt2.ccs.ornl.gov ready

    0.000	    2.319	    4.449	    0.039	    0.115	    7.223

qsub: job 17965.sith-mgmt2.ccs.ornl.gov completed

qsub: waiting for job 17967.sith-mgmt2.ccs.ornl.gov to start
qsub: job 17967.sith-mgmt2.ccs.ornl.gov ready

    0.000	    3.225	    2.703	    0.041	    0.279	    6.530

qsub: job 17967.sith-mgmt2.ccs.ornl.gov completed
qsub: waiting for job 17969.sith-mgmt2.ccs.ornl.gov to start
qsub: job 17969.sith-mgmt2.ccs.ornl.gov ready

    0.000	    4.576	    4.846	    0.115	    0.274	   10.099

qsub: job 17969.sith-mgmt2.ccs.ornl.gov completed
qsub: waiting for job 17971.sith-mgmt2.ccs.ornl.gov to start
qsub: job 17971.sith-mgmt2.ccs.ornl.gov ready

    0.000	    3.226	    0.964	    0.037	    0.268	    4.777

qsub: job 17971.sith-mgmt2.ccs.ornl.gov completed
qsub: waiting for job 17973.sith-mgmt2.ccs.ornl.gov to start
qsub: job 17973.sith-mgmt2.ccs.ornl.gov ready

    0.000	    3.262	    2.409	    0.040	    0.274	    6.356

qsub: job 17973.sith-mgmt2.ccs.ornl.gov completed
qsub: waiting for job 17975.sith-mgmt2.ccs.ornl.gov to start
qsub: job 17975.sith-mgmt2.ccs.ornl.gov ready

    0.000	    3.901	    1.010	    0.074	    0.275	    6.383

qsub: job 17975.sith-mgmt2.ccs.ornl.gov completed

