4 var
qsub: waiting for job 17884.sith-mgmt2.ccs.ornl.gov to start
qsub: job 17884.sith-mgmt2.ccs.ornl.gov ready

    0.000	    2.159	    1.744	    0.057	    0.040	    5.127

qsub: job 17884.sith-mgmt2.ccs.ornl.gov completed
qsub: waiting for job 17886.sith-mgmt2.ccs.ornl.gov to start
qsub: job 17886.sith-mgmt2.ccs.ornl.gov ready

    0.000	    2.171	    1.923	    0.055	    0.040	    4.517

qsub: job 17886.sith-mgmt2.ccs.ornl.gov completed
qsub: waiting for job 17887.sith-mgmt2.ccs.ornl.gov to start
qsub: job 17887.sith-mgmt2.ccs.ornl.gov ready

    0.000	    2.291	    0.880	    0.130	    0.043	    3.707

qsub: job 17887.sith-mgmt2.ccs.ornl.gov completed
qsub: waiting for job 17889.sith-mgmt2.ccs.ornl.gov to start
qsub: job 17889.sith-mgmt2.ccs.ornl.gov ready

    0.000	    2.162	    1.053	    0.056	    0.040	    3.646

qsub: job 17889.sith-mgmt2.ccs.ornl.gov completed
qsub: waiting for job 17891.sith-mgmt2.ccs.ornl.gov to start
qsub: job 17891.sith-mgmt2.ccs.ornl.gov ready

    0.000	    2.279	    1.223	    0.126	    0.042	    4.045

qsub: job 17891.sith-mgmt2.ccs.ornl.gov completed

qsub: waiting for job 17892.sith-mgmt2.ccs.ornl.gov to start
qsub: job 17892.sith-mgmt2.ccs.ornl.gov ready

    0.000	    2.050	    1.295	    0.052	    0.043	    3.768

qsub: job 17892.sith-mgmt2.ccs.ornl.gov completed
qsub: waiting for job 17894.sith-mgmt2.ccs.ornl.gov to start
qsub: job 17894.sith-mgmt2.ccs.ornl.gov ready

    0.000	    2.045	    1.002	    0.049	    0.043	    3.443

qsub: job 17894.sith-mgmt2.ccs.ornl.gov completed
qsub: waiting for job 17896.sith-mgmt2.ccs.ornl.gov to start
qsub: job 17896.sith-mgmt2.ccs.ornl.gov ready

    0.000	    2.128	    1.359	    0.103	    0.045	    3.982

qsub: job 17896.sith-mgmt2.ccs.ornl.gov completed
qsub: waiting for job 17898.sith-mgmt2.ccs.ornl.gov to start
qsub: job 17898.sith-mgmt2.ccs.ornl.gov ready

    0.000	    2.134	    0.978	    0.122	    0.045	    3.636

qsub: job 17898.sith-mgmt2.ccs.ornl.gov completed
qsub: waiting for job 17899.sith-mgmt2.ccs.ornl.gov to start
qsub: job 17899.sith-mgmt2.ccs.ornl.gov ready

    0.000	    2.057	    1.717	    0.055	    0.043	    4.692

qsub: job 17899.sith-mgmt2.ccs.ornl.gov completed

qsub: waiting for job 17901.sith-mgmt2.ccs.ornl.gov to start
qsub: job 17901.sith-mgmt2.ccs.ornl.gov ready

    0.000	    3.303	    1.130	    0.108	    0.045	    4.918

qsub: job 17901.sith-mgmt2.ccs.ornl.gov completed
qsub: waiting for job 17903.sith-mgmt2.ccs.ornl.gov to start
qsub: job 17903.sith-mgmt2.ccs.ornl.gov ready

    0.000	    3.103	    1.042	    0.053	    0.044	    4.535

qsub: job 17903.sith-mgmt2.ccs.ornl.gov completed
qsub: waiting for job 17905.sith-mgmt2.ccs.ornl.gov to start
qsub: job 17905.sith-mgmt2.ccs.ornl.gov ready

    0.000	    3.290	    1.147	    0.105	    0.045	    4.919

qsub: job 17905.sith-mgmt2.ccs.ornl.gov completed
qsub: waiting for job 17907.sith-mgmt2.ccs.ornl.gov to start
qsub: job 17907.sith-mgmt2.ccs.ornl.gov ready

    0.000	    3.289	    1.878	    0.105	    0.045	    5.806

qsub: job 17907.sith-mgmt2.ccs.ornl.gov completed
qsub: waiting for job 17909.sith-mgmt2.ccs.ornl.gov to start
qsub: job 17909.sith-mgmt2.ccs.ornl.gov ready

    0.000	    3.334	    1.162	    0.121	    0.045	    5.031

qsub: job 17909.sith-mgmt2.ccs.ornl.gov completed

qsub: waiting for job 17911.sith-mgmt2.ccs.ornl.gov to start
qsub: job 17911.sith-mgmt2.ccs.ornl.gov ready

    0.000	    4.926	    1.610	    0.104	    0.065	    7.059

qsub: job 17911.sith-mgmt2.ccs.ornl.gov completed
qsub: waiting for job 17912.sith-mgmt2.ccs.ornl.gov to start
qsub: job 17912.sith-mgmt2.ccs.ornl.gov ready

    0.000	    4.977	    1.279	    0.120	    0.065	    6.870

qsub: job 17912.sith-mgmt2.ccs.ornl.gov completed
qsub: waiting for job 17914.sith-mgmt2.ccs.ornl.gov to start
qsub: job 17914.sith-mgmt2.ccs.ornl.gov ready

    0.000	    4.878	    1.429	    0.102	    0.066	    6.816

qsub: job 17914.sith-mgmt2.ccs.ornl.gov completed
qsub: waiting for job 17916.sith-mgmt2.ccs.ornl.gov to start
qsub: job 17916.sith-mgmt2.ccs.ornl.gov ready

    0.000	    4.080	    2.523	    0.054	    0.064	    6.968

qsub: job 17916.sith-mgmt2.ccs.ornl.gov completed
qsub: waiting for job 17918.sith-mgmt2.ccs.ornl.gov to start
qsub: job 17918.sith-mgmt2.ccs.ornl.gov ready

    0.000	    4.166	    1.440	    0.072	    0.066	    6.043

qsub: job 17918.sith-mgmt2.ccs.ornl.gov completed

qsub: waiting for job 17920.sith-mgmt2.ccs.ornl.gov to start
qsub: job 17920.sith-mgmt2.ccs.ornl.gov ready

    0.000	    6.856	    3.288	    0.139	    0.164	   10.909

qsub: job 17920.sith-mgmt2.ccs.ornl.gov completed
qsub: waiting for job 17922.sith-mgmt2.ccs.ornl.gov to start
qsub: job 17922.sith-mgmt2.ccs.ornl.gov ready

    0.000	    4.750	    2.138	    0.054	    0.162	    7.444

qsub: job 17922.sith-mgmt2.ccs.ornl.gov completed
qsub: waiting for job 17924.sith-mgmt2.ccs.ornl.gov to start
qsub: job 17924.sith-mgmt2.ccs.ornl.gov ready

    0.000	    5.075	    3.528	    0.072	    0.161	    9.261

qsub: job 17924.sith-mgmt2.ccs.ornl.gov completed
qsub: waiting for job 17926.sith-mgmt2.ccs.ornl.gov to start
qsub: job 17926.sith-mgmt2.ccs.ornl.gov ready

    0.000	    4.809	    1.517	    0.058	    0.161	    6.864

qsub: job 17926.sith-mgmt2.ccs.ornl.gov completed
qsub: waiting for job 17928.sith-mgmt2.ccs.ornl.gov to start
qsub: job 17928.sith-mgmt2.ccs.ornl.gov ready

    0.000	    4.809	    1.655	    0.056	    0.162	    6.972

qsub: job 17928.sith-mgmt2.ccs.ornl.gov completed

3 var
qsub: waiting for job 17929.sith-mgmt2.ccs.ornl.gov to start
qsub: job 17929.sith-mgmt2.ccs.ornl.gov ready

    0.000	    1.360	    1.786	    0.042	    0.050	    3.503

qsub: job 17929.sith-mgmt2.ccs.ornl.gov completed
qsub: waiting for job 17931.sith-mgmt2.ccs.ornl.gov to start
qsub: job 17931.sith-mgmt2.ccs.ornl.gov ready

    0.000	    1.358	    1.106	    0.043	    0.050	    2.809

qsub: job 17931.sith-mgmt2.ccs.ornl.gov completed
qsub: waiting for job 17933.sith-mgmt2.ccs.ornl.gov to start
qsub: job 17933.sith-mgmt2.ccs.ornl.gov ready

    0.000	    1.357	    2.235	    0.043	    0.050	    4.764

qsub: job 17933.sith-mgmt2.ccs.ornl.gov completed
qsub: waiting for job 17935.sith-mgmt2.ccs.ornl.gov to start
qsub: job 17935.sith-mgmt2.ccs.ornl.gov ready

    0.000	    1.359	    0.510	    0.043	    0.050	    2.209

qsub: job 17935.sith-mgmt2.ccs.ornl.gov completed
qsub: waiting for job 17937.sith-mgmt2.ccs.ornl.gov to start
qsub: job 17937.sith-mgmt2.ccs.ornl.gov ready

    0.000	    1.358	    1.308	    0.043	    0.050	    3.043

qsub: job 17937.sith-mgmt2.ccs.ornl.gov completed

qsub: waiting for job 17939.sith-mgmt2.ccs.ornl.gov to start
qsub: job 17939.sith-mgmt2.ccs.ornl.gov ready

    0.000	    2.146	    1.200	    0.057	    0.089	    3.740

qsub: job 17939.sith-mgmt2.ccs.ornl.gov completed
qsub: waiting for job 17941.sith-mgmt2.ccs.ornl.gov to start
qsub: job 17941.sith-mgmt2.ccs.ornl.gov ready

    0.000	    2.483	    2.139	    0.070	    0.090	    5.040

qsub: job 17941.sith-mgmt2.ccs.ornl.gov completed
qsub: waiting for job 17942.sith-mgmt2.ccs.ornl.gov to start
qsub: job 17942.sith-mgmt2.ccs.ornl.gov ready

    0.000	    2.308	    1.770	    0.051	    0.090	    4.487

qsub: job 17942.sith-mgmt2.ccs.ornl.gov completed
qsub: waiting for job 17944.sith-mgmt2.ccs.ornl.gov to start
qsub: job 17944.sith-mgmt2.ccs.ornl.gov ready

    0.000	    2.101	    1.178	    0.040	    0.089	    3.666

qsub: job 17944.sith-mgmt2.ccs.ornl.gov completed
qsub: waiting for job 17946.sith-mgmt2.ccs.ornl.gov to start
qsub: job 17946.sith-mgmt2.ccs.ornl.gov ready

    0.000	    2.132	    0.697	    0.041	    0.088	    3.248

qsub: job 17946.sith-mgmt2.ccs.ornl.gov completed

qsub: waiting for job 17948.sith-mgmt2.ccs.ornl.gov to start
qsub: job 17948.sith-mgmt2.ccs.ornl.gov ready

    0.000	    3.378	    0.879	    0.042	    0.354	    4.948

qsub: job 17948.sith-mgmt2.ccs.ornl.gov completed
qsub: waiting for job 17949.sith-mgmt2.ccs.ornl.gov to start
qsub: job 17949.sith-mgmt2.ccs.ornl.gov ready

    0.000	    3.377	    3.076	    0.042	    0.345	    7.224

qsub: job 17949.sith-mgmt2.ccs.ornl.gov completed
qsub: waiting for job 17951.sith-mgmt2.ccs.ornl.gov to start
qsub: job 17951.sith-mgmt2.ccs.ornl.gov ready

    0.000	    3.365	    0.923	    0.042	    0.343	    5.041

qsub: job 17951.sith-mgmt2.ccs.ornl.gov completed
qsub: waiting for job 17953.sith-mgmt2.ccs.ornl.gov to start
qsub: job 17953.sith-mgmt2.ccs.ornl.gov ready

    0.000	    4.531	    1.848	    0.111	    0.321	    8.000

qsub: job 17953.sith-mgmt2.ccs.ornl.gov completed
qsub: waiting for job 17955.sith-mgmt2.ccs.ornl.gov to start
qsub: job 17955.sith-mgmt2.ccs.ornl.gov ready

    0.000	    4.031	    1.961	    0.096	    0.324	    6.728

qsub: job 17955.sith-mgmt2.ccs.ornl.gov completed

qsub: waiting for job 17957.sith-mgmt2.ccs.ornl.gov to start
qsub: job 17957.sith-mgmt2.ccs.ornl.gov ready

    0.000	    2.362	    0.839	    0.040	    0.118	    3.616

qsub: job 17957.sith-mgmt2.ccs.ornl.gov completed
qsub: waiting for job 17959.sith-mgmt2.ccs.ornl.gov to start
qsub: job 17959.sith-mgmt2.ccs.ornl.gov ready

    0.000	    2.330	    4.927	    0.040	    0.117	    7.711

qsub: job 17959.sith-mgmt2.ccs.ornl.gov completed
qsub: waiting for job 17961.sith-mgmt2.ccs.ornl.gov to start
qsub: job 17961.sith-mgmt2.ccs.ornl.gov ready

    0.000	    2.348	    0.773	    0.042	    0.118	    3.547

qsub: job 17961.sith-mgmt2.ccs.ornl.gov completed
qsub: waiting for job 17963.sith-mgmt2.ccs.ornl.gov to start
qsub: job 17963.sith-mgmt2.ccs.ornl.gov ready

    0.000	    2.349	    2.658	    0.042	    0.118	    5.408

qsub: job 17963.sith-mgmt2.ccs.ornl.gov completed
qsub: waiting for job 17965.sith-mgmt2.ccs.ornl.gov to start
qsub: job 17965.sith-mgmt2.ccs.ornl.gov ready

    0.000	    2.319	    4.449	    0.039	    0.115	    7.223

qsub: job 17965.sith-mgmt2.ccs.ornl.gov completed

qsub: waiting for job 17967.sith-mgmt2.ccs.ornl.gov to start
qsub: job 17967.sith-mgmt2.ccs.ornl.gov ready

    0.000	    3.225	    2.703	    0.041	    0.279	    6.530

qsub: job 17967.sith-mgmt2.ccs.ornl.gov completed
qsub: waiting for job 17969.sith-mgmt2.ccs.ornl.gov to start
qsub: job 17969.sith-mgmt2.ccs.ornl.gov ready

    0.000	    4.576	    4.846	    0.115	    0.274	   10.099

qsub: job 17969.sith-mgmt2.ccs.ornl.gov completed
qsub: waiting for job 17971.sith-mgmt2.ccs.ornl.gov to start
qsub: job 17971.sith-mgmt2.ccs.ornl.gov ready

    0.000	    3.226	    0.964	    0.037	    0.268	    4.777

qsub: job 17971.sith-mgmt2.ccs.ornl.gov completed
qsub: waiting for job 17973.sith-mgmt2.ccs.ornl.gov to start
qsub: job 17973.sith-mgmt2.ccs.ornl.gov ready

    0.000	    3.262	    2.409	    0.040	    0.274	    6.356

qsub: job 17973.sith-mgmt2.ccs.ornl.gov completed
qsub: waiting for job 17975.sith-mgmt2.ccs.ornl.gov to start
qsub: job 17975.sith-mgmt2.ccs.ornl.gov ready

    0.000	    3.901	    1.010	    0.074	    0.275	    6.383

qsub: job 17975.sith-mgmt2.ccs.ornl.gov completed

2 var
qsub: waiting for job 17977.sith-mgmt2.ccs.ornl.gov to start
qsub: job 17977.sith-mgmt2.ccs.ornl.gov ready

    0.000	    0.046	    0.474	    0.029	    0.040	    0.781

qsub: job 17977.sith-mgmt2.ccs.ornl.gov completed
qsub: waiting for job 17978.sith-mgmt2.ccs.ornl.gov to start
qsub: job 17978.sith-mgmt2.ccs.ornl.gov ready

    0.000	    0.046	    0.249	    0.029	    0.040	    0.571

qsub: job 17978.sith-mgmt2.ccs.ornl.gov completed
qsub: waiting for job 17980.sith-mgmt2.ccs.ornl.gov to start
qsub: job 17980.sith-mgmt2.ccs.ornl.gov ready

    0.000	    0.046	    0.655	    0.029	    0.040	    0.979

qsub: job 17980.sith-mgmt2.ccs.ornl.gov completed
qsub: waiting for job 17982.sith-mgmt2.ccs.ornl.gov to start
qsub: job 17982.sith-mgmt2.ccs.ornl.gov ready

    0.000	    0.045	    0.540	    0.028	    0.040	    0.843

qsub: job 17982.sith-mgmt2.ccs.ornl.gov completed
qsub: waiting for job 17983.sith-mgmt2.ccs.ornl.gov to start
qsub: job 17983.sith-mgmt2.ccs.ornl.gov ready

    0.000	    0.045	    0.534	    0.028	    0.040	    0.861

qsub: job 17983.sith-mgmt2.ccs.ornl.gov completed

qsub: waiting for job 17985.sith-mgmt2.ccs.ornl.gov to start
qsub: job 17985.sith-mgmt2.ccs.ornl.gov ready

    0.000	    0.373	    0.271	    0.028	    0.044	    0.902

qsub: job 17985.sith-mgmt2.ccs.ornl.gov completed
qsub: waiting for job 17987.sith-mgmt2.ccs.ornl.gov to start
qsub: job 17987.sith-mgmt2.ccs.ornl.gov ready

    0.000	    0.374	    0.310	    0.027	    0.044	    0.944

qsub: job 17987.sith-mgmt2.ccs.ornl.gov completed
qsub: waiting for job 17989.sith-mgmt2.ccs.ornl.gov to start
qsub: job 17989.sith-mgmt2.ccs.ornl.gov ready

    0.000	    0.373	    0.668	    0.026	    0.043	    1.295

qsub: job 17989.sith-mgmt2.ccs.ornl.gov completed
qsub: waiting for job 17990.sith-mgmt2.ccs.ornl.gov to start
qsub: job 17990.sith-mgmt2.ccs.ornl.gov ready

    0.000	    0.373	    0.560	    0.025	    0.043	    1.197

qsub: job 17990.sith-mgmt2.ccs.ornl.gov completed
qsub: waiting for job 17992.sith-mgmt2.ccs.ornl.gov to start
qsub: job 17992.sith-mgmt2.ccs.ornl.gov ready

    0.000	    0.373	    0.519	    0.025	    0.043	    1.153

qsub: job 17992.sith-mgmt2.ccs.ornl.gov completed

qsub: waiting for job 17994.sith-mgmt2.ccs.ornl.gov to start
qsub: job 17994.sith-mgmt2.ccs.ornl.gov ready

    0.000	    0.624	    0.315	    0.025	    0.052	    1.213

qsub: job 17994.sith-mgmt2.ccs.ornl.gov completed
qsub: waiting for job 17995.sith-mgmt2.ccs.ornl.gov to start
qsub: job 17995.sith-mgmt2.ccs.ornl.gov ready

    0.000	    0.649	    0.320	    0.058	    0.053	    1.296

qsub: job 17995.sith-mgmt2.ccs.ornl.gov completed
qsub: waiting for job 17997.sith-mgmt2.ccs.ornl.gov to start
qsub: job 17997.sith-mgmt2.ccs.ornl.gov ready

    0.000	    0.628	    0.321	    0.028	    0.052	    1.227

qsub: job 17997.sith-mgmt2.ccs.ornl.gov completed
qsub: waiting for job 17999.sith-mgmt2.ccs.ornl.gov to start
qsub: job 17999.sith-mgmt2.ccs.ornl.gov ready

    0.000	    0.627	    0.292	    0.025	    0.052	    1.178

qsub: job 17999.sith-mgmt2.ccs.ornl.gov completed
qsub: waiting for job 18000.sith-mgmt2.ccs.ornl.gov to start
qsub: job 18000.sith-mgmt2.ccs.ornl.gov ready

    0.000	    0.627	    0.533	    0.028	    0.052	    1.455

qsub: job 18000.sith-mgmt2.ccs.ornl.gov completed

qsub: waiting for job 18002.sith-mgmt2.ccs.ornl.gov to start
qsub: job 18002.sith-mgmt2.ccs.ornl.gov ready

    0.000	    1.162	    0.360	    0.068	    0.071	    1.873

qsub: job 18002.sith-mgmt2.ccs.ornl.gov completed
qsub: waiting for job 18004.sith-mgmt2.ccs.ornl.gov to start
qsub: job 18004.sith-mgmt2.ccs.ornl.gov ready

    0.000	    1.130	    0.415	    0.060	    0.070	    1.875

qsub: job 18004.sith-mgmt2.ccs.ornl.gov completed
qsub: waiting for job 18006.sith-mgmt2.ccs.ornl.gov to start
qsub: job 18006.sith-mgmt2.ccs.ornl.gov ready

    0.000	    1.074	    0.661	    0.031	    0.070	    2.022

qsub: job 18006.sith-mgmt2.ccs.ornl.gov completed
qsub: waiting for job 18007.sith-mgmt2.ccs.ornl.gov to start
qsub: job 18007.sith-mgmt2.ccs.ornl.gov ready

    0.000	    1.066	    0.456	    0.028	    0.068	    1.807

qsub: job 18007.sith-mgmt2.ccs.ornl.gov completed
qsub: waiting for job 18009.sith-mgmt2.ccs.ornl.gov to start
qsub: job 18009.sith-mgmt2.ccs.ornl.gov ready

    0.000	    1.084	    0.374	    0.028	    0.067	    1.754

qsub: job 18009.sith-mgmt2.ccs.ornl.gov completed

qsub: waiting for job 18011.sith-mgmt2.ccs.ornl.gov to start
qsub: job 18011.sith-mgmt2.ccs.ornl.gov ready

    0.000	    1.882	    1.773	    0.028	    0.207	    4.442

qsub: job 18011.sith-mgmt2.ccs.ornl.gov completed
qsub: waiting for job 18012.sith-mgmt2.ccs.ornl.gov to start
qsub: job 18012.sith-mgmt2.ccs.ornl.gov ready

    0.000	    1.881	    0.789	    0.028	    0.206	    3.102

qsub: job 18012.sith-mgmt2.ccs.ornl.gov completed
qsub: waiting for job 18014.sith-mgmt2.ccs.ornl.gov to start
qsub: job 18014.sith-mgmt2.ccs.ornl.gov ready

    0.000	    1.846	    0.522	    0.041	    0.206	    2.795

qsub: job 18014.sith-mgmt2.ccs.ornl.gov completed
qsub: waiting for job 18016.sith-mgmt2.ccs.ornl.gov to start
qsub: job 18016.sith-mgmt2.ccs.ornl.gov ready

    0.000	    1.879	    2.039	    0.028	    0.207	    4.348

qsub: job 18016.sith-mgmt2.ccs.ornl.gov completed
qsub: waiting for job 18017.sith-mgmt2.ccs.ornl.gov to start
qsub: job 18017.sith-mgmt2.ccs.ornl.gov ready

    0.000	    1.870	    0.758	    0.027	    0.205	    3.068

qsub: job 18017.sith-mgmt2.ccs.ornl.gov completed

