4 var
qsub: waiting for job 31019.sith-mgmt2.ccs.ornl.gov to start
qsub: job 31019.sith-mgmt2.ccs.ornl.gov ready

    0.000	    0.890	    1.832	    0.126	    0.036	    3.150

qsub: job 31019.sith-mgmt2.ccs.ornl.gov completed

qsub: waiting for job 31020.sith-mgmt2.ccs.ornl.gov to start
qsub: job 31020.sith-mgmt2.ccs.ornl.gov ready

    0.000	    0.715	    1.507	    0.056	    0.039	    2.539

qsub: job 31020.sith-mgmt2.ccs.ornl.gov completed

qsub: waiting for job 31021.sith-mgmt2.ccs.ornl.gov to start
qsub: job 31021.sith-mgmt2.ccs.ornl.gov ready

    0.000	    1.250	    1.500	    0.055	    0.039	    3.063

qsub: job 31021.sith-mgmt2.ccs.ornl.gov completed

qsub: waiting for job 31022.sith-mgmt2.ccs.ornl.gov to start
qsub: job 31022.sith-mgmt2.ccs.ornl.gov ready

    0.000	    2.537	    1.731	    0.053	    0.059	    4.606

qsub: job 31022.sith-mgmt2.ccs.ornl.gov completed

qsub: waiting for job 31023.sith-mgmt2.ccs.ornl.gov to start
qsub: job 31023.sith-mgmt2.ccs.ornl.gov ready

    0.000	    4.108	    2.060	    0.108	    0.155	    6.895

qsub: job 31023.sith-mgmt2.ccs.ornl.gov completed

3 var
qsub: waiting for job 31024.sith-mgmt2.ccs.ornl.gov to start
qsub: job 31024.sith-mgmt2.ccs.ornl.gov ready

    0.000	    0.406	    0.915	    0.036	    0.042	    1.571

qsub: job 31024.sith-mgmt2.ccs.ornl.gov completed

qsub: waiting for job 31025.sith-mgmt2.ccs.ornl.gov to start
qsub: job 31025.sith-mgmt2.ccs.ornl.gov ready

    0.000	    1.385	    1.004	    0.049	    0.085	    2.780

qsub: job 31025.sith-mgmt2.ccs.ornl.gov completed

qsub: waiting for job 31026.sith-mgmt2.ccs.ornl.gov to start
qsub: job 31026.sith-mgmt2.ccs.ornl.gov ready

    0.000	    1.818	    1.230	    0.040	    0.311	    4.113

qsub: job 31026.sith-mgmt2.ccs.ornl.gov completed

qsub: waiting for job 31027.sith-mgmt2.ccs.ornl.gov to start
qsub: job 31027.sith-mgmt2.ccs.ornl.gov ready

    0.000	    1.362	    1.031	    0.040	    0.112	    2.853

qsub: job 31027.sith-mgmt2.ccs.ornl.gov completed

qsub: waiting for job 31028.sith-mgmt2.ccs.ornl.gov to start
qsub: job 31028.sith-mgmt2.ccs.ornl.gov ready

    0.000	    1.897	    1.376	    0.041	    0.268	    4.214

qsub: job 31028.sith-mgmt2.ccs.ornl.gov completed

2 var
qsub: waiting for job 31029.sith-mgmt2.ccs.ornl.gov to start
qsub: job 31029.sith-mgmt2.ccs.ornl.gov ready

    0.000	    0.035	    0.530	    0.028	    0.034	    0.767

qsub: job 31029.sith-mgmt2.ccs.ornl.gov completed

qsub: waiting for job 31030.sith-mgmt2.ccs.ornl.gov to start
qsub: job 31030.sith-mgmt2.ccs.ornl.gov ready

    0.000	    0.117	    0.628	    0.028	    0.037	    0.966

qsub: job 31030.sith-mgmt2.ccs.ornl.gov completed

qsub: waiting for job 31031.sith-mgmt2.ccs.ornl.gov to start
qsub: job 31031.sith-mgmt2.ccs.ornl.gov ready

    0.000	    0.224	    0.642	    0.027	    0.047	    1.089

qsub: job 31031.sith-mgmt2.ccs.ornl.gov completed

qsub: waiting for job 31032.sith-mgmt2.ccs.ornl.gov to start
qsub: job 31032.sith-mgmt2.ccs.ornl.gov ready

    0.000	    0.564	    0.930	    0.075	    0.065	    1.830

qsub: job 31032.sith-mgmt2.ccs.ornl.gov completed

qsub: waiting for job 31033.sith-mgmt2.ccs.ornl.gov to start
qsub: job 31033.sith-mgmt2.ccs.ornl.gov ready

    0.000	    1.285	    0.929	    0.025	    0.202	    3.010

qsub: job 31033.sith-mgmt2.ccs.ornl.gov completed

4 var
qsub: waiting for job 31034.sith-mgmt2.ccs.ornl.gov to start
qsub: job 31034.sith-mgmt2.ccs.ornl.gov ready

    0.000	    0.773	    1.230	    0.055	    0.034	    2.314

qsub: job 31034.sith-mgmt2.ccs.ornl.gov completed

qsub: waiting for job 31035.sith-mgmt2.ccs.ornl.gov to start
qsub: job 31035.sith-mgmt2.ccs.ornl.gov ready

    0.000	    0.716	    1.358	    0.054	    0.039	    2.377

qsub: job 31035.sith-mgmt2.ccs.ornl.gov completed

qsub: waiting for job 31036.sith-mgmt2.ccs.ornl.gov to start
qsub: job 31036.sith-mgmt2.ccs.ornl.gov ready

    0.000	    1.245	    1.453	    0.055	    0.039	    3.606

qsub: job 31036.sith-mgmt2.ccs.ornl.gov completed

qsub: waiting for job 31037.sith-mgmt2.ccs.ornl.gov to start
qsub: job 31037.sith-mgmt2.ccs.ornl.gov ready

    0.000	    2.457	    1.887	    0.052	    0.059	    4.690

qsub: job 31037.sith-mgmt2.ccs.ornl.gov completed

qsub: waiting for job 31038.sith-mgmt2.ccs.ornl.gov to start
qsub: job 31038.sith-mgmt2.ccs.ornl.gov ready

    0.000	    3.107	    2.009	    0.055	    0.156	    5.787

qsub: job 31038.sith-mgmt2.ccs.ornl.gov completed

3 var
qsub: waiting for job 31039.sith-mgmt2.ccs.ornl.gov to start
qsub: job 31039.sith-mgmt2.ccs.ornl.gov ready

    0.000	    0.409	    0.853	    0.041	    0.042	    1.515

qsub: job 31039.sith-mgmt2.ccs.ornl.gov completed

qsub: waiting for job 31040.sith-mgmt2.ccs.ornl.gov to start
qsub: job 31040.sith-mgmt2.ccs.ornl.gov ready

    0.000	    1.185	    1.222	    0.042	    0.084	    2.776

qsub: job 31040.sith-mgmt2.ccs.ornl.gov completed

qsub: waiting for job 31041.sith-mgmt2.ccs.ornl.gov to start
qsub: job 31041.sith-mgmt2.ccs.ornl.gov ready

    0.000	    1.796	    1.237	    0.038	    0.311	    4.089

qsub: job 31041.sith-mgmt2.ccs.ornl.gov completed

qsub: waiting for job 31042.sith-mgmt2.ccs.ornl.gov to start
qsub: job 31042.sith-mgmt2.ccs.ornl.gov ready

    0.000	    1.389	    1.175	    0.040	    0.113	    3.022

qsub: job 31042.sith-mgmt2.ccs.ornl.gov completed

qsub: waiting for job 31043.sith-mgmt2.ccs.ornl.gov to start
qsub: job 31043.sith-mgmt2.ccs.ornl.gov ready

    0.000	    1.902	    1.322	    0.042	    0.267	    4.166

qsub: job 31043.sith-mgmt2.ccs.ornl.gov completed

2 var
qsub: waiting for job 31044.sith-mgmt2.ccs.ornl.gov to start
qsub: job 31044.sith-mgmt2.ccs.ornl.gov ready

    0.000	    0.035	    0.588	    0.029	    0.034	    0.817

qsub: job 31044.sith-mgmt2.ccs.ornl.gov completed

qsub: waiting for job 31045.sith-mgmt2.ccs.ornl.gov to start
qsub: job 31045.sith-mgmt2.ccs.ornl.gov ready

    0.000	    0.118	    0.603	    0.028	    0.037	    0.927

qsub: job 31045.sith-mgmt2.ccs.ornl.gov completed

qsub: waiting for job 31046.sith-mgmt2.ccs.ornl.gov to start
qsub: job 31046.sith-mgmt2.ccs.ornl.gov ready

    0.000	    0.223	    0.739	    0.028	    0.048	    1.182

qsub: job 31046.sith-mgmt2.ccs.ornl.gov completed

qsub: waiting for job 31047.sith-mgmt2.ccs.ornl.gov to start
qsub: job 31047.sith-mgmt2.ccs.ornl.gov ready

    0.000	    0.434	    0.766	    0.027	    0.062	    1.481

qsub: job 31047.sith-mgmt2.ccs.ornl.gov completed

qsub: waiting for job 31048.sith-mgmt2.ccs.ornl.gov to start
qsub: job 31048.sith-mgmt2.ccs.ornl.gov ready

    0.000	    1.293	    0.909	    0.027	    0.203	    2.851

qsub: job 31048.sith-mgmt2.ccs.ornl.gov completed

4 var
qsub: waiting for job 31049.sith-mgmt2.ccs.ornl.gov to start
qsub: job 31049.sith-mgmt2.ccs.ornl.gov ready

    0.000	    0.768	    0.748	    0.055	    0.034	    1.754

qsub: job 31049.sith-mgmt2.ccs.ornl.gov completed

qsub: waiting for job 31050.sith-mgmt2.ccs.ornl.gov to start
qsub: job 31050.sith-mgmt2.ccs.ornl.gov ready

    0.000	    0.713	    1.359	    0.055	    0.038	    2.382

qsub: job 31050.sith-mgmt2.ccs.ornl.gov completed

qsub: waiting for job 31051.sith-mgmt2.ccs.ornl.gov to start
qsub: job 31051.sith-mgmt2.ccs.ornl.gov ready

    0.000	    1.250	    1.740	    0.057	    0.039	    3.301

qsub: job 31051.sith-mgmt2.ccs.ornl.gov completed

qsub: waiting for job 31052.sith-mgmt2.ccs.ornl.gov to start
qsub: job 31052.sith-mgmt2.ccs.ornl.gov ready

    0.000	    3.115	    1.754	    0.086	    0.060	    5.261

qsub: job 31052.sith-mgmt2.ccs.ornl.gov completed

qsub: waiting for job 31053.sith-mgmt2.ccs.ornl.gov to start
qsub: job 31053.sith-mgmt2.ccs.ornl.gov ready

    0.000	    2.976	    1.965	    0.054	    0.156	    5.579

qsub: job 31053.sith-mgmt2.ccs.ornl.gov completed

3 var
qsub: waiting for job 31054.sith-mgmt2.ccs.ornl.gov to start
qsub: job 31054.sith-mgmt2.ccs.ornl.gov ready

    0.000	    0.407	    0.931	    0.043	    0.042	    1.597

qsub: job 31054.sith-mgmt2.ccs.ornl.gov completed

qsub: waiting for job 31055.sith-mgmt2.ccs.ornl.gov to start
qsub: job 31055.sith-mgmt2.ccs.ornl.gov ready

    0.000	    1.171	    1.060	    0.042	    0.083	    2.610

qsub: job 31055.sith-mgmt2.ccs.ornl.gov completed

qsub: waiting for job 31056.sith-mgmt2.ccs.ornl.gov to start
qsub: job 31056.sith-mgmt2.ccs.ornl.gov ready

    0.000	    1.822	    1.332	    0.042	    0.314	    4.231

qsub: job 31056.sith-mgmt2.ccs.ornl.gov completed

qsub: waiting for job 31057.sith-mgmt2.ccs.ornl.gov to start
qsub: job 31057.sith-mgmt2.ccs.ornl.gov ready

    0.000	    1.363	    1.087	    0.039	    0.112	    2.895

qsub: job 31057.sith-mgmt2.ccs.ornl.gov completed

qsub: waiting for job 31058.sith-mgmt2.ccs.ornl.gov to start
qsub: job 31058.sith-mgmt2.ccs.ornl.gov ready

    0.000	    1.856	    1.250	    0.041	    0.267	    4.042

qsub: job 31058.sith-mgmt2.ccs.ornl.gov completed

2 var
qsub: waiting for job 31059.sith-mgmt2.ccs.ornl.gov to start
qsub: job 31059.sith-mgmt2.ccs.ornl.gov ready

    0.000	    0.035	    0.533	    0.029	    0.034	    0.760

qsub: job 31059.sith-mgmt2.ccs.ornl.gov completed

qsub: waiting for job 31060.sith-mgmt2.ccs.ornl.gov to start
qsub: job 31060.sith-mgmt2.ccs.ornl.gov ready

    0.000	    0.117	    0.602	    0.029	    0.038	    0.922

qsub: job 31060.sith-mgmt2.ccs.ornl.gov completed

qsub: waiting for job 31061.sith-mgmt2.ccs.ornl.gov to start
qsub: job 31061.sith-mgmt2.ccs.ornl.gov ready

    0.000	    0.224	    0.639	    0.028	    0.047	    1.095

qsub: job 31061.sith-mgmt2.ccs.ornl.gov completed

qsub: waiting for job 31062.sith-mgmt2.ccs.ornl.gov to start
qsub: job 31062.sith-mgmt2.ccs.ornl.gov ready

    0.000	    0.435	    0.788	    0.028	    0.062	    1.482

qsub: job 31062.sith-mgmt2.ccs.ornl.gov completed

qsub: waiting for job 31063.sith-mgmt2.ccs.ornl.gov to start
qsub: job 31063.sith-mgmt2.ccs.ornl.gov ready

    0.000	    1.293	    0.924	    0.028	    0.200	    2.861

qsub: job 31063.sith-mgmt2.ccs.ornl.gov completed

4 var
qsub: waiting for job 31064.sith-mgmt2.ccs.ornl.gov to start
qsub: job 31064.sith-mgmt2.ccs.ornl.gov ready

    0.000	    0.775	    1.093	    0.057	    0.034	    2.179

qsub: job 31064.sith-mgmt2.ccs.ornl.gov completed

qsub: waiting for job 31065.sith-mgmt2.ccs.ornl.gov to start
qsub: job 31065.sith-mgmt2.ccs.ornl.gov ready

    0.000	    0.718	    1.318	    0.057	    0.039	    2.355

qsub: job 31065.sith-mgmt2.ccs.ornl.gov completed

qsub: waiting for job 31066.sith-mgmt2.ccs.ornl.gov to start
qsub: job 31066.sith-mgmt2.ccs.ornl.gov ready

    0.000	    1.245	    1.536	    0.057	    0.039	    3.080

qsub: job 31066.sith-mgmt2.ccs.ornl.gov completed

qsub: waiting for job 31067.sith-mgmt2.ccs.ornl.gov to start
qsub: job 31067.sith-mgmt2.ccs.ornl.gov ready

    0.000	    2.456	    1.778	    0.055	    0.060	    4.597

qsub: job 31067.sith-mgmt2.ccs.ornl.gov completed

qsub: waiting for job 31068.sith-mgmt2.ccs.ornl.gov to start
qsub: job 31068.sith-mgmt2.ccs.ornl.gov ready

    0.000	    3.099	    2.126	    0.056	    0.156	    5.892

qsub: job 31068.sith-mgmt2.ccs.ornl.gov completed

3 var
qsub: waiting for job 31069.sith-mgmt2.ccs.ornl.gov to start
qsub: job 31069.sith-mgmt2.ccs.ornl.gov ready

    0.000	    0.409	    0.991	    0.043	    0.042	    1.665

qsub: job 31069.sith-mgmt2.ccs.ornl.gov completed

qsub: waiting for job 31070.sith-mgmt2.ccs.ornl.gov to start
qsub: job 31070.sith-mgmt2.ccs.ornl.gov ready

    0.000	    1.178	    1.064	    0.041	    0.083	    2.629

qsub: job 31070.sith-mgmt2.ccs.ornl.gov completed

qsub: waiting for job 31071.sith-mgmt2.ccs.ornl.gov to start
qsub: job 31071.sith-mgmt2.ccs.ornl.gov ready

    0.000	    1.813	    1.256	    0.041	    0.314	    4.140

qsub: job 31071.sith-mgmt2.ccs.ornl.gov completed

qsub: waiting for job 31072.sith-mgmt2.ccs.ornl.gov to start
qsub: job 31072.sith-mgmt2.ccs.ornl.gov ready

    0.000	    1.386	    1.094	    0.043	    0.113	    2.960

qsub: job 31072.sith-mgmt2.ccs.ornl.gov completed

qsub: waiting for job 31073.sith-mgmt2.ccs.ornl.gov to start
qsub: job 31073.sith-mgmt2.ccs.ornl.gov ready

    0.000	    1.910	    1.291	    0.042	    0.269	    4.129

qsub: job 31073.sith-mgmt2.ccs.ornl.gov completed

2 var
qsub: waiting for job 31074.sith-mgmt2.ccs.ornl.gov to start
qsub: job 31074.sith-mgmt2.ccs.ornl.gov ready

    0.000	    0.035	    0.537	    0.029	    0.034	    0.781

qsub: job 31074.sith-mgmt2.ccs.ornl.gov completed

qsub: waiting for job 31075.sith-mgmt2.ccs.ornl.gov to start
qsub: job 31075.sith-mgmt2.ccs.ornl.gov ready

    0.000	    0.116	    0.596	    0.028	    0.037	    0.920

qsub: job 31075.sith-mgmt2.ccs.ornl.gov completed

qsub: waiting for job 31076.sith-mgmt2.ccs.ornl.gov to start
qsub: job 31076.sith-mgmt2.ccs.ornl.gov ready

    0.000	    0.221	    0.704	    0.028	    0.048	    1.394

qsub: job 31076.sith-mgmt2.ccs.ornl.gov completed

qsub: waiting for job 31077.sith-mgmt2.ccs.ornl.gov to start
qsub: job 31077.sith-mgmt2.ccs.ornl.gov ready

    0.000	    0.429	    0.796	    0.028	    0.063	    1.484

qsub: job 31077.sith-mgmt2.ccs.ornl.gov completed

qsub: waiting for job 31078.sith-mgmt2.ccs.ornl.gov to start
qsub: job 31078.sith-mgmt2.ccs.ornl.gov ready

    0.000	    1.294	    0.919	    0.028	    0.200	    2.840

qsub: job 31078.sith-mgmt2.ccs.ornl.gov completed

4 var
qsub: waiting for job 31079.sith-mgmt2.ccs.ornl.gov to start
qsub: job 31079.sith-mgmt2.ccs.ornl.gov ready

    0.000	    0.776	    1.238	    0.060	    0.033	    2.315

qsub: job 31079.sith-mgmt2.ccs.ornl.gov completed

qsub: waiting for job 31080.sith-mgmt2.ccs.ornl.gov to start
qsub: job 31080.sith-mgmt2.ccs.ornl.gov ready

    0.000	    0.716	    1.564	    0.058	    0.039	    2.598

qsub: job 31080.sith-mgmt2.ccs.ornl.gov completed

qsub: waiting for job 31081.sith-mgmt2.ccs.ornl.gov to start
qsub: job 31081.sith-mgmt2.ccs.ornl.gov ready

    0.000	    1.260	    1.645	    0.056	    0.039	    3.202

qsub: job 31081.sith-mgmt2.ccs.ornl.gov completed

qsub: waiting for job 31082.sith-mgmt2.ccs.ornl.gov to start
qsub: job 31082.sith-mgmt2.ccs.ornl.gov ready

    0.000	    2.550	    1.843	    0.055	    0.059	    4.764

qsub: job 31082.sith-mgmt2.ccs.ornl.gov completed

qsub: waiting for job 31083.sith-mgmt2.ccs.ornl.gov to start
qsub: job 31083.sith-mgmt2.ccs.ornl.gov ready

    0.000	    3.119	    1.980	    0.057	    0.156	    5.757

qsub: job 31083.sith-mgmt2.ccs.ornl.gov completed

3 var
qsub: waiting for job 31084.sith-mgmt2.ccs.ornl.gov to start
qsub: job 31084.sith-mgmt2.ccs.ornl.gov ready

    0.000	    0.410	    0.992	    0.043	    0.042	    1.672

qsub: job 31084.sith-mgmt2.ccs.ornl.gov completed

qsub: waiting for job 31085.sith-mgmt2.ccs.ornl.gov to start
qsub: job 31085.sith-mgmt2.ccs.ornl.gov ready

    0.000	    1.168	    1.108	    0.043	    0.082	    2.661

qsub: job 31085.sith-mgmt2.ccs.ornl.gov completed

qsub: waiting for job 31086.sith-mgmt2.ccs.ornl.gov to start
qsub: job 31086.sith-mgmt2.ccs.ornl.gov ready

    0.000	    1.829	    1.344	    0.043	    0.313	    4.240

qsub: job 31086.sith-mgmt2.ccs.ornl.gov completed

qsub: waiting for job 31087.sith-mgmt2.ccs.ornl.gov to start
qsub: job 31087.sith-mgmt2.ccs.ornl.gov ready

    0.000	    1.360	    1.162	    0.043	    0.112	    2.985

qsub: job 31087.sith-mgmt2.ccs.ornl.gov completed

qsub: waiting for job 31088.sith-mgmt2.ccs.ornl.gov to start
qsub: job 31088.sith-mgmt2.ccs.ornl.gov ready

    0.000	    1.902	    1.293	    0.043	    0.267	    4.132

qsub: job 31088.sith-mgmt2.ccs.ornl.gov completed

2 var
qsub: waiting for job 31089.sith-mgmt2.ccs.ornl.gov to start
qsub: job 31089.sith-mgmt2.ccs.ornl.gov ready

    0.000	    0.035	    0.279	    0.030	    0.034	    0.482

qsub: job 31089.sith-mgmt2.ccs.ornl.gov completed

qsub: waiting for job 31090.sith-mgmt2.ccs.ornl.gov to start
qsub: job 31090.sith-mgmt2.ccs.ornl.gov ready

    0.000	    0.117	    0.604	    0.029	    0.038	    0.918

qsub: job 31090.sith-mgmt2.ccs.ornl.gov completed

qsub: waiting for job 31091.sith-mgmt2.ccs.ornl.gov to start
qsub: job 31091.sith-mgmt2.ccs.ornl.gov ready

    0.000	    0.223	    0.682	    0.029	    0.047	    1.123

qsub: job 31091.sith-mgmt2.ccs.ornl.gov completed

qsub: waiting for job 31092.sith-mgmt2.ccs.ornl.gov to start
qsub: job 31092.sith-mgmt2.ccs.ornl.gov ready

    0.000	    0.502	    0.849	    0.060	    0.064	    1.650

qsub: job 31092.sith-mgmt2.ccs.ornl.gov completed

qsub: waiting for job 31093.sith-mgmt2.ccs.ornl.gov to start
qsub: job 31093.sith-mgmt2.ccs.ornl.gov ready

    0.000	    1.766	    0.961	    0.044	    0.206	    3.385

qsub: job 31093.sith-mgmt2.ccs.ornl.gov completed

4 var
qsub: waiting for job 31094.sith-mgmt2.ccs.ornl.gov to start
qsub: job 31094.sith-mgmt2.ccs.ornl.gov ready

    0.000	    0.774	    1.215	    0.056	    0.034	    2.277

qsub: job 31094.sith-mgmt2.ccs.ornl.gov completed

qsub: waiting for job 31095.sith-mgmt2.ccs.ornl.gov to start
qsub: job 31095.sith-mgmt2.ccs.ornl.gov ready

    0.000	    0.712	    1.306	    0.055	    0.038	    2.301

qsub: job 31095.sith-mgmt2.ccs.ornl.gov completed

qsub: waiting for job 31096.sith-mgmt2.ccs.ornl.gov to start
qsub: job 31096.sith-mgmt2.ccs.ornl.gov ready

    0.000	    1.221	    1.623	    0.053	    0.039	    3.142

qsub: job 31096.sith-mgmt2.ccs.ornl.gov completed

qsub: waiting for job 31097.sith-mgmt2.ccs.ornl.gov to start
qsub: job 31097.sith-mgmt2.ccs.ornl.gov ready

    0.000	    2.559	    1.858	    0.054	    0.059	    4.788

qsub: job 31097.sith-mgmt2.ccs.ornl.gov completed

qsub: waiting for job 31098.sith-mgmt2.ccs.ornl.gov to start
qsub: job 31098.sith-mgmt2.ccs.ornl.gov ready

    0.000	    3.088	    1.975	    0.054	    0.156	    5.711

qsub: job 31098.sith-mgmt2.ccs.ornl.gov completed

3 var
qsub: waiting for job 31099.sith-mgmt2.ccs.ornl.gov to start
qsub: job 31099.sith-mgmt2.ccs.ornl.gov ready

    0.000	    0.407	    0.863	    0.042	    0.042	    1.535

qsub: job 31099.sith-mgmt2.ccs.ornl.gov completed

qsub: waiting for job 31100.sith-mgmt2.ccs.ornl.gov to start
qsub: job 31100.sith-mgmt2.ccs.ornl.gov ready

    0.000	    1.189	    1.030	    0.041	    0.084	    2.622

qsub: job 31100.sith-mgmt2.ccs.ornl.gov completed

qsub: waiting for job 31101.sith-mgmt2.ccs.ornl.gov to start
qsub: job 31101.sith-mgmt2.ccs.ornl.gov ready

    0.000	    1.839	    1.394	    0.041	    0.315	    4.310

qsub: job 31101.sith-mgmt2.ccs.ornl.gov completed

qsub: waiting for job 31102.sith-mgmt2.ccs.ornl.gov to start
qsub: job 31102.sith-mgmt2.ccs.ornl.gov ready

    0.000	    1.363	    1.129	    0.041	    0.112	    2.960

qsub: job 31102.sith-mgmt2.ccs.ornl.gov completed

qsub: waiting for job 31103.sith-mgmt2.ccs.ornl.gov to start
qsub: job 31103.sith-mgmt2.ccs.ornl.gov ready

    0.000	    1.908	    1.579	    0.041	    0.268	    4.440

qsub: job 31103.sith-mgmt2.ccs.ornl.gov completed

2 var
qsub: waiting for job 31104.sith-mgmt2.ccs.ornl.gov to start
qsub: job 31104.sith-mgmt2.ccs.ornl.gov ready

    0.000	    0.035	    0.581	    0.028	    0.034	    0.825

qsub: job 31104.sith-mgmt2.ccs.ornl.gov completed

qsub: waiting for job 31105.sith-mgmt2.ccs.ornl.gov to start
qsub: job 31105.sith-mgmt2.ccs.ornl.gov ready

    0.000	    0.130	    0.608	    0.062	    0.039	    0.987

qsub: job 31105.sith-mgmt2.ccs.ornl.gov completed

qsub: waiting for job 31106.sith-mgmt2.ccs.ornl.gov to start
qsub: job 31106.sith-mgmt2.ccs.ornl.gov ready

    0.000	    0.227	    0.708	    0.027	    0.047	    1.152

qsub: job 31106.sith-mgmt2.ccs.ornl.gov completed

qsub: waiting for job 31107.sith-mgmt2.ccs.ornl.gov to start
qsub: job 31107.sith-mgmt2.ccs.ornl.gov ready

    0.000	    0.434	    0.774	    0.028	    0.062	    1.473

qsub: job 31107.sith-mgmt2.ccs.ornl.gov completed

qsub: waiting for job 31108.sith-mgmt2.ccs.ornl.gov to start
qsub: job 31108.sith-mgmt2.ccs.ornl.gov ready

    0.000	    1.284	    0.949	    0.026	    0.201	    2.875

qsub: job 31108.sith-mgmt2.ccs.ornl.gov completed

4 var
qsub: waiting for job 31109.sith-mgmt2.ccs.ornl.gov to start
qsub: job 31109.sith-mgmt2.ccs.ornl.gov ready

    0.000	    0.751	    1.319	    0.049	    0.033	    2.363

qsub: job 31109.sith-mgmt2.ccs.ornl.gov completed

qsub: waiting for job 31110.sith-mgmt2.ccs.ornl.gov to start
qsub: job 31110.sith-mgmt2.ccs.ornl.gov ready

    0.000	    0.712	    1.489	    0.055	    0.039	    2.529

qsub: job 31110.sith-mgmt2.ccs.ornl.gov completed

qsub: waiting for job 31111.sith-mgmt2.ccs.ornl.gov to start
qsub: job 31111.sith-mgmt2.ccs.ornl.gov ready

    0.000	    1.254	    1.693	    0.055	    0.038	    3.246

qsub: job 31111.sith-mgmt2.ccs.ornl.gov completed

qsub: waiting for job 31112.sith-mgmt2.ccs.ornl.gov to start
qsub: job 31112.sith-mgmt2.ccs.ornl.gov ready

    0.000	    2.666	    2.107	    0.070	    0.060	    5.138

qsub: job 31112.sith-mgmt2.ccs.ornl.gov completed

qsub: waiting for job 31113.sith-mgmt2.ccs.ornl.gov to start
qsub: job 31113.sith-mgmt2.ccs.ornl.gov ready

    0.000	    3.059	    2.099	    0.054	    0.155	    5.793

qsub: job 31113.sith-mgmt2.ccs.ornl.gov completed

3 var
qsub: waiting for job 31114.sith-mgmt2.ccs.ornl.gov to start
qsub: job 31114.sith-mgmt2.ccs.ornl.gov ready

    0.000	    0.408	    0.860	    0.042	    0.042	    1.533

qsub: job 31114.sith-mgmt2.ccs.ornl.gov completed

qsub: waiting for job 31115.sith-mgmt2.ccs.ornl.gov to start
qsub: job 31115.sith-mgmt2.ccs.ornl.gov ready

    0.000	    1.559	    1.235	    0.088	    0.083	    3.252

qsub: job 31115.sith-mgmt2.ccs.ornl.gov completed

qsub: waiting for job 31116.sith-mgmt2.ccs.ornl.gov to start
qsub: job 31116.sith-mgmt2.ccs.ornl.gov ready

    0.000	    1.834	    1.379	    0.040	    0.314	    4.281

qsub: job 31116.sith-mgmt2.ccs.ornl.gov completed

qsub: waiting for job 31117.sith-mgmt2.ccs.ornl.gov to start
qsub: job 31117.sith-mgmt2.ccs.ornl.gov ready

    0.000	    1.382	    0.990	    0.041	    0.113	    2.826

qsub: job 31117.sith-mgmt2.ccs.ornl.gov completed

qsub: waiting for job 31118.sith-mgmt2.ccs.ornl.gov to start
qsub: job 31118.sith-mgmt2.ccs.ornl.gov ready

    0.000	    3.251	    2.132	    0.088	    0.272	    9.414

qsub: job 31118.sith-mgmt2.ccs.ornl.gov completed

2 var
qsub: waiting for job 31119.sith-mgmt2.ccs.ornl.gov to start
qsub: job 31119.sith-mgmt2.ccs.ornl.gov ready

    0.000	    0.035	    0.589	    0.028	    0.034	    0.818

qsub: job 31119.sith-mgmt2.ccs.ornl.gov completed

qsub: waiting for job 31120.sith-mgmt2.ccs.ornl.gov to start
qsub: job 31120.sith-mgmt2.ccs.ornl.gov ready

    0.000	    0.117	    0.568	    0.028	    0.037	    0.887

qsub: job 31120.sith-mgmt2.ccs.ornl.gov completed

qsub: waiting for job 31121.sith-mgmt2.ccs.ornl.gov to start
qsub: job 31121.sith-mgmt2.ccs.ornl.gov ready

    0.000	    0.221	    0.698	    0.028	    0.048	    1.138

qsub: job 31121.sith-mgmt2.ccs.ornl.gov completed

qsub: waiting for job 31122.sith-mgmt2.ccs.ornl.gov to start
qsub: job 31122.sith-mgmt2.ccs.ornl.gov ready

    0.000	    0.427	    0.654	    0.027	    0.062	    1.324

qsub: job 31122.sith-mgmt2.ccs.ornl.gov completed

qsub: waiting for job 31123.sith-mgmt2.ccs.ornl.gov to start
qsub: job 31123.sith-mgmt2.ccs.ornl.gov ready

    0.000	    1.241	    0.919	    0.026	    0.201	    2.821

qsub: job 31123.sith-mgmt2.ccs.ornl.gov completed

4 var
qsub: waiting for job 31124.sith-mgmt2.ccs.ornl.gov to start
qsub: job 31124.sith-mgmt2.ccs.ornl.gov ready

    0.000	    0.768	    1.282	    0.055	    0.034	    2.345

qsub: job 31124.sith-mgmt2.ccs.ornl.gov completed

qsub: waiting for job 31125.sith-mgmt2.ccs.ornl.gov to start
qsub: job 31125.sith-mgmt2.ccs.ornl.gov ready

    0.000	    0.715	    1.469	    0.055	    0.039	    2.476

qsub: job 31125.sith-mgmt2.ccs.ornl.gov completed

qsub: waiting for job 31126.sith-mgmt2.ccs.ornl.gov to start
qsub: job 31126.sith-mgmt2.ccs.ornl.gov ready

    0.000	    1.256	    1.559	    0.056	    0.039	    3.119

qsub: job 31126.sith-mgmt2.ccs.ornl.gov completed

qsub: waiting for job 31127.sith-mgmt2.ccs.ornl.gov to start
qsub: job 31127.sith-mgmt2.ccs.ornl.gov ready

    0.000	    2.509	    1.800	    0.052	    0.058	    4.655

qsub: job 31127.sith-mgmt2.ccs.ornl.gov completed

qsub: waiting for job 31128.sith-mgmt2.ccs.ornl.gov to start
qsub: job 31128.sith-mgmt2.ccs.ornl.gov ready

    0.000	    3.106	    1.961	    0.054	    0.156	    5.716

qsub: job 31128.sith-mgmt2.ccs.ornl.gov completed

3 var
qsub: waiting for job 31129.sith-mgmt2.ccs.ornl.gov to start
qsub: job 31129.sith-mgmt2.ccs.ornl.gov ready

    0.000	    0.409	    0.707	    0.042	    0.042	    1.362

qsub: job 31129.sith-mgmt2.ccs.ornl.gov completed

qsub: waiting for job 31130.sith-mgmt2.ccs.ornl.gov to start
qsub: job 31130.sith-mgmt2.ccs.ornl.gov ready

    0.000	    1.171	    1.300	    0.041	    0.083	    2.839

qsub: job 31130.sith-mgmt2.ccs.ornl.gov completed

qsub: waiting for job 31131.sith-mgmt2.ccs.ornl.gov to start
qsub: job 31131.sith-mgmt2.ccs.ornl.gov ready

    0.000	    1.828	    1.259	    0.047	    0.332	    4.180

qsub: job 31131.sith-mgmt2.ccs.ornl.gov completed

qsub: waiting for job 31132.sith-mgmt2.ccs.ornl.gov to start
qsub: job 31132.sith-mgmt2.ccs.ornl.gov ready

    0.000	    1.401	    0.991	    0.059	    0.114	    2.885

qsub: job 31132.sith-mgmt2.ccs.ornl.gov completed

qsub: waiting for job 31133.sith-mgmt2.ccs.ornl.gov to start
qsub: job 31133.sith-mgmt2.ccs.ornl.gov ready

    0.000	    2.536	    1.543	    0.089	    0.266	    5.086

qsub: job 31133.sith-mgmt2.ccs.ornl.gov completed

2 var
qsub: waiting for job 31134.sith-mgmt2.ccs.ornl.gov to start
qsub: job 31134.sith-mgmt2.ccs.ornl.gov ready

    0.000	    0.035	    0.512	    0.027	    0.034	    0.758

qsub: job 31134.sith-mgmt2.ccs.ornl.gov completed

qsub: waiting for job 31135.sith-mgmt2.ccs.ornl.gov to start
qsub: job 31135.sith-mgmt2.ccs.ornl.gov ready

    0.000	    0.116	    0.610	    0.027	    0.038	    0.930

qsub: job 31135.sith-mgmt2.ccs.ornl.gov completed

qsub: waiting for job 31136.sith-mgmt2.ccs.ornl.gov to start
qsub: job 31136.sith-mgmt2.ccs.ornl.gov ready

    0.000	    0.219	    0.686	    0.027	    0.047	    1.129

qsub: job 31136.sith-mgmt2.ccs.ornl.gov completed

qsub: waiting for job 31137.sith-mgmt2.ccs.ornl.gov to start
qsub: job 31137.sith-mgmt2.ccs.ornl.gov ready

    0.000	    0.425	    0.786	    0.027	    0.062	    1.468

qsub: job 31137.sith-mgmt2.ccs.ornl.gov completed

qsub: waiting for job 31138.sith-mgmt2.ccs.ornl.gov to start
qsub: job 31138.sith-mgmt2.ccs.ornl.gov ready

    0.000	    1.294	    0.958	    0.027	    0.200	    2.884

qsub: job 31138.sith-mgmt2.ccs.ornl.gov completed

4 var
qsub: waiting for job 31139.sith-mgmt2.ccs.ornl.gov to start
qsub: job 31139.sith-mgmt2.ccs.ornl.gov ready

    0.000	    0.772	    1.033	    0.057	    0.034	    2.097

qsub: job 31139.sith-mgmt2.ccs.ornl.gov completed

qsub: waiting for job 31140.sith-mgmt2.ccs.ornl.gov to start
qsub: job 31140.sith-mgmt2.ccs.ornl.gov ready

    0.000	    0.718	    1.311	    0.057	    0.039	    2.310

qsub: job 31140.sith-mgmt2.ccs.ornl.gov completed

qsub: waiting for job 31141.sith-mgmt2.ccs.ornl.gov to start
qsub: job 31141.sith-mgmt2.ccs.ornl.gov ready

    0.000	    1.248	    1.494	    0.057	    0.038	    3.044

qsub: job 31141.sith-mgmt2.ccs.ornl.gov completed

qsub: waiting for job 31142.sith-mgmt2.ccs.ornl.gov to start
qsub: job 31142.sith-mgmt2.ccs.ornl.gov ready

    0.000	    2.534	    1.736	    0.057	    0.059	    4.614

qsub: job 31142.sith-mgmt2.ccs.ornl.gov completed

qsub: waiting for job 31143.sith-mgmt2.ccs.ornl.gov to start
qsub: job 31143.sith-mgmt2.ccs.ornl.gov ready

    0.000	    4.129	    2.062	    0.119	    0.158	    6.924

qsub: job 31143.sith-mgmt2.ccs.ornl.gov completed

3 var
qsub: waiting for job 31144.sith-mgmt2.ccs.ornl.gov to start
qsub: job 31144.sith-mgmt2.ccs.ornl.gov ready

    0.000	    0.403	    0.824	    0.039	    0.042	    1.484

qsub: job 31144.sith-mgmt2.ccs.ornl.gov completed

qsub: waiting for job 31145.sith-mgmt2.ccs.ornl.gov to start
qsub: job 31145.sith-mgmt2.ccs.ornl.gov ready

    0.000	    1.129	    1.004	    0.038	    0.082	    2.488

qsub: job 31145.sith-mgmt2.ccs.ornl.gov completed

qsub: waiting for job 31146.sith-mgmt2.ccs.ornl.gov to start
qsub: job 31146.sith-mgmt2.ccs.ornl.gov ready

    0.000	    1.823	    1.216	    0.041	    0.313	    4.109

qsub: job 31146.sith-mgmt2.ccs.ornl.gov completed

qsub: waiting for job 31147.sith-mgmt2.ccs.ornl.gov to start
qsub: job 31147.sith-mgmt2.ccs.ornl.gov ready

    0.000	    1.378	    1.167	    0.043	    0.111	    3.001

qsub: job 31147.sith-mgmt2.ccs.ornl.gov completed

qsub: waiting for job 31148.sith-mgmt2.ccs.ornl.gov to start
qsub: job 31148.sith-mgmt2.ccs.ornl.gov ready

    0.000	    1.903	    1.294	    0.042	    0.267	    4.140

qsub: job 31148.sith-mgmt2.ccs.ornl.gov completed

2 var
qsub: waiting for job 31149.sith-mgmt2.ccs.ornl.gov to start
qsub: job 31149.sith-mgmt2.ccs.ornl.gov ready

    0.000	    0.035	    0.518	    0.029	    0.034	    0.756

qsub: job 31149.sith-mgmt2.ccs.ornl.gov completed

qsub: waiting for job 31150.sith-mgmt2.ccs.ornl.gov to start
qsub: job 31150.sith-mgmt2.ccs.ornl.gov ready

    0.000	    0.116	    0.565	    0.028	    0.037	    0.882

qsub: job 31150.sith-mgmt2.ccs.ornl.gov completed

qsub: waiting for job 31151.sith-mgmt2.ccs.ornl.gov to start
qsub: job 31151.sith-mgmt2.ccs.ornl.gov ready

    0.000	    0.222	    0.682	    0.027	    0.048	    1.120

qsub: job 31151.sith-mgmt2.ccs.ornl.gov completed

qsub: waiting for job 31152.sith-mgmt2.ccs.ornl.gov to start
qsub: job 31152.sith-mgmt2.ccs.ornl.gov ready

    0.000	    0.428	    0.753	    0.026	    0.062	    1.470

qsub: job 31152.sith-mgmt2.ccs.ornl.gov completed

qsub: waiting for job 31153.sith-mgmt2.ccs.ornl.gov to start
qsub: job 31153.sith-mgmt2.ccs.ornl.gov ready

    0.000	    1.287	    0.967	    0.026	    0.202	    2.930

qsub: job 31153.sith-mgmt2.ccs.ornl.gov completed

4 var
qsub: waiting for job 31154.sith-mgmt2.ccs.ornl.gov to start
qsub: job 31154.sith-mgmt2.ccs.ornl.gov ready

    0.000	    0.772	    1.245	    0.057	    0.034	    2.318

qsub: job 31154.sith-mgmt2.ccs.ornl.gov completed

qsub: waiting for job 31155.sith-mgmt2.ccs.ornl.gov to start
qsub: job 31155.sith-mgmt2.ccs.ornl.gov ready

    0.000	    0.714	    1.356	    0.056	    0.038	    2.385

qsub: job 31155.sith-mgmt2.ccs.ornl.gov completed

qsub: waiting for job 31156.sith-mgmt2.ccs.ornl.gov to start
qsub: job 31156.sith-mgmt2.ccs.ornl.gov ready

    0.000	    1.254	    1.502	    0.056	    0.039	    3.055

qsub: job 31156.sith-mgmt2.ccs.ornl.gov completed

qsub: waiting for job 31157.sith-mgmt2.ccs.ornl.gov to start
qsub: job 31157.sith-mgmt2.ccs.ornl.gov ready

    0.000	    2.632	    1.828	    0.079	    0.061	    4.834

qsub: job 31157.sith-mgmt2.ccs.ornl.gov completed

qsub: waiting for job 31158.sith-mgmt2.ccs.ornl.gov to start
qsub: job 31158.sith-mgmt2.ccs.ornl.gov ready

    0.000	    2.993	    2.075	    0.051	    0.154	    5.713

qsub: job 31158.sith-mgmt2.ccs.ornl.gov completed

3 var
qsub: waiting for job 31159.sith-mgmt2.ccs.ornl.gov to start
qsub: job 31159.sith-mgmt2.ccs.ornl.gov ready

    0.000	    0.406	    0.896	    0.041	    0.042	    1.575

qsub: job 31159.sith-mgmt2.ccs.ornl.gov completed

qsub: waiting for job 31160.sith-mgmt2.ccs.ornl.gov to start
qsub: job 31160.sith-mgmt2.ccs.ornl.gov ready

    0.000	    1.194	    1.026	    0.065	    0.084	    2.848

qsub: job 31160.sith-mgmt2.ccs.ornl.gov completed

qsub: waiting for job 31161.sith-mgmt2.ccs.ornl.gov to start
qsub: job 31161.sith-mgmt2.ccs.ornl.gov ready

    0.000	    1.826	    1.248	    0.057	    0.313	    4.171

qsub: job 31161.sith-mgmt2.ccs.ornl.gov completed

qsub: waiting for job 31162.sith-mgmt2.ccs.ornl.gov to start
qsub: job 31162.sith-mgmt2.ccs.ornl.gov ready

    0.000	    1.365	    1.058	    0.039	    0.112	    2.876

qsub: job 31162.sith-mgmt2.ccs.ornl.gov completed

qsub: waiting for job 31163.sith-mgmt2.ccs.ornl.gov to start
qsub: job 31163.sith-mgmt2.ccs.ornl.gov ready

    0.000	    1.848	    1.293	    0.040	    0.269	    4.100

qsub: job 31163.sith-mgmt2.ccs.ornl.gov completed

2 var
qsub: waiting for job 31164.sith-mgmt2.ccs.ornl.gov to start
qsub: job 31164.sith-mgmt2.ccs.ornl.gov ready

    0.000	    0.035	    0.549	    0.029	    0.034	    0.802

qsub: job 31164.sith-mgmt2.ccs.ornl.gov completed

qsub: waiting for job 31165.sith-mgmt2.ccs.ornl.gov to start
qsub: job 31165.sith-mgmt2.ccs.ornl.gov ready

    0.000	    0.117	    0.609	    0.028	    0.038	    0.940

qsub: job 31165.sith-mgmt2.ccs.ornl.gov completed

qsub: waiting for job 31166.sith-mgmt2.ccs.ornl.gov to start
qsub: job 31166.sith-mgmt2.ccs.ornl.gov ready

    0.000	    0.226	    0.678	    0.028	    0.048	    1.123

qsub: job 31166.sith-mgmt2.ccs.ornl.gov completed

qsub: waiting for job 31167.sith-mgmt2.ccs.ornl.gov to start
qsub: job 31167.sith-mgmt2.ccs.ornl.gov ready

    0.000	    0.436	    0.837	    0.028	    0.063	    1.535

qsub: job 31167.sith-mgmt2.ccs.ornl.gov completed

qsub: waiting for job 31168.sith-mgmt2.ccs.ornl.gov to start
qsub: job 31168.sith-mgmt2.ccs.ornl.gov ready

    0.000	    1.300	    0.942	    0.028	    0.200	    2.876

qsub: job 31168.sith-mgmt2.ccs.ornl.gov completed

4 var
qsub: waiting for job 31169.sith-mgmt2.ccs.ornl.gov to start
qsub: job 31169.sith-mgmt2.ccs.ornl.gov ready

    0.000	    0.762	    1.104	    0.055	    0.033	    2.146

qsub: job 31169.sith-mgmt2.ccs.ornl.gov completed

qsub: waiting for job 31170.sith-mgmt2.ccs.ornl.gov to start
qsub: job 31170.sith-mgmt2.ccs.ornl.gov ready

    0.000	    0.713	    1.558	    0.056	    0.039	    2.573

qsub: job 31170.sith-mgmt2.ccs.ornl.gov completed

qsub: waiting for job 31171.sith-mgmt2.ccs.ornl.gov to start
qsub: job 31171.sith-mgmt2.ccs.ornl.gov ready

    0.000	    1.474	    1.469	    0.121	    0.040	    3.344

qsub: job 31171.sith-mgmt2.ccs.ornl.gov completed

qsub: waiting for job 31172.sith-mgmt2.ccs.ornl.gov to start
qsub: job 31172.sith-mgmt2.ccs.ornl.gov ready

    0.000	    2.549	    1.794	    0.056	    0.059	    4.693

qsub: job 31172.sith-mgmt2.ccs.ornl.gov completed

qsub: waiting for job 31173.sith-mgmt2.ccs.ornl.gov to start
qsub: job 31173.sith-mgmt2.ccs.ornl.gov ready

    0.000	    5.168	    2.412	    0.127	    0.159	    8.370

qsub: job 31173.sith-mgmt2.ccs.ornl.gov completed

3 var
qsub: waiting for job 31174.sith-mgmt2.ccs.ornl.gov to start
qsub: job 31174.sith-mgmt2.ccs.ornl.gov ready

    0.000	    0.434	    0.890	    0.060	    0.043	    1.617

qsub: job 31174.sith-mgmt2.ccs.ornl.gov completed

qsub: waiting for job 31175.sith-mgmt2.ccs.ornl.gov to start
qsub: job 31175.sith-mgmt2.ccs.ornl.gov ready

    0.000	    1.122	    1.163	    0.037	    0.083	    2.666

qsub: job 31175.sith-mgmt2.ccs.ornl.gov completed

qsub: waiting for job 31176.sith-mgmt2.ccs.ornl.gov to start
qsub: job 31176.sith-mgmt2.ccs.ornl.gov ready

    0.000	    3.051	    1.252	    0.113	    0.316	    5.497

qsub: job 31176.sith-mgmt2.ccs.ornl.gov completed

qsub: waiting for job 31177.sith-mgmt2.ccs.ornl.gov to start
qsub: job 31177.sith-mgmt2.ccs.ornl.gov ready

    0.000	    1.380	    1.020	    0.042	    0.113	    2.858

qsub: job 31177.sith-mgmt2.ccs.ornl.gov completed

qsub: waiting for job 31178.sith-mgmt2.ccs.ornl.gov to start
qsub: job 31178.sith-mgmt2.ccs.ornl.gov ready

    0.000	    1.892	    1.270	    0.042	    0.265	    4.108

qsub: job 31178.sith-mgmt2.ccs.ornl.gov completed

2 var
qsub: waiting for job 31179.sith-mgmt2.ccs.ornl.gov to start
qsub: job 31179.sith-mgmt2.ccs.ornl.gov ready

    0.000	    0.035	    0.522	    0.029	    0.034	    0.754

qsub: job 31179.sith-mgmt2.ccs.ornl.gov completed

qsub: waiting for job 31180.sith-mgmt2.ccs.ornl.gov to start
qsub: job 31180.sith-mgmt2.ccs.ornl.gov ready

    0.000	    0.125	    0.691	    0.043	    0.039	    1.045

qsub: job 31180.sith-mgmt2.ccs.ornl.gov completed

qsub: waiting for job 31181.sith-mgmt2.ccs.ornl.gov to start
qsub: job 31181.sith-mgmt2.ccs.ornl.gov ready

    0.000	    0.223	    0.655	    0.028	    0.047	    1.100

qsub: job 31181.sith-mgmt2.ccs.ornl.gov completed

qsub: waiting for job 31182.sith-mgmt2.ccs.ornl.gov to start
qsub: job 31182.sith-mgmt2.ccs.ornl.gov ready

    0.000	    0.433	    0.750	    0.027	    0.062	    1.453

qsub: job 31182.sith-mgmt2.ccs.ornl.gov completed

qsub: waiting for job 31183.sith-mgmt2.ccs.ornl.gov to start
qsub: job 31183.sith-mgmt2.ccs.ornl.gov ready

    0.000	    1.267	    0.952	    0.027	    0.203	    2.896

qsub: job 31183.sith-mgmt2.ccs.ornl.gov completed

4 var
qsub: waiting for job 31184.sith-mgmt2.ccs.ornl.gov to start
qsub: job 31184.sith-mgmt2.ccs.ornl.gov ready

    0.000	    0.773	    1.216	    0.055	    0.033	    2.282

qsub: job 31184.sith-mgmt2.ccs.ornl.gov completed

qsub: waiting for job 31185.sith-mgmt2.ccs.ornl.gov to start
qsub: job 31185.sith-mgmt2.ccs.ornl.gov ready

    0.000	    0.719	    1.401	    0.055	    0.039	    2.431

qsub: job 31185.sith-mgmt2.ccs.ornl.gov completed

qsub: waiting for job 31186.sith-mgmt2.ccs.ornl.gov to start
qsub: job 31186.sith-mgmt2.ccs.ornl.gov ready

    0.000	    1.437	    1.662	    0.094	    0.040	    3.449

qsub: job 31186.sith-mgmt2.ccs.ornl.gov completed

qsub: waiting for job 31187.sith-mgmt2.ccs.ornl.gov to start
qsub: job 31187.sith-mgmt2.ccs.ornl.gov ready

    0.000	    3.976	    1.896	    0.110	    0.059	    6.318

qsub: job 31187.sith-mgmt2.ccs.ornl.gov completed

qsub: waiting for job 31188.sith-mgmt2.ccs.ornl.gov to start
qsub: job 31188.sith-mgmt2.ccs.ornl.gov ready

    0.000	    3.083	    2.009	    0.055	    0.155	    5.749

qsub: job 31188.sith-mgmt2.ccs.ornl.gov completed

3 var
qsub: waiting for job 31189.sith-mgmt2.ccs.ornl.gov to start
qsub: job 31189.sith-mgmt2.ccs.ornl.gov ready

    0.000	    0.410	    0.884	    0.042	    0.042	    1.551

qsub: job 31189.sith-mgmt2.ccs.ornl.gov completed

qsub: waiting for job 31190.sith-mgmt2.ccs.ornl.gov to start
qsub: job 31190.sith-mgmt2.ccs.ornl.gov ready

    0.000	    1.178	    1.075	    0.042	    0.083	    2.673

qsub: job 31190.sith-mgmt2.ccs.ornl.gov completed

qsub: waiting for job 31191.sith-mgmt2.ccs.ornl.gov to start
qsub: job 31191.sith-mgmt2.ccs.ornl.gov ready

    0.000	    1.760	    1.430	    0.039	    0.312	    4.263

qsub: job 31191.sith-mgmt2.ccs.ornl.gov completed

qsub: waiting for job 31192.sith-mgmt2.ccs.ornl.gov to start
qsub: job 31192.sith-mgmt2.ccs.ornl.gov ready

    0.000	    1.388	    1.093	    0.041	    0.111	    2.937

qsub: job 31192.sith-mgmt2.ccs.ornl.gov completed

qsub: waiting for job 31193.sith-mgmt2.ccs.ornl.gov to start
qsub: job 31193.sith-mgmt2.ccs.ornl.gov ready

    0.000	    1.894	    1.412	    0.041	    0.268	    4.227

qsub: job 31193.sith-mgmt2.ccs.ornl.gov completed

2 var
qsub: waiting for job 31194.sith-mgmt2.ccs.ornl.gov to start
qsub: job 31194.sith-mgmt2.ccs.ornl.gov ready

    0.000	    0.035	    0.582	    0.028	    0.034	    0.867

qsub: job 31194.sith-mgmt2.ccs.ornl.gov completed

qsub: waiting for job 31195.sith-mgmt2.ccs.ornl.gov to start
qsub: job 31195.sith-mgmt2.ccs.ornl.gov ready

    0.000	    0.118	    0.609	    0.028	    0.037	    0.947

qsub: job 31195.sith-mgmt2.ccs.ornl.gov completed

qsub: waiting for job 31196.sith-mgmt2.ccs.ornl.gov to start
qsub: job 31196.sith-mgmt2.ccs.ornl.gov ready

    0.000	    0.223	    0.726	    0.028	    0.047	    1.177

qsub: job 31196.sith-mgmt2.ccs.ornl.gov completed

qsub: waiting for job 31197.sith-mgmt2.ccs.ornl.gov to start
qsub: job 31197.sith-mgmt2.ccs.ornl.gov ready

    0.000	    0.434	    0.769	    0.028	    0.062	    1.460

qsub: job 31197.sith-mgmt2.ccs.ornl.gov completed

qsub: waiting for job 31198.sith-mgmt2.ccs.ornl.gov to start
qsub: job 31198.sith-mgmt2.ccs.ornl.gov ready

    0.000	    1.288	    0.946	    0.027	    0.199	    2.867

qsub: job 31198.sith-mgmt2.ccs.ornl.gov completed

4 var
qsub: waiting for job 31199.sith-mgmt2.ccs.ornl.gov to start
qsub: job 31199.sith-mgmt2.ccs.ornl.gov ready

    0.000	    0.759	    1.090	    0.056	    0.033	    2.150

qsub: job 31199.sith-mgmt2.ccs.ornl.gov completed

qsub: waiting for job 31200.sith-mgmt2.ccs.ornl.gov to start
qsub: job 31200.sith-mgmt2.ccs.ornl.gov ready

    0.000	    0.708	    1.423	    0.055	    0.039	    2.443

qsub: job 31200.sith-mgmt2.ccs.ornl.gov completed

qsub: waiting for job 31201.sith-mgmt2.ccs.ornl.gov to start
qsub: job 31201.sith-mgmt2.ccs.ornl.gov ready

    0.000	    1.213	    1.501	    0.048	    0.039	    3.003

qsub: job 31201.sith-mgmt2.ccs.ornl.gov completed

qsub: waiting for job 31202.sith-mgmt2.ccs.ornl.gov to start
qsub: job 31202.sith-mgmt2.ccs.ornl.gov ready

    0.000	    2.510	    1.782	    0.053	    0.059	    4.652

qsub: job 31202.sith-mgmt2.ccs.ornl.gov completed

qsub: waiting for job 31203.sith-mgmt2.ccs.ornl.gov to start
qsub: job 31203.sith-mgmt2.ccs.ornl.gov ready

    0.000	    3.091	    1.994	    0.055	    0.154	    5.742

qsub: job 31203.sith-mgmt2.ccs.ornl.gov completed

3 var
qsub: waiting for job 31204.sith-mgmt2.ccs.ornl.gov to start
qsub: job 31204.sith-mgmt2.ccs.ornl.gov ready

    0.000	    0.409	    1.020	    0.042	    0.042	    1.710

qsub: job 31204.sith-mgmt2.ccs.ornl.gov completed

qsub: waiting for job 31205.sith-mgmt2.ccs.ornl.gov to start
qsub: job 31205.sith-mgmt2.ccs.ornl.gov ready

    0.000	    1.191	    1.084	    0.058	    0.085	    2.662

qsub: job 31205.sith-mgmt2.ccs.ornl.gov completed

qsub: waiting for job 31206.sith-mgmt2.ccs.ornl.gov to start
qsub: job 31206.sith-mgmt2.ccs.ornl.gov ready

    0.000	    1.835	    1.218	    0.042	    0.315	    4.123

qsub: job 31206.sith-mgmt2.ccs.ornl.gov completed

qsub: waiting for job 31207.sith-mgmt2.ccs.ornl.gov to start
qsub: job 31207.sith-mgmt2.ccs.ornl.gov ready

    0.000	    1.336	    1.062	    0.038	    0.111	    2.855

qsub: job 31207.sith-mgmt2.ccs.ornl.gov completed

qsub: waiting for job 31208.sith-mgmt2.ccs.ornl.gov to start
qsub: job 31208.sith-mgmt2.ccs.ornl.gov ready

    0.000	    1.879	    1.581	    0.040	    0.267	    4.395

qsub: job 31208.sith-mgmt2.ccs.ornl.gov completed

2 var
qsub: waiting for job 31209.sith-mgmt2.ccs.ornl.gov to start
qsub: job 31209.sith-mgmt2.ccs.ornl.gov ready

    0.000	    0.035	    0.521	    0.029	    0.034	    0.761

qsub: job 31209.sith-mgmt2.ccs.ornl.gov completed

qsub: waiting for job 31210.sith-mgmt2.ccs.ornl.gov to start
qsub: job 31210.sith-mgmt2.ccs.ornl.gov ready

    0.000	    0.117	    0.893	    0.028	    0.038	    1.212

qsub: job 31210.sith-mgmt2.ccs.ornl.gov completed

qsub: waiting for job 31211.sith-mgmt2.ccs.ornl.gov to start
qsub: job 31211.sith-mgmt2.ccs.ornl.gov ready

    0.000	    0.223	    0.771	    0.028	    0.048	    1.220

qsub: job 31211.sith-mgmt2.ccs.ornl.gov completed

qsub: waiting for job 31212.sith-mgmt2.ccs.ornl.gov to start
qsub: job 31212.sith-mgmt2.ccs.ornl.gov ready

    0.000	    0.590	    0.744	    0.074	    0.064	    1.668

qsub: job 31212.sith-mgmt2.ccs.ornl.gov completed

qsub: waiting for job 31213.sith-mgmt2.ccs.ornl.gov to start
qsub: job 31213.sith-mgmt2.ccs.ornl.gov ready

    0.000	    1.300	    1.039	    0.028	    0.200	    2.974

qsub: job 31213.sith-mgmt2.ccs.ornl.gov completed

4 var
qsub: waiting for job 31214.sith-mgmt2.ccs.ornl.gov to start
qsub: job 31214.sith-mgmt2.ccs.ornl.gov ready

    0.000	    0.756	    1.362	    0.053	    0.034	    2.411

qsub: job 31214.sith-mgmt2.ccs.ornl.gov completed

qsub: waiting for job 31215.sith-mgmt2.ccs.ornl.gov to start
qsub: job 31215.sith-mgmt2.ccs.ornl.gov ready

    0.000	    0.700	    1.306	    0.051	    0.039	    2.305

qsub: job 31215.sith-mgmt2.ccs.ornl.gov completed

qsub: waiting for job 31216.sith-mgmt2.ccs.ornl.gov to start
qsub: job 31216.sith-mgmt2.ccs.ornl.gov ready

    0.000	    1.247	    1.647	    0.057	    0.039	    3.195

qsub: job 31216.sith-mgmt2.ccs.ornl.gov completed

qsub: waiting for job 31217.sith-mgmt2.ccs.ornl.gov to start
qsub: job 31217.sith-mgmt2.ccs.ornl.gov ready

    0.000	    2.540	    1.779	    0.057	    0.059	    4.668

qsub: job 31217.sith-mgmt2.ccs.ornl.gov completed

qsub: waiting for job 31218.sith-mgmt2.ccs.ornl.gov to start
qsub: job 31218.sith-mgmt2.ccs.ornl.gov ready

    0.000	    3.028	    2.028	    0.053	    0.156	    5.712

qsub: job 31218.sith-mgmt2.ccs.ornl.gov completed

3 var
qsub: waiting for job 31219.sith-mgmt2.ccs.ornl.gov to start
qsub: job 31219.sith-mgmt2.ccs.ornl.gov ready

    0.000	    0.410	    0.987	    0.043	    0.042	    1.655

qsub: job 31219.sith-mgmt2.ccs.ornl.gov completed

qsub: waiting for job 31220.sith-mgmt2.ccs.ornl.gov to start
qsub: job 31220.sith-mgmt2.ccs.ornl.gov ready

    0.000	    1.571	    0.988	    0.074	    0.085	    2.957

qsub: job 31220.sith-mgmt2.ccs.ornl.gov completed

qsub: waiting for job 31221.sith-mgmt2.ccs.ornl.gov to start
qsub: job 31221.sith-mgmt2.ccs.ornl.gov ready

    0.000	    1.872	    1.245	    0.043	    0.311	    4.165

qsub: job 31221.sith-mgmt2.ccs.ornl.gov completed

qsub: waiting for job 31222.sith-mgmt2.ccs.ornl.gov to start
qsub: job 31222.sith-mgmt2.ccs.ornl.gov ready

    0.000	    1.366	    1.057	    0.040	    0.110	    2.890

qsub: job 31222.sith-mgmt2.ccs.ornl.gov completed

qsub: waiting for job 31223.sith-mgmt2.ccs.ornl.gov to start
qsub: job 31223.sith-mgmt2.ccs.ornl.gov ready

    0.000	    1.832	    1.426	    0.041	    0.265	    4.211

qsub: job 31223.sith-mgmt2.ccs.ornl.gov completed

2 var
qsub: waiting for job 31224.sith-mgmt2.ccs.ornl.gov to start
qsub: job 31224.sith-mgmt2.ccs.ornl.gov ready

    0.000	    0.035	    0.540	    0.029	    0.034	    0.778

qsub: job 31224.sith-mgmt2.ccs.ornl.gov completed

qsub: waiting for job 31225.sith-mgmt2.ccs.ornl.gov to start
qsub: job 31225.sith-mgmt2.ccs.ornl.gov ready

    0.000	    0.117	    0.648	    0.029	    0.037	    0.964

qsub: job 31225.sith-mgmt2.ccs.ornl.gov completed

qsub: waiting for job 31226.sith-mgmt2.ccs.ornl.gov to start
qsub: job 31226.sith-mgmt2.ccs.ornl.gov ready

    0.000	    0.223	    0.700	    0.028	    0.048	    1.147

qsub: job 31226.sith-mgmt2.ccs.ornl.gov completed

qsub: waiting for job 31227.sith-mgmt2.ccs.ornl.gov to start
qsub: job 31227.sith-mgmt2.ccs.ornl.gov ready

    0.000	    0.434	    0.781	    0.028	    0.062	    1.478

qsub: job 31227.sith-mgmt2.ccs.ornl.gov completed

qsub: waiting for job 31228.sith-mgmt2.ccs.ornl.gov to start
qsub: job 31228.sith-mgmt2.ccs.ornl.gov ready

    0.000	    1.306	    1.034	    0.027	    0.200	    2.972

qsub: job 31228.sith-mgmt2.ccs.ornl.gov completed

4 var
qsub: waiting for job 31229.sith-mgmt2.ccs.ornl.gov to start
qsub: job 31229.sith-mgmt2.ccs.ornl.gov ready

    0.000	    0.752	    1.719	    0.051	    0.033	    2.760

qsub: job 31229.sith-mgmt2.ccs.ornl.gov completed

qsub: waiting for job 31230.sith-mgmt2.ccs.ornl.gov to start
qsub: job 31230.sith-mgmt2.ccs.ornl.gov ready

    0.000	    0.717	    1.373	    0.056	    0.038	    2.391

qsub: job 31230.sith-mgmt2.ccs.ornl.gov completed

qsub: waiting for job 31231.sith-mgmt2.ccs.ornl.gov to start
qsub: job 31231.sith-mgmt2.ccs.ornl.gov ready

    0.000	    1.248	    1.460	    0.055	    0.039	    3.007

qsub: job 31231.sith-mgmt2.ccs.ornl.gov completed

qsub: waiting for job 31232.sith-mgmt2.ccs.ornl.gov to start
qsub: job 31232.sith-mgmt2.ccs.ornl.gov ready

    0.000	    2.558	    1.904	    0.055	    0.059	    4.804

qsub: job 31232.sith-mgmt2.ccs.ornl.gov completed

qsub: waiting for job 31233.sith-mgmt2.ccs.ornl.gov to start
qsub: job 31233.sith-mgmt2.ccs.ornl.gov ready

    0.000	    3.105	    2.007	    0.054	    0.156	    5.756

qsub: job 31233.sith-mgmt2.ccs.ornl.gov completed

3 var
qsub: waiting for job 31234.sith-mgmt2.ccs.ornl.gov to start
qsub: job 31234.sith-mgmt2.ccs.ornl.gov ready

    0.000	    0.410	    0.844	    0.042	    0.042	    1.526

qsub: job 31234.sith-mgmt2.ccs.ornl.gov completed

qsub: waiting for job 31235.sith-mgmt2.ccs.ornl.gov to start
qsub: job 31235.sith-mgmt2.ccs.ornl.gov ready

    0.000	    1.173	    1.064	    0.043	    0.083	    2.635

qsub: job 31235.sith-mgmt2.ccs.ornl.gov completed

qsub: waiting for job 31236.sith-mgmt2.ccs.ornl.gov to start
qsub: job 31236.sith-mgmt2.ccs.ornl.gov ready

    0.000	    1.785	    1.423	    0.039	    0.309	    4.269

qsub: job 31236.sith-mgmt2.ccs.ornl.gov completed

qsub: waiting for job 31237.sith-mgmt2.ccs.ornl.gov to start
qsub: job 31237.sith-mgmt2.ccs.ornl.gov ready

    0.000	    1.386	    1.048	    0.040	    0.113	    2.879

qsub: job 31237.sith-mgmt2.ccs.ornl.gov completed

qsub: waiting for job 31238.sith-mgmt2.ccs.ornl.gov to start
qsub: job 31238.sith-mgmt2.ccs.ornl.gov ready

    0.000	    1.893	    1.292	    0.042	    0.269	    4.124

qsub: job 31238.sith-mgmt2.ccs.ornl.gov completed

2 var
qsub: waiting for job 31239.sith-mgmt2.ccs.ornl.gov to start
qsub: job 31239.sith-mgmt2.ccs.ornl.gov ready

    0.000	    0.035	    0.297	    0.029	    0.034	    0.496

qsub: job 31239.sith-mgmt2.ccs.ornl.gov completed

qsub: waiting for job 31240.sith-mgmt2.ccs.ornl.gov to start
qsub: job 31240.sith-mgmt2.ccs.ornl.gov ready

    0.000	    0.116	    0.583	    0.029	    0.037	    0.893

qsub: job 31240.sith-mgmt2.ccs.ornl.gov completed

qsub: waiting for job 31241.sith-mgmt2.ccs.ornl.gov to start
qsub: job 31241.sith-mgmt2.ccs.ornl.gov ready

    0.000	    0.221	    0.688	    0.028	    0.047	    1.129

qsub: job 31241.sith-mgmt2.ccs.ornl.gov completed

qsub: waiting for job 31242.sith-mgmt2.ccs.ornl.gov to start
qsub: job 31242.sith-mgmt2.ccs.ornl.gov ready

    0.000	    0.427	    0.768	    0.028	    0.062	    1.452

qsub: job 31242.sith-mgmt2.ccs.ornl.gov completed

qsub: waiting for job 31243.sith-mgmt2.ccs.ornl.gov to start
qsub: job 31243.sith-mgmt2.ccs.ornl.gov ready

    0.000	    1.260	    0.948	    0.026	    0.202	    2.855

qsub: job 31243.sith-mgmt2.ccs.ornl.gov completed

4 var
qsub: waiting for job 31244.sith-mgmt2.ccs.ornl.gov to start
qsub: job 31244.sith-mgmt2.ccs.ornl.gov ready

    0.000	    0.770	    1.234	    0.057	    0.033	    2.307

qsub: job 31244.sith-mgmt2.ccs.ornl.gov completed

qsub: waiting for job 31245.sith-mgmt2.ccs.ornl.gov to start
qsub: job 31245.sith-mgmt2.ccs.ornl.gov ready

    0.000	    0.723	    2.603	    0.056	    0.039	    3.627

qsub: job 31245.sith-mgmt2.ccs.ornl.gov completed

qsub: waiting for job 31246.sith-mgmt2.ccs.ornl.gov to start
qsub: job 31246.sith-mgmt2.ccs.ornl.gov ready

    0.000	    1.256	    1.618	    0.056	    0.039	    3.189

qsub: job 31246.sith-mgmt2.ccs.ornl.gov completed

qsub: waiting for job 31247.sith-mgmt2.ccs.ornl.gov to start
qsub: job 31247.sith-mgmt2.ccs.ornl.gov ready

    0.000	    2.553	    1.903	    0.055	    0.058	    4.819

qsub: job 31247.sith-mgmt2.ccs.ornl.gov completed

qsub: waiting for job 31248.sith-mgmt2.ccs.ornl.gov to start
qsub: job 31248.sith-mgmt2.ccs.ornl.gov ready

    0.000	    3.114	    1.918	    0.057	    0.158	    5.658

qsub: job 31248.sith-mgmt2.ccs.ornl.gov completed

3 var
qsub: waiting for job 31249.sith-mgmt2.ccs.ornl.gov to start
qsub: job 31249.sith-mgmt2.ccs.ornl.gov ready

    0.000	    0.409	    0.806	    0.042	    0.042	    1.480

qsub: job 31249.sith-mgmt2.ccs.ornl.gov completed

qsub: waiting for job 31250.sith-mgmt2.ccs.ornl.gov to start
qsub: job 31250.sith-mgmt2.ccs.ornl.gov ready

    0.000	    1.155	    1.053	    0.041	    0.084	    2.587

qsub: job 31250.sith-mgmt2.ccs.ornl.gov completed

qsub: waiting for job 31251.sith-mgmt2.ccs.ornl.gov to start
qsub: job 31251.sith-mgmt2.ccs.ornl.gov ready

    0.000	    1.828	    1.400	    0.042	    0.311	    4.283

qsub: job 31251.sith-mgmt2.ccs.ornl.gov completed

qsub: waiting for job 31252.sith-mgmt2.ccs.ornl.gov to start
qsub: job 31252.sith-mgmt2.ccs.ornl.gov ready

    0.000	    1.382	    1.059	    0.042	    0.113	    2.910

qsub: job 31252.sith-mgmt2.ccs.ornl.gov completed

qsub: waiting for job 31253.sith-mgmt2.ccs.ornl.gov to start
qsub: job 31253.sith-mgmt2.ccs.ornl.gov ready

    0.000	    2.558	    1.478	    0.074	    0.269	    5.045

qsub: job 31253.sith-mgmt2.ccs.ornl.gov completed

2 var
qsub: waiting for job 31254.sith-mgmt2.ccs.ornl.gov to start
qsub: job 31254.sith-mgmt2.ccs.ornl.gov ready

    0.000	    0.035	    0.570	    0.030	    0.034	    0.805

qsub: job 31254.sith-mgmt2.ccs.ornl.gov completed

qsub: waiting for job 31255.sith-mgmt2.ccs.ornl.gov to start
qsub: job 31255.sith-mgmt2.ccs.ornl.gov ready

    0.000	    0.117	    0.667	    0.029	    0.037	    0.991

qsub: job 31255.sith-mgmt2.ccs.ornl.gov completed

qsub: waiting for job 31256.sith-mgmt2.ccs.ornl.gov to start
qsub: job 31256.sith-mgmt2.ccs.ornl.gov ready

    0.000	    0.224	    0.681	    0.028	    0.047	    1.124

qsub: job 31256.sith-mgmt2.ccs.ornl.gov completed

qsub: waiting for job 31257.sith-mgmt2.ccs.ornl.gov to start
qsub: job 31257.sith-mgmt2.ccs.ornl.gov ready

    0.000	    0.434	    0.937	    0.028	    0.061	    1.622

qsub: job 31257.sith-mgmt2.ccs.ornl.gov completed

qsub: waiting for job 31258.sith-mgmt2.ccs.ornl.gov to start
qsub: job 31258.sith-mgmt2.ccs.ornl.gov ready

    0.000	    1.290	    0.949	    0.028	    0.202	    2.862

qsub: job 31258.sith-mgmt2.ccs.ornl.gov completed

4 var
qsub: waiting for job 31259.sith-mgmt2.ccs.ornl.gov to start
qsub: job 31259.sith-mgmt2.ccs.ornl.gov ready

    0.000	    0.769	    1.254	    0.056	    0.034	    2.325

qsub: job 31259.sith-mgmt2.ccs.ornl.gov completed

qsub: waiting for job 31260.sith-mgmt2.ccs.ornl.gov to start
qsub: job 31260.sith-mgmt2.ccs.ornl.gov ready

    0.000	    0.721	    1.356	    0.056	    0.039	    2.375

qsub: job 31260.sith-mgmt2.ccs.ornl.gov completed

qsub: waiting for job 31261.sith-mgmt2.ccs.ornl.gov to start
qsub: job 31261.sith-mgmt2.ccs.ornl.gov ready

    0.000	    1.427	    1.802	    0.104	    0.040	    3.591

qsub: job 31261.sith-mgmt2.ccs.ornl.gov completed

qsub: waiting for job 31262.sith-mgmt2.ccs.ornl.gov to start
qsub: job 31262.sith-mgmt2.ccs.ornl.gov ready

    0.000	    2.552	    1.865	    0.055	    0.059	    4.764

qsub: job 31262.sith-mgmt2.ccs.ornl.gov completed

qsub: waiting for job 31263.sith-mgmt2.ccs.ornl.gov to start
qsub: job 31263.sith-mgmt2.ccs.ornl.gov ready

    0.000	    3.062	    2.009	    0.053	    0.154	    5.752

qsub: job 31263.sith-mgmt2.ccs.ornl.gov completed

3 var
qsub: waiting for job 31264.sith-mgmt2.ccs.ornl.gov to start
qsub: job 31264.sith-mgmt2.ccs.ornl.gov ready

    0.000	    0.404	    0.836	    0.037	    0.042	    1.495

qsub: job 31264.sith-mgmt2.ccs.ornl.gov completed

qsub: waiting for job 31265.sith-mgmt2.ccs.ornl.gov to start
qsub: job 31265.sith-mgmt2.ccs.ornl.gov ready

    0.000	    1.165	    0.970	    0.039	    0.083	    2.502

qsub: job 31265.sith-mgmt2.ccs.ornl.gov completed

qsub: waiting for job 31266.sith-mgmt2.ccs.ornl.gov to start
qsub: job 31266.sith-mgmt2.ccs.ornl.gov ready

    0.000	    1.827	    1.261	    0.041	    0.314	    4.145

qsub: job 31266.sith-mgmt2.ccs.ornl.gov completed

qsub: waiting for job 31267.sith-mgmt2.ccs.ornl.gov to start
qsub: job 31267.sith-mgmt2.ccs.ornl.gov ready

    0.000	    1.381	    1.048	    0.041	    0.113	    2.879

qsub: job 31267.sith-mgmt2.ccs.ornl.gov completed

qsub: waiting for job 31268.sith-mgmt2.ccs.ornl.gov to start
qsub: job 31268.sith-mgmt2.ccs.ornl.gov ready

    0.000	    1.815	    1.595	    0.037	    0.261	    4.342

qsub: job 31268.sith-mgmt2.ccs.ornl.gov completed

2 var
qsub: waiting for job 31269.sith-mgmt2.ccs.ornl.gov to start
qsub: job 31269.sith-mgmt2.ccs.ornl.gov ready

    0.000	    0.034	    1.264	    0.025	    0.034	    1.486

qsub: job 31269.sith-mgmt2.ccs.ornl.gov completed

qsub: waiting for job 31270.sith-mgmt2.ccs.ornl.gov to start
qsub: job 31270.sith-mgmt2.ccs.ornl.gov ready

    0.000	    0.116	    0.592	    0.025	    0.037	    0.906

qsub: job 31270.sith-mgmt2.ccs.ornl.gov completed

qsub: waiting for job 31271.sith-mgmt2.ccs.ornl.gov to start
qsub: job 31271.sith-mgmt2.ccs.ornl.gov ready

    0.000	    0.219	    0.622	    0.026	    0.047	    1.056

qsub: job 31271.sith-mgmt2.ccs.ornl.gov completed

qsub: waiting for job 31272.sith-mgmt2.ccs.ornl.gov to start
qsub: job 31272.sith-mgmt2.ccs.ornl.gov ready

    0.000	    0.430	    0.774	    0.027	    0.061	    1.461

qsub: job 31272.sith-mgmt2.ccs.ornl.gov completed

qsub: waiting for job 31273.sith-mgmt2.ccs.ornl.gov to start
qsub: job 31273.sith-mgmt2.ccs.ornl.gov ready

    0.000	    1.293	    1.014	    0.027	    0.202	    2.938

qsub: job 31273.sith-mgmt2.ccs.ornl.gov completed

4 var
qsub: waiting for job 31274.sith-mgmt2.ccs.ornl.gov to start
qsub: job 31274.sith-mgmt2.ccs.ornl.gov ready

    0.000	    0.772	    1.347	    0.056	    0.034	    2.419

qsub: job 31274.sith-mgmt2.ccs.ornl.gov completed

qsub: waiting for job 31275.sith-mgmt2.ccs.ornl.gov to start
qsub: job 31275.sith-mgmt2.ccs.ornl.gov ready

    0.000	    0.714	    1.274	    0.055	    0.039	    2.281

qsub: job 31275.sith-mgmt2.ccs.ornl.gov completed

qsub: waiting for job 31276.sith-mgmt2.ccs.ornl.gov to start
qsub: job 31276.sith-mgmt2.ccs.ornl.gov ready

    0.000	    1.234	    1.686	    0.054	    0.039	    3.215

qsub: job 31276.sith-mgmt2.ccs.ornl.gov completed

qsub: waiting for job 31277.sith-mgmt2.ccs.ornl.gov to start
qsub: job 31277.sith-mgmt2.ccs.ornl.gov ready

    0.000	    2.507	    1.867	    0.054	    0.059	    4.729

qsub: job 31277.sith-mgmt2.ccs.ornl.gov completed

qsub: waiting for job 31278.sith-mgmt2.ccs.ornl.gov to start
qsub: job 31278.sith-mgmt2.ccs.ornl.gov ready

    0.000	    3.089	    2.054	    0.054	    0.155	    5.790

qsub: job 31278.sith-mgmt2.ccs.ornl.gov completed

3 var
qsub: waiting for job 31279.sith-mgmt2.ccs.ornl.gov to start
qsub: job 31279.sith-mgmt2.ccs.ornl.gov ready

    0.000	    0.410	    0.941	    0.043	    0.042	    1.612

qsub: job 31279.sith-mgmt2.ccs.ornl.gov completed

qsub: waiting for job 31280.sith-mgmt2.ccs.ornl.gov to start
qsub: job 31280.sith-mgmt2.ccs.ornl.gov ready

    0.000	    1.175	    1.027	    0.042	    0.083	    2.570

qsub: job 31280.sith-mgmt2.ccs.ornl.gov completed

qsub: waiting for job 31281.sith-mgmt2.ccs.ornl.gov to start
qsub: job 31281.sith-mgmt2.ccs.ornl.gov ready

    0.000	    1.779	    1.269	    0.038	    0.308	    4.082

qsub: job 31281.sith-mgmt2.ccs.ornl.gov completed

qsub: waiting for job 31283.sith-mgmt2.ccs.ornl.gov to start
qsub: job 31283.sith-mgmt2.ccs.ornl.gov ready

    0.000	    1.942	    1.075	    0.074	    0.114	    3.518

qsub: job 31283.sith-mgmt2.ccs.ornl.gov completed

qsub: waiting for job 31284.sith-mgmt2.ccs.ornl.gov to start
qsub: job 31284.sith-mgmt2.ccs.ornl.gov ready

    0.000	    2.278	    1.263	    0.052	    0.270	    4.500

qsub: job 31284.sith-mgmt2.ccs.ornl.gov completed

2 var
qsub: waiting for job 31285.sith-mgmt2.ccs.ornl.gov to start
qsub: job 31285.sith-mgmt2.ccs.ornl.gov ready

    0.000	    0.034	    0.591	    0.027	    0.034	    0.818

qsub: job 31285.sith-mgmt2.ccs.ornl.gov completed

qsub: waiting for job 31286.sith-mgmt2.ccs.ornl.gov to start
qsub: job 31286.sith-mgmt2.ccs.ornl.gov ready

    0.000	    0.119	    0.617	    0.026	    0.038	    0.948

qsub: job 31286.sith-mgmt2.ccs.ornl.gov completed

qsub: waiting for job 31287.sith-mgmt2.ccs.ornl.gov to start
qsub: job 31287.sith-mgmt2.ccs.ornl.gov ready

    0.000	    0.219	    0.635	    0.025	    0.047	    1.063

qsub: job 31287.sith-mgmt2.ccs.ornl.gov completed

qsub: waiting for job 31288.sith-mgmt2.ccs.ornl.gov to start
qsub: job 31288.sith-mgmt2.ccs.ornl.gov ready

    0.000	    0.425	    0.790	    0.027	    0.062	    1.457

qsub: job 31288.sith-mgmt2.ccs.ornl.gov completed

qsub: waiting for job 31289.sith-mgmt2.ccs.ornl.gov to start
qsub: job 31289.sith-mgmt2.ccs.ornl.gov ready

    0.000	    1.314	    1.035	    0.028	    0.202	    2.991

qsub: job 31289.sith-mgmt2.ccs.ornl.gov completed

4 var
qsub: waiting for job 31290.sith-mgmt2.ccs.ornl.gov to start
qsub: job 31290.sith-mgmt2.ccs.ornl.gov ready

    0.000	    0.774	    0.950	    0.056	    0.034	    2.014

qsub: job 31290.sith-mgmt2.ccs.ornl.gov completed

qsub: waiting for job 31291.sith-mgmt2.ccs.ornl.gov to start
qsub: job 31291.sith-mgmt2.ccs.ornl.gov ready

    0.000	    0.721	    1.654	    0.056	    0.039	    2.676

qsub: job 31291.sith-mgmt2.ccs.ornl.gov completed

qsub: waiting for job 31292.sith-mgmt2.ccs.ornl.gov to start
qsub: job 31292.sith-mgmt2.ccs.ornl.gov ready

    0.000	    1.250	    1.470	    0.055	    0.039	    3.017

qsub: job 31292.sith-mgmt2.ccs.ornl.gov completed

qsub: waiting for job 31293.sith-mgmt2.ccs.ornl.gov to start
qsub: job 31293.sith-mgmt2.ccs.ornl.gov ready

    0.000	    4.131	    1.793	    0.125	    0.062	    6.397

qsub: job 31293.sith-mgmt2.ccs.ornl.gov completed

qsub: waiting for job 31294.sith-mgmt2.ccs.ornl.gov to start
qsub: job 31294.sith-mgmt2.ccs.ornl.gov ready

    0.000	    3.069	    1.923	    0.054	    0.154	    5.653

qsub: job 31294.sith-mgmt2.ccs.ornl.gov completed

3 var
qsub: waiting for job 31295.sith-mgmt2.ccs.ornl.gov to start
qsub: job 31295.sith-mgmt2.ccs.ornl.gov ready

    0.000	    0.408	    0.813	    0.046	    0.043	    1.495

qsub: job 31295.sith-mgmt2.ccs.ornl.gov completed

qsub: waiting for job 31296.sith-mgmt2.ccs.ornl.gov to start
qsub: job 31296.sith-mgmt2.ccs.ornl.gov ready

    0.000	    1.928	    1.152	    0.086	    0.086	    3.537

qsub: job 31296.sith-mgmt2.ccs.ornl.gov completed

qsub: waiting for job 31297.sith-mgmt2.ccs.ornl.gov to start
qsub: job 31297.sith-mgmt2.ccs.ornl.gov ready

    0.000	    1.824	    1.308	    0.041	    0.314	    4.206

qsub: job 31297.sith-mgmt2.ccs.ornl.gov completed

qsub: waiting for job 31298.sith-mgmt2.ccs.ornl.gov to start
qsub: job 31298.sith-mgmt2.ccs.ornl.gov ready

    0.000	    1.380	    1.036	    0.039	    0.111	    2.885

qsub: job 31298.sith-mgmt2.ccs.ornl.gov completed

qsub: waiting for job 31299.sith-mgmt2.ccs.ornl.gov to start
qsub: job 31299.sith-mgmt2.ccs.ornl.gov ready

    0.000	    1.878	    1.309	    0.056	    0.270	    4.136

qsub: job 31299.sith-mgmt2.ccs.ornl.gov completed

2 var
qsub: waiting for job 31300.sith-mgmt2.ccs.ornl.gov to start
qsub: job 31300.sith-mgmt2.ccs.ornl.gov ready

    0.000	    0.034	    0.520	    0.026	    0.037	    0.763

qsub: job 31300.sith-mgmt2.ccs.ornl.gov completed

qsub: waiting for job 31301.sith-mgmt2.ccs.ornl.gov to start
qsub: job 31301.sith-mgmt2.ccs.ornl.gov ready

    0.000	    0.115	    0.574	    0.025	    0.038	    0.887

qsub: job 31301.sith-mgmt2.ccs.ornl.gov completed

qsub: waiting for job 31302.sith-mgmt2.ccs.ornl.gov to start
qsub: job 31302.sith-mgmt2.ccs.ornl.gov ready

    0.000	    0.218	    0.737	    0.025	    0.047	    1.175

qsub: job 31302.sith-mgmt2.ccs.ornl.gov completed

qsub: waiting for job 31303.sith-mgmt2.ccs.ornl.gov to start
qsub: job 31303.sith-mgmt2.ccs.ornl.gov ready

    0.000	    0.455	    0.827	    0.035	    0.064	    1.549

qsub: job 31303.sith-mgmt2.ccs.ornl.gov completed

qsub: waiting for job 31304.sith-mgmt2.ccs.ornl.gov to start
qsub: job 31304.sith-mgmt2.ccs.ornl.gov ready

    0.000	    1.581	    0.942	    0.034	    0.212	    3.183

qsub: job 31304.sith-mgmt2.ccs.ornl.gov completed

4 var
qsub: waiting for job 31305.sith-mgmt2.ccs.ornl.gov to start
qsub: job 31305.sith-mgmt2.ccs.ornl.gov ready

    0.000	    0.818	    1.474	    0.077	    0.035	    2.611

qsub: job 31305.sith-mgmt2.ccs.ornl.gov completed

qsub: waiting for job 31306.sith-mgmt2.ccs.ornl.gov to start
qsub: job 31306.sith-mgmt2.ccs.ornl.gov ready

    0.000	    0.715	    1.271	    0.055	    0.039	    2.291

qsub: job 31306.sith-mgmt2.ccs.ornl.gov completed

qsub: waiting for job 31307.sith-mgmt2.ccs.ornl.gov to start
qsub: job 31307.sith-mgmt2.ccs.ornl.gov ready

    0.000	    1.243	    1.716	    0.055	    0.039	    3.263

qsub: job 31307.sith-mgmt2.ccs.ornl.gov completed

qsub: waiting for job 31308.sith-mgmt2.ccs.ornl.gov to start
qsub: job 31308.sith-mgmt2.ccs.ornl.gov ready

    0.000	    4.162	    1.836	    0.132	    0.061	    6.463

qsub: job 31308.sith-mgmt2.ccs.ornl.gov completed

qsub: waiting for job 31309.sith-mgmt2.ccs.ornl.gov to start
qsub: job 31309.sith-mgmt2.ccs.ornl.gov ready

    0.000	    3.099	    1.999	    0.054	    0.156	    5.729

qsub: job 31309.sith-mgmt2.ccs.ornl.gov completed

3 var
qsub: waiting for job 31310.sith-mgmt2.ccs.ornl.gov to start
qsub: job 31310.sith-mgmt2.ccs.ornl.gov ready

    0.000	    0.409	    0.829	    0.042	    0.042	    1.502

qsub: job 31310.sith-mgmt2.ccs.ornl.gov completed

qsub: waiting for job 31311.sith-mgmt2.ccs.ornl.gov to start
qsub: job 31311.sith-mgmt2.ccs.ornl.gov ready

    0.000	    1.171	    1.021	    0.041	    0.083	    2.561

qsub: job 31311.sith-mgmt2.ccs.ornl.gov completed

qsub: waiting for job 31312.sith-mgmt2.ccs.ornl.gov to start
qsub: job 31312.sith-mgmt2.ccs.ornl.gov ready

    0.000	    1.810	    1.304	    0.039	    0.313	    4.174

qsub: job 31312.sith-mgmt2.ccs.ornl.gov completed

qsub: waiting for job 31313.sith-mgmt2.ccs.ornl.gov to start
qsub: job 31313.sith-mgmt2.ccs.ornl.gov ready

    0.000	    1.391	    1.221	    0.041	    0.111	    3.072

qsub: job 31313.sith-mgmt2.ccs.ornl.gov completed

qsub: waiting for job 31314.sith-mgmt2.ccs.ornl.gov to start
qsub: job 31314.sith-mgmt2.ccs.ornl.gov ready

    0.000	    1.910	    1.253	    0.041	    0.265	    4.102

qsub: job 31314.sith-mgmt2.ccs.ornl.gov completed

2 var
qsub: waiting for job 31315.sith-mgmt2.ccs.ornl.gov to start
qsub: job 31315.sith-mgmt2.ccs.ornl.gov ready

    0.000	    0.035	    0.549	    0.028	    0.034	    0.782

qsub: job 31315.sith-mgmt2.ccs.ornl.gov completed

qsub: waiting for job 31316.sith-mgmt2.ccs.ornl.gov to start
qsub: job 31316.sith-mgmt2.ccs.ornl.gov ready

    0.000	    0.116	    0.604	    0.028	    0.037	    0.922

qsub: job 31316.sith-mgmt2.ccs.ornl.gov completed

qsub: waiting for job 31317.sith-mgmt2.ccs.ornl.gov to start
qsub: job 31317.sith-mgmt2.ccs.ornl.gov ready

    0.000	    0.224	    0.807	    0.028	    0.047	    1.268

qsub: job 31317.sith-mgmt2.ccs.ornl.gov completed

qsub: waiting for job 31318.sith-mgmt2.ccs.ornl.gov to start
qsub: job 31318.sith-mgmt2.ccs.ornl.gov ready

    0.000	    0.434	    0.772	    0.027	    0.062	    1.466

qsub: job 31318.sith-mgmt2.ccs.ornl.gov completed

qsub: waiting for job 31319.sith-mgmt2.ccs.ornl.gov to start
qsub: job 31319.sith-mgmt2.ccs.ornl.gov ready

    0.000	    1.298	    0.997	    0.028	    0.203	    2.939

qsub: job 31319.sith-mgmt2.ccs.ornl.gov completed

