4 var
qsub: waiting for job 17488.sith-mgmt2.ccs.ornl.gov to start
qsub: job 17488.sith-mgmt2.ccs.ornl.gov ready


total:13658
    0.000	    7.506	    0.762	    0.169	    0.175	    8.986

qsub: job 17488.sith-mgmt2.ccs.ornl.gov completed
qsub: waiting for job 17489.sith-mgmt2.ccs.ornl.gov to start
qsub: job 17489.sith-mgmt2.ccs.ornl.gov ready


total:13658
    0.000	    7.517	    0.772	    0.174	    0.176	    9.271

qsub: job 17489.sith-mgmt2.ccs.ornl.gov completed
qsub: waiting for job 17490.sith-mgmt2.ccs.ornl.gov to start
qsub: job 17490.sith-mgmt2.ccs.ornl.gov ready


total:13658
    0.000	    7.479	    0.725	    0.171	    0.175	    8.906

qsub: job 17490.sith-mgmt2.ccs.ornl.gov completed
qsub: waiting for job 17491.sith-mgmt2.ccs.ornl.gov to start
qsub: job 17491.sith-mgmt2.ccs.ornl.gov ready


total:13658
    0.000	    7.531	    1.605	    0.171	    0.175	    9.854

qsub: job 17491.sith-mgmt2.ccs.ornl.gov completed
qsub: waiting for job 17492.sith-mgmt2.ccs.ornl.gov to start
qsub: job 17492.sith-mgmt2.ccs.ornl.gov ready


total:13658
    0.000	    7.466	    0.880	    0.168	    0.175	    9.046

qsub: job 17492.sith-mgmt2.ccs.ornl.gov completed

qsub: waiting for job 17493.sith-mgmt2.ccs.ornl.gov to start
qsub: job 17493.sith-mgmt2.ccs.ornl.gov ready


total:619995
    0.000	    7.174	    0.744	    0.176	    0.185	    8.661

qsub: job 17493.sith-mgmt2.ccs.ornl.gov completed
qsub: waiting for job 17494.sith-mgmt2.ccs.ornl.gov to start
qsub: job 17494.sith-mgmt2.ccs.ornl.gov ready


total:619995
    0.000	    7.239	    0.742	    0.171	    0.184	    8.762

qsub: job 17494.sith-mgmt2.ccs.ornl.gov completed
qsub: waiting for job 17495.sith-mgmt2.ccs.ornl.gov to start
qsub: job 17495.sith-mgmt2.ccs.ornl.gov ready


total:619995
    0.000	    7.128	    0.854	    0.175	    0.184	    9.949

qsub: job 17495.sith-mgmt2.ccs.ornl.gov completed
qsub: waiting for job 17496.sith-mgmt2.ccs.ornl.gov to start
qsub: job 17496.sith-mgmt2.ccs.ornl.gov ready


total:619995
    0.000	    7.129	    1.560	    0.170	    0.184	    9.378

qsub: job 17496.sith-mgmt2.ccs.ornl.gov completed
qsub: waiting for job 17497.sith-mgmt2.ccs.ornl.gov to start
qsub: job 17497.sith-mgmt2.ccs.ornl.gov ready


total:619995
    0.000	    7.133	    0.766	    0.170	    0.184	    8.589

qsub: job 17497.sith-mgmt2.ccs.ornl.gov completed

qsub: waiting for job 17498.sith-mgmt2.ccs.ornl.gov to start
qsub: job 17498.sith-mgmt2.ccs.ornl.gov ready


total:555241
    0.000	   10.536	    0.833	    0.172	    0.185	   12.079

qsub: job 17498.sith-mgmt2.ccs.ornl.gov completed
qsub: waiting for job 17499.sith-mgmt2.ccs.ornl.gov to start
qsub: job 17499.sith-mgmt2.ccs.ornl.gov ready


total:555241
    0.000	   10.764	    0.897	    0.183	    0.186	   12.451

qsub: job 17499.sith-mgmt2.ccs.ornl.gov completed
qsub: waiting for job 17500.sith-mgmt2.ccs.ornl.gov to start
qsub: job 17500.sith-mgmt2.ccs.ornl.gov ready


total:555241
    0.000	   10.570	    1.178	    0.171	    0.184	   12.484

qsub: job 17500.sith-mgmt2.ccs.ornl.gov completed
qsub: waiting for job 17501.sith-mgmt2.ccs.ornl.gov to start
qsub: job 17501.sith-mgmt2.ccs.ornl.gov ready


total:555241
    0.000	   10.405	    0.822	    0.170	    0.184	   11.934

qsub: job 17501.sith-mgmt2.ccs.ornl.gov completed
qsub: waiting for job 17502.sith-mgmt2.ccs.ornl.gov to start
qsub: job 17502.sith-mgmt2.ccs.ornl.gov ready


total:555241
    0.000	   10.533	    0.869	    0.180	    0.185	   12.154

qsub: job 17502.sith-mgmt2.ccs.ornl.gov completed

qsub: waiting for job 17503.sith-mgmt2.ccs.ornl.gov to start
qsub: job 17503.sith-mgmt2.ccs.ornl.gov ready


total:3863278
    0.000	   13.807	    1.159	    0.181	    0.240	   15.818

qsub: job 17503.sith-mgmt2.ccs.ornl.gov completed
qsub: waiting for job 17504.sith-mgmt2.ccs.ornl.gov to start
qsub: job 17504.sith-mgmt2.ccs.ornl.gov ready


total:3863278
    0.000	   12.219	    1.032	    0.174	    0.237	   14.013

qsub: job 17504.sith-mgmt2.ccs.ornl.gov completed
qsub: waiting for job 17505.sith-mgmt2.ccs.ornl.gov to start
qsub: job 17505.sith-mgmt2.ccs.ornl.gov ready


total:3863278
    0.000	   13.900	    1.143	    0.184	    0.238	   15.874

qsub: job 17505.sith-mgmt2.ccs.ornl.gov completed
qsub: waiting for job 17506.sith-mgmt2.ccs.ornl.gov to start
qsub: job 17506.sith-mgmt2.ccs.ornl.gov ready


total:3863278
    0.000	   13.709	    1.140	    0.184	    0.239	   15.704

qsub: job 17506.sith-mgmt2.ccs.ornl.gov completed
qsub: waiting for job 17507.sith-mgmt2.ccs.ornl.gov to start
qsub: job 17507.sith-mgmt2.ccs.ornl.gov ready


total:3863278
    0.000	   12.364	    1.097	    0.170	    0.236	   14.215

qsub: job 17507.sith-mgmt2.ccs.ornl.gov completed

qsub: waiting for job 17508.sith-mgmt2.ccs.ornl.gov to start
qsub: job 17508.sith-mgmt2.ccs.ornl.gov ready


total:26844316
    0.000	   16.014	    1.465	    0.180	    0.555	   18.641

qsub: job 17508.sith-mgmt2.ccs.ornl.gov completed
qsub: waiting for job 17509.sith-mgmt2.ccs.ornl.gov to start
qsub: job 17509.sith-mgmt2.ccs.ornl.gov ready


total:26844316
    0.000	   14.446	    2.105	    0.175	    0.557	   17.650

qsub: job 17509.sith-mgmt2.ccs.ornl.gov completed
qsub: waiting for job 17510.sith-mgmt2.ccs.ornl.gov to start
qsub: job 17510.sith-mgmt2.ccs.ornl.gov ready


total:26844316
    0.000	   15.037	    1.601	    0.174	    0.553	   17.723

qsub: job 17510.sith-mgmt2.ccs.ornl.gov completed
qsub: waiting for job 17511.sith-mgmt2.ccs.ornl.gov to start
qsub: job 17511.sith-mgmt2.ccs.ornl.gov ready


total:26844316
    0.000	   14.144	    1.291	    0.169	    0.552	   16.531

qsub: job 17511.sith-mgmt2.ccs.ornl.gov completed
qsub: waiting for job 17512.sith-mgmt2.ccs.ornl.gov to start
qsub: job 17512.sith-mgmt2.ccs.ornl.gov ready


total:26844316
    0.000	   14.115	    1.290	    0.169	    0.552	   16.548

qsub: job 17512.sith-mgmt2.ccs.ornl.gov completed

3 var
qsub: waiting for job 17513.sith-mgmt2.ccs.ornl.gov to start
qsub: job 17513.sith-mgmt2.ccs.ornl.gov ready


total:1345176
    0.000	    4.837	    0.483	    0.128	    0.198	    5.936

qsub: job 17513.sith-mgmt2.ccs.ornl.gov completed
qsub: waiting for job 17514.sith-mgmt2.ccs.ornl.gov to start
qsub: job 17514.sith-mgmt2.ccs.ornl.gov ready


total:1345176
    0.000	    4.770	    0.777	    0.135	    0.200	    6.203

qsub: job 17514.sith-mgmt2.ccs.ornl.gov completed
qsub: waiting for job 17515.sith-mgmt2.ccs.ornl.gov to start
qsub: job 17515.sith-mgmt2.ccs.ornl.gov ready


total:1345176
    0.000	    4.758	    2.377	    0.131	    0.198	    7.758

qsub: job 17515.sith-mgmt2.ccs.ornl.gov completed
qsub: waiting for job 17516.sith-mgmt2.ccs.ornl.gov to start
qsub: job 17516.sith-mgmt2.ccs.ornl.gov ready


total:1345176
    0.000	    4.796	    0.803	    0.128	    0.198	    6.214

qsub: job 17516.sith-mgmt2.ccs.ornl.gov completed
qsub: waiting for job 17517.sith-mgmt2.ccs.ornl.gov to start
qsub: job 17517.sith-mgmt2.ccs.ornl.gov ready


total:1345176
    0.000	    4.776	    0.669	    0.131	    0.200	    6.097

qsub: job 17517.sith-mgmt2.ccs.ornl.gov completed

qsub: waiting for job 17518.sith-mgmt2.ccs.ornl.gov to start
qsub: job 17518.sith-mgmt2.ccs.ornl.gov ready


total:9059178
    0.000	    6.942	    0.837	    0.132	    0.311	    8.567

qsub: job 17518.sith-mgmt2.ccs.ornl.gov completed
qsub: waiting for job 17519.sith-mgmt2.ccs.ornl.gov to start
qsub: job 17519.sith-mgmt2.ccs.ornl.gov ready


total:9059178
    0.000	    6.523	    0.649	    0.126	    0.308	    7.916

qsub: job 17519.sith-mgmt2.ccs.ornl.gov completed
qsub: waiting for job 17520.sith-mgmt2.ccs.ornl.gov to start
qsub: job 17520.sith-mgmt2.ccs.ornl.gov ready


total:9059178
    0.000	    6.488	    0.674	    0.128	    0.310	    7.923

qsub: job 17520.sith-mgmt2.ccs.ornl.gov completed
qsub: waiting for job 17521.sith-mgmt2.ccs.ornl.gov to start
qsub: job 17521.sith-mgmt2.ccs.ornl.gov ready


total:9059178
    0.000	    6.525	    0.829	    0.127	    0.311	    8.147

qsub: job 17521.sith-mgmt2.ccs.ornl.gov completed
qsub: waiting for job 17522.sith-mgmt2.ccs.ornl.gov to start
qsub: job 17522.sith-mgmt2.ccs.ornl.gov ready


total:9059178
    0.000	    6.522	    1.381	    0.126	    0.310	    8.662

qsub: job 17522.sith-mgmt2.ccs.ornl.gov completed

qsub: waiting for job 17523.sith-mgmt2.ccs.ornl.gov to start
qsub: job 17523.sith-mgmt2.ccs.ornl.gov ready


total:63083628
    0.000	   10.303	    0.749	    0.129	    1.058	   12.534

qsub: job 17523.sith-mgmt2.ccs.ornl.gov completed
qsub: waiting for job 17524.sith-mgmt2.ccs.ornl.gov to start
qsub: job 17524.sith-mgmt2.ccs.ornl.gov ready


total:63083628
    0.000	   10.950	    1.398	    0.131	    1.062	   13.906

qsub: job 17524.sith-mgmt2.ccs.ornl.gov completed
qsub: waiting for job 17525.sith-mgmt2.ccs.ornl.gov to start
qsub: job 17525.sith-mgmt2.ccs.ornl.gov ready


total:63083628
    0.000	   10.298	    0.813	    0.127	    1.056	   12.575

qsub: job 17525.sith-mgmt2.ccs.ornl.gov completed
qsub: waiting for job 17526.sith-mgmt2.ccs.ornl.gov to start
qsub: job 17526.sith-mgmt2.ccs.ornl.gov ready


total:63083628
    0.000	   10.301	    0.979	    0.127	    1.061	   12.802

qsub: job 17526.sith-mgmt2.ccs.ornl.gov completed
qsub: waiting for job 17527.sith-mgmt2.ccs.ornl.gov to start
qsub: job 17527.sith-mgmt2.ccs.ornl.gov ready


total:63083628
    0.000	   10.274	    0.977	    0.126	    1.059	   12.738

qsub: job 17527.sith-mgmt2.ccs.ornl.gov completed

qsub: waiting for job 17528.sith-mgmt2.ccs.ornl.gov to start
qsub: job 17528.sith-mgmt2.ccs.ornl.gov ready


total:15738694
    0.000	    7.083	    1.578	    0.127	    0.403	    9.485

qsub: job 17528.sith-mgmt2.ccs.ornl.gov completed
qsub: waiting for job 17529.sith-mgmt2.ccs.ornl.gov to start
qsub: job 17529.sith-mgmt2.ccs.ornl.gov ready


total:15738694
    0.000	    7.092	    0.711	    0.128	    0.402	    8.805

qsub: job 17529.sith-mgmt2.ccs.ornl.gov completed
qsub: waiting for job 17530.sith-mgmt2.ccs.ornl.gov to start
qsub: job 17530.sith-mgmt2.ccs.ornl.gov ready


total:15738694
    0.000	    7.645	    0.724	    0.131	    0.402	    9.295

qsub: job 17530.sith-mgmt2.ccs.ornl.gov completed
qsub: waiting for job 17531.sith-mgmt2.ccs.ornl.gov to start
qsub: job 17531.sith-mgmt2.ccs.ornl.gov ready


total:15738694
    0.000	    7.086	    0.722	    0.131	    0.404	    8.736

qsub: job 17531.sith-mgmt2.ccs.ornl.gov completed
qsub: waiting for job 17532.sith-mgmt2.ccs.ornl.gov to start
qsub: job 17532.sith-mgmt2.ccs.ornl.gov ready


total:15738694
    0.000	    7.686	    1.766	    0.128	    0.404	   10.313

qsub: job 17532.sith-mgmt2.ccs.ornl.gov completed

qsub: waiting for job 17533.sith-mgmt2.ccs.ornl.gov to start
qsub: job 17533.sith-mgmt2.ccs.ornl.gov ready


total:53792796
    0.000	    9.777	    0.767	    0.126	    0.915	   11.741

qsub: job 17533.sith-mgmt2.ccs.ornl.gov completed
qsub: waiting for job 17534.sith-mgmt2.ccs.ornl.gov to start
qsub: job 17534.sith-mgmt2.ccs.ornl.gov ready


total:53792796
    0.000	    9.782	    0.804	    0.128	    0.920	   11.931

qsub: job 17534.sith-mgmt2.ccs.ornl.gov completed
qsub: waiting for job 17535.sith-mgmt2.ccs.ornl.gov to start
qsub: job 17535.sith-mgmt2.ccs.ornl.gov ready


total:53792796
    0.000	    9.830	    1.197	    0.126	    0.922	   12.469

qsub: job 17535.sith-mgmt2.ccs.ornl.gov completed
qsub: waiting for job 17536.sith-mgmt2.ccs.ornl.gov to start
qsub: job 17536.sith-mgmt2.ccs.ornl.gov ready


total:53792796
    0.000	    9.801	    0.869	    0.128	    0.920	   12.059

qsub: job 17536.sith-mgmt2.ccs.ornl.gov completed
qsub: waiting for job 17537.sith-mgmt2.ccs.ornl.gov to start
qsub: job 17537.sith-mgmt2.ccs.ornl.gov ready


total:53792796
    0.000	   11.252	    0.879	    0.139	    0.927	   13.974

qsub: job 17537.sith-mgmt2.ccs.ornl.gov completed

2 var
qsub: waiting for job 17538.sith-mgmt2.ccs.ornl.gov to start
qsub: job 17538.sith-mgmt2.ccs.ornl.gov ready


total:15804
    0.000	    0.127	    0.790	    0.085	    0.175	    1.406

qsub: job 17538.sith-mgmt2.ccs.ornl.gov completed
qsub: waiting for job 17539.sith-mgmt2.ccs.ornl.gov to start
qsub: job 17539.sith-mgmt2.ccs.ornl.gov ready


total:15804
    0.000	    0.126	    0.501	    0.085	    0.175	    1.134

qsub: job 17539.sith-mgmt2.ccs.ornl.gov completed
qsub: waiting for job 17540.sith-mgmt2.ccs.ornl.gov to start
qsub: job 17540.sith-mgmt2.ccs.ornl.gov ready


total:15804
    0.000	    0.126	    0.480	    0.085	    0.175	    1.092

qsub: job 17540.sith-mgmt2.ccs.ornl.gov completed
qsub: waiting for job 17541.sith-mgmt2.ccs.ornl.gov to start
qsub: job 17541.sith-mgmt2.ccs.ornl.gov ready


total:15804
    0.000	    0.126	    0.491	    0.085	    0.175	    1.106

qsub: job 17541.sith-mgmt2.ccs.ornl.gov completed
qsub: waiting for job 17542.sith-mgmt2.ccs.ornl.gov to start
qsub: job 17542.sith-mgmt2.ccs.ornl.gov ready


total:15804
    0.000	    0.126	    0.509	    0.084	    0.175	    1.148

qsub: job 17542.sith-mgmt2.ccs.ornl.gov completed

qsub: waiting for job 17543.sith-mgmt2.ccs.ornl.gov to start
qsub: job 17543.sith-mgmt2.ccs.ornl.gov ready


total:345612
    0.000	    1.249	    0.361	    0.087	    0.182	    2.117

qsub: job 17543.sith-mgmt2.ccs.ornl.gov completed
qsub: waiting for job 17544.sith-mgmt2.ccs.ornl.gov to start
qsub: job 17544.sith-mgmt2.ccs.ornl.gov ready


total:345612
    0.000	    1.251	    1.355	    0.085	    0.182	    3.222

qsub: job 17544.sith-mgmt2.ccs.ornl.gov completed
qsub: waiting for job 17545.sith-mgmt2.ccs.ornl.gov to start
qsub: job 17545.sith-mgmt2.ccs.ornl.gov ready


total:345612
    0.000	    1.270	    0.291	    0.093	    0.184	    2.094

qsub: job 17545.sith-mgmt2.ccs.ornl.gov completed
qsub: waiting for job 17546.sith-mgmt2.ccs.ornl.gov to start
qsub: job 17546.sith-mgmt2.ccs.ornl.gov ready


total:345612
    0.000	    1.249	    0.305	    0.087	    0.182	    2.343

qsub: job 17546.sith-mgmt2.ccs.ornl.gov completed
qsub: waiting for job 17547.sith-mgmt2.ccs.ornl.gov to start
qsub: job 17547.sith-mgmt2.ccs.ornl.gov ready


total:345612
    0.000	    1.251	    0.281	    0.084	    0.182	    2.024

qsub: job 17547.sith-mgmt2.ccs.ornl.gov completed

qsub: waiting for job 17548.sith-mgmt2.ccs.ornl.gov to start
qsub: job 17548.sith-mgmt2.ccs.ornl.gov ready


total:1162065
    0.000	    2.023	    0.327	    0.087	    0.198	    2.885

qsub: job 17548.sith-mgmt2.ccs.ornl.gov completed
qsub: waiting for job 17549.sith-mgmt2.ccs.ornl.gov to start
qsub: job 17549.sith-mgmt2.ccs.ornl.gov ready


total:1162065
    0.000	    2.024	    1.378	    0.087	    0.198	    4.434

qsub: job 17549.sith-mgmt2.ccs.ornl.gov completed
qsub: waiting for job 17550.sith-mgmt2.ccs.ornl.gov to start
qsub: job 17550.sith-mgmt2.ccs.ornl.gov ready


total:1162065
    0.000	    2.024	    0.331	    0.084	    0.198	    2.883

qsub: job 17550.sith-mgmt2.ccs.ornl.gov completed
qsub: waiting for job 17551.sith-mgmt2.ccs.ornl.gov to start
qsub: job 17551.sith-mgmt2.ccs.ornl.gov ready


total:1162065
    0.000	    2.071	    0.351	    0.088	    0.200	    2.948

qsub: job 17551.sith-mgmt2.ccs.ornl.gov completed
qsub: waiting for job 17552.sith-mgmt2.ccs.ornl.gov to start
qsub: job 17552.sith-mgmt2.ccs.ornl.gov ready


total:1162065
    0.000	    2.056	    0.409	    0.087	    0.199	    2.996

qsub: job 17552.sith-mgmt2.ccs.ornl.gov completed

qsub: waiting for job 17553.sith-mgmt2.ccs.ornl.gov to start
qsub: job 17553.sith-mgmt2.ccs.ornl.gov ready


total:3913677
    0.000	    3.454	    1.649	    0.086	    0.241	    6.117

qsub: job 17553.sith-mgmt2.ccs.ornl.gov completed
qsub: waiting for job 17554.sith-mgmt2.ccs.ornl.gov to start
qsub: job 17554.sith-mgmt2.ccs.ornl.gov ready


total:3913677
    0.000	    3.389	    0.415	    0.087	    0.242	    4.360

qsub: job 17554.sith-mgmt2.ccs.ornl.gov completed
qsub: waiting for job 17555.sith-mgmt2.ccs.ornl.gov to start
qsub: job 17555.sith-mgmt2.ccs.ornl.gov ready


total:3913677
    0.000	    3.406	    0.397	    0.089	    0.241	    4.386

qsub: job 17555.sith-mgmt2.ccs.ornl.gov completed
qsub: waiting for job 17556.sith-mgmt2.ccs.ornl.gov to start
qsub: job 17556.sith-mgmt2.ccs.ornl.gov ready


total:3913677
    0.000	    3.370	    0.398	    0.087	    0.240	    4.328

qsub: job 17556.sith-mgmt2.ccs.ornl.gov completed
qsub: waiting for job 17557.sith-mgmt2.ccs.ornl.gov to start
qsub: job 17557.sith-mgmt2.ccs.ornl.gov ready


total:3913677
    0.000	    3.386	    0.392	    0.087	    0.239	    4.341

qsub: job 17557.sith-mgmt2.ccs.ornl.gov completed

qsub: waiting for job 17558.sith-mgmt2.ccs.ornl.gov to start
qsub: job 17558.sith-mgmt2.ccs.ornl.gov ready


total:31523954
    0.000	    5.188	    0.628	    0.086	    0.644	    6.783

qsub: job 17558.sith-mgmt2.ccs.ornl.gov completed
qsub: waiting for job 17559.sith-mgmt2.ccs.ornl.gov to start
qsub: job 17559.sith-mgmt2.ccs.ornl.gov ready


total:31523954
    0.000	    6.153	    0.564	    0.089	    0.641	    7.677

qsub: job 17559.sith-mgmt2.ccs.ornl.gov completed
qsub: waiting for job 17560.sith-mgmt2.ccs.ornl.gov to start
qsub: job 17560.sith-mgmt2.ccs.ornl.gov ready


total:31523954
    0.000	    5.773	    0.551	    0.088	    0.645	    7.318

qsub: job 17560.sith-mgmt2.ccs.ornl.gov completed
qsub: waiting for job 17561.sith-mgmt2.ccs.ornl.gov to start
qsub: job 17561.sith-mgmt2.ccs.ornl.gov ready


total:31523954
    0.000	    5.158	    0.804	    0.085	    0.638	    6.908

qsub: job 17561.sith-mgmt2.ccs.ornl.gov completed
qsub: waiting for job 17562.sith-mgmt2.ccs.ornl.gov to start
qsub: job 17562.sith-mgmt2.ccs.ornl.gov ready


total:31523954
    0.000	    5.151	    0.530	    0.085	    0.645	    6.646

qsub: job 17562.sith-mgmt2.ccs.ornl.gov completed

