4 var
4 var
qsub: waiting for job 17338.sith-mgmt2.ccs.ornl.gov to start
qsub: job 17338.sith-mgmt2.ccs.ornl.gov ready

    5.536	    0.000	    3.038	    0.179	    0.173	    9.416

qsub: job 17338.sith-mgmt2.ccs.ornl.gov completed
qsub: waiting for job 17339.sith-mgmt2.ccs.ornl.gov to start
qsub: job 17339.sith-mgmt2.ccs.ornl.gov ready

    5.509	    0.000	    3.203	    0.180	    0.172	    9.473

qsub: job 17339.sith-mgmt2.ccs.ornl.gov completed
qsub: waiting for job 17340.sith-mgmt2.ccs.ornl.gov to start
qsub: job 17340.sith-mgmt2.ccs.ornl.gov ready

    5.576	    0.000	    3.400	    0.185	    0.174	    9.726

qsub: job 17340.sith-mgmt2.ccs.ornl.gov completed
qsub: waiting for job 17341.sith-mgmt2.ccs.ornl.gov to start
qsub: job 17341.sith-mgmt2.ccs.ornl.gov ready

    5.557	    0.000	    3.365	    0.184	    0.174	    9.750

qsub: job 17341.sith-mgmt2.ccs.ornl.gov completed
qsub: waiting for job 17342.sith-mgmt2.ccs.ornl.gov to start
qsub: job 17342.sith-mgmt2.ccs.ornl.gov ready

    5.541	    0.000	    3.481	    0.182	    0.173	    9.656

qsub: job 17342.sith-mgmt2.ccs.ornl.gov completed

qsub: waiting for job 17343.sith-mgmt2.ccs.ornl.gov to start
qsub: job 17343.sith-mgmt2.ccs.ornl.gov ready

    5.348	    0.000	    3.324	    0.190	    0.184	    9.459

qsub: job 17343.sith-mgmt2.ccs.ornl.gov completed
qsub: waiting for job 17344.sith-mgmt2.ccs.ornl.gov to start
qsub: job 17344.sith-mgmt2.ccs.ornl.gov ready

    5.268	    0.000	    3.176	    0.180	    0.183	    9.252

qsub: job 17344.sith-mgmt2.ccs.ornl.gov completed
qsub: waiting for job 17345.sith-mgmt2.ccs.ornl.gov to start
qsub: job 17345.sith-mgmt2.ccs.ornl.gov ready

    5.289	    0.000	    3.345	    0.182	    0.184	    9.406

qsub: job 17345.sith-mgmt2.ccs.ornl.gov completed
qsub: waiting for job 17346.sith-mgmt2.ccs.ornl.gov to start
qsub: job 17346.sith-mgmt2.ccs.ornl.gov ready

    5.330	    0.000	    3.247	    0.186	    0.185	    9.312

qsub: job 17346.sith-mgmt2.ccs.ornl.gov completed
qsub: waiting for job 17347.sith-mgmt2.ccs.ornl.gov to start
qsub: job 17347.sith-mgmt2.ccs.ornl.gov ready

    5.252	    0.000	    3.258	    0.176	    0.181	    9.221

qsub: job 17347.sith-mgmt2.ccs.ornl.gov completed

qsub: waiting for job 17348.sith-mgmt2.ccs.ornl.gov to start
qsub: job 17348.sith-mgmt2.ccs.ornl.gov ready

    7.433	    0.000	    3.489	    0.175	    0.182	   11.625

qsub: job 17348.sith-mgmt2.ccs.ornl.gov completed
qsub: waiting for job 17349.sith-mgmt2.ccs.ornl.gov to start
qsub: job 17349.sith-mgmt2.ccs.ornl.gov ready

    7.674	    0.000	    4.194	    0.186	    0.185	   12.669

qsub: job 17349.sith-mgmt2.ccs.ornl.gov completed
qsub: waiting for job 17350.sith-mgmt2.ccs.ornl.gov to start
qsub: job 17350.sith-mgmt2.ccs.ornl.gov ready

    7.454	    0.000	    3.695	    0.179	    0.182	   11.786

qsub: job 17350.sith-mgmt2.ccs.ornl.gov completed
qsub: waiting for job 17351.sith-mgmt2.ccs.ornl.gov to start
qsub: job 17351.sith-mgmt2.ccs.ornl.gov ready

    7.516	    0.000	    3.813	    0.178	    0.183	   12.040

qsub: job 17351.sith-mgmt2.ccs.ornl.gov completed
qsub: waiting for job 17352.sith-mgmt2.ccs.ornl.gov to start
qsub: job 17352.sith-mgmt2.ccs.ornl.gov ready

    7.504	    0.000	    4.104	    0.178	    0.184	   12.325

qsub: job 17352.sith-mgmt2.ccs.ornl.gov completed

qsub: waiting for job 17353.sith-mgmt2.ccs.ornl.gov to start
qsub: job 17353.sith-mgmt2.ccs.ornl.gov ready

    8.749	    0.000	    4.004	    0.179	    0.231	   13.493

qsub: job 17353.sith-mgmt2.ccs.ornl.gov completed
qsub: waiting for job 17354.sith-mgmt2.ccs.ornl.gov to start
qsub: job 17354.sith-mgmt2.ccs.ornl.gov ready

    9.515	    0.000	    4.494	    0.183	    0.233	   14.787

qsub: job 17354.sith-mgmt2.ccs.ornl.gov completed
qsub: waiting for job 17355.sith-mgmt2.ccs.ornl.gov to start
qsub: job 17355.sith-mgmt2.ccs.ornl.gov ready

    8.686	    0.000	    5.099	    0.176	    0.231	   14.621

qsub: job 17355.sith-mgmt2.ccs.ornl.gov completed
qsub: waiting for job 17356.sith-mgmt2.ccs.ornl.gov to start
qsub: job 17356.sith-mgmt2.ccs.ornl.gov ready

    8.901	    0.000	    4.005	    0.185	    0.236	   13.709

qsub: job 17356.sith-mgmt2.ccs.ornl.gov completed
qsub: waiting for job 17357.sith-mgmt2.ccs.ornl.gov to start
qsub: job 17357.sith-mgmt2.ccs.ornl.gov ready

    9.517	    0.000	    3.808	    0.182	    0.234	   14.178

qsub: job 17357.sith-mgmt2.ccs.ornl.gov completed

qsub: waiting for job 17358.sith-mgmt2.ccs.ornl.gov to start
qsub: job 17358.sith-mgmt2.ccs.ornl.gov ready

   11.082	    0.000	    7.876	    0.183	    0.542	   20.078

qsub: job 17358.sith-mgmt2.ccs.ornl.gov completed
qsub: waiting for job 17359.sith-mgmt2.ccs.ornl.gov to start
qsub: job 17359.sith-mgmt2.ccs.ornl.gov ready

   11.063	    0.000	    5.161	    0.180	    0.539	   17.293

qsub: job 17359.sith-mgmt2.ccs.ornl.gov completed
qsub: waiting for job 17360.sith-mgmt2.ccs.ornl.gov to start
qsub: job 17360.sith-mgmt2.ccs.ornl.gov ready

   11.932	    0.000	    4.900	    0.191	    0.542	   17.977

qsub: job 17360.sith-mgmt2.ccs.ornl.gov completed
qsub: waiting for job 17361.sith-mgmt2.ccs.ornl.gov to start
qsub: job 17361.sith-mgmt2.ccs.ornl.gov ready

   10.338	    0.000	    5.041	    0.181	    0.543	   16.459

qsub: job 17361.sith-mgmt2.ccs.ornl.gov completed
qsub: waiting for job 17362.sith-mgmt2.ccs.ornl.gov to start
qsub: job 17362.sith-mgmt2.ccs.ornl.gov ready

   11.636	    0.000	    4.767	    0.181	    0.541	   17.526

qsub: job 17362.sith-mgmt2.ccs.ornl.gov completed

3 var
qsub: waiting for job 17363.sith-mgmt2.ccs.ornl.gov to start
qsub: job 17363.sith-mgmt2.ccs.ornl.gov ready

    3.699	    0.000	    2.511	    0.134	    0.196	    6.801

qsub: job 17363.sith-mgmt2.ccs.ornl.gov completed
qsub: waiting for job 17364.sith-mgmt2.ccs.ornl.gov to start
qsub: job 17364.sith-mgmt2.ccs.ornl.gov ready

    3.708	    0.000	    2.377	    0.137	    0.197	    6.681

qsub: job 17364.sith-mgmt2.ccs.ornl.gov completed
qsub: waiting for job 17365.sith-mgmt2.ccs.ornl.gov to start
qsub: job 17365.sith-mgmt2.ccs.ornl.gov ready

    3.707	    0.000	    2.409	    0.136	    0.198	    6.752

qsub: job 17365.sith-mgmt2.ccs.ornl.gov completed
qsub: waiting for job 17366.sith-mgmt2.ccs.ornl.gov to start
qsub: job 17366.sith-mgmt2.ccs.ornl.gov ready

    3.718	    0.000	    2.492	    0.135	    0.198	    6.864

qsub: job 17366.sith-mgmt2.ccs.ornl.gov completed
qsub: waiting for job 17367.sith-mgmt2.ccs.ornl.gov to start
qsub: job 17367.sith-mgmt2.ccs.ornl.gov ready

    3.699	    0.000	    2.285	    0.133	    0.195	    6.570

qsub: job 17367.sith-mgmt2.ccs.ornl.gov completed

qsub: waiting for job 17368.sith-mgmt2.ccs.ornl.gov to start
qsub: job 17368.sith-mgmt2.ccs.ornl.gov ready

    4.927	    0.000	    2.841	    0.131	    0.303	    8.493

qsub: job 17368.sith-mgmt2.ccs.ornl.gov completed
qsub: waiting for job 17369.sith-mgmt2.ccs.ornl.gov to start
qsub: job 17369.sith-mgmt2.ccs.ornl.gov ready

    4.986	    0.000	    2.701	    0.132	    0.303	    8.385

qsub: job 17369.sith-mgmt2.ccs.ornl.gov completed
qsub: waiting for job 17370.sith-mgmt2.ccs.ornl.gov to start
qsub: job 17370.sith-mgmt2.ccs.ornl.gov ready

    5.423	    0.000	    2.615	    0.136	    0.303	    8.798

qsub: job 17370.sith-mgmt2.ccs.ornl.gov completed
qsub: waiting for job 17371.sith-mgmt2.ccs.ornl.gov to start
qsub: job 17371.sith-mgmt2.ccs.ornl.gov ready

    4.985	    0.000	    2.812	    0.134	    0.305	    8.545

qsub: job 17371.sith-mgmt2.ccs.ornl.gov completed
qsub: waiting for job 17372.sith-mgmt2.ccs.ornl.gov to start
qsub: job 17372.sith-mgmt2.ccs.ornl.gov ready

    4.979	    0.000	    3.147	    0.134	    0.302	    8.833

qsub: job 17372.sith-mgmt2.ccs.ornl.gov completed

qsub: waiting for job 17373.sith-mgmt2.ccs.ornl.gov to start
qsub: job 17373.sith-mgmt2.ccs.ornl.gov ready

    7.557	    0.000	    4.590	    0.134	    1.028	   13.592

qsub: job 17373.sith-mgmt2.ccs.ornl.gov completed
qsub: waiting for job 17374.sith-mgmt2.ccs.ornl.gov to start
qsub: job 17374.sith-mgmt2.ccs.ornl.gov ready

    8.218	    0.000	    4.017	    0.135	    1.029	   13.724

qsub: job 17374.sith-mgmt2.ccs.ornl.gov completed
qsub: waiting for job 17375.sith-mgmt2.ccs.ornl.gov to start
qsub: job 17375.sith-mgmt2.ccs.ornl.gov ready

    7.565	    0.000	    3.692	    0.136	    1.029	   12.745

qsub: job 17375.sith-mgmt2.ccs.ornl.gov completed
qsub: waiting for job 17376.sith-mgmt2.ccs.ornl.gov to start
qsub: job 17376.sith-mgmt2.ccs.ornl.gov ready

    8.148	    0.000	    4.013	    0.136	    1.030	   13.619

qsub: job 17376.sith-mgmt2.ccs.ornl.gov completed
qsub: waiting for job 17377.sith-mgmt2.ccs.ornl.gov to start
qsub: job 17377.sith-mgmt2.ccs.ornl.gov ready

    8.024	    0.000	    4.162	    0.135	    1.030	   13.621

qsub: job 17377.sith-mgmt2.ccs.ornl.gov completed

qsub: waiting for job 17378.sith-mgmt2.ccs.ornl.gov to start
qsub: job 17378.sith-mgmt2.ccs.ornl.gov ready

    6.537	    0.000	    3.209	    0.139	    0.396	   10.771

qsub: job 17378.sith-mgmt2.ccs.ornl.gov completed
qsub: waiting for job 17379.sith-mgmt2.ccs.ornl.gov to start
qsub: job 17379.sith-mgmt2.ccs.ornl.gov ready

    5.295	    0.000	    3.489	    0.133	    0.394	    9.645

qsub: job 17379.sith-mgmt2.ccs.ornl.gov completed
qsub: waiting for job 17380.sith-mgmt2.ccs.ornl.gov to start
qsub: job 17380.sith-mgmt2.ccs.ornl.gov ready

    5.335	    0.000	    2.743	    0.133	    0.392	    8.866

qsub: job 17380.sith-mgmt2.ccs.ornl.gov completed
qsub: waiting for job 17381.sith-mgmt2.ccs.ornl.gov to start
qsub: job 17381.sith-mgmt2.ccs.ornl.gov ready

    6.403	    0.000	    3.103	    0.138	    0.395	   10.371

qsub: job 17381.sith-mgmt2.ccs.ornl.gov completed
qsub: waiting for job 17382.sith-mgmt2.ccs.ornl.gov to start
qsub: job 17382.sith-mgmt2.ccs.ornl.gov ready

    5.352	    0.000	    2.826	    0.134	    0.394	    8.966

qsub: job 17382.sith-mgmt2.ccs.ornl.gov completed

qsub: waiting for job 17383.sith-mgmt2.ccs.ornl.gov to start
qsub: job 17383.sith-mgmt2.ccs.ornl.gov ready

    7.803	    0.000	    3.610	    0.137	    0.899	   12.722

qsub: job 17383.sith-mgmt2.ccs.ornl.gov completed
qsub: waiting for job 17384.sith-mgmt2.ccs.ornl.gov to start
qsub: job 17384.sith-mgmt2.ccs.ornl.gov ready

    7.062	    0.000	    6.705	    0.130	    0.897	   15.045

qsub: job 17384.sith-mgmt2.ccs.ornl.gov completed
qsub: waiting for job 17385.sith-mgmt2.ccs.ornl.gov to start
qsub: job 17385.sith-mgmt2.ccs.ornl.gov ready

    7.127	    0.000	    3.659	    0.134	    0.896	   12.108

qsub: job 17385.sith-mgmt2.ccs.ornl.gov completed
qsub: waiting for job 17386.sith-mgmt2.ccs.ornl.gov to start
qsub: job 17386.sith-mgmt2.ccs.ornl.gov ready

    7.084	    0.000	    3.672	    0.135	    0.899	   12.112

qsub: job 17386.sith-mgmt2.ccs.ornl.gov completed
qsub: waiting for job 17387.sith-mgmt2.ccs.ornl.gov to start
qsub: job 17387.sith-mgmt2.ccs.ornl.gov ready

    7.782	    0.000	    6.964	    0.135	    0.894	   16.402

qsub: job 17387.sith-mgmt2.ccs.ornl.gov completed

2 var
qsub: waiting for job 17388.sith-mgmt2.ccs.ornl.gov to start
qsub: job 17388.sith-mgmt2.ccs.ornl.gov ready

    0.084	    0.000	    0.580	    0.089	    0.172	    1.158

qsub: job 17388.sith-mgmt2.ccs.ornl.gov completed
qsub: waiting for job 17389.sith-mgmt2.ccs.ornl.gov to start
qsub: job 17389.sith-mgmt2.ccs.ornl.gov ready

    0.084	    0.000	    0.597	    0.089	    0.171	    1.184

qsub: job 17389.sith-mgmt2.ccs.ornl.gov completed
qsub: waiting for job 17390.sith-mgmt2.ccs.ornl.gov to start
qsub: job 17390.sith-mgmt2.ccs.ornl.gov ready

    0.083	    0.000	    0.552	    0.091	    0.172	    1.149

qsub: job 17390.sith-mgmt2.ccs.ornl.gov completed
qsub: waiting for job 17391.sith-mgmt2.ccs.ornl.gov to start
qsub: job 17391.sith-mgmt2.ccs.ornl.gov ready

    0.083	    0.000	    0.574	    0.089	    0.172	    1.154

qsub: job 17391.sith-mgmt2.ccs.ornl.gov completed
qsub: waiting for job 17392.sith-mgmt2.ccs.ornl.gov to start
qsub: job 17392.sith-mgmt2.ccs.ornl.gov ready

    0.083	    0.000	    0.505	    0.091	    0.172	    1.097

qsub: job 17392.sith-mgmt2.ccs.ornl.gov completed

qsub: waiting for job 17393.sith-mgmt2.ccs.ornl.gov to start
qsub: job 17393.sith-mgmt2.ccs.ornl.gov ready

    0.842	    0.000	    0.917	    0.089	    0.180	    2.251

qsub: job 17393.sith-mgmt2.ccs.ornl.gov completed
qsub: waiting for job 17394.sith-mgmt2.ccs.ornl.gov to start
qsub: job 17394.sith-mgmt2.ccs.ornl.gov ready

    0.844	    0.000	    0.909	    0.088	    0.180	    2.265

qsub: job 17394.sith-mgmt2.ccs.ornl.gov completed
qsub: waiting for job 17395.sith-mgmt2.ccs.ornl.gov to start
qsub: job 17395.sith-mgmt2.ccs.ornl.gov ready

    0.850	    0.000	    2.310	    0.091	    0.181	    3.690

qsub: job 17395.sith-mgmt2.ccs.ornl.gov completed
qsub: waiting for job 17396.sith-mgmt2.ccs.ornl.gov to start
qsub: job 17396.sith-mgmt2.ccs.ornl.gov ready

    0.856	    0.000	    1.515	    0.095	    0.182	    2.929

qsub: job 17396.sith-mgmt2.ccs.ornl.gov completed
qsub: waiting for job 17397.sith-mgmt2.ccs.ornl.gov to start
qsub: job 17397.sith-mgmt2.ccs.ornl.gov ready

    0.843	    0.000	    1.688	    0.088	    0.179	    3.139

qsub: job 17397.sith-mgmt2.ccs.ornl.gov completed

qsub: waiting for job 17398.sith-mgmt2.ccs.ornl.gov to start
qsub: job 17398.sith-mgmt2.ccs.ornl.gov ready

    1.343	    0.000	    1.221	    0.091	    0.198	    3.103

qsub: job 17398.sith-mgmt2.ccs.ornl.gov completed
qsub: waiting for job 17399.sith-mgmt2.ccs.ornl.gov to start
qsub: job 17399.sith-mgmt2.ccs.ornl.gov ready

    1.326	    0.000	    1.174	    0.090	    0.196	    3.041

qsub: job 17399.sith-mgmt2.ccs.ornl.gov completed
qsub: waiting for job 17400.sith-mgmt2.ccs.ornl.gov to start
qsub: job 17400.sith-mgmt2.ccs.ornl.gov ready

    1.325	    0.000	    1.106	    0.090	    0.196	    2.965

qsub: job 17400.sith-mgmt2.ccs.ornl.gov completed
qsub: waiting for job 17401.sith-mgmt2.ccs.ornl.gov to start
qsub: job 17401.sith-mgmt2.ccs.ornl.gov ready

    1.325	    0.000	    1.595	    0.089	    0.196	    3.443

qsub: job 17401.sith-mgmt2.ccs.ornl.gov completed
qsub: waiting for job 17402.sith-mgmt2.ccs.ornl.gov to start
qsub: job 17402.sith-mgmt2.ccs.ornl.gov ready

    1.324	    0.000	    1.424	    0.089	    0.196	    3.272

qsub: job 17402.sith-mgmt2.ccs.ornl.gov completed

qsub: waiting for job 17403.sith-mgmt2.ccs.ornl.gov to start
qsub: job 17403.sith-mgmt2.ccs.ornl.gov ready

    2.204	    0.000	    1.524	    0.089	    0.236	    4.288

qsub: job 17403.sith-mgmt2.ccs.ornl.gov completed
qsub: waiting for job 17404.sith-mgmt2.ccs.ornl.gov to start
qsub: job 17404.sith-mgmt2.ccs.ornl.gov ready

    2.206	    0.000	    1.459	    0.089	    0.236	    4.246

qsub: job 17404.sith-mgmt2.ccs.ornl.gov completed
qsub: waiting for job 17405.sith-mgmt2.ccs.ornl.gov to start
qsub: job 17405.sith-mgmt2.ccs.ornl.gov ready

    2.301	    0.000	    1.832	    0.095	    0.239	    4.919

qsub: job 17405.sith-mgmt2.ccs.ornl.gov completed
qsub: waiting for job 17406.sith-mgmt2.ccs.ornl.gov to start
qsub: job 17406.sith-mgmt2.ccs.ornl.gov ready

    2.298	    0.000	    1.691	    0.096	    0.238	    4.597

qsub: job 17406.sith-mgmt2.ccs.ornl.gov completed
qsub: waiting for job 17407.sith-mgmt2.ccs.ornl.gov to start
qsub: job 17407.sith-mgmt2.ccs.ornl.gov ready

    2.204	    0.000	    3.629	    0.091	    0.235	    6.440

qsub: job 17407.sith-mgmt2.ccs.ornl.gov completed

qsub: waiting for job 17408.sith-mgmt2.ccs.ornl.gov to start
qsub: job 17408.sith-mgmt2.ccs.ornl.gov ready

    3.509	    0.000	    2.069	    0.089	    0.623	    6.556

qsub: job 17408.sith-mgmt2.ccs.ornl.gov completed
qsub: waiting for job 17409.sith-mgmt2.ccs.ornl.gov to start
qsub: job 17409.sith-mgmt2.ccs.ornl.gov ready

    3.484	    0.000	    2.157	    0.088	    0.625	    6.591

qsub: job 17409.sith-mgmt2.ccs.ornl.gov completed
qsub: waiting for job 17410.sith-mgmt2.ccs.ornl.gov to start
qsub: job 17410.sith-mgmt2.ccs.ornl.gov ready

    3.521	    0.000	    1.904	    0.091	    0.626	    6.376

qsub: job 17410.sith-mgmt2.ccs.ornl.gov completed
qsub: waiting for job 17411.sith-mgmt2.ccs.ornl.gov to start
qsub: job 17411.sith-mgmt2.ccs.ornl.gov ready

    4.084	    0.000	    1.913	    0.091	    0.629	    6.965

qsub: job 17411.sith-mgmt2.ccs.ornl.gov completed
qsub: waiting for job 17412.sith-mgmt2.ccs.ornl.gov to start
qsub: job 17412.sith-mgmt2.ccs.ornl.gov ready

    4.040	    0.000	    1.874	    0.090	    0.628	    6.883

qsub: job 17412.sith-mgmt2.ccs.ornl.gov completed

