4 var
qsub: waiting for job 17413.sith-mgmt2.ccs.ornl.gov to start
qsub: job 17413.sith-mgmt2.ccs.ornl.gov ready

    5.504	    5.633	    0.743	    0.177	    0.172	   12.575

qsub: job 17413.sith-mgmt2.ccs.ornl.gov completed
qsub: waiting for job 17414.sith-mgmt2.ccs.ornl.gov to start
qsub: job 17414.sith-mgmt2.ccs.ornl.gov ready

    5.499	    5.608	    0.704	    0.174	    0.171	   12.530

qsub: job 17414.sith-mgmt2.ccs.ornl.gov completed
qsub: waiting for job 17415.sith-mgmt2.ccs.ornl.gov to start
qsub: job 17415.sith-mgmt2.ccs.ornl.gov ready

    5.502	    5.610	    0.736	    0.180	    0.172	   12.557

qsub: job 17415.sith-mgmt2.ccs.ornl.gov completed
qsub: waiting for job 17416.sith-mgmt2.ccs.ornl.gov to start
qsub: job 17416.sith-mgmt2.ccs.ornl.gov ready

    5.503	    5.603	    1.276	    0.177	    0.172	   13.116

qsub: job 17416.sith-mgmt2.ccs.ornl.gov completed
qsub: waiting for job 17417.sith-mgmt2.ccs.ornl.gov to start
qsub: job 17417.sith-mgmt2.ccs.ornl.gov ready

    5.498	    5.601	    0.797	    0.176	    0.172	   12.611

qsub: job 17417.sith-mgmt2.ccs.ornl.gov completed

qsub: waiting for job 17418.sith-mgmt2.ccs.ornl.gov to start
qsub: job 17418.sith-mgmt2.ccs.ornl.gov ready

    5.331	    5.352	    0.842	    0.184	    0.182	   12.298

qsub: job 17418.sith-mgmt2.ccs.ornl.gov completed
qsub: waiting for job 17419.sith-mgmt2.ccs.ornl.gov to start
qsub: job 17419.sith-mgmt2.ccs.ornl.gov ready

    5.254	    5.345	    0.746	    0.179	    0.181	   12.060

qsub: job 17419.sith-mgmt2.ccs.ornl.gov completed
qsub: waiting for job 17420.sith-mgmt2.ccs.ornl.gov to start
qsub: job 17420.sith-mgmt2.ccs.ornl.gov ready

    5.263	    5.356	    1.542	    0.179	    0.182	   12.897

qsub: job 17420.sith-mgmt2.ccs.ornl.gov completed
qsub: waiting for job 17421.sith-mgmt2.ccs.ornl.gov to start
qsub: job 17421.sith-mgmt2.ccs.ornl.gov ready

    5.249	    5.347	    0.746	    0.176	    0.181	   12.059

qsub: job 17421.sith-mgmt2.ccs.ornl.gov completed
qsub: waiting for job 17422.sith-mgmt2.ccs.ornl.gov to start
qsub: job 17422.sith-mgmt2.ccs.ornl.gov ready

    5.251	    5.345	    1.187	    0.175	    0.181	   12.514

qsub: job 17422.sith-mgmt2.ccs.ornl.gov completed

qsub: waiting for job 17423.sith-mgmt2.ccs.ornl.gov to start
qsub: job 17423.sith-mgmt2.ccs.ornl.gov ready

    7.593	    7.849	    0.876	    0.183	    0.182	   17.104

qsub: job 17423.sith-mgmt2.ccs.ornl.gov completed
qsub: waiting for job 17424.sith-mgmt2.ccs.ornl.gov to start
qsub: job 17424.sith-mgmt2.ccs.ornl.gov ready

    7.591	    7.852	    1.599	    0.183	    0.182	   17.795

qsub: job 17424.sith-mgmt2.ccs.ornl.gov completed
qsub: waiting for job 17425.sith-mgmt2.ccs.ornl.gov to start
qsub: job 17425.sith-mgmt2.ccs.ornl.gov ready

    7.609	    7.848	    0.848	    0.183	    0.182	   17.076

qsub: job 17425.sith-mgmt2.ccs.ornl.gov completed
qsub: waiting for job 17426.sith-mgmt2.ccs.ornl.gov to start
qsub: job 17426.sith-mgmt2.ccs.ornl.gov ready

    7.455	    7.855	    0.821	    0.182	    0.181	   16.864

qsub: job 17426.sith-mgmt2.ccs.ornl.gov completed
qsub: waiting for job 17427.sith-mgmt2.ccs.ornl.gov to start
qsub: job 17427.sith-mgmt2.ccs.ornl.gov ready

    7.448	    7.842	    0.846	    0.176	    0.181	   16.863

qsub: job 17427.sith-mgmt2.ccs.ornl.gov completed

qsub: waiting for job 17428.sith-mgmt2.ccs.ornl.gov to start
qsub: job 17428.sith-mgmt2.ccs.ornl.gov ready

    8.677	    8.703	    1.121	    0.178	    0.232	   19.293

qsub: job 17428.sith-mgmt2.ccs.ornl.gov completed
qsub: waiting for job 17429.sith-mgmt2.ccs.ornl.gov to start
qsub: job 17429.sith-mgmt2.ccs.ornl.gov ready

    8.747	    8.720	    1.095	    0.177	    0.232	   19.342

qsub: job 17429.sith-mgmt2.ccs.ornl.gov completed
qsub: waiting for job 17430.sith-mgmt2.ccs.ornl.gov to start
qsub: job 17430.sith-mgmt2.ccs.ornl.gov ready

    9.386	    8.712	    1.104	    0.181	    0.233	   20.005

qsub: job 17430.sith-mgmt2.ccs.ornl.gov completed
qsub: waiting for job 17431.sith-mgmt2.ccs.ornl.gov to start
qsub: job 17431.sith-mgmt2.ccs.ornl.gov ready

    8.728	    8.717	    1.400	    0.176	    0.232	   19.626

qsub: job 17431.sith-mgmt2.ccs.ornl.gov completed
qsub: waiting for job 17432.sith-mgmt2.ccs.ornl.gov to start
qsub: job 17432.sith-mgmt2.ccs.ornl.gov ready

    8.703	    8.717	    1.074	    0.177	    0.232	   19.398

qsub: job 17432.sith-mgmt2.ccs.ornl.gov completed

qsub: waiting for job 17433.sith-mgmt2.ccs.ornl.gov to start
qsub: job 17433.sith-mgmt2.ccs.ornl.gov ready

   10.895	   10.012	    1.220	    0.181	    0.538	   23.595

qsub: job 17433.sith-mgmt2.ccs.ornl.gov completed
qsub: waiting for job 17434.sith-mgmt2.ccs.ornl.gov to start
qsub: job 17434.sith-mgmt2.ccs.ornl.gov ready

   11.087	   10.030	    1.211	    0.183	    0.542	   23.512

qsub: job 17434.sith-mgmt2.ccs.ornl.gov completed
qsub: waiting for job 17435.sith-mgmt2.ccs.ornl.gov to start
qsub: job 17435.sith-mgmt2.ccs.ornl.gov ready

   10.267	   10.024	    1.203	    0.180	    0.539	   22.589

qsub: job 17435.sith-mgmt2.ccs.ornl.gov completed
qsub: waiting for job 17436.sith-mgmt2.ccs.ornl.gov to start
qsub: job 17436.sith-mgmt2.ccs.ornl.gov ready

   10.995	   10.030	    1.615	    0.181	    0.541	   23.939

qsub: job 17436.sith-mgmt2.ccs.ornl.gov completed
qsub: waiting for job 17437.sith-mgmt2.ccs.ornl.gov to start
qsub: job 17437.sith-mgmt2.ccs.ornl.gov ready

   12.041	   10.021	    1.266	    0.186	    0.540	   24.801

qsub: job 17437.sith-mgmt2.ccs.ornl.gov completed

3 var
qsub: waiting for job 17438.sith-mgmt2.ccs.ornl.gov to start
qsub: job 17438.sith-mgmt2.ccs.ornl.gov ready

    3.699	    3.516	    0.495	    0.134	    0.194	    8.387

qsub: job 17438.sith-mgmt2.ccs.ornl.gov completed
qsub: waiting for job 17439.sith-mgmt2.ccs.ornl.gov to start
qsub: job 17439.sith-mgmt2.ccs.ornl.gov ready

    3.724	    3.523	    0.480	    0.134	    0.196	    8.365

qsub: job 17439.sith-mgmt2.ccs.ornl.gov completed
qsub: waiting for job 17440.sith-mgmt2.ccs.ornl.gov to start
qsub: job 17440.sith-mgmt2.ccs.ornl.gov ready

    3.697	    3.512	    1.100	    0.132	    0.195	    8.964

qsub: job 17440.sith-mgmt2.ccs.ornl.gov completed
qsub: waiting for job 17441.sith-mgmt2.ccs.ornl.gov to start
qsub: job 17441.sith-mgmt2.ccs.ornl.gov ready

    3.692	    3.487	    0.758	    0.130	    0.193	    8.564

qsub: job 17441.sith-mgmt2.ccs.ornl.gov completed
qsub: waiting for job 17442.sith-mgmt2.ccs.ornl.gov to start
qsub: job 17442.sith-mgmt2.ccs.ornl.gov ready

    3.716	    3.509	    0.512	    0.136	    0.196	    8.395

qsub: job 17442.sith-mgmt2.ccs.ornl.gov completed

qsub: waiting for job 17443.sith-mgmt2.ccs.ornl.gov to start
qsub: job 17443.sith-mgmt2.ccs.ornl.gov ready

    5.310	    4.497	    0.618	    0.134	    0.304	   11.162

qsub: job 17443.sith-mgmt2.ccs.ornl.gov completed
qsub: waiting for job 17444.sith-mgmt2.ccs.ornl.gov to start
qsub: job 17444.sith-mgmt2.ccs.ornl.gov ready

    4.990	    4.540	    0.628	    0.134	    0.306	   10.919

qsub: job 17444.sith-mgmt2.ccs.ornl.gov completed
qsub: waiting for job 17445.sith-mgmt2.ccs.ornl.gov to start
qsub: job 17445.sith-mgmt2.ccs.ornl.gov ready

    4.975	    4.535	    1.191	    0.133	    0.303	   11.426

qsub: job 17445.sith-mgmt2.ccs.ornl.gov completed
qsub: waiting for job 17446.sith-mgmt2.ccs.ornl.gov to start
qsub: job 17446.sith-mgmt2.ccs.ornl.gov ready

    4.969	    4.540	    0.698	    0.136	    0.303	   10.946

qsub: job 17446.sith-mgmt2.ccs.ornl.gov completed
qsub: waiting for job 17447.sith-mgmt2.ccs.ornl.gov to start
qsub: job 17447.sith-mgmt2.ccs.ornl.gov ready

    4.966	    4.546	    1.028	    0.136	    0.303	   11.468

qsub: job 17447.sith-mgmt2.ccs.ornl.gov completed

qsub: waiting for job 17448.sith-mgmt2.ccs.ornl.gov to start
qsub: job 17448.sith-mgmt2.ccs.ornl.gov ready

    7.517	    7.274	    0.898	    0.133	    1.020	   17.141

qsub: job 17448.sith-mgmt2.ccs.ornl.gov completed
qsub: waiting for job 17449.sith-mgmt2.ccs.ornl.gov to start
qsub: job 17449.sith-mgmt2.ccs.ornl.gov ready

    7.531	    7.269	    0.782	    0.135	    1.027	   17.065

qsub: job 17449.sith-mgmt2.ccs.ornl.gov completed
qsub: waiting for job 17450.sith-mgmt2.ccs.ornl.gov to start
qsub: job 17450.sith-mgmt2.ccs.ornl.gov ready

    7.552	    7.291	    0.823	    0.135	    1.026	   17.140

qsub: job 17450.sith-mgmt2.ccs.ornl.gov completed
qsub: waiting for job 17451.sith-mgmt2.ccs.ornl.gov to start
qsub: job 17451.sith-mgmt2.ccs.ornl.gov ready

    8.279	    7.291	    1.183	    0.141	    1.029	   18.260

qsub: job 17451.sith-mgmt2.ccs.ornl.gov completed
qsub: waiting for job 17452.sith-mgmt2.ccs.ornl.gov to start
qsub: job 17452.sith-mgmt2.ccs.ornl.gov ready

    8.155	    7.292	    1.686	    0.136	    1.027	   18.608

qsub: job 17452.sith-mgmt2.ccs.ornl.gov completed

qsub: waiting for job 17453.sith-mgmt2.ccs.ornl.gov to start
qsub: job 17453.sith-mgmt2.ccs.ornl.gov ready

    6.450	    4.888	    0.722	    0.140	    0.395	   12.946

qsub: job 17453.sith-mgmt2.ccs.ornl.gov completed
qsub: waiting for job 17454.sith-mgmt2.ccs.ornl.gov to start
qsub: job 17454.sith-mgmt2.ccs.ornl.gov ready

    5.355	    4.890	    0.738	    0.133	    0.393	   11.799

qsub: job 17454.sith-mgmt2.ccs.ornl.gov completed
qsub: waiting for job 17455.sith-mgmt2.ccs.ornl.gov to start
qsub: job 17455.sith-mgmt2.ccs.ornl.gov ready

    5.309	    4.886	    0.884	    0.131	    0.393	   11.901

qsub: job 17455.sith-mgmt2.ccs.ornl.gov completed
qsub: waiting for job 17456.sith-mgmt2.ccs.ornl.gov to start
qsub: job 17456.sith-mgmt2.ccs.ornl.gov ready

    5.949	    4.880	    0.747	    0.137	    0.394	   12.461

qsub: job 17456.sith-mgmt2.ccs.ornl.gov completed
qsub: waiting for job 17457.sith-mgmt2.ccs.ornl.gov to start
qsub: job 17457.sith-mgmt2.ccs.ornl.gov ready

    5.357	    4.898	    0.953	    0.136	    0.393	   12.033

qsub: job 17457.sith-mgmt2.ccs.ornl.gov completed

qsub: waiting for job 17458.sith-mgmt2.ccs.ornl.gov to start
qsub: job 17458.sith-mgmt2.ccs.ornl.gov ready

    7.829	    6.938	    0.814	    0.137	    0.898	   16.928

qsub: job 17458.sith-mgmt2.ccs.ornl.gov completed
qsub: waiting for job 17459.sith-mgmt2.ccs.ornl.gov to start
qsub: job 17459.sith-mgmt2.ccs.ornl.gov ready

    7.614	    6.887	    0.852	    0.136	    0.889	   16.683

qsub: job 17459.sith-mgmt2.ccs.ornl.gov completed
qsub: waiting for job 17460.sith-mgmt2.ccs.ornl.gov to start
qsub: job 17460.sith-mgmt2.ccs.ornl.gov ready

    7.127	    6.930	    0.849	    0.133	    0.894	   16.225

qsub: job 17460.sith-mgmt2.ccs.ornl.gov completed
qsub: waiting for job 17461.sith-mgmt2.ccs.ornl.gov to start
qsub: job 17461.sith-mgmt2.ccs.ornl.gov ready

    7.788	    6.924	    0.899	    0.135	    0.897	   16.998

qsub: job 17461.sith-mgmt2.ccs.ornl.gov completed
qsub: waiting for job 17462.sith-mgmt2.ccs.ornl.gov to start
qsub: job 17462.sith-mgmt2.ccs.ornl.gov ready

    7.064	    6.921	    0.978	    0.130	    0.897	   16.300

qsub: job 17462.sith-mgmt2.ccs.ornl.gov completed

2 var
qsub: waiting for job 17463.sith-mgmt2.ccs.ornl.gov to start
qsub: job 17463.sith-mgmt2.ccs.ornl.gov ready

    0.083	    0.092	    0.521	    0.087	    0.172	    1.331

qsub: job 17463.sith-mgmt2.ccs.ornl.gov completed
qsub: waiting for job 17464.sith-mgmt2.ccs.ornl.gov to start
qsub: job 17464.sith-mgmt2.ccs.ornl.gov ready

    0.084	    0.093	    0.568	    0.089	    0.172	    1.260

qsub: job 17464.sith-mgmt2.ccs.ornl.gov completed
qsub: waiting for job 17465.sith-mgmt2.ccs.ornl.gov to start
qsub: job 17465.sith-mgmt2.ccs.ornl.gov ready





    0.084	    0.093	    0.495	    0.089	    0.172	    1.844

qsub: job 17465.sith-mgmt2.ccs.ornl.gov completed
qsub: waiting for job 17466.sith-mgmt2.ccs.ornl.gov to start
qsub: job 17466.sith-mgmt2.ccs.ornl.gov ready

    0.084	    0.093	    0.536	    0.091	    0.172	    1.210

qsub: job 17466.sith-mgmt2.ccs.ornl.gov completed
qsub: waiting for job 17467.sith-mgmt2.ccs.ornl.gov to start
qsub: job 17467.sith-mgmt2.ccs.ornl.gov ready

    0.084	    0.093	    0.264	    0.091	    0.172	    0.945

qsub: job 17467.sith-mgmt2.ccs.ornl.gov completed

qsub: waiting for job 17468.sith-mgmt2.ccs.ornl.gov to start
qsub: job 17468.sith-mgmt2.ccs.ornl.gov ready

    0.844	    0.967	    0.279	    0.090	    0.179	    2.618

qsub: job 17468.sith-mgmt2.ccs.ornl.gov completed
qsub: waiting for job 17469.sith-mgmt2.ccs.ornl.gov to start
qsub: job 17469.sith-mgmt2.ccs.ornl.gov ready

    0.843	    0.970	    0.353	    0.089	    0.178	    2.667

qsub: job 17469.sith-mgmt2.ccs.ornl.gov completed
qsub: waiting for job 17470.sith-mgmt2.ccs.ornl.gov to start
qsub: job 17470.sith-mgmt2.ccs.ornl.gov ready

    0.843	    0.968	    0.339	    0.090	    0.178	    2.662

qsub: job 17470.sith-mgmt2.ccs.ornl.gov completed
qsub: waiting for job 17471.sith-mgmt2.ccs.ornl.gov to start
qsub: job 17471.sith-mgmt2.ccs.ornl.gov ready

    0.843	    0.968	    0.533	    0.091	    0.179	    2.858

qsub: job 17471.sith-mgmt2.ccs.ornl.gov completed
qsub: waiting for job 17472.sith-mgmt2.ccs.ornl.gov to start
qsub: job 17472.sith-mgmt2.ccs.ornl.gov ready

    0.843	    0.970	    0.378	    0.091	    0.179	    2.690

qsub: job 17472.sith-mgmt2.ccs.ornl.gov completed

qsub: waiting for job 17473.sith-mgmt2.ccs.ornl.gov to start
qsub: job 17473.sith-mgmt2.ccs.ornl.gov ready

    1.325	    1.580	    0.319	    0.090	    0.194	    3.766

qsub: job 17473.sith-mgmt2.ccs.ornl.gov completed
qsub: waiting for job 17474.sith-mgmt2.ccs.ornl.gov to start
qsub: job 17474.sith-mgmt2.ccs.ornl.gov ready

    1.325	    1.579	    1.039	    0.089	    0.195	    4.482

qsub: job 17474.sith-mgmt2.ccs.ornl.gov completed
qsub: waiting for job 17475.sith-mgmt2.ccs.ornl.gov to start
qsub: job 17475.sith-mgmt2.ccs.ornl.gov ready

    1.325	    1.583	    0.342	    0.090	    0.194	    3.761

qsub: job 17475.sith-mgmt2.ccs.ornl.gov completed
qsub: waiting for job 17476.sith-mgmt2.ccs.ornl.gov to start
qsub: job 17476.sith-mgmt2.ccs.ornl.gov ready

    1.338	    1.573	    0.388	    0.091	    0.196	    3.818

qsub: job 17476.sith-mgmt2.ccs.ornl.gov completed
qsub: waiting for job 17477.sith-mgmt2.ccs.ornl.gov to start
qsub: job 17477.sith-mgmt2.ccs.ornl.gov ready

    1.326	    1.577	    0.318	    0.089	    0.195	    3.927

qsub: job 17477.sith-mgmt2.ccs.ornl.gov completed

qsub: waiting for job 17478.sith-mgmt2.ccs.ornl.gov to start
qsub: job 17478.sith-mgmt2.ccs.ornl.gov ready

    2.205	    2.600	    0.416	    0.089	    0.236	    5.798

qsub: job 17478.sith-mgmt2.ccs.ornl.gov completed
qsub: waiting for job 17479.sith-mgmt2.ccs.ornl.gov to start
qsub: job 17479.sith-mgmt2.ccs.ornl.gov ready

    2.201	    2.598	    0.374	    0.087	    0.236	    5.729

qsub: job 17479.sith-mgmt2.ccs.ornl.gov completed
qsub: waiting for job 17480.sith-mgmt2.ccs.ornl.gov to start
qsub: job 17480.sith-mgmt2.ccs.ornl.gov ready

    2.200	    2.595	    0.386	    0.087	    0.235	    5.742

qsub: job 17480.sith-mgmt2.ccs.ornl.gov completed
qsub: waiting for job 17481.sith-mgmt2.ccs.ornl.gov to start
qsub: job 17481.sith-mgmt2.ccs.ornl.gov ready

    2.234	    2.585	    0.366	    0.089	    0.236	    5.742

qsub: job 17481.sith-mgmt2.ccs.ornl.gov completed
qsub: waiting for job 17482.sith-mgmt2.ccs.ornl.gov to start
qsub: job 17482.sith-mgmt2.ccs.ornl.gov ready

    2.251	    2.590	    0.381	    0.090	    0.236	    5.793

qsub: job 17482.sith-mgmt2.ccs.ornl.gov completed

qsub: waiting for job 17483.sith-mgmt2.ccs.ornl.gov to start
qsub: job 17483.sith-mgmt2.ccs.ornl.gov ready

    4.049	    3.550	    0.941	    0.091	    0.628	    9.515

qsub: job 17483.sith-mgmt2.ccs.ornl.gov completed
qsub: waiting for job 17484.sith-mgmt2.ccs.ornl.gov to start
qsub: job 17484.sith-mgmt2.ccs.ornl.gov ready

    3.504	    3.550	    0.601	    0.088	    0.624	    8.612

qsub: job 17484.sith-mgmt2.ccs.ornl.gov completed
qsub: waiting for job 17485.sith-mgmt2.ccs.ornl.gov to start
qsub: job 17485.sith-mgmt2.ccs.ornl.gov ready

    3.515	    3.557	    0.750	    0.089	    0.625	    8.787

qsub: job 17485.sith-mgmt2.ccs.ornl.gov completed
qsub: waiting for job 17486.sith-mgmt2.ccs.ornl.gov to start
qsub: job 17486.sith-mgmt2.ccs.ornl.gov ready

    3.518	    3.558	    0.570	    0.088	    0.625	    8.607

qsub: job 17486.sith-mgmt2.ccs.ornl.gov completed
qsub: waiting for job 17487.sith-mgmt2.ccs.ornl.gov to start
qsub: job 17487.sith-mgmt2.ccs.ornl.gov ready

    3.499	    3.553	    0.888	    0.087	    0.625	    8.879

qsub: job 17487.sith-mgmt2.ccs.ornl.gov completed

