4 var
    0.000	    1.579	    0.052	    0.036	    0.016	    1.725
    0.000	    1.565	    0.052	    0.038	    0.016	    1.712
    0.000	    1.579	    0.053	    0.037	    0.016	    1.726
    0.000	    1.589	    0.052	    0.038	    0.016	    1.735
    0.000	    1.571	    0.052	    0.038	    0.016	    1.717
    0.000	    1.630	    0.053	    0.041	    0.016	    1.786
    0.000	    1.597	    0.052	    0.038	    0.016	    1.744
    0.000	    1.579	    0.052	    0.038	    0.017	    1.724
    0.000	    1.574	    0.051	    0.037	    0.016	    1.718
    0.000	    1.585	    0.052	    0.037	    0.017	    1.730
    0.000	    1.514	    0.046	    0.037	    0.018	    1.654
    0.000	    1.509	    0.046	    0.038	    0.017	    1.649
    0.000	    1.491	    0.045	    0.037	    0.017	    1.633
    0.000	    1.493	    0.046	    0.037	    0.017	    1.631
    0.000	    1.492	    0.046	    0.037	    0.017	    1.631
    0.000	    1.493	    0.045	    0.037	    0.017	    1.632
    0.000	    1.508	    0.046	    0.037	    0.017	    1.649
    0.000	    1.497	    0.045	    0.038	    0.017	    1.640
    0.000	    1.604	    0.056	    0.070	    0.017	    1.797
    0.000	    1.491	    0.046	    0.037	    0.017	    1.633
    0.000	    2.328	    0.079	    0.038	    0.019	    2.507
    0.000	    2.343	    0.081	    0.041	    0.018	    2.531
    0.000	    2.308	    0.082	    0.040	    0.018	    2.492
    0.000	    2.345	    0.081	    0.038	    0.019	    2.529
    0.000	    2.294	    0.080	    0.040	    0.018	    2.477
    0.000	    2.267	    0.078	    0.037	    0.018	    2.441
    0.000	    2.290	    0.079	    0.038	    0.018	    2.468
    0.000	    2.280	    0.079	    0.037	    0.018	    2.455
    0.000	    2.269	    0.079	    0.037	    0.018	    2.444
    0.000	    2.290	    0.079	    0.037	    0.018	    2.467
    0.000	    2.942	    0.131	    0.037	    0.023	    3.177
    0.000	    2.936	    0.133	    0.037	    0.023	    3.170
    0.000	    2.932	    0.133	    0.037	    0.023	    3.165
    0.000	    2.889	    0.130	    0.037	    0.023	    3.118
    0.000	    2.961	    0.135	    0.038	    0.023	    3.199
    0.000	    2.941	    0.133	    0.037	    0.023	    3.177
    0.000	    2.937	    0.133	    0.037	    0.023	    3.170
    0.000	    2.941	    0.132	    0.037	    0.023	    3.172
    0.000	    2.968	    0.133	    0.042	    0.024	    3.206
    0.000	    2.960	    0.134	    0.040	    0.023	    3.203
    0.000	    3.461	    0.158	    0.037	    0.031	    3.728
    0.000	    3.499	    0.163	    0.044	    0.032	    3.787
    0.000	    3.418	    0.159	    0.040	    0.032	    3.696
    0.000	    3.445	    0.160	    0.039	    0.032	    3.719
    0.000	    3.432	    0.160	    0.038	    0.032	    3.704
    0.000	    3.438	    0.157	    0.037	    0.032	    3.708
    0.000	    3.423	    0.157	    0.040	    0.032	    3.692
    0.000	    3.446	    0.162	    0.040	    0.032	    3.727
    0.000	    3.390	    0.154	    0.037	    0.030	    3.652
    0.000	    3.345	    0.155	    0.037	    0.032	    3.609
3 var
    0.000	    0.993	    0.025	    0.031	    0.020	    1.104
    0.000	    1.007	    0.027	    0.033	    0.020	    1.129
    0.000	    0.996	    0.027	    0.031	    0.021	    1.127
    0.000	    0.999	    0.026	    0.029	    0.020	    1.112
    0.000	    0.987	    0.025	    0.029	    0.020	    1.097
    0.000	    0.993	    0.026	    0.029	    0.020	    1.104
    0.000	    0.993	    0.026	    0.030	    0.020	    1.106
    0.000	    0.991	    0.026	    0.028	    0.020	    1.104
    0.000	    0.995	    0.026	    0.029	    0.020	    1.109
    0.000	    0.999	    0.026	    0.029	    0.020	    1.110
    0.000	    1.497	    0.055	    0.029	    0.027	    1.647
    0.000	    1.531	    0.054	    0.028	    0.027	    1.678
    0.000	    1.525	    0.054	    0.030	    0.027	    1.672
    0.000	    1.567	    0.058	    0.032	    0.027	    1.736
    0.000	    1.560	    0.058	    0.034	    0.027	    1.723
    0.000	    1.529	    0.055	    0.030	    0.027	    1.677
    0.000	    1.544	    0.056	    0.031	    0.027	    1.697
    0.000	    1.521	    0.054	    0.028	    0.027	    1.666
    0.000	    1.534	    0.055	    0.031	    0.027	    1.684
    0.000	    1.546	    0.056	    0.031	    0.027	    1.701
    0.000	    2.419	    0.085	    0.029	    0.045	    2.615
    0.000	    2.388	    0.085	    0.028	    0.043	    2.579
    0.000	    2.382	    0.084	    0.028	    0.045	    2.574
    0.000	    2.353	    0.084	    0.027	    0.045	    2.544
    0.000	    2.354	    0.083	    0.028	    0.045	    2.544
    0.000	    2.375	    0.084	    0.028	    0.043	    2.569
    0.000	    2.388	    0.085	    0.029	    0.045	    2.581
    0.000	    2.399	    0.085	    0.030	    0.046	    2.595
    0.000	    2.387	    0.086	    0.029	    0.045	    2.586
    0.000	    2.387	    0.086	    0.028	    0.045	    2.582
    0.000	    1.649	    0.060	    0.029	    0.030	    1.802
    0.000	    1.616	    0.060	    0.028	    0.029	    1.768
    0.000	    1.613	    0.060	    0.028	    0.029	    1.766
    0.000	    1.635	    0.061	    0.028	    0.031	    1.789
    0.000	    1.629	    0.059	    0.028	    0.030	    1.781
    0.000	    1.620	    0.060	    0.027	    0.029	    1.772
    0.000	    1.622	    0.060	    0.028	    0.030	    1.773
    0.000	    1.617	    0.060	    0.027	    0.030	    1.767
    0.000	    1.627	    0.060	    0.028	    0.030	    1.779
    0.000	    1.629	    0.061	    0.028	    0.030	    1.783
    0.000	    2.298	    0.088	    0.028	    0.039	    2.488
    0.000	    2.287	    0.088	    0.029	    0.039	    2.481
    0.000	    2.273	    0.086	    0.028	    0.039	    2.461
    0.000	    2.268	    0.086	    0.029	    0.039	    2.456
    0.000	    2.268	    0.086	    0.029	    0.039	    2.456
    0.000	    2.277	    0.086	    0.028	    0.039	    2.465
    0.000	    2.273	    0.086	    0.028	    0.039	    2.460
    0.000	    2.271	    0.086	    0.029	    0.038	    2.459
    0.000	    2.274	    0.087	    0.029	    0.038	    2.463
    0.000	    2.277	    0.086	    0.029	    0.039	    2.466
2 var
    0.000	    0.032	    0.003	    0.019	    0.016	    0.099
    0.000	    0.032	    0.003	    0.019	    0.016	    0.097
    0.000	    0.032	    0.003	    0.019	    0.016	    0.098
    0.000	    0.032	    0.003	    0.019	    0.016	    0.100
    0.000	    0.032	    0.002	    0.019	    0.016	    0.100
    0.000	    0.031	    0.002	    0.019	    0.016	    0.097
    0.000	    0.031	    0.002	    0.019	    0.016	    0.097
    0.000	    0.031	    0.003	    0.019	    0.016	    0.096
    0.000	    0.032	    0.003	    0.019	    0.016	    0.098
    0.000	    0.032	    0.003	    0.020	    0.016	    0.099
    0.000	    0.275	    0.008	    0.020	    0.019	    0.350
    0.000	    0.276	    0.008	    0.019	    0.019	    0.350
    0.000	    0.274	    0.007	    0.019	    0.019	    0.347
    0.000	    0.273	    0.007	    0.019	    0.019	    0.346
    0.000	    0.275	    0.007	    0.019	    0.019	    0.349
    0.000	    0.273	    0.007	    0.019	    0.019	    0.346
    0.000	    0.275	    0.007	    0.019	    0.019	    0.351
    0.000	    0.275	    0.007	    0.019	    0.019	    0.349
    0.000	    0.275	    0.007	    0.019	    0.019	    0.349
    0.000	    0.275	    0.008	    0.019	    0.019	    0.351
    0.000	    0.472	    0.013	    0.019	    0.025	    0.557
    0.000	    0.474	    0.013	    0.019	    0.024	    0.558
    0.000	    0.475	    0.013	    0.019	    0.025	    0.560
    0.000	    0.470	    0.013	    0.019	    0.025	    0.555
    0.000	    0.473	    0.013	    0.019	    0.025	    0.560
    0.000	    0.473	    0.013	    0.019	    0.025	    0.558
    0.000	    0.473	    0.013	    0.019	    0.025	    0.560
    0.000	    0.471	    0.013	    0.019	    0.025	    0.557
    0.000	    0.469	    0.013	    0.019	    0.024	    0.553
    0.000	    0.466	    0.013	    0.019	    0.024	    0.552
    0.000	    0.780	    0.024	    0.019	    0.025	    0.876
    0.000	    0.788	    0.024	    0.019	    0.025	    0.885
    0.000	    0.779	    0.025	    0.019	    0.025	    0.876
    0.000	    0.782	    0.024	    0.019	    0.025	    0.882
    0.000	    0.778	    0.025	    0.019	    0.025	    0.875
    0.000	    0.784	    0.025	    0.019	    0.025	    0.882
    0.000	    0.797	    0.025	    0.019	    0.025	    0.896
    0.000	    0.792	    0.024	    0.019	    0.025	    0.888
    0.000	    0.788	    0.025	    0.019	    0.025	    0.886
    0.000	    0.798	    0.025	    0.019	    0.025	    0.896
    0.000	    1.322	    0.055	    0.019	    0.047	    1.469
    0.000	    1.317	    0.055	    0.019	    0.047	    1.465
    0.000	    1.326	    0.055	    0.019	    0.045	    1.474
    0.000	    1.325	    0.055	    0.019	    0.047	    1.477
    0.000	    1.316	    0.054	    0.018	    0.047	    1.466
    0.000	    1.346	    0.055	    0.019	    0.045	    1.493
    0.000	    1.328	    0.055	    0.019	    0.047	    1.480
    0.000	    1.315	    0.055	    0.019	    0.047	    1.464
    0.000	    1.321	    0.055	    0.019	    0.047	    1.470
    0.000	    1.348	    0.056	    0.019	    0.047	    1.500
