4 var
451.940983	95.919418	713.202431	2.263058	
336.609810	108.070957	713.202431	47.890171	
783.620167	96.350731	751.728184	66.897728	
376.033989	503.159698	910.505768	73.955467	
434.753662	688.642822	713.202431	316.056679	

3 var
110.351585	46.644886	695.204433	
110.351585	254.206577	695.204433	
532.925217	394.262417	695.204433	
186.890774	282.163540	656.344322	
367.114685	494.900928	656.344322	

2 var
8.057320	9.869415	
186.890774	7.060951	
289.338894	14.263527	
435.083759	65.584705	
469.799828	230.627506	

1 var
7.031078	
4.484947	
4.484947	
13.922489	
106.555145	
