4 var
uvel:248.497253 MB	vvel:105.654991 MB	temp:44.878754 MB	wvel:3.372936 MB	
uvel:48.892109 MB	vvel:27.754929 MB	temp:44.862057 MB	wvel:0.911488 MB	
uvel:144.120499 MB	vvel:171.263008 MB	temp:39.974716 MB	wvel:72.522163 MB	
uvel:30.232346 MB	vvel:26.638237 MB	temp:44.862057 MB	wvel:11.892979 MB	
uvel:430.622585 MB	vvel:126.161827 MB	temp:163.327366 MB	wvel:51.213295 MB	
uvel:81.821533 MB	vvel:25.089764 MB	temp:64.232243 MB	wvel:17.966335 MB	
uvel:254.801044 MB	vvel:763.603004 MB	temp:275.748020 MB	wvel:107.681591 MB	
uvel:48.960770 MB	vvel:162.281235 MB	temp:92.777843 MB	wvel:20.174934 MB	
uvel:230.300564 MB	vvel:1043.061665 MB	temp:91.938023 MB	wvel:480.774765 MB	
uvel:45.913101 MB	vvel:210.861118 MB	temp:44.862057 MB	wvel:90.711040 MB	

3 var
uvel:36.021046 MB	vvel:63.256947 MB	temp:10.637207 MB	
uvel:10.859550 MB	vvel:11.999672 MB	temp:41.523804 MB	
uvel:51.606983 MB	vvel:400.944202 MB	temp:10.637207 MB	
uvel:10.859550 MB	vvel:87.107681 MB	temp:41.523804 MB	
uvel:192.616947 MB	vvel:609.986485 MB	temp:10.637207 MB	
uvel:45.308434 MB	vvel:133.417896 MB	temp:41.523804 MB	
uvel:28.606651 MB	vvel:442.345764 MB	temp:38.444790 MB	
uvel:15.644943 MB	vvel:102.523270 MB	temp:36.380955 MB	
uvel:173.841438 MB	vvel:757.746105 MB	temp:38.444790 MB	
uvel:34.587456 MB	vvel:158.001381 MB	temp:36.380955 MB	

2 var
uvel:4.231110 MB	vvel:8.424408 MB	
uvel:2.224998 MB	vvel:2.314877 MB	
uvel:28.606651 MB	vvel:6.562683 MB	
uvel:15.644943 MB	vvel:1.899258 MB	
uvel:125.670212 MB	vvel:11.647770 MB	
uvel:29.353455 MB	vvel:3.933662 MB	
uvel:221.190193 MB	vvel:49.994125 MB	
uvel:46.747116 MB	vvel:16.725071 MB	
uvel:281.119286 MB	vvel:381.553120 MB	
uvel:56.703590 MB	vvel:85.883163 MB	

1 var
vvel:1.703899 MB	
vvel:1.882446 MB	
vvel:1.251961 MB	
vvel:1.352043 MB	
vvel:2.593651 MB	
vvel:1.352043 MB	
vvel:11.190304 MB	
vvel:3.959400 MB	
vvel:116.791058 MB	
vvel:25.439522 MB	
