4 var
number bins touched :9	14	3	7	
final result: 526 
    0.000	    0.548	    0.051	    0.036	    0.032	    0.707

number bins touched :4	14	3	5	
final result: 249 
    0.000	    0.492	    0.045	    0.037	    0.032	    0.644

number bins touched :16	13	15	9	
final result: 3806 
    0.000	    0.812	    0.076	    0.036	    0.033	    0.995

number bins touched :14	722	25	10	
final result: 18077 
    0.000	    1.529	    0.130	    0.037	    0.033	    1.766

number bins touched :8	749	3	53	
final result: 15661 
    0.000	    1.847	    0.150	    0.036	    0.033	    2.104

3 var
number bins touched :2	6	2	
final result: 119 
    0.000	    0.312	    0.027	    0.028	    0.032	    0.432

number bins touched :2	664	2	
final result: 791 
    0.000	    0.760	    0.058	    0.027	    0.032	    0.913

number bins touched :6	707	2	
final result: 3241 
    0.000	    1.157	    0.088	    0.028	    0.033	    1.338

number bins touched :2	690	1	
final result: 0 
    0.000	    0.903	    0.063	    0.027	    0.032	    1.058

number bins touched :6	720	1	
final result: 0 
    0.000	    1.158	    0.090	    0.028	    0.032	    1.341

2 var
number bins touched :2	1	
final result: 7599 
    0.000	    0.019	    0.002	    0.018	    0.033	    0.104

number bins touched :2	1	
final result: 1881 
    0.000	    0.071	    0.007	    0.018	    0.033	    0.156

number bins touched :6	2	
final result: 7899 
    0.000	    0.118	    0.013	    0.018	    0.033	    0.209

number bins touched :12	15	
final result: 238396 
    0.000	    0.229	    0.026	    0.018	    0.037	    0.337

number bins touched :22	678	
final result: 852023 
    0.000	    0.749	    0.058	    0.018	    0.042	    0.895

bin overlapped results:

4 var
9	14	3	7	|	9	14	3	7	

4	14	3	5	|	4	14	3	5	

16	13	15	9	|	16	13	15	9	

14	722	25	10	|	14	722	25	10	

8	749	3	53	|	8	749	3	53	

3 var
2	6	2	|	2	6	2	

2	664	2	|	2	664	2	

6	707	2	|	6	707	2	

2	690	1	|	2	690	1	

6	720	1	|	6	720	1	

2 var
2	1	|	2	1	

2	1	|	2	1	

6	2	|	6	2	

12	15	|	12	15	

22	678	|	22	678	

block overlapped resutls: 
4 var
118473617	25144700	186961738	593247	||	925576	196443	1460639	4635	|	906485	195129	1440728	4629	

88240242	28330153	186961738	12554121	||	689377	221330	1460639	98080	|	689290	221264	1460471	98076	

205421325	25257766	197061033	17536838	||	1604855	197327	1539540	137007	|	1604663	197315	1539345	136999	

98575054	131900296	238683624	19386982	||	770118	1030472	1864716	151461	|	770105	1029988	1864682	151452	

113968064	180523584	186961738	82852362	||	890376	1410341	1460639	647285	|	890369	1409834	1460634	647233	

3 var
28928006	12227677	182243671	||	226001	95529	1423779	|	226000	95508	1423578	

28928006	66638729	182243671	||	226001	520616	1423779	|	226000	520157	1423580	

139703148	103353527	182243671	||	1091431	807450	1423779	|	1091426	806982	1423778	

48992295	73967479	172056726	||	382753	577871	1344194	|	382752	577416	1344147	

96236912	129735309	172056726	||	751851	1013558	1344194	|	751846	1013079	1344193	

2 var
2112178	2587208	||	16502	20213	|	16501	20171	

48992295	1850986	||	382753	14461	|	381732	14461	

75848455	3739098	||	592567	29212	|	592562	29211	

114054597	17192637	||	891052	134318	|	890977	134304	

123155206	60457617	||	962151	472326	|	962130	471883	

