4 var
    1.593
    1.600
    1.590
    1.599
    1.599
    1.589
    1.598
    1.599
    1.592
    1.599

    1.502
    1.518
    1.518
    1.518
    1.518
    1.518
    1.501
    1.511
    1.518
    1.518

    2.249
    2.250
    2.281
    2.267
    2.267
    2.278
    2.267
    2.267
    2.262
    2.278

    2.664
    2.664
    2.635
    2.664
    2.664
    2.664
    2.664
    2.664
    2.664
    2.664

    3.052
    3.052
    3.054
    3.053
    3.054
    3.054
    3.053
    3.025
    3.054
    3.057

3 var
    0.984
    0.984
    0.984
    0.981
    0.984
    0.979
    0.980
    0.976
    0.983
    0.984

    1.313
    1.313
    1.310
    1.313
    1.309
    1.306
    1.313
    1.313
    1.313
    1.306

    2.123
    2.110
    2.112
    2.113
    2.113
    2.124
    2.101
    2.113
    2.123
    2.124

    1.372
    1.379
    1.374
    1.378
    1.372
    1.378
    1.374
    1.373
    1.368
    1.378

    2.008
    2.031
    2.018
    2.031
    2.031
    2.031
    2.034
    2.032
    2.032
    2.032

2 var
    0.031
    0.031
    0.031
    0.031
    0.031
    0.031
    0.031
    0.031
    0.031
    0.032

    0.278
    0.278
    0.279
    0.279
    0.279
    0.278
    0.276
    0.278
    0.279
    0.279

    0.478
    0.475
    0.478
    0.478
    0.478
    0.475
    0.478
    0.478
    0.478
    0.475

    0.799
    0.799
    0.799
    0.793
    0.799
    0.798
    0.799
    0.799
    0.799
    0.799

    1.106
    1.106
    1.106
    1.106
    1.097
    1.106
    1.106
    1.097
    1.097
    1.106

