4 var
uvel[50,69]: 42.927%|vvel[13,23]: 8.78599%|temp[680,740]: 5.97333%|wvel[45,48]: 0.0650872%|
final selectivity : 0.000345707%

uvel[50,64]: 40.0139%|vvel[-8.9,19]: 78.8176%|temp[690,750]: 34.2554%|wvel[-10,-11]: 0%|
final selectivity : 0%

uvel[42,80]: 75.6164%|vvel[3,5]: 8.66508%|temp[750,1400]: 43.7581%|wvel[10,14]: 6.06821%|
final selectivity : 0.104359%

uvel[21,95]: 94.3913%|vvel[-15,27]: 90.6179%|temp[720,750]: 31.672%|wvel[6.3,15]: 18.325%|
final selectivity : 5.7819%

uvel[53,93]: 30.6427%|vvel[-5.7,4.2]: 48.7732%|temp[680,1900]: 88.0799%|wvel[3.7,5.7]: 6.79919%|
final selectivity : 1.03153%

3 var
uvel[47,48]: 4.58859%|vvel[-2.8,3.2]: 33.4061%|temp[750,760]: 34.1402%|
final selectivity : 1.32477%

uvel[22,43]: 18.3367%|vvel[-28,230]: 99.4767%|temp[750,760]: 34.1402%|
final selectivity : 5.87556%

uvel[42,54]: 52.0435%|vvel[-4.9,4.4]: 46.8656%|temp[730,740]: 1.67356%|
final selectivity : 0.162448%

uvel[33,66]: 81.5635%|vvel[-13,7.1]: 70.1839%|temp[750,760]: 34.1402%|
final selectivity : 31.609%

uvel[38,49]: 30.9496%|vvel[-8.6,20]: 79.0055%|temp[750,760]: 34.1402%|
final selectivity : 13.848%

2 var
uvel[57,58]: 1.65885%|vvel[5.3,5.4]: 0.277602%|
final selectivity : 0.00423193%
uvel[25,54]: 67.2051%|vvel[-3,-2.9]: 0.400509%|
final selectivity : 0.316808%
uvel[37,47]: 22.7204%|vvel[2.8,2.9]: 0.558138%|
final selectivity : 0.143251%
uvel[19,130]: 95.8326%|vvel[11,23]: 11.1741%|
final selectivity : 10.2807%
uvel[29,59]: 76.896%|vvel[-18,-14]: 1.80218%|
final selectivity : 1.124%
