desc: --massif-out-file=/home/xzou2/alac_fastbit_comp/alac_multi_engine/script/exp_results/mem_trace/wah_s3d/epd_4var_.1.out
cmd: /home/xzou2/wah_integration/icde/benchmark/intersection/query ewah 4 uvel 661 677 vvel 792 805 temp 13 28 wvel 837 846
time_unit: i
#-----------
snapshot=0
#-----------
time=0
mem_heap_B=0
mem_heap_extra_B=0
mem_stacks_B=0
heap_tree=empty
#-----------
snapshot=1
#-----------
time=554068265
mem_heap_B=454771404
mem_heap_extra_B=177972
mem_stacks_B=0
heap_tree=detailed
n4: 454771404 (heap allocation functions) malloc/new/new[], --alloc-fns, etc.
 n1: 419932684 0x406B2B: std::vector<unsigned int, std::allocator<unsigned int> >::_M_fill_insert(__gnu_cxx::__normal_iterator<unsigned int*, std::vector<unsigned int, std::allocator<unsigned int> > >, unsigned long, unsigned int const&) (new_allocator.h:89)
  n1: 419932684 0x40A24B: void query_index<ewah_bitmap>(int, char**) (stl_vector.h:851)
   n0: 419932684 0x4039A0: main (query.cpp:132)
 n1: 23566724 0x4050E7: std::vector<unsigned int, std::allocator<unsigned int> >::reserve(unsigned long) (new_allocator.h:89)
  n1: 23566724 0x406EAB: EWAHBoolArray<unsigned int>::logicalor(EWAHBoolArray<unsigned int>&, EWAHBoolArray<unsigned int>&) (ewah.h:1344)
   n1: 23566724 0x409E6F: void query_index<ewah_bitmap>(int, char**) (bitmap-interface.h:171)
    n0: 23566724 0x4039A0: main (query.cpp:132)
 n1: 11133352 0x409D5B: void query_index<ewah_bitmap>(int, char**) (new_allocator.h:89)
  n0: 11133352 0x4039A0: main (query.cpp:132)
 n0: 138644 in 17 places, all below massif's threshold (01.00%)
#-----------
snapshot=2
#-----------
time=1195467778
mem_heap_B=486316212
mem_heap_extra_B=176460
mem_stacks_B=0
heap_tree=detailed
n4: 486316212 (heap allocation functions) malloc/new/new[], --alloc-fns, etc.
 n1: 405616840 0x406B2B: std::vector<unsigned int, std::allocator<unsigned int> >::_M_fill_insert(__gnu_cxx::__normal_iterator<unsigned int*, std::vector<unsigned int, std::allocator<unsigned int> > >, unsigned long, unsigned int const&) (new_allocator.h:89)
  n1: 405616840 0x40A24B: void query_index<ewah_bitmap>(int, char**) (stl_vector.h:851)
   n0: 405616840 0x4039A0: main (query.cpp:132)
 n1: 51929040 0x4050E7: std::vector<unsigned int, std::allocator<unsigned int> >::reserve(unsigned long) (new_allocator.h:89)
  n1: 51929040 0x406EAB: EWAHBoolArray<unsigned int>::logicalor(EWAHBoolArray<unsigned int>&, EWAHBoolArray<unsigned int>&) (ewah.h:1344)
   n1: 51929040 0x409E6F: void query_index<ewah_bitmap>(int, char**) (bitmap-interface.h:171)
    n0: 51929040 0x4039A0: main (query.cpp:132)
 n2: 28632008 0x404DF1: std::vector<unsigned int, std::allocator<unsigned int> >::_M_insert_aux(__gnu_cxx::__normal_iterator<unsigned int*, std::vector<unsigned int, std::allocator<unsigned int> > >, unsigned int const&) (vector.tcc:322)
  n1: 28631688 0x4058CD: EWAHBoolArray<unsigned int>::addStreamOfEmptyWords(bool, unsigned long) (ewah.h:1169)
   n1: 28631688 0x405A02: EWAHBoolArray<unsigned int>::padWithZeroes(unsigned long) (ewah.h:938)
    n1: 28631688 0x40760C: EWAHBoolArray<unsigned int>::logicalor(EWAHBoolArray<unsigned int>&, EWAHBoolArray<unsigned int>&) (ewah.h:63)
     n1: 28631688 0x409E6F: void query_index<ewah_bitmap>(int, char**) (bitmap-interface.h:171)
      n0: 28631688 0x4039A0: main (query.cpp:132)
  n0: 320 in 1 place, below massif's threshold (01.00%)
 n0: 138324 in 17 places, all below massif's threshold (01.00%)
#-----------
snapshot=3
#-----------
time=1983571867
mem_heap_B=462749484
mem_heap_extra_B=174836
mem_stacks_B=0
heap_tree=empty
#-----------
snapshot=4
#-----------
time=1988759796
mem_heap_B=511282568
mem_heap_extra_B=179320
mem_stacks_B=0
heap_tree=detailed
n4: 511282568 (heap allocation functions) malloc/new/new[], --alloc-fns, etc.
 n1: 389808052 0x406B2B: std::vector<unsigned int, std::allocator<unsigned int> >::_M_fill_insert(__gnu_cxx::__normal_iterator<unsigned int*, std::vector<unsigned int, std::allocator<unsigned int> > >, unsigned long, unsigned int const&) (new_allocator.h:89)
  n1: 389808052 0x40A24B: void query_index<ewah_bitmap>(int, char**) (stl_vector.h:851)
   n0: 389808052 0x4039A0: main (query.cpp:132)
 n1: 61086608 0x4050E7: std::vector<unsigned int, std::allocator<unsigned int> >::reserve(unsigned long) (new_allocator.h:89)
  n1: 61086608 0x406EAB: EWAHBoolArray<unsigned int>::logicalor(EWAHBoolArray<unsigned int>&, EWAHBoolArray<unsigned int>&) (ewah.h:1344)
   n1: 61086608 0x409E6F: void query_index<ewah_bitmap>(int, char**) (bitmap-interface.h:171)
    n0: 61086608 0x4039A0: main (query.cpp:132)
 n2: 60249584 0x404DF1: std::vector<unsigned int, std::allocator<unsigned int> >::_M_insert_aux(__gnu_cxx::__normal_iterator<unsigned int*, std::vector<unsigned int, std::allocator<unsigned int> > >, unsigned int const&) (vector.tcc:322)
  n1: 60249264 0x4058CD: EWAHBoolArray<unsigned int>::addStreamOfEmptyWords(bool, unsigned long) (ewah.h:1169)
   n1: 60249264 0x405A02: EWAHBoolArray<unsigned int>::padWithZeroes(unsigned long) (ewah.h:938)
    n1: 60249264 0x40760C: EWAHBoolArray<unsigned int>::logicalor(EWAHBoolArray<unsigned int>&, EWAHBoolArray<unsigned int>&) (ewah.h:63)
     n1: 60249264 0x409E6F: void query_index<ewah_bitmap>(int, char**) (bitmap-interface.h:171)
      n0: 60249264 0x4039A0: main (query.cpp:132)
  n0: 320 in 1 place, below massif's threshold (01.00%)
 n0: 138324 in 17 places, all below massif's threshold (01.00%)
#-----------
snapshot=5
#-----------
time=2906627684
mem_heap_B=482920248
mem_heap_extra_B=176872
mem_stacks_B=0
heap_tree=empty
#-----------
snapshot=6
#-----------
time=2912175425
mem_heap_B=535738512
mem_heap_extra_B=176496
mem_stacks_B=0
heap_tree=detailed
n4: 535738512 (heap allocation functions) malloc/new/new[], --alloc-fns, etc.
 n1: 372902620 0x406B2B: std::vector<unsigned int, std::allocator<unsigned int> >::_M_fill_insert(__gnu_cxx::__normal_iterator<unsigned int*, std::vector<unsigned int, std::allocator<unsigned int> > >, unsigned long, unsigned int const&) (new_allocator.h:89)
  n1: 372902620 0x40A24B: void query_index<ewah_bitmap>(int, char**) (stl_vector.h:851)
   n0: 372902620 0x4039A0: main (query.cpp:132)
 n2: 94060448 0x404DF1: std::vector<unsigned int, std::allocator<unsigned int> >::_M_insert_aux(__gnu_cxx::__normal_iterator<unsigned int*, std::vector<unsigned int, std::allocator<unsigned int> > >, unsigned int const&) (vector.tcc:322)
  n1: 94060128 0x4058CD: EWAHBoolArray<unsigned int>::addStreamOfEmptyWords(bool, unsigned long) (ewah.h:1169)
   n1: 94060128 0x405A02: EWAHBoolArray<unsigned int>::padWithZeroes(unsigned long) (ewah.h:938)
    n1: 94060128 0x40760C: EWAHBoolArray<unsigned int>::logicalor(EWAHBoolArray<unsigned int>&, EWAHBoolArray<unsigned int>&) (ewah.h:63)
     n1: 94060128 0x409E6F: void query_index<ewah_bitmap>(int, char**) (bitmap-interface.h:171)
      n0: 94060128 0x4039A0: main (query.cpp:132)
  n0: 320 in 1 place, below massif's threshold (01.00%)
 n1: 68637120 0x4050E7: std::vector<unsigned int, std::allocator<unsigned int> >::reserve(unsigned long) (new_allocator.h:89)
  n1: 68637120 0x406EAB: EWAHBoolArray<unsigned int>::logicalor(EWAHBoolArray<unsigned int>&, EWAHBoolArray<unsigned int>&) (ewah.h:1344)
   n1: 68637120 0x409E6F: void query_index<ewah_bitmap>(int, char**) (bitmap-interface.h:171)
    n0: 68637120 0x4039A0: main (query.cpp:132)
 n0: 138324 in 17 places, all below massif's threshold (01.00%)
#-----------
snapshot=7
#-----------
time=3920498870
mem_heap_B=503014216
mem_heap_extra_B=173784
mem_stacks_B=0
heap_tree=empty
#-----------
snapshot=8
#-----------
time=3925666802
mem_heap_B=554725472
mem_heap_extra_B=178592
mem_stacks_B=0
heap_tree=detailed
n4: 554725472 (heap allocation functions) malloc/new/new[], --alloc-fns, etc.
 n1: 357154668 0x406B2B: std::vector<unsigned int, std::allocator<unsigned int> >::_M_fill_insert(__gnu_cxx::__normal_iterator<unsigned int*, std::vector<unsigned int, std::allocator<unsigned int> > >, unsigned long, unsigned int const&) (new_allocator.h:89)
  n1: 357154668 0x40A24B: void query_index<ewah_bitmap>(int, char**) (stl_vector.h:851)
   n0: 357154668 0x4039A0: main (query.cpp:132)
 n2: 125556352 0x404DF1: std::vector<unsigned int, std::allocator<unsigned int> >::_M_insert_aux(__gnu_cxx::__normal_iterator<unsigned int*, std::vector<unsigned int, std::allocator<unsigned int> > >, unsigned int const&) (vector.tcc:322)
  n1: 125556032 0x4058CD: EWAHBoolArray<unsigned int>::addStreamOfEmptyWords(bool, unsigned long) (ewah.h:1169)
   n1: 125556032 0x405A02: EWAHBoolArray<unsigned int>::padWithZeroes(unsigned long) (ewah.h:938)
    n1: 125556032 0x40760C: EWAHBoolArray<unsigned int>::logicalor(EWAHBoolArray<unsigned int>&, EWAHBoolArray<unsigned int>&) (ewah.h:63)
     n1: 125556032 0x409E6F: void query_index<ewah_bitmap>(int, char**) (bitmap-interface.h:171)
      n0: 125556032 0x4039A0: main (query.cpp:132)
  n0: 320 in 1 place, below massif's threshold (01.00%)
 n1: 71876128 0x4050E7: std::vector<unsigned int, std::allocator<unsigned int> >::reserve(unsigned long) (new_allocator.h:89)
  n1: 71876128 0x406EAB: EWAHBoolArray<unsigned int>::logicalor(EWAHBoolArray<unsigned int>&, EWAHBoolArray<unsigned int>&) (ewah.h:1344)
   n1: 71876128 0x409E6F: void query_index<ewah_bitmap>(int, char**) (bitmap-interface.h:171)
    n0: 71876128 0x4039A0: main (query.cpp:132)
 n0: 138324 in 17 places, all below massif's threshold (01.00%)
#-----------
snapshot=9
#-----------
time=4909163132
mem_heap_B=518812640
mem_heap_extra_B=177728
mem_stacks_B=0
heap_tree=empty
#-----------
snapshot=10
#-----------
time=4913362215
mem_heap_B=563568404
mem_heap_extra_B=178924
mem_stacks_B=0
heap_tree=detailed
n4: 563568404 (heap allocation functions) malloc/new/new[], --alloc-fns, etc.
 n1: 344359504 0x406B2B: std::vector<unsigned int, std::allocator<unsigned int> >::_M_fill_insert(__gnu_cxx::__normal_iterator<unsigned int*, std::vector<unsigned int, std::allocator<unsigned int> > >, unsigned long, unsigned int const&) (new_allocator.h:89)
  n1: 344359504 0x40A24B: void query_index<ewah_bitmap>(int, char**) (stl_vector.h:851)
   n0: 344359504 0x4039A0: main (query.cpp:132)
 n2: 151146680 0x404DF1: std::vector<unsigned int, std::allocator<unsigned int> >::_M_insert_aux(__gnu_cxx::__normal_iterator<unsigned int*, std::vector<unsigned int, std::allocator<unsigned int> > >, unsigned int const&) (vector.tcc:322)
  n1: 151146360 0x4058CD: EWAHBoolArray<unsigned int>::addStreamOfEmptyWords(bool, unsigned long) (ewah.h:1169)
   n1: 151146360 0x405A02: EWAHBoolArray<unsigned int>::padWithZeroes(unsigned long) (ewah.h:938)
    n1: 151146360 0x40760C: EWAHBoolArray<unsigned int>::logicalor(EWAHBoolArray<unsigned int>&, EWAHBoolArray<unsigned int>&) (ewah.h:63)
     n1: 151146360 0x409E6F: void query_index<ewah_bitmap>(int, char**) (bitmap-interface.h:171)
      n0: 151146360 0x4039A0: main (query.cpp:132)
  n0: 320 in 1 place, below massif's threshold (01.00%)
 n1: 67923896 0x4050E7: std::vector<unsigned int, std::allocator<unsigned int> >::reserve(unsigned long) (new_allocator.h:89)
  n1: 67923896 0x406EAB: EWAHBoolArray<unsigned int>::logicalor(EWAHBoolArray<unsigned int>&, EWAHBoolArray<unsigned int>&) (ewah.h:1344)
   n1: 67923896 0x409E6F: void query_index<ewah_bitmap>(int, char**) (bitmap-interface.h:171)
    n0: 67923896 0x4039A0: main (query.cpp:132)
 n0: 138324 in 17 places, all below massif's threshold (01.00%)
#-----------
snapshot=11
#-----------
time=5795889864
mem_heap_B=527605100
mem_heap_extra_B=175284
mem_stacks_B=0
heap_tree=empty
#-----------
snapshot=12
#-----------
time=5799297348
mem_heap_B=537988608
mem_heap_extra_B=175160
mem_stacks_B=0
heap_tree=empty
#-----------
snapshot=13
#-----------
time=6595179732
mem_heap_B=534219588
mem_heap_extra_B=175836
mem_stacks_B=0
heap_tree=empty
#-----------
snapshot=14
#-----------
time=6598202500
mem_heap_B=569814332
mem_heap_extra_B=179396
mem_stacks_B=0
heap_tree=detailed
n4: 569814332 (heap allocation functions) malloc/new/new[], --alloc-fns, etc.
 n1: 324765720 0x406B2B: std::vector<unsigned int, std::allocator<unsigned int> >::_M_fill_insert(__gnu_cxx::__normal_iterator<unsigned int*, std::vector<unsigned int, std::allocator<unsigned int> > >, unsigned long, unsigned int const&) (new_allocator.h:89)
  n1: 324765720 0x40A24B: void query_index<ewah_bitmap>(int, char**) (stl_vector.h:851)
   n0: 324765720 0x4039A0: main (query.cpp:132)
 n2: 190334248 0x404DF1: std::vector<unsigned int, std::allocator<unsigned int> >::_M_insert_aux(__gnu_cxx::__normal_iterator<unsigned int*, std::vector<unsigned int, std::allocator<unsigned int> > >, unsigned int const&) (vector.tcc:322)
  n1: 190333928 0x4058CD: EWAHBoolArray<unsigned int>::addStreamOfEmptyWords(bool, unsigned long) (ewah.h:1169)
   n1: 190333928 0x405A02: EWAHBoolArray<unsigned int>::padWithZeroes(unsigned long) (ewah.h:938)
    n1: 190333928 0x40760C: EWAHBoolArray<unsigned int>::logicalor(EWAHBoolArray<unsigned int>&, EWAHBoolArray<unsigned int>&) (ewah.h:63)
     n1: 190333928 0x409E6F: void query_index<ewah_bitmap>(int, char**) (bitmap-interface.h:171)
      n0: 190333928 0x4039A0: main (query.cpp:132)
  n0: 320 in 1 place, below massif's threshold (01.00%)
 n1: 54576040 0x4050E7: std::vector<unsigned int, std::allocator<unsigned int> >::reserve(unsigned long) (new_allocator.h:89)
  n1: 54576040 0x406EAB: EWAHBoolArray<unsigned int>::logicalor(EWAHBoolArray<unsigned int>&, EWAHBoolArray<unsigned int>&) (ewah.h:1344)
   n1: 54576040 0x409E6F: void query_index<ewah_bitmap>(int, char**) (bitmap-interface.h:171)
    n0: 54576040 0x4039A0: main (query.cpp:132)
 n0: 138324 in 17 places, all below massif's threshold (01.00%)
#-----------
snapshot=15
#-----------
time=7349970647
mem_heap_B=541622748
mem_heap_extra_B=178244
mem_stacks_B=0
heap_tree=empty
#-----------
snapshot=16
#-----------
time=8066214272
mem_heap_B=548424892
mem_heap_extra_B=179556
mem_stacks_B=0
heap_tree=empty
#-----------
snapshot=17
#-----------
time=8746756883
mem_heap_B=554056128
mem_heap_extra_B=176224
mem_stacks_B=0
heap_tree=empty
#-----------
snapshot=18
#-----------
time=9407836406
mem_heap_B=560810796
mem_heap_extra_B=179956
mem_stacks_B=0
heap_tree=empty
#-----------
snapshot=19
#-----------
time=10021537953
mem_heap_B=564493900
mem_heap_extra_B=179156
mem_stacks_B=0
heap_tree=empty
#-----------
snapshot=20
#-----------
time=10597991407
mem_heap_B=567885940
mem_heap_extra_B=178604
mem_stacks_B=0
heap_tree=empty
#-----------
snapshot=21
#-----------
time=11144809654
mem_heap_B=570913136
mem_heap_extra_B=178352
mem_stacks_B=0
heap_tree=empty
#-----------
snapshot=22
#-----------
time=11667280450
mem_heap_B=573437176
mem_heap_extra_B=177416
mem_stacks_B=0
heap_tree=empty
#-----------
snapshot=23
#-----------
time=12168583143
mem_heap_B=575391460
mem_heap_extra_B=180124
mem_stacks_B=0
heap_tree=empty
#-----------
snapshot=24
#-----------
time=12639784633
mem_heap_B=608557452
mem_heap_extra_B=183428
mem_stacks_B=0
heap_tree=detailed
n5: 608557452 (heap allocation functions) malloc/new/new[], --alloc-fns, etc.
 n2: 293076936 0x404DF1: std::vector<unsigned int, std::allocator<unsigned int> >::_M_insert_aux(__gnu_cxx::__normal_iterator<unsigned int*, std::vector<unsigned int, std::allocator<unsigned int> > >, unsigned int const&) (vector.tcc:322)
  n1: 293076616 0x4058CD: EWAHBoolArray<unsigned int>::addStreamOfEmptyWords(bool, unsigned long) (ewah.h:1169)
   n1: 293076616 0x405A02: EWAHBoolArray<unsigned int>::padWithZeroes(unsigned long) (ewah.h:938)
    n2: 293076616 0x40760C: EWAHBoolArray<unsigned int>::logicalor(EWAHBoolArray<unsigned int>&, EWAHBoolArray<unsigned int>&) (ewah.h:63)
     n1: 279766712 0x409E6F: void query_index<ewah_bitmap>(int, char**) (bitmap-interface.h:171)
      n0: 279766712 0x4039A0: main (query.cpp:132)
     n1: 13309904 0x40A49F: void query_index<ewah_bitmap>(int, char**) (bitmap-interface.h:171)
      n0: 13309904 0x4039A0: main (query.cpp:132)
  n0: 320 in 1 place, below massif's threshold (01.00%)
 n1: 273394376 0x406B2B: std::vector<unsigned int, std::allocator<unsigned int> >::_M_fill_insert(__gnu_cxx::__normal_iterator<unsigned int*, std::vector<unsigned int, std::allocator<unsigned int> > >, unsigned long, unsigned int const&) (new_allocator.h:89)
  n1: 273394376 0x40A24B: void query_index<ewah_bitmap>(int, char**) (stl_vector.h:851)
   n0: 273394376 0x4039A0: main (query.cpp:132)
 n1: 29883792 0x4050E7: std::vector<unsigned int, std::allocator<unsigned int> >::reserve(unsigned long) (new_allocator.h:89)
  n2: 29883792 0x406EAB: EWAHBoolArray<unsigned int>::logicalor(EWAHBoolArray<unsigned int>&, EWAHBoolArray<unsigned int>&) (ewah.h:1344)
   n1: 29883792 0x40A49F: void query_index<ewah_bitmap>(int, char**) (bitmap-interface.h:171)
    n0: 29883792 0x4039A0: main (query.cpp:132)
   n0: 0 in 1 place, below massif's threshold (01.00%)
 n1: 12064028 0x4056AF: std::vector<unsigned int, std::allocator<unsigned int> >::operator=(std::vector<unsigned int, std::allocator<unsigned int> > const&) (new_allocator.h:89)
  n1: 12064028 0x409F37: void query_index<ewah_bitmap>(int, char**) (ewah.h:344)
   n0: 12064028 0x4039A0: main (query.cpp:132)
 n0: 138320 in 19 places, all below massif's threshold (01.00%)
#-----------
snapshot=25
#-----------
time=13164962912
mem_heap_B=594811384
mem_heap_extra_B=183352
mem_stacks_B=0
heap_tree=empty
#-----------
snapshot=26
#-----------
time=13732787212
mem_heap_B=620769300
mem_heap_extra_B=185852
mem_stacks_B=0
heap_tree=detailed
n5: 620769300 (heap allocation functions) malloc/new/new[], --alloc-fns, etc.
 n2: 305743208 0x404DF1: std::vector<unsigned int, std::allocator<unsigned int> >::_M_insert_aux(__gnu_cxx::__normal_iterator<unsigned int*, std::vector<unsigned int, std::allocator<unsigned int> > >, unsigned int const&) (vector.tcc:322)
  n1: 305742888 0x4058CD: EWAHBoolArray<unsigned int>::addStreamOfEmptyWords(bool, unsigned long) (ewah.h:1169)
   n1: 305742888 0x405A02: EWAHBoolArray<unsigned int>::padWithZeroes(unsigned long) (ewah.h:938)
    n2: 305742888 0x40760C: EWAHBoolArray<unsigned int>::logicalor(EWAHBoolArray<unsigned int>&, EWAHBoolArray<unsigned int>&) (ewah.h:63)
     n1: 279766712 0x409E6F: void query_index<ewah_bitmap>(int, char**) (bitmap-interface.h:171)
      n0: 279766712 0x4039A0: main (query.cpp:132)
     n1: 25976176 0x40A49F: void query_index<ewah_bitmap>(int, char**) (bitmap-interface.h:171)
      n0: 25976176 0x4039A0: main (query.cpp:132)
  n0: 320 in 1 place, below massif's threshold (01.00%)
 n1: 267061240 0x406B2B: std::vector<unsigned int, std::allocator<unsigned int> >::_M_fill_insert(__gnu_cxx::__normal_iterator<unsigned int*, std::vector<unsigned int, std::allocator<unsigned int> > >, unsigned long, unsigned int const&) (new_allocator.h:89)
  n1: 267061240 0x40A24B: void query_index<ewah_bitmap>(int, char**) (stl_vector.h:851)
   n0: 267061240 0x4039A0: main (query.cpp:132)
 n1: 35762504 0x4050E7: std::vector<unsigned int, std::allocator<unsigned int> >::reserve(unsigned long) (new_allocator.h:89)
  n2: 35762504 0x406EAB: EWAHBoolArray<unsigned int>::logicalor(EWAHBoolArray<unsigned int>&, EWAHBoolArray<unsigned int>&) (ewah.h:1344)
   n1: 35762504 0x40A49F: void query_index<ewah_bitmap>(int, char**) (bitmap-interface.h:171)
    n0: 35762504 0x4039A0: main (query.cpp:132)
   n0: 0 in 1 place, below massif's threshold (01.00%)
 n1: 12064028 0x4056AF: std::vector<unsigned int, std::allocator<unsigned int> >::operator=(std::vector<unsigned int, std::allocator<unsigned int> > const&) (new_allocator.h:89)
  n1: 12064028 0x409F37: void query_index<ewah_bitmap>(int, char**) (ewah.h:344)
   n0: 12064028 0x4039A0: main (query.cpp:132)
 n0: 138320 in 19 places, all below massif's threshold (01.00%)
#-----------
snapshot=27
#-----------
time=14328609726
mem_heap_B=628433636
mem_heap_extra_B=189228
mem_stacks_B=0
heap_tree=detailed
n5: 628433636 (heap allocation functions) malloc/new/new[], --alloc-fns, etc.
 n2: 318092664 0x404DF1: std::vector<unsigned int, std::allocator<unsigned int> >::_M_insert_aux(__gnu_cxx::__normal_iterator<unsigned int*, std::vector<unsigned int, std::allocator<unsigned int> > >, unsigned int const&) (vector.tcc:322)
  n1: 318092344 0x4058CD: EWAHBoolArray<unsigned int>::addStreamOfEmptyWords(bool, unsigned long) (ewah.h:1169)
   n1: 318092344 0x405A02: EWAHBoolArray<unsigned int>::padWithZeroes(unsigned long) (ewah.h:938)
    n2: 318092344 0x40760C: EWAHBoolArray<unsigned int>::logicalor(EWAHBoolArray<unsigned int>&, EWAHBoolArray<unsigned int>&) (ewah.h:63)
     n1: 279766712 0x409E6F: void query_index<ewah_bitmap>(int, char**) (bitmap-interface.h:171)
      n0: 279766712 0x4039A0: main (query.cpp:132)
     n1: 38325632 0x40A49F: void query_index<ewah_bitmap>(int, char**) (bitmap-interface.h:171)
      n0: 38325632 0x4039A0: main (query.cpp:132)
  n0: 320 in 1 place, below massif's threshold (01.00%)
 n1: 260886512 0x406B2B: std::vector<unsigned int, std::allocator<unsigned int> >::_M_fill_insert(__gnu_cxx::__normal_iterator<unsigned int*, std::vector<unsigned int, std::allocator<unsigned int> > >, unsigned long, unsigned int const&) (new_allocator.h:89)
  n1: 260886512 0x40A24B: void query_index<ewah_bitmap>(int, char**) (stl_vector.h:851)
   n0: 260886512 0x4039A0: main (query.cpp:132)
 n1: 37252112 0x4050E7: std::vector<unsigned int, std::allocator<unsigned int> >::reserve(unsigned long) (new_allocator.h:89)
  n2: 37252112 0x406EAB: EWAHBoolArray<unsigned int>::logicalor(EWAHBoolArray<unsigned int>&, EWAHBoolArray<unsigned int>&) (ewah.h:1344)
   n1: 37252112 0x40A49F: void query_index<ewah_bitmap>(int, char**) (bitmap-interface.h:171)
    n0: 37252112 0x4039A0: main (query.cpp:132)
   n0: 0 in 1 place, below massif's threshold (01.00%)
 n1: 12064028 0x4056AF: std::vector<unsigned int, std::allocator<unsigned int> >::operator=(std::vector<unsigned int, std::allocator<unsigned int> > const&) (new_allocator.h:89)
  n1: 12064028 0x409F37: void query_index<ewah_bitmap>(int, char**) (ewah.h:344)
   n0: 12064028 0x4039A0: main (query.cpp:132)
 n0: 138320 in 19 places, all below massif's threshold (01.00%)
#-----------
snapshot=28
#-----------
time=14943179358
mem_heap_B=610118660
mem_heap_extra_B=186924
mem_stacks_B=0
heap_tree=empty
#-----------
snapshot=29
#-----------
time=15575533924
mem_heap_B=636229940
mem_heap_extra_B=187612
mem_stacks_B=0
heap_tree=detailed
n5: 636229940 (heap allocation functions) malloc/new/new[], --alloc-fns, etc.
 n2: 329827048 0x404DF1: std::vector<unsigned int, std::allocator<unsigned int> >::_M_insert_aux(__gnu_cxx::__normal_iterator<unsigned int*, std::vector<unsigned int, std::allocator<unsigned int> > >, unsigned int const&) (vector.tcc:322)
  n1: 329826728 0x4058CD: EWAHBoolArray<unsigned int>::addStreamOfEmptyWords(bool, unsigned long) (ewah.h:1169)
   n1: 329826728 0x405A02: EWAHBoolArray<unsigned int>::padWithZeroes(unsigned long) (ewah.h:938)
    n2: 329826728 0x40760C: EWAHBoolArray<unsigned int>::logicalor(EWAHBoolArray<unsigned int>&, EWAHBoolArray<unsigned int>&) (ewah.h:63)
     n1: 279766712 0x409E6F: void query_index<ewah_bitmap>(int, char**) (bitmap-interface.h:171)
      n0: 279766712 0x4039A0: main (query.cpp:132)
     n1: 50060016 0x40A49F: void query_index<ewah_bitmap>(int, char**) (bitmap-interface.h:171)
      n0: 50060016 0x4039A0: main (query.cpp:132)
  n0: 320 in 1 place, below massif's threshold (01.00%)
 n1: 255019320 0x406B2B: std::vector<unsigned int, std::allocator<unsigned int> >::_M_fill_insert(__gnu_cxx::__normal_iterator<unsigned int*, std::vector<unsigned int, std::allocator<unsigned int> > >, unsigned long, unsigned int const&) (new_allocator.h:89)
  n1: 255019320 0x40A24B: void query_index<ewah_bitmap>(int, char**) (stl_vector.h:851)
   n0: 255019320 0x4039A0: main (query.cpp:132)
 n1: 39181224 0x4050E7: std::vector<unsigned int, std::allocator<unsigned int> >::reserve(unsigned long) (new_allocator.h:89)
  n2: 39181224 0x406EAB: EWAHBoolArray<unsigned int>::logicalor(EWAHBoolArray<unsigned int>&, EWAHBoolArray<unsigned int>&) (ewah.h:1344)
   n1: 39181224 0x40A49F: void query_index<ewah_bitmap>(int, char**) (bitmap-interface.h:171)
    n0: 39181224 0x4039A0: main (query.cpp:132)
   n0: 0 in 1 place, below massif's threshold (01.00%)
 n1: 12064028 0x4056AF: std::vector<unsigned int, std::allocator<unsigned int> >::operator=(std::vector<unsigned int, std::allocator<unsigned int> > const&) (new_allocator.h:89)
  n1: 12064028 0x409F37: void query_index<ewah_bitmap>(int, char**) (ewah.h:344)
   n0: 12064028 0x4039A0: main (query.cpp:132)
 n0: 138320 in 19 places, all below massif's threshold (01.00%)
#-----------
snapshot=30
#-----------
time=16220746215
mem_heap_B=647308108
mem_heap_extra_B=189124
mem_stacks_B=0
heap_tree=detailed
n5: 647308108 (heap allocation functions) malloc/new/new[], --alloc-fns, etc.
 n2: 345977696 0x404DF1: std::vector<unsigned int, std::allocator<unsigned int> >::_M_insert_aux(__gnu_cxx::__normal_iterator<unsigned int*, std::vector<unsigned int, std::allocator<unsigned int> > >, unsigned int const&) (vector.tcc:322)
  n1: 345977376 0x4058CD: EWAHBoolArray<unsigned int>::addStreamOfEmptyWords(bool, unsigned long) (ewah.h:1169)
   n1: 345977376 0x405A02: EWAHBoolArray<unsigned int>::padWithZeroes(unsigned long) (ewah.h:938)
    n2: 345977376 0x40760C: EWAHBoolArray<unsigned int>::logicalor(EWAHBoolArray<unsigned int>&, EWAHBoolArray<unsigned int>&) (ewah.h:63)
     n1: 279766712 0x409E6F: void query_index<ewah_bitmap>(int, char**) (bitmap-interface.h:171)
      n0: 279766712 0x4039A0: main (query.cpp:132)
     n1: 66210664 0x40A49F: void query_index<ewah_bitmap>(int, char**) (bitmap-interface.h:171)
      n0: 66210664 0x4039A0: main (query.cpp:132)
  n0: 320 in 1 place, below massif's threshold (01.00%)
 n1: 246943996 0x406B2B: std::vector<unsigned int, std::allocator<unsigned int> >::_M_fill_insert(__gnu_cxx::__normal_iterator<unsigned int*, std::vector<unsigned int, std::allocator<unsigned int> > >, unsigned long, unsigned int const&) (new_allocator.h:89)
  n1: 246943996 0x40A24B: void query_index<ewah_bitmap>(int, char**) (stl_vector.h:851)
   n0: 246943996 0x4039A0: main (query.cpp:132)
 n1: 42184068 0x4050E7: std::vector<unsigned int, std::allocator<unsigned int> >::reserve(unsigned long) (new_allocator.h:89)
  n2: 42184068 0x406EAB: EWAHBoolArray<unsigned int>::logicalor(EWAHBoolArray<unsigned int>&, EWAHBoolArray<unsigned int>&) (ewah.h:1344)
   n1: 42184068 0x40A49F: void query_index<ewah_bitmap>(int, char**) (bitmap-interface.h:171)
    n0: 42184068 0x4039A0: main (query.cpp:132)
   n0: 0 in 1 place, below massif's threshold (01.00%)
 n1: 12064028 0x4056AF: std::vector<unsigned int, std::allocator<unsigned int> >::operator=(std::vector<unsigned int, std::allocator<unsigned int> > const&) (new_allocator.h:89)
  n1: 12064028 0x409F37: void query_index<ewah_bitmap>(int, char**) (ewah.h:344)
   n0: 12064028 0x4039A0: main (query.cpp:132)
 n0: 138320 in 19 places, all below massif's threshold (01.00%)
#-----------
snapshot=31
#-----------
time=16907108564
mem_heap_B=658020952
mem_heap_extra_B=187320
mem_stacks_B=0
heap_tree=detailed
n5: 658020952 (heap allocation functions) malloc/new/new[], --alloc-fns, etc.
 n2: 361445592 0x404DF1: std::vector<unsigned int, std::allocator<unsigned int> >::_M_insert_aux(__gnu_cxx::__normal_iterator<unsigned int*, std::vector<unsigned int, std::allocator<unsigned int> > >, unsigned int const&) (vector.tcc:322)
  n1: 361445272 0x4058CD: EWAHBoolArray<unsigned int>::addStreamOfEmptyWords(bool, unsigned long) (ewah.h:1169)
   n1: 361445272 0x405A02: EWAHBoolArray<unsigned int>::padWithZeroes(unsigned long) (ewah.h:938)
    n2: 361445272 0x40760C: EWAHBoolArray<unsigned int>::logicalor(EWAHBoolArray<unsigned int>&, EWAHBoolArray<unsigned int>&) (ewah.h:63)
     n1: 279766712 0x409E6F: void query_index<ewah_bitmap>(int, char**) (bitmap-interface.h:171)
      n0: 279766712 0x4039A0: main (query.cpp:132)
     n1: 81678560 0x40A49F: void query_index<ewah_bitmap>(int, char**) (bitmap-interface.h:171)
      n0: 81678560 0x4039A0: main (query.cpp:132)
  n0: 320 in 1 place, below massif's threshold (01.00%)
 n1: 239210048 0x406B2B: std::vector<unsigned int, std::allocator<unsigned int> >::_M_fill_insert(__gnu_cxx::__normal_iterator<unsigned int*, std::vector<unsigned int, std::allocator<unsigned int> > >, unsigned long, unsigned int const&) (new_allocator.h:89)
  n1: 239210048 0x40A24B: void query_index<ewah_bitmap>(int, char**) (stl_vector.h:851)
   n0: 239210048 0x4039A0: main (query.cpp:132)
 n1: 45162964 0x4050E7: std::vector<unsigned int, std::allocator<unsigned int> >::reserve(unsigned long) (new_allocator.h:89)
  n2: 45162964 0x406EAB: EWAHBoolArray<unsigned int>::logicalor(EWAHBoolArray<unsigned int>&, EWAHBoolArray<unsigned int>&) (ewah.h:1344)
   n1: 45162964 0x40A49F: void query_index<ewah_bitmap>(int, char**) (bitmap-interface.h:171)
    n0: 45162964 0x4039A0: main (query.cpp:132)
   n0: 0 in 1 place, below massif's threshold (01.00%)
 n1: 12064028 0x4056AF: std::vector<unsigned int, std::allocator<unsigned int> >::operator=(std::vector<unsigned int, std::allocator<unsigned int> > const&) (new_allocator.h:89)
  n1: 12064028 0x409F37: void query_index<ewah_bitmap>(int, char**) (ewah.h:344)
   n0: 12064028 0x4039A0: main (query.cpp:132)
 n0: 138320 in 19 places, all below massif's threshold (01.00%)
#-----------
snapshot=32
#-----------
time=17606293163
mem_heap_B=665958420
mem_heap_extra_B=187900
mem_stacks_B=0
heap_tree=detailed
n5: 665958420 (heap allocation functions) malloc/new/new[], --alloc-fns, etc.
 n2: 376273872 0x404DF1: std::vector<unsigned int, std::allocator<unsigned int> >::_M_insert_aux(__gnu_cxx::__normal_iterator<unsigned int*, std::vector<unsigned int, std::allocator<unsigned int> > >, unsigned int const&) (vector.tcc:322)
  n1: 376273552 0x4058CD: EWAHBoolArray<unsigned int>::addStreamOfEmptyWords(bool, unsigned long) (ewah.h:1169)
   n1: 376273552 0x405A02: EWAHBoolArray<unsigned int>::padWithZeroes(unsigned long) (ewah.h:938)
    n2: 376273552 0x40760C: EWAHBoolArray<unsigned int>::logicalor(EWAHBoolArray<unsigned int>&, EWAHBoolArray<unsigned int>&) (ewah.h:63)
     n1: 279766712 0x409E6F: void query_index<ewah_bitmap>(int, char**) (bitmap-interface.h:171)
      n0: 279766712 0x4039A0: main (query.cpp:132)
     n1: 96506840 0x40A49F: void query_index<ewah_bitmap>(int, char**) (bitmap-interface.h:171)
      n0: 96506840 0x4039A0: main (query.cpp:132)
  n0: 320 in 1 place, below massif's threshold (01.00%)
 n1: 231795908 0x406B2B: std::vector<unsigned int, std::allocator<unsigned int> >::_M_fill_insert(__gnu_cxx::__normal_iterator<unsigned int*, std::vector<unsigned int, std::allocator<unsigned int> > >, unsigned long, unsigned int const&) (new_allocator.h:89)
  n1: 231795908 0x40A24B: void query_index<ewah_bitmap>(int, char**) (stl_vector.h:851)
   n0: 231795908 0x4039A0: main (query.cpp:132)
 n1: 45686292 0x4050E7: std::vector<unsigned int, std::allocator<unsigned int> >::reserve(unsigned long) (new_allocator.h:89)
  n2: 45686292 0x406EAB: EWAHBoolArray<unsigned int>::logicalor(EWAHBoolArray<unsigned int>&, EWAHBoolArray<unsigned int>&) (ewah.h:1344)
   n1: 45686292 0x40A49F: void query_index<ewah_bitmap>(int, char**) (bitmap-interface.h:171)
    n0: 45686292 0x4039A0: main (query.cpp:132)
   n0: 0 in 1 place, below massif's threshold (01.00%)
 n1: 12064028 0x4056AF: std::vector<unsigned int, std::allocator<unsigned int> >::operator=(std::vector<unsigned int, std::allocator<unsigned int> > const&) (new_allocator.h:89)
  n1: 12064028 0x409F37: void query_index<ewah_bitmap>(int, char**) (ewah.h:344)
   n0: 12064028 0x4039A0: main (query.cpp:132)
 n0: 138320 in 19 places, all below massif's threshold (01.00%)
#-----------
snapshot=33
#-----------
time=18311376554
mem_heap_B=643208088
mem_heap_extra_B=184984
mem_stacks_B=0
heap_tree=empty
#-----------
snapshot=34
#-----------
time=19021573848
mem_heap_B=643312728
mem_heap_extra_B=186840
mem_stacks_B=0
heap_tree=empty
#-----------
snapshot=35
#-----------
time=19023829012
mem_heap_B=673284240
mem_heap_extra_B=185728
mem_stacks_B=0
heap_tree=detailed
n5: 673284240 (heap allocation functions) malloc/new/new[], --alloc-fns, etc.
 n2: 390015712 0x404DF1: std::vector<unsigned int, std::allocator<unsigned int> >::_M_insert_aux(__gnu_cxx::__normal_iterator<unsigned int*, std::vector<unsigned int, std::allocator<unsigned int> > >, unsigned int const&) (vector.tcc:322)
  n1: 390015392 0x4058CD: EWAHBoolArray<unsigned int>::addStreamOfEmptyWords(bool, unsigned long) (ewah.h:1169)
   n1: 390015392 0x405A02: EWAHBoolArray<unsigned int>::padWithZeroes(unsigned long) (ewah.h:938)
    n2: 390015392 0x40760C: EWAHBoolArray<unsigned int>::logicalor(EWAHBoolArray<unsigned int>&, EWAHBoolArray<unsigned int>&) (ewah.h:63)
     n1: 279766712 0x409E6F: void query_index<ewah_bitmap>(int, char**) (bitmap-interface.h:171)
      n0: 279766712 0x4039A0: main (query.cpp:132)
     n1: 110248680 0x40A49F: void query_index<ewah_bitmap>(int, char**) (bitmap-interface.h:171)
      n0: 110248680 0x4039A0: main (query.cpp:132)
  n0: 320 in 1 place, below massif's threshold (01.00%)
 n1: 224924988 0x406B2B: std::vector<unsigned int, std::allocator<unsigned int> >::_M_fill_insert(__gnu_cxx::__normal_iterator<unsigned int*, std::vector<unsigned int, std::allocator<unsigned int> > >, unsigned long, unsigned int const&) (new_allocator.h:89)
  n1: 224924988 0x40A24B: void query_index<ewah_bitmap>(int, char**) (stl_vector.h:851)
   n0: 224924988 0x4039A0: main (query.cpp:132)
 n1: 46141192 0x4050E7: std::vector<unsigned int, std::allocator<unsigned int> >::reserve(unsigned long) (new_allocator.h:89)
  n2: 46141192 0x406EAB: EWAHBoolArray<unsigned int>::logicalor(EWAHBoolArray<unsigned int>&, EWAHBoolArray<unsigned int>&) (ewah.h:1344)
   n1: 46141192 0x40A49F: void query_index<ewah_bitmap>(int, char**) (bitmap-interface.h:171)
    n0: 46141192 0x4039A0: main (query.cpp:132)
   n0: 0 in 1 place, below massif's threshold (01.00%)
 n1: 12064028 0x4056AF: std::vector<unsigned int, std::allocator<unsigned int> >::operator=(std::vector<unsigned int, std::allocator<unsigned int> > const&) (new_allocator.h:89)
  n1: 12064028 0x409F37: void query_index<ewah_bitmap>(int, char**) (ewah.h:344)
   n0: 12064028 0x4039A0: main (query.cpp:132)
 n0: 138320 in 19 places, all below massif's threshold (01.00%)
#-----------
snapshot=36
#-----------
time=19738033224
mem_heap_B=650243632
mem_heap_extra_B=182272
mem_stacks_B=0
heap_tree=empty
#-----------
snapshot=37
#-----------
time=19740215642
mem_heap_B=680038088
mem_heap_extra_B=182088
mem_stacks_B=0
heap_tree=detailed
n5: 680038088 (heap allocation functions) malloc/new/new[], --alloc-fns, etc.
 n2: 403314144 0x404DF1: std::vector<unsigned int, std::allocator<unsigned int> >::_M_insert_aux(__gnu_cxx::__normal_iterator<unsigned int*, std::vector<unsigned int, std::allocator<unsigned int> > >, unsigned int const&) (vector.tcc:322)
  n1: 403313824 0x4058CD: EWAHBoolArray<unsigned int>::addStreamOfEmptyWords(bool, unsigned long) (ewah.h:1169)
   n1: 403313824 0x405A02: EWAHBoolArray<unsigned int>::padWithZeroes(unsigned long) (ewah.h:938)
    n2: 403313824 0x40760C: EWAHBoolArray<unsigned int>::logicalor(EWAHBoolArray<unsigned int>&, EWAHBoolArray<unsigned int>&) (ewah.h:63)
     n1: 279766712 0x409E6F: void query_index<ewah_bitmap>(int, char**) (bitmap-interface.h:171)
      n0: 279766712 0x4039A0: main (query.cpp:132)
     n1: 123547112 0x40A49F: void query_index<ewah_bitmap>(int, char**) (bitmap-interface.h:171)
      n0: 123547112 0x4039A0: main (query.cpp:132)
  n0: 320 in 1 place, below massif's threshold (01.00%)
 n1: 218275772 0x406B2B: std::vector<unsigned int, std::allocator<unsigned int> >::_M_fill_insert(__gnu_cxx::__normal_iterator<unsigned int*, std::vector<unsigned int, std::allocator<unsigned int> > >, unsigned long, unsigned int const&) (new_allocator.h:89)
  n1: 218275772 0x40A24B: void query_index<ewah_bitmap>(int, char**) (stl_vector.h:851)
   n0: 218275772 0x4039A0: main (query.cpp:132)
 n1: 46245824 0x4050E7: std::vector<unsigned int, std::allocator<unsigned int> >::reserve(unsigned long) (new_allocator.h:89)
  n2: 46245824 0x406EAB: EWAHBoolArray<unsigned int>::logicalor(EWAHBoolArray<unsigned int>&, EWAHBoolArray<unsigned int>&) (ewah.h:1344)
   n1: 46245824 0x40A49F: void query_index<ewah_bitmap>(int, char**) (bitmap-interface.h:171)
    n0: 46245824 0x4039A0: main (query.cpp:132)
   n0: 0 in 1 place, below massif's threshold (01.00%)
 n1: 12064028 0x4056AF: std::vector<unsigned int, std::allocator<unsigned int> >::operator=(std::vector<unsigned int, std::allocator<unsigned int> > const&) (new_allocator.h:89)
  n1: 12064028 0x409F37: void query_index<ewah_bitmap>(int, char**) (ewah.h:344)
   n0: 12064028 0x4039A0: main (query.cpp:132)
 n0: 138320 in 19 places, all below massif's threshold (01.00%)
#-----------
snapshot=38
#-----------
time=20457091834
mem_heap_B=656937496
mem_heap_extra_B=181272
mem_stacks_B=0
heap_tree=empty
#-----------
snapshot=39
#-----------
time=20461050761
mem_heap_B=669001528
mem_heap_extra_B=179984
mem_stacks_B=0
heap_tree=empty
#-----------
snapshot=40
#-----------
time=21208435250
mem_heap_B=661600268
mem_heap_extra_B=179748
mem_stacks_B=0
heap_tree=empty
#-----------
snapshot=41
#-----------
time=21856084111
mem_heap_B=658811684
mem_heap_extra_B=178956
mem_stacks_B=0
heap_tree=empty
#-----------
snapshot=42
#-----------
time=22484785428
mem_heap_B=658549908
mem_heap_extra_B=178588
mem_stacks_B=0
heap_tree=empty
#-----------
snapshot=43
#-----------
time=23108598900
mem_heap_B=658260640
mem_heap_extra_B=181136
mem_stacks_B=0
heap_tree=empty
#-----------
snapshot=44
#-----------
time=23728998760
mem_heap_B=658031500
mem_heap_extra_B=180900
mem_stacks_B=0
heap_tree=empty
#-----------
snapshot=45
#-----------
time=24346185116
mem_heap_B=657854072
mem_heap_extra_B=182200
mem_stacks_B=0
heap_tree=detailed
n4: 657854072 (heap allocation functions) malloc/new/new[], --alloc-fns, etc.
 n2: 403314144 0x404DF1: std::vector<unsigned int, std::allocator<unsigned int> >::_M_insert_aux(__gnu_cxx::__normal_iterator<unsigned int*, std::vector<unsigned int, std::allocator<unsigned int> > >, unsigned int const&) (vector.tcc:322)
  n1: 403313824 0x4058CD: EWAHBoolArray<unsigned int>::addStreamOfEmptyWords(bool, unsigned long) (ewah.h:1169)
   n2: 403313824 0x405A02: EWAHBoolArray<unsigned int>::padWithZeroes(unsigned long) (ewah.h:938)
    n2: 403313824 0x40760C: EWAHBoolArray<unsigned int>::logicalor(EWAHBoolArray<unsigned int>&, EWAHBoolArray<unsigned int>&) (ewah.h:63)
     n1: 279766712 0x409E6F: void query_index<ewah_bitmap>(int, char**) (bitmap-interface.h:171)
      n0: 279766712 0x4039A0: main (query.cpp:132)
     n1: 123547112 0x40A49F: void query_index<ewah_bitmap>(int, char**) (bitmap-interface.h:171)
      n0: 123547112 0x4039A0: main (query.cpp:132)
    n0: 0 in 2 places, all below massif's threshold (01.00%)
  n0: 320 in 1 place, below massif's threshold (01.00%)
 n1: 218275772 0x406B2B: std::vector<unsigned int, std::allocator<unsigned int> >::_M_fill_insert(__gnu_cxx::__normal_iterator<unsigned int*, std::vector<unsigned int, std::allocator<unsigned int> > >, unsigned long, unsigned int const&) (new_allocator.h:89)
  n1: 218275772 0x40A24B: void query_index<ewah_bitmap>(int, char**) (stl_vector.h:851)
   n0: 218275772 0x4039A0: main (query.cpp:132)
 n2: 36125840 0x4050E7: std::vector<unsigned int, std::allocator<unsigned int> >::reserve(unsigned long) (new_allocator.h:89)
  n2: 19399040 0x406EAB: EWAHBoolArray<unsigned int>::logicalor(EWAHBoolArray<unsigned int>&, EWAHBoolArray<unsigned int>&) (ewah.h:1344)
   n1: 19399040 0x40A49F: void query_index<ewah_bitmap>(int, char**) (bitmap-interface.h:171)
    n0: 19399040 0x4039A0: main (query.cpp:132)
   n0: 0 in 1 place, below massif's threshold (01.00%)
  n1: 16726800 0x408E11: EWAHBoolArray<unsigned int>::logicaland(EWAHBoolArray<unsigned int>&, EWAHBoolArray<unsigned int>&) (ewah.h:1445)
   n1: 16726800 0x40A6F5: void query_index<ewah_bitmap>(int, char**) (bitmap-interface.h:178)
    n0: 16726800 0x4039A0: main (query.cpp:132)
 n0: 138316 in 21 places, all below massif's threshold (01.00%)
#-----------
snapshot=46
#-----------
time=24962368277
mem_heap_B=662725804
mem_heap_extra_B=180612
mem_stacks_B=0
heap_tree=empty
#-----------
snapshot=47
#-----------
time=25575982484
mem_heap_B=667476560
mem_heap_extra_B=177120
mem_stacks_B=0
heap_tree=empty
#-----------
snapshot=48
#-----------
time=26187986009
mem_heap_B=694413224
mem_heap_extra_B=179816
mem_stacks_B=0
heap_tree=detailed
n4: 694413224 (heap allocation functions) malloc/new/new[], --alloc-fns, etc.
 n2: 435596792 0x404DF1: std::vector<unsigned int, std::allocator<unsigned int> >::_M_insert_aux(__gnu_cxx::__normal_iterator<unsigned int*, std::vector<unsigned int, std::allocator<unsigned int> > >, unsigned int const&) (vector.tcc:322)
  n1: 435596472 0x4058CD: EWAHBoolArray<unsigned int>::addStreamOfEmptyWords(bool, unsigned long) (ewah.h:1169)
   n2: 435596472 0x405A02: EWAHBoolArray<unsigned int>::padWithZeroes(unsigned long) (ewah.h:938)
    n2: 435596472 0x40760C: EWAHBoolArray<unsigned int>::logicalor(EWAHBoolArray<unsigned int>&, EWAHBoolArray<unsigned int>&) (ewah.h:63)
     n1: 279766712 0x409E6F: void query_index<ewah_bitmap>(int, char**) (bitmap-interface.h:171)
      n0: 279766712 0x4039A0: main (query.cpp:132)
     n1: 155829760 0x40A49F: void query_index<ewah_bitmap>(int, char**) (bitmap-interface.h:171)
      n0: 155829760 0x4039A0: main (query.cpp:132)
    n0: 0 in 2 places, all below massif's threshold (01.00%)
  n0: 320 in 1 place, below massif's threshold (01.00%)
 n1: 202134448 0x406B2B: std::vector<unsigned int, std::allocator<unsigned int> >::_M_fill_insert(__gnu_cxx::__normal_iterator<unsigned int*, std::vector<unsigned int, std::allocator<unsigned int> > >, unsigned long, unsigned int const&) (new_allocator.h:89)
  n1: 202134448 0x40A24B: void query_index<ewah_bitmap>(int, char**) (stl_vector.h:851)
   n0: 202134448 0x4039A0: main (query.cpp:132)
 n2: 56543664 0x4050E7: std::vector<unsigned int, std::allocator<unsigned int> >::reserve(unsigned long) (new_allocator.h:89)
  n2: 39816864 0x406EAB: EWAHBoolArray<unsigned int>::logicalor(EWAHBoolArray<unsigned int>&, EWAHBoolArray<unsigned int>&) (ewah.h:1344)
   n1: 39816864 0x40A49F: void query_index<ewah_bitmap>(int, char**) (bitmap-interface.h:171)
    n0: 39816864 0x4039A0: main (query.cpp:132)
   n0: 0 in 1 place, below massif's threshold (01.00%)
  n1: 16726800 0x408E11: EWAHBoolArray<unsigned int>::logicaland(EWAHBoolArray<unsigned int>&, EWAHBoolArray<unsigned int>&) (ewah.h:1445)
   n1: 16726800 0x40A6F5: void query_index<ewah_bitmap>(int, char**) (bitmap-interface.h:178)
    n0: 16726800 0x4039A0: main (query.cpp:132)
 n0: 138320 in 21 places, all below massif's threshold (01.00%)
#-----------
snapshot=49
#-----------
time=26811523572
mem_heap_B=675308096
mem_heap_extra_B=177136
mem_stacks_B=0
heap_tree=empty
#-----------
snapshot=50
#-----------
time=27432198197
mem_heap_B=675267832
mem_heap_extra_B=176440
mem_stacks_B=0
heap_tree=empty
#-----------
snapshot=51
#-----------
time=28050479280
mem_heap_B=675265112
mem_heap_extra_B=179160
mem_stacks_B=0
heap_tree=empty
#-----------
snapshot=52
#-----------
time=28667121098
mem_heap_B=675292868
mem_heap_extra_B=175980
mem_stacks_B=0
heap_tree=empty
#-----------
snapshot=53
#-----------
time=29282756120
mem_heap_B=675346848
mem_heap_extra_B=179344
mem_stacks_B=0
heap_tree=empty
#-----------
snapshot=54
#-----------
time=29897718115
mem_heap_B=675403000
mem_heap_extra_B=176440
mem_stacks_B=0
heap_tree=empty
#-----------
snapshot=55
#-----------
time=30512752000
mem_heap_B=675476628
mem_heap_extra_B=176540
mem_stacks_B=0
heap_tree=empty
#-----------
snapshot=56
#-----------
time=31205138423
mem_heap_B=673497328
mem_heap_extra_B=177472
mem_stacks_B=0
heap_tree=empty
#-----------
snapshot=57
#-----------
time=31207711216
mem_heap_B=660457160
mem_heap_extra_B=180096
mem_stacks_B=0
heap_tree=empty
#-----------
snapshot=58
#-----------
time=31660787966
mem_heap_B=667836012
mem_heap_extra_B=178116
mem_stacks_B=0
heap_tree=detailed
n4: 667836012 (heap allocation functions) malloc/new/new[], --alloc-fns, etc.
 n2: 435596792 0x404DF1: std::vector<unsigned int, std::allocator<unsigned int> >::_M_insert_aux(__gnu_cxx::__normal_iterator<unsigned int*, std::vector<unsigned int, std::allocator<unsigned int> > >, unsigned int const&) (vector.tcc:322)
  n1: 435596472 0x4058CD: EWAHBoolArray<unsigned int>::addStreamOfEmptyWords(bool, unsigned long) (ewah.h:1169)
   n2: 435596472 0x405A02: EWAHBoolArray<unsigned int>::padWithZeroes(unsigned long) (ewah.h:938)
    n2: 435596472 0x40760C: EWAHBoolArray<unsigned int>::logicalor(EWAHBoolArray<unsigned int>&, EWAHBoolArray<unsigned int>&) (ewah.h:63)
     n1: 279766712 0x409E6F: void query_index<ewah_bitmap>(int, char**) (bitmap-interface.h:171)
      n0: 279766712 0x4039A0: main (query.cpp:132)
     n1: 155829760 0x40A49F: void query_index<ewah_bitmap>(int, char**) (bitmap-interface.h:171)
      n0: 155829760 0x4039A0: main (query.cpp:132)
    n0: 0 in 2 places, all below massif's threshold (01.00%)
  n0: 320 in 1 place, below massif's threshold (01.00%)
 n1: 202134448 0x406B2B: std::vector<unsigned int, std::allocator<unsigned int> >::_M_fill_insert(__gnu_cxx::__normal_iterator<unsigned int*, std::vector<unsigned int, std::allocator<unsigned int> > >, unsigned long, unsigned int const&) (new_allocator.h:89)
  n1: 202134448 0x40A24B: void query_index<ewah_bitmap>(int, char**) (stl_vector.h:851)
   n0: 202134448 0x4039A0: main (query.cpp:132)
 n2: 29966456 0x4050E7: std::vector<unsigned int, std::allocator<unsigned int> >::reserve(unsigned long) (new_allocator.h:89)
  n2: 15218956 0x406EAB: EWAHBoolArray<unsigned int>::logicalor(EWAHBoolArray<unsigned int>&, EWAHBoolArray<unsigned int>&) (ewah.h:1344)
   n1: 15218956 0x40A49F: void query_index<ewah_bitmap>(int, char**) (bitmap-interface.h:171)
    n0: 15218956 0x4039A0: main (query.cpp:132)
   n0: 0 in 1 place, below massif's threshold (01.00%)
  n1: 14747500 0x408E11: EWAHBoolArray<unsigned int>::logicaland(EWAHBoolArray<unsigned int>&, EWAHBoolArray<unsigned int>&) (ewah.h:1445)
   n1: 14747500 0x40A6F5: void query_index<ewah_bitmap>(int, char**) (bitmap-interface.h:178)
    n0: 14747500 0x4039A0: main (query.cpp:132)
 n0: 138316 in 21 places, all below massif's threshold (01.00%)
#-----------
snapshot=59
#-----------
time=32144179862
mem_heap_B=669188588
mem_heap_extra_B=177220
mem_stacks_B=0
heap_tree=empty
#-----------
snapshot=60
#-----------
time=32641155368
mem_heap_B=669655468
mem_heap_extra_B=177284
mem_stacks_B=0
heap_tree=empty
#-----------
snapshot=61
#-----------
time=33144812409
mem_heap_B=669801600
mem_heap_extra_B=178608
mem_stacks_B=0
heap_tree=empty
#-----------
snapshot=62
#-----------
time=33653218090
mem_heap_B=675580808
mem_heap_extra_B=178856
mem_stacks_B=0
heap_tree=empty
#-----------
snapshot=63
#-----------
time=34162075247
mem_heap_B=680934916
mem_heap_extra_B=178220
mem_stacks_B=0
heap_tree=empty
#-----------
snapshot=64
#-----------
time=34163770212
mem_heap_B=703028888
mem_heap_extra_B=182136
mem_stacks_B=0
heap_tree=peak
n4: 703028888 (heap allocation functions) malloc/new/new[], --alloc-fns, etc.
 n2: 468442424 0x404DF1: std::vector<unsigned int, std::allocator<unsigned int> >::_M_insert_aux(__gnu_cxx::__normal_iterator<unsigned int*, std::vector<unsigned int, std::allocator<unsigned int> > >, unsigned int const&) (vector.tcc:322)
  n1: 468442104 0x4058CD: EWAHBoolArray<unsigned int>::addStreamOfEmptyWords(bool, unsigned long) (ewah.h:1169)
   n2: 468442104 0x405A02: EWAHBoolArray<unsigned int>::padWithZeroes(unsigned long) (ewah.h:938)
    n2: 468442104 0x40760C: EWAHBoolArray<unsigned int>::logicalor(EWAHBoolArray<unsigned int>&, EWAHBoolArray<unsigned int>&) (ewah.h:63)
     n1: 279766712 0x409E6F: void query_index<ewah_bitmap>(int, char**) (bitmap-interface.h:171)
      n0: 279766712 0x4039A0: main (query.cpp:132)
     n1: 188675392 0x40A49F: void query_index<ewah_bitmap>(int, char**) (bitmap-interface.h:171)
      n0: 188675392 0x4039A0: main (query.cpp:132)
    n0: 0 in 2 places, all below massif's threshold (01.00%)
  n0: 320 in 1 place, below massif's threshold (01.00%)
 n1: 185711632 0x406B2B: std::vector<unsigned int, std::allocator<unsigned int> >::_M_fill_insert(__gnu_cxx::__normal_iterator<unsigned int*, std::vector<unsigned int, std::allocator<unsigned int> > >, unsigned long, unsigned int const&) (new_allocator.h:89)
  n1: 185711632 0x40A24B: void query_index<ewah_bitmap>(int, char**) (stl_vector.h:851)
   n0: 185711632 0x4039A0: main (query.cpp:132)
 n2: 48736512 0x4050E7: std::vector<unsigned int, std::allocator<unsigned int> >::reserve(unsigned long) (new_allocator.h:89)
  n2: 33989012 0x406EAB: EWAHBoolArray<unsigned int>::logicalor(EWAHBoolArray<unsigned int>&, EWAHBoolArray<unsigned int>&) (ewah.h:1344)
   n1: 33989012 0x40A49F: void query_index<ewah_bitmap>(int, char**) (bitmap-interface.h:171)
    n0: 33989012 0x4039A0: main (query.cpp:132)
   n0: 0 in 1 place, below massif's threshold (01.00%)
  n1: 14747500 0x408E11: EWAHBoolArray<unsigned int>::logicaland(EWAHBoolArray<unsigned int>&, EWAHBoolArray<unsigned int>&) (ewah.h:1445)
   n1: 14747500 0x40A6F5: void query_index<ewah_bitmap>(int, char**) (bitmap-interface.h:178)
    n0: 14747500 0x4039A0: main (query.cpp:132)
 n0: 138320 in 21 places, all below massif's threshold (01.00%)
#-----------
snapshot=65
#-----------
time=34670668778
mem_heap_B=685970268
mem_heap_extra_B=180948
mem_stacks_B=0
heap_tree=empty
#-----------
snapshot=66
#-----------
time=35178071766
mem_heap_B=690678496
mem_heap_extra_B=183120
mem_stacks_B=0
heap_tree=empty
#-----------
snapshot=67
#-----------
time=35682338118
mem_heap_B=690502964
mem_heap_extra_B=182524
mem_stacks_B=0
heap_tree=empty
#-----------
snapshot=68
#-----------
time=36118248551
mem_heap_B=687825140
mem_heap_extra_B=181564
mem_stacks_B=0
heap_tree=empty
#-----------
snapshot=69
#-----------
time=36128252491
mem_heap_B=673900660
mem_heap_extra_B=178900
mem_stacks_B=0
heap_tree=empty
#-----------
snapshot=70
#-----------
time=36138714172
mem_heap_B=676566340
mem_heap_extra_B=178900
mem_stacks_B=0
heap_tree=empty
#-----------
snapshot=71
#-----------
time=36175989229
mem_heap_B=674788924
mem_heap_extra_B=178876
mem_stacks_B=0
heap_tree=empty
