desc: --massif-out-file=/home/xzou2/alac_fastbit_comp/alac_multi_engine/script/exp_results/mem_trace/epd_3var_.1.log
cmd: /home/xzou2/alac_fastbit_comp/alac_multi_engine/build/bin/multiquery_decode_bmap 3 /home/xzou2/data/ii_index/s3d/1part_2G/pfd_epd/ uvel 42 52 vvel -4.9 2.6 temp 7.3E2 7.4E2
time_unit: i
#-----------
snapshot=0
#-----------
time=0
mem_heap_B=0
mem_heap_extra_B=0
mem_stacks_B=0
heap_tree=empty
#-----------
snapshot=1
#-----------
time=457595602
mem_heap_B=114753868
mem_heap_extra_B=11404
mem_stacks_B=0
heap_tree=empty
#-----------
snapshot=2
#-----------
time=917536718
mem_heap_B=114753868
mem_heap_extra_B=11404
mem_stacks_B=0
heap_tree=empty
#-----------
snapshot=3
#-----------
time=1372323727
mem_heap_B=114753868
mem_heap_extra_B=11404
mem_stacks_B=0
heap_tree=empty
#-----------
snapshot=4
#-----------
time=1745335227
mem_heap_B=114753868
mem_heap_extra_B=11404
mem_stacks_B=0
heap_tree=empty
#-----------
snapshot=5
#-----------
time=2101359392
mem_heap_B=114753868
mem_heap_extra_B=11404
mem_stacks_B=0
heap_tree=detailed
n4: 114753868 (heap allocation functions) malloc/new/new[], --alloc-fns, etc.
 n1: 47609192 0x407E60: ALPartitionStoreReadIndexBinsPOSIX (ALStorePOSIX.c:542)
  n1: 47609192 0x402DDE: ALPartitionStoreReadIndexBins (ALStore.c:222)
   n1: 47609192 0x401F47: doMultiQueryValueConstraint (multiquery_decode_bmap.c:242)
    n1: 47609192 0x40280D: process_query (multiquery_decode_bmap.c:424)
     n0: 47609192 0x402893: main (multiquery_decode_bmap.c:454)
 n1: 33554432 0x401BAE: doMultiQueryValueConstraint (multiquery_decode_bmap.c:185)
  n1: 33554432 0x40280D: process_query (multiquery_decode_bmap.c:424)
   n0: 33554432 0x402893: main (multiquery_decode_bmap.c:454)
 n1: 33554432 0x401C76: doMultiQueryValueConstraint (multiquery_decode_bmap.c:205)
  n1: 33554432 0x40280D: process_query (multiquery_decode_bmap.c:424)
   n0: 33554432 0x402893: main (multiquery_decode_bmap.c:454)
 n0: 35812 in 22 places, all below massif's threshold (01.00%)
#-----------
snapshot=6
#-----------
time=2506316969
mem_heap_B=114753868
mem_heap_extra_B=11404
mem_stacks_B=0
heap_tree=empty
#-----------
snapshot=7
#-----------
time=2784718523
mem_heap_B=114753868
mem_heap_extra_B=11404
mem_stacks_B=0
heap_tree=empty
#-----------
snapshot=8
#-----------
time=3164367184
mem_heap_B=114753868
mem_heap_extra_B=11404
mem_stacks_B=0
heap_tree=empty
#-----------
snapshot=9
#-----------
time=3672080370
mem_heap_B=114753868
mem_heap_extra_B=11404
mem_stacks_B=0
heap_tree=empty
#-----------
snapshot=10
#-----------
time=4011212651
mem_heap_B=114753868
mem_heap_extra_B=11404
mem_stacks_B=0
heap_tree=empty
#-----------
snapshot=11
#-----------
time=4519941100
mem_heap_B=114753868
mem_heap_extra_B=11404
mem_stacks_B=0
heap_tree=empty
#-----------
snapshot=12
#-----------
time=4960822851
mem_heap_B=114753868
mem_heap_extra_B=11404
mem_stacks_B=0
heap_tree=empty
#-----------
snapshot=13
#-----------
time=5537353249
mem_heap_B=114753868
mem_heap_extra_B=11404
mem_stacks_B=0
heap_tree=empty
#-----------
snapshot=14
#-----------
time=5944306678
mem_heap_B=114753868
mem_heap_extra_B=11404
mem_stacks_B=0
heap_tree=empty
#-----------
snapshot=15
#-----------
time=6283433290
mem_heap_B=114753868
mem_heap_extra_B=11404
mem_stacks_B=0
heap_tree=empty
#-----------
snapshot=16
#-----------
time=6690391551
mem_heap_B=114753868
mem_heap_extra_B=11404
mem_stacks_B=0
heap_tree=empty
#-----------
snapshot=17
#-----------
time=7029521872
mem_heap_B=114753868
mem_heap_extra_B=11404
mem_stacks_B=0
heap_tree=empty
#-----------
snapshot=18
#-----------
time=7536203753
mem_heap_B=211275312
mem_heap_extra_B=12720
mem_stacks_B=0
heap_tree=detailed
n4: 211275312 (heap allocation functions) malloc/new/new[], --alloc-fns, etc.
 n1: 144130124 0x407E60: ALPartitionStoreReadIndexBinsPOSIX (ALStorePOSIX.c:542)
  n1: 144130124 0x402DDE: ALPartitionStoreReadIndexBins (ALStore.c:222)
   n1: 144130124 0x401F47: doMultiQueryValueConstraint (multiquery_decode_bmap.c:242)
    n1: 144130124 0x40280D: process_query (multiquery_decode_bmap.c:424)
     n0: 144130124 0x402893: main (multiquery_decode_bmap.c:454)
 n1: 33554432 0x401BAE: doMultiQueryValueConstraint (multiquery_decode_bmap.c:185)
  n1: 33554432 0x40280D: process_query (multiquery_decode_bmap.c:424)
   n0: 33554432 0x402893: main (multiquery_decode_bmap.c:454)
 n1: 33554432 0x401C76: doMultiQueryValueConstraint (multiquery_decode_bmap.c:205)
  n1: 33554432 0x40280D: process_query (multiquery_decode_bmap.c:424)
   n0: 33554432 0x402893: main (multiquery_decode_bmap.c:454)
 n0: 36324 in 22 places, all below massif's threshold (01.00%)
#-----------
snapshot=19
#-----------
time=8010987373
mem_heap_B=211274800
mem_heap_extra_B=12712
mem_stacks_B=0
heap_tree=empty
#-----------
snapshot=20
#-----------
time=8485759570
mem_heap_B=211274800
mem_heap_extra_B=12712
mem_stacks_B=0
heap_tree=empty
#-----------
snapshot=21
#-----------
time=8890722385
mem_heap_B=211274800
mem_heap_extra_B=12712
mem_stacks_B=0
heap_tree=empty
#-----------
snapshot=22
#-----------
time=9194443545
mem_heap_B=211274800
mem_heap_extra_B=12712
mem_stacks_B=0
heap_tree=empty
#-----------
snapshot=23
#-----------
time=9599409251
mem_heap_B=211274800
mem_heap_extra_B=12712
mem_stacks_B=0
heap_tree=empty
#-----------
snapshot=24
#-----------
time=9801891559
mem_heap_B=211274800
mem_heap_extra_B=12712
mem_stacks_B=0
heap_tree=empty
#-----------
snapshot=25
#-----------
time=10206857037
mem_heap_B=211274800
mem_heap_extra_B=12712
mem_stacks_B=0
heap_tree=empty
#-----------
snapshot=26
#-----------
time=10611820688
mem_heap_B=211274800
mem_heap_extra_B=12712
mem_stacks_B=0
heap_tree=empty
#-----------
snapshot=27
#-----------
time=11016786226
mem_heap_B=211274800
mem_heap_extra_B=12712
mem_stacks_B=0
heap_tree=empty
#-----------
snapshot=28
#-----------
time=11320506670
mem_heap_B=211274800
mem_heap_extra_B=12712
mem_stacks_B=0
heap_tree=empty
#-----------
snapshot=29
#-----------
time=11725470487
mem_heap_B=211274800
mem_heap_extra_B=12712
mem_stacks_B=0
heap_tree=empty
#-----------
snapshot=30
#-----------
time=12231674361
mem_heap_B=211274800
mem_heap_extra_B=12712
mem_stacks_B=0
heap_tree=empty
#-----------
snapshot=31
#-----------
time=12829345773
mem_heap_B=110719628
mem_heap_extra_B=11084
mem_stacks_B=0
heap_tree=empty
#-----------
snapshot=32
#-----------
time=13234304063
mem_heap_B=110719628
mem_heap_extra_B=11084
mem_stacks_B=0
heap_tree=detailed
n4: 110719628 (heap allocation functions) malloc/new/new[], --alloc-fns, etc.
 n1: 43574952 0x407E60: ALPartitionStoreReadIndexBinsPOSIX (ALStorePOSIX.c:542)
  n1: 43574952 0x402DDE: ALPartitionStoreReadIndexBins (ALStore.c:222)
   n1: 43574952 0x401F47: doMultiQueryValueConstraint (multiquery_decode_bmap.c:242)
    n1: 43574952 0x40280D: process_query (multiquery_decode_bmap.c:424)
     n0: 43574952 0x402893: main (multiquery_decode_bmap.c:454)
 n1: 33554432 0x401BAE: doMultiQueryValueConstraint (multiquery_decode_bmap.c:185)
  n1: 33554432 0x40280D: process_query (multiquery_decode_bmap.c:424)
   n0: 33554432 0x402893: main (multiquery_decode_bmap.c:454)
 n1: 33554432 0x401C76: doMultiQueryValueConstraint (multiquery_decode_bmap.c:205)
  n1: 33554432 0x40280D: process_query (multiquery_decode_bmap.c:424)
   n0: 33554432 0x402893: main (multiquery_decode_bmap.c:454)
 n0: 35812 in 22 places, all below massif's threshold (01.00%)
#-----------
snapshot=33
#-----------
time=13639261763
mem_heap_B=110719628
mem_heap_extra_B=11084
mem_stacks_B=0
heap_tree=empty
#-----------
snapshot=34
#-----------
time=14181899598
mem_heap_B=110719628
mem_heap_extra_B=11084
mem_stacks_B=0
heap_tree=empty
#-----------
snapshot=35
#-----------
time=14724528931
mem_heap_B=110719628
mem_heap_extra_B=11084
mem_stacks_B=0
heap_tree=empty
#-----------
snapshot=36
#-----------
time=15267165100
mem_heap_B=110719628
mem_heap_extra_B=11084
mem_stacks_B=0
heap_tree=empty
#-----------
snapshot=37
#-----------
time=15674142181
mem_heap_B=110719628
mem_heap_extra_B=11084
mem_stacks_B=0
heap_tree=empty
#-----------
snapshot=38
#-----------
time=15945461723
mem_heap_B=110719628
mem_heap_extra_B=11084
mem_stacks_B=0
heap_tree=empty
#-----------
snapshot=39
#-----------
time=16488093246
mem_heap_B=110719628
mem_heap_extra_B=11084
mem_stacks_B=0
heap_tree=empty
#-----------
snapshot=40
#-----------
time=16759414807
mem_heap_B=110719628
mem_heap_extra_B=11084
mem_stacks_B=0
heap_tree=empty
#-----------
snapshot=41
#-----------
time=17302050546
mem_heap_B=110719628
mem_heap_extra_B=11084
mem_stacks_B=0
heap_tree=empty
#-----------
snapshot=42
#-----------
time=17573371923
mem_heap_B=110719628
mem_heap_extra_B=11084
mem_stacks_B=0
heap_tree=empty
#-----------
snapshot=43
#-----------
time=17980343981
mem_heap_B=110719628
mem_heap_extra_B=11084
mem_stacks_B=0
heap_tree=empty
#-----------
snapshot=44
#-----------
time=18522976004
mem_heap_B=110719628
mem_heap_extra_B=11084
mem_stacks_B=0
heap_tree=detailed
n4: 110719628 (heap allocation functions) malloc/new/new[], --alloc-fns, etc.
 n1: 43574952 0x407E60: ALPartitionStoreReadIndexBinsPOSIX (ALStorePOSIX.c:542)
  n1: 43574952 0x402DDE: ALPartitionStoreReadIndexBins (ALStore.c:222)
   n1: 43574952 0x401F47: doMultiQueryValueConstraint (multiquery_decode_bmap.c:242)
    n1: 43574952 0x40280D: process_query (multiquery_decode_bmap.c:424)
     n0: 43574952 0x402893: main (multiquery_decode_bmap.c:454)
 n1: 33554432 0x401BAE: doMultiQueryValueConstraint (multiquery_decode_bmap.c:185)
  n1: 33554432 0x40280D: process_query (multiquery_decode_bmap.c:424)
   n0: 33554432 0x402893: main (multiquery_decode_bmap.c:454)
 n1: 33554432 0x401C76: doMultiQueryValueConstraint (multiquery_decode_bmap.c:205)
  n1: 33554432 0x40280D: process_query (multiquery_decode_bmap.c:424)
   n0: 33554432 0x402893: main (multiquery_decode_bmap.c:454)
 n0: 35812 in 22 places, all below massif's threshold (01.00%)
#-----------
snapshot=45
#-----------
time=18929951294
mem_heap_B=110719628
mem_heap_extra_B=11084
mem_stacks_B=0
heap_tree=empty
#-----------
snapshot=46
#-----------
time=19201269054
mem_heap_B=110719628
mem_heap_extra_B=11084
mem_stacks_B=0
heap_tree=empty
#-----------
snapshot=47
#-----------
time=19743897591
mem_heap_B=110719628
mem_heap_extra_B=11084
mem_stacks_B=0
heap_tree=empty
#-----------
snapshot=48
#-----------
time=20150871813
mem_heap_B=110719628
mem_heap_extra_B=11084
mem_stacks_B=0
heap_tree=empty
#-----------
snapshot=49
#-----------
time=20422187860
mem_heap_B=110719628
mem_heap_extra_B=11084
mem_stacks_B=0
heap_tree=empty
#-----------
snapshot=50
#-----------
time=20624675474
mem_heap_B=110719628
mem_heap_extra_B=11084
mem_stacks_B=0
heap_tree=empty
#-----------
snapshot=51
#-----------
time=20827158130
mem_heap_B=110719628
mem_heap_extra_B=11084
mem_stacks_B=0
heap_tree=empty
#-----------
snapshot=52
#-----------
time=21029643972
mem_heap_B=110719628
mem_heap_extra_B=11084
mem_stacks_B=0
heap_tree=empty
#-----------
snapshot=53
#-----------
time=21505636769
mem_heap_B=319479188
mem_heap_extra_B=12356
mem_stacks_B=0
heap_tree=empty
#-----------
snapshot=54
#-----------
time=26701237196
mem_heap_B=319479188
mem_heap_extra_B=12356
mem_stacks_B=0
heap_tree=peak
n4: 319479188 (heap allocation functions) malloc/new/new[], --alloc-fns, etc.
 n1: 252334512 0x4022BC: doMultiQueryValueConstraint (multiquery_decode_bmap.c:323)
  n1: 252334512 0x40280D: process_query (multiquery_decode_bmap.c:424)
   n0: 252334512 0x402893: main (multiquery_decode_bmap.c:454)
 n1: 33554432 0x401BAE: doMultiQueryValueConstraint (multiquery_decode_bmap.c:185)
  n1: 33554432 0x40280D: process_query (multiquery_decode_bmap.c:424)
   n0: 33554432 0x402893: main (multiquery_decode_bmap.c:454)
 n1: 33554432 0x401C76: doMultiQueryValueConstraint (multiquery_decode_bmap.c:205)
  n1: 33554432 0x40280D: process_query (multiquery_decode_bmap.c:424)
   n0: 33554432 0x402893: main (multiquery_decode_bmap.c:454)
 n0: 35812 in 23 places, all below massif's threshold (01.00%)
