desc: --massif-out-file=/home/xzou2/alac_fastbit_comp/alac_multi_engine/script/exp_results/mem_trace/epd_4var_.1.log
cmd: /home/xzou2/alac_fastbit_comp/alac_multi_engine/build/bin/multiquery_decode_bmap 4 /home/xzou2/data/ii_index/s3d/1part_2G/pfd_epd/ uvel 42 80 vvel 3 5 temp 7.5E2 14E2 wvel 10 14
time_unit: i
#-----------
snapshot=0
#-----------
time=0
mem_heap_B=0
mem_heap_extra_B=0
mem_stacks_B=0
heap_tree=empty
#-----------
snapshot=1
#-----------
time=33556667
mem_heap_B=153602072
mem_heap_extra_B=11664
mem_stacks_B=0
heap_tree=peak
n4: 153602072 (heap allocation functions) malloc/new/new[], --alloc-fns, etc.
 n1: 86439176 0x407E60: ALPartitionStoreReadIndexBinsPOSIX (ALStorePOSIX.c:542)
  n1: 86439176 0x402DDE: ALPartitionStoreReadIndexBins (ALStore.c:222)
   n1: 86439176 0x401F47: doMultiQueryValueConstraint (multiquery_decode_bmap.c:242)
    n1: 86439176 0x40280D: process_query (multiquery_decode_bmap.c:424)
     n0: 86439176 0x402893: main (multiquery_decode_bmap.c:454)
 n1: 33554432 0x401BAE: doMultiQueryValueConstraint (multiquery_decode_bmap.c:185)
  n1: 33554432 0x40280D: process_query (multiquery_decode_bmap.c:424)
   n0: 33554432 0x402893: main (multiquery_decode_bmap.c:454)
 n1: 33554432 0x401C76: doMultiQueryValueConstraint (multiquery_decode_bmap.c:205)
  n1: 33554432 0x40280D: process_query (multiquery_decode_bmap.c:424)
   n0: 33554432 0x402893: main (multiquery_decode_bmap.c:454)
 n0: 54032 in 22 places, all below massif's threshold (01.00%)
#-----------
snapshot=2
#-----------
time=488669975
mem_heap_B=153601560
mem_heap_extra_B=11656
mem_stacks_B=0
heap_tree=empty
#-----------
snapshot=3
#-----------
time=846521351
mem_heap_B=153601560
mem_heap_extra_B=11656
mem_stacks_B=0
heap_tree=empty
#-----------
snapshot=4
#-----------
time=1048055107
mem_heap_B=153601560
mem_heap_extra_B=11656
mem_stacks_B=0
heap_tree=empty
#-----------
snapshot=5
#-----------
time=1308564581
mem_heap_B=153601560
mem_heap_extra_B=11656
mem_stacks_B=0
heap_tree=empty
#-----------
snapshot=6
#-----------
time=1613662891
mem_heap_B=153601560
mem_heap_extra_B=11656
mem_stacks_B=0
heap_tree=empty
#-----------
snapshot=7
#-----------
time=1950861388
mem_heap_B=153601560
mem_heap_extra_B=11656
mem_stacks_B=0
heap_tree=empty
#-----------
snapshot=8
#-----------
time=2255971569
mem_heap_B=153601560
mem_heap_extra_B=11656
mem_stacks_B=0
heap_tree=empty
#-----------
snapshot=9
#-----------
time=2699601248
mem_heap_B=153601560
mem_heap_extra_B=11656
mem_stacks_B=0
heap_tree=empty
#-----------
snapshot=10
#-----------
time=2986651602
mem_heap_B=153601560
mem_heap_extra_B=11656
mem_stacks_B=0
heap_tree=empty
#-----------
snapshot=11
#-----------
time=3351997209
mem_heap_B=153601560
mem_heap_extra_B=11656
mem_stacks_B=0
heap_tree=empty
#-----------
snapshot=12
#-----------
time=3617969727
mem_heap_B=153601560
mem_heap_extra_B=11656
mem_stacks_B=0
heap_tree=empty
#-----------
snapshot=13
#-----------
time=3839618958
mem_heap_B=153601560
mem_heap_extra_B=11656
mem_stacks_B=0
heap_tree=empty
#-----------
snapshot=14
#-----------
time=4149918004
mem_heap_B=153601560
mem_heap_extra_B=11656
mem_stacks_B=0
heap_tree=empty
#-----------
snapshot=15
#-----------
time=4371572300
mem_heap_B=153601560
mem_heap_extra_B=11656
mem_stacks_B=0
heap_tree=empty
#-----------
snapshot=16
#-----------
time=4681872680
mem_heap_B=153601560
mem_heap_extra_B=11656
mem_stacks_B=0
heap_tree=empty
#-----------
snapshot=17
#-----------
time=5036516924
mem_heap_B=153601560
mem_heap_extra_B=11656
mem_stacks_B=0
heap_tree=empty
#-----------
snapshot=18
#-----------
time=5391160654
mem_heap_B=153601560
mem_heap_extra_B=11656
mem_stacks_B=0
heap_tree=empty
#-----------
snapshot=19
#-----------
time=5825421108
mem_heap_B=153601560
mem_heap_extra_B=11656
mem_stacks_B=0
heap_tree=empty
#-----------
snapshot=20
#-----------
time=6146615946
mem_heap_B=153601560
mem_heap_extra_B=11656
mem_stacks_B=0
heap_tree=empty
#-----------
snapshot=21
#-----------
time=6403558372
mem_heap_B=153601560
mem_heap_extra_B=11656
mem_stacks_B=0
heap_tree=empty
#-----------
snapshot=22
#-----------
time=6724739527
mem_heap_B=153601560
mem_heap_extra_B=11656
mem_stacks_B=0
heap_tree=empty
#-----------
snapshot=23
#-----------
time=7174397877
mem_heap_B=153601560
mem_heap_extra_B=11656
mem_stacks_B=0
heap_tree=empty
#-----------
snapshot=24
#-----------
time=7624048188
mem_heap_B=153601560
mem_heap_extra_B=11656
mem_stacks_B=0
heap_tree=empty
#-----------
snapshot=25
#-----------
time=8009461071
mem_heap_B=153601560
mem_heap_extra_B=11656
mem_stacks_B=0
heap_tree=empty
#-----------
snapshot=26
#-----------
time=8459124715
mem_heap_B=153601560
mem_heap_extra_B=11656
mem_stacks_B=0
heap_tree=empty
#-----------
snapshot=27
#-----------
time=8780303520
mem_heap_B=153601560
mem_heap_extra_B=11656
mem_stacks_B=0
heap_tree=empty
#-----------
snapshot=28
#-----------
time=9122246699
mem_heap_B=153601560
mem_heap_extra_B=11656
mem_stacks_B=0
heap_tree=empty
#-----------
snapshot=29
#-----------
time=9350207801
mem_heap_B=153601560
mem_heap_extra_B=11656
mem_stacks_B=0
heap_tree=empty
#-----------
snapshot=30
#-----------
time=9692146561
mem_heap_B=153601560
mem_heap_extra_B=11656
mem_stacks_B=0
heap_tree=empty
#-----------
snapshot=31
#-----------
time=9920110247
mem_heap_B=153601560
mem_heap_extra_B=11656
mem_stacks_B=0
heap_tree=empty
#-----------
snapshot=32
#-----------
time=10262039929
mem_heap_B=153601560
mem_heap_extra_B=11656
mem_stacks_B=0
heap_tree=empty
#-----------
snapshot=33
#-----------
time=10489997118
mem_heap_B=153601560
mem_heap_extra_B=11656
mem_stacks_B=0
heap_tree=empty
#-----------
snapshot=34
#-----------
time=10717953569
mem_heap_B=153601560
mem_heap_extra_B=11656
mem_stacks_B=0
heap_tree=detailed
n4: 153601560 (heap allocation functions) malloc/new/new[], --alloc-fns, etc.
 n1: 86439176 0x407E60: ALPartitionStoreReadIndexBinsPOSIX (ALStorePOSIX.c:542)
  n1: 86439176 0x402DDE: ALPartitionStoreReadIndexBins (ALStore.c:222)
   n1: 86439176 0x401F47: doMultiQueryValueConstraint (multiquery_decode_bmap.c:242)
    n1: 86439176 0x40280D: process_query (multiquery_decode_bmap.c:424)
     n0: 86439176 0x402893: main (multiquery_decode_bmap.c:454)
 n1: 33554432 0x401BAE: doMultiQueryValueConstraint (multiquery_decode_bmap.c:185)
  n1: 33554432 0x40280D: process_query (multiquery_decode_bmap.c:424)
   n0: 33554432 0x402893: main (multiquery_decode_bmap.c:454)
 n1: 33554432 0x401C76: doMultiQueryValueConstraint (multiquery_decode_bmap.c:205)
  n1: 33554432 0x40280D: process_query (multiquery_decode_bmap.c:424)
   n0: 33554432 0x402893: main (multiquery_decode_bmap.c:454)
 n0: 53520 in 22 places, all below massif's threshold (01.00%)
#-----------
snapshot=35
#-----------
time=11042881261
mem_heap_B=94844068
mem_heap_extra_B=12028
mem_stacks_B=0
heap_tree=empty
#-----------
snapshot=36
#-----------
time=11270842692
mem_heap_B=94844068
mem_heap_extra_B=12028
mem_stacks_B=0
heap_tree=empty
#-----------
snapshot=37
#-----------
time=11612778161
mem_heap_B=94844068
mem_heap_extra_B=12028
mem_stacks_B=0
heap_tree=empty
#-----------
snapshot=38
#-----------
time=11840739583
mem_heap_B=94844068
mem_heap_extra_B=12028
mem_stacks_B=0
heap_tree=empty
#-----------
snapshot=39
#-----------
time=12068692500
mem_heap_B=94844068
mem_heap_extra_B=12028
mem_stacks_B=0
heap_tree=empty
#-----------
snapshot=40
#-----------
time=12343161790
mem_heap_B=135992084
mem_heap_extra_B=12428
mem_stacks_B=0
heap_tree=empty
#-----------
snapshot=41
#-----------
time=12571121785
mem_heap_B=135992084
mem_heap_extra_B=12428
mem_stacks_B=0
heap_tree=empty
#-----------
snapshot=42
#-----------
time=12799075084
mem_heap_B=135992084
mem_heap_extra_B=12428
mem_stacks_B=0
heap_tree=empty
#-----------
snapshot=43
#-----------
time=13027034036
mem_heap_B=135992084
mem_heap_extra_B=12428
mem_stacks_B=0
heap_tree=empty
#-----------
snapshot=44
#-----------
time=13368971403
mem_heap_B=135992084
mem_heap_extra_B=12428
mem_stacks_B=0
heap_tree=empty
#-----------
snapshot=45
#-----------
time=13596929854
mem_heap_B=135992084
mem_heap_extra_B=12428
mem_stacks_B=0
heap_tree=empty
#-----------
snapshot=46
#-----------
time=13938868272
mem_heap_B=135992084
mem_heap_extra_B=12428
mem_stacks_B=0
heap_tree=empty
#-----------
snapshot=47
#-----------
time=14166822820
mem_heap_B=135992084
mem_heap_extra_B=12428
mem_stacks_B=0
heap_tree=empty
#-----------
snapshot=48
#-----------
time=14394783908
mem_heap_B=135992084
mem_heap_extra_B=12428
mem_stacks_B=0
heap_tree=empty
#-----------
snapshot=49
#-----------
time=14622736468
mem_heap_B=135992084
mem_heap_extra_B=12428
mem_stacks_B=0
heap_tree=empty
#-----------
snapshot=50
#-----------
time=14824272367
mem_heap_B=135992084
mem_heap_extra_B=12428
mem_stacks_B=0
heap_tree=empty
#-----------
snapshot=51
#-----------
time=15025806174
mem_heap_B=135992596
mem_heap_extra_B=12436
mem_stacks_B=0
heap_tree=empty
#-----------
snapshot=52
#-----------
time=15227343228
mem_heap_B=135992084
mem_heap_extra_B=12428
mem_stacks_B=0
heap_tree=empty
#-----------
snapshot=53
#-----------
time=15428881735
mem_heap_B=135992084
mem_heap_extra_B=12428
mem_stacks_B=0
heap_tree=empty
#-----------
snapshot=54
#-----------
time=15630420054
mem_heap_B=135992084
mem_heap_extra_B=12428
mem_stacks_B=0
heap_tree=empty
#-----------
snapshot=55
#-----------
time=15831955468
mem_heap_B=135992084
mem_heap_extra_B=12428
mem_stacks_B=0
heap_tree=empty
#-----------
snapshot=56
#-----------
time=16033491681
mem_heap_B=135992084
mem_heap_extra_B=12428
mem_stacks_B=0
heap_tree=detailed
n4: 135992084 (heap allocation functions) malloc/new/new[], --alloc-fns, etc.
 n1: 68829700 0x407E60: ALPartitionStoreReadIndexBinsPOSIX (ALStorePOSIX.c:542)
  n1: 68829700 0x402DDE: ALPartitionStoreReadIndexBins (ALStore.c:222)
   n1: 68829700 0x401F47: doMultiQueryValueConstraint (multiquery_decode_bmap.c:242)
    n1: 68829700 0x40280D: process_query (multiquery_decode_bmap.c:424)
     n0: 68829700 0x402893: main (multiquery_decode_bmap.c:454)
 n1: 33554432 0x401BAE: doMultiQueryValueConstraint (multiquery_decode_bmap.c:185)
  n1: 33554432 0x40280D: process_query (multiquery_decode_bmap.c:424)
   n0: 33554432 0x402893: main (multiquery_decode_bmap.c:454)
 n1: 33554432 0x401C76: doMultiQueryValueConstraint (multiquery_decode_bmap.c:205)
  n1: 33554432 0x40280D: process_query (multiquery_decode_bmap.c:424)
   n0: 33554432 0x402893: main (multiquery_decode_bmap.c:454)
 n0: 53520 in 22 places, all below massif's threshold (01.00%)
#-----------
snapshot=57
#-----------
time=16235028255
mem_heap_B=135992084
mem_heap_extra_B=12428
mem_stacks_B=0
heap_tree=empty
#-----------
snapshot=58
#-----------
time=16436564685
mem_heap_B=135992084
mem_heap_extra_B=12428
mem_stacks_B=0
heap_tree=empty
#-----------
snapshot=59
#-----------
time=16638102002
mem_heap_B=135992084
mem_heap_extra_B=12428
mem_stacks_B=0
heap_tree=empty
#-----------
snapshot=60
#-----------
time=16839638505
mem_heap_B=135992084
mem_heap_extra_B=12428
mem_stacks_B=0
heap_tree=empty
#-----------
snapshot=61
#-----------
time=17041174979
mem_heap_B=135992084
mem_heap_extra_B=12428
mem_stacks_B=0
heap_tree=empty
#-----------
snapshot=62
#-----------
time=17242709351
mem_heap_B=135992084
mem_heap_extra_B=12428
mem_stacks_B=0
heap_tree=empty
#-----------
snapshot=63
#-----------
time=17444245311
mem_heap_B=135992084
mem_heap_extra_B=12428
mem_stacks_B=0
heap_tree=empty
#-----------
snapshot=64
#-----------
time=17645779995
mem_heap_B=135992084
mem_heap_extra_B=12428
mem_stacks_B=0
heap_tree=empty
#-----------
snapshot=65
#-----------
time=17847319307
mem_heap_B=135992084
mem_heap_extra_B=12428
mem_stacks_B=0
heap_tree=empty
#-----------
snapshot=66
#-----------
time=18048854101
mem_heap_B=135992084
mem_heap_extra_B=12428
mem_stacks_B=0
heap_tree=detailed
n4: 135992084 (heap allocation functions) malloc/new/new[], --alloc-fns, etc.
 n1: 68829700 0x407E60: ALPartitionStoreReadIndexBinsPOSIX (ALStorePOSIX.c:542)
  n1: 68829700 0x402DDE: ALPartitionStoreReadIndexBins (ALStore.c:222)
   n1: 68829700 0x401F47: doMultiQueryValueConstraint (multiquery_decode_bmap.c:242)
    n1: 68829700 0x40280D: process_query (multiquery_decode_bmap.c:424)
     n0: 68829700 0x402893: main (multiquery_decode_bmap.c:454)
 n1: 33554432 0x401BAE: doMultiQueryValueConstraint (multiquery_decode_bmap.c:185)
  n1: 33554432 0x40280D: process_query (multiquery_decode_bmap.c:424)
   n0: 33554432 0x402893: main (multiquery_decode_bmap.c:454)
 n1: 33554432 0x401C76: doMultiQueryValueConstraint (multiquery_decode_bmap.c:205)
  n1: 33554432 0x40280D: process_query (multiquery_decode_bmap.c:424)
   n0: 33554432 0x402893: main (multiquery_decode_bmap.c:454)
 n0: 53520 in 22 places, all below massif's threshold (01.00%)
#-----------
snapshot=67
#-----------
time=18250393684
mem_heap_B=135992084
mem_heap_extra_B=12428
mem_stacks_B=0
heap_tree=empty
#-----------
snapshot=68
#-----------
time=18451931458
mem_heap_B=135992084
mem_heap_extra_B=12428
mem_stacks_B=0
heap_tree=empty
#-----------
snapshot=69
#-----------
time=18653466524
mem_heap_B=135992084
mem_heap_extra_B=12428
mem_stacks_B=0
heap_tree=empty
#-----------
snapshot=70
#-----------
time=18855000578
mem_heap_B=135992084
mem_heap_extra_B=12428
mem_stacks_B=0
heap_tree=empty
#-----------
snapshot=71
#-----------
time=19056536599
mem_heap_B=135992084
mem_heap_extra_B=12428
mem_stacks_B=0
heap_tree=empty
#-----------
snapshot=72
#-----------
time=19258075365
mem_heap_B=135992084
mem_heap_extra_B=12428
mem_stacks_B=0
heap_tree=empty
#-----------
snapshot=73
#-----------
time=19459611803
mem_heap_B=135992084
mem_heap_extra_B=12428
mem_stacks_B=0
heap_tree=empty
#-----------
snapshot=74
#-----------
time=19661146411
mem_heap_B=135992084
mem_heap_extra_B=12428
mem_stacks_B=0
heap_tree=empty
#-----------
snapshot=75
#-----------
time=19862680432
mem_heap_B=135992084
mem_heap_extra_B=12428
mem_stacks_B=0
heap_tree=empty
#-----------
snapshot=76
#-----------
time=20064217680
mem_heap_B=135992084
mem_heap_extra_B=12428
mem_stacks_B=0
heap_tree=detailed
n4: 135992084 (heap allocation functions) malloc/new/new[], --alloc-fns, etc.
 n1: 68829700 0x407E60: ALPartitionStoreReadIndexBinsPOSIX (ALStorePOSIX.c:542)
  n1: 68829700 0x402DDE: ALPartitionStoreReadIndexBins (ALStore.c:222)
   n1: 68829700 0x401F47: doMultiQueryValueConstraint (multiquery_decode_bmap.c:242)
    n1: 68829700 0x40280D: process_query (multiquery_decode_bmap.c:424)
     n0: 68829700 0x402893: main (multiquery_decode_bmap.c:454)
 n1: 33554432 0x401BAE: doMultiQueryValueConstraint (multiquery_decode_bmap.c:185)
  n1: 33554432 0x40280D: process_query (multiquery_decode_bmap.c:424)
   n0: 33554432 0x402893: main (multiquery_decode_bmap.c:454)
 n1: 33554432 0x401C76: doMultiQueryValueConstraint (multiquery_decode_bmap.c:205)
  n1: 33554432 0x40280D: process_query (multiquery_decode_bmap.c:424)
   n0: 33554432 0x402893: main (multiquery_decode_bmap.c:454)
 n0: 53520 in 22 places, all below massif's threshold (01.00%)
#-----------
snapshot=77
#-----------
time=20265757726
mem_heap_B=135992084
mem_heap_extra_B=12428
mem_stacks_B=0
heap_tree=empty
#-----------
snapshot=78
#-----------
time=20467294600
mem_heap_B=135992084
mem_heap_extra_B=12428
mem_stacks_B=0
heap_tree=empty
#-----------
snapshot=79
#-----------
time=20668830011
mem_heap_B=135992084
mem_heap_extra_B=12428
mem_stacks_B=0
heap_tree=empty
#-----------
snapshot=80
#-----------
time=20870364060
mem_heap_B=135992084
mem_heap_extra_B=12428
mem_stacks_B=0
heap_tree=empty
#-----------
snapshot=81
#-----------
time=21071904435
mem_heap_B=135992084
mem_heap_extra_B=12428
mem_stacks_B=0
heap_tree=empty
#-----------
snapshot=82
#-----------
time=21273439631
mem_heap_B=135992084
mem_heap_extra_B=12428
mem_stacks_B=0
heap_tree=empty
#-----------
snapshot=83
#-----------
time=21499090903
mem_heap_B=87206556
mem_heap_extra_B=10500
mem_stacks_B=0
heap_tree=empty
#-----------
snapshot=84
#-----------
time=21700626872
mem_heap_B=87206556
mem_heap_extra_B=10500
mem_stacks_B=0
heap_tree=empty
#-----------
snapshot=85
#-----------
time=21902166464
mem_heap_B=87206556
mem_heap_extra_B=10500
mem_stacks_B=0
heap_tree=empty
#-----------
snapshot=86
#-----------
time=22103703485
mem_heap_B=87206556
mem_heap_extra_B=10500
mem_stacks_B=0
heap_tree=detailed
n4: 87206556 (heap allocation functions) malloc/new/new[], --alloc-fns, etc.
 n1: 33554432 0x401BAE: doMultiQueryValueConstraint (multiquery_decode_bmap.c:185)
  n1: 33554432 0x40280D: process_query (multiquery_decode_bmap.c:424)
   n0: 33554432 0x402893: main (multiquery_decode_bmap.c:454)
 n1: 33554432 0x401C76: doMultiQueryValueConstraint (multiquery_decode_bmap.c:205)
  n1: 33554432 0x40280D: process_query (multiquery_decode_bmap.c:424)
   n0: 33554432 0x402893: main (multiquery_decode_bmap.c:454)
 n1: 20044172 0x407E60: ALPartitionStoreReadIndexBinsPOSIX (ALStorePOSIX.c:542)
  n1: 20044172 0x402DDE: ALPartitionStoreReadIndexBins (ALStore.c:222)
   n1: 20044172 0x401F47: doMultiQueryValueConstraint (multiquery_decode_bmap.c:242)
    n1: 20044172 0x40280D: process_query (multiquery_decode_bmap.c:424)
     n0: 20044172 0x402893: main (multiquery_decode_bmap.c:454)
 n0: 53520 in 22 places, all below massif's threshold (01.00%)
#-----------
snapshot=87
#-----------
time=22305239546
mem_heap_B=87206556
mem_heap_extra_B=10500
mem_stacks_B=0
heap_tree=empty
#-----------
snapshot=88
#-----------
time=22784540363
mem_heap_B=69383348
mem_heap_extra_B=8924
mem_stacks_B=0
heap_tree=empty
#-----------
snapshot=89
#-----------
time=23270971755
mem_heap_B=67162384
mem_heap_extra_B=8904
mem_stacks_B=0
heap_tree=empty
