desc: --massif-out-file=/home/xzou2/alac_fastbit_comp/alac_multi_engine/script/exp_results/mem_trace/epd_4var_1.log
cmd: /home/xzou2/alac_fastbit_comp/alac_multi_engine/build/bin/multiquery_decode_bmap 4 /home/xzou2/data/ii_index/s3d/1part_2G/pfd_epd/ uvel 53 93 vvel -5.7 4.2 temp 6.8E2 19E2 wvel 3.7 5.7
time_unit: i
#-----------
snapshot=0
#-----------
time=0
mem_heap_B=0
mem_heap_extra_B=0
mem_stacks_B=0
heap_tree=empty
#-----------
snapshot=1
#-----------
time=502777469
mem_heap_B=119134456
mem_heap_extra_B=10920
mem_stacks_B=0
heap_tree=detailed
n4: 119134456 (heap allocation functions) malloc/new/new[], --alloc-fns, etc.
 n1: 51972072 0x407E60: ALPartitionStoreReadIndexBinsPOSIX (ALStorePOSIX.c:542)
  n1: 51972072 0x402DDE: ALPartitionStoreReadIndexBins (ALStore.c:222)
   n1: 51972072 0x401F47: doMultiQueryValueConstraint (multiquery_decode_bmap.c:242)
    n1: 51972072 0x40280D: process_query (multiquery_decode_bmap.c:424)
     n0: 51972072 0x402893: main (multiquery_decode_bmap.c:454)
 n1: 33554432 0x401BAE: doMultiQueryValueConstraint (multiquery_decode_bmap.c:185)
  n1: 33554432 0x40280D: process_query (multiquery_decode_bmap.c:424)
   n0: 33554432 0x402893: main (multiquery_decode_bmap.c:454)
 n1: 33554432 0x401C76: doMultiQueryValueConstraint (multiquery_decode_bmap.c:205)
  n1: 33554432 0x40280D: process_query (multiquery_decode_bmap.c:424)
   n0: 33554432 0x402893: main (multiquery_decode_bmap.c:454)
 n0: 53520 in 22 places, all below massif's threshold (01.00%)
#-----------
snapshot=2
#-----------
time=891556145
mem_heap_B=119134456
mem_heap_extra_B=10920
mem_stacks_B=0
heap_tree=empty
#-----------
snapshot=3
#-----------
time=1511326962
mem_heap_B=119134456
mem_heap_extra_B=10920
mem_stacks_B=0
heap_tree=empty
#-----------
snapshot=4
#-----------
time=2091308075
mem_heap_B=119134456
mem_heap_extra_B=10920
mem_stacks_B=0
heap_tree=empty
#-----------
snapshot=5
#-----------
time=2585016312
mem_heap_B=119134456
mem_heap_extra_B=10920
mem_stacks_B=0
heap_tree=empty
#-----------
snapshot=6
#-----------
time=3101098697
mem_heap_B=119134456
mem_heap_extra_B=10920
mem_stacks_B=0
heap_tree=empty
#-----------
snapshot=7
#-----------
time=3399888871
mem_heap_B=119134456
mem_heap_extra_B=10920
mem_stacks_B=0
heap_tree=empty
#-----------
snapshot=8
#-----------
time=3866861609
mem_heap_B=119134456
mem_heap_extra_B=10920
mem_stacks_B=0
heap_tree=empty
#-----------
snapshot=9
#-----------
time=4282081954
mem_heap_B=119134456
mem_heap_extra_B=10920
mem_stacks_B=0
heap_tree=empty
#-----------
snapshot=10
#-----------
time=4558900345
mem_heap_B=119134456
mem_heap_extra_B=10920
mem_stacks_B=0
heap_tree=empty
#-----------
snapshot=11
#-----------
time=5020265971
mem_heap_B=119134456
mem_heap_extra_B=10920
mem_stacks_B=0
heap_tree=empty
#-----------
snapshot=12
#-----------
time=5377537392
mem_heap_B=242978784
mem_heap_extra_B=9672
mem_stacks_B=0
heap_tree=peak
n4: 242978784 (heap allocation functions) malloc/new/new[], --alloc-fns, etc.
 n1: 175815888 0x407E60: ALPartitionStoreReadIndexBinsPOSIX (ALStorePOSIX.c:542)
  n1: 175815888 0x402DDE: ALPartitionStoreReadIndexBins (ALStore.c:222)
   n1: 175815888 0x401F47: doMultiQueryValueConstraint (multiquery_decode_bmap.c:242)
    n1: 175815888 0x40280D: process_query (multiquery_decode_bmap.c:424)
     n0: 175815888 0x402893: main (multiquery_decode_bmap.c:454)
 n1: 33554432 0x401BAE: doMultiQueryValueConstraint (multiquery_decode_bmap.c:185)
  n1: 33554432 0x40280D: process_query (multiquery_decode_bmap.c:424)
   n0: 33554432 0x402893: main (multiquery_decode_bmap.c:454)
 n1: 33554432 0x401C76: doMultiQueryValueConstraint (multiquery_decode_bmap.c:205)
  n1: 33554432 0x40280D: process_query (multiquery_decode_bmap.c:424)
   n0: 33554432 0x402893: main (multiquery_decode_bmap.c:454)
 n0: 54032 in 22 places, all below massif's threshold (01.00%)
#-----------
snapshot=13
#-----------
time=5931180214
mem_heap_B=242978272
mem_heap_extra_B=9664
mem_stacks_B=0
heap_tree=empty
#-----------
snapshot=14
#-----------
time=6338611691
mem_heap_B=242978272
mem_heap_extra_B=9664
mem_stacks_B=0
heap_tree=empty
#-----------
snapshot=15
#-----------
time=6583075317
mem_heap_B=242978272
mem_heap_extra_B=9664
mem_stacks_B=0
heap_tree=detailed
n4: 242978272 (heap allocation functions) malloc/new/new[], --alloc-fns, etc.
 n1: 175815888 0x407E60: ALPartitionStoreReadIndexBinsPOSIX (ALStorePOSIX.c:542)
  n1: 175815888 0x402DDE: ALPartitionStoreReadIndexBins (ALStore.c:222)
   n1: 175815888 0x401F47: doMultiQueryValueConstraint (multiquery_decode_bmap.c:242)
    n1: 175815888 0x40280D: process_query (multiquery_decode_bmap.c:424)
     n0: 175815888 0x402893: main (multiquery_decode_bmap.c:454)
 n1: 33554432 0x401BAE: doMultiQueryValueConstraint (multiquery_decode_bmap.c:185)
  n1: 33554432 0x40280D: process_query (multiquery_decode_bmap.c:424)
   n0: 33554432 0x402893: main (multiquery_decode_bmap.c:454)
 n1: 33554432 0x401C76: doMultiQueryValueConstraint (multiquery_decode_bmap.c:205)
  n1: 33554432 0x40280D: process_query (multiquery_decode_bmap.c:424)
   n0: 33554432 0x402893: main (multiquery_decode_bmap.c:454)
 n0: 53520 in 22 places, all below massif's threshold (01.00%)
#-----------
snapshot=16
#-----------
time=7153480210
mem_heap_B=242978272
mem_heap_extra_B=9664
mem_stacks_B=0
heap_tree=empty
#-----------
snapshot=17
#-----------
time=7479432205
mem_heap_B=242978272
mem_heap_extra_B=9664
mem_stacks_B=0
heap_tree=empty
#-----------
snapshot=18
#-----------
time=8049843877
mem_heap_B=242978272
mem_heap_extra_B=9664
mem_stacks_B=0
heap_tree=empty
#-----------
snapshot=19
#-----------
time=8538780049
mem_heap_B=242978272
mem_heap_extra_B=9664
mem_stacks_B=0
heap_tree=empty
#-----------
snapshot=20
#-----------
time=8946219223
mem_heap_B=242978272
mem_heap_extra_B=9664
mem_stacks_B=0
heap_tree=empty
#-----------
snapshot=21
#-----------
time=9272164885
mem_heap_B=242978272
mem_heap_extra_B=9664
mem_stacks_B=0
heap_tree=empty
#-----------
snapshot=22
#-----------
time=9679609490
mem_heap_B=242978272
mem_heap_extra_B=9664
mem_stacks_B=0
heap_tree=empty
#-----------
snapshot=23
#-----------
time=10258768203
mem_heap_B=242978272
mem_heap_extra_B=9664
mem_stacks_B=0
heap_tree=empty
#-----------
snapshot=24
#-----------
time=10638576630
mem_heap_B=242978272
mem_heap_extra_B=9664
mem_stacks_B=0
heap_tree=empty
#-----------
snapshot=25
#-----------
time=11144979045
mem_heap_B=242978272
mem_heap_extra_B=9664
mem_stacks_B=0
heap_tree=empty
#-----------
snapshot=26
#-----------
time=11398186445
mem_heap_B=242978272
mem_heap_extra_B=9664
mem_stacks_B=0
heap_tree=empty
#-----------
snapshot=27
#-----------
time=11840960629
mem_heap_B=166272700
mem_heap_extra_B=9444
mem_stacks_B=0
heap_tree=empty
#-----------
snapshot=28
#-----------
time=12473979155
mem_heap_B=166272700
mem_heap_extra_B=9444
mem_stacks_B=0
heap_tree=empty
#-----------
snapshot=29
#-----------
time=12980385625
mem_heap_B=166272700
mem_heap_extra_B=9444
mem_stacks_B=0
heap_tree=empty
#-----------
snapshot=30
#-----------
time=13486789859
mem_heap_B=166272700
mem_heap_extra_B=9444
mem_stacks_B=0
heap_tree=empty
#-----------
snapshot=31
#-----------
time=13993198838
mem_heap_B=166272700
mem_heap_extra_B=9444
mem_stacks_B=0
heap_tree=empty
#-----------
snapshot=32
#-----------
time=14373001687
mem_heap_B=166272700
mem_heap_extra_B=9444
mem_stacks_B=0
heap_tree=empty
#-----------
snapshot=33
#-----------
time=14879411757
mem_heap_B=166272700
mem_heap_extra_B=9444
mem_stacks_B=0
heap_tree=detailed
n4: 166272700 (heap allocation functions) malloc/new/new[], --alloc-fns, etc.
 n1: 99110316 0x407E60: ALPartitionStoreReadIndexBinsPOSIX (ALStorePOSIX.c:542)
  n1: 99110316 0x402DDE: ALPartitionStoreReadIndexBins (ALStore.c:222)
   n1: 99110316 0x401F47: doMultiQueryValueConstraint (multiquery_decode_bmap.c:242)
    n1: 99110316 0x40280D: process_query (multiquery_decode_bmap.c:424)
     n0: 99110316 0x402893: main (multiquery_decode_bmap.c:454)
 n1: 33554432 0x401BAE: doMultiQueryValueConstraint (multiquery_decode_bmap.c:185)
  n1: 33554432 0x40280D: process_query (multiquery_decode_bmap.c:424)
   n0: 33554432 0x402893: main (multiquery_decode_bmap.c:454)
 n1: 33554432 0x401C76: doMultiQueryValueConstraint (multiquery_decode_bmap.c:205)
  n1: 33554432 0x40280D: process_query (multiquery_decode_bmap.c:424)
   n0: 33554432 0x402893: main (multiquery_decode_bmap.c:454)
 n0: 53520 in 22 places, all below massif's threshold (01.00%)
#-----------
snapshot=34
#-----------
time=15512414279
mem_heap_B=166272700
mem_heap_extra_B=9444
mem_stacks_B=0
heap_tree=empty
#-----------
snapshot=35
#-----------
time=15892219249
mem_heap_B=166272700
mem_heap_extra_B=9444
mem_stacks_B=0
heap_tree=empty
#-----------
snapshot=36
#-----------
time=16272022689
mem_heap_B=166272700
mem_heap_extra_B=9444
mem_stacks_B=0
heap_tree=empty
#-----------
snapshot=37
#-----------
time=16778454339
mem_heap_B=166272700
mem_heap_extra_B=9444
mem_stacks_B=0
heap_tree=empty
#-----------
snapshot=38
#-----------
time=17284885426
mem_heap_B=166272700
mem_heap_extra_B=9444
mem_stacks_B=0
heap_tree=empty
#-----------
snapshot=39
#-----------
time=17791311553
mem_heap_B=166272700
mem_heap_extra_B=9444
mem_stacks_B=0
heap_tree=empty
#-----------
snapshot=40
#-----------
time=18424351705
mem_heap_B=166272700
mem_heap_extra_B=9444
mem_stacks_B=0
heap_tree=empty
#-----------
snapshot=41
#-----------
time=19057388180
mem_heap_B=166272700
mem_heap_extra_B=9444
mem_stacks_B=0
heap_tree=empty
#-----------
snapshot=42
#-----------
time=19563811159
mem_heap_B=166272700
mem_heap_extra_B=9444
mem_stacks_B=0
heap_tree=empty
#-----------
snapshot=43
#-----------
time=20196848004
mem_heap_B=166272700
mem_heap_extra_B=9444
mem_stacks_B=0
heap_tree=empty
#-----------
snapshot=44
#-----------
time=20829882193
mem_heap_B=166272700
mem_heap_extra_B=9444
mem_stacks_B=0
heap_tree=empty
#-----------
snapshot=45
#-----------
time=21209708842
mem_heap_B=166272700
mem_heap_extra_B=9444
mem_stacks_B=0
heap_tree=detailed
n4: 166272700 (heap allocation functions) malloc/new/new[], --alloc-fns, etc.
 n1: 99110316 0x407E60: ALPartitionStoreReadIndexBinsPOSIX (ALStorePOSIX.c:542)
  n1: 99110316 0x402DDE: ALPartitionStoreReadIndexBins (ALStore.c:222)
   n1: 99110316 0x401F47: doMultiQueryValueConstraint (multiquery_decode_bmap.c:242)
    n1: 99110316 0x40280D: process_query (multiquery_decode_bmap.c:424)
     n0: 99110316 0x402893: main (multiquery_decode_bmap.c:454)
 n1: 33554432 0x401BAE: doMultiQueryValueConstraint (multiquery_decode_bmap.c:185)
  n1: 33554432 0x40280D: process_query (multiquery_decode_bmap.c:424)
   n0: 33554432 0x402893: main (multiquery_decode_bmap.c:454)
 n1: 33554432 0x401C76: doMultiQueryValueConstraint (multiquery_decode_bmap.c:205)
  n1: 33554432 0x40280D: process_query (multiquery_decode_bmap.c:424)
   n0: 33554432 0x402893: main (multiquery_decode_bmap.c:454)
 n0: 53520 in 22 places, all below massif's threshold (01.00%)
#-----------
snapshot=46
#-----------
time=21716136211
mem_heap_B=166272700
mem_heap_extra_B=9444
mem_stacks_B=0
heap_tree=empty
#-----------
snapshot=47
#-----------
time=22095963436
mem_heap_B=166272700
mem_heap_extra_B=9444
mem_stacks_B=0
heap_tree=empty
#-----------
snapshot=48
#-----------
time=22475791867
mem_heap_B=166272700
mem_heap_extra_B=9444
mem_stacks_B=0
heap_tree=detailed
n4: 166272700 (heap allocation functions) malloc/new/new[], --alloc-fns, etc.
 n1: 99110316 0x407E60: ALPartitionStoreReadIndexBinsPOSIX (ALStorePOSIX.c:542)
  n1: 99110316 0x402DDE: ALPartitionStoreReadIndexBins (ALStore.c:222)
   n1: 99110316 0x401F47: doMultiQueryValueConstraint (multiquery_decode_bmap.c:242)
    n1: 99110316 0x40280D: process_query (multiquery_decode_bmap.c:424)
     n0: 99110316 0x402893: main (multiquery_decode_bmap.c:454)
 n1: 33554432 0x401BAE: doMultiQueryValueConstraint (multiquery_decode_bmap.c:185)
  n1: 33554432 0x40280D: process_query (multiquery_decode_bmap.c:424)
   n0: 33554432 0x402893: main (multiquery_decode_bmap.c:454)
 n1: 33554432 0x401C76: doMultiQueryValueConstraint (multiquery_decode_bmap.c:205)
  n1: 33554432 0x40280D: process_query (multiquery_decode_bmap.c:424)
   n0: 33554432 0x402893: main (multiquery_decode_bmap.c:454)
 n0: 53520 in 22 places, all below massif's threshold (01.00%)
#-----------
snapshot=49
#-----------
time=22729010038
mem_heap_B=166272700
mem_heap_extra_B=9444
mem_stacks_B=0
heap_tree=empty
#-----------
snapshot=50
#-----------
time=22973474250
mem_heap_B=166272700
mem_heap_extra_B=9444
mem_stacks_B=0
heap_tree=empty
#-----------
snapshot=51
#-----------
time=23259339776
mem_heap_B=89595776
mem_heap_extra_B=9248
mem_stacks_B=0
heap_tree=empty
#-----------
snapshot=52
#-----------
time=23503805404
mem_heap_B=89595776
mem_heap_extra_B=9248
mem_stacks_B=0
heap_tree=empty
#-----------
snapshot=53
#-----------
time=23748271959
mem_heap_B=89595776
mem_heap_extra_B=9248
mem_stacks_B=0
heap_tree=empty
#-----------
snapshot=54
#-----------
time=23992738199
mem_heap_B=89595776
mem_heap_extra_B=9248
mem_stacks_B=0
heap_tree=empty
#-----------
snapshot=55
#-----------
time=24625329584
mem_heap_B=82615496
mem_heap_extra_B=9944
mem_stacks_B=0
heap_tree=empty
#-----------
snapshot=56
#-----------
time=25360897799
mem_heap_B=67162384
mem_heap_extra_B=8904
mem_stacks_B=0
heap_tree=empty
