desc: --massif-out-file=/home/xzou2/alac_fastbit_comp/alac_multi_engine/script/exp_results/mem_trace/epd_3var_.001.log
cmd: /home/xzou2/alac_fastbit_comp/alac_multi_engine/build/bin/multiquery_decode_bmap 3 /home/xzou2/data/ii_index/s3d/1part_2G/pfd_epd/ uvel 42 44 vvel -4.9 -3.8 temp 7.3E2 7.4E2
time_unit: i
#-----------
snapshot=0
#-----------
time=0
mem_heap_B=0
mem_heap_extra_B=0
mem_stacks_B=0
heap_tree=empty
#-----------
snapshot=1
#-----------
time=111806569
mem_heap_B=78541108
mem_heap_extra_B=11428
mem_stacks_B=0
heap_tree=detailed
n4: 78541108 (heap allocation functions) malloc/new/new[], --alloc-fns, etc.
 n1: 33554432 0x401BAE: doMultiQueryValueConstraint (multiquery_decode_bmap.c:185)
  n1: 33554432 0x40280D: process_query (multiquery_decode_bmap.c:424)
   n0: 33554432 0x402893: main (multiquery_decode_bmap.c:454)
 n1: 33554432 0x401C76: doMultiQueryValueConstraint (multiquery_decode_bmap.c:205)
  n1: 33554432 0x40280D: process_query (multiquery_decode_bmap.c:424)
   n0: 33554432 0x402893: main (multiquery_decode_bmap.c:454)
 n1: 11396432 0x407E60: ALPartitionStoreReadIndexBinsPOSIX (ALStorePOSIX.c:542)
  n1: 11396432 0x402DDE: ALPartitionStoreReadIndexBins (ALStore.c:222)
   n1: 11396432 0x401F47: doMultiQueryValueConstraint (multiquery_decode_bmap.c:242)
    n1: 11396432 0x40280D: process_query (multiquery_decode_bmap.c:424)
     n0: 11396432 0x402893: main (multiquery_decode_bmap.c:454)
 n0: 35812 in 22 places, all below massif's threshold (01.00%)
#-----------
snapshot=2
#-----------
time=271712154
mem_heap_B=78541108
mem_heap_extra_B=11428
mem_stacks_B=0
heap_tree=empty
#-----------
snapshot=3
#-----------
time=499236205
mem_heap_B=78541108
mem_heap_extra_B=11428
mem_stacks_B=0
heap_tree=detailed
n4: 78541108 (heap allocation functions) malloc/new/new[], --alloc-fns, etc.
 n1: 33554432 0x401BAE: doMultiQueryValueConstraint (multiquery_decode_bmap.c:185)
  n1: 33554432 0x40280D: process_query (multiquery_decode_bmap.c:424)
   n0: 33554432 0x402893: main (multiquery_decode_bmap.c:454)
 n1: 33554432 0x401C76: doMultiQueryValueConstraint (multiquery_decode_bmap.c:205)
  n1: 33554432 0x40280D: process_query (multiquery_decode_bmap.c:424)
   n0: 33554432 0x402893: main (multiquery_decode_bmap.c:454)
 n1: 11396432 0x407E60: ALPartitionStoreReadIndexBinsPOSIX (ALStorePOSIX.c:542)
  n1: 11396432 0x402DDE: ALPartitionStoreReadIndexBins (ALStore.c:222)
   n1: 11396432 0x401F47: doMultiQueryValueConstraint (multiquery_decode_bmap.c:242)
    n1: 11396432 0x40280D: process_query (multiquery_decode_bmap.c:424)
     n0: 11396432 0x402893: main (multiquery_decode_bmap.c:454)
 n0: 35812 in 22 places, all below massif's threshold (01.00%)
#-----------
snapshot=4
#-----------
time=608760806
mem_heap_B=78541108
mem_heap_extra_B=11428
mem_stacks_B=0
heap_tree=detailed
n4: 78541108 (heap allocation functions) malloc/new/new[], --alloc-fns, etc.
 n1: 33554432 0x401BAE: doMultiQueryValueConstraint (multiquery_decode_bmap.c:185)
  n1: 33554432 0x40280D: process_query (multiquery_decode_bmap.c:424)
   n0: 33554432 0x402893: main (multiquery_decode_bmap.c:454)
 n1: 33554432 0x401C76: doMultiQueryValueConstraint (multiquery_decode_bmap.c:205)
  n1: 33554432 0x40280D: process_query (multiquery_decode_bmap.c:424)
   n0: 33554432 0x402893: main (multiquery_decode_bmap.c:454)
 n1: 11396432 0x407E60: ALPartitionStoreReadIndexBinsPOSIX (ALStorePOSIX.c:542)
  n1: 11396432 0x402DDE: ALPartitionStoreReadIndexBins (ALStore.c:222)
   n1: 11396432 0x401F47: doMultiQueryValueConstraint (multiquery_decode_bmap.c:242)
    n1: 11396432 0x40280D: process_query (multiquery_decode_bmap.c:424)
     n0: 11396432 0x402893: main (multiquery_decode_bmap.c:454)
 n0: 35812 in 22 places, all below massif's threshold (01.00%)
#-----------
snapshot=5
#-----------
time=770869222
mem_heap_B=78541108
mem_heap_extra_B=11428
mem_stacks_B=0
heap_tree=empty
#-----------
snapshot=6
#-----------
time=1013263988
mem_heap_B=78541108
mem_heap_extra_B=11428
mem_stacks_B=0
heap_tree=empty
#-----------
snapshot=7
#-----------
time=1152472949
mem_heap_B=78541108
mem_heap_extra_B=11428
mem_stacks_B=0
heap_tree=empty
#-----------
snapshot=8
#-----------
time=1266368933
mem_heap_B=78541108
mem_heap_extra_B=11428
mem_stacks_B=0
heap_tree=empty
#-----------
snapshot=9
#-----------
time=1405644368
mem_heap_B=78541108
mem_heap_extra_B=11428
mem_stacks_B=0
heap_tree=empty
#-----------
snapshot=10
#-----------
time=1582887487
mem_heap_B=78541108
mem_heap_extra_B=11428
mem_stacks_B=0
heap_tree=empty
#-----------
snapshot=11
#-----------
time=1699465804
mem_heap_B=80391100
mem_heap_extra_B=12828
mem_stacks_B=0
heap_tree=empty
#-----------
snapshot=12
#-----------
time=1838731081
mem_heap_B=80391100
mem_heap_extra_B=12828
mem_stacks_B=0
heap_tree=empty
#-----------
snapshot=13
#-----------
time=2045834376
mem_heap_B=80391100
mem_heap_extra_B=12828
mem_stacks_B=0
heap_tree=empty
#-----------
snapshot=14
#-----------
time=2168020232
mem_heap_B=80391100
mem_heap_extra_B=12828
mem_stacks_B=0
heap_tree=empty
#-----------
snapshot=15
#-----------
time=2404035491
mem_heap_B=110720140
mem_heap_extra_B=11092
mem_stacks_B=0
heap_tree=peak
n4: 110720140 (heap allocation functions) malloc/new/new[], --alloc-fns, etc.
 n1: 43574952 0x407E60: ALPartitionStoreReadIndexBinsPOSIX (ALStorePOSIX.c:542)
  n1: 43574952 0x402DDE: ALPartitionStoreReadIndexBins (ALStore.c:222)
   n1: 43574952 0x401F47: doMultiQueryValueConstraint (multiquery_decode_bmap.c:242)
    n1: 43574952 0x40280D: process_query (multiquery_decode_bmap.c:424)
     n0: 43574952 0x402893: main (multiquery_decode_bmap.c:454)
 n1: 33554432 0x401BAE: doMultiQueryValueConstraint (multiquery_decode_bmap.c:185)
  n1: 33554432 0x40280D: process_query (multiquery_decode_bmap.c:424)
   n0: 33554432 0x402893: main (multiquery_decode_bmap.c:454)
 n1: 33554432 0x401C76: doMultiQueryValueConstraint (multiquery_decode_bmap.c:205)
  n1: 33554432 0x40280D: process_query (multiquery_decode_bmap.c:424)
   n0: 33554432 0x402893: main (multiquery_decode_bmap.c:454)
 n0: 36324 in 22 places, all below massif's threshold (01.00%)
#-----------
snapshot=16
#-----------
time=2543388322
mem_heap_B=110719628
mem_heap_extra_B=11084
mem_stacks_B=0
heap_tree=empty
#-----------
snapshot=17
#-----------
time=2693155174
mem_heap_B=110719628
mem_heap_extra_B=11084
mem_stacks_B=0
heap_tree=empty
#-----------
snapshot=18
#-----------
time=2852585964
mem_heap_B=110719628
mem_heap_extra_B=11084
mem_stacks_B=0
heap_tree=empty
#-----------
snapshot=19
#-----------
time=3022565243
mem_heap_B=110719628
mem_heap_extra_B=11084
mem_stacks_B=0
heap_tree=empty
#-----------
snapshot=20
#-----------
time=3199123779
mem_heap_B=110719628
mem_heap_extra_B=11084
mem_stacks_B=0
heap_tree=empty
#-----------
snapshot=21
#-----------
time=3376910403
mem_heap_B=110719628
mem_heap_extra_B=11084
mem_stacks_B=0
heap_tree=empty
#-----------
snapshot=22
#-----------
time=3576391531
mem_heap_B=110719628
mem_heap_extra_B=11084
mem_stacks_B=0
heap_tree=empty
#-----------
snapshot=23
#-----------
time=3820952526
mem_heap_B=110719628
mem_heap_extra_B=11084
mem_stacks_B=0
heap_tree=empty
#-----------
snapshot=24
#-----------
time=4004367550
mem_heap_B=110719628
mem_heap_extra_B=11084
mem_stacks_B=0
heap_tree=empty
#-----------
snapshot=25
#-----------
time=4187787433
mem_heap_B=110719628
mem_heap_extra_B=11084
mem_stacks_B=0
heap_tree=empty
#-----------
snapshot=26
#-----------
time=4401776216
mem_heap_B=110719628
mem_heap_extra_B=11084
mem_stacks_B=0
heap_tree=empty
#-----------
snapshot=27
#-----------
time=4554627666
mem_heap_B=110719628
mem_heap_extra_B=11084
mem_stacks_B=0
heap_tree=empty
#-----------
snapshot=28
#-----------
time=4707470482
mem_heap_B=110719628
mem_heap_extra_B=11084
mem_stacks_B=0
heap_tree=empty
#-----------
snapshot=29
#-----------
time=4890893994
mem_heap_B=110719628
mem_heap_extra_B=11084
mem_stacks_B=0
heap_tree=empty
#-----------
snapshot=30
#-----------
time=5104886905
mem_heap_B=110719628
mem_heap_extra_B=11084
mem_stacks_B=0
heap_tree=empty
#-----------
snapshot=31
#-----------
time=5349452911
mem_heap_B=110719628
mem_heap_extra_B=11084
mem_stacks_B=0
heap_tree=empty
#-----------
snapshot=32
#-----------
time=5471739117
mem_heap_B=110719628
mem_heap_extra_B=11084
mem_stacks_B=0
heap_tree=empty
#-----------
snapshot=33
#-----------
time=5716305924
mem_heap_B=110719628
mem_heap_extra_B=11084
mem_stacks_B=0
heap_tree=empty
#-----------
snapshot=34
#-----------
time=5838592038
mem_heap_B=110719628
mem_heap_extra_B=11084
mem_stacks_B=0
heap_tree=detailed
n4: 110719628 (heap allocation functions) malloc/new/new[], --alloc-fns, etc.
 n1: 43574952 0x407E60: ALPartitionStoreReadIndexBinsPOSIX (ALStorePOSIX.c:542)
  n1: 43574952 0x402DDE: ALPartitionStoreReadIndexBins (ALStore.c:222)
   n1: 43574952 0x401F47: doMultiQueryValueConstraint (multiquery_decode_bmap.c:242)
    n1: 43574952 0x40280D: process_query (multiquery_decode_bmap.c:424)
     n0: 43574952 0x402893: main (multiquery_decode_bmap.c:454)
 n1: 33554432 0x401BAE: doMultiQueryValueConstraint (multiquery_decode_bmap.c:185)
  n1: 33554432 0x40280D: process_query (multiquery_decode_bmap.c:424)
   n0: 33554432 0x402893: main (multiquery_decode_bmap.c:454)
 n1: 33554432 0x401C76: doMultiQueryValueConstraint (multiquery_decode_bmap.c:205)
  n1: 33554432 0x40280D: process_query (multiquery_decode_bmap.c:424)
   n0: 33554432 0x402893: main (multiquery_decode_bmap.c:454)
 n0: 35812 in 22 places, all below massif's threshold (01.00%)
#-----------
snapshot=35
#-----------
time=6022019766
mem_heap_B=110719628
mem_heap_extra_B=11084
mem_stacks_B=0
heap_tree=empty
#-----------
snapshot=36
#-----------
time=6144304392
mem_heap_B=110719628
mem_heap_extra_B=11084
mem_stacks_B=0
heap_tree=empty
#-----------
snapshot=37
#-----------
time=6266587461
mem_heap_B=110719628
mem_heap_extra_B=11084
mem_stacks_B=0
heap_tree=empty
#-----------
snapshot=38
#-----------
time=6450013275
mem_heap_B=110719628
mem_heap_extra_B=11084
mem_stacks_B=0
heap_tree=detailed
n4: 110719628 (heap allocation functions) malloc/new/new[], --alloc-fns, etc.
 n1: 43574952 0x407E60: ALPartitionStoreReadIndexBinsPOSIX (ALStorePOSIX.c:542)
  n1: 43574952 0x402DDE: ALPartitionStoreReadIndexBins (ALStore.c:222)
   n1: 43574952 0x401F47: doMultiQueryValueConstraint (multiquery_decode_bmap.c:242)
    n1: 43574952 0x40280D: process_query (multiquery_decode_bmap.c:424)
     n0: 43574952 0x402893: main (multiquery_decode_bmap.c:454)
 n1: 33554432 0x401BAE: doMultiQueryValueConstraint (multiquery_decode_bmap.c:185)
  n1: 33554432 0x40280D: process_query (multiquery_decode_bmap.c:424)
   n0: 33554432 0x402893: main (multiquery_decode_bmap.c:454)
 n1: 33554432 0x401C76: doMultiQueryValueConstraint (multiquery_decode_bmap.c:205)
  n1: 33554432 0x40280D: process_query (multiquery_decode_bmap.c:424)
   n0: 33554432 0x402893: main (multiquery_decode_bmap.c:454)
 n0: 35812 in 22 places, all below massif's threshold (01.00%)
#-----------
snapshot=39
#-----------
time=6633436896
mem_heap_B=110719628
mem_heap_extra_B=11084
mem_stacks_B=0
heap_tree=empty
#-----------
snapshot=40
#-----------
time=6816861181
mem_heap_B=110719628
mem_heap_extra_B=11084
mem_stacks_B=0
heap_tree=empty
#-----------
snapshot=41
#-----------
time=6939145589
mem_heap_B=110719628
mem_heap_extra_B=11084
mem_stacks_B=0
heap_tree=empty
#-----------
snapshot=42
#-----------
time=7061431098
mem_heap_B=110719628
mem_heap_extra_B=11084
mem_stacks_B=0
heap_tree=detailed
n4: 110719628 (heap allocation functions) malloc/new/new[], --alloc-fns, etc.
 n1: 43574952 0x407E60: ALPartitionStoreReadIndexBinsPOSIX (ALStorePOSIX.c:542)
  n1: 43574952 0x402DDE: ALPartitionStoreReadIndexBins (ALStore.c:222)
   n1: 43574952 0x401F47: doMultiQueryValueConstraint (multiquery_decode_bmap.c:242)
    n1: 43574952 0x40280D: process_query (multiquery_decode_bmap.c:424)
     n0: 43574952 0x402893: main (multiquery_decode_bmap.c:454)
 n1: 33554432 0x401BAE: doMultiQueryValueConstraint (multiquery_decode_bmap.c:185)
  n1: 33554432 0x40280D: process_query (multiquery_decode_bmap.c:424)
   n0: 33554432 0x402893: main (multiquery_decode_bmap.c:454)
 n1: 33554432 0x401C76: doMultiQueryValueConstraint (multiquery_decode_bmap.c:205)
  n1: 33554432 0x40280D: process_query (multiquery_decode_bmap.c:424)
   n0: 33554432 0x402893: main (multiquery_decode_bmap.c:454)
 n0: 35812 in 22 places, all below massif's threshold (01.00%)
#-----------
snapshot=43
#-----------
time=7183721365
mem_heap_B=110719628
mem_heap_extra_B=11084
mem_stacks_B=0
heap_tree=empty
#-----------
snapshot=44
#-----------
time=7306008196
mem_heap_B=110719628
mem_heap_extra_B=11084
mem_stacks_B=0
heap_tree=empty
#-----------
snapshot=45
#-----------
time=7428290548
mem_heap_B=110719628
mem_heap_extra_B=11084
mem_stacks_B=0
heap_tree=empty
#-----------
snapshot=46
#-----------
time=7611714922
mem_heap_B=110719628
mem_heap_extra_B=11084
mem_stacks_B=0
heap_tree=empty
#-----------
snapshot=47
#-----------
time=7734001039
mem_heap_B=110719628
mem_heap_extra_B=11084
mem_stacks_B=0
heap_tree=empty
#-----------
snapshot=48
#-----------
time=7917427421
mem_heap_B=110719628
mem_heap_extra_B=11084
mem_stacks_B=0
heap_tree=empty
#-----------
snapshot=49
#-----------
time=8100851393
mem_heap_B=110719628
mem_heap_extra_B=11084
mem_stacks_B=0
heap_tree=empty
#-----------
snapshot=50
#-----------
time=8210377738
mem_heap_B=110719628
mem_heap_extra_B=11084
mem_stacks_B=0
heap_tree=empty
#-----------
snapshot=51
#-----------
time=8319903276
mem_heap_B=110719628
mem_heap_extra_B=11084
mem_stacks_B=0
heap_tree=empty
#-----------
snapshot=52
#-----------
time=8429433803
mem_heap_B=110719628
mem_heap_extra_B=11084
mem_stacks_B=0
heap_tree=detailed
n4: 110719628 (heap allocation functions) malloc/new/new[], --alloc-fns, etc.
 n1: 43574952 0x407E60: ALPartitionStoreReadIndexBinsPOSIX (ALStorePOSIX.c:542)
  n1: 43574952 0x402DDE: ALPartitionStoreReadIndexBins (ALStore.c:222)
   n1: 43574952 0x401F47: doMultiQueryValueConstraint (multiquery_decode_bmap.c:242)
    n1: 43574952 0x40280D: process_query (multiquery_decode_bmap.c:424)
     n0: 43574952 0x402893: main (multiquery_decode_bmap.c:454)
 n1: 33554432 0x401BAE: doMultiQueryValueConstraint (multiquery_decode_bmap.c:185)
  n1: 33554432 0x40280D: process_query (multiquery_decode_bmap.c:424)
   n0: 33554432 0x402893: main (multiquery_decode_bmap.c:454)
 n1: 33554432 0x401C76: doMultiQueryValueConstraint (multiquery_decode_bmap.c:205)
  n1: 33554432 0x40280D: process_query (multiquery_decode_bmap.c:424)
   n0: 33554432 0x402893: main (multiquery_decode_bmap.c:454)
 n0: 35812 in 22 places, all below massif's threshold (01.00%)
#-----------
snapshot=53
#-----------
time=8538959358
mem_heap_B=110719628
mem_heap_extra_B=11084
mem_stacks_B=0
heap_tree=empty
#-----------
snapshot=54
#-----------
time=8648486004
mem_heap_B=110719628
mem_heap_extra_B=11084
mem_stacks_B=0
heap_tree=empty
#-----------
snapshot=55
#-----------
time=8758014785
mem_heap_B=110719628
mem_heap_extra_B=11084
mem_stacks_B=0
heap_tree=empty
#-----------
snapshot=56
#-----------
time=8867541680
mem_heap_B=110719628
mem_heap_extra_B=11084
mem_stacks_B=0
heap_tree=empty
#-----------
snapshot=57
#-----------
time=8977070407
mem_heap_B=110719628
mem_heap_extra_B=11084
mem_stacks_B=0
heap_tree=empty
#-----------
snapshot=58
#-----------
time=9086600953
mem_heap_B=110719628
mem_heap_extra_B=11084
mem_stacks_B=0
heap_tree=empty
#-----------
snapshot=59
#-----------
time=9196130011
mem_heap_B=110719628
mem_heap_extra_B=11084
mem_stacks_B=0
heap_tree=empty
#-----------
snapshot=60
#-----------
time=9305654936
mem_heap_B=110719628
mem_heap_extra_B=11084
mem_stacks_B=0
heap_tree=empty
#-----------
snapshot=61
#-----------
time=9415182297
mem_heap_B=110719628
mem_heap_extra_B=11084
mem_stacks_B=0
heap_tree=empty
#-----------
snapshot=62
#-----------
time=9524707615
mem_heap_B=110719628
mem_heap_extra_B=11084
mem_stacks_B=0
heap_tree=detailed
n4: 110719628 (heap allocation functions) malloc/new/new[], --alloc-fns, etc.
 n1: 43574952 0x407E60: ALPartitionStoreReadIndexBinsPOSIX (ALStorePOSIX.c:542)
  n1: 43574952 0x402DDE: ALPartitionStoreReadIndexBins (ALStore.c:222)
   n1: 43574952 0x401F47: doMultiQueryValueConstraint (multiquery_decode_bmap.c:242)
    n1: 43574952 0x40280D: process_query (multiquery_decode_bmap.c:424)
     n0: 43574952 0x402893: main (multiquery_decode_bmap.c:454)
 n1: 33554432 0x401BAE: doMultiQueryValueConstraint (multiquery_decode_bmap.c:185)
  n1: 33554432 0x40280D: process_query (multiquery_decode_bmap.c:424)
   n0: 33554432 0x402893: main (multiquery_decode_bmap.c:454)
 n1: 33554432 0x401C76: doMultiQueryValueConstraint (multiquery_decode_bmap.c:205)
  n1: 33554432 0x40280D: process_query (multiquery_decode_bmap.c:424)
   n0: 33554432 0x402893: main (multiquery_decode_bmap.c:454)
 n0: 35812 in 22 places, all below massif's threshold (01.00%)
#-----------
snapshot=63
#-----------
time=9634235326
mem_heap_B=110719628
mem_heap_extra_B=11084
mem_stacks_B=0
heap_tree=empty
#-----------
snapshot=64
#-----------
time=9743762887
mem_heap_B=110719628
mem_heap_extra_B=11084
mem_stacks_B=0
heap_tree=empty
#-----------
snapshot=65
#-----------
time=9853290694
mem_heap_B=110719628
mem_heap_extra_B=11084
mem_stacks_B=0
heap_tree=empty
#-----------
snapshot=66
#-----------
time=9962816635
mem_heap_B=110719628
mem_heap_extra_B=11084
mem_stacks_B=0
heap_tree=empty
#-----------
snapshot=67
#-----------
time=10072343692
mem_heap_B=110719628
mem_heap_extra_B=11084
mem_stacks_B=0
heap_tree=empty
#-----------
snapshot=68
#-----------
time=10181870865
mem_heap_B=110719628
mem_heap_extra_B=11084
mem_stacks_B=0
heap_tree=empty
#-----------
snapshot=69
#-----------
time=10291398306
mem_heap_B=110719628
mem_heap_extra_B=11084
mem_stacks_B=0
heap_tree=empty
#-----------
snapshot=70
#-----------
time=10400927730
mem_heap_B=110719628
mem_heap_extra_B=11084
mem_stacks_B=0
heap_tree=empty
#-----------
snapshot=71
#-----------
time=10510454259
mem_heap_B=110719628
mem_heap_extra_B=11084
mem_stacks_B=0
heap_tree=empty
#-----------
snapshot=72
#-----------
time=10619982867
mem_heap_B=110719628
mem_heap_extra_B=11084
mem_stacks_B=0
heap_tree=detailed
n4: 110719628 (heap allocation functions) malloc/new/new[], --alloc-fns, etc.
 n1: 43574952 0x407E60: ALPartitionStoreReadIndexBinsPOSIX (ALStorePOSIX.c:542)
  n1: 43574952 0x402DDE: ALPartitionStoreReadIndexBins (ALStore.c:222)
   n1: 43574952 0x401F47: doMultiQueryValueConstraint (multiquery_decode_bmap.c:242)
    n1: 43574952 0x40280D: process_query (multiquery_decode_bmap.c:424)
     n0: 43574952 0x402893: main (multiquery_decode_bmap.c:454)
 n1: 33554432 0x401BAE: doMultiQueryValueConstraint (multiquery_decode_bmap.c:185)
  n1: 33554432 0x40280D: process_query (multiquery_decode_bmap.c:424)
   n0: 33554432 0x402893: main (multiquery_decode_bmap.c:454)
 n1: 33554432 0x401C76: doMultiQueryValueConstraint (multiquery_decode_bmap.c:205)
  n1: 33554432 0x40280D: process_query (multiquery_decode_bmap.c:424)
   n0: 33554432 0x402893: main (multiquery_decode_bmap.c:454)
 n0: 35812 in 22 places, all below massif's threshold (01.00%)
#-----------
snapshot=73
#-----------
time=10729508684
mem_heap_B=110719628
mem_heap_extra_B=11084
mem_stacks_B=0
heap_tree=empty
#-----------
snapshot=74
#-----------
time=11282801250
mem_heap_B=72525380
mem_heap_extra_B=10132
mem_stacks_B=0
heap_tree=empty
#-----------
snapshot=75
#-----------
time=11828724647
mem_heap_B=67144676
mem_heap_extra_B=8748
mem_stacks_B=0
heap_tree=empty
