desc: --massif-out-file=/home/xzou2/alac_fastbit_comp/alac_multi_engine/script/exp_results/mem_trace/merge_4var_1.log
cmd: /home/xzou2/alac_fastbit_comp/alac_multi_engine/build/bin/multiquery_merge 4 /home/xzou2/data/ii_index/s3d/1part_2G/pfd/ uvel 53 93 vvel -5.7 4.2 temp 6.8E2 19E2 wvel 3.7 5.7
time_unit: i
#-----------
snapshot=0
#-----------
time=0
mem_heap_B=0
mem_heap_extra_B=0
mem_stacks_B=0
heap_tree=empty
#-----------
snapshot=1
#-----------
time=589837235
mem_heap_B=118501472
mem_heap_extra_B=9024
mem_stacks_B=0
heap_tree=empty
#-----------
snapshot=2
#-----------
time=1042991670
mem_heap_B=118501984
mem_heap_extra_B=9032
mem_stacks_B=0
heap_tree=empty
#-----------
snapshot=3
#-----------
time=1549653367
mem_heap_B=118501472
mem_heap_extra_B=9024
mem_stacks_B=0
heap_tree=empty
#-----------
snapshot=4
#-----------
time=2152889381
mem_heap_B=118501472
mem_heap_extra_B=9024
mem_stacks_B=0
heap_tree=empty
#-----------
snapshot=5
#-----------
time=2636420156
mem_heap_B=118501472
mem_heap_extra_B=9024
mem_stacks_B=0
heap_tree=empty
#-----------
snapshot=6
#-----------
time=2922150987
mem_heap_B=118501472
mem_heap_extra_B=9024
mem_stacks_B=0
heap_tree=empty
#-----------
snapshot=7
#-----------
time=3370511239
mem_heap_B=118501472
mem_heap_extra_B=9024
mem_stacks_B=0
heap_tree=empty
#-----------
snapshot=8
#-----------
time=3792477556
mem_heap_B=118501472
mem_heap_extra_B=9024
mem_stacks_B=0
heap_tree=empty
#-----------
snapshot=9
#-----------
time=4073786775
mem_heap_B=118501472
mem_heap_extra_B=9024
mem_stacks_B=0
heap_tree=empty
#-----------
snapshot=10
#-----------
time=4671571007
mem_heap_B=118501472
mem_heap_extra_B=9024
mem_stacks_B=0
heap_tree=empty
#-----------
snapshot=11
#-----------
time=5141923281
mem_heap_B=118501472
mem_heap_extra_B=9024
mem_stacks_B=0
heap_tree=empty
#-----------
snapshot=12
#-----------
time=5430865138
mem_heap_B=237327104
mem_heap_extra_B=12968
mem_stacks_B=0
heap_tree=peak
n4: 237327104 (heap allocation functions) malloc/new/new[], --alloc-fns, etc.
 n1: 170164208 0x407E68: ALPartitionStoreReadIndexBinsPOSIX (ALStorePOSIX.c:542)
  n1: 170164208 0x402DE6: ALPartitionStoreReadIndexBins (ALStore.c:222)
   n1: 170164208 0x401F47: doMultiQueryValueConstraint (multiquery_merge.c:242)
    n1: 170164208 0x402813: process_query (multiquery_merge.c:425)
     n0: 170164208 0x402899: main (multiquery_merge.c:455)
 n1: 33554432 0x401BAE: doMultiQueryValueConstraint (multiquery_merge.c:185)
  n1: 33554432 0x402813: process_query (multiquery_merge.c:425)
   n0: 33554432 0x402899: main (multiquery_merge.c:455)
 n1: 33554432 0x401C76: doMultiQueryValueConstraint (multiquery_merge.c:205)
  n1: 33554432 0x402813: process_query (multiquery_merge.c:425)
   n0: 33554432 0x402899: main (multiquery_merge.c:455)
 n0: 54032 in 22 places, all below massif's threshold (01.00%)
#-----------
snapshot=13
#-----------
time=6090239412
mem_heap_B=237326592
mem_heap_extra_B=12960
mem_stacks_B=0
heap_tree=detailed
n4: 237326592 (heap allocation functions) malloc/new/new[], --alloc-fns, etc.
 n1: 170164208 0x407E68: ALPartitionStoreReadIndexBinsPOSIX (ALStorePOSIX.c:542)
  n1: 170164208 0x402DE6: ALPartitionStoreReadIndexBins (ALStore.c:222)
   n1: 170164208 0x401F47: doMultiQueryValueConstraint (multiquery_merge.c:242)
    n1: 170164208 0x402813: process_query (multiquery_merge.c:425)
     n0: 170164208 0x402899: main (multiquery_merge.c:455)
 n1: 33554432 0x401BAE: doMultiQueryValueConstraint (multiquery_merge.c:185)
  n1: 33554432 0x402813: process_query (multiquery_merge.c:425)
   n0: 33554432 0x402899: main (multiquery_merge.c:455)
 n1: 33554432 0x401C76: doMultiQueryValueConstraint (multiquery_merge.c:205)
  n1: 33554432 0x402813: process_query (multiquery_merge.c:425)
   n0: 33554432 0x402899: main (multiquery_merge.c:455)
 n0: 53520 in 22 places, all below massif's threshold (01.00%)
#-----------
snapshot=14
#-----------
time=6419928676
mem_heap_B=237326592
mem_heap_extra_B=12960
mem_stacks_B=0
heap_tree=empty
#-----------
snapshot=15
#-----------
time=7013378023
mem_heap_B=237326592
mem_heap_extra_B=12960
mem_stacks_B=0
heap_tree=empty
#-----------
snapshot=16
#-----------
time=7474939443
mem_heap_B=237326592
mem_heap_extra_B=12960
mem_stacks_B=0
heap_tree=empty
#-----------
snapshot=17
#-----------
time=7936503901
mem_heap_B=237326592
mem_heap_extra_B=12960
mem_stacks_B=0
heap_tree=empty
#-----------
snapshot=18
#-----------
time=8450801949
mem_heap_B=237326592
mem_heap_extra_B=12960
mem_stacks_B=0
heap_tree=empty
#-----------
snapshot=19
#-----------
time=8767287412
mem_heap_B=237326592
mem_heap_extra_B=12960
mem_stacks_B=0
heap_tree=empty
#-----------
snapshot=20
#-----------
time=9189274834
mem_heap_B=237326592
mem_heap_extra_B=12960
mem_stacks_B=0
heap_tree=empty
#-----------
snapshot=21
#-----------
time=9505766951
mem_heap_B=237326592
mem_heap_extra_B=12960
mem_stacks_B=0
heap_tree=empty
#-----------
snapshot=22
#-----------
time=10033248840
mem_heap_B=237326592
mem_heap_extra_B=12960
mem_stacks_B=0
heap_tree=empty
#-----------
snapshot=23
#-----------
time=10455233590
mem_heap_B=237326592
mem_heap_extra_B=12960
mem_stacks_B=0
heap_tree=empty
#-----------
snapshot=24
#-----------
time=11088208718
mem_heap_B=237326592
mem_heap_extra_B=12960
mem_stacks_B=0
heap_tree=empty
#-----------
snapshot=25
#-----------
time=11510192323
mem_heap_B=237326592
mem_heap_extra_B=12960
mem_stacks_B=0
heap_tree=empty
#-----------
snapshot=26
#-----------
time=11826680281
mem_heap_B=237326592
mem_heap_extra_B=12960
mem_stacks_B=0
heap_tree=empty
#-----------
snapshot=27
#-----------
time=12248666115
mem_heap_B=237326592
mem_heap_extra_B=12960
mem_stacks_B=0
heap_tree=detailed
n4: 237326592 (heap allocation functions) malloc/new/new[], --alloc-fns, etc.
 n1: 170164208 0x407E68: ALPartitionStoreReadIndexBinsPOSIX (ALStorePOSIX.c:542)
  n1: 170164208 0x402DE6: ALPartitionStoreReadIndexBins (ALStore.c:222)
   n1: 170164208 0x401F47: doMultiQueryValueConstraint (multiquery_merge.c:242)
    n1: 170164208 0x402813: process_query (multiquery_merge.c:425)
     n0: 170164208 0x402899: main (multiquery_merge.c:455)
 n1: 33554432 0x401BAE: doMultiQueryValueConstraint (multiquery_merge.c:185)
  n1: 33554432 0x402813: process_query (multiquery_merge.c:425)
   n0: 33554432 0x402899: main (multiquery_merge.c:455)
 n1: 33554432 0x401C76: doMultiQueryValueConstraint (multiquery_merge.c:205)
  n1: 33554432 0x402813: process_query (multiquery_merge.c:425)
   n0: 33554432 0x402899: main (multiquery_merge.c:455)
 n0: 53520 in 22 places, all below massif's threshold (01.00%)
#-----------
snapshot=28
#-----------
time=12504604103
mem_heap_B=164447004
mem_heap_extra_B=12420
mem_stacks_B=0
heap_tree=empty
#-----------
snapshot=29
#-----------
time=13137579725
mem_heap_B=164447004
mem_heap_extra_B=12420
mem_stacks_B=0
heap_tree=empty
#-----------
snapshot=30
#-----------
time=13621114534
mem_heap_B=164447004
mem_heap_extra_B=12420
mem_stacks_B=0
heap_tree=empty
#-----------
snapshot=31
#-----------
time=14289287781
mem_heap_B=164447004
mem_heap_extra_B=12420
mem_stacks_B=0
heap_tree=empty
#-----------
snapshot=32
#-----------
time=14623374156
mem_heap_B=164447004
mem_heap_extra_B=12420
mem_stacks_B=0
heap_tree=empty
#-----------
snapshot=33
#-----------
time=14957465866
mem_heap_B=164447004
mem_heap_extra_B=12420
mem_stacks_B=0
heap_tree=detailed
n4: 164447004 (heap allocation functions) malloc/new/new[], --alloc-fns, etc.
 n1: 97284620 0x407E68: ALPartitionStoreReadIndexBinsPOSIX (ALStorePOSIX.c:542)
  n1: 97284620 0x402DE6: ALPartitionStoreReadIndexBins (ALStore.c:222)
   n1: 97284620 0x401F47: doMultiQueryValueConstraint (multiquery_merge.c:242)
    n1: 97284620 0x402813: process_query (multiquery_merge.c:425)
     n0: 97284620 0x402899: main (multiquery_merge.c:455)
 n1: 33554432 0x401BAE: doMultiQueryValueConstraint (multiquery_merge.c:185)
  n1: 33554432 0x402813: process_query (multiquery_merge.c:425)
   n0: 33554432 0x402899: main (multiquery_merge.c:455)
 n1: 33554432 0x401C76: doMultiQueryValueConstraint (multiquery_merge.c:205)
  n1: 33554432 0x402813: process_query (multiquery_merge.c:425)
   n0: 33554432 0x402899: main (multiquery_merge.c:455)
 n0: 53520 in 22 places, all below massif's threshold (01.00%)
#-----------
snapshot=34
#-----------
time=15291552498
mem_heap_B=164447004
mem_heap_extra_B=12420
mem_stacks_B=0
heap_tree=empty
#-----------
snapshot=35
#-----------
time=15625640315
mem_heap_B=164447004
mem_heap_extra_B=12420
mem_stacks_B=0
heap_tree=empty
#-----------
snapshot=36
#-----------
time=15959732288
mem_heap_B=164447004
mem_heap_extra_B=12420
mem_stacks_B=0
heap_tree=empty
#-----------
snapshot=37
#-----------
time=16627901084
mem_heap_B=164447516
mem_heap_extra_B=12428
mem_stacks_B=0
heap_tree=detailed
n4: 164447516 (heap allocation functions) malloc/new/new[], --alloc-fns, etc.
 n1: 97284620 0x407E68: ALPartitionStoreReadIndexBinsPOSIX (ALStorePOSIX.c:542)
  n1: 97284620 0x402DE6: ALPartitionStoreReadIndexBins (ALStore.c:222)
   n1: 97284620 0x401F47: doMultiQueryValueConstraint (multiquery_merge.c:242)
    n1: 97284620 0x402813: process_query (multiquery_merge.c:425)
     n0: 97284620 0x402899: main (multiquery_merge.c:455)
 n1: 33554432 0x401BAE: doMultiQueryValueConstraint (multiquery_merge.c:185)
  n1: 33554432 0x402813: process_query (multiquery_merge.c:425)
   n0: 33554432 0x402899: main (multiquery_merge.c:455)
 n1: 33554432 0x401C76: doMultiQueryValueConstraint (multiquery_merge.c:205)
  n1: 33554432 0x402813: process_query (multiquery_merge.c:425)
   n0: 33554432 0x402899: main (multiquery_merge.c:455)
 n0: 54032 in 22 places, all below massif's threshold (01.00%)
#-----------
snapshot=38
#-----------
time=16961986326
mem_heap_B=164447516
mem_heap_extra_B=12428
mem_stacks_B=0
heap_tree=empty
#-----------
snapshot=39
#-----------
time=17463118152
mem_heap_B=164447004
mem_heap_extra_B=12420
mem_stacks_B=0
heap_tree=empty
#-----------
snapshot=40
#-----------
time=17797207633
mem_heap_B=164447004
mem_heap_extra_B=12420
mem_stacks_B=0
heap_tree=empty
#-----------
snapshot=41
#-----------
time=18131298597
mem_heap_B=164447004
mem_heap_extra_B=12420
mem_stacks_B=0
heap_tree=empty
#-----------
snapshot=42
#-----------
time=18799472070
mem_heap_B=164447004
mem_heap_extra_B=12420
mem_stacks_B=0
heap_tree=empty
#-----------
snapshot=43
#-----------
time=19133565687
mem_heap_B=164447004
mem_heap_extra_B=12420
mem_stacks_B=0
heap_tree=empty
#-----------
snapshot=44
#-----------
time=19467653331
mem_heap_B=164447004
mem_heap_extra_B=12420
mem_stacks_B=0
heap_tree=empty
#-----------
snapshot=45
#-----------
time=19968784843
mem_heap_B=164447004
mem_heap_extra_B=12420
mem_stacks_B=0
heap_tree=detailed
n4: 164447004 (heap allocation functions) malloc/new/new[], --alloc-fns, etc.
 n1: 97284620 0x407E68: ALPartitionStoreReadIndexBinsPOSIX (ALStorePOSIX.c:542)
  n1: 97284620 0x402DE6: ALPartitionStoreReadIndexBins (ALStore.c:222)
   n1: 97284620 0x401F47: doMultiQueryValueConstraint (multiquery_merge.c:242)
    n1: 97284620 0x402813: process_query (multiquery_merge.c:425)
     n0: 97284620 0x402899: main (multiquery_merge.c:455)
 n1: 33554432 0x401BAE: doMultiQueryValueConstraint (multiquery_merge.c:185)
  n1: 33554432 0x402813: process_query (multiquery_merge.c:425)
   n0: 33554432 0x402899: main (multiquery_merge.c:455)
 n1: 33554432 0x401C76: doMultiQueryValueConstraint (multiquery_merge.c:205)
  n1: 33554432 0x402813: process_query (multiquery_merge.c:425)
   n0: 33554432 0x402899: main (multiquery_merge.c:455)
 n0: 53520 in 22 places, all below massif's threshold (01.00%)
#-----------
snapshot=46
#-----------
time=20302875958
mem_heap_B=164447004
mem_heap_extra_B=12420
mem_stacks_B=0
heap_tree=empty
#-----------
snapshot=47
#-----------
time=20804010184
mem_heap_B=164447004
mem_heap_extra_B=12420
mem_stacks_B=0
heap_tree=empty
#-----------
snapshot=48
#-----------
time=21305139317
mem_heap_B=164447004
mem_heap_extra_B=12420
mem_stacks_B=0
heap_tree=empty
#-----------
snapshot=49
#-----------
time=21806270843
mem_heap_B=164447004
mem_heap_extra_B=12420
mem_stacks_B=0
heap_tree=empty
#-----------
snapshot=50
#-----------
time=22062215694
mem_heap_B=164447004
mem_heap_extra_B=12420
mem_stacks_B=0
heap_tree=empty
#-----------
snapshot=51
#-----------
time=22318155063
mem_heap_B=164447004
mem_heap_extra_B=12420
mem_stacks_B=0
heap_tree=empty
#-----------
snapshot=52
#-----------
time=22574095423
mem_heap_B=164447004
mem_heap_extra_B=12420
mem_stacks_B=0
heap_tree=empty
#-----------
snapshot=53
#-----------
time=22830033862
mem_heap_B=164447004
mem_heap_extra_B=12420
mem_stacks_B=0
heap_tree=empty
#-----------
snapshot=54
#-----------
time=23085974841
mem_heap_B=164447004
mem_heap_extra_B=12420
mem_stacks_B=0
heap_tree=empty
#-----------
snapshot=55
#-----------
time=23341915295
mem_heap_B=164447004
mem_heap_extra_B=12420
mem_stacks_B=0
heap_tree=empty
#-----------
snapshot=56
#-----------
time=23597856471
mem_heap_B=164447004
mem_heap_extra_B=12420
mem_stacks_B=0
heap_tree=empty
#-----------
snapshot=57
#-----------
time=23853800616
mem_heap_B=164447004
mem_heap_extra_B=12420
mem_stacks_B=0
heap_tree=empty
#-----------
snapshot=58
#-----------
time=24109738638
mem_heap_B=88317848
mem_heap_extra_B=9744
mem_stacks_B=0
heap_tree=detailed
n4: 88317848 (heap allocation functions) malloc/new/new[], --alloc-fns, etc.
 n1: 33554432 0x401BAE: doMultiQueryValueConstraint (multiquery_merge.c:185)
  n1: 33554432 0x402813: process_query (multiquery_merge.c:425)
   n0: 33554432 0x402899: main (multiquery_merge.c:455)
 n1: 33554432 0x401C76: doMultiQueryValueConstraint (multiquery_merge.c:205)
  n1: 33554432 0x402813: process_query (multiquery_merge.c:425)
   n0: 33554432 0x402899: main (multiquery_merge.c:455)
 n1: 21154952 0x407E68: ALPartitionStoreReadIndexBinsPOSIX (ALStorePOSIX.c:542)
  n1: 21154952 0x402DE6: ALPartitionStoreReadIndexBins (ALStore.c:222)
   n1: 21154952 0x401F47: doMultiQueryValueConstraint (multiquery_merge.c:242)
    n1: 21154952 0x402813: process_query (multiquery_merge.c:425)
     n0: 21154952 0x402899: main (multiquery_merge.c:455)
 n0: 54032 in 22 places, all below massif's threshold (01.00%)
#-----------
snapshot=59
#-----------
time=24365682254
mem_heap_B=88317336
mem_heap_extra_B=9736
mem_stacks_B=0
heap_tree=empty
#-----------
snapshot=60
#-----------
time=24621624328
mem_heap_B=88317336
mem_heap_extra_B=9736
mem_stacks_B=0
heap_tree=empty
#-----------
snapshot=61
#-----------
time=24877565219
mem_heap_B=88317336
mem_heap_extra_B=9736
mem_stacks_B=0
heap_tree=empty
#-----------
snapshot=62
#-----------
time=25551944244
mem_heap_B=82615496
mem_heap_extra_B=9944
mem_stacks_B=0
heap_tree=empty
#-----------
snapshot=63
#-----------
time=26287512459
mem_heap_B=67162384
mem_heap_extra_B=8904
mem_stacks_B=0
heap_tree=empty
