desc: --massif-out-file=/home/xzou2/alac_fastbit_comp/alac_multi_engine/script/exp_results/mem_trace/merge_4var_.01.log
cmd: /home/xzou2/alac_fastbit_comp/alac_multi_engine/build/bin/multiquery_merge 4 /home/xzou2/data/ii_index/s3d/1part_2G/pfd/ uvel 50 57 vvel -8.9 -5 temp 6.9E2 7.4E2 wvel -10 -8
time_unit: i
#-----------
snapshot=0
#-----------
time=0
mem_heap_B=0
mem_heap_extra_B=0
mem_stacks_B=0
heap_tree=empty
#-----------
snapshot=1
#-----------
time=330509166
mem_heap_B=98863296
mem_heap_extra_B=10976
mem_stacks_B=0
heap_tree=empty
#-----------
snapshot=2
#-----------
time=493839878
mem_heap_B=98863296
mem_heap_extra_B=10976
mem_stacks_B=0
heap_tree=empty
#-----------
snapshot=3
#-----------
time=774867354
mem_heap_B=98863296
mem_heap_extra_B=10976
mem_stacks_B=0
heap_tree=detailed
n4: 98863296 (heap allocation functions) malloc/new/new[], --alloc-fns, etc.
 n1: 33554432 0x401BAE: doMultiQueryValueConstraint (multiquery_merge.c:185)
  n1: 33554432 0x402813: process_query (multiquery_merge.c:425)
   n0: 33554432 0x402899: main (multiquery_merge.c:455)
 n1: 33554432 0x401C76: doMultiQueryValueConstraint (multiquery_merge.c:205)
  n1: 33554432 0x402813: process_query (multiquery_merge.c:425)
   n0: 33554432 0x402899: main (multiquery_merge.c:455)
 n1: 31700912 0x407E68: ALPartitionStoreReadIndexBinsPOSIX (ALStorePOSIX.c:542)
  n1: 31700912 0x402DE6: ALPartitionStoreReadIndexBins (ALStore.c:222)
   n1: 31700912 0x401F47: doMultiQueryValueConstraint (multiquery_merge.c:242)
    n1: 31700912 0x402813: process_query (multiquery_merge.c:425)
     n0: 31700912 0x402899: main (multiquery_merge.c:455)
 n0: 53520 in 22 places, all below massif's threshold (01.00%)
#-----------
snapshot=4
#-----------
time=1153771775
mem_heap_B=98863296
mem_heap_extra_B=10976
mem_stacks_B=0
heap_tree=empty
#-----------
snapshot=5
#-----------
time=1577809497
mem_heap_B=98863296
mem_heap_extra_B=10976
mem_stacks_B=0
heap_tree=empty
#-----------
snapshot=6
#-----------
time=1897994624
mem_heap_B=98863296
mem_heap_extra_B=10976
mem_stacks_B=0
heap_tree=empty
#-----------
snapshot=7
#-----------
time=2153765960
mem_heap_B=98863296
mem_heap_extra_B=10976
mem_stacks_B=0
heap_tree=empty
#-----------
snapshot=8
#-----------
time=2558976178
mem_heap_B=98863296
mem_heap_extra_B=10976
mem_stacks_B=0
heap_tree=empty
#-----------
snapshot=9
#-----------
time=2812244113
mem_heap_B=98863296
mem_heap_extra_B=10976
mem_stacks_B=0
heap_tree=empty
#-----------
snapshot=10
#-----------
time=3014849273
mem_heap_B=98863296
mem_heap_extra_B=10976
mem_stacks_B=0
heap_tree=empty
#-----------
snapshot=11
#-----------
time=3242782320
mem_heap_B=98863296
mem_heap_extra_B=10976
mem_stacks_B=0
heap_tree=empty
#-----------
snapshot=12
#-----------
time=3597328654
mem_heap_B=98863296
mem_heap_extra_B=10976
mem_stacks_B=0
heap_tree=empty
#-----------
snapshot=13
#-----------
time=3850574492
mem_heap_B=98863296
mem_heap_extra_B=10976
mem_stacks_B=0
heap_tree=empty
#-----------
snapshot=14
#-----------
time=4154466500
mem_heap_B=98863296
mem_heap_extra_B=10976
mem_stacks_B=0
heap_tree=empty
#-----------
snapshot=15
#-----------
time=4407715919
mem_heap_B=98863296
mem_heap_extra_B=10976
mem_stacks_B=0
heap_tree=empty
#-----------
snapshot=16
#-----------
time=4794677652
mem_heap_B=95094600
mem_heap_extra_B=11352
mem_stacks_B=0
heap_tree=empty
#-----------
snapshot=17
#-----------
time=4997276218
mem_heap_B=95094600
mem_heap_extra_B=11352
mem_stacks_B=0
heap_tree=empty
#-----------
snapshot=18
#-----------
time=5250521710
mem_heap_B=95094600
mem_heap_extra_B=11352
mem_stacks_B=0
heap_tree=empty
#-----------
snapshot=19
#-----------
time=5503771155
mem_heap_B=95094600
mem_heap_extra_B=11352
mem_stacks_B=0
heap_tree=empty
#-----------
snapshot=20
#-----------
time=5877290709
mem_heap_B=95094600
mem_heap_extra_B=11352
mem_stacks_B=0
heap_tree=empty
#-----------
snapshot=21
#-----------
time=6155756595
mem_heap_B=95094600
mem_heap_extra_B=11352
mem_stacks_B=0
heap_tree=empty
#-----------
snapshot=22
#-----------
time=6417200186
mem_heap_B=114204172
mem_heap_extra_B=10140
mem_stacks_B=0
heap_tree=peak
n4: 114204172 (heap allocation functions) malloc/new/new[], --alloc-fns, etc.
 n1: 47041276 0x407E68: ALPartitionStoreReadIndexBinsPOSIX (ALStorePOSIX.c:542)
  n1: 47041276 0x402DE6: ALPartitionStoreReadIndexBins (ALStore.c:222)
   n1: 47041276 0x401F47: doMultiQueryValueConstraint (multiquery_merge.c:242)
    n1: 47041276 0x402813: process_query (multiquery_merge.c:425)
     n0: 47041276 0x402899: main (multiquery_merge.c:455)
 n1: 33554432 0x401BAE: doMultiQueryValueConstraint (multiquery_merge.c:185)
  n1: 33554432 0x402813: process_query (multiquery_merge.c:425)
   n0: 33554432 0x402899: main (multiquery_merge.c:455)
 n1: 33554432 0x401C76: doMultiQueryValueConstraint (multiquery_merge.c:205)
  n1: 33554432 0x402813: process_query (multiquery_merge.c:425)
   n0: 33554432 0x402899: main (multiquery_merge.c:455)
 n0: 54032 in 22 places, all below massif's threshold (01.00%)
#-----------
snapshot=23
#-----------
time=6765291603
mem_heap_B=114203660
mem_heap_extra_B=10132
mem_stacks_B=0
heap_tree=empty
#-----------
snapshot=24
#-----------
time=7182995464
mem_heap_B=114203660
mem_heap_extra_B=10132
mem_stacks_B=0
heap_tree=empty
#-----------
snapshot=25
#-----------
time=7600699287
mem_heap_B=114203660
mem_heap_extra_B=10132
mem_stacks_B=0
heap_tree=empty
#-----------
snapshot=26
#-----------
time=7879173252
mem_heap_B=114203660
mem_heap_extra_B=10132
mem_stacks_B=0
heap_tree=empty
#-----------
snapshot=27
#-----------
time=8157641491
mem_heap_B=114203660
mem_heap_extra_B=10132
mem_stacks_B=0
heap_tree=empty
#-----------
snapshot=28
#-----------
time=8366491132
mem_heap_B=114203660
mem_heap_extra_B=10132
mem_stacks_B=0
heap_tree=empty
#-----------
snapshot=29
#-----------
time=8714578580
mem_heap_B=114203660
mem_heap_extra_B=10132
mem_stacks_B=0
heap_tree=empty
#-----------
snapshot=30
#-----------
time=9132284390
mem_heap_B=114203660
mem_heap_extra_B=10132
mem_stacks_B=0
heap_tree=empty
#-----------
snapshot=31
#-----------
time=9372823272
mem_heap_B=114203660
mem_heap_extra_B=10132
mem_stacks_B=0
heap_tree=empty
#-----------
snapshot=32
#-----------
time=9575433208
mem_heap_B=114203660
mem_heap_extra_B=10132
mem_stacks_B=0
heap_tree=empty
#-----------
snapshot=33
#-----------
time=9879345228
mem_heap_B=114203660
mem_heap_extra_B=10132
mem_stacks_B=0
heap_tree=empty
#-----------
snapshot=34
#-----------
time=10081954057
mem_heap_B=114203660
mem_heap_extra_B=10132
mem_stacks_B=0
heap_tree=empty
#-----------
snapshot=35
#-----------
time=10385865846
mem_heap_B=114203660
mem_heap_extra_B=10132
mem_stacks_B=0
heap_tree=empty
#-----------
snapshot=36
#-----------
time=10588474065
mem_heap_B=114203660
mem_heap_extra_B=10132
mem_stacks_B=0
heap_tree=empty
#-----------
snapshot=37
#-----------
time=10993691245
mem_heap_B=114203660
mem_heap_extra_B=10132
mem_stacks_B=0
heap_tree=empty
#-----------
snapshot=38
#-----------
time=11297600958
mem_heap_B=114203660
mem_heap_extra_B=10132
mem_stacks_B=0
heap_tree=empty
#-----------
snapshot=39
#-----------
time=11500211361
mem_heap_B=114203660
mem_heap_extra_B=10132
mem_stacks_B=0
heap_tree=empty
#-----------
snapshot=40
#-----------
time=11905420806
mem_heap_B=114203660
mem_heap_extra_B=10132
mem_stacks_B=0
heap_tree=empty
#-----------
snapshot=41
#-----------
time=12310641792
mem_heap_B=114203660
mem_heap_extra_B=10132
mem_stacks_B=0
heap_tree=empty
#-----------
snapshot=42
#-----------
time=12614552587
mem_heap_B=114203660
mem_heap_extra_B=10132
mem_stacks_B=0
heap_tree=empty
#-----------
snapshot=43
#-----------
time=12817162313
mem_heap_B=114203660
mem_heap_extra_B=10132
mem_stacks_B=0
heap_tree=empty
#-----------
snapshot=44
#-----------
time=13121072077
mem_heap_B=114203660
mem_heap_extra_B=10132
mem_stacks_B=0
heap_tree=empty
#-----------
snapshot=45
#-----------
time=13323681577
mem_heap_B=114203660
mem_heap_extra_B=10132
mem_stacks_B=0
heap_tree=empty
#-----------
snapshot=46
#-----------
time=13627595086
mem_heap_B=114203660
mem_heap_extra_B=10132
mem_stacks_B=0
heap_tree=empty
#-----------
snapshot=47
#-----------
time=13830202486
mem_heap_B=114203660
mem_heap_extra_B=10132
mem_stacks_B=0
heap_tree=empty
#-----------
snapshot=48
#-----------
time=14134112935
mem_heap_B=114203660
mem_heap_extra_B=10132
mem_stacks_B=0
heap_tree=empty
#-----------
snapshot=49
#-----------
time=14336723659
mem_heap_B=114203660
mem_heap_extra_B=10132
mem_stacks_B=0
heap_tree=empty
#-----------
snapshot=50
#-----------
time=14500054495
mem_heap_B=114203660
mem_heap_extra_B=10132
mem_stacks_B=0
heap_tree=empty
#-----------
snapshot=51
#-----------
time=14663386724
mem_heap_B=114203660
mem_heap_extra_B=10132
mem_stacks_B=0
heap_tree=empty
#-----------
snapshot=52
#-----------
time=14826718595
mem_heap_B=114203660
mem_heap_extra_B=10132
mem_stacks_B=0
heap_tree=empty
#-----------
snapshot=53
#-----------
time=14990054349
mem_heap_B=114203660
mem_heap_extra_B=10132
mem_stacks_B=0
heap_tree=empty
#-----------
snapshot=54
#-----------
time=15194739299
mem_heap_B=79633076
mem_heap_extra_B=10476
mem_stacks_B=0
heap_tree=empty
#-----------
snapshot=55
#-----------
time=15358074732
mem_heap_B=79633076
mem_heap_extra_B=10476
mem_stacks_B=0
heap_tree=empty
#-----------
snapshot=56
#-----------
time=15521411915
mem_heap_B=79633076
mem_heap_extra_B=10476
mem_stacks_B=0
heap_tree=empty
#-----------
snapshot=57
#-----------
time=15684749049
mem_heap_B=79633076
mem_heap_extra_B=10476
mem_stacks_B=0
heap_tree=empty
#-----------
snapshot=58
#-----------
time=15848083536
mem_heap_B=79633076
mem_heap_extra_B=10476
mem_stacks_B=0
heap_tree=detailed
n4: 79633076 (heap allocation functions) malloc/new/new[], --alloc-fns, etc.
 n1: 33554432 0x401BAE: doMultiQueryValueConstraint (multiquery_merge.c:185)
  n1: 33554432 0x402813: process_query (multiquery_merge.c:425)
   n0: 33554432 0x402899: main (multiquery_merge.c:455)
 n1: 33554432 0x401C76: doMultiQueryValueConstraint (multiquery_merge.c:205)
  n1: 33554432 0x402813: process_query (multiquery_merge.c:425)
   n0: 33554432 0x402899: main (multiquery_merge.c:455)
 n1: 12470692 0x407E68: ALPartitionStoreReadIndexBinsPOSIX (ALStorePOSIX.c:542)
  n1: 12470692 0x402DE6: ALPartitionStoreReadIndexBins (ALStore.c:222)
   n1: 12470692 0x401F47: doMultiQueryValueConstraint (multiquery_merge.c:242)
    n1: 12470692 0x402813: process_query (multiquery_merge.c:425)
     n0: 12470692 0x402899: main (multiquery_merge.c:455)
 n0: 53520 in 22 places, all below massif's threshold (01.00%)
#-----------
snapshot=59
#-----------
time=16328402366
mem_heap_B=69642364
mem_heap_extra_B=8916
mem_stacks_B=0
heap_tree=empty
#-----------
snapshot=60
#-----------
time=16819710571
mem_heap_B=67162384
mem_heap_extra_B=8904
mem_stacks_B=0
heap_tree=empty
