desc: --massif-out-file=/home/xzou2/alac_fastbit_comp/alac_multi_engine/script/exp_results/mem_trace/merge_4var_10.log
cmd: /home/xzou2/alac_fastbit_comp/alac_multi_engine/build/bin/multiquery_merge 4 /home/xzou2/data/ii_index/s3d/1part_2G/pfd/ uvel 50 66 vvel -8.8 8 temp 6.9E2 7.6E2 wvel -10 -1
time_unit: i
#-----------
snapshot=0
#-----------
time=0
mem_heap_B=0
mem_heap_extra_B=0
mem_stacks_B=0
heap_tree=empty
#-----------
snapshot=1
#-----------
time=737536235
mem_heap_B=115305760
mem_heap_extra_B=9856
mem_stacks_B=0
heap_tree=empty
#-----------
snapshot=2
#-----------
time=1339580289
mem_heap_B=115305760
mem_heap_extra_B=9856
mem_stacks_B=0
heap_tree=empty
#-----------
snapshot=3
#-----------
time=1701531431
mem_heap_B=115305760
mem_heap_extra_B=9856
mem_stacks_B=0
heap_tree=empty
#-----------
snapshot=4
#-----------
time=2141066729
mem_heap_B=115305760
mem_heap_extra_B=9856
mem_stacks_B=0
heap_tree=empty
#-----------
snapshot=5
#-----------
time=2773621052
mem_heap_B=115305760
mem_heap_extra_B=9856
mem_stacks_B=0
heap_tree=empty
#-----------
snapshot=6
#-----------
time=3221679663
mem_heap_B=115305760
mem_heap_extra_B=9856
mem_stacks_B=0
heap_tree=empty
#-----------
snapshot=7
#-----------
time=3771158112
mem_heap_B=115305760
mem_heap_extra_B=9856
mem_stacks_B=0
heap_tree=empty
#-----------
snapshot=8
#-----------
time=4523006980
mem_heap_B=115305760
mem_heap_extra_B=9856
mem_stacks_B=0
heap_tree=empty
#-----------
snapshot=9
#-----------
time=5066009086
mem_heap_B=115305760
mem_heap_extra_B=9856
mem_stacks_B=0
heap_tree=empty
#-----------
snapshot=10
#-----------
time=5582458294
mem_heap_B=115305760
mem_heap_extra_B=9856
mem_stacks_B=0
heap_tree=empty
#-----------
snapshot=11
#-----------
time=6189498121
mem_heap_B=288266804
mem_heap_extra_B=11124
mem_stacks_B=0
heap_tree=peak
n4: 288266804 (heap allocation functions) malloc/new/new[], --alloc-fns, etc.
 n1: 221103908 0x407E68: ALPartitionStoreReadIndexBinsPOSIX (ALStorePOSIX.c:542)
  n1: 221103908 0x402DE6: ALPartitionStoreReadIndexBins (ALStore.c:222)
   n1: 221103908 0x401F47: doMultiQueryValueConstraint (multiquery_merge.c:242)
    n1: 221103908 0x402813: process_query (multiquery_merge.c:425)
     n0: 221103908 0x402899: main (multiquery_merge.c:455)
 n1: 33554432 0x401BAE: doMultiQueryValueConstraint (multiquery_merge.c:185)
  n1: 33554432 0x402813: process_query (multiquery_merge.c:425)
   n0: 33554432 0x402899: main (multiquery_merge.c:455)
 n1: 33554432 0x401C76: doMultiQueryValueConstraint (multiquery_merge.c:205)
  n1: 33554432 0x402813: process_query (multiquery_merge.c:425)
   n0: 33554432 0x402899: main (multiquery_merge.c:455)
 n0: 54032 in 22 places, all below massif's threshold (01.00%)
#-----------
snapshot=12
#-----------
time=6751640608
mem_heap_B=288266292
mem_heap_extra_B=11116
mem_stacks_B=0
heap_tree=empty
#-----------
snapshot=13
#-----------
time=7032703466
mem_heap_B=288266292
mem_heap_extra_B=11116
mem_stacks_B=0
heap_tree=empty
#-----------
snapshot=14
#-----------
time=7524578786
mem_heap_B=288266292
mem_heap_extra_B=11116
mem_stacks_B=0
heap_tree=empty
#-----------
snapshot=15
#-----------
time=8016460291
mem_heap_B=288266292
mem_heap_extra_B=11116
mem_stacks_B=0
heap_tree=empty
#-----------
snapshot=16
#-----------
time=8648871991
mem_heap_B=288266292
mem_heap_extra_B=11116
mem_stacks_B=0
heap_tree=empty
#-----------
snapshot=17
#-----------
time=9149496337
mem_heap_B=288266292
mem_heap_extra_B=11116
mem_stacks_B=0
heap_tree=empty
#-----------
snapshot=18
#-----------
time=9588609765
mem_heap_B=288266292
mem_heap_extra_B=11116
mem_stacks_B=0
heap_tree=empty
#-----------
snapshot=19
#-----------
time=10137511402
mem_heap_B=288266292
mem_heap_extra_B=11116
mem_stacks_B=0
heap_tree=detailed
n4: 288266292 (heap allocation functions) malloc/new/new[], --alloc-fns, etc.
 n1: 221103908 0x407E68: ALPartitionStoreReadIndexBinsPOSIX (ALStorePOSIX.c:542)
  n1: 221103908 0x402DE6: ALPartitionStoreReadIndexBins (ALStore.c:222)
   n1: 221103908 0x401F47: doMultiQueryValueConstraint (multiquery_merge.c:242)
    n1: 221103908 0x402813: process_query (multiquery_merge.c:425)
     n0: 221103908 0x402899: main (multiquery_merge.c:455)
 n1: 33554432 0x401BAE: doMultiQueryValueConstraint (multiquery_merge.c:185)
  n1: 33554432 0x402813: process_query (multiquery_merge.c:425)
   n0: 33554432 0x402899: main (multiquery_merge.c:455)
 n1: 33554432 0x401C76: doMultiQueryValueConstraint (multiquery_merge.c:205)
  n1: 33554432 0x402813: process_query (multiquery_merge.c:425)
   n0: 33554432 0x402899: main (multiquery_merge.c:455)
 n0: 53520 in 22 places, all below massif's threshold (01.00%)
#-----------
snapshot=20
#-----------
time=10686416295
mem_heap_B=288266292
mem_heap_extra_B=11116
mem_stacks_B=0
heap_tree=empty
#-----------
snapshot=21
#-----------
time=11125546940
mem_heap_B=288266292
mem_heap_extra_B=11116
mem_stacks_B=0
heap_tree=empty
#-----------
snapshot=22
#-----------
time=11454889057
mem_heap_B=288266292
mem_heap_extra_B=11116
mem_stacks_B=0
heap_tree=empty
#-----------
snapshot=23
#-----------
time=12113574402
mem_heap_B=288266292
mem_heap_extra_B=11116
mem_stacks_B=0
heap_tree=empty
#-----------
snapshot=24
#-----------
time=12552698165
mem_heap_B=288266292
mem_heap_extra_B=11116
mem_stacks_B=0
heap_tree=empty
#-----------
snapshot=25
#-----------
time=12991816531
mem_heap_B=288266292
mem_heap_extra_B=11116
mem_stacks_B=0
heap_tree=empty
#-----------
snapshot=26
#-----------
time=13321162700
mem_heap_B=288266292
mem_heap_extra_B=11116
mem_stacks_B=0
heap_tree=empty
#-----------
snapshot=27
#-----------
time=13979845637
mem_heap_B=288266292
mem_heap_extra_B=11116
mem_stacks_B=0
heap_tree=empty
#-----------
snapshot=28
#-----------
time=14418969820
mem_heap_B=288266292
mem_heap_extra_B=11116
mem_stacks_B=0
heap_tree=empty
#-----------
snapshot=29
#-----------
time=14836611702
mem_heap_B=288266292
mem_heap_extra_B=11116
mem_stacks_B=0
heap_tree=empty
#-----------
snapshot=30
#-----------
time=15463081192
mem_heap_B=288266292
mem_heap_extra_B=11116
mem_stacks_B=0
heap_tree=empty
#-----------
snapshot=31
#-----------
time=15880728780
mem_heap_B=114203660
mem_heap_extra_B=10132
mem_stacks_B=0
heap_tree=empty
#-----------
snapshot=32
#-----------
time=16298373911
mem_heap_B=114203660
mem_heap_extra_B=10132
mem_stacks_B=0
heap_tree=empty
#-----------
snapshot=33
#-----------
time=16716019306
mem_heap_B=114203660
mem_heap_extra_B=10132
mem_stacks_B=0
heap_tree=detailed
n4: 114203660 (heap allocation functions) malloc/new/new[], --alloc-fns, etc.
 n1: 47041276 0x407E68: ALPartitionStoreReadIndexBinsPOSIX (ALStorePOSIX.c:542)
  n1: 47041276 0x402DE6: ALPartitionStoreReadIndexBins (ALStore.c:222)
   n1: 47041276 0x401F47: doMultiQueryValueConstraint (multiquery_merge.c:242)
    n1: 47041276 0x402813: process_query (multiquery_merge.c:425)
     n0: 47041276 0x402899: main (multiquery_merge.c:455)
 n1: 33554432 0x401BAE: doMultiQueryValueConstraint (multiquery_merge.c:185)
  n1: 33554432 0x402813: process_query (multiquery_merge.c:425)
   n0: 33554432 0x402899: main (multiquery_merge.c:455)
 n1: 33554432 0x401C76: doMultiQueryValueConstraint (multiquery_merge.c:205)
  n1: 33554432 0x402813: process_query (multiquery_merge.c:425)
   n0: 33554432 0x402899: main (multiquery_merge.c:455)
 n0: 53520 in 22 places, all below massif's threshold (01.00%)
#-----------
snapshot=34
#-----------
time=17342488145
mem_heap_B=114203660
mem_heap_extra_B=10132
mem_stacks_B=0
heap_tree=empty
#-----------
snapshot=35
#-----------
time=17760138296
mem_heap_B=114203660
mem_heap_extra_B=10132
mem_stacks_B=0
heap_tree=empty
#-----------
snapshot=36
#-----------
time=18177782267
mem_heap_B=114203660
mem_heap_extra_B=10132
mem_stacks_B=0
heap_tree=empty
#-----------
snapshot=37
#-----------
time=18595430360
mem_heap_B=114203660
mem_heap_extra_B=10132
mem_stacks_B=0
heap_tree=empty
#-----------
snapshot=38
#-----------
time=19221900976
mem_heap_B=114203660
mem_heap_extra_B=10132
mem_stacks_B=0
heap_tree=empty
#-----------
snapshot=39
#-----------
time=19639548875
mem_heap_B=114203660
mem_heap_extra_B=10132
mem_stacks_B=0
heap_tree=empty
#-----------
snapshot=40
#-----------
time=20266015035
mem_heap_B=114203660
mem_heap_extra_B=10132
mem_stacks_B=0
heap_tree=empty
#-----------
snapshot=41
#-----------
time=20683658855
mem_heap_B=114203660
mem_heap_extra_B=10132
mem_stacks_B=0
heap_tree=empty
#-----------
snapshot=42
#-----------
time=21101307102
mem_heap_B=114203660
mem_heap_extra_B=10132
mem_stacks_B=0
heap_tree=empty
#-----------
snapshot=43
#-----------
time=21518955408
mem_heap_B=114203660
mem_heap_extra_B=10132
mem_stacks_B=0
heap_tree=empty
#-----------
snapshot=44
#-----------
time=22145422446
mem_heap_B=114203660
mem_heap_extra_B=10132
mem_stacks_B=0
heap_tree=empty
#-----------
snapshot=45
#-----------
time=22771887810
mem_heap_B=114203660
mem_heap_extra_B=10132
mem_stacks_B=0
heap_tree=empty
#-----------
snapshot=46
#-----------
time=23189532192
mem_heap_B=114203660
mem_heap_extra_B=10132
mem_stacks_B=0
heap_tree=empty
#-----------
snapshot=47
#-----------
time=23815999819
mem_heap_B=114203660
mem_heap_extra_B=10132
mem_stacks_B=0
heap_tree=empty
#-----------
snapshot=48
#-----------
time=24442469358
mem_heap_B=114203660
mem_heap_extra_B=10132
mem_stacks_B=0
heap_tree=empty
#-----------
snapshot=49
#-----------
time=24860114091
mem_heap_B=162279804
mem_heap_extra_B=12836
mem_stacks_B=0
heap_tree=empty
#-----------
snapshot=50
#-----------
time=25141180345
mem_heap_B=162279804
mem_heap_extra_B=12836
mem_stacks_B=0
heap_tree=detailed
n4: 162279804 (heap allocation functions) malloc/new/new[], --alloc-fns, etc.
 n1: 95117420 0x407E68: ALPartitionStoreReadIndexBinsPOSIX (ALStorePOSIX.c:542)
  n1: 95117420 0x402DE6: ALPartitionStoreReadIndexBins (ALStore.c:222)
   n1: 95117420 0x401F47: doMultiQueryValueConstraint (multiquery_merge.c:242)
    n1: 95117420 0x402813: process_query (multiquery_merge.c:425)
     n0: 95117420 0x402899: main (multiquery_merge.c:455)
 n1: 33554432 0x401BAE: doMultiQueryValueConstraint (multiquery_merge.c:185)
  n1: 33554432 0x402813: process_query (multiquery_merge.c:425)
   n0: 33554432 0x402899: main (multiquery_merge.c:455)
 n1: 33554432 0x401C76: doMultiQueryValueConstraint (multiquery_merge.c:205)
  n1: 33554432 0x402813: process_query (multiquery_merge.c:425)
   n0: 33554432 0x402899: main (multiquery_merge.c:455)
 n0: 53520 in 22 places, all below massif's threshold (01.00%)
#-----------
snapshot=51
#-----------
time=25422243386
mem_heap_B=162279804
mem_heap_extra_B=12836
mem_stacks_B=0
heap_tree=empty
#-----------
snapshot=52
#-----------
time=25703310197
mem_heap_B=162279804
mem_heap_extra_B=12836
mem_stacks_B=0
heap_tree=empty
#-----------
snapshot=53
#-----------
time=25984377154
mem_heap_B=162279804
mem_heap_extra_B=12836
mem_stacks_B=0
heap_tree=empty
#-----------
snapshot=54
#-----------
time=26265440369
mem_heap_B=162279804
mem_heap_extra_B=12836
mem_stacks_B=0
heap_tree=empty
#-----------
snapshot=55
#-----------
time=26546509370
mem_heap_B=162279804
mem_heap_extra_B=12836
mem_stacks_B=0
heap_tree=empty
#-----------
snapshot=56
#-----------
time=26827576099
mem_heap_B=162279804
mem_heap_extra_B=12836
mem_stacks_B=0
heap_tree=empty
#-----------
snapshot=57
#-----------
time=27108640001
mem_heap_B=162279804
mem_heap_extra_B=12836
mem_stacks_B=0
heap_tree=empty
#-----------
snapshot=58
#-----------
time=27389707346
mem_heap_B=162279804
mem_heap_extra_B=12836
mem_stacks_B=0
heap_tree=empty
#-----------
snapshot=59
#-----------
time=27670774002
mem_heap_B=162279804
mem_heap_extra_B=12836
mem_stacks_B=0
heap_tree=empty
#-----------
snapshot=60
#-----------
time=27951838024
mem_heap_B=162279804
mem_heap_extra_B=12836
mem_stacks_B=0
heap_tree=detailed
n4: 162279804 (heap allocation functions) malloc/new/new[], --alloc-fns, etc.
 n1: 95117420 0x407E68: ALPartitionStoreReadIndexBinsPOSIX (ALStorePOSIX.c:542)
  n1: 95117420 0x402DE6: ALPartitionStoreReadIndexBins (ALStore.c:222)
   n1: 95117420 0x401F47: doMultiQueryValueConstraint (multiquery_merge.c:242)
    n1: 95117420 0x402813: process_query (multiquery_merge.c:425)
     n0: 95117420 0x402899: main (multiquery_merge.c:455)
 n1: 33554432 0x401BAE: doMultiQueryValueConstraint (multiquery_merge.c:185)
  n1: 33554432 0x402813: process_query (multiquery_merge.c:425)
   n0: 33554432 0x402899: main (multiquery_merge.c:455)
 n1: 33554432 0x401C76: doMultiQueryValueConstraint (multiquery_merge.c:205)
  n1: 33554432 0x402813: process_query (multiquery_merge.c:425)
   n0: 33554432 0x402899: main (multiquery_merge.c:455)
 n0: 53520 in 22 places, all below massif's threshold (01.00%)
#-----------
snapshot=61
#-----------
time=28232905746
mem_heap_B=162279804
mem_heap_extra_B=12836
mem_stacks_B=0
heap_tree=empty
#-----------
snapshot=62
#-----------
time=28513968980
mem_heap_B=162279804
mem_heap_extra_B=12836
mem_stacks_B=0
heap_tree=empty
#-----------
snapshot=63
#-----------
time=28795033109
mem_heap_B=162279804
mem_heap_extra_B=12836
mem_stacks_B=0
heap_tree=empty
#-----------
snapshot=64
#-----------
time=29387696366
mem_heap_B=174539648
mem_heap_extra_B=12320
mem_stacks_B=0
heap_tree=empty
#-----------
snapshot=65
#-----------
time=31854023608
mem_heap_B=67162384
mem_heap_extra_B=8904
mem_stacks_B=0
heap_tree=empty
