desc: --massif-out-file=/home/xzou2/alac_fastbit_comp/alac_multi_engine/script/exp_results/mem_trace/merge_3var_.001.log
cmd: /home/xzou2/alac_fastbit_comp/alac_multi_engine/build/bin/multiquery_merge 3 /home/xzou2/data/ii_index/s3d/1part_2G/pfd/ uvel 42 44 vvel -4.9 -3.8 temp 7.3E2 7.4E2
time_unit: i
#-----------
snapshot=0
#-----------
time=0
mem_heap_B=0
mem_heap_extra_B=0
mem_stacks_B=0
heap_tree=empty
#-----------
snapshot=1
#-----------
time=124176862
mem_heap_B=78531740
mem_heap_extra_B=12604
mem_stacks_B=0
heap_tree=detailed
n4: 78531740 (heap allocation functions) malloc/new/new[], --alloc-fns, etc.
 n1: 33554432 0x401BAE: doMultiQueryValueConstraint (multiquery_merge.c:185)
  n1: 33554432 0x402813: process_query (multiquery_merge.c:425)
   n0: 33554432 0x402899: main (multiquery_merge.c:455)
 n1: 33554432 0x401C76: doMultiQueryValueConstraint (multiquery_merge.c:205)
  n1: 33554432 0x402813: process_query (multiquery_merge.c:425)
   n0: 33554432 0x402899: main (multiquery_merge.c:455)
 n1: 11387064 0x407E68: ALPartitionStoreReadIndexBinsPOSIX (ALStorePOSIX.c:542)
  n1: 11387064 0x402DE6: ALPartitionStoreReadIndexBins (ALStore.c:222)
   n1: 11387064 0x401F47: doMultiQueryValueConstraint (multiquery_merge.c:242)
    n1: 11387064 0x402813: process_query (multiquery_merge.c:425)
     n0: 11387064 0x402899: main (multiquery_merge.c:455)
 n0: 35812 in 22 places, all below massif's threshold (01.00%)
#-----------
snapshot=2
#-----------
time=279385938
mem_heap_B=78531740
mem_heap_extra_B=12604
mem_stacks_B=0
heap_tree=empty
#-----------
snapshot=3
#-----------
time=436995425
mem_heap_B=78531740
mem_heap_extra_B=12604
mem_stacks_B=0
heap_tree=detailed
n4: 78531740 (heap allocation functions) malloc/new/new[], --alloc-fns, etc.
 n1: 33554432 0x401BAE: doMultiQueryValueConstraint (multiquery_merge.c:185)
  n1: 33554432 0x402813: process_query (multiquery_merge.c:425)
   n0: 33554432 0x402899: main (multiquery_merge.c:455)
 n1: 33554432 0x401C76: doMultiQueryValueConstraint (multiquery_merge.c:205)
  n1: 33554432 0x402813: process_query (multiquery_merge.c:425)
   n0: 33554432 0x402899: main (multiquery_merge.c:455)
 n1: 11387064 0x407E68: ALPartitionStoreReadIndexBinsPOSIX (ALStorePOSIX.c:542)
  n1: 11387064 0x402DE6: ALPartitionStoreReadIndexBins (ALStore.c:222)
   n1: 11387064 0x401F47: doMultiQueryValueConstraint (multiquery_merge.c:242)
    n1: 11387064 0x402813: process_query (multiquery_merge.c:425)
     n0: 11387064 0x402899: main (multiquery_merge.c:455)
 n0: 35812 in 22 places, all below massif's threshold (01.00%)
#-----------
snapshot=4
#-----------
time=537738257
mem_heap_B=78531740
mem_heap_extra_B=12604
mem_stacks_B=0
heap_tree=empty
#-----------
snapshot=5
#-----------
time=686687695
mem_heap_B=78531740
mem_heap_extra_B=12604
mem_stacks_B=0
heap_tree=empty
#-----------
snapshot=6
#-----------
time=802775210
mem_heap_B=78531740
mem_heap_extra_B=12604
mem_stacks_B=0
heap_tree=empty
#-----------
snapshot=7
#-----------
time=959752816
mem_heap_B=78531740
mem_heap_extra_B=12604
mem_stacks_B=0
heap_tree=empty
#-----------
snapshot=8
#-----------
time=1105282252
mem_heap_B=78531740
mem_heap_extra_B=12604
mem_stacks_B=0
heap_tree=empty
#-----------
snapshot=9
#-----------
time=1206511521
mem_heap_B=78531740
mem_heap_extra_B=12604
mem_stacks_B=0
heap_tree=empty
#-----------
snapshot=10
#-----------
time=1361551518
mem_heap_B=78531740
mem_heap_extra_B=12604
mem_stacks_B=0
heap_tree=empty
#-----------
snapshot=11
#-----------
time=1585312488
mem_heap_B=78531740
mem_heap_extra_B=12604
mem_stacks_B=0
heap_tree=empty
#-----------
snapshot=12
#-----------
time=1758871077
mem_heap_B=79727244
mem_heap_extra_B=9036
mem_stacks_B=0
heap_tree=empty
#-----------
snapshot=13
#-----------
time=1878215612
mem_heap_B=79727244
mem_heap_extra_B=9036
mem_stacks_B=0
heap_tree=empty
#-----------
snapshot=14
#-----------
time=2027396617
mem_heap_B=79727244
mem_heap_extra_B=9036
mem_stacks_B=0
heap_tree=empty
#-----------
snapshot=15
#-----------
time=2235681757
mem_heap_B=79727244
mem_heap_extra_B=9036
mem_stacks_B=0
heap_tree=empty
#-----------
snapshot=16
#-----------
time=2453328213
mem_heap_B=110686052
mem_heap_extra_B=12412
mem_stacks_B=0
heap_tree=peak
n4: 110686052 (heap allocation functions) malloc/new/new[], --alloc-fns, etc.
 n1: 43540864 0x407E68: ALPartitionStoreReadIndexBinsPOSIX (ALStorePOSIX.c:542)
  n1: 43540864 0x402DE6: ALPartitionStoreReadIndexBins (ALStore.c:222)
   n1: 43540864 0x401F47: doMultiQueryValueConstraint (multiquery_merge.c:242)
    n1: 43540864 0x402813: process_query (multiquery_merge.c:425)
     n0: 43540864 0x402899: main (multiquery_merge.c:455)
 n1: 33554432 0x401BAE: doMultiQueryValueConstraint (multiquery_merge.c:185)
  n1: 33554432 0x402813: process_query (multiquery_merge.c:425)
   n0: 33554432 0x402899: main (multiquery_merge.c:455)
 n1: 33554432 0x401C76: doMultiQueryValueConstraint (multiquery_merge.c:205)
  n1: 33554432 0x402813: process_query (multiquery_merge.c:425)
   n0: 33554432 0x402899: main (multiquery_merge.c:455)
 n0: 36324 in 22 places, all below massif's threshold (01.00%)
#-----------
snapshot=17
#-----------
time=2596600035
mem_heap_B=110685540
mem_heap_extra_B=12404
mem_stacks_B=0
heap_tree=detailed
n4: 110685540 (heap allocation functions) malloc/new/new[], --alloc-fns, etc.
 n1: 43540864 0x407E68: ALPartitionStoreReadIndexBinsPOSIX (ALStorePOSIX.c:542)
  n1: 43540864 0x402DE6: ALPartitionStoreReadIndexBins (ALStore.c:222)
   n1: 43540864 0x401F47: doMultiQueryValueConstraint (multiquery_merge.c:242)
    n1: 43540864 0x402813: process_query (multiquery_merge.c:425)
     n0: 43540864 0x402899: main (multiquery_merge.c:455)
 n1: 33554432 0x401BAE: doMultiQueryValueConstraint (multiquery_merge.c:185)
  n1: 33554432 0x402813: process_query (multiquery_merge.c:425)
   n0: 33554432 0x402899: main (multiquery_merge.c:455)
 n1: 33554432 0x401C76: doMultiQueryValueConstraint (multiquery_merge.c:205)
  n1: 33554432 0x402813: process_query (multiquery_merge.c:425)
   n0: 33554432 0x402899: main (multiquery_merge.c:455)
 n0: 35812 in 22 places, all below massif's threshold (01.00%)
#-----------
snapshot=18
#-----------
time=2745341565
mem_heap_B=110685540
mem_heap_extra_B=12404
mem_stacks_B=0
heap_tree=detailed
n4: 110685540 (heap allocation functions) malloc/new/new[], --alloc-fns, etc.
 n1: 43540864 0x407E68: ALPartitionStoreReadIndexBinsPOSIX (ALStorePOSIX.c:542)
  n1: 43540864 0x402DE6: ALPartitionStoreReadIndexBins (ALStore.c:222)
   n1: 43540864 0x401F47: doMultiQueryValueConstraint (multiquery_merge.c:242)
    n1: 43540864 0x402813: process_query (multiquery_merge.c:425)
     n0: 43540864 0x402899: main (multiquery_merge.c:455)
 n1: 33554432 0x401BAE: doMultiQueryValueConstraint (multiquery_merge.c:185)
  n1: 33554432 0x402813: process_query (multiquery_merge.c:425)
   n0: 33554432 0x402899: main (multiquery_merge.c:455)
 n1: 33554432 0x401C76: doMultiQueryValueConstraint (multiquery_merge.c:205)
  n1: 33554432 0x402813: process_query (multiquery_merge.c:425)
   n0: 33554432 0x402899: main (multiquery_merge.c:455)
 n0: 35812 in 22 places, all below massif's threshold (01.00%)
#-----------
snapshot=19
#-----------
time=2912605013
mem_heap_B=110685540
mem_heap_extra_B=12404
mem_stacks_B=0
heap_tree=detailed
n4: 110685540 (heap allocation functions) malloc/new/new[], --alloc-fns, etc.
 n1: 43540864 0x407E68: ALPartitionStoreReadIndexBinsPOSIX (ALStorePOSIX.c:542)
  n1: 43540864 0x402DE6: ALPartitionStoreReadIndexBins (ALStore.c:222)
   n1: 43540864 0x401F47: doMultiQueryValueConstraint (multiquery_merge.c:242)
    n1: 43540864 0x402813: process_query (multiquery_merge.c:425)
     n0: 43540864 0x402899: main (multiquery_merge.c:455)
 n1: 33554432 0x401BAE: doMultiQueryValueConstraint (multiquery_merge.c:185)
  n1: 33554432 0x402813: process_query (multiquery_merge.c:425)
   n0: 33554432 0x402899: main (multiquery_merge.c:455)
 n1: 33554432 0x401C76: doMultiQueryValueConstraint (multiquery_merge.c:205)
  n1: 33554432 0x402813: process_query (multiquery_merge.c:425)
   n0: 33554432 0x402899: main (multiquery_merge.c:455)
 n0: 35812 in 22 places, all below massif's threshold (01.00%)
#-----------
snapshot=20
#-----------
time=3089984654
mem_heap_B=110685540
mem_heap_extra_B=12404
mem_stacks_B=0
heap_tree=detailed
n4: 110685540 (heap allocation functions) malloc/new/new[], --alloc-fns, etc.
 n1: 43540864 0x407E68: ALPartitionStoreReadIndexBinsPOSIX (ALStorePOSIX.c:542)
  n1: 43540864 0x402DE6: ALPartitionStoreReadIndexBins (ALStore.c:222)
   n1: 43540864 0x401F47: doMultiQueryValueConstraint (multiquery_merge.c:242)
    n1: 43540864 0x402813: process_query (multiquery_merge.c:425)
     n0: 43540864 0x402899: main (multiquery_merge.c:455)
 n1: 33554432 0x401BAE: doMultiQueryValueConstraint (multiquery_merge.c:185)
  n1: 33554432 0x402813: process_query (multiquery_merge.c:425)
   n0: 33554432 0x402899: main (multiquery_merge.c:455)
 n1: 33554432 0x401C76: doMultiQueryValueConstraint (multiquery_merge.c:205)
  n1: 33554432 0x402813: process_query (multiquery_merge.c:425)
   n0: 33554432 0x402899: main (multiquery_merge.c:455)
 n0: 35812 in 22 places, all below massif's threshold (01.00%)
#-----------
snapshot=21
#-----------
time=3276781442
mem_heap_B=110685540
mem_heap_extra_B=12404
mem_stacks_B=0
heap_tree=detailed
n4: 110685540 (heap allocation functions) malloc/new/new[], --alloc-fns, etc.
 n1: 43540864 0x407E68: ALPartitionStoreReadIndexBinsPOSIX (ALStorePOSIX.c:542)
  n1: 43540864 0x402DE6: ALPartitionStoreReadIndexBins (ALStore.c:222)
   n1: 43540864 0x401F47: doMultiQueryValueConstraint (multiquery_merge.c:242)
    n1: 43540864 0x402813: process_query (multiquery_merge.c:425)
     n0: 43540864 0x402899: main (multiquery_merge.c:455)
 n1: 33554432 0x401BAE: doMultiQueryValueConstraint (multiquery_merge.c:185)
  n1: 33554432 0x402813: process_query (multiquery_merge.c:425)
   n0: 33554432 0x402899: main (multiquery_merge.c:455)
 n1: 33554432 0x401C76: doMultiQueryValueConstraint (multiquery_merge.c:205)
  n1: 33554432 0x402813: process_query (multiquery_merge.c:425)
   n0: 33554432 0x402899: main (multiquery_merge.c:455)
 n0: 35812 in 22 places, all below massif's threshold (01.00%)
#-----------
snapshot=22
#-----------
time=3472913286
mem_heap_B=110685540
mem_heap_extra_B=12404
mem_stacks_B=0
heap_tree=detailed
n4: 110685540 (heap allocation functions) malloc/new/new[], --alloc-fns, etc.
 n1: 43540864 0x407E68: ALPartitionStoreReadIndexBinsPOSIX (ALStorePOSIX.c:542)
  n1: 43540864 0x402DE6: ALPartitionStoreReadIndexBins (ALStore.c:222)
   n1: 43540864 0x401F47: doMultiQueryValueConstraint (multiquery_merge.c:242)
    n1: 43540864 0x402813: process_query (multiquery_merge.c:425)
     n0: 43540864 0x402899: main (multiquery_merge.c:455)
 n1: 33554432 0x401BAE: doMultiQueryValueConstraint (multiquery_merge.c:185)
  n1: 33554432 0x402813: process_query (multiquery_merge.c:425)
   n0: 33554432 0x402899: main (multiquery_merge.c:455)
 n1: 33554432 0x401C76: doMultiQueryValueConstraint (multiquery_merge.c:205)
  n1: 33554432 0x402813: process_query (multiquery_merge.c:425)
   n0: 33554432 0x402899: main (multiquery_merge.c:455)
 n0: 35812 in 22 places, all below massif's threshold (01.00%)
#-----------
snapshot=23
#-----------
time=3678144390
mem_heap_B=110685540
mem_heap_extra_B=12404
mem_stacks_B=0
heap_tree=detailed
n4: 110685540 (heap allocation functions) malloc/new/new[], --alloc-fns, etc.
 n1: 43540864 0x407E68: ALPartitionStoreReadIndexBinsPOSIX (ALStorePOSIX.c:542)
  n1: 43540864 0x402DE6: ALPartitionStoreReadIndexBins (ALStore.c:222)
   n1: 43540864 0x401F47: doMultiQueryValueConstraint (multiquery_merge.c:242)
    n1: 43540864 0x402813: process_query (multiquery_merge.c:425)
     n0: 43540864 0x402899: main (multiquery_merge.c:455)
 n1: 33554432 0x401BAE: doMultiQueryValueConstraint (multiquery_merge.c:185)
  n1: 33554432 0x402813: process_query (multiquery_merge.c:425)
   n0: 33554432 0x402899: main (multiquery_merge.c:455)
 n1: 33554432 0x401C76: doMultiQueryValueConstraint (multiquery_merge.c:205)
  n1: 33554432 0x402813: process_query (multiquery_merge.c:425)
   n0: 33554432 0x402899: main (multiquery_merge.c:455)
 n0: 35812 in 22 places, all below massif's threshold (01.00%)
#-----------
snapshot=24
#-----------
time=3905952251
mem_heap_B=110685540
mem_heap_extra_B=12404
mem_stacks_B=0
heap_tree=empty
#-----------
snapshot=25
#-----------
time=4115713652
mem_heap_B=110685540
mem_heap_extra_B=12404
mem_stacks_B=0
heap_tree=detailed
n4: 110685540 (heap allocation functions) malloc/new/new[], --alloc-fns, etc.
 n1: 43540864 0x407E68: ALPartitionStoreReadIndexBinsPOSIX (ALStorePOSIX.c:542)
  n1: 43540864 0x402DE6: ALPartitionStoreReadIndexBins (ALStore.c:222)
   n1: 43540864 0x401F47: doMultiQueryValueConstraint (multiquery_merge.c:242)
    n1: 43540864 0x402813: process_query (multiquery_merge.c:425)
     n0: 43540864 0x402899: main (multiquery_merge.c:455)
 n1: 33554432 0x401BAE: doMultiQueryValueConstraint (multiquery_merge.c:185)
  n1: 33554432 0x402813: process_query (multiquery_merge.c:425)
   n0: 33554432 0x402899: main (multiquery_merge.c:455)
 n1: 33554432 0x401C76: doMultiQueryValueConstraint (multiquery_merge.c:205)
  n1: 33554432 0x402813: process_query (multiquery_merge.c:425)
   n0: 33554432 0x402899: main (multiquery_merge.c:455)
 n0: 35812 in 22 places, all below massif's threshold (01.00%)
#-----------
snapshot=26
#-----------
time=4235579309
mem_heap_B=110685540
mem_heap_extra_B=12404
mem_stacks_B=0
heap_tree=empty
#-----------
snapshot=27
#-----------
time=4445346977
mem_heap_B=110685540
mem_heap_extra_B=12404
mem_stacks_B=0
heap_tree=empty
#-----------
snapshot=28
#-----------
time=4625151080
mem_heap_B=110685540
mem_heap_extra_B=12404
mem_stacks_B=0
heap_tree=empty
#-----------
snapshot=29
#-----------
time=4715054894
mem_heap_B=110685540
mem_heap_extra_B=12404
mem_stacks_B=0
heap_tree=detailed
n4: 110685540 (heap allocation functions) malloc/new/new[], --alloc-fns, etc.
 n1: 43540864 0x407E68: ALPartitionStoreReadIndexBinsPOSIX (ALStorePOSIX.c:542)
  n1: 43540864 0x402DE6: ALPartitionStoreReadIndexBins (ALStore.c:222)
   n1: 43540864 0x401F47: doMultiQueryValueConstraint (multiquery_merge.c:242)
    n1: 43540864 0x402813: process_query (multiquery_merge.c:425)
     n0: 43540864 0x402899: main (multiquery_merge.c:455)
 n1: 33554432 0x401BAE: doMultiQueryValueConstraint (multiquery_merge.c:185)
  n1: 33554432 0x402813: process_query (multiquery_merge.c:425)
   n0: 33554432 0x402899: main (multiquery_merge.c:455)
 n1: 33554432 0x401C76: doMultiQueryValueConstraint (multiquery_merge.c:205)
  n1: 33554432 0x402813: process_query (multiquery_merge.c:425)
   n0: 33554432 0x402899: main (multiquery_merge.c:455)
 n0: 35812 in 22 places, all below massif's threshold (01.00%)
#-----------
snapshot=30
#-----------
time=4864889223
mem_heap_B=110685540
mem_heap_extra_B=12404
mem_stacks_B=0
heap_tree=empty
#-----------
snapshot=31
#-----------
time=4984757301
mem_heap_B=110685540
mem_heap_extra_B=12404
mem_stacks_B=0
heap_tree=empty
#-----------
snapshot=32
#-----------
time=5194525871
mem_heap_B=110685540
mem_heap_extra_B=12404
mem_stacks_B=0
heap_tree=empty
#-----------
snapshot=33
#-----------
time=5314398389
mem_heap_B=110685540
mem_heap_extra_B=12404
mem_stacks_B=0
heap_tree=detailed
n4: 110685540 (heap allocation functions) malloc/new/new[], --alloc-fns, etc.
 n1: 43540864 0x407E68: ALPartitionStoreReadIndexBinsPOSIX (ALStorePOSIX.c:542)
  n1: 43540864 0x402DE6: ALPartitionStoreReadIndexBins (ALStore.c:222)
   n1: 43540864 0x401F47: doMultiQueryValueConstraint (multiquery_merge.c:242)
    n1: 43540864 0x402813: process_query (multiquery_merge.c:425)
     n0: 43540864 0x402899: main (multiquery_merge.c:455)
 n1: 33554432 0x401BAE: doMultiQueryValueConstraint (multiquery_merge.c:185)
  n1: 33554432 0x402813: process_query (multiquery_merge.c:425)
   n0: 33554432 0x402899: main (multiquery_merge.c:455)
 n1: 33554432 0x401C76: doMultiQueryValueConstraint (multiquery_merge.c:205)
  n1: 33554432 0x402813: process_query (multiquery_merge.c:425)
   n0: 33554432 0x402899: main (multiquery_merge.c:455)
 n0: 35812 in 22 places, all below massif's threshold (01.00%)
#-----------
snapshot=34
#-----------
time=5433779234
mem_heap_B=110685540
mem_heap_extra_B=12404
mem_stacks_B=0
heap_tree=empty
#-----------
snapshot=35
#-----------
time=5612845112
mem_heap_B=110685540
mem_heap_extra_B=12404
mem_stacks_B=0
heap_tree=empty
#-----------
snapshot=36
#-----------
time=5851606567
mem_heap_B=110685540
mem_heap_extra_B=12404
mem_stacks_B=0
heap_tree=empty
#-----------
snapshot=37
#-----------
time=6090359569
mem_heap_B=110685540
mem_heap_extra_B=12404
mem_stacks_B=0
heap_tree=empty
#-----------
snapshot=38
#-----------
time=6269421869
mem_heap_B=110685540
mem_heap_extra_B=12404
mem_stacks_B=0
heap_tree=empty
#-----------
snapshot=39
#-----------
time=6448487187
mem_heap_B=110685540
mem_heap_extra_B=12404
mem_stacks_B=0
heap_tree=empty
#-----------
snapshot=40
#-----------
time=6627552316
mem_heap_B=110685540
mem_heap_extra_B=12404
mem_stacks_B=0
heap_tree=empty
#-----------
snapshot=41
#-----------
time=6866312312
mem_heap_B=110685540
mem_heap_extra_B=12404
mem_stacks_B=0
heap_tree=empty
#-----------
snapshot=42
#-----------
time=7045377392
mem_heap_B=110685540
mem_heap_extra_B=12404
mem_stacks_B=0
heap_tree=empty
#-----------
snapshot=43
#-----------
time=7164758344
mem_heap_B=110685540
mem_heap_extra_B=12404
mem_stacks_B=0
heap_tree=empty
#-----------
snapshot=44
#-----------
time=7403519339
mem_heap_B=110685540
mem_heap_extra_B=12404
mem_stacks_B=0
heap_tree=empty
#-----------
snapshot=45
#-----------
time=7582583619
mem_heap_B=110685540
mem_heap_extra_B=12404
mem_stacks_B=0
heap_tree=empty
#-----------
snapshot=46
#-----------
time=7761650779
mem_heap_B=110685540
mem_heap_extra_B=12404
mem_stacks_B=0
heap_tree=empty
#-----------
snapshot=47
#-----------
time=7881031140
mem_heap_B=110685540
mem_heap_extra_B=12404
mem_stacks_B=0
heap_tree=empty
#-----------
snapshot=48
#-----------
time=8060099166
mem_heap_B=110685540
mem_heap_extra_B=12404
mem_stacks_B=0
heap_tree=empty
#-----------
snapshot=49
#-----------
time=8298855468
mem_heap_B=110685540
mem_heap_extra_B=12404
mem_stacks_B=0
heap_tree=detailed
n4: 110685540 (heap allocation functions) malloc/new/new[], --alloc-fns, etc.
 n1: 43540864 0x407E68: ALPartitionStoreReadIndexBinsPOSIX (ALStorePOSIX.c:542)
  n1: 43540864 0x402DE6: ALPartitionStoreReadIndexBins (ALStore.c:222)
   n1: 43540864 0x401F47: doMultiQueryValueConstraint (multiquery_merge.c:242)
    n1: 43540864 0x402813: process_query (multiquery_merge.c:425)
     n0: 43540864 0x402899: main (multiquery_merge.c:455)
 n1: 33554432 0x401BAE: doMultiQueryValueConstraint (multiquery_merge.c:185)
  n1: 33554432 0x402813: process_query (multiquery_merge.c:425)
   n0: 33554432 0x402899: main (multiquery_merge.c:455)
 n1: 33554432 0x401C76: doMultiQueryValueConstraint (multiquery_merge.c:205)
  n1: 33554432 0x402813: process_query (multiquery_merge.c:425)
   n0: 33554432 0x402899: main (multiquery_merge.c:455)
 n0: 35812 in 22 places, all below massif's threshold (01.00%)
#-----------
snapshot=50
#-----------
time=8388759746
mem_heap_B=110685540
mem_heap_extra_B=12404
mem_stacks_B=0
heap_tree=empty
#-----------
snapshot=51
#-----------
time=8478664522
mem_heap_B=110685540
mem_heap_extra_B=12404
mem_stacks_B=0
heap_tree=empty
#-----------
snapshot=52
#-----------
time=8568569623
mem_heap_B=110685540
mem_heap_extra_B=12404
mem_stacks_B=0
heap_tree=empty
#-----------
snapshot=53
#-----------
time=8658475530
mem_heap_B=110685540
mem_heap_extra_B=12404
mem_stacks_B=0
heap_tree=empty
#-----------
snapshot=54
#-----------
time=8748382172
mem_heap_B=110685540
mem_heap_extra_B=12404
mem_stacks_B=0
heap_tree=empty
#-----------
snapshot=55
#-----------
time=8838290802
mem_heap_B=110685540
mem_heap_extra_B=12404
mem_stacks_B=0
heap_tree=empty
#-----------
snapshot=56
#-----------
time=8928195216
mem_heap_B=110685540
mem_heap_extra_B=12404
mem_stacks_B=0
heap_tree=empty
#-----------
snapshot=57
#-----------
time=9018099742
mem_heap_B=110685540
mem_heap_extra_B=12404
mem_stacks_B=0
heap_tree=empty
#-----------
snapshot=58
#-----------
time=9108005005
mem_heap_B=110685540
mem_heap_extra_B=12404
mem_stacks_B=0
heap_tree=empty
#-----------
snapshot=59
#-----------
time=9197909648
mem_heap_B=110685540
mem_heap_extra_B=12404
mem_stacks_B=0
heap_tree=detailed
n4: 110685540 (heap allocation functions) malloc/new/new[], --alloc-fns, etc.
 n1: 43540864 0x407E68: ALPartitionStoreReadIndexBinsPOSIX (ALStorePOSIX.c:542)
  n1: 43540864 0x402DE6: ALPartitionStoreReadIndexBins (ALStore.c:222)
   n1: 43540864 0x401F47: doMultiQueryValueConstraint (multiquery_merge.c:242)
    n1: 43540864 0x402813: process_query (multiquery_merge.c:425)
     n0: 43540864 0x402899: main (multiquery_merge.c:455)
 n1: 33554432 0x401BAE: doMultiQueryValueConstraint (multiquery_merge.c:185)
  n1: 33554432 0x402813: process_query (multiquery_merge.c:425)
   n0: 33554432 0x402899: main (multiquery_merge.c:455)
 n1: 33554432 0x401C76: doMultiQueryValueConstraint (multiquery_merge.c:205)
  n1: 33554432 0x402813: process_query (multiquery_merge.c:425)
   n0: 33554432 0x402899: main (multiquery_merge.c:455)
 n0: 35812 in 22 places, all below massif's threshold (01.00%)
#-----------
snapshot=60
#-----------
time=9287818323
mem_heap_B=110685540
mem_heap_extra_B=12404
mem_stacks_B=0
heap_tree=empty
#-----------
snapshot=61
#-----------
time=9377722189
mem_heap_B=110686052
mem_heap_extra_B=12412
mem_stacks_B=0
heap_tree=empty
#-----------
snapshot=62
#-----------
time=9467628665
mem_heap_B=110685540
mem_heap_extra_B=12404
mem_stacks_B=0
heap_tree=empty
#-----------
snapshot=63
#-----------
time=9557535459
mem_heap_B=110685540
mem_heap_extra_B=12404
mem_stacks_B=0
heap_tree=empty
#-----------
snapshot=64
#-----------
time=9647443176
mem_heap_B=110685540
mem_heap_extra_B=12404
mem_stacks_B=0
heap_tree=empty
#-----------
snapshot=65
#-----------
time=9737350361
mem_heap_B=110685540
mem_heap_extra_B=12404
mem_stacks_B=0
heap_tree=empty
#-----------
snapshot=66
#-----------
time=9827256983
mem_heap_B=110685540
mem_heap_extra_B=12404
mem_stacks_B=0
heap_tree=empty
#-----------
snapshot=67
#-----------
time=9917164300
mem_heap_B=110685540
mem_heap_extra_B=12404
mem_stacks_B=0
heap_tree=empty
#-----------
snapshot=68
#-----------
time=10007072104
mem_heap_B=110685540
mem_heap_extra_B=12404
mem_stacks_B=0
heap_tree=empty
#-----------
snapshot=69
#-----------
time=10096981164
mem_heap_B=110685540
mem_heap_extra_B=12404
mem_stacks_B=0
heap_tree=detailed
n4: 110685540 (heap allocation functions) malloc/new/new[], --alloc-fns, etc.
 n1: 43540864 0x407E68: ALPartitionStoreReadIndexBinsPOSIX (ALStorePOSIX.c:542)
  n1: 43540864 0x402DE6: ALPartitionStoreReadIndexBins (ALStore.c:222)
   n1: 43540864 0x401F47: doMultiQueryValueConstraint (multiquery_merge.c:242)
    n1: 43540864 0x402813: process_query (multiquery_merge.c:425)
     n0: 43540864 0x402899: main (multiquery_merge.c:455)
 n1: 33554432 0x401BAE: doMultiQueryValueConstraint (multiquery_merge.c:185)
  n1: 33554432 0x402813: process_query (multiquery_merge.c:425)
   n0: 33554432 0x402899: main (multiquery_merge.c:455)
 n1: 33554432 0x401C76: doMultiQueryValueConstraint (multiquery_merge.c:205)
  n1: 33554432 0x402813: process_query (multiquery_merge.c:425)
   n0: 33554432 0x402899: main (multiquery_merge.c:455)
 n0: 35812 in 22 places, all below massif's threshold (01.00%)
#-----------
snapshot=70
#-----------
time=10186890520
mem_heap_B=110685540
mem_heap_extra_B=12404
mem_stacks_B=0
heap_tree=empty
#-----------
snapshot=71
#-----------
time=10276799113
mem_heap_B=110685540
mem_heap_extra_B=12404
mem_stacks_B=0
heap_tree=empty
#-----------
snapshot=72
#-----------
time=10366705790
mem_heap_B=110685540
mem_heap_extra_B=12404
mem_stacks_B=0
heap_tree=empty
#-----------
snapshot=73
#-----------
time=10456612431
mem_heap_B=110685540
mem_heap_extra_B=12404
mem_stacks_B=0
heap_tree=empty
#-----------
snapshot=74
#-----------
time=10546521970
mem_heap_B=110685540
mem_heap_extra_B=12404
mem_stacks_B=0
heap_tree=empty
#-----------
snapshot=75
#-----------
time=10636431378
mem_heap_B=110685540
mem_heap_extra_B=12404
mem_stacks_B=0
heap_tree=empty
#-----------
snapshot=76
#-----------
time=10726336762
mem_heap_B=110685540
mem_heap_extra_B=12404
mem_stacks_B=0
heap_tree=empty
#-----------
snapshot=77
#-----------
time=10816242187
mem_heap_B=110685540
mem_heap_extra_B=12404
mem_stacks_B=0
heap_tree=empty
#-----------
snapshot=78
#-----------
time=11328744344
mem_heap_B=72525380
mem_heap_extra_B=10132
mem_stacks_B=0
heap_tree=empty
#-----------
snapshot=79
#-----------
time=11874667741
mem_heap_B=67144676
mem_heap_extra_B=8748
mem_stacks_B=0
heap_tree=detailed
n3: 67144676 (heap allocation functions) malloc/new/new[], --alloc-fns, etc.
 n1: 33554432 0x401BAE: doMultiQueryValueConstraint (multiquery_merge.c:185)
  n1: 33554432 0x402813: process_query (multiquery_merge.c:425)
   n0: 33554432 0x402899: main (multiquery_merge.c:455)
 n1: 33554432 0x401C76: doMultiQueryValueConstraint (multiquery_merge.c:205)
  n1: 33554432 0x402813: process_query (multiquery_merge.c:425)
   n0: 33554432 0x402899: main (multiquery_merge.c:455)
 n0: 35812 in 24 places, all below massif's threshold (01.00%)
