desc: --massif-out-file=/home/xzou2/alac_fastbit_comp/alac_multi_engine/script/exp_results/mem_trace/merge_4var_.001.log
cmd: /home/xzou2/alac_fastbit_comp/alac_multi_engine/build/bin/multiquery_merge 4 /home/xzou2/data/ii_index/s3d/1part_2G/pfd/ uvel 50 69 vvel 13 23 temp 6.8E2 7.4E2 wvel 45 56
time_unit: i
#-----------
snapshot=0
#-----------
time=0
mem_heap_B=0
mem_heap_extra_B=0
mem_stacks_B=0
heap_tree=empty
#-----------
snapshot=1
#-----------
time=33556751
mem_heap_B=118429988
mem_heap_extra_B=11396
mem_stacks_B=0
heap_tree=peak
n4: 118429988 (heap allocation functions) malloc/new/new[], --alloc-fns, etc.
 n1: 51267092 0x407E68: ALPartitionStoreReadIndexBinsPOSIX (ALStorePOSIX.c:542)
  n1: 51267092 0x402DE6: ALPartitionStoreReadIndexBins (ALStore.c:222)
   n1: 51267092 0x401F47: doMultiQueryValueConstraint (multiquery_merge.c:242)
    n1: 51267092 0x402813: process_query (multiquery_merge.c:425)
     n0: 51267092 0x402899: main (multiquery_merge.c:455)
 n1: 33554432 0x401BAE: doMultiQueryValueConstraint (multiquery_merge.c:185)
  n1: 33554432 0x402813: process_query (multiquery_merge.c:425)
   n0: 33554432 0x402899: main (multiquery_merge.c:455)
 n1: 33554432 0x401C76: doMultiQueryValueConstraint (multiquery_merge.c:205)
  n1: 33554432 0x402813: process_query (multiquery_merge.c:425)
   n0: 33554432 0x402899: main (multiquery_merge.c:455)
 n0: 54032 in 22 places, all below massif's threshold (01.00%)
#-----------
snapshot=2
#-----------
time=330508948
mem_heap_B=118429476
mem_heap_extra_B=11388
mem_stacks_B=0
heap_tree=empty
#-----------
snapshot=3
#-----------
time=693631631
mem_heap_B=118429476
mem_heap_extra_B=11388
mem_stacks_B=0
heap_tree=empty
#-----------
snapshot=4
#-----------
time=968077406
mem_heap_B=118429476
mem_heap_extra_B=11388
mem_stacks_B=0
heap_tree=empty
#-----------
snapshot=5
#-----------
time=1193924382
mem_heap_B=118429476
mem_heap_extra_B=11388
mem_stacks_B=0
heap_tree=detailed
n4: 118429476 (heap allocation functions) malloc/new/new[], --alloc-fns, etc.
 n1: 51267092 0x407E68: ALPartitionStoreReadIndexBinsPOSIX (ALStorePOSIX.c:542)
  n1: 51267092 0x402DE6: ALPartitionStoreReadIndexBins (ALStore.c:222)
   n1: 51267092 0x401F47: doMultiQueryValueConstraint (multiquery_merge.c:242)
    n1: 51267092 0x402813: process_query (multiquery_merge.c:425)
     n0: 51267092 0x402899: main (multiquery_merge.c:455)
 n1: 33554432 0x401BAE: doMultiQueryValueConstraint (multiquery_merge.c:185)
  n1: 33554432 0x402813: process_query (multiquery_merge.c:425)
   n0: 33554432 0x402899: main (multiquery_merge.c:455)
 n1: 33554432 0x401C76: doMultiQueryValueConstraint (multiquery_merge.c:205)
  n1: 33554432 0x402813: process_query (multiquery_merge.c:425)
   n0: 33554432 0x402899: main (multiquery_merge.c:455)
 n0: 53520 in 22 places, all below massif's threshold (01.00%)
#-----------
snapshot=6
#-----------
time=1506614544
mem_heap_B=118429476
mem_heap_extra_B=11388
mem_stacks_B=0
heap_tree=empty
#-----------
snapshot=7
#-----------
time=1840723057
mem_heap_B=118429476
mem_heap_extra_B=11388
mem_stacks_B=0
heap_tree=empty
#-----------
snapshot=8
#-----------
time=2086268213
mem_heap_B=118429476
mem_heap_extra_B=11388
mem_stacks_B=0
heap_tree=empty
#-----------
snapshot=9
#-----------
time=2390242729
mem_heap_B=118429476
mem_heap_extra_B=11388
mem_stacks_B=0
heap_tree=empty
#-----------
snapshot=10
#-----------
time=2820876480
mem_heap_B=118429476
mem_heap_extra_B=11388
mem_stacks_B=0
heap_tree=empty
#-----------
snapshot=11
#-----------
time=3023524154
mem_heap_B=118429476
mem_heap_extra_B=11388
mem_stacks_B=0
heap_tree=empty
#-----------
snapshot=12
#-----------
time=3385706495
mem_heap_B=118429988
mem_heap_extra_B=11396
mem_stacks_B=0
heap_tree=empty
#-----------
snapshot=13
#-----------
time=3594551351
mem_heap_B=118429476
mem_heap_extra_B=11388
mem_stacks_B=0
heap_tree=detailed
n4: 118429476 (heap allocation functions) malloc/new/new[], --alloc-fns, etc.
 n1: 51267092 0x407E68: ALPartitionStoreReadIndexBinsPOSIX (ALStorePOSIX.c:542)
  n1: 51267092 0x402DE6: ALPartitionStoreReadIndexBins (ALStore.c:222)
   n1: 51267092 0x401F47: doMultiQueryValueConstraint (multiquery_merge.c:242)
    n1: 51267092 0x402813: process_query (multiquery_merge.c:425)
     n0: 51267092 0x402899: main (multiquery_merge.c:455)
 n1: 33554432 0x401BAE: doMultiQueryValueConstraint (multiquery_merge.c:185)
  n1: 33554432 0x402813: process_query (multiquery_merge.c:425)
   n0: 33554432 0x402899: main (multiquery_merge.c:455)
 n1: 33554432 0x401C76: doMultiQueryValueConstraint (multiquery_merge.c:205)
  n1: 33554432 0x402813: process_query (multiquery_merge.c:425)
   n0: 33554432 0x402899: main (multiquery_merge.c:455)
 n0: 53520 in 22 places, all below massif's threshold (01.00%)
#-----------
snapshot=14
#-----------
time=3928711734
mem_heap_B=118429476
mem_heap_extra_B=11388
mem_stacks_B=0
heap_tree=empty
#-----------
snapshot=15
#-----------
time=4304645765
mem_heap_B=118429476
mem_heap_extra_B=11388
mem_stacks_B=0
heap_tree=empty
#-----------
snapshot=16
#-----------
time=4555265566
mem_heap_B=118429476
mem_heap_extra_B=11388
mem_stacks_B=0
heap_tree=empty
#-----------
snapshot=17
#-----------
time=4931200459
mem_heap_B=118429476
mem_heap_extra_B=11388
mem_stacks_B=0
heap_tree=empty
#-----------
snapshot=18
#-----------
time=5265364767
mem_heap_B=118429476
mem_heap_extra_B=11388
mem_stacks_B=0
heap_tree=detailed
n4: 118429476 (heap allocation functions) malloc/new/new[], --alloc-fns, etc.
 n1: 51267092 0x407E68: ALPartitionStoreReadIndexBinsPOSIX (ALStorePOSIX.c:542)
  n1: 51267092 0x402DE6: ALPartitionStoreReadIndexBins (ALStore.c:222)
   n1: 51267092 0x401F47: doMultiQueryValueConstraint (multiquery_merge.c:242)
    n1: 51267092 0x402813: process_query (multiquery_merge.c:425)
     n0: 51267092 0x402899: main (multiquery_merge.c:455)
 n1: 33554432 0x401BAE: doMultiQueryValueConstraint (multiquery_merge.c:185)
  n1: 33554432 0x402813: process_query (multiquery_merge.c:425)
   n0: 33554432 0x402899: main (multiquery_merge.c:455)
 n1: 33554432 0x401C76: doMultiQueryValueConstraint (multiquery_merge.c:205)
  n1: 33554432 0x402813: process_query (multiquery_merge.c:425)
   n0: 33554432 0x402899: main (multiquery_merge.c:455)
 n0: 53520 in 22 places, all below massif's threshold (01.00%)
#-----------
snapshot=19
#-----------
time=5741999335
mem_heap_B=118429476
mem_heap_extra_B=11388
mem_stacks_B=0
heap_tree=empty
#-----------
snapshot=20
#-----------
time=5952786960
mem_heap_B=118429476
mem_heap_extra_B=11388
mem_stacks_B=0
heap_tree=empty
#-----------
snapshot=21
#-----------
time=6304111777
mem_heap_B=118429476
mem_heap_extra_B=11388
mem_stacks_B=0
heap_tree=empty
#-----------
snapshot=22
#-----------
time=6577080022
mem_heap_B=96265536
mem_heap_extra_B=11872
mem_stacks_B=0
heap_tree=empty
#-----------
snapshot=23
#-----------
time=6928398500
mem_heap_B=96265536
mem_heap_extra_B=11872
mem_stacks_B=0
heap_tree=empty
#-----------
snapshot=24
#-----------
time=7209451731
mem_heap_B=96265536
mem_heap_extra_B=11872
mem_stacks_B=0
heap_tree=empty
#-----------
snapshot=25
#-----------
time=7560770913
mem_heap_B=96265536
mem_heap_extra_B=11872
mem_stacks_B=0
heap_tree=empty
#-----------
snapshot=26
#-----------
time=7835460548
mem_heap_B=114203660
mem_heap_extra_B=10132
mem_stacks_B=0
heap_tree=empty
#-----------
snapshot=27
#-----------
time=8186783279
mem_heap_B=114203660
mem_heap_extra_B=10132
mem_stacks_B=0
heap_tree=empty
#-----------
snapshot=28
#-----------
time=8467843533
mem_heap_B=114203660
mem_heap_extra_B=10132
mem_stacks_B=0
heap_tree=empty
#-----------
snapshot=29
#-----------
time=8748890760
mem_heap_B=114203660
mem_heap_extra_B=10132
mem_stacks_B=0
heap_tree=empty
#-----------
snapshot=30
#-----------
time=9029948015
mem_heap_B=114203660
mem_heap_extra_B=10132
mem_stacks_B=0
heap_tree=empty
#-----------
snapshot=31
#-----------
time=9270564093
mem_heap_B=114203660
mem_heap_extra_B=10132
mem_stacks_B=0
heap_tree=empty
#-----------
snapshot=32
#-----------
time=9631488161
mem_heap_B=114203660
mem_heap_extra_B=10132
mem_stacks_B=0
heap_tree=empty
#-----------
snapshot=33
#-----------
time=9872111719
mem_heap_B=114203660
mem_heap_extra_B=10132
mem_stacks_B=0
heap_tree=detailed
n4: 114203660 (heap allocation functions) malloc/new/new[], --alloc-fns, etc.
 n1: 47041276 0x407E68: ALPartitionStoreReadIndexBinsPOSIX (ALStorePOSIX.c:542)
  n1: 47041276 0x402DE6: ALPartitionStoreReadIndexBins (ALStore.c:222)
   n1: 47041276 0x401F47: doMultiQueryValueConstraint (multiquery_merge.c:242)
    n1: 47041276 0x402813: process_query (multiquery_merge.c:425)
     n0: 47041276 0x402899: main (multiquery_merge.c:455)
 n1: 33554432 0x401BAE: doMultiQueryValueConstraint (multiquery_merge.c:185)
  n1: 33554432 0x402813: process_query (multiquery_merge.c:425)
   n0: 33554432 0x402899: main (multiquery_merge.c:455)
 n1: 33554432 0x401C76: doMultiQueryValueConstraint (multiquery_merge.c:205)
  n1: 33554432 0x402813: process_query (multiquery_merge.c:425)
   n0: 33554432 0x402899: main (multiquery_merge.c:455)
 n0: 53520 in 22 places, all below massif's threshold (01.00%)
#-----------
snapshot=34
#-----------
time=10353341200
mem_heap_B=114203660
mem_heap_extra_B=10132
mem_stacks_B=0
heap_tree=empty
#-----------
snapshot=35
#-----------
time=10593964597
mem_heap_B=114203660
mem_heap_extra_B=10132
mem_stacks_B=0
heap_tree=empty
#-----------
snapshot=36
#-----------
time=10834582217
mem_heap_B=114203660
mem_heap_extra_B=10132
mem_stacks_B=0
heap_tree=empty
#-----------
snapshot=37
#-----------
time=11075204683
mem_heap_B=114203660
mem_heap_extra_B=10132
mem_stacks_B=0
heap_tree=detailed
n4: 114203660 (heap allocation functions) malloc/new/new[], --alloc-fns, etc.
 n1: 47041276 0x407E68: ALPartitionStoreReadIndexBinsPOSIX (ALStorePOSIX.c:542)
  n1: 47041276 0x402DE6: ALPartitionStoreReadIndexBins (ALStore.c:222)
   n1: 47041276 0x401F47: doMultiQueryValueConstraint (multiquery_merge.c:242)
    n1: 47041276 0x402813: process_query (multiquery_merge.c:425)
     n0: 47041276 0x402899: main (multiquery_merge.c:455)
 n1: 33554432 0x401BAE: doMultiQueryValueConstraint (multiquery_merge.c:185)
  n1: 33554432 0x402813: process_query (multiquery_merge.c:425)
   n0: 33554432 0x402899: main (multiquery_merge.c:455)
 n1: 33554432 0x401C76: doMultiQueryValueConstraint (multiquery_merge.c:205)
  n1: 33554432 0x402813: process_query (multiquery_merge.c:425)
   n0: 33554432 0x402899: main (multiquery_merge.c:455)
 n0: 53520 in 22 places, all below massif's threshold (01.00%)
#-----------
snapshot=38
#-----------
time=11556434434
mem_heap_B=114203660
mem_heap_extra_B=10132
mem_stacks_B=0
heap_tree=empty
#-----------
snapshot=39
#-----------
time=11797057628
mem_heap_B=114203660
mem_heap_extra_B=10132
mem_stacks_B=0
heap_tree=empty
#-----------
snapshot=40
#-----------
time=12037675783
mem_heap_B=114203660
mem_heap_extra_B=10132
mem_stacks_B=0
heap_tree=empty
#-----------
snapshot=41
#-----------
time=12398604037
mem_heap_B=114203660
mem_heap_extra_B=10132
mem_stacks_B=0
heap_tree=empty
#-----------
snapshot=42
#-----------
time=12639218890
mem_heap_B=114203660
mem_heap_extra_B=10132
mem_stacks_B=0
heap_tree=empty
#-----------
snapshot=43
#-----------
time=13000139326
mem_heap_B=114203660
mem_heap_extra_B=10132
mem_stacks_B=0
heap_tree=empty
#-----------
snapshot=44
#-----------
time=13481372392
mem_heap_B=114203660
mem_heap_extra_B=10132
mem_stacks_B=0
heap_tree=detailed
n4: 114203660 (heap allocation functions) malloc/new/new[], --alloc-fns, etc.
 n1: 47041276 0x407E68: ALPartitionStoreReadIndexBinsPOSIX (ALStorePOSIX.c:542)
  n1: 47041276 0x402DE6: ALPartitionStoreReadIndexBins (ALStore.c:222)
   n1: 47041276 0x401F47: doMultiQueryValueConstraint (multiquery_merge.c:242)
    n1: 47041276 0x402813: process_query (multiquery_merge.c:425)
     n0: 47041276 0x402899: main (multiquery_merge.c:455)
 n1: 33554432 0x401BAE: doMultiQueryValueConstraint (multiquery_merge.c:185)
  n1: 33554432 0x402813: process_query (multiquery_merge.c:425)
   n0: 33554432 0x402899: main (multiquery_merge.c:455)
 n1: 33554432 0x401C76: doMultiQueryValueConstraint (multiquery_merge.c:205)
  n1: 33554432 0x402813: process_query (multiquery_merge.c:425)
   n0: 33554432 0x402899: main (multiquery_merge.c:455)
 n0: 53520 in 22 places, all below massif's threshold (01.00%)
#-----------
snapshot=45
#-----------
time=13721994751
mem_heap_B=114203660
mem_heap_extra_B=10132
mem_stacks_B=0
heap_tree=empty
#-----------
snapshot=46
#-----------
time=14082919908
mem_heap_B=114203660
mem_heap_extra_B=10132
mem_stacks_B=0
heap_tree=empty
#-----------
snapshot=47
#-----------
time=14564154120
mem_heap_B=114203660
mem_heap_extra_B=10132
mem_stacks_B=0
heap_tree=empty
#-----------
snapshot=48
#-----------
time=14804774530
mem_heap_B=114203660
mem_heap_extra_B=10132
mem_stacks_B=0
heap_tree=empty
#-----------
snapshot=49
#-----------
time=15045395041
mem_heap_B=114203660
mem_heap_extra_B=10132
mem_stacks_B=0
heap_tree=empty
#-----------
snapshot=50
#-----------
time=15248046832
mem_heap_B=114203660
mem_heap_extra_B=10132
mem_stacks_B=0
heap_tree=empty
#-----------
snapshot=51
#-----------
time=15450696454
mem_heap_B=114203660
mem_heap_extra_B=10132
mem_stacks_B=0
heap_tree=empty
#-----------
snapshot=52
#-----------
time=15653346119
mem_heap_B=114203660
mem_heap_extra_B=10132
mem_stacks_B=0
heap_tree=empty
#-----------
snapshot=53
#-----------
time=15855994636
mem_heap_B=114203660
mem_heap_extra_B=10132
mem_stacks_B=0
heap_tree=empty
#-----------
snapshot=54
#-----------
time=16058647005
mem_heap_B=114203660
mem_heap_extra_B=10132
mem_stacks_B=0
heap_tree=empty
#-----------
snapshot=55
#-----------
time=16261296290
mem_heap_B=114203660
mem_heap_extra_B=10132
mem_stacks_B=0
heap_tree=empty
#-----------
snapshot=56
#-----------
time=16463947211
mem_heap_B=114203660
mem_heap_extra_B=10132
mem_stacks_B=0
heap_tree=detailed
n4: 114203660 (heap allocation functions) malloc/new/new[], --alloc-fns, etc.
 n1: 47041276 0x407E68: ALPartitionStoreReadIndexBinsPOSIX (ALStorePOSIX.c:542)
  n1: 47041276 0x402DE6: ALPartitionStoreReadIndexBins (ALStore.c:222)
   n1: 47041276 0x401F47: doMultiQueryValueConstraint (multiquery_merge.c:242)
    n1: 47041276 0x402813: process_query (multiquery_merge.c:425)
     n0: 47041276 0x402899: main (multiquery_merge.c:455)
 n1: 33554432 0x401BAE: doMultiQueryValueConstraint (multiquery_merge.c:185)
  n1: 33554432 0x402813: process_query (multiquery_merge.c:425)
   n0: 33554432 0x402899: main (multiquery_merge.c:455)
 n1: 33554432 0x401C76: doMultiQueryValueConstraint (multiquery_merge.c:205)
  n1: 33554432 0x402813: process_query (multiquery_merge.c:425)
   n0: 33554432 0x402899: main (multiquery_merge.c:455)
 n0: 53520 in 22 places, all below massif's threshold (01.00%)
#-----------
snapshot=57
#-----------
time=17111354899
mem_heap_B=67217016
mem_heap_extra_B=8920
mem_stacks_B=0
heap_tree=empty
#-----------
snapshot=58
#-----------
time=17556998182
mem_heap_B=67162384
mem_heap_extra_B=8904
mem_stacks_B=0
heap_tree=empty
