desc: --massif-out-file=/home/xzou2/alac_fastbit_comp/alac_multi_engine/script/exp_results/mem_trace/merge_2var_.01.log
cmd: /home/xzou2/alac_fastbit_comp/alac_multi_engine/build/bin/multiquery_merge 2 /home/xzou2/data/ii_index/s3d/1part_2G/pfd/ uvel 47 48 vvel 5.3 5.4
time_unit: i
#-----------
snapshot=0
#-----------
time=0
mem_heap_B=0
mem_heap_extra_B=0
mem_stacks_B=0
heap_tree=empty
#-----------
snapshot=1
#-----------
time=33539192
mem_heap_B=83546312
mem_heap_extra_B=12144
mem_stacks_B=0
heap_tree=peak
n4: 83546312 (heap allocation functions) malloc/new/new[], --alloc-fns, etc.
 n1: 33554432 0x401BAE: doMultiQueryValueConstraint (multiquery_merge.c:185)
  n1: 33554432 0x402813: process_query (multiquery_merge.c:425)
   n0: 33554432 0x402899: main (multiquery_merge.c:455)
 n1: 33554432 0x401C76: doMultiQueryValueConstraint (multiquery_merge.c:205)
  n1: 33554432 0x402813: process_query (multiquery_merge.c:425)
   n0: 33554432 0x402899: main (multiquery_merge.c:455)
 n1: 16404912 0x407E68: ALPartitionStoreReadIndexBinsPOSIX (ALStorePOSIX.c:542)
  n1: 16404912 0x402DE6: ALPartitionStoreReadIndexBins (ALStore.c:222)
   n1: 16404912 0x401F47: doMultiQueryValueConstraint (multiquery_merge.c:242)
    n1: 16404912 0x402813: process_query (multiquery_merge.c:425)
     n0: 16404912 0x402899: main (multiquery_merge.c:455)
 n0: 32536 in 22 places, all below massif's threshold (01.00%)
#-----------
snapshot=2
#-----------
time=59242476
mem_heap_B=83545800
mem_heap_extra_B=12136
mem_stacks_B=0
heap_tree=empty
#-----------
snapshot=3
#-----------
time=99080245
mem_heap_B=83545800
mem_heap_extra_B=12136
mem_stacks_B=0
heap_tree=empty
#-----------
snapshot=4
#-----------
time=142899411
mem_heap_B=83545800
mem_heap_extra_B=12136
mem_stacks_B=0
heap_tree=empty
#-----------
snapshot=5
#-----------
time=170971480
mem_heap_B=83545800
mem_heap_extra_B=12136
mem_stacks_B=0
heap_tree=empty
#-----------
snapshot=6
#-----------
time=208423308
mem_heap_B=83545800
mem_heap_extra_B=12136
mem_stacks_B=0
heap_tree=empty
#-----------
snapshot=7
#-----------
time=237983897
mem_heap_B=83545800
mem_heap_extra_B=12136
mem_stacks_B=0
heap_tree=empty
#-----------
snapshot=8
#-----------
time=282831888
mem_heap_B=83545800
mem_heap_extra_B=12136
mem_stacks_B=0
heap_tree=empty
#-----------
snapshot=9
#-----------
time=309038837
mem_heap_B=83545800
mem_heap_extra_B=12136
mem_stacks_B=0
heap_tree=empty
#-----------
snapshot=10
#-----------
time=346182568
mem_heap_B=83545800
mem_heap_extra_B=12136
mem_stacks_B=0
heap_tree=empty
#-----------
snapshot=11
#-----------
time=387663353
mem_heap_B=83545800
mem_heap_extra_B=12136
mem_stacks_B=0
heap_tree=empty
#-----------
snapshot=12
#-----------
time=435731232
mem_heap_B=83545800
mem_heap_extra_B=12136
mem_stacks_B=0
heap_tree=empty
#-----------
snapshot=13
#-----------
time=466301462
mem_heap_B=83545800
mem_heap_extra_B=12136
mem_stacks_B=0
heap_tree=empty
#-----------
snapshot=14
#-----------
time=501245177
mem_heap_B=83545800
mem_heap_extra_B=12136
mem_stacks_B=0
heap_tree=empty
#-----------
snapshot=15
#-----------
time=551460772
mem_heap_B=83545800
mem_heap_extra_B=12136
mem_stacks_B=0
heap_tree=empty
#-----------
snapshot=16
#-----------
time=582023576
mem_heap_B=83545800
mem_heap_extra_B=12136
mem_stacks_B=0
heap_tree=empty
#-----------
snapshot=17
#-----------
time=619139074
mem_heap_B=83545800
mem_heap_extra_B=12136
mem_stacks_B=0
heap_tree=empty
#-----------
snapshot=18
#-----------
time=669360772
mem_heap_B=83545800
mem_heap_extra_B=12136
mem_stacks_B=0
heap_tree=empty
#-----------
snapshot=19
#-----------
time=704300910
mem_heap_B=83545800
mem_heap_extra_B=12136
mem_stacks_B=0
heap_tree=empty
#-----------
snapshot=20
#-----------
time=745805927
mem_heap_B=83545800
mem_heap_extra_B=12136
mem_stacks_B=0
heap_tree=empty
#-----------
snapshot=21
#-----------
time=774179135
mem_heap_B=83545800
mem_heap_extra_B=12136
mem_stacks_B=0
heap_tree=empty
#-----------
snapshot=22
#-----------
time=813490570
mem_heap_B=83545800
mem_heap_extra_B=12136
mem_stacks_B=0
heap_tree=empty
#-----------
snapshot=23
#-----------
time=872452890
mem_heap_B=83545800
mem_heap_extra_B=12136
mem_stacks_B=0
heap_tree=empty
#-----------
snapshot=24
#-----------
time=922667038
mem_heap_B=83545800
mem_heap_extra_B=12136
mem_stacks_B=0
heap_tree=empty
#-----------
snapshot=25
#-----------
time=960612951
mem_heap_B=83545800
mem_heap_extra_B=12136
mem_stacks_B=0
heap_tree=empty
#-----------
snapshot=26
#-----------
time=998571098
mem_heap_B=83545800
mem_heap_extra_B=12136
mem_stacks_B=0
heap_tree=empty
#-----------
snapshot=27
#-----------
time=1061836049
mem_heap_B=83545800
mem_heap_extra_B=12136
mem_stacks_B=0
heap_tree=empty
#-----------
snapshot=28
#-----------
time=1093465403
mem_heap_B=83545800
mem_heap_extra_B=12136
mem_stacks_B=0
heap_tree=empty
#-----------
snapshot=29
#-----------
time=1125103393
mem_heap_B=83545800
mem_heap_extra_B=12136
mem_stacks_B=0
heap_tree=empty
#-----------
snapshot=30
#-----------
time=1175713287
mem_heap_B=83545800
mem_heap_extra_B=12136
mem_stacks_B=0
heap_tree=empty
#-----------
snapshot=31
#-----------
time=1213665127
mem_heap_B=83545800
mem_heap_extra_B=12136
mem_stacks_B=0
heap_tree=empty
#-----------
snapshot=32
#-----------
time=1251636876
mem_heap_B=83545800
mem_heap_extra_B=12136
mem_stacks_B=0
heap_tree=empty
#-----------
snapshot=33
#-----------
time=1302281048
mem_heap_B=83545800
mem_heap_extra_B=12136
mem_stacks_B=0
heap_tree=empty
#-----------
snapshot=34
#-----------
time=1352916262
mem_heap_B=83545800
mem_heap_extra_B=12136
mem_stacks_B=0
heap_tree=empty
#-----------
snapshot=35
#-----------
time=1378239423
mem_heap_B=83545800
mem_heap_extra_B=12136
mem_stacks_B=0
heap_tree=empty
#-----------
snapshot=36
#-----------
time=1416220157
mem_heap_B=83545800
mem_heap_extra_B=12136
mem_stacks_B=0
heap_tree=empty
#-----------
snapshot=37
#-----------
time=1454204779
mem_heap_B=83545800
mem_heap_extra_B=12136
mem_stacks_B=0
heap_tree=empty
#-----------
snapshot=38
#-----------
time=1479526473
mem_heap_B=83545800
mem_heap_extra_B=12136
mem_stacks_B=0
heap_tree=empty
#-----------
snapshot=39
#-----------
time=1517501933
mem_heap_B=83545800
mem_heap_extra_B=12136
mem_stacks_B=0
heap_tree=empty
#-----------
snapshot=40
#-----------
time=1542818900
mem_heap_B=83545800
mem_heap_extra_B=12136
mem_stacks_B=0
heap_tree=empty
#-----------
snapshot=41
#-----------
time=1580794862
mem_heap_B=83545800
mem_heap_extra_B=12136
mem_stacks_B=0
heap_tree=empty
#-----------
snapshot=42
#-----------
time=1606115202
mem_heap_B=83545800
mem_heap_extra_B=12136
mem_stacks_B=0
heap_tree=empty
#-----------
snapshot=43
#-----------
time=1644090724
mem_heap_B=83546312
mem_heap_extra_B=12144
mem_stacks_B=0
heap_tree=empty
#-----------
snapshot=44
#-----------
time=1669408177
mem_heap_B=83545800
mem_heap_extra_B=12136
mem_stacks_B=0
heap_tree=empty
#-----------
snapshot=45
#-----------
time=1707382218
mem_heap_B=83545800
mem_heap_extra_B=12136
mem_stacks_B=0
heap_tree=empty
#-----------
snapshot=46
#-----------
time=1758027395
mem_heap_B=83545800
mem_heap_extra_B=12136
mem_stacks_B=0
heap_tree=empty
#-----------
snapshot=47
#-----------
time=1808658468
mem_heap_B=83545800
mem_heap_extra_B=12136
mem_stacks_B=0
heap_tree=empty
#-----------
snapshot=48
#-----------
time=1833979557
mem_heap_B=83545800
mem_heap_extra_B=12136
mem_stacks_B=0
heap_tree=empty
#-----------
snapshot=49
#-----------
time=1871963521
mem_heap_B=83545800
mem_heap_extra_B=12136
mem_stacks_B=0
heap_tree=empty
#-----------
snapshot=50
#-----------
time=1897283291
mem_heap_B=83545800
mem_heap_extra_B=12136
mem_stacks_B=0
heap_tree=empty
#-----------
snapshot=51
#-----------
time=1922600701
mem_heap_B=83545800
mem_heap_extra_B=12136
mem_stacks_B=0
heap_tree=empty
#-----------
snapshot=52
#-----------
time=1947919865
mem_heap_B=83545800
mem_heap_extra_B=12136
mem_stacks_B=0
heap_tree=detailed
n4: 83545800 (heap allocation functions) malloc/new/new[], --alloc-fns, etc.
 n1: 33554432 0x401BAE: doMultiQueryValueConstraint (multiquery_merge.c:185)
  n1: 33554432 0x402813: process_query (multiquery_merge.c:425)
   n0: 33554432 0x402899: main (multiquery_merge.c:455)
 n1: 33554432 0x401C76: doMultiQueryValueConstraint (multiquery_merge.c:205)
  n1: 33554432 0x402813: process_query (multiquery_merge.c:425)
   n0: 33554432 0x402899: main (multiquery_merge.c:455)
 n1: 16404912 0x407E68: ALPartitionStoreReadIndexBinsPOSIX (ALStorePOSIX.c:542)
  n1: 16404912 0x402DE6: ALPartitionStoreReadIndexBins (ALStore.c:222)
   n1: 16404912 0x401F47: doMultiQueryValueConstraint (multiquery_merge.c:242)
    n1: 16404912 0x402813: process_query (multiquery_merge.c:425)
     n0: 16404912 0x402899: main (multiquery_merge.c:455)
 n0: 32024 in 22 places, all below massif's threshold (01.00%)
#-----------
snapshot=53
#-----------
time=1973239281
mem_heap_B=83545800
mem_heap_extra_B=12136
mem_stacks_B=0
heap_tree=empty
#-----------
snapshot=54
#-----------
time=1998559716
mem_heap_B=83545800
mem_heap_extra_B=12136
mem_stacks_B=0
heap_tree=empty
#-----------
snapshot=55
#-----------
time=2023879827
mem_heap_B=83545800
mem_heap_extra_B=12136
mem_stacks_B=0
heap_tree=empty
#-----------
snapshot=56
#-----------
time=2049197194
mem_heap_B=83545800
mem_heap_extra_B=12136
mem_stacks_B=0
heap_tree=empty
#-----------
snapshot=57
#-----------
time=2074516003
mem_heap_B=83545800
mem_heap_extra_B=12136
mem_stacks_B=0
heap_tree=empty
#-----------
snapshot=58
#-----------
time=2099833257
mem_heap_B=83545800
mem_heap_extra_B=12136
mem_stacks_B=0
heap_tree=empty
#-----------
snapshot=59
#-----------
time=2125154697
mem_heap_B=83545800
mem_heap_extra_B=12136
mem_stacks_B=0
heap_tree=empty
#-----------
snapshot=60
#-----------
time=2150473670
mem_heap_B=83545800
mem_heap_extra_B=12136
mem_stacks_B=0
heap_tree=empty
#-----------
snapshot=61
#-----------
time=2175794449
mem_heap_B=83545800
mem_heap_extra_B=12136
mem_stacks_B=0
heap_tree=empty
#-----------
snapshot=62
#-----------
time=2201114999
mem_heap_B=83545800
mem_heap_extra_B=12136
mem_stacks_B=0
heap_tree=detailed
n4: 83545800 (heap allocation functions) malloc/new/new[], --alloc-fns, etc.
 n1: 33554432 0x401BAE: doMultiQueryValueConstraint (multiquery_merge.c:185)
  n1: 33554432 0x402813: process_query (multiquery_merge.c:425)
   n0: 33554432 0x402899: main (multiquery_merge.c:455)
 n1: 33554432 0x401C76: doMultiQueryValueConstraint (multiquery_merge.c:205)
  n1: 33554432 0x402813: process_query (multiquery_merge.c:425)
   n0: 33554432 0x402899: main (multiquery_merge.c:455)
 n1: 16404912 0x407E68: ALPartitionStoreReadIndexBinsPOSIX (ALStorePOSIX.c:542)
  n1: 16404912 0x402DE6: ALPartitionStoreReadIndexBins (ALStore.c:222)
   n1: 16404912 0x401F47: doMultiQueryValueConstraint (multiquery_merge.c:242)
    n1: 16404912 0x402813: process_query (multiquery_merge.c:425)
     n0: 16404912 0x402899: main (multiquery_merge.c:455)
 n0: 32024 in 22 places, all below massif's threshold (01.00%)
#-----------
snapshot=63
#-----------
time=2226434224
mem_heap_B=83545800
mem_heap_extra_B=12136
mem_stacks_B=0
heap_tree=empty
#-----------
snapshot=64
#-----------
time=2251752676
mem_heap_B=83545800
mem_heap_extra_B=12136
mem_stacks_B=0
heap_tree=empty
#-----------
snapshot=65
#-----------
time=2277073164
mem_heap_B=83545800
mem_heap_extra_B=12136
mem_stacks_B=0
heap_tree=empty
#-----------
snapshot=66
#-----------
time=2302393113
mem_heap_B=83545800
mem_heap_extra_B=12136
mem_stacks_B=0
heap_tree=empty
#-----------
snapshot=67
#-----------
time=2327713714
mem_heap_B=83545800
mem_heap_extra_B=12136
mem_stacks_B=0
heap_tree=empty
#-----------
snapshot=68
#-----------
time=2353032311
mem_heap_B=83545800
mem_heap_extra_B=12136
mem_stacks_B=0
heap_tree=empty
#-----------
snapshot=69
#-----------
time=2378354454
mem_heap_B=83545800
mem_heap_extra_B=12136
mem_stacks_B=0
heap_tree=empty
#-----------
snapshot=70
#-----------
time=2403676532
mem_heap_B=83545800
mem_heap_extra_B=12136
mem_stacks_B=0
heap_tree=empty
#-----------
snapshot=71
#-----------
time=2428995377
mem_heap_B=83545800
mem_heap_extra_B=12136
mem_stacks_B=0
heap_tree=empty
#-----------
snapshot=72
#-----------
time=2454312835
mem_heap_B=83545800
mem_heap_extra_B=12136
mem_stacks_B=0
heap_tree=detailed
n4: 83545800 (heap allocation functions) malloc/new/new[], --alloc-fns, etc.
 n1: 33554432 0x401BAE: doMultiQueryValueConstraint (multiquery_merge.c:185)
  n1: 33554432 0x402813: process_query (multiquery_merge.c:425)
   n0: 33554432 0x402899: main (multiquery_merge.c:455)
 n1: 33554432 0x401C76: doMultiQueryValueConstraint (multiquery_merge.c:205)
  n1: 33554432 0x402813: process_query (multiquery_merge.c:425)
   n0: 33554432 0x402899: main (multiquery_merge.c:455)
 n1: 16404912 0x407E68: ALPartitionStoreReadIndexBinsPOSIX (ALStorePOSIX.c:542)
  n1: 16404912 0x402DE6: ALPartitionStoreReadIndexBins (ALStore.c:222)
   n1: 16404912 0x401F47: doMultiQueryValueConstraint (multiquery_merge.c:242)
    n1: 16404912 0x402813: process_query (multiquery_merge.c:425)
     n0: 16404912 0x402899: main (multiquery_merge.c:455)
 n0: 32024 in 22 places, all below massif's threshold (01.00%)
#-----------
snapshot=73
#-----------
time=2479633769
mem_heap_B=83545800
mem_heap_extra_B=12136
mem_stacks_B=0
heap_tree=empty
#-----------
snapshot=74
#-----------
time=2504953503
mem_heap_B=83545800
mem_heap_extra_B=12136
mem_stacks_B=0
heap_tree=empty
#-----------
snapshot=75
#-----------
time=2530274649
mem_heap_B=83545800
mem_heap_extra_B=12136
mem_stacks_B=0
heap_tree=empty
#-----------
snapshot=76
#-----------
time=2555597707
mem_heap_B=83545800
mem_heap_extra_B=12136
mem_stacks_B=0
heap_tree=empty
#-----------
snapshot=77
#-----------
time=2580919232
mem_heap_B=83545800
mem_heap_extra_B=12136
mem_stacks_B=0
heap_tree=empty
#-----------
snapshot=78
#-----------
time=2606241884
mem_heap_B=83545800
mem_heap_extra_B=12136
mem_stacks_B=0
heap_tree=empty
#-----------
snapshot=79
#-----------
time=2631563791
mem_heap_B=83545800
mem_heap_extra_B=12136
mem_stacks_B=0
heap_tree=empty
#-----------
snapshot=80
#-----------
time=2743362647
mem_heap_B=69132404
mem_heap_extra_B=8540
mem_stacks_B=0
heap_tree=empty
#-----------
snapshot=81
#-----------
time=2768682188
mem_heap_B=69132404
mem_heap_extra_B=8540
mem_stacks_B=0
heap_tree=empty
#-----------
snapshot=82
#-----------
time=2794002986
mem_heap_B=69132404
mem_heap_extra_B=8540
mem_stacks_B=0
heap_tree=detailed
n4: 69132404 (heap allocation functions) malloc/new/new[], --alloc-fns, etc.
 n1: 33554432 0x401BAE: doMultiQueryValueConstraint (multiquery_merge.c:185)
  n1: 33554432 0x402813: process_query (multiquery_merge.c:425)
   n0: 33554432 0x402899: main (multiquery_merge.c:455)
 n1: 33554432 0x401C76: doMultiQueryValueConstraint (multiquery_merge.c:205)
  n1: 33554432 0x402813: process_query (multiquery_merge.c:425)
   n0: 33554432 0x402899: main (multiquery_merge.c:455)
 n1: 1991516 0x407E68: ALPartitionStoreReadIndexBinsPOSIX (ALStorePOSIX.c:542)
  n1: 1991516 0x402DE6: ALPartitionStoreReadIndexBins (ALStore.c:222)
   n1: 1991516 0x401F47: doMultiQueryValueConstraint (multiquery_merge.c:242)
    n1: 1991516 0x402813: process_query (multiquery_merge.c:425)
     n0: 1991516 0x402899: main (multiquery_merge.c:455)
 n0: 32024 in 22 places, all below massif's threshold (01.00%)
#-----------
snapshot=83
#-----------
time=2819323242
mem_heap_B=69132404
mem_heap_extra_B=8540
mem_stacks_B=0
heap_tree=empty
#-----------
snapshot=84
#-----------
time=3306276915
mem_heap_B=68523336
mem_heap_extra_B=8536
mem_stacks_B=0
heap_tree=empty
#-----------
snapshot=85
#-----------
time=3776920310
mem_heap_B=67140888
mem_heap_extra_B=8528
mem_stacks_B=0
heap_tree=empty
