desc: --massif-out-file=/home/xzou2/alac_fastbit_comp/alac_multi_engine/script/exp_results/mem_trace/merge_2var_10.log
cmd: /home/xzou2/alac_fastbit_comp/alac_multi_engine/build/bin/multiquery_merge 2 /home/xzou2/data/ii_index/s3d/1part_2G/pfd/ uvel 19 49 vvel -2.8 1.3
time_unit: i
#-----------
snapshot=0
#-----------
time=0
mem_heap_B=0
mem_heap_extra_B=0
mem_stacks_B=0
heap_tree=empty
#-----------
snapshot=1
#-----------
time=179035276
mem_heap_B=126598912
mem_heap_extra_B=12080
mem_stacks_B=0
heap_tree=empty
#-----------
snapshot=2
#-----------
time=379303725
mem_heap_B=126598912
mem_heap_extra_B=12080
mem_stacks_B=0
heap_tree=detailed
n4: 126598912 (heap allocation functions) malloc/new/new[], --alloc-fns, etc.
 n1: 59458024 0x407E68: ALPartitionStoreReadIndexBinsPOSIX (ALStorePOSIX.c:542)
  n1: 59458024 0x402DE6: ALPartitionStoreReadIndexBins (ALStore.c:222)
   n1: 59458024 0x401F47: doMultiQueryValueConstraint (multiquery_merge.c:242)
    n1: 59458024 0x402813: process_query (multiquery_merge.c:425)
     n0: 59458024 0x402899: main (multiquery_merge.c:455)
 n1: 33554432 0x401BAE: doMultiQueryValueConstraint (multiquery_merge.c:185)
  n1: 33554432 0x402813: process_query (multiquery_merge.c:425)
   n0: 33554432 0x402899: main (multiquery_merge.c:455)
 n1: 33554432 0x401C76: doMultiQueryValueConstraint (multiquery_merge.c:205)
  n1: 33554432 0x402813: process_query (multiquery_merge.c:425)
   n0: 33554432 0x402899: main (multiquery_merge.c:455)
 n0: 32024 in 22 places, all below massif's threshold (01.00%)
#-----------
snapshot=3
#-----------
time=527805900
mem_heap_B=126598912
mem_heap_extra_B=12080
mem_stacks_B=0
heap_tree=empty
#-----------
snapshot=4
#-----------
time=748383433
mem_heap_B=126598912
mem_heap_extra_B=12080
mem_stacks_B=0
heap_tree=empty
#-----------
snapshot=5
#-----------
time=1032633696
mem_heap_B=126598912
mem_heap_extra_B=12080
mem_stacks_B=0
heap_tree=empty
#-----------
snapshot=6
#-----------
time=1209753568
mem_heap_B=126598912
mem_heap_extra_B=12080
mem_stacks_B=0
heap_tree=empty
#-----------
snapshot=7
#-----------
time=1348986206
mem_heap_B=126598912
mem_heap_extra_B=12080
mem_stacks_B=0
heap_tree=empty
#-----------
snapshot=8
#-----------
time=1513548864
mem_heap_B=126598912
mem_heap_extra_B=12080
mem_stacks_B=0
heap_tree=empty
#-----------
snapshot=9
#-----------
time=1754067022
mem_heap_B=126598912
mem_heap_extra_B=12080
mem_stacks_B=0
heap_tree=empty
#-----------
snapshot=10
#-----------
time=1943893309
mem_heap_B=126598912
mem_heap_extra_B=12080
mem_stacks_B=0
heap_tree=detailed
n4: 126598912 (heap allocation functions) malloc/new/new[], --alloc-fns, etc.
 n1: 59458024 0x407E68: ALPartitionStoreReadIndexBinsPOSIX (ALStorePOSIX.c:542)
  n1: 59458024 0x402DE6: ALPartitionStoreReadIndexBins (ALStore.c:222)
   n1: 59458024 0x401F47: doMultiQueryValueConstraint (multiquery_merge.c:242)
    n1: 59458024 0x402813: process_query (multiquery_merge.c:425)
     n0: 59458024 0x402899: main (multiquery_merge.c:455)
 n1: 33554432 0x401BAE: doMultiQueryValueConstraint (multiquery_merge.c:185)
  n1: 33554432 0x402813: process_query (multiquery_merge.c:425)
   n0: 33554432 0x402899: main (multiquery_merge.c:455)
 n1: 33554432 0x401C76: doMultiQueryValueConstraint (multiquery_merge.c:205)
  n1: 33554432 0x402813: process_query (multiquery_merge.c:425)
   n0: 33554432 0x402899: main (multiquery_merge.c:455)
 n0: 32024 in 22 places, all below massif's threshold (01.00%)
#-----------
snapshot=11
#-----------
time=2196907997
mem_heap_B=126598912
mem_heap_extra_B=12080
mem_stacks_B=0
heap_tree=detailed
n4: 126598912 (heap allocation functions) malloc/new/new[], --alloc-fns, etc.
 n1: 59458024 0x407E68: ALPartitionStoreReadIndexBinsPOSIX (ALStorePOSIX.c:542)
  n1: 59458024 0x402DE6: ALPartitionStoreReadIndexBins (ALStore.c:222)
   n1: 59458024 0x401F47: doMultiQueryValueConstraint (multiquery_merge.c:242)
    n1: 59458024 0x402813: process_query (multiquery_merge.c:425)
     n0: 59458024 0x402899: main (multiquery_merge.c:455)
 n1: 33554432 0x401BAE: doMultiQueryValueConstraint (multiquery_merge.c:185)
  n1: 33554432 0x402813: process_query (multiquery_merge.c:425)
   n0: 33554432 0x402899: main (multiquery_merge.c:455)
 n1: 33554432 0x401C76: doMultiQueryValueConstraint (multiquery_merge.c:205)
  n1: 33554432 0x402813: process_query (multiquery_merge.c:425)
   n0: 33554432 0x402899: main (multiquery_merge.c:455)
 n0: 32024 in 22 places, all below massif's threshold (01.00%)
#-----------
snapshot=12
#-----------
time=2323419609
mem_heap_B=126598912
mem_heap_extra_B=12080
mem_stacks_B=0
heap_tree=empty
#-----------
snapshot=13
#-----------
time=2601738606
mem_heap_B=126598912
mem_heap_extra_B=12080
mem_stacks_B=0
heap_tree=empty
#-----------
snapshot=14
#-----------
time=2804141961
mem_heap_B=126598912
mem_heap_extra_B=12080
mem_stacks_B=0
heap_tree=empty
#-----------
snapshot=15
#-----------
time=3031849138
mem_heap_B=126598912
mem_heap_extra_B=12080
mem_stacks_B=0
heap_tree=empty
#-----------
snapshot=16
#-----------
time=3284853189
mem_heap_B=126598912
mem_heap_extra_B=12080
mem_stacks_B=0
heap_tree=detailed
n4: 126598912 (heap allocation functions) malloc/new/new[], --alloc-fns, etc.
 n1: 59458024 0x407E68: ALPartitionStoreReadIndexBinsPOSIX (ALStorePOSIX.c:542)
  n1: 59458024 0x402DE6: ALPartitionStoreReadIndexBins (ALStore.c:222)
   n1: 59458024 0x401F47: doMultiQueryValueConstraint (multiquery_merge.c:242)
    n1: 59458024 0x402813: process_query (multiquery_merge.c:425)
     n0: 59458024 0x402899: main (multiquery_merge.c:455)
 n1: 33554432 0x401BAE: doMultiQueryValueConstraint (multiquery_merge.c:185)
  n1: 33554432 0x402813: process_query (multiquery_merge.c:425)
   n0: 33554432 0x402899: main (multiquery_merge.c:455)
 n1: 33554432 0x401C76: doMultiQueryValueConstraint (multiquery_merge.c:205)
  n1: 33554432 0x402813: process_query (multiquery_merge.c:425)
   n0: 33554432 0x402899: main (multiquery_merge.c:455)
 n0: 32024 in 22 places, all below massif's threshold (01.00%)
#-----------
snapshot=17
#-----------
time=3537867970
mem_heap_B=126598912
mem_heap_extra_B=12080
mem_stacks_B=0
heap_tree=empty
#-----------
snapshot=18
#-----------
time=3740276314
mem_heap_B=126598912
mem_heap_extra_B=12080
mem_stacks_B=0
heap_tree=empty
#-----------
snapshot=19
#-----------
time=3942690274
mem_heap_B=126598912
mem_heap_extra_B=12080
mem_stacks_B=0
heap_tree=empty
#-----------
snapshot=20
#-----------
time=4094498893
mem_heap_B=126598912
mem_heap_extra_B=12080
mem_stacks_B=0
heap_tree=empty
#-----------
snapshot=21
#-----------
time=4246310499
mem_heap_B=126598912
mem_heap_extra_B=12080
mem_stacks_B=0
heap_tree=empty
#-----------
snapshot=22
#-----------
time=4448718033
mem_heap_B=126598912
mem_heap_extra_B=12080
mem_stacks_B=0
heap_tree=empty
#-----------
snapshot=23
#-----------
time=4600526645
mem_heap_B=126598912
mem_heap_extra_B=12080
mem_stacks_B=0
heap_tree=empty
#-----------
snapshot=24
#-----------
time=4904138093
mem_heap_B=126598912
mem_heap_extra_B=12080
mem_stacks_B=0
heap_tree=empty
#-----------
snapshot=25
#-----------
time=5106543911
mem_heap_B=126598912
mem_heap_extra_B=12080
mem_stacks_B=0
heap_tree=empty
#-----------
snapshot=26
#-----------
time=5359557295
mem_heap_B=126598912
mem_heap_extra_B=12080
mem_stacks_B=0
heap_tree=empty
#-----------
snapshot=27
#-----------
time=5561969924
mem_heap_B=126598912
mem_heap_extra_B=12080
mem_stacks_B=0
heap_tree=empty
#-----------
snapshot=28
#-----------
time=5741793002
mem_heap_B=126598912
mem_heap_extra_B=12080
mem_stacks_B=0
heap_tree=empty
#-----------
snapshot=29
#-----------
time=5977648446
mem_heap_B=126598912
mem_heap_extra_B=12080
mem_stacks_B=0
heap_tree=empty
#-----------
snapshot=30
#-----------
time=6134884570
mem_heap_B=126598912
mem_heap_extra_B=12080
mem_stacks_B=0
heap_tree=empty
#-----------
snapshot=31
#-----------
time=6370731311
mem_heap_B=126598912
mem_heap_extra_B=12080
mem_stacks_B=0
heap_tree=empty
#-----------
snapshot=32
#-----------
time=6527963094
mem_heap_B=126598912
mem_heap_extra_B=12080
mem_stacks_B=0
heap_tree=empty
#-----------
snapshot=33
#-----------
time=6753852540
mem_heap_B=157196424
mem_heap_extra_B=12208
mem_stacks_B=0
heap_tree=detailed
n4: 157196424 (heap allocation functions) malloc/new/new[], --alloc-fns, etc.
 n1: 90055024 0x407E68: ALPartitionStoreReadIndexBinsPOSIX (ALStorePOSIX.c:542)
  n1: 90055024 0x402DE6: ALPartitionStoreReadIndexBins (ALStore.c:222)
   n1: 90055024 0x401F47: doMultiQueryValueConstraint (multiquery_merge.c:242)
    n1: 90055024 0x402813: process_query (multiquery_merge.c:425)
     n0: 90055024 0x402899: main (multiquery_merge.c:455)
 n1: 33554432 0x401BAE: doMultiQueryValueConstraint (multiquery_merge.c:185)
  n1: 33554432 0x402813: process_query (multiquery_merge.c:425)
   n0: 33554432 0x402899: main (multiquery_merge.c:455)
 n1: 33554432 0x401C76: doMultiQueryValueConstraint (multiquery_merge.c:205)
  n1: 33554432 0x402813: process_query (multiquery_merge.c:425)
   n0: 33554432 0x402899: main (multiquery_merge.c:455)
 n0: 32536 in 22 places, all below massif's threshold (01.00%)
#-----------
snapshot=34
#-----------
time=6911088329
mem_heap_B=157195912
mem_heap_extra_B=12200
mem_stacks_B=0
heap_tree=empty
#-----------
snapshot=35
#-----------
time=7146938487
mem_heap_B=157195912
mem_heap_extra_B=12200
mem_stacks_B=0
heap_tree=empty
#-----------
snapshot=36
#-----------
time=7304174924
mem_heap_B=157195912
mem_heap_extra_B=12200
mem_stacks_B=0
heap_tree=empty
#-----------
snapshot=37
#-----------
time=7461410146
mem_heap_B=157195912
mem_heap_extra_B=12200
mem_stacks_B=0
heap_tree=empty
#-----------
snapshot=38
#-----------
time=7618650376
mem_heap_B=157195912
mem_heap_extra_B=12200
mem_stacks_B=0
heap_tree=empty
#-----------
snapshot=39
#-----------
time=7775878861
mem_heap_B=157195912
mem_heap_extra_B=12200
mem_stacks_B=0
heap_tree=empty
#-----------
snapshot=40
#-----------
time=7933111945
mem_heap_B=157195912
mem_heap_extra_B=12200
mem_stacks_B=0
heap_tree=empty
#-----------
snapshot=41
#-----------
time=8168958710
mem_heap_B=157195912
mem_heap_extra_B=12200
mem_stacks_B=0
heap_tree=empty
#-----------
snapshot=42
#-----------
time=8326193733
mem_heap_B=157195912
mem_heap_extra_B=12200
mem_stacks_B=0
heap_tree=detailed
n4: 157195912 (heap allocation functions) malloc/new/new[], --alloc-fns, etc.
 n1: 90055024 0x407E68: ALPartitionStoreReadIndexBinsPOSIX (ALStorePOSIX.c:542)
  n1: 90055024 0x402DE6: ALPartitionStoreReadIndexBins (ALStore.c:222)
   n1: 90055024 0x401F47: doMultiQueryValueConstraint (multiquery_merge.c:242)
    n1: 90055024 0x402813: process_query (multiquery_merge.c:425)
     n0: 90055024 0x402899: main (multiquery_merge.c:455)
 n1: 33554432 0x401BAE: doMultiQueryValueConstraint (multiquery_merge.c:185)
  n1: 33554432 0x402813: process_query (multiquery_merge.c:425)
   n0: 33554432 0x402899: main (multiquery_merge.c:455)
 n1: 33554432 0x401C76: doMultiQueryValueConstraint (multiquery_merge.c:205)
  n1: 33554432 0x402813: process_query (multiquery_merge.c:425)
   n0: 33554432 0x402899: main (multiquery_merge.c:455)
 n0: 32024 in 22 places, all below massif's threshold (01.00%)
#-----------
snapshot=43
#-----------
time=8562039805
mem_heap_B=157195912
mem_heap_extra_B=12200
mem_stacks_B=0
heap_tree=empty
#-----------
snapshot=44
#-----------
time=8797895731
mem_heap_B=157195912
mem_heap_extra_B=12200
mem_stacks_B=0
heap_tree=empty
#-----------
snapshot=45
#-----------
time=8955126357
mem_heap_B=157195912
mem_heap_extra_B=12200
mem_stacks_B=0
heap_tree=empty
#-----------
snapshot=46
#-----------
time=9112360482
mem_heap_B=157195912
mem_heap_extra_B=12200
mem_stacks_B=0
heap_tree=detailed
n4: 157195912 (heap allocation functions) malloc/new/new[], --alloc-fns, etc.
 n1: 90055024 0x407E68: ALPartitionStoreReadIndexBinsPOSIX (ALStorePOSIX.c:542)
  n1: 90055024 0x402DE6: ALPartitionStoreReadIndexBins (ALStore.c:222)
   n1: 90055024 0x401F47: doMultiQueryValueConstraint (multiquery_merge.c:242)
    n1: 90055024 0x402813: process_query (multiquery_merge.c:425)
     n0: 90055024 0x402899: main (multiquery_merge.c:455)
 n1: 33554432 0x401BAE: doMultiQueryValueConstraint (multiquery_merge.c:185)
  n1: 33554432 0x402813: process_query (multiquery_merge.c:425)
   n0: 33554432 0x402899: main (multiquery_merge.c:455)
 n1: 33554432 0x401C76: doMultiQueryValueConstraint (multiquery_merge.c:205)
  n1: 33554432 0x402813: process_query (multiquery_merge.c:425)
   n0: 33554432 0x402899: main (multiquery_merge.c:455)
 n0: 32024 in 22 places, all below massif's threshold (01.00%)
#-----------
snapshot=47
#-----------
time=9269596437
mem_heap_B=157195912
mem_heap_extra_B=12200
mem_stacks_B=0
heap_tree=empty
#-----------
snapshot=48
#-----------
time=9426833013
mem_heap_B=157195912
mem_heap_extra_B=12200
mem_stacks_B=0
heap_tree=empty
#-----------
snapshot=49
#-----------
time=9584072424
mem_heap_B=157195912
mem_heap_extra_B=12200
mem_stacks_B=0
heap_tree=empty
#-----------
snapshot=50
#-----------
time=9710586336
mem_heap_B=157195912
mem_heap_extra_B=12200
mem_stacks_B=0
heap_tree=empty
#-----------
snapshot=51
#-----------
time=9837102652
mem_heap_B=157195912
mem_heap_extra_B=12200
mem_stacks_B=0
heap_tree=empty
#-----------
snapshot=52
#-----------
time=10425081258
mem_heap_B=193236704
mem_heap_extra_B=12112
mem_stacks_B=0
heap_tree=empty
#-----------
snapshot=53
#-----------
time=13243843995
mem_heap_B=193236704
mem_heap_extra_B=12112
mem_stacks_B=0
heap_tree=peak
n4: 193236704 (heap allocation functions) malloc/new/new[], --alloc-fns, etc.
 n1: 126095816 0x4022C2: doMultiQueryValueConstraint (multiquery_merge.c:324)
  n1: 126095816 0x402813: process_query (multiquery_merge.c:425)
   n0: 126095816 0x402899: main (multiquery_merge.c:455)
 n1: 33554432 0x401BAE: doMultiQueryValueConstraint (multiquery_merge.c:185)
  n1: 33554432 0x402813: process_query (multiquery_merge.c:425)
   n0: 33554432 0x402899: main (multiquery_merge.c:455)
 n1: 33554432 0x401C76: doMultiQueryValueConstraint (multiquery_merge.c:205)
  n1: 33554432 0x402813: process_query (multiquery_merge.c:425)
   n0: 33554432 0x402899: main (multiquery_merge.c:455)
 n0: 32024 in 23 places, all below massif's threshold (01.00%)
