desc: --massif-out-file=/home/xzou2/alac_fastbit_comp/alac_multi_engine/script/exp_results/mem_trace/rle_3var_1.log
cmd: /home/xzou2/alac_fastbit_comp/alac_multi_engine/build/bin/multiquery_hybrid_decode 3 /home/xzou2/data/ii_index/s3d/1part_2G/pfd_rle/ uvel 47 48 vvel -2.8 2 temp 7.5E2 7.6E2
time_unit: i
#-----------
snapshot=0
#-----------
time=0
mem_heap_B=0
mem_heap_extra_B=0
mem_stacks_B=0
heap_tree=empty
#-----------
snapshot=1
#-----------
time=71495664
mem_heap_B=94883324
mem_heap_extra_B=12252
mem_stacks_B=0
heap_tree=detailed
n4: 94883324 (heap allocation functions) malloc/new/new[], --alloc-fns, etc.
 n1: 33554432 0x401BAE: doMultiQueryValueConstraint (multiquery_hybrid_decode.c:185)
  n1: 33554432 0x40283E: process_query (multiquery_hybrid_decode.c:423)
   n0: 33554432 0x4028C4: main (multiquery_hybrid_decode.c:453)
 n1: 33554432 0x401C76: doMultiQueryValueConstraint (multiquery_hybrid_decode.c:205)
  n1: 33554432 0x40283E: process_query (multiquery_hybrid_decode.c:423)
   n0: 33554432 0x4028C4: main (multiquery_hybrid_decode.c:453)
 n1: 27738648 0x407E94: ALPartitionStoreReadIndexBinsPOSIX (ALStorePOSIX.c:542)
  n1: 27738648 0x402E12: ALPartitionStoreReadIndexBins (ALStore.c:222)
   n1: 27738648 0x401F47: doMultiQueryValueConstraint (multiquery_hybrid_decode.c:242)
    n1: 27738648 0x40283E: process_query (multiquery_hybrid_decode.c:423)
     n0: 27738648 0x4028C4: main (multiquery_hybrid_decode.c:453)
 n0: 35812 in 22 places, all below massif's threshold (01.00%)
#-----------
snapshot=2
#-----------
time=162300420
mem_heap_B=94883324
mem_heap_extra_B=12252
mem_stacks_B=0
heap_tree=empty
#-----------
snapshot=3
#-----------
time=234161972
mem_heap_B=94883324
mem_heap_extra_B=12252
mem_stacks_B=0
heap_tree=empty
#-----------
snapshot=4
#-----------
time=332609094
mem_heap_B=94883324
mem_heap_extra_B=12252
mem_stacks_B=0
heap_tree=empty
#-----------
snapshot=5
#-----------
time=400422790
mem_heap_B=94883324
mem_heap_extra_B=12252
mem_stacks_B=0
heap_tree=empty
#-----------
snapshot=6
#-----------
time=481359841
mem_heap_B=94883324
mem_heap_extra_B=12252
mem_stacks_B=0
heap_tree=empty
#-----------
snapshot=7
#-----------
time=586382387
mem_heap_B=94883324
mem_heap_extra_B=12252
mem_stacks_B=0
heap_tree=empty
#-----------
snapshot=8
#-----------
time=695474810
mem_heap_B=186728468
mem_heap_extra_B=12236
mem_stacks_B=0
heap_tree=peak
n4: 186728468 (heap allocation functions) malloc/new/new[], --alloc-fns, etc.
 n1: 119583280 0x407E94: ALPartitionStoreReadIndexBinsPOSIX (ALStorePOSIX.c:542)
  n1: 119583280 0x402E12: ALPartitionStoreReadIndexBins (ALStore.c:222)
   n1: 119583280 0x401F47: doMultiQueryValueConstraint (multiquery_hybrid_decode.c:242)
    n1: 119583280 0x40283E: process_query (multiquery_hybrid_decode.c:423)
     n0: 119583280 0x4028C4: main (multiquery_hybrid_decode.c:453)
 n1: 33554432 0x401BAE: doMultiQueryValueConstraint (multiquery_hybrid_decode.c:185)
  n1: 33554432 0x40283E: process_query (multiquery_hybrid_decode.c:423)
   n0: 33554432 0x4028C4: main (multiquery_hybrid_decode.c:453)
 n1: 33554432 0x401C76: doMultiQueryValueConstraint (multiquery_hybrid_decode.c:205)
  n1: 33554432 0x40283E: process_query (multiquery_hybrid_decode.c:423)
   n0: 33554432 0x4028C4: main (multiquery_hybrid_decode.c:453)
 n0: 36324 in 22 places, all below massif's threshold (01.00%)
#-----------
snapshot=9
#-----------
time=757516306
mem_heap_B=186727956
mem_heap_extra_B=12228
mem_stacks_B=0
heap_tree=empty
#-----------
snapshot=10
#-----------
time=822456959
mem_heap_B=186727956
mem_heap_extra_B=12228
mem_stacks_B=0
heap_tree=empty
#-----------
snapshot=11
#-----------
time=910343369
mem_heap_B=186727956
mem_heap_extra_B=12228
mem_stacks_B=0
heap_tree=empty
#-----------
snapshot=12
#-----------
time=1011506444
mem_heap_B=186727956
mem_heap_extra_B=12228
mem_stacks_B=0
heap_tree=empty
#-----------
snapshot=13
#-----------
time=1120329834
mem_heap_B=186727956
mem_heap_extra_B=12228
mem_stacks_B=0
heap_tree=empty
#-----------
snapshot=14
#-----------
time=1180329356
mem_heap_B=186727956
mem_heap_extra_B=12228
mem_stacks_B=0
heap_tree=empty
#-----------
snapshot=15
#-----------
time=1250141844
mem_heap_B=186727956
mem_heap_extra_B=12228
mem_stacks_B=0
heap_tree=empty
#-----------
snapshot=16
#-----------
time=1328380261
mem_heap_B=186727956
mem_heap_extra_B=12228
mem_stacks_B=0
heap_tree=empty
#-----------
snapshot=17
#-----------
time=1410366170
mem_heap_B=186727956
mem_heap_extra_B=12228
mem_stacks_B=0
heap_tree=empty
#-----------
snapshot=18
#-----------
time=1496183644
mem_heap_B=186727956
mem_heap_extra_B=12228
mem_stacks_B=0
heap_tree=empty
#-----------
snapshot=19
#-----------
time=1583241806
mem_heap_B=186727956
mem_heap_extra_B=12228
mem_stacks_B=0
heap_tree=empty
#-----------
snapshot=20
#-----------
time=1671439389
mem_heap_B=186727956
mem_heap_extra_B=12228
mem_stacks_B=0
heap_tree=empty
#-----------
snapshot=21
#-----------
time=1767242869
mem_heap_B=186727956
mem_heap_extra_B=12228
mem_stacks_B=0
heap_tree=empty
#-----------
snapshot=22
#-----------
time=1867503125
mem_heap_B=186727956
mem_heap_extra_B=12228
mem_stacks_B=0
heap_tree=empty
#-----------
snapshot=23
#-----------
time=1974708083
mem_heap_B=186727956
mem_heap_extra_B=12228
mem_stacks_B=0
heap_tree=empty
#-----------
snapshot=24
#-----------
time=2029946437
mem_heap_B=186727956
mem_heap_extra_B=12228
mem_stacks_B=0
heap_tree=empty
#-----------
snapshot=25
#-----------
time=2089943611
mem_heap_B=186727956
mem_heap_extra_B=12228
mem_stacks_B=0
heap_tree=empty
#-----------
snapshot=26
#-----------
time=2150634740
mem_heap_B=186727956
mem_heap_extra_B=12228
mem_stacks_B=0
heap_tree=empty
#-----------
snapshot=27
#-----------
time=2212117116
mem_heap_B=186727956
mem_heap_extra_B=12228
mem_stacks_B=0
heap_tree=empty
#-----------
snapshot=28
#-----------
time=2276719807
mem_heap_B=186727956
mem_heap_extra_B=12228
mem_stacks_B=0
heap_tree=empty
#-----------
snapshot=29
#-----------
time=2344101138
mem_heap_B=186727956
mem_heap_extra_B=12228
mem_stacks_B=0
heap_tree=empty
#-----------
snapshot=30
#-----------
time=2413591116
mem_heap_B=186727956
mem_heap_extra_B=12228
mem_stacks_B=0
heap_tree=empty
#-----------
snapshot=31
#-----------
time=2484659743
mem_heap_B=186727956
mem_heap_extra_B=12228
mem_stacks_B=0
heap_tree=empty
#-----------
snapshot=32
#-----------
time=2556106979
mem_heap_B=186727956
mem_heap_extra_B=12228
mem_stacks_B=0
heap_tree=empty
#-----------
snapshot=33
#-----------
time=2634076174
mem_heap_B=186727956
mem_heap_extra_B=12228
mem_stacks_B=0
heap_tree=empty
#-----------
snapshot=34
#-----------
time=2714503900
mem_heap_B=186727956
mem_heap_extra_B=12228
mem_stacks_B=0
heap_tree=empty
#-----------
snapshot=35
#-----------
time=2796216831
mem_heap_B=186727956
mem_heap_extra_B=12228
mem_stacks_B=0
heap_tree=empty
#-----------
snapshot=36
#-----------
time=2881675512
mem_heap_B=186727956
mem_heap_extra_B=12228
mem_stacks_B=0
heap_tree=empty
#-----------
snapshot=37
#-----------
time=2968368169
mem_heap_B=186727956
mem_heap_extra_B=12228
mem_stacks_B=0
heap_tree=empty
#-----------
snapshot=38
#-----------
time=3055679957
mem_heap_B=186727956
mem_heap_extra_B=12228
mem_stacks_B=0
heap_tree=empty
#-----------
snapshot=39
#-----------
time=3143580896
mem_heap_B=186727956
mem_heap_extra_B=12228
mem_stacks_B=0
heap_tree=empty
#-----------
snapshot=40
#-----------
time=3233916404
mem_heap_B=186727956
mem_heap_extra_B=12228
mem_stacks_B=0
heap_tree=empty
#-----------
snapshot=41
#-----------
time=3329664588
mem_heap_B=186727956
mem_heap_extra_B=12228
mem_stacks_B=0
heap_tree=empty
#-----------
snapshot=42
#-----------
time=3427907519
mem_heap_B=186727956
mem_heap_extra_B=12228
mem_stacks_B=0
heap_tree=empty
#-----------
snapshot=43
#-----------
time=3528108939
mem_heap_B=186727956
mem_heap_extra_B=12228
mem_stacks_B=0
heap_tree=empty
#-----------
snapshot=44
#-----------
time=3629199338
mem_heap_B=186727956
mem_heap_extra_B=12228
mem_stacks_B=0
heap_tree=empty
#-----------
snapshot=45
#-----------
time=3733865193
mem_heap_B=186727956
mem_heap_extra_B=12228
mem_stacks_B=0
heap_tree=empty
#-----------
snapshot=46
#-----------
time=3840769755
mem_heap_B=186727956
mem_heap_extra_B=12228
mem_stacks_B=0
heap_tree=empty
#-----------
snapshot=47
#-----------
time=3949103820
mem_heap_B=186727956
mem_heap_extra_B=12228
mem_stacks_B=0
heap_tree=empty
#-----------
snapshot=48
#-----------
time=4057820838
mem_heap_B=186727956
mem_heap_extra_B=12228
mem_stacks_B=0
heap_tree=empty
#-----------
snapshot=49
#-----------
time=4089643214
mem_heap_B=186727956
mem_heap_extra_B=12228
mem_stacks_B=0
heap_tree=empty
#-----------
snapshot=50
#-----------
time=4121469807
mem_heap_B=186727956
mem_heap_extra_B=12228
mem_stacks_B=0
heap_tree=empty
#-----------
snapshot=51
#-----------
time=4153292987
mem_heap_B=186727956
mem_heap_extra_B=12228
mem_stacks_B=0
heap_tree=empty
#-----------
snapshot=52
#-----------
time=4185121524
mem_heap_B=186727956
mem_heap_extra_B=12228
mem_stacks_B=0
heap_tree=empty
#-----------
snapshot=53
#-----------
time=4216946484
mem_heap_B=186727956
mem_heap_extra_B=12228
mem_stacks_B=0
heap_tree=empty
#-----------
snapshot=54
#-----------
time=4248774929
mem_heap_B=186727956
mem_heap_extra_B=12228
mem_stacks_B=0
heap_tree=empty
#-----------
snapshot=55
#-----------
time=4280599435
mem_heap_B=186727956
mem_heap_extra_B=12228
mem_stacks_B=0
heap_tree=detailed
n4: 186727956 (heap allocation functions) malloc/new/new[], --alloc-fns, etc.
 n1: 119583280 0x407E94: ALPartitionStoreReadIndexBinsPOSIX (ALStorePOSIX.c:542)
  n1: 119583280 0x402E12: ALPartitionStoreReadIndexBins (ALStore.c:222)
   n1: 119583280 0x401F47: doMultiQueryValueConstraint (multiquery_hybrid_decode.c:242)
    n1: 119583280 0x40283E: process_query (multiquery_hybrid_decode.c:423)
     n0: 119583280 0x4028C4: main (multiquery_hybrid_decode.c:453)
 n1: 33554432 0x401BAE: doMultiQueryValueConstraint (multiquery_hybrid_decode.c:185)
  n1: 33554432 0x40283E: process_query (multiquery_hybrid_decode.c:423)
   n0: 33554432 0x4028C4: main (multiquery_hybrid_decode.c:453)
 n1: 33554432 0x401C76: doMultiQueryValueConstraint (multiquery_hybrid_decode.c:205)
  n1: 33554432 0x40283E: process_query (multiquery_hybrid_decode.c:423)
   n0: 33554432 0x4028C4: main (multiquery_hybrid_decode.c:453)
 n0: 35812 in 22 places, all below massif's threshold (01.00%)
#-----------
snapshot=56
#-----------
time=4312427066
mem_heap_B=186727956
mem_heap_extra_B=12228
mem_stacks_B=0
heap_tree=empty
#-----------
snapshot=57
#-----------
time=4344250960
mem_heap_B=186727956
mem_heap_extra_B=12228
mem_stacks_B=0
heap_tree=empty
#-----------
snapshot=58
#-----------
time=4376076496
mem_heap_B=186727956
mem_heap_extra_B=12228
mem_stacks_B=0
heap_tree=empty
#-----------
snapshot=59
#-----------
time=4407899177
mem_heap_B=186727956
mem_heap_extra_B=12228
mem_stacks_B=0
heap_tree=empty
#-----------
snapshot=60
#-----------
time=4439723252
mem_heap_B=186727956
mem_heap_extra_B=12228
mem_stacks_B=0
heap_tree=empty
#-----------
snapshot=61
#-----------
time=4549074562
mem_heap_B=95526400
mem_heap_extra_B=12248
mem_stacks_B=0
heap_tree=empty
#-----------
snapshot=62
#-----------
time=4580897255
mem_heap_B=95526400
mem_heap_extra_B=12248
mem_stacks_B=0
heap_tree=empty
#-----------
snapshot=63
#-----------
time=4612720085
mem_heap_B=95526400
mem_heap_extra_B=12248
mem_stacks_B=0
heap_tree=empty
#-----------
snapshot=64
#-----------
time=4644542842
mem_heap_B=95526400
mem_heap_extra_B=12248
mem_stacks_B=0
heap_tree=empty
#-----------
snapshot=65
#-----------
time=4676365270
mem_heap_B=95526912
mem_heap_extra_B=12256
mem_stacks_B=0
heap_tree=detailed
n4: 95526912 (heap allocation functions) malloc/new/new[], --alloc-fns, etc.
 n1: 33554432 0x401BAE: doMultiQueryValueConstraint (multiquery_hybrid_decode.c:185)
  n1: 33554432 0x40283E: process_query (multiquery_hybrid_decode.c:423)
   n0: 33554432 0x4028C4: main (multiquery_hybrid_decode.c:453)
 n1: 33554432 0x401C76: doMultiQueryValueConstraint (multiquery_hybrid_decode.c:205)
  n1: 33554432 0x40283E: process_query (multiquery_hybrid_decode.c:423)
   n0: 33554432 0x4028C4: main (multiquery_hybrid_decode.c:453)
 n1: 28381724 0x407E94: ALPartitionStoreReadIndexBinsPOSIX (ALStorePOSIX.c:542)
  n1: 28381724 0x402E12: ALPartitionStoreReadIndexBins (ALStore.c:222)
   n1: 28381724 0x401F47: doMultiQueryValueConstraint (multiquery_hybrid_decode.c:242)
    n1: 28381724 0x40283E: process_query (multiquery_hybrid_decode.c:423)
     n0: 28381724 0x4028C4: main (multiquery_hybrid_decode.c:453)
 n0: 36324 in 22 places, all below massif's threshold (01.00%)
#-----------
snapshot=66
#-----------
time=4708188040
mem_heap_B=95526400
mem_heap_extra_B=12248
mem_stacks_B=0
heap_tree=empty
#-----------
snapshot=67
#-----------
time=4740010770
mem_heap_B=95526400
mem_heap_extra_B=12248
mem_stacks_B=0
heap_tree=empty
#-----------
snapshot=68
#-----------
time=4771833502
mem_heap_B=95526400
mem_heap_extra_B=12248
mem_stacks_B=0
heap_tree=empty
#-----------
snapshot=69
#-----------
time=4803656599
mem_heap_B=95526400
mem_heap_extra_B=12248
mem_stacks_B=0
heap_tree=empty
#-----------
snapshot=70
#-----------
time=4835479298
mem_heap_B=95526400
mem_heap_extra_B=12248
mem_stacks_B=0
heap_tree=empty
#-----------
snapshot=71
#-----------
time=4867302189
mem_heap_B=95526400
mem_heap_extra_B=12248
mem_stacks_B=0
heap_tree=empty
#-----------
snapshot=72
#-----------
time=4899124974
mem_heap_B=95526400
mem_heap_extra_B=12248
mem_stacks_B=0
heap_tree=empty
#-----------
snapshot=73
#-----------
time=4930947904
mem_heap_B=95526400
mem_heap_extra_B=12248
mem_stacks_B=0
heap_tree=empty
#-----------
snapshot=74
#-----------
time=4962770565
mem_heap_B=95526400
mem_heap_extra_B=12248
mem_stacks_B=0
heap_tree=empty
#-----------
snapshot=75
#-----------
time=4994593300
mem_heap_B=95526400
mem_heap_extra_B=12248
mem_stacks_B=0
heap_tree=detailed
n4: 95526400 (heap allocation functions) malloc/new/new[], --alloc-fns, etc.
 n1: 33554432 0x401BAE: doMultiQueryValueConstraint (multiquery_hybrid_decode.c:185)
  n1: 33554432 0x40283E: process_query (multiquery_hybrid_decode.c:423)
   n0: 33554432 0x4028C4: main (multiquery_hybrid_decode.c:453)
 n1: 33554432 0x401C76: doMultiQueryValueConstraint (multiquery_hybrid_decode.c:205)
  n1: 33554432 0x40283E: process_query (multiquery_hybrid_decode.c:423)
   n0: 33554432 0x4028C4: main (multiquery_hybrid_decode.c:453)
 n1: 28381724 0x407E94: ALPartitionStoreReadIndexBinsPOSIX (ALStorePOSIX.c:542)
  n1: 28381724 0x402E12: ALPartitionStoreReadIndexBins (ALStore.c:222)
   n1: 28381724 0x401F47: doMultiQueryValueConstraint (multiquery_hybrid_decode.c:242)
    n1: 28381724 0x40283E: process_query (multiquery_hybrid_decode.c:423)
     n0: 28381724 0x4028C4: main (multiquery_hybrid_decode.c:453)
 n0: 35812 in 22 places, all below massif's threshold (01.00%)
#-----------
snapshot=76
#-----------
time=5026415812
mem_heap_B=95526400
mem_heap_extra_B=12248
mem_stacks_B=0
heap_tree=empty
#-----------
snapshot=77
#-----------
time=5058238481
mem_heap_B=95526400
mem_heap_extra_B=12248
mem_stacks_B=0
heap_tree=empty
#-----------
snapshot=78
#-----------
time=5090060871
mem_heap_B=95526400
mem_heap_extra_B=12248
mem_stacks_B=0
heap_tree=empty
#-----------
snapshot=79
#-----------
time=5121884106
mem_heap_B=95526400
mem_heap_extra_B=12248
mem_stacks_B=0
heap_tree=empty
#-----------
snapshot=80
#-----------
time=5153706562
mem_heap_B=95526400
mem_heap_extra_B=12248
mem_stacks_B=0
heap_tree=empty
#-----------
snapshot=81
#-----------
time=5185529260
mem_heap_B=95526400
mem_heap_extra_B=12248
mem_stacks_B=0
heap_tree=empty
#-----------
snapshot=82
#-----------
time=5217351670
mem_heap_B=95526912
mem_heap_extra_B=12256
mem_stacks_B=0
heap_tree=empty
#-----------
snapshot=83
#-----------
time=5249174613
mem_heap_B=95526400
mem_heap_extra_B=12248
mem_stacks_B=0
heap_tree=empty
#-----------
snapshot=84
#-----------
time=5280997190
mem_heap_B=95526400
mem_heap_extra_B=12248
mem_stacks_B=0
heap_tree=empty
#-----------
snapshot=85
#-----------
time=5312820159
mem_heap_B=95526400
mem_heap_extra_B=12248
mem_stacks_B=0
heap_tree=detailed
n4: 95526400 (heap allocation functions) malloc/new/new[], --alloc-fns, etc.
 n1: 33554432 0x401BAE: doMultiQueryValueConstraint (multiquery_hybrid_decode.c:185)
  n1: 33554432 0x40283E: process_query (multiquery_hybrid_decode.c:423)
   n0: 33554432 0x4028C4: main (multiquery_hybrid_decode.c:453)
 n1: 33554432 0x401C76: doMultiQueryValueConstraint (multiquery_hybrid_decode.c:205)
  n1: 33554432 0x40283E: process_query (multiquery_hybrid_decode.c:423)
   n0: 33554432 0x4028C4: main (multiquery_hybrid_decode.c:453)
 n1: 28381724 0x407E94: ALPartitionStoreReadIndexBinsPOSIX (ALStorePOSIX.c:542)
  n1: 28381724 0x402E12: ALPartitionStoreReadIndexBins (ALStore.c:222)
   n1: 28381724 0x401F47: doMultiQueryValueConstraint (multiquery_hybrid_decode.c:242)
    n1: 28381724 0x40283E: process_query (multiquery_hybrid_decode.c:423)
     n0: 28381724 0x4028C4: main (multiquery_hybrid_decode.c:453)
 n0: 35812 in 22 places, all below massif's threshold (01.00%)
#-----------
snapshot=86
#-----------
time=5344642774
mem_heap_B=95526400
mem_heap_extra_B=12248
mem_stacks_B=0
heap_tree=empty
#-----------
snapshot=87
#-----------
time=5831564459
mem_heap_B=130099452
mem_heap_extra_B=9436
mem_stacks_B=0
heap_tree=empty
#-----------
snapshot=88
#-----------
time=7461498311
mem_heap_B=67144676
mem_heap_extra_B=8748
mem_stacks_B=0
heap_tree=empty
