desc: --massif-out-file=/home/xzou2/alac_fastbit_comp/alac_multi_engine/script/exp_results/mem_trace/rle_4var_.001.log
cmd: /home/xzou2/alac_fastbit_comp/alac_multi_engine/build/bin/multiquery_hybrid_decode 4 /home/xzou2/data/ii_index/s3d/1part_2G/pfd_rle/ uvel 50 69 vvel 13 23 temp 6.8E2 7.4E2 wvel 45 56
time_unit: i
#-----------
snapshot=0
#-----------
time=0
mem_heap_B=0
mem_heap_extra_B=0
mem_stacks_B=0
heap_tree=empty
#-----------
snapshot=1
#-----------
time=33550852
mem_heap_B=147011700
mem_heap_extra_B=11572
mem_stacks_B=0
heap_tree=peak
n4: 147011700 (heap allocation functions) malloc/new/new[], --alloc-fns, etc.
 n1: 79848804 0x407E94: ALPartitionStoreReadIndexBinsPOSIX (ALStorePOSIX.c:542)
  n1: 79848804 0x402E12: ALPartitionStoreReadIndexBins (ALStore.c:222)
   n1: 79848804 0x401F47: doMultiQueryValueConstraint (multiquery_hybrid_decode.c:242)
    n1: 79848804 0x40283E: process_query (multiquery_hybrid_decode.c:423)
     n0: 79848804 0x4028C4: main (multiquery_hybrid_decode.c:453)
 n1: 33554432 0x401BAE: doMultiQueryValueConstraint (multiquery_hybrid_decode.c:185)
  n1: 33554432 0x40283E: process_query (multiquery_hybrid_decode.c:423)
   n0: 33554432 0x4028C4: main (multiquery_hybrid_decode.c:453)
 n1: 33554432 0x401C76: doMultiQueryValueConstraint (multiquery_hybrid_decode.c:205)
  n1: 33554432 0x40283E: process_query (multiquery_hybrid_decode.c:423)
   n0: 33554432 0x4028C4: main (multiquery_hybrid_decode.c:453)
 n0: 54032 in 22 places, all below massif's threshold (01.00%)
#-----------
snapshot=2
#-----------
time=120984033
mem_heap_B=147011700
mem_heap_extra_B=11572
mem_stacks_B=0
heap_tree=empty
#-----------
snapshot=3
#-----------
time=211804825
mem_heap_B=147011188
mem_heap_extra_B=11564
mem_stacks_B=0
heap_tree=empty
#-----------
snapshot=4
#-----------
time=253472463
mem_heap_B=147011188
mem_heap_extra_B=11564
mem_stacks_B=0
heap_tree=empty
#-----------
snapshot=5
#-----------
time=317076379
mem_heap_B=147011188
mem_heap_extra_B=11564
mem_stacks_B=0
heap_tree=empty
#-----------
snapshot=6
#-----------
time=417969823
mem_heap_B=147011188
mem_heap_extra_B=11564
mem_stacks_B=0
heap_tree=empty
#-----------
snapshot=7
#-----------
time=507894631
mem_heap_B=147011188
mem_heap_extra_B=11564
mem_stacks_B=0
heap_tree=empty
#-----------
snapshot=8
#-----------
time=569297477
mem_heap_B=147011188
mem_heap_extra_B=11564
mem_stacks_B=0
heap_tree=empty
#-----------
snapshot=9
#-----------
time=650461105
mem_heap_B=147011188
mem_heap_extra_B=11564
mem_stacks_B=0
heap_tree=empty
#-----------
snapshot=10
#-----------
time=711878680
mem_heap_B=147011188
mem_heap_extra_B=11564
mem_stacks_B=0
heap_tree=empty
#-----------
snapshot=11
#-----------
time=801804713
mem_heap_B=147011188
mem_heap_extra_B=11564
mem_stacks_B=0
heap_tree=empty
#-----------
snapshot=12
#-----------
time=856638268
mem_heap_B=147011188
mem_heap_extra_B=11564
mem_stacks_B=0
heap_tree=empty
#-----------
snapshot=13
#-----------
time=929031061
mem_heap_B=147011188
mem_heap_extra_B=11564
mem_stacks_B=0
heap_tree=empty
#-----------
snapshot=14
#-----------
time=991629369
mem_heap_B=147011188
mem_heap_extra_B=11564
mem_stacks_B=0
heap_tree=empty
#-----------
snapshot=15
#-----------
time=1035900167
mem_heap_B=147011188
mem_heap_extra_B=11564
mem_stacks_B=0
heap_tree=empty
#-----------
snapshot=16
#-----------
time=1105457661
mem_heap_B=147011188
mem_heap_extra_B=11564
mem_stacks_B=0
heap_tree=empty
#-----------
snapshot=17
#-----------
time=1175028862
mem_heap_B=147011188
mem_heap_extra_B=11564
mem_stacks_B=0
heap_tree=empty
#-----------
snapshot=18
#-----------
time=1238268233
mem_heap_B=147011188
mem_heap_extra_B=11564
mem_stacks_B=0
heap_tree=empty
#-----------
snapshot=19
#-----------
time=1328597259
mem_heap_B=147011188
mem_heap_extra_B=11564
mem_stacks_B=0
heap_tree=empty
#-----------
snapshot=20
#-----------
time=1420704114
mem_heap_B=147011188
mem_heap_extra_B=11564
mem_stacks_B=0
heap_tree=empty
#-----------
snapshot=21
#-----------
time=1497460903
mem_heap_B=147011188
mem_heap_extra_B=11564
mem_stacks_B=0
heap_tree=empty
#-----------
snapshot=22
#-----------
time=1574228661
mem_heap_B=147011188
mem_heap_extra_B=11564
mem_stacks_B=0
heap_tree=empty
#-----------
snapshot=23
#-----------
time=1635633996
mem_heap_B=147011188
mem_heap_extra_B=11564
mem_stacks_B=0
heap_tree=empty
#-----------
snapshot=24
#-----------
time=1712392597
mem_heap_B=147011188
mem_heap_extra_B=11564
mem_stacks_B=0
heap_tree=empty
#-----------
snapshot=25
#-----------
time=1773799267
mem_heap_B=147011188
mem_heap_extra_B=11564
mem_stacks_B=0
heap_tree=empty
#-----------
snapshot=26
#-----------
time=1887293982
mem_heap_B=103230536
mem_heap_extra_B=10072
mem_stacks_B=0
heap_tree=empty
#-----------
snapshot=27
#-----------
time=1948702617
mem_heap_B=103230536
mem_heap_extra_B=10072
mem_stacks_B=0
heap_tree=detailed
n4: 103230536 (heap allocation functions) malloc/new/new[], --alloc-fns, etc.
 n1: 36068152 0x407E94: ALPartitionStoreReadIndexBinsPOSIX (ALStorePOSIX.c:542)
  n1: 36068152 0x402E12: ALPartitionStoreReadIndexBins (ALStore.c:222)
   n1: 36068152 0x401F47: doMultiQueryValueConstraint (multiquery_hybrid_decode.c:242)
    n1: 36068152 0x40283E: process_query (multiquery_hybrid_decode.c:423)
     n0: 36068152 0x4028C4: main (multiquery_hybrid_decode.c:453)
 n1: 33554432 0x401BAE: doMultiQueryValueConstraint (multiquery_hybrid_decode.c:185)
  n1: 33554432 0x40283E: process_query (multiquery_hybrid_decode.c:423)
   n0: 33554432 0x4028C4: main (multiquery_hybrid_decode.c:453)
 n1: 33554432 0x401C76: doMultiQueryValueConstraint (multiquery_hybrid_decode.c:205)
  n1: 33554432 0x40283E: process_query (multiquery_hybrid_decode.c:423)
   n0: 33554432 0x4028C4: main (multiquery_hybrid_decode.c:453)
 n0: 53520 in 22 places, all below massif's threshold (01.00%)
#-----------
snapshot=28
#-----------
time=1994763613
mem_heap_B=103230536
mem_heap_extra_B=10072
mem_stacks_B=0
heap_tree=empty
#-----------
snapshot=29
#-----------
time=2071525953
mem_heap_B=103230536
mem_heap_extra_B=10072
mem_stacks_B=0
heap_tree=empty
#-----------
snapshot=30
#-----------
time=2148289000
mem_heap_B=103230536
mem_heap_extra_B=10072
mem_stacks_B=0
heap_tree=empty
#-----------
snapshot=31
#-----------
time=2198891047
mem_heap_B=103230536
mem_heap_extra_B=10072
mem_stacks_B=0
heap_tree=empty
#-----------
snapshot=32
#-----------
time=2249484913
mem_heap_B=103230536
mem_heap_extra_B=10072
mem_stacks_B=0
heap_tree=empty
#-----------
snapshot=33
#-----------
time=2300085847
mem_heap_B=103230536
mem_heap_extra_B=10072
mem_stacks_B=0
heap_tree=empty
#-----------
snapshot=34
#-----------
time=2375977637
mem_heap_B=103230536
mem_heap_extra_B=10072
mem_stacks_B=0
heap_tree=empty
#-----------
snapshot=35
#-----------
time=2477172200
mem_heap_B=103230536
mem_heap_extra_B=10072
mem_stacks_B=0
heap_tree=empty
#-----------
snapshot=36
#-----------
time=2553065292
mem_heap_B=103230536
mem_heap_extra_B=10072
mem_stacks_B=0
heap_tree=empty
#-----------
snapshot=37
#-----------
time=2603665485
mem_heap_B=103230536
mem_heap_extra_B=10072
mem_stacks_B=0
heap_tree=empty
#-----------
snapshot=38
#-----------
time=2679563538
mem_heap_B=103231048
mem_heap_extra_B=10080
mem_stacks_B=0
heap_tree=empty
#-----------
snapshot=39
#-----------
time=2755459985
mem_heap_B=103230536
mem_heap_extra_B=10072
mem_stacks_B=0
heap_tree=empty
#-----------
snapshot=40
#-----------
time=2806062085
mem_heap_B=103230536
mem_heap_extra_B=10072
mem_stacks_B=0
heap_tree=empty
#-----------
snapshot=41
#-----------
time=2856661310
mem_heap_B=103230536
mem_heap_extra_B=10072
mem_stacks_B=0
heap_tree=empty
#-----------
snapshot=42
#-----------
time=2932559190
mem_heap_B=103230536
mem_heap_extra_B=10072
mem_stacks_B=0
heap_tree=empty
#-----------
snapshot=43
#-----------
time=3008455850
mem_heap_B=103230536
mem_heap_extra_B=10072
mem_stacks_B=0
heap_tree=empty
#-----------
snapshot=44
#-----------
time=3033757250
mem_heap_B=103230536
mem_heap_extra_B=10072
mem_stacks_B=0
heap_tree=empty
#-----------
snapshot=45
#-----------
time=3160854899
mem_heap_B=110088916
mem_heap_extra_B=12492
mem_stacks_B=0
heap_tree=empty
#-----------
snapshot=46
#-----------
time=3262045270
mem_heap_B=110088916
mem_heap_extra_B=12492
mem_stacks_B=0
heap_tree=empty
#-----------
snapshot=47
#-----------
time=3337944101
mem_heap_B=110088916
mem_heap_extra_B=12492
mem_stacks_B=0
heap_tree=empty
#-----------
snapshot=48
#-----------
time=3413838042
mem_heap_B=110088916
mem_heap_extra_B=12492
mem_stacks_B=0
heap_tree=empty
#-----------
snapshot=49
#-----------
time=3515029593
mem_heap_B=110088916
mem_heap_extra_B=12492
mem_stacks_B=0
heap_tree=empty
#-----------
snapshot=50
#-----------
time=3540331273
mem_heap_B=110088916
mem_heap_extra_B=12492
mem_stacks_B=0
heap_tree=empty
#-----------
snapshot=51
#-----------
time=3565632703
mem_heap_B=110088916
mem_heap_extra_B=12492
mem_stacks_B=0
heap_tree=empty
#-----------
snapshot=52
#-----------
time=3590934505
mem_heap_B=110088916
mem_heap_extra_B=12492
mem_stacks_B=0
heap_tree=empty
#-----------
snapshot=53
#-----------
time=3616236138
mem_heap_B=110088916
mem_heap_extra_B=12492
mem_stacks_B=0
heap_tree=empty
#-----------
snapshot=54
#-----------
time=3641537995
mem_heap_B=110088916
mem_heap_extra_B=12492
mem_stacks_B=0
heap_tree=empty
#-----------
snapshot=55
#-----------
time=3666839480
mem_heap_B=110088916
mem_heap_extra_B=12492
mem_stacks_B=0
heap_tree=empty
#-----------
snapshot=56
#-----------
time=3692140979
mem_heap_B=110088916
mem_heap_extra_B=12492
mem_stacks_B=0
heap_tree=detailed
n4: 110088916 (heap allocation functions) malloc/new/new[], --alloc-fns, etc.
 n1: 42926532 0x407E94: ALPartitionStoreReadIndexBinsPOSIX (ALStorePOSIX.c:542)
  n1: 42926532 0x402E12: ALPartitionStoreReadIndexBins (ALStore.c:222)
   n1: 42926532 0x401F47: doMultiQueryValueConstraint (multiquery_hybrid_decode.c:242)
    n1: 42926532 0x40283E: process_query (multiquery_hybrid_decode.c:423)
     n0: 42926532 0x4028C4: main (multiquery_hybrid_decode.c:453)
 n1: 33554432 0x401BAE: doMultiQueryValueConstraint (multiquery_hybrid_decode.c:185)
  n1: 33554432 0x40283E: process_query (multiquery_hybrid_decode.c:423)
   n0: 33554432 0x4028C4: main (multiquery_hybrid_decode.c:453)
 n1: 33554432 0x401C76: doMultiQueryValueConstraint (multiquery_hybrid_decode.c:205)
  n1: 33554432 0x40283E: process_query (multiquery_hybrid_decode.c:423)
   n0: 33554432 0x4028C4: main (multiquery_hybrid_decode.c:453)
 n0: 53520 in 22 places, all below massif's threshold (01.00%)
#-----------
snapshot=57
#-----------
time=3717442767
mem_heap_B=110088916
mem_heap_extra_B=12492
mem_stacks_B=0
heap_tree=empty
#-----------
snapshot=58
#-----------
time=3742744496
mem_heap_B=110088916
mem_heap_extra_B=12492
mem_stacks_B=0
heap_tree=empty
#-----------
snapshot=59
#-----------
time=3768046437
mem_heap_B=110088916
mem_heap_extra_B=12492
mem_stacks_B=0
heap_tree=empty
#-----------
snapshot=60
#-----------
time=3793348121
mem_heap_B=110088916
mem_heap_extra_B=12492
mem_stacks_B=0
heap_tree=empty
#-----------
snapshot=61
#-----------
time=3818649873
mem_heap_B=110088916
mem_heap_extra_B=12492
mem_stacks_B=0
heap_tree=empty
#-----------
snapshot=62
#-----------
time=3843951492
mem_heap_B=110088916
mem_heap_extra_B=12492
mem_stacks_B=0
heap_tree=empty
#-----------
snapshot=63
#-----------
time=3869253126
mem_heap_B=110088916
mem_heap_extra_B=12492
mem_stacks_B=0
heap_tree=empty
#-----------
snapshot=64
#-----------
time=3894554529
mem_heap_B=110088916
mem_heap_extra_B=12492
mem_stacks_B=0
heap_tree=empty
#-----------
snapshot=65
#-----------
time=3919856174
mem_heap_B=110088916
mem_heap_extra_B=12492
mem_stacks_B=0
heap_tree=empty
#-----------
snapshot=66
#-----------
time=3945158133
mem_heap_B=110088916
mem_heap_extra_B=12492
mem_stacks_B=0
heap_tree=detailed
n4: 110088916 (heap allocation functions) malloc/new/new[], --alloc-fns, etc.
 n1: 42926532 0x407E94: ALPartitionStoreReadIndexBinsPOSIX (ALStorePOSIX.c:542)
  n1: 42926532 0x402E12: ALPartitionStoreReadIndexBins (ALStore.c:222)
   n1: 42926532 0x401F47: doMultiQueryValueConstraint (multiquery_hybrid_decode.c:242)
    n1: 42926532 0x40283E: process_query (multiquery_hybrid_decode.c:423)
     n0: 42926532 0x4028C4: main (multiquery_hybrid_decode.c:453)
 n1: 33554432 0x401BAE: doMultiQueryValueConstraint (multiquery_hybrid_decode.c:185)
  n1: 33554432 0x40283E: process_query (multiquery_hybrid_decode.c:423)
   n0: 33554432 0x4028C4: main (multiquery_hybrid_decode.c:453)
 n1: 33554432 0x401C76: doMultiQueryValueConstraint (multiquery_hybrid_decode.c:205)
  n1: 33554432 0x40283E: process_query (multiquery_hybrid_decode.c:423)
   n0: 33554432 0x4028C4: main (multiquery_hybrid_decode.c:453)
 n0: 53520 in 22 places, all below massif's threshold (01.00%)
#-----------
snapshot=67
#-----------
time=3970459598
mem_heap_B=110088916
mem_heap_extra_B=12492
mem_stacks_B=0
heap_tree=empty
#-----------
snapshot=68
#-----------
time=3995761020
mem_heap_B=110089428
mem_heap_extra_B=12500
mem_stacks_B=0
heap_tree=empty
#-----------
snapshot=69
#-----------
time=4021062961
mem_heap_B=110088916
mem_heap_extra_B=12492
mem_stacks_B=0
heap_tree=empty
#-----------
snapshot=70
#-----------
time=4046364770
mem_heap_B=110088916
mem_heap_extra_B=12492
mem_stacks_B=0
heap_tree=empty
#-----------
snapshot=71
#-----------
time=4071666198
mem_heap_B=110088916
mem_heap_extra_B=12492
mem_stacks_B=0
heap_tree=empty
#-----------
snapshot=72
#-----------
time=4096967650
mem_heap_B=110089428
mem_heap_extra_B=12500
mem_stacks_B=0
heap_tree=empty
#-----------
snapshot=73
#-----------
time=4122269060
mem_heap_B=110088916
mem_heap_extra_B=12492
mem_stacks_B=0
heap_tree=empty
#-----------
snapshot=74
#-----------
time=4147571112
mem_heap_B=110088916
mem_heap_extra_B=12492
mem_stacks_B=0
heap_tree=empty
#-----------
snapshot=75
#-----------
time=4172872697
mem_heap_B=110088916
mem_heap_extra_B=12492
mem_stacks_B=0
heap_tree=empty
#-----------
snapshot=76
#-----------
time=4198174140
mem_heap_B=110089428
mem_heap_extra_B=12500
mem_stacks_B=0
heap_tree=detailed
n4: 110089428 (heap allocation functions) malloc/new/new[], --alloc-fns, etc.
 n1: 42926532 0x407E94: ALPartitionStoreReadIndexBinsPOSIX (ALStorePOSIX.c:542)
  n1: 42926532 0x402E12: ALPartitionStoreReadIndexBins (ALStore.c:222)
   n1: 42926532 0x401F47: doMultiQueryValueConstraint (multiquery_hybrid_decode.c:242)
    n1: 42926532 0x40283E: process_query (multiquery_hybrid_decode.c:423)
     n0: 42926532 0x4028C4: main (multiquery_hybrid_decode.c:453)
 n1: 33554432 0x401BAE: doMultiQueryValueConstraint (multiquery_hybrid_decode.c:185)
  n1: 33554432 0x40283E: process_query (multiquery_hybrid_decode.c:423)
   n0: 33554432 0x4028C4: main (multiquery_hybrid_decode.c:453)
 n1: 33554432 0x401C76: doMultiQueryValueConstraint (multiquery_hybrid_decode.c:205)
  n1: 33554432 0x40283E: process_query (multiquery_hybrid_decode.c:423)
   n0: 33554432 0x4028C4: main (multiquery_hybrid_decode.c:453)
 n0: 54032 in 22 places, all below massif's threshold (01.00%)
#-----------
snapshot=77
#-----------
time=4223475619
mem_heap_B=110088916
mem_heap_extra_B=12492
mem_stacks_B=0
heap_tree=empty
#-----------
snapshot=78
#-----------
time=4248777242
mem_heap_B=110088916
mem_heap_extra_B=12492
mem_stacks_B=0
heap_tree=empty
#-----------
snapshot=79
#-----------
time=4274078993
mem_heap_B=110088916
mem_heap_extra_B=12492
mem_stacks_B=0
heap_tree=empty
#-----------
snapshot=80
#-----------
time=4299381007
mem_heap_B=110088916
mem_heap_extra_B=12492
mem_stacks_B=0
heap_tree=empty
#-----------
snapshot=81
#-----------
time=4431971972
mem_heap_B=68272812
mem_heap_extra_B=8916
mem_stacks_B=0
heap_tree=empty
#-----------
snapshot=82
#-----------
time=4457273540
mem_heap_B=68272812
mem_heap_extra_B=8916
mem_stacks_B=0
heap_tree=empty
#-----------
snapshot=83
#-----------
time=4929610311
mem_heap_B=67217016
mem_heap_extra_B=8920
mem_stacks_B=0
heap_tree=empty
#-----------
snapshot=84
#-----------
time=5375252047
mem_heap_B=67162384
mem_heap_extra_B=8904
mem_stacks_B=0
heap_tree=empty
