desc: --massif-out-file=/home/xzou2/alac_fastbit_comp/alac_multi_engine/script/exp_results/mem_trace/rle_2var_.001.log
cmd: /home/xzou2/alac_fastbit_comp/alac_multi_engine/build/bin/multiquery_hybrid_decode 2 /home/xzou2/data/ii_index/s3d/1part_2G/pfd_rle/ uvel 25 26 vvel 4.3 4.4
time_unit: i
#-----------
snapshot=0
#-----------
time=0
mem_heap_B=0
mem_heap_extra_B=0
mem_stacks_B=0
heap_tree=empty
#-----------
snapshot=1
#-----------
time=2180794
mem_heap_B=6016
mem_heap_extra_B=328
mem_stacks_B=0
heap_tree=empty
#-----------
snapshot=2
#-----------
time=27216959
mem_heap_B=33560448
mem_heap_extra_B=4368
mem_stacks_B=0
heap_tree=detailed
n2: 33560448 (heap allocation functions) malloc/new/new[], --alloc-fns, etc.
 n1: 33554432 0x401BAE: doMultiQueryValueConstraint (multiquery_hybrid_decode.c:185)
  n1: 33554432 0x40283E: process_query (multiquery_hybrid_decode.c:423)
   n0: 33554432 0x4028C4: main (multiquery_hybrid_decode.c:453)
 n0: 6016 in 15 places, all below massif's threshold (01.00%)
#-----------
snapshot=3
#-----------
time=30372158
mem_heap_B=67140888
mem_heap_extra_B=8528
mem_stacks_B=0
heap_tree=empty
#-----------
snapshot=4
#-----------
time=33539332
mem_heap_B=70328176
mem_heap_extra_B=8552
mem_stacks_B=0
heap_tree=peak
n4: 70328176 (heap allocation functions) malloc/new/new[], --alloc-fns, etc.
 n1: 33554432 0x401BAE: doMultiQueryValueConstraint (multiquery_hybrid_decode.c:185)
  n1: 33554432 0x40283E: process_query (multiquery_hybrid_decode.c:423)
   n0: 33554432 0x4028C4: main (multiquery_hybrid_decode.c:453)
 n1: 33554432 0x401C76: doMultiQueryValueConstraint (multiquery_hybrid_decode.c:205)
  n1: 33554432 0x40283E: process_query (multiquery_hybrid_decode.c:423)
   n0: 33554432 0x4028C4: main (multiquery_hybrid_decode.c:453)
 n1: 3186776 0x407E94: ALPartitionStoreReadIndexBinsPOSIX (ALStorePOSIX.c:542)
  n1: 3186776 0x402E12: ALPartitionStoreReadIndexBins (ALStore.c:222)
   n1: 3186776 0x401F47: doMultiQueryValueConstraint (multiquery_hybrid_decode.c:242)
    n1: 3186776 0x40283E: process_query (multiquery_hybrid_decode.c:423)
     n0: 3186776 0x4028C4: main (multiquery_hybrid_decode.c:453)
 n0: 32536 in 22 places, all below massif's threshold (01.00%)
#-----------
snapshot=5
#-----------
time=37645212
mem_heap_B=70327664
mem_heap_extra_B=8544
mem_stacks_B=0
heap_tree=empty
#-----------
snapshot=6
#-----------
time=41405520
mem_heap_B=70327664
mem_heap_extra_B=8544
mem_stacks_B=0
heap_tree=empty
#-----------
snapshot=7
#-----------
time=43334062
mem_heap_B=70327664
mem_heap_extra_B=8544
mem_stacks_B=0
heap_tree=empty
#-----------
snapshot=8
#-----------
time=45991937
mem_heap_B=70327664
mem_heap_extra_B=8544
mem_stacks_B=0
heap_tree=empty
#-----------
snapshot=9
#-----------
time=48052906
mem_heap_B=70327664
mem_heap_extra_B=8544
mem_stacks_B=0
heap_tree=empty
#-----------
snapshot=10
#-----------
time=50244015
mem_heap_B=70328176
mem_heap_extra_B=8552
mem_stacks_B=0
heap_tree=empty
#-----------
snapshot=11
#-----------
time=52684750
mem_heap_B=70327664
mem_heap_extra_B=8544
mem_stacks_B=0
heap_tree=empty
#-----------
snapshot=12
#-----------
time=54475279
mem_heap_B=70327664
mem_heap_extra_B=8544
mem_stacks_B=0
heap_tree=empty
#-----------
snapshot=13
#-----------
time=56971592
mem_heap_B=70327664
mem_heap_extra_B=8544
mem_stacks_B=0
heap_tree=empty
#-----------
snapshot=14
#-----------
time=59399939
mem_heap_B=70327664
mem_heap_extra_B=8544
mem_stacks_B=0
heap_tree=empty
#-----------
snapshot=15
#-----------
time=62417393
mem_heap_B=70327664
mem_heap_extra_B=8544
mem_stacks_B=0
heap_tree=empty
#-----------
snapshot=16
#-----------
time=66070046
mem_heap_B=70327664
mem_heap_extra_B=8544
mem_stacks_B=0
heap_tree=empty
#-----------
snapshot=17
#-----------
time=69700727
mem_heap_B=70327664
mem_heap_extra_B=8544
mem_stacks_B=0
heap_tree=empty
#-----------
snapshot=18
#-----------
time=73297910
mem_heap_B=70327664
mem_heap_extra_B=8544
mem_stacks_B=0
heap_tree=empty
#-----------
snapshot=19
#-----------
time=75782374
mem_heap_B=70327664
mem_heap_extra_B=8544
mem_stacks_B=0
heap_tree=empty
#-----------
snapshot=20
#-----------
time=78174888
mem_heap_B=70327664
mem_heap_extra_B=8544
mem_stacks_B=0
heap_tree=empty
#-----------
snapshot=21
#-----------
time=81788162
mem_heap_B=70327664
mem_heap_extra_B=8544
mem_stacks_B=0
heap_tree=empty
#-----------
snapshot=22
#-----------
time=84743060
mem_heap_B=70327664
mem_heap_extra_B=8544
mem_stacks_B=0
heap_tree=empty
#-----------
snapshot=23
#-----------
time=88369645
mem_heap_B=70327664
mem_heap_extra_B=8544
mem_stacks_B=0
heap_tree=empty
#-----------
snapshot=24
#-----------
time=90226440
mem_heap_B=70327664
mem_heap_extra_B=8544
mem_stacks_B=0
heap_tree=empty
#-----------
snapshot=25
#-----------
time=93850294
mem_heap_B=70327664
mem_heap_extra_B=8544
mem_stacks_B=0
heap_tree=empty
#-----------
snapshot=26
#-----------
time=97454788
mem_heap_B=70327664
mem_heap_extra_B=8544
mem_stacks_B=0
heap_tree=empty
#-----------
snapshot=27
#-----------
time=99272336
mem_heap_B=70327664
mem_heap_extra_B=8544
mem_stacks_B=0
heap_tree=empty
#-----------
snapshot=28
#-----------
time=102897475
mem_heap_B=70327664
mem_heap_extra_B=8544
mem_stacks_B=0
heap_tree=empty
#-----------
snapshot=29
#-----------
time=105296378
mem_heap_B=70327664
mem_heap_extra_B=8544
mem_stacks_B=0
heap_tree=empty
#-----------
snapshot=30
#-----------
time=109482943
mem_heap_B=70327664
mem_heap_extra_B=8544
mem_stacks_B=0
heap_tree=empty
#-----------
snapshot=31
#-----------
time=113709422
mem_heap_B=70327664
mem_heap_extra_B=8544
mem_stacks_B=0
heap_tree=empty
#-----------
snapshot=32
#-----------
time=116202044
mem_heap_B=70327664
mem_heap_extra_B=8544
mem_stacks_B=0
heap_tree=empty
#-----------
snapshot=33
#-----------
time=118572389
mem_heap_B=70327664
mem_heap_extra_B=8544
mem_stacks_B=0
heap_tree=empty
#-----------
snapshot=34
#-----------
time=121572984
mem_heap_B=70327664
mem_heap_extra_B=8544
mem_stacks_B=0
heap_tree=empty
#-----------
snapshot=35
#-----------
time=124623208
mem_heap_B=70327664
mem_heap_extra_B=8544
mem_stacks_B=0
heap_tree=empty
#-----------
snapshot=36
#-----------
time=128270740
mem_heap_B=70327664
mem_heap_extra_B=8544
mem_stacks_B=0
heap_tree=empty
#-----------
snapshot=37
#-----------
time=236304431
mem_heap_B=70645012
mem_heap_extra_B=8540
mem_stacks_B=0
heap_tree=empty
#-----------
snapshot=38
#-----------
time=237622309
mem_heap_B=70645012
mem_heap_extra_B=8540
mem_stacks_B=0
heap_tree=detailed
n4: 70645012 (heap allocation functions) malloc/new/new[], --alloc-fns, etc.
 n1: 33554432 0x401BAE: doMultiQueryValueConstraint (multiquery_hybrid_decode.c:185)
  n1: 33554432 0x40283E: process_query (multiquery_hybrid_decode.c:423)
   n0: 33554432 0x4028C4: main (multiquery_hybrid_decode.c:453)
 n1: 33554432 0x401C76: doMultiQueryValueConstraint (multiquery_hybrid_decode.c:205)
  n1: 33554432 0x40283E: process_query (multiquery_hybrid_decode.c:423)
   n0: 33554432 0x4028C4: main (multiquery_hybrid_decode.c:453)
 n1: 3504124 0x407E94: ALPartitionStoreReadIndexBinsPOSIX (ALStorePOSIX.c:542)
  n1: 3504124 0x402E12: ALPartitionStoreReadIndexBins (ALStore.c:222)
   n1: 3504124 0x401F47: doMultiQueryValueConstraint (multiquery_hybrid_decode.c:242)
    n1: 3504124 0x40283E: process_query (multiquery_hybrid_decode.c:423)
     n0: 3504124 0x4028C4: main (multiquery_hybrid_decode.c:453)
 n0: 32024 in 22 places, all below massif's threshold (01.00%)
#-----------
snapshot=39
#-----------
time=240910970
mem_heap_B=70645012
mem_heap_extra_B=8540
mem_stacks_B=0
heap_tree=empty
#-----------
snapshot=40
#-----------
time=244859805
mem_heap_B=70645012
mem_heap_extra_B=8540
mem_stacks_B=0
heap_tree=empty
#-----------
snapshot=41
#-----------
time=247493839
mem_heap_B=70645012
mem_heap_extra_B=8540
mem_stacks_B=0
heap_tree=empty
#-----------
snapshot=42
#-----------
time=249465254
mem_heap_B=70645012
mem_heap_extra_B=8540
mem_stacks_B=0
heap_tree=empty
#-----------
snapshot=43
#-----------
time=252750826
mem_heap_B=70645012
mem_heap_extra_B=8540
mem_stacks_B=0
heap_tree=empty
#-----------
snapshot=44
#-----------
time=255377111
mem_heap_B=70645012
mem_heap_extra_B=8540
mem_stacks_B=0
heap_tree=empty
#-----------
snapshot=45
#-----------
time=258663597
mem_heap_B=70645012
mem_heap_extra_B=8540
mem_stacks_B=0
heap_tree=empty
#-----------
snapshot=46
#-----------
time=260640017
mem_heap_B=70645012
mem_heap_extra_B=8540
mem_stacks_B=0
heap_tree=empty
#-----------
snapshot=47
#-----------
time=263270587
mem_heap_B=70645012
mem_heap_extra_B=8540
mem_stacks_B=0
heap_tree=empty
#-----------
snapshot=48
#-----------
time=265899416
mem_heap_B=70645012
mem_heap_extra_B=8540
mem_stacks_B=0
heap_tree=empty
#-----------
snapshot=49
#-----------
time=268535190
mem_heap_B=70645012
mem_heap_extra_B=8540
mem_stacks_B=0
heap_tree=empty
#-----------
snapshot=50
#-----------
time=269858147
mem_heap_B=70645012
mem_heap_extra_B=8540
mem_stacks_B=0
heap_tree=empty
#-----------
snapshot=51
#-----------
time=271178490
mem_heap_B=70645012
mem_heap_extra_B=8540
mem_stacks_B=0
heap_tree=empty
#-----------
snapshot=52
#-----------
time=272498483
mem_heap_B=70645012
mem_heap_extra_B=8540
mem_stacks_B=0
heap_tree=detailed
n4: 70645012 (heap allocation functions) malloc/new/new[], --alloc-fns, etc.
 n1: 33554432 0x401BAE: doMultiQueryValueConstraint (multiquery_hybrid_decode.c:185)
  n1: 33554432 0x40283E: process_query (multiquery_hybrid_decode.c:423)
   n0: 33554432 0x4028C4: main (multiquery_hybrid_decode.c:453)
 n1: 33554432 0x401C76: doMultiQueryValueConstraint (multiquery_hybrid_decode.c:205)
  n1: 33554432 0x40283E: process_query (multiquery_hybrid_decode.c:423)
   n0: 33554432 0x4028C4: main (multiquery_hybrid_decode.c:453)
 n1: 3504124 0x407E94: ALPartitionStoreReadIndexBinsPOSIX (ALStorePOSIX.c:542)
  n1: 3504124 0x402E12: ALPartitionStoreReadIndexBins (ALStore.c:222)
   n1: 3504124 0x401F47: doMultiQueryValueConstraint (multiquery_hybrid_decode.c:242)
    n1: 3504124 0x40283E: process_query (multiquery_hybrid_decode.c:423)
     n0: 3504124 0x4028C4: main (multiquery_hybrid_decode.c:453)
 n0: 32024 in 22 places, all below massif's threshold (01.00%)
#-----------
snapshot=53
#-----------
time=273817925
mem_heap_B=70645012
mem_heap_extra_B=8540
mem_stacks_B=0
heap_tree=empty
#-----------
snapshot=54
#-----------
time=275139257
mem_heap_B=70645012
mem_heap_extra_B=8540
mem_stacks_B=0
heap_tree=empty
#-----------
snapshot=55
#-----------
time=276457611
mem_heap_B=70645012
mem_heap_extra_B=8540
mem_stacks_B=0
heap_tree=empty
#-----------
snapshot=56
#-----------
time=277777626
mem_heap_B=70645012
mem_heap_extra_B=8540
mem_stacks_B=0
heap_tree=empty
#-----------
snapshot=57
#-----------
time=279095753
mem_heap_B=70645012
mem_heap_extra_B=8540
mem_stacks_B=0
heap_tree=empty
#-----------
snapshot=58
#-----------
time=280418595
mem_heap_B=70645012
mem_heap_extra_B=8540
mem_stacks_B=0
heap_tree=empty
#-----------
snapshot=59
#-----------
time=281740234
mem_heap_B=70645012
mem_heap_extra_B=8540
mem_stacks_B=0
heap_tree=empty
#-----------
snapshot=60
#-----------
time=283059259
mem_heap_B=70645012
mem_heap_extra_B=8540
mem_stacks_B=0
heap_tree=empty
#-----------
snapshot=61
#-----------
time=284380253
mem_heap_B=70645012
mem_heap_extra_B=8540
mem_stacks_B=0
heap_tree=empty
#-----------
snapshot=62
#-----------
time=285699782
mem_heap_B=70645012
mem_heap_extra_B=8540
mem_stacks_B=0
heap_tree=detailed
n4: 70645012 (heap allocation functions) malloc/new/new[], --alloc-fns, etc.
 n1: 33554432 0x401BAE: doMultiQueryValueConstraint (multiquery_hybrid_decode.c:185)
  n1: 33554432 0x40283E: process_query (multiquery_hybrid_decode.c:423)
   n0: 33554432 0x4028C4: main (multiquery_hybrid_decode.c:453)
 n1: 33554432 0x401C76: doMultiQueryValueConstraint (multiquery_hybrid_decode.c:205)
  n1: 33554432 0x40283E: process_query (multiquery_hybrid_decode.c:423)
   n0: 33554432 0x4028C4: main (multiquery_hybrid_decode.c:453)
 n1: 3504124 0x407E94: ALPartitionStoreReadIndexBinsPOSIX (ALStorePOSIX.c:542)
  n1: 3504124 0x402E12: ALPartitionStoreReadIndexBins (ALStore.c:222)
   n1: 3504124 0x401F47: doMultiQueryValueConstraint (multiquery_hybrid_decode.c:242)
    n1: 3504124 0x40283E: process_query (multiquery_hybrid_decode.c:423)
     n0: 3504124 0x4028C4: main (multiquery_hybrid_decode.c:453)
 n0: 32024 in 22 places, all below massif's threshold (01.00%)
#-----------
snapshot=63
#-----------
time=287021827
mem_heap_B=70645012
mem_heap_extra_B=8540
mem_stacks_B=0
heap_tree=empty
#-----------
snapshot=64
#-----------
time=288341271
mem_heap_B=70645012
mem_heap_extra_B=8540
mem_stacks_B=0
heap_tree=empty
#-----------
snapshot=65
#-----------
time=289663101
mem_heap_B=70645012
mem_heap_extra_B=8540
mem_stacks_B=0
heap_tree=empty
#-----------
snapshot=66
#-----------
time=290984645
mem_heap_B=70645012
mem_heap_extra_B=8540
mem_stacks_B=0
heap_tree=empty
#-----------
snapshot=67
#-----------
time=292303186
mem_heap_B=70645012
mem_heap_extra_B=8540
mem_stacks_B=0
heap_tree=empty
#-----------
snapshot=68
#-----------
time=293626057
mem_heap_B=70645012
mem_heap_extra_B=8540
mem_stacks_B=0
heap_tree=empty
#-----------
snapshot=69
#-----------
time=294944888
mem_heap_B=70645012
mem_heap_extra_B=8540
mem_stacks_B=0
heap_tree=empty
#-----------
snapshot=70
#-----------
time=296265689
mem_heap_B=70645012
mem_heap_extra_B=8540
mem_stacks_B=0
heap_tree=empty
#-----------
snapshot=71
#-----------
time=297587074
mem_heap_B=70645012
mem_heap_extra_B=8540
mem_stacks_B=0
heap_tree=empty
#-----------
snapshot=72
#-----------
time=298907016
mem_heap_B=70645012
mem_heap_extra_B=8540
mem_stacks_B=0
heap_tree=detailed
n4: 70645012 (heap allocation functions) malloc/new/new[], --alloc-fns, etc.
 n1: 33554432 0x401BAE: doMultiQueryValueConstraint (multiquery_hybrid_decode.c:185)
  n1: 33554432 0x40283E: process_query (multiquery_hybrid_decode.c:423)
   n0: 33554432 0x4028C4: main (multiquery_hybrid_decode.c:453)
 n1: 33554432 0x401C76: doMultiQueryValueConstraint (multiquery_hybrid_decode.c:205)
  n1: 33554432 0x40283E: process_query (multiquery_hybrid_decode.c:423)
   n0: 33554432 0x4028C4: main (multiquery_hybrid_decode.c:453)
 n1: 3504124 0x407E94: ALPartitionStoreReadIndexBinsPOSIX (ALStorePOSIX.c:542)
  n1: 3504124 0x402E12: ALPartitionStoreReadIndexBins (ALStore.c:222)
   n1: 3504124 0x401F47: doMultiQueryValueConstraint (multiquery_hybrid_decode.c:242)
    n1: 3504124 0x40283E: process_query (multiquery_hybrid_decode.c:423)
     n0: 3504124 0x4028C4: main (multiquery_hybrid_decode.c:453)
 n0: 32024 in 22 places, all below massif's threshold (01.00%)
#-----------
snapshot=73
#-----------
time=300226624
mem_heap_B=70645012
mem_heap_extra_B=8540
mem_stacks_B=0
heap_tree=empty
#-----------
snapshot=74
#-----------
time=301549798
mem_heap_B=70645012
mem_heap_extra_B=8540
mem_stacks_B=0
heap_tree=empty
#-----------
snapshot=75
#-----------
time=302868753
mem_heap_B=70645012
mem_heap_extra_B=8540
mem_stacks_B=0
heap_tree=empty
#-----------
snapshot=76
#-----------
time=304192934
mem_heap_B=70645012
mem_heap_extra_B=8540
mem_stacks_B=0
heap_tree=empty
#-----------
snapshot=77
#-----------
time=305515235
mem_heap_B=70645012
mem_heap_extra_B=8540
mem_stacks_B=0
heap_tree=empty
#-----------
snapshot=78
#-----------
time=306834371
mem_heap_B=70645012
mem_heap_extra_B=8540
mem_stacks_B=0
heap_tree=empty
#-----------
snapshot=79
#-----------
time=308153077
mem_heap_B=70645012
mem_heap_extra_B=8540
mem_stacks_B=0
heap_tree=empty
#-----------
snapshot=80
#-----------
time=309475430
mem_heap_B=70645012
mem_heap_extra_B=8540
mem_stacks_B=0
heap_tree=empty
#-----------
snapshot=81
#-----------
time=310795873
mem_heap_B=70645012
mem_heap_extra_B=8540
mem_stacks_B=0
heap_tree=empty
#-----------
snapshot=82
#-----------
time=312115585
mem_heap_B=70645012
mem_heap_extra_B=8540
mem_stacks_B=0
heap_tree=detailed
n4: 70645012 (heap allocation functions) malloc/new/new[], --alloc-fns, etc.
 n1: 33554432 0x401BAE: doMultiQueryValueConstraint (multiquery_hybrid_decode.c:185)
  n1: 33554432 0x40283E: process_query (multiquery_hybrid_decode.c:423)
   n0: 33554432 0x4028C4: main (multiquery_hybrid_decode.c:453)
 n1: 33554432 0x401C76: doMultiQueryValueConstraint (multiquery_hybrid_decode.c:205)
  n1: 33554432 0x40283E: process_query (multiquery_hybrid_decode.c:423)
   n0: 33554432 0x4028C4: main (multiquery_hybrid_decode.c:453)
 n1: 3504124 0x407E94: ALPartitionStoreReadIndexBinsPOSIX (ALStorePOSIX.c:542)
  n1: 3504124 0x402E12: ALPartitionStoreReadIndexBins (ALStore.c:222)
   n1: 3504124 0x401F47: doMultiQueryValueConstraint (multiquery_hybrid_decode.c:242)
    n1: 3504124 0x40283E: process_query (multiquery_hybrid_decode.c:423)
     n0: 3504124 0x4028C4: main (multiquery_hybrid_decode.c:453)
 n0: 32024 in 22 places, all below massif's threshold (01.00%)
#-----------
snapshot=83
#-----------
time=313433697
mem_heap_B=70645012
mem_heap_extra_B=8540
mem_stacks_B=0
heap_tree=empty
#-----------
snapshot=84
#-----------
time=314751593
mem_heap_B=70645012
mem_heap_extra_B=8540
mem_stacks_B=0
heap_tree=empty
#-----------
snapshot=85
#-----------
time=316071983
mem_heap_B=70645012
mem_heap_extra_B=8540
mem_stacks_B=0
heap_tree=empty
#-----------
snapshot=86
#-----------
time=317394967
mem_heap_B=70645012
mem_heap_extra_B=8540
mem_stacks_B=0
heap_tree=empty
#-----------
snapshot=87
#-----------
time=318714124
mem_heap_B=70645012
mem_heap_extra_B=8540
mem_stacks_B=0
heap_tree=empty
#-----------
snapshot=88
#-----------
time=320033075
mem_heap_B=70645012
mem_heap_extra_B=8540
mem_stacks_B=0
heap_tree=empty
#-----------
snapshot=89
#-----------
time=321351254
mem_heap_B=70645012
mem_heap_extra_B=8540
mem_stacks_B=0
heap_tree=empty
#-----------
snapshot=90
#-----------
time=322670063
mem_heap_B=70645012
mem_heap_extra_B=8540
mem_stacks_B=0
heap_tree=empty
#-----------
snapshot=91
#-----------
time=323990748
mem_heap_B=70645012
mem_heap_extra_B=8540
mem_stacks_B=0
heap_tree=empty
#-----------
snapshot=92
#-----------
time=325313092
mem_heap_B=70645012
mem_heap_extra_B=8540
mem_stacks_B=0
heap_tree=detailed
n4: 70645012 (heap allocation functions) malloc/new/new[], --alloc-fns, etc.
 n1: 33554432 0x401BAE: doMultiQueryValueConstraint (multiquery_hybrid_decode.c:185)
  n1: 33554432 0x40283E: process_query (multiquery_hybrid_decode.c:423)
   n0: 33554432 0x4028C4: main (multiquery_hybrid_decode.c:453)
 n1: 33554432 0x401C76: doMultiQueryValueConstraint (multiquery_hybrid_decode.c:205)
  n1: 33554432 0x40283E: process_query (multiquery_hybrid_decode.c:423)
   n0: 33554432 0x4028C4: main (multiquery_hybrid_decode.c:453)
 n1: 3504124 0x407E94: ALPartitionStoreReadIndexBinsPOSIX (ALStorePOSIX.c:542)
  n1: 3504124 0x402E12: ALPartitionStoreReadIndexBins (ALStore.c:222)
   n1: 3504124 0x401F47: doMultiQueryValueConstraint (multiquery_hybrid_decode.c:242)
    n1: 3504124 0x40283E: process_query (multiquery_hybrid_decode.c:423)
     n0: 3504124 0x4028C4: main (multiquery_hybrid_decode.c:453)
 n0: 32024 in 22 places, all below massif's threshold (01.00%)
#-----------
snapshot=93
#-----------
time=326635218
mem_heap_B=70645012
mem_heap_extra_B=8540
mem_stacks_B=0
heap_tree=empty
#-----------
snapshot=94
#-----------
time=793308262
mem_heap_B=67204104
mem_heap_extra_B=8536
mem_stacks_B=0
heap_tree=empty
#-----------
snapshot=95
#-----------
time=1239111445
mem_heap_B=67140888
mem_heap_extra_B=8528
mem_stacks_B=0
heap_tree=empty
