desc: --massif-out-file=/home/xzou2/alac_fastbit_comp/alac_multi_engine/script/exp_results/mem_trace/rle_3var_.01.log
cmd: /home/xzou2/alac_fastbit_comp/alac_multi_engine/build/bin/multiquery_hybrid_decode 3 /home/xzou2/data/ii_index/s3d/1part_2G/pfd_rle/ uvel 42 45 vvel -4.9 0.4 temp 7.3E2 7.4E2
time_unit: i
#-----------
snapshot=0
#-----------
time=0
mem_heap_B=0
mem_heap_extra_B=0
mem_stacks_B=0
heap_tree=empty
#-----------
snapshot=1
#-----------
time=69224585
mem_heap_B=89310180
mem_heap_extra_B=10740
mem_stacks_B=0
heap_tree=detailed
n4: 89310180 (heap allocation functions) malloc/new/new[], --alloc-fns, etc.
 n1: 33554432 0x401BAE: doMultiQueryValueConstraint (multiquery_hybrid_decode.c:185)
  n1: 33554432 0x40283E: process_query (multiquery_hybrid_decode.c:423)
   n0: 33554432 0x4028C4: main (multiquery_hybrid_decode.c:453)
 n1: 33554432 0x401C76: doMultiQueryValueConstraint (multiquery_hybrid_decode.c:205)
  n1: 33554432 0x40283E: process_query (multiquery_hybrid_decode.c:423)
   n0: 33554432 0x4028C4: main (multiquery_hybrid_decode.c:453)
 n1: 22165504 0x407E94: ALPartitionStoreReadIndexBinsPOSIX (ALStorePOSIX.c:542)
  n1: 22165504 0x402E12: ALPartitionStoreReadIndexBins (ALStore.c:222)
   n1: 22165504 0x401F47: doMultiQueryValueConstraint (multiquery_hybrid_decode.c:242)
    n1: 22165504 0x40283E: process_query (multiquery_hybrid_decode.c:423)
     n0: 22165504 0x4028C4: main (multiquery_hybrid_decode.c:453)
 n0: 35812 in 22 places, all below massif's threshold (01.00%)
#-----------
snapshot=2
#-----------
time=125797286
mem_heap_B=89310180
mem_heap_extra_B=10740
mem_stacks_B=0
heap_tree=detailed
n4: 89310180 (heap allocation functions) malloc/new/new[], --alloc-fns, etc.
 n1: 33554432 0x401BAE: doMultiQueryValueConstraint (multiquery_hybrid_decode.c:185)
  n1: 33554432 0x40283E: process_query (multiquery_hybrid_decode.c:423)
   n0: 33554432 0x4028C4: main (multiquery_hybrid_decode.c:453)
 n1: 33554432 0x401C76: doMultiQueryValueConstraint (multiquery_hybrid_decode.c:205)
  n1: 33554432 0x40283E: process_query (multiquery_hybrid_decode.c:423)
   n0: 33554432 0x4028C4: main (multiquery_hybrid_decode.c:453)
 n1: 22165504 0x407E94: ALPartitionStoreReadIndexBinsPOSIX (ALStorePOSIX.c:542)
  n1: 22165504 0x402E12: ALPartitionStoreReadIndexBins (ALStore.c:222)
   n1: 22165504 0x401F47: doMultiQueryValueConstraint (multiquery_hybrid_decode.c:242)
    n1: 22165504 0x40283E: process_query (multiquery_hybrid_decode.c:423)
     n0: 22165504 0x4028C4: main (multiquery_hybrid_decode.c:453)
 n0: 35812 in 22 places, all below massif's threshold (01.00%)
#-----------
snapshot=3
#-----------
time=190076102
mem_heap_B=89310180
mem_heap_extra_B=10740
mem_stacks_B=0
heap_tree=empty
#-----------
snapshot=4
#-----------
time=237283474
mem_heap_B=89310180
mem_heap_extra_B=10740
mem_stacks_B=0
heap_tree=empty
#-----------
snapshot=5
#-----------
time=326989055
mem_heap_B=89310180
mem_heap_extra_B=10740
mem_stacks_B=0
heap_tree=empty
#-----------
snapshot=6
#-----------
time=403564710
mem_heap_B=89310180
mem_heap_extra_B=10740
mem_stacks_B=0
heap_tree=empty
#-----------
snapshot=7
#-----------
time=453888380
mem_heap_B=89310180
mem_heap_extra_B=10740
mem_stacks_B=0
heap_tree=empty
#-----------
snapshot=8
#-----------
time=562953609
mem_heap_B=175863132
mem_heap_extra_B=10884
mem_stacks_B=0
heap_tree=peak
n4: 175863132 (heap allocation functions) malloc/new/new[], --alloc-fns, etc.
 n1: 108717944 0x407E94: ALPartitionStoreReadIndexBinsPOSIX (ALStorePOSIX.c:542)
  n1: 108717944 0x402E12: ALPartitionStoreReadIndexBins (ALStore.c:222)
   n1: 108717944 0x401F47: doMultiQueryValueConstraint (multiquery_hybrid_decode.c:242)
    n1: 108717944 0x40283E: process_query (multiquery_hybrid_decode.c:423)
     n0: 108717944 0x4028C4: main (multiquery_hybrid_decode.c:453)
 n1: 33554432 0x401BAE: doMultiQueryValueConstraint (multiquery_hybrid_decode.c:185)
  n1: 33554432 0x40283E: process_query (multiquery_hybrid_decode.c:423)
   n0: 33554432 0x4028C4: main (multiquery_hybrid_decode.c:453)
 n1: 33554432 0x401C76: doMultiQueryValueConstraint (multiquery_hybrid_decode.c:205)
  n1: 33554432 0x40283E: process_query (multiquery_hybrid_decode.c:423)
   n0: 33554432 0x4028C4: main (multiquery_hybrid_decode.c:453)
 n0: 36324 in 22 places, all below massif's threshold (01.00%)
#-----------
snapshot=9
#-----------
time=622065755
mem_heap_B=175863132
mem_heap_extra_B=10884
mem_stacks_B=0
heap_tree=empty
#-----------
snapshot=10
#-----------
time=681019435
mem_heap_B=175862620
mem_heap_extra_B=10876
mem_stacks_B=0
heap_tree=empty
#-----------
snapshot=11
#-----------
time=759200521
mem_heap_B=175862620
mem_heap_extra_B=10876
mem_stacks_B=0
heap_tree=empty
#-----------
snapshot=12
#-----------
time=844034236
mem_heap_B=175862620
mem_heap_extra_B=10876
mem_stacks_B=0
heap_tree=empty
#-----------
snapshot=13
#-----------
time=913306761
mem_heap_B=175862620
mem_heap_extra_B=10876
mem_stacks_B=0
heap_tree=empty
#-----------
snapshot=14
#-----------
time=1013247178
mem_heap_B=175863132
mem_heap_extra_B=10884
mem_stacks_B=0
heap_tree=empty
#-----------
snapshot=15
#-----------
time=1122084648
mem_heap_B=175862620
mem_heap_extra_B=10876
mem_stacks_B=0
heap_tree=empty
#-----------
snapshot=16
#-----------
time=1181988564
mem_heap_B=175862620
mem_heap_extra_B=10876
mem_stacks_B=0
heap_tree=empty
#-----------
snapshot=17
#-----------
time=1252893794
mem_heap_B=175862620
mem_heap_extra_B=10876
mem_stacks_B=0
heap_tree=empty
#-----------
snapshot=18
#-----------
time=1329326956
mem_heap_B=175862620
mem_heap_extra_B=10876
mem_stacks_B=0
heap_tree=empty
#-----------
snapshot=19
#-----------
time=1408350261
mem_heap_B=175862620
mem_heap_extra_B=10876
mem_stacks_B=0
heap_tree=empty
#-----------
snapshot=20
#-----------
time=1491679514
mem_heap_B=175862620
mem_heap_extra_B=10876
mem_stacks_B=0
heap_tree=empty
#-----------
snapshot=21
#-----------
time=1578954615
mem_heap_B=175862620
mem_heap_extra_B=10876
mem_stacks_B=0
heap_tree=empty
#-----------
snapshot=22
#-----------
time=1671473066
mem_heap_B=175862620
mem_heap_extra_B=10876
mem_stacks_B=0
heap_tree=empty
#-----------
snapshot=23
#-----------
time=1768371922
mem_heap_B=175862620
mem_heap_extra_B=10876
mem_stacks_B=0
heap_tree=empty
#-----------
snapshot=24
#-----------
time=1870758471
mem_heap_B=175862620
mem_heap_extra_B=10876
mem_stacks_B=0
heap_tree=empty
#-----------
snapshot=25
#-----------
time=1978494888
mem_heap_B=175862620
mem_heap_extra_B=10876
mem_stacks_B=0
heap_tree=empty
#-----------
snapshot=26
#-----------
time=2034603996
mem_heap_B=175862620
mem_heap_extra_B=10876
mem_stacks_B=0
heap_tree=empty
#-----------
snapshot=27
#-----------
time=2093336856
mem_heap_B=175862620
mem_heap_extra_B=10876
mem_stacks_B=0
heap_tree=empty
#-----------
snapshot=28
#-----------
time=2152011063
mem_heap_B=175862620
mem_heap_extra_B=10876
mem_stacks_B=0
heap_tree=empty
#-----------
snapshot=29
#-----------
time=2211399693
mem_heap_B=175862620
mem_heap_extra_B=10876
mem_stacks_B=0
heap_tree=empty
#-----------
snapshot=30
#-----------
time=2275138365
mem_heap_B=175862620
mem_heap_extra_B=10876
mem_stacks_B=0
heap_tree=empty
#-----------
snapshot=31
#-----------
time=2344333305
mem_heap_B=175862620
mem_heap_extra_B=10876
mem_stacks_B=0
heap_tree=empty
#-----------
snapshot=32
#-----------
time=2413097068
mem_heap_B=175862620
mem_heap_extra_B=10876
mem_stacks_B=0
heap_tree=empty
#-----------
snapshot=33
#-----------
time=2483358112
mem_heap_B=175862620
mem_heap_extra_B=10876
mem_stacks_B=0
heap_tree=empty
#-----------
snapshot=34
#-----------
time=2559517302
mem_heap_B=175862620
mem_heap_extra_B=10876
mem_stacks_B=0
heap_tree=empty
#-----------
snapshot=35
#-----------
time=2636039882
mem_heap_B=175862620
mem_heap_extra_B=10876
mem_stacks_B=0
heap_tree=empty
#-----------
snapshot=36
#-----------
time=2713932438
mem_heap_B=175862620
mem_heap_extra_B=10876
mem_stacks_B=0
heap_tree=empty
#-----------
snapshot=37
#-----------
time=2792417721
mem_heap_B=175862620
mem_heap_extra_B=10876
mem_stacks_B=0
heap_tree=empty
#-----------
snapshot=38
#-----------
time=2875631178
mem_heap_B=175862620
mem_heap_extra_B=10876
mem_stacks_B=0
heap_tree=empty
#-----------
snapshot=39
#-----------
time=2960259989
mem_heap_B=175862620
mem_heap_extra_B=10876
mem_stacks_B=0
heap_tree=empty
#-----------
snapshot=40
#-----------
time=3047041982
mem_heap_B=175862620
mem_heap_extra_B=10876
mem_stacks_B=0
heap_tree=empty
#-----------
snapshot=41
#-----------
time=3136695150
mem_heap_B=175862620
mem_heap_extra_B=10876
mem_stacks_B=0
heap_tree=empty
#-----------
snapshot=42
#-----------
time=3228524192
mem_heap_B=175862620
mem_heap_extra_B=10876
mem_stacks_B=0
heap_tree=empty
#-----------
snapshot=43
#-----------
time=3325046443
mem_heap_B=175862620
mem_heap_extra_B=10876
mem_stacks_B=0
heap_tree=empty
#-----------
snapshot=44
#-----------
time=3424872881
mem_heap_B=175862620
mem_heap_extra_B=10876
mem_stacks_B=0
heap_tree=empty
#-----------
snapshot=45
#-----------
time=3526947773
mem_heap_B=175862620
mem_heap_extra_B=10876
mem_stacks_B=0
heap_tree=empty
#-----------
snapshot=46
#-----------
time=3634016800
mem_heap_B=175862620
mem_heap_extra_B=10876
mem_stacks_B=0
heap_tree=empty
#-----------
snapshot=47
#-----------
time=3742263108
mem_heap_B=175862620
mem_heap_extra_B=10876
mem_stacks_B=0
heap_tree=empty
#-----------
snapshot=48
#-----------
time=3769169776
mem_heap_B=175862620
mem_heap_extra_B=10876
mem_stacks_B=0
heap_tree=empty
#-----------
snapshot=49
#-----------
time=3877688528
mem_heap_B=104603788
mem_heap_extra_B=11596
mem_stacks_B=0
heap_tree=empty
#-----------
snapshot=50
#-----------
time=3904595582
mem_heap_B=104603788
mem_heap_extra_B=11596
mem_stacks_B=0
heap_tree=empty
#-----------
snapshot=51
#-----------
time=3931503581
mem_heap_B=104603788
mem_heap_extra_B=11596
mem_stacks_B=0
heap_tree=empty
#-----------
snapshot=52
#-----------
time=3958411201
mem_heap_B=104603788
mem_heap_extra_B=11596
mem_stacks_B=0
heap_tree=empty
#-----------
snapshot=53
#-----------
time=3985319991
mem_heap_B=104603788
mem_heap_extra_B=11596
mem_stacks_B=0
heap_tree=empty
#-----------
snapshot=54
#-----------
time=4012227161
mem_heap_B=104603788
mem_heap_extra_B=11596
mem_stacks_B=0
heap_tree=empty
#-----------
snapshot=55
#-----------
time=4039135066
mem_heap_B=104603788
mem_heap_extra_B=11596
mem_stacks_B=0
heap_tree=empty
#-----------
snapshot=56
#-----------
time=4066042796
mem_heap_B=104603788
mem_heap_extra_B=11596
mem_stacks_B=0
heap_tree=detailed
n4: 104603788 (heap allocation functions) malloc/new/new[], --alloc-fns, etc.
 n1: 37459112 0x407E94: ALPartitionStoreReadIndexBinsPOSIX (ALStorePOSIX.c:542)
  n1: 37459112 0x402E12: ALPartitionStoreReadIndexBins (ALStore.c:222)
   n1: 37459112 0x401F47: doMultiQueryValueConstraint (multiquery_hybrid_decode.c:242)
    n1: 37459112 0x40283E: process_query (multiquery_hybrid_decode.c:423)
     n0: 37459112 0x4028C4: main (multiquery_hybrid_decode.c:453)
 n1: 33554432 0x401BAE: doMultiQueryValueConstraint (multiquery_hybrid_decode.c:185)
  n1: 33554432 0x40283E: process_query (multiquery_hybrid_decode.c:423)
   n0: 33554432 0x4028C4: main (multiquery_hybrid_decode.c:453)
 n1: 33554432 0x401C76: doMultiQueryValueConstraint (multiquery_hybrid_decode.c:205)
  n1: 33554432 0x40283E: process_query (multiquery_hybrid_decode.c:423)
   n0: 33554432 0x4028C4: main (multiquery_hybrid_decode.c:453)
 n0: 35812 in 22 places, all below massif's threshold (01.00%)
#-----------
snapshot=57
#-----------
time=4092949662
mem_heap_B=104603788
mem_heap_extra_B=11596
mem_stacks_B=0
heap_tree=empty
#-----------
snapshot=58
#-----------
time=4119856912
mem_heap_B=104603788
mem_heap_extra_B=11596
mem_stacks_B=0
heap_tree=empty
#-----------
snapshot=59
#-----------
time=4146764048
mem_heap_B=104603788
mem_heap_extra_B=11596
mem_stacks_B=0
heap_tree=empty
#-----------
snapshot=60
#-----------
time=4173670935
mem_heap_B=104603788
mem_heap_extra_B=11596
mem_stacks_B=0
heap_tree=empty
#-----------
snapshot=61
#-----------
time=4200578008
mem_heap_B=104603788
mem_heap_extra_B=11596
mem_stacks_B=0
heap_tree=empty
#-----------
snapshot=62
#-----------
time=4227484813
mem_heap_B=104603788
mem_heap_extra_B=11596
mem_stacks_B=0
heap_tree=empty
#-----------
snapshot=63
#-----------
time=4254391963
mem_heap_B=104603788
mem_heap_extra_B=11596
mem_stacks_B=0
heap_tree=empty
#-----------
snapshot=64
#-----------
time=4281298963
mem_heap_B=104603788
mem_heap_extra_B=11596
mem_stacks_B=0
heap_tree=empty
#-----------
snapshot=65
#-----------
time=4308205684
mem_heap_B=104604300
mem_heap_extra_B=11604
mem_stacks_B=0
heap_tree=empty
#-----------
snapshot=66
#-----------
time=4335112392
mem_heap_B=104603788
mem_heap_extra_B=11596
mem_stacks_B=0
heap_tree=detailed
n4: 104603788 (heap allocation functions) malloc/new/new[], --alloc-fns, etc.
 n1: 37459112 0x407E94: ALPartitionStoreReadIndexBinsPOSIX (ALStorePOSIX.c:542)
  n1: 37459112 0x402E12: ALPartitionStoreReadIndexBins (ALStore.c:222)
   n1: 37459112 0x401F47: doMultiQueryValueConstraint (multiquery_hybrid_decode.c:242)
    n1: 37459112 0x40283E: process_query (multiquery_hybrid_decode.c:423)
     n0: 37459112 0x4028C4: main (multiquery_hybrid_decode.c:453)
 n1: 33554432 0x401BAE: doMultiQueryValueConstraint (multiquery_hybrid_decode.c:185)
  n1: 33554432 0x40283E: process_query (multiquery_hybrid_decode.c:423)
   n0: 33554432 0x4028C4: main (multiquery_hybrid_decode.c:453)
 n1: 33554432 0x401C76: doMultiQueryValueConstraint (multiquery_hybrid_decode.c:205)
  n1: 33554432 0x40283E: process_query (multiquery_hybrid_decode.c:423)
   n0: 33554432 0x4028C4: main (multiquery_hybrid_decode.c:453)
 n0: 35812 in 22 places, all below massif's threshold (01.00%)
#-----------
snapshot=67
#-----------
time=4362019285
mem_heap_B=104603788
mem_heap_extra_B=11596
mem_stacks_B=0
heap_tree=empty
#-----------
snapshot=68
#-----------
time=4388926584
mem_heap_B=104603788
mem_heap_extra_B=11596
mem_stacks_B=0
heap_tree=empty
#-----------
snapshot=69
#-----------
time=4415833318
mem_heap_B=104604300
mem_heap_extra_B=11604
mem_stacks_B=0
heap_tree=empty
#-----------
snapshot=70
#-----------
time=4442740145
mem_heap_B=104603788
mem_heap_extra_B=11596
mem_stacks_B=0
heap_tree=empty
#-----------
snapshot=71
#-----------
time=4469646821
mem_heap_B=104604300
mem_heap_extra_B=11604
mem_stacks_B=0
heap_tree=empty
#-----------
snapshot=72
#-----------
time=4496553497
mem_heap_B=104604300
mem_heap_extra_B=11604
mem_stacks_B=0
heap_tree=empty
#-----------
snapshot=73
#-----------
time=4523460396
mem_heap_B=104603788
mem_heap_extra_B=11596
mem_stacks_B=0
heap_tree=empty
#-----------
snapshot=74
#-----------
time=4550367516
mem_heap_B=104603788
mem_heap_extra_B=11596
mem_stacks_B=0
heap_tree=empty
#-----------
snapshot=75
#-----------
time=4577274220
mem_heap_B=104604300
mem_heap_extra_B=11604
mem_stacks_B=0
heap_tree=empty
#-----------
snapshot=76
#-----------
time=4604180952
mem_heap_B=104604300
mem_heap_extra_B=11604
mem_stacks_B=0
heap_tree=detailed
n4: 104604300 (heap allocation functions) malloc/new/new[], --alloc-fns, etc.
 n1: 37459112 0x407E94: ALPartitionStoreReadIndexBinsPOSIX (ALStorePOSIX.c:542)
  n1: 37459112 0x402E12: ALPartitionStoreReadIndexBins (ALStore.c:222)
   n1: 37459112 0x401F47: doMultiQueryValueConstraint (multiquery_hybrid_decode.c:242)
    n1: 37459112 0x40283E: process_query (multiquery_hybrid_decode.c:423)
     n0: 37459112 0x4028C4: main (multiquery_hybrid_decode.c:453)
 n1: 33554432 0x401BAE: doMultiQueryValueConstraint (multiquery_hybrid_decode.c:185)
  n1: 33554432 0x40283E: process_query (multiquery_hybrid_decode.c:423)
   n0: 33554432 0x4028C4: main (multiquery_hybrid_decode.c:453)
 n1: 33554432 0x401C76: doMultiQueryValueConstraint (multiquery_hybrid_decode.c:205)
  n1: 33554432 0x40283E: process_query (multiquery_hybrid_decode.c:423)
   n0: 33554432 0x4028C4: main (multiquery_hybrid_decode.c:453)
 n0: 36324 in 22 places, all below massif's threshold (01.00%)
#-----------
snapshot=77
#-----------
time=4631088163
mem_heap_B=104603788
mem_heap_extra_B=11596
mem_stacks_B=0
heap_tree=empty
#-----------
snapshot=78
#-----------
time=4657995092
mem_heap_B=104603788
mem_heap_extra_B=11596
mem_stacks_B=0
heap_tree=empty
#-----------
snapshot=79
#-----------
time=4684901888
mem_heap_B=104603788
mem_heap_extra_B=11596
mem_stacks_B=0
heap_tree=empty
#-----------
snapshot=80
#-----------
time=4711808912
mem_heap_B=104603788
mem_heap_extra_B=11596
mem_stacks_B=0
heap_tree=empty
#-----------
snapshot=81
#-----------
time=4738715746
mem_heap_B=104603788
mem_heap_extra_B=11596
mem_stacks_B=0
heap_tree=empty
#-----------
snapshot=82
#-----------
time=4765622899
mem_heap_B=104603788
mem_heap_extra_B=11596
mem_stacks_B=0
heap_tree=empty
#-----------
snapshot=83
#-----------
time=4792529941
mem_heap_B=104603788
mem_heap_extra_B=11596
mem_stacks_B=0
heap_tree=empty
#-----------
snapshot=84
#-----------
time=4819436674
mem_heap_B=104603788
mem_heap_extra_B=11596
mem_stacks_B=0
heap_tree=empty
#-----------
snapshot=85
#-----------
time=4846343861
mem_heap_B=104603788
mem_heap_extra_B=11596
mem_stacks_B=0
heap_tree=empty
#-----------
snapshot=86
#-----------
time=4873250539
mem_heap_B=104603788
mem_heap_extra_B=11596
mem_stacks_B=0
heap_tree=detailed
n4: 104603788 (heap allocation functions) malloc/new/new[], --alloc-fns, etc.
 n1: 37459112 0x407E94: ALPartitionStoreReadIndexBinsPOSIX (ALStorePOSIX.c:542)
  n1: 37459112 0x402E12: ALPartitionStoreReadIndexBins (ALStore.c:222)
   n1: 37459112 0x401F47: doMultiQueryValueConstraint (multiquery_hybrid_decode.c:242)
    n1: 37459112 0x40283E: process_query (multiquery_hybrid_decode.c:423)
     n0: 37459112 0x4028C4: main (multiquery_hybrid_decode.c:453)
 n1: 33554432 0x401BAE: doMultiQueryValueConstraint (multiquery_hybrid_decode.c:185)
  n1: 33554432 0x40283E: process_query (multiquery_hybrid_decode.c:423)
   n0: 33554432 0x4028C4: main (multiquery_hybrid_decode.c:453)
 n1: 33554432 0x401C76: doMultiQueryValueConstraint (multiquery_hybrid_decode.c:205)
  n1: 33554432 0x40283E: process_query (multiquery_hybrid_decode.c:423)
   n0: 33554432 0x4028C4: main (multiquery_hybrid_decode.c:453)
 n0: 35812 in 22 places, all below massif's threshold (01.00%)
#-----------
snapshot=87
#-----------
time=5360322442
mem_heap_B=103381388
mem_heap_extra_B=9292
mem_stacks_B=0
heap_tree=empty
#-----------
snapshot=88
#-----------
time=6487204903
mem_heap_B=67144676
mem_heap_extra_B=8748
mem_stacks_B=0
heap_tree=empty
