desc: --massif-out-file=/home/xzou2/alac_fastbit_comp/alac_multi_engine/script/exp_results/mem_trace/rle_4var_.01.log
cmd: /home/xzou2/alac_fastbit_comp/alac_multi_engine/build/bin/multiquery_hybrid_decode 4 /home/xzou2/data/ii_index/s3d/1part_2G/pfd_rle/ uvel 50 57 vvel -8.9 -5 temp 6.9E2 7.4E2 wvel -10 -8
time_unit: i
#-----------
snapshot=0
#-----------
time=0
mem_heap_B=0
mem_heap_extra_B=0
mem_stacks_B=0
heap_tree=empty
#-----------
snapshot=1
#-----------
time=33551314
mem_heap_B=116257464
mem_heap_extra_B=8944
mem_stacks_B=0
heap_tree=peak
n4: 116257464 (heap allocation functions) malloc/new/new[], --alloc-fns, etc.
 n1: 49094568 0x407E94: ALPartitionStoreReadIndexBinsPOSIX (ALStorePOSIX.c:542)
  n1: 49094568 0x402E12: ALPartitionStoreReadIndexBins (ALStore.c:222)
   n1: 49094568 0x401F47: doMultiQueryValueConstraint (multiquery_hybrid_decode.c:242)
    n1: 49094568 0x40283E: process_query (multiquery_hybrid_decode.c:423)
     n0: 49094568 0x4028C4: main (multiquery_hybrid_decode.c:453)
 n1: 33554432 0x401BAE: doMultiQueryValueConstraint (multiquery_hybrid_decode.c:185)
  n1: 33554432 0x40283E: process_query (multiquery_hybrid_decode.c:423)
   n0: 33554432 0x4028C4: main (multiquery_hybrid_decode.c:453)
 n1: 33554432 0x401C76: doMultiQueryValueConstraint (multiquery_hybrid_decode.c:205)
  n1: 33554432 0x40283E: process_query (multiquery_hybrid_decode.c:423)
   n0: 33554432 0x4028C4: main (multiquery_hybrid_decode.c:453)
 n0: 54032 in 22 places, all below massif's threshold (01.00%)
#-----------
snapshot=2
#-----------
time=84422971
mem_heap_B=116256952
mem_heap_extra_B=8936
mem_stacks_B=0
heap_tree=empty
#-----------
snapshot=3
#-----------
time=137013486
mem_heap_B=116256952
mem_heap_extra_B=8936
mem_stacks_B=0
heap_tree=empty
#-----------
snapshot=4
#-----------
time=211214824
mem_heap_B=116257464
mem_heap_extra_B=8944
mem_stacks_B=0
heap_tree=empty
#-----------
snapshot=5
#-----------
time=251389698
mem_heap_B=116257464
mem_heap_extra_B=8944
mem_stacks_B=0
heap_tree=detailed
n4: 116257464 (heap allocation functions) malloc/new/new[], --alloc-fns, etc.
 n1: 49094568 0x407E94: ALPartitionStoreReadIndexBinsPOSIX (ALStorePOSIX.c:542)
  n1: 49094568 0x402E12: ALPartitionStoreReadIndexBins (ALStore.c:222)
   n1: 49094568 0x401F47: doMultiQueryValueConstraint (multiquery_hybrid_decode.c:242)
    n1: 49094568 0x40283E: process_query (multiquery_hybrid_decode.c:423)
     n0: 49094568 0x4028C4: main (multiquery_hybrid_decode.c:453)
 n1: 33554432 0x401BAE: doMultiQueryValueConstraint (multiquery_hybrid_decode.c:185)
  n1: 33554432 0x40283E: process_query (multiquery_hybrid_decode.c:423)
   n0: 33554432 0x4028C4: main (multiquery_hybrid_decode.c:453)
 n1: 33554432 0x401C76: doMultiQueryValueConstraint (multiquery_hybrid_decode.c:205)
  n1: 33554432 0x40283E: process_query (multiquery_hybrid_decode.c:423)
   n0: 33554432 0x4028C4: main (multiquery_hybrid_decode.c:453)
 n0: 54032 in 22 places, all below massif's threshold (01.00%)
#-----------
snapshot=6
#-----------
time=339127189
mem_heap_B=116256952
mem_heap_extra_B=8936
mem_stacks_B=0
heap_tree=detailed
n4: 116256952 (heap allocation functions) malloc/new/new[], --alloc-fns, etc.
 n1: 49094568 0x407E94: ALPartitionStoreReadIndexBinsPOSIX (ALStorePOSIX.c:542)
  n1: 49094568 0x402E12: ALPartitionStoreReadIndexBins (ALStore.c:222)
   n1: 49094568 0x401F47: doMultiQueryValueConstraint (multiquery_hybrid_decode.c:242)
    n1: 49094568 0x40283E: process_query (multiquery_hybrid_decode.c:423)
     n0: 49094568 0x4028C4: main (multiquery_hybrid_decode.c:453)
 n1: 33554432 0x401BAE: doMultiQueryValueConstraint (multiquery_hybrid_decode.c:185)
  n1: 33554432 0x40283E: process_query (multiquery_hybrid_decode.c:423)
   n0: 33554432 0x4028C4: main (multiquery_hybrid_decode.c:453)
 n1: 33554432 0x401C76: doMultiQueryValueConstraint (multiquery_hybrid_decode.c:205)
  n1: 33554432 0x40283E: process_query (multiquery_hybrid_decode.c:423)
   n0: 33554432 0x4028C4: main (multiquery_hybrid_decode.c:453)
 n0: 53520 in 22 places, all below massif's threshold (01.00%)
#-----------
snapshot=7
#-----------
time=398348736
mem_heap_B=116256952
mem_heap_extra_B=8936
mem_stacks_B=0
heap_tree=empty
#-----------
snapshot=8
#-----------
time=486085673
mem_heap_B=116256952
mem_heap_extra_B=8936
mem_stacks_B=0
heap_tree=empty
#-----------
snapshot=9
#-----------
time=527758770
mem_heap_B=116256952
mem_heap_extra_B=8936
mem_stacks_B=0
heap_tree=empty
#-----------
snapshot=10
#-----------
time=593559573
mem_heap_B=116256952
mem_heap_extra_B=8936
mem_stacks_B=0
heap_tree=empty
#-----------
snapshot=11
#-----------
time=668133042
mem_heap_B=116256952
mem_heap_extra_B=8936
mem_stacks_B=0
heap_tree=detailed
n4: 116256952 (heap allocation functions) malloc/new/new[], --alloc-fns, etc.
 n1: 49094568 0x407E94: ALPartitionStoreReadIndexBinsPOSIX (ALStorePOSIX.c:542)
  n1: 49094568 0x402E12: ALPartitionStoreReadIndexBins (ALStore.c:222)
   n1: 49094568 0x401F47: doMultiQueryValueConstraint (multiquery_hybrid_decode.c:242)
    n1: 49094568 0x40283E: process_query (multiquery_hybrid_decode.c:423)
     n0: 49094568 0x4028C4: main (multiquery_hybrid_decode.c:453)
 n1: 33554432 0x401BAE: doMultiQueryValueConstraint (multiquery_hybrid_decode.c:185)
  n1: 33554432 0x40283E: process_query (multiquery_hybrid_decode.c:423)
   n0: 33554432 0x4028C4: main (multiquery_hybrid_decode.c:453)
 n1: 33554432 0x401C76: doMultiQueryValueConstraint (multiquery_hybrid_decode.c:205)
  n1: 33554432 0x40283E: process_query (multiquery_hybrid_decode.c:423)
   n0: 33554432 0x4028C4: main (multiquery_hybrid_decode.c:453)
 n0: 53520 in 22 places, all below massif's threshold (01.00%)
#-----------
snapshot=12
#-----------
time=762471774
mem_heap_B=116256952
mem_heap_extra_B=8936
mem_stacks_B=0
heap_tree=empty
#-----------
snapshot=13
#-----------
time=828282094
mem_heap_B=116256952
mem_heap_extra_B=8936
mem_stacks_B=0
heap_tree=empty
#-----------
snapshot=14
#-----------
time=872143478
mem_heap_B=116256952
mem_heap_extra_B=8936
mem_stacks_B=0
heap_tree=empty
#-----------
snapshot=15
#-----------
time=937969841
mem_heap_B=116256952
mem_heap_extra_B=8936
mem_stacks_B=0
heap_tree=empty
#-----------
snapshot=16
#-----------
time=1000824383
mem_heap_B=116256952
mem_heap_extra_B=8936
mem_stacks_B=0
heap_tree=empty
#-----------
snapshot=17
#-----------
time=1076720250
mem_heap_B=116256952
mem_heap_extra_B=8936
mem_stacks_B=0
heap_tree=empty
#-----------
snapshot=18
#-----------
time=1187870193
mem_heap_B=113325584
mem_heap_extra_B=11664
mem_stacks_B=0
heap_tree=empty
#-----------
snapshot=19
#-----------
time=1263776287
mem_heap_B=113325584
mem_heap_extra_B=11664
mem_stacks_B=0
heap_tree=empty
#-----------
snapshot=20
#-----------
time=1358659198
mem_heap_B=113325584
mem_heap_extra_B=11664
mem_stacks_B=0
heap_tree=empty
#-----------
snapshot=21
#-----------
time=1402932527
mem_heap_B=113325584
mem_heap_extra_B=11664
mem_stacks_B=0
heap_tree=empty
#-----------
snapshot=22
#-----------
time=1464369106
mem_heap_B=113325584
mem_heap_extra_B=11664
mem_stacks_B=0
heap_tree=empty
#-----------
snapshot=23
#-----------
time=1541173302
mem_heap_B=113325584
mem_heap_extra_B=11664
mem_stacks_B=0
heap_tree=empty
#-----------
snapshot=24
#-----------
time=1602612429
mem_heap_B=113325584
mem_heap_extra_B=11664
mem_stacks_B=0
heap_tree=empty
#-----------
snapshot=25
#-----------
time=1648690508
mem_heap_B=113325584
mem_heap_extra_B=11664
mem_stacks_B=0
heap_tree=empty
#-----------
snapshot=26
#-----------
time=1710128133
mem_heap_B=113325584
mem_heap_extra_B=11664
mem_stacks_B=0
heap_tree=empty
#-----------
snapshot=27
#-----------
time=1771569492
mem_heap_B=113325584
mem_heap_extra_B=11664
mem_stacks_B=0
heap_tree=empty
#-----------
snapshot=28
#-----------
time=1833012621
mem_heap_B=113325584
mem_heap_extra_B=11664
mem_stacks_B=0
heap_tree=empty
#-----------
snapshot=29
#-----------
time=1894448769
mem_heap_B=113325584
mem_heap_extra_B=11664
mem_stacks_B=0
heap_tree=empty
#-----------
snapshot=30
#-----------
time=1955890718
mem_heap_B=113325584
mem_heap_extra_B=11664
mem_stacks_B=0
heap_tree=empty
#-----------
snapshot=31
#-----------
time=2048048328
mem_heap_B=113325584
mem_heap_extra_B=11664
mem_stacks_B=0
heap_tree=empty
#-----------
snapshot=32
#-----------
time=2124847194
mem_heap_B=113325584
mem_heap_extra_B=11664
mem_stacks_B=0
heap_tree=detailed
n4: 113325584 (heap allocation functions) malloc/new/new[], --alloc-fns, etc.
 n1: 46163200 0x407E94: ALPartitionStoreReadIndexBinsPOSIX (ALStorePOSIX.c:542)
  n1: 46163200 0x402E12: ALPartitionStoreReadIndexBins (ALStore.c:222)
   n1: 46163200 0x401F47: doMultiQueryValueConstraint (multiquery_hybrid_decode.c:242)
    n1: 46163200 0x40283E: process_query (multiquery_hybrid_decode.c:423)
     n0: 46163200 0x4028C4: main (multiquery_hybrid_decode.c:453)
 n1: 33554432 0x401BAE: doMultiQueryValueConstraint (multiquery_hybrid_decode.c:185)
  n1: 33554432 0x40283E: process_query (multiquery_hybrid_decode.c:423)
   n0: 33554432 0x4028C4: main (multiquery_hybrid_decode.c:453)
 n1: 33554432 0x401C76: doMultiQueryValueConstraint (multiquery_hybrid_decode.c:205)
  n1: 33554432 0x40283E: process_query (multiquery_hybrid_decode.c:423)
   n0: 33554432 0x4028C4: main (multiquery_hybrid_decode.c:453)
 n0: 53520 in 22 places, all below massif's threshold (01.00%)
#-----------
snapshot=33
#-----------
time=2196220821
mem_heap_B=113325584
mem_heap_extra_B=11664
mem_stacks_B=0
heap_tree=empty
#-----------
snapshot=34
#-----------
time=2272110175
mem_heap_B=113325584
mem_heap_extra_B=11664
mem_stacks_B=0
heap_tree=empty
#-----------
snapshot=35
#-----------
time=2387540061
mem_heap_B=110088916
mem_heap_extra_B=12492
mem_stacks_B=0
heap_tree=empty
#-----------
snapshot=36
#-----------
time=2488730432
mem_heap_B=110088916
mem_heap_extra_B=12492
mem_stacks_B=0
heap_tree=empty
#-----------
snapshot=37
#-----------
time=2564621926
mem_heap_B=110088916
mem_heap_extra_B=12492
mem_stacks_B=0
heap_tree=empty
#-----------
snapshot=38
#-----------
time=2640511716
mem_heap_B=110088916
mem_heap_extra_B=12492
mem_stacks_B=0
heap_tree=empty
#-----------
snapshot=39
#-----------
time=2691103759
mem_heap_B=110088916
mem_heap_extra_B=12492
mem_stacks_B=0
heap_tree=detailed
n4: 110088916 (heap allocation functions) malloc/new/new[], --alloc-fns, etc.
 n1: 42926532 0x407E94: ALPartitionStoreReadIndexBinsPOSIX (ALStorePOSIX.c:542)
  n1: 42926532 0x402E12: ALPartitionStoreReadIndexBins (ALStore.c:222)
   n1: 42926532 0x401F47: doMultiQueryValueConstraint (multiquery_hybrid_decode.c:242)
    n1: 42926532 0x40283E: process_query (multiquery_hybrid_decode.c:423)
     n0: 42926532 0x4028C4: main (multiquery_hybrid_decode.c:453)
 n1: 33554432 0x401BAE: doMultiQueryValueConstraint (multiquery_hybrid_decode.c:185)
  n1: 33554432 0x40283E: process_query (multiquery_hybrid_decode.c:423)
   n0: 33554432 0x4028C4: main (multiquery_hybrid_decode.c:453)
 n1: 33554432 0x401C76: doMultiQueryValueConstraint (multiquery_hybrid_decode.c:205)
  n1: 33554432 0x40283E: process_query (multiquery_hybrid_decode.c:423)
   n0: 33554432 0x4028C4: main (multiquery_hybrid_decode.c:453)
 n0: 53520 in 22 places, all below massif's threshold (01.00%)
#-----------
snapshot=40
#-----------
time=2766990925
mem_heap_B=110089428
mem_heap_extra_B=12500
mem_stacks_B=0
heap_tree=empty
#-----------
snapshot=41
#-----------
time=2868171237
mem_heap_B=110088916
mem_heap_extra_B=12492
mem_stacks_B=0
heap_tree=empty
#-----------
snapshot=42
#-----------
time=2969351787
mem_heap_B=110088916
mem_heap_extra_B=12492
mem_stacks_B=0
heap_tree=empty
#-----------
snapshot=43
#-----------
time=3070532178
mem_heap_B=110088916
mem_heap_extra_B=12492
mem_stacks_B=0
heap_tree=empty
#-----------
snapshot=44
#-----------
time=3146417456
mem_heap_B=110088916
mem_heap_extra_B=12492
mem_stacks_B=0
heap_tree=empty
#-----------
snapshot=45
#-----------
time=3222302625
mem_heap_B=110088916
mem_heap_extra_B=12492
mem_stacks_B=0
heap_tree=empty
#-----------
snapshot=46
#-----------
time=3272893282
mem_heap_B=110088916
mem_heap_extra_B=12492
mem_stacks_B=0
heap_tree=empty
#-----------
snapshot=47
#-----------
time=3374073769
mem_heap_B=110089428
mem_heap_extra_B=12500
mem_stacks_B=0
heap_tree=empty
#-----------
snapshot=48
#-----------
time=3424664342
mem_heap_B=110088916
mem_heap_extra_B=12492
mem_stacks_B=0
heap_tree=empty
#-----------
snapshot=49
#-----------
time=3525844335
mem_heap_B=110088916
mem_heap_extra_B=12492
mem_stacks_B=0
heap_tree=empty
#-----------
snapshot=50
#-----------
time=3658642184
mem_heap_B=86945436
mem_heap_extra_B=9476
mem_stacks_B=0
heap_tree=empty
#-----------
snapshot=51
#-----------
time=3698821350
mem_heap_B=86945436
mem_heap_extra_B=9476
mem_stacks_B=0
heap_tree=empty
#-----------
snapshot=52
#-----------
time=3738997617
mem_heap_B=86945436
mem_heap_extra_B=9476
mem_stacks_B=0
heap_tree=empty
#-----------
snapshot=53
#-----------
time=3779175256
mem_heap_B=86945436
mem_heap_extra_B=9476
mem_stacks_B=0
heap_tree=empty
#-----------
snapshot=54
#-----------
time=3819355804
mem_heap_B=86945436
mem_heap_extra_B=9476
mem_stacks_B=0
heap_tree=empty
#-----------
snapshot=55
#-----------
time=3859534530
mem_heap_B=86945436
mem_heap_extra_B=9476
mem_stacks_B=0
heap_tree=empty
#-----------
snapshot=56
#-----------
time=3899712693
mem_heap_B=86945436
mem_heap_extra_B=9476
mem_stacks_B=0
heap_tree=detailed
n4: 86945436 (heap allocation functions) malloc/new/new[], --alloc-fns, etc.
 n1: 33554432 0x401BAE: doMultiQueryValueConstraint (multiquery_hybrid_decode.c:185)
  n1: 33554432 0x40283E: process_query (multiquery_hybrid_decode.c:423)
   n0: 33554432 0x4028C4: main (multiquery_hybrid_decode.c:453)
 n1: 33554432 0x401C76: doMultiQueryValueConstraint (multiquery_hybrid_decode.c:205)
  n1: 33554432 0x40283E: process_query (multiquery_hybrid_decode.c:423)
   n0: 33554432 0x4028C4: main (multiquery_hybrid_decode.c:453)
 n1: 19783052 0x407E94: ALPartitionStoreReadIndexBinsPOSIX (ALStorePOSIX.c:542)
  n1: 19783052 0x402E12: ALPartitionStoreReadIndexBins (ALStore.c:222)
   n1: 19783052 0x401F47: doMultiQueryValueConstraint (multiquery_hybrid_decode.c:242)
    n1: 19783052 0x40283E: process_query (multiquery_hybrid_decode.c:423)
     n0: 19783052 0x4028C4: main (multiquery_hybrid_decode.c:453)
 n0: 53520 in 22 places, all below massif's threshold (01.00%)
#-----------
snapshot=57
#-----------
time=3939889237
mem_heap_B=86945436
mem_heap_extra_B=9476
mem_stacks_B=0
heap_tree=empty
#-----------
snapshot=58
#-----------
time=3980064444
mem_heap_B=86945436
mem_heap_extra_B=9476
mem_stacks_B=0
heap_tree=empty
#-----------
snapshot=59
#-----------
time=4020242315
mem_heap_B=86945436
mem_heap_extra_B=9476
mem_stacks_B=0
heap_tree=empty
#-----------
snapshot=60
#-----------
time=4060418864
mem_heap_B=86945436
mem_heap_extra_B=9476
mem_stacks_B=0
heap_tree=empty
#-----------
snapshot=61
#-----------
time=4100595209
mem_heap_B=86945436
mem_heap_extra_B=9476
mem_stacks_B=0
heap_tree=empty
#-----------
snapshot=62
#-----------
time=4140770339
mem_heap_B=86945436
mem_heap_extra_B=9476
mem_stacks_B=0
heap_tree=empty
#-----------
snapshot=63
#-----------
time=4616254277
mem_heap_B=69642364
mem_heap_extra_B=8916
mem_stacks_B=0
heap_tree=empty
#-----------
snapshot=64
#-----------
time=5107560935
mem_heap_B=67162384
mem_heap_extra_B=8904
mem_stacks_B=0
heap_tree=empty
