desc: --massif-out-file=/home/xzou2/alac_fastbit_comp/alac_multi_engine/script/exp_results/mem_trace/sep_4var_10.log
cmd: /home/xzou2/alac_fastbit_comp/alac_multi_engine/build/bin/multiquery 4 /home/xzou2/data/ii_index/s3d/1part_2G/pfd/ uvel 50 66 vvel -8.8 8 temp 6.9E2 7.6E2 wvel -10 -1
time_unit: i
#-----------
snapshot=0
#-----------
time=0
mem_heap_B=0
mem_heap_extra_B=0
mem_stacks_B=0
heap_tree=empty
#-----------
snapshot=1
#-----------
time=2027658
mem_heap_B=568
mem_heap_extra_B=16
mem_stacks_B=0
heap_tree=empty
#-----------
snapshot=2
#-----------
time=2030793
mem_heap_B=688
mem_heap_extra_B=32
mem_stacks_B=0
heap_tree=empty
#-----------
snapshot=3
#-----------
time=2039082
mem_heap_B=688
mem_heap_extra_B=32
mem_stacks_B=0
heap_tree=detailed
n2: 688 (heap allocation functions) malloc/new/new[], --alloc-fns, etc.
 n1: 568 0x3D44A67149: __fopen_internal (in /lib64/libc-2.12.so)
  n1: 568 0x3A4C20CD2B: ??? (in /lib64/libselinux.so.1)
   n1: 568 0x3A4C215CB4: ??? (in /lib64/libselinux.so.1)
    n1: 568 0x3A4C204FA1: ??? (in /lib64/libselinux.so.1)
     n1: 568 0x7FEFFF9A6: ???
      n1: 568 0x63616C612F32756D: ???
       n1: 568 0x746962747361665D: ???
        n1: 568 0x6C612F706D6F635D: ???
         n1: 568 0x69746C756D5F635F: ???
          n1: 568 0x2F656E69676E655D: ???
           n1: 568 0x69622F646C697560: ???
            n1: 568 0x7169746C756D2F6C: ???
             n1: 568 0x2F00340079726573: ???
              n1: 568 0x6F7A782F656D6F66: ???
               n1: 568 0x2F617461642F3273: ???
                n1: 568 0x7865646E695F6967: ???
                 n1: 568 0x6170312F6433732D: ???
                  n1: 568 0x66702F47325F7470: ???
                   n1: 568 0x6C657675002F62: ???
                    n1: 568 0x7676003636003033: ???
                     n1: 568 0x382E382D006C63: ???
                      n1: 568 0x3600706D65740036: ???
                       n1: 568 0x362E37003245392C: ???
                        n1: 568 0x6C657677003243: ???
                         n1: 568 0x4C00312D0030312B: ???
                          n1: 568 0x3D52455041505F41: ???
                           n1: 568 0x54552E53555F6E63: ???
                            n1: 568 0x504E414D00382D44: ???
                             n1: 568 0x7273752F3D48543F: ???
                              n0: 568 0x6D2F6C61636F6C2D: ???
 n1: 120 0x3D44A67E57: getdelim (in /lib64/libc-2.12.so)
  n1: 120 0x3A4C20CD71: ??? (in /lib64/libselinux.so.1)
   n1: 120 0x3A4C215CB4: ??? (in /lib64/libselinux.so.1)
    n1: 120 0x3A4C204FA1: ??? (in /lib64/libselinux.so.1)
     n1: 120 0x7FEFFF9A6: ???
      n1: 120 0x63616C612F32756D: ???
       n1: 120 0x746962747361665D: ???
        n1: 120 0x6C612F706D6F635D: ???
         n1: 120 0x69746C756D5F635F: ???
          n1: 120 0x2F656E69676E655D: ???
           n1: 120 0x69622F646C697560: ???
            n1: 120 0x7169746C756D2F6C: ???
             n1: 120 0x2F00340079726573: ???
              n1: 120 0x6F7A782F656D6F66: ???
               n1: 120 0x2F617461642F3273: ???
                n1: 120 0x7865646E695F6967: ???
                 n1: 120 0x6170312F6433732D: ???
                  n1: 120 0x66702F47325F7470: ???
                   n1: 120 0x6C657675002F62: ???
                    n1: 120 0x7676003636003033: ???
                     n1: 120 0x382E382D006C63: ???
                      n1: 120 0x3600706D65740036: ???
                       n1: 120 0x362E37003245392C: ???
                        n1: 120 0x6C657677003243: ???
                         n1: 120 0x4C00312D0030312B: ???
                          n1: 120 0x3D52455041505F41: ???
                           n1: 120 0x54552E53555F6E63: ???
                            n1: 120 0x504E414D00382D44: ???
                             n1: 120 0x7273752F3D48543F: ???
                              n0: 120 0x6D2F6C61636F6C2D: ???
#-----------
snapshot=4
#-----------
time=2040665
mem_heap_B=0
mem_heap_extra_B=0
mem_stacks_B=0
heap_tree=empty
#-----------
snapshot=5
#-----------
time=2167882
mem_heap_B=256
mem_heap_extra_B=8
mem_stacks_B=0
heap_tree=empty
#-----------
snapshot=6
#-----------
time=2169443
mem_heap_B=752
mem_heap_extra_B=40
mem_stacks_B=0
heap_tree=empty
#-----------
snapshot=7
#-----------
time=2173497
mem_heap_B=1320
mem_heap_extra_B=56
mem_stacks_B=0
heap_tree=empty
#-----------
snapshot=8
#-----------
time=2175268
mem_heap_B=3432
mem_heap_extra_B=144
mem_stacks_B=0
heap_tree=empty
#-----------
snapshot=9
#-----------
time=2181655
mem_heap_B=3440
mem_heap_extra_B=160
mem_stacks_B=0
heap_tree=empty
#-----------
snapshot=10
#-----------
time=2182466
mem_heap_B=4688
mem_heap_extra_B=200
mem_stacks_B=0
heap_tree=empty
#-----------
snapshot=11
#-----------
time=2183825
mem_heap_B=6232
mem_heap_extra_B=272
mem_stacks_B=0
heap_tree=empty
#-----------
snapshot=12
#-----------
time=2185149
mem_heap_B=6240
mem_heap_extra_B=288
mem_stacks_B=0
heap_tree=empty
#-----------
snapshot=13
#-----------
time=2185960
mem_heap_B=7488
mem_heap_extra_B=328
mem_stacks_B=0
heap_tree=empty
#-----------
snapshot=14
#-----------
time=2187319
mem_heap_B=9032
mem_heap_extra_B=400
mem_stacks_B=0
heap_tree=empty
#-----------
snapshot=15
#-----------
time=2188643
mem_heap_B=9040
mem_heap_extra_B=416
mem_stacks_B=0
heap_tree=empty
#-----------
snapshot=16
#-----------
time=2189454
mem_heap_B=10288
mem_heap_extra_B=456
mem_stacks_B=0
heap_tree=empty
#-----------
snapshot=17
#-----------
time=2190813
mem_heap_B=11832
mem_heap_extra_B=528
mem_stacks_B=0
heap_tree=empty
#-----------
snapshot=18
#-----------
time=2192333
mem_heap_B=12032
mem_heap_extra_B=568
mem_stacks_B=0
heap_tree=empty
#-----------
snapshot=19
#-----------
time=27228498
mem_heap_B=33566464
mem_heap_extra_B=4608
mem_stacks_B=0
heap_tree=detailed
n2: 33566464 (heap allocation functions) malloc/new/new[], --alloc-fns, etc.
 n1: 33554432 0x401BAE: doMultiQueryValueConstraint (multiquery.c:184)
  n1: 33554432 0x402789: process_query (multiquery.c:401)
   n0: 33554432 0x402875: main (multiquery.c:431)
 n0: 12032 in 15 places, all below massif's threshold (01.00%)
#-----------
snapshot=20
#-----------
time=30374445
mem_heap_B=67120896
mem_heap_extra_B=8648
mem_stacks_B=0
heap_tree=empty
#-----------
snapshot=21
#-----------
time=30374833
mem_heap_B=67132359
mem_heap_extra_B=8697
mem_stacks_B=0
heap_tree=empty
#-----------
snapshot=22
#-----------
time=30376380
mem_heap_B=67135187
mem_heap_extra_B=8709
mem_stacks_B=0
heap_tree=empty
#-----------
snapshot=23
#-----------
time=30377443
mem_heap_B=67143683
mem_heap_extra_B=8725
mem_stacks_B=0
heap_tree=empty
#-----------
snapshot=24
#-----------
time=30379549
mem_heap_B=67143683
mem_heap_extra_B=8725
mem_stacks_B=0
heap_tree=detailed
n3: 67143683 (heap allocation functions) malloc/new/new[], --alloc-fns, etc.
 n1: 33554432 0x401BAE: doMultiQueryValueConstraint (multiquery.c:184)
  n1: 33554432 0x402789: process_query (multiquery.c:401)
   n0: 33554432 0x402875: main (multiquery.c:431)
 n1: 33554432 0x401C76: doMultiQueryValueConstraint (multiquery.c:204)
  n1: 33554432 0x402789: process_query (multiquery.c:401)
   n0: 33554432 0x402875: main (multiquery.c:431)
 n0: 34819 in 21 places, all below massif's threshold (01.00%)
#-----------
snapshot=25
#-----------
time=30379957
mem_heap_B=67146931
mem_heap_extra_B=8757
mem_stacks_B=0
heap_tree=empty
#-----------
snapshot=26
#-----------
time=30381384
mem_heap_B=67150543
mem_heap_extra_B=8769
mem_stacks_B=0
heap_tree=empty
#-----------
snapshot=27
#-----------
time=30382643
mem_heap_B=67161391
mem_heap_extra_B=8785
mem_stacks_B=0
heap_tree=empty
#-----------
snapshot=28
#-----------
time=30383715
mem_heap_B=67146904
mem_heap_extra_B=8768
mem_stacks_B=0
heap_tree=empty
#-----------
snapshot=29
#-----------
time=30384798
mem_heap_B=67147875
mem_heap_extra_B=8837
mem_stacks_B=0
heap_tree=empty
#-----------
snapshot=30
#-----------
time=30385950
mem_heap_B=67162411
mem_heap_extra_B=8893
mem_stacks_B=0
heap_tree=empty
#-----------
snapshot=31
#-----------
time=30387393
mem_heap_B=67166055
mem_heap_extra_B=8905
mem_stacks_B=0
heap_tree=empty
#-----------
snapshot=32
#-----------
time=30388660
mem_heap_B=67176999
mem_heap_extra_B=8921
mem_stacks_B=0
heap_tree=empty
#-----------
snapshot=33
#-----------
time=30389740
mem_heap_B=67162384
mem_heap_extra_B=8904
mem_stacks_B=0
heap_tree=empty
#-----------
snapshot=34
#-----------
time=33549101
mem_heap_B=115305760
mem_heap_extra_B=9856
mem_stacks_B=0
heap_tree=empty
#-----------
snapshot=35
#-----------
time=33550323
mem_heap_B=571178016
mem_heap_extra_B=10056
mem_stacks_B=0
heap_tree=empty
#-----------
snapshot=36
#-----------
time=4799330420
mem_heap_B=571178016
mem_heap_extra_B=10056
mem_stacks_B=0
heap_tree=detailed
n5: 571178016 (heap allocation functions) malloc/new/new[], --alloc-fns, etc.
 n1: 455872256 0x402C89: convertCIIToII (ALConvert.c:100)
  n1: 455872256 0x402ED9: ALConvertPartialIndexForm (ALConvert.c:183)
   n1: 455872256 0x401FE2: doMultiQueryValueConstraint (multiquery.c:246)
    n1: 455872256 0x402789: process_query (multiquery.c:401)
     n0: 455872256 0x402875: main (multiquery.c:431)
 n1: 48143376 0x4085F8: ALPartitionStoreReadIndexBinsPOSIX (ALStorePOSIX.c:542)
  n1: 48143376 0x40342E: ALPartitionStoreReadIndexBins (ALStore.c:222)
   n1: 48143376 0x401F3E: doMultiQueryValueConstraint (multiquery.c:241)
    n1: 48143376 0x402789: process_query (multiquery.c:401)
     n0: 48143376 0x402875: main (multiquery.c:431)
 n1: 33554432 0x401BAE: doMultiQueryValueConstraint (multiquery.c:184)
  n1: 33554432 0x402789: process_query (multiquery.c:401)
   n0: 33554432 0x402875: main (multiquery.c:431)
 n1: 33554432 0x401C76: doMultiQueryValueConstraint (multiquery.c:204)
  n1: 33554432 0x402789: process_query (multiquery.c:401)
   n0: 33554432 0x402875: main (multiquery.c:431)
 n0: 53520 in 21 places, all below massif's threshold (01.00%)
#-----------
snapshot=37
#-----------
time=4799330420
mem_heap_B=523034640
mem_heap_extra_B=9104
mem_stacks_B=0
heap_tree=empty
#-----------
snapshot=38
#-----------
time=7752357714
mem_heap_B=744138548
mem_heap_extra_B=11316
mem_stacks_B=0
heap_tree=empty
#-----------
snapshot=39
#-----------
time=7752358792
mem_heap_B=1466232884
mem_heap_extra_B=13052
mem_stacks_B=0
heap_tree=empty
#-----------
snapshot=40
#-----------
time=15262704773
mem_heap_B=1466232884
mem_heap_extra_B=13052
mem_stacks_B=0
heap_tree=detailed
n5: 1466232884 (heap allocation functions) malloc/new/new[], --alloc-fns, etc.
 n1: 1177966592 0x402C89: convertCIIToII (ALConvert.c:100)
  n1: 1177966592 0x402ED9: ALConvertPartialIndexForm (ALConvert.c:183)
   n1: 1177966592 0x401FE2: doMultiQueryValueConstraint (multiquery.c:246)
    n1: 1177966592 0x402789: process_query (multiquery.c:401)
     n0: 1177966592 0x402875: main (multiquery.c:431)
 n1: 221103908 0x4085F8: ALPartitionStoreReadIndexBinsPOSIX (ALStorePOSIX.c:542)
  n1: 221103908 0x40342E: ALPartitionStoreReadIndexBins (ALStore.c:222)
   n1: 221103908 0x401F3E: doMultiQueryValueConstraint (multiquery.c:241)
    n1: 221103908 0x402789: process_query (multiquery.c:401)
     n0: 221103908 0x402875: main (multiquery.c:431)
 n1: 33554432 0x401BAE: doMultiQueryValueConstraint (multiquery.c:184)
  n1: 33554432 0x402789: process_query (multiquery.c:401)
   n0: 33554432 0x402875: main (multiquery.c:431)
 n1: 33554432 0x401C76: doMultiQueryValueConstraint (multiquery.c:204)
  n1: 33554432 0x402789: process_query (multiquery.c:401)
   n0: 33554432 0x402875: main (multiquery.c:431)
 n0: 53520 in 21 places, all below massif's threshold (01.00%)
#-----------
snapshot=41
#-----------
time=15262704773
mem_heap_B=1245128976
mem_heap_extra_B=10840
mem_stacks_B=0
heap_tree=empty
#-----------
snapshot=42
#-----------
time=19879604520
mem_heap_B=1292170252
mem_heap_extra_B=12068
mem_stacks_B=0
heap_tree=empty
#-----------
snapshot=43
#-----------
time=19879605721
mem_heap_B=2040017204
mem_heap_extra_B=12740
mem_stacks_B=0
heap_tree=empty
#-----------
snapshot=44
#-----------
time=26445826870
mem_heap_B=2040017204
mem_heap_extra_B=12740
mem_stacks_B=0
heap_tree=detailed
n5: 2040017204 (heap allocation functions) malloc/new/new[], --alloc-fns, etc.
 n1: 1925813544 0x402C89: convertCIIToII (ALConvert.c:100)
  n1: 1925813544 0x402ED9: ALConvertPartialIndexForm (ALConvert.c:183)
   n1: 1925813544 0x401FE2: doMultiQueryValueConstraint (multiquery.c:246)
    n1: 1925813544 0x402789: process_query (multiquery.c:401)
     n0: 1925813544 0x402875: main (multiquery.c:431)
 n1: 47041276 0x4085F8: ALPartitionStoreReadIndexBinsPOSIX (ALStorePOSIX.c:542)
  n1: 47041276 0x40342E: ALPartitionStoreReadIndexBins (ALStore.c:222)
   n1: 47041276 0x401F3E: doMultiQueryValueConstraint (multiquery.c:241)
    n1: 47041276 0x402789: process_query (multiquery.c:401)
     n0: 47041276 0x402875: main (multiquery.c:431)
 n1: 33554432 0x401BAE: doMultiQueryValueConstraint (multiquery.c:184)
  n1: 33554432 0x402789: process_query (multiquery.c:401)
   n0: 33554432 0x402875: main (multiquery.c:431)
 n1: 33554432 0x401C76: doMultiQueryValueConstraint (multiquery.c:204)
  n1: 33554432 0x402789: process_query (multiquery.c:401)
   n0: 33554432 0x402875: main (multiquery.c:431)
 n0: 53520 in 21 places, all below massif's threshold (01.00%)
#-----------
snapshot=45
#-----------
time=26445826870
mem_heap_B=1992975928
mem_heap_extra_B=11512
mem_stacks_B=0
heap_tree=empty
#-----------
snapshot=46
#-----------
time=31223683221
mem_heap_B=2088093348
mem_heap_extra_B=15444
mem_stacks_B=0
heap_tree=empty
#-----------
snapshot=47
#-----------
time=31223684102
mem_heap_B=2419502796
mem_heap_extra_B=17396
mem_stacks_B=0
heap_tree=empty
#-----------
snapshot=48
#-----------
time=34597494878
mem_heap_B=2419502796
mem_heap_extra_B=17396
mem_stacks_B=0
heap_tree=peak
n5: 2419502796 (heap allocation functions) malloc/new/new[], --alloc-fns, etc.
 n1: 2257222992 0x402C89: convertCIIToII (ALConvert.c:100)
  n1: 2257222992 0x402ED9: ALConvertPartialIndexForm (ALConvert.c:183)
   n1: 2257222992 0x401FE2: doMultiQueryValueConstraint (multiquery.c:246)
    n1: 2257222992 0x402789: process_query (multiquery.c:401)
     n0: 2257222992 0x402875: main (multiquery.c:431)
 n1: 95117420 0x4085F8: ALPartitionStoreReadIndexBinsPOSIX (ALStorePOSIX.c:542)
  n1: 95117420 0x40342E: ALPartitionStoreReadIndexBins (ALStore.c:222)
   n1: 95117420 0x401F3E: doMultiQueryValueConstraint (multiquery.c:241)
    n1: 95117420 0x402789: process_query (multiquery.c:401)
     n0: 95117420 0x402875: main (multiquery.c:431)
 n1: 33554432 0x401BAE: doMultiQueryValueConstraint (multiquery.c:184)
  n1: 33554432 0x402789: process_query (multiquery.c:401)
   n0: 33554432 0x402875: main (multiquery.c:431)
 n1: 33554432 0x401C76: doMultiQueryValueConstraint (multiquery.c:204)
  n1: 33554432 0x402789: process_query (multiquery.c:401)
   n0: 33554432 0x402875: main (multiquery.c:431)
 n0: 53520 in 21 places, all below massif's threshold (01.00%)
#-----------
snapshot=49
#-----------
time=34597494878
mem_heap_B=2324385376
mem_heap_extra_B=13464
mem_stacks_B=0
heap_tree=empty
#-----------
snapshot=50
#-----------
time=37130177654
mem_heap_B=2431762640
mem_heap_extra_B=16880
mem_stacks_B=0
heap_tree=empty
#-----------
snapshot=51
#-----------
time=39596504896
mem_heap_B=2324385376
mem_heap_extra_B=13464
mem_stacks_B=0
heap_tree=empty
#-----------
snapshot=52
#-----------
time=39596505770
mem_heap_B=2324385336
mem_heap_extra_B=13448
mem_stacks_B=0
heap_tree=empty
#-----------
snapshot=53
#-----------
time=39596506657
mem_heap_B=2324385296
mem_heap_extra_B=13432
mem_stacks_B=0
heap_tree=empty
#-----------
snapshot=54
#-----------
time=39596507544
mem_heap_B=2324385256
mem_heap_extra_B=13416
mem_stacks_B=0
heap_tree=empty
#-----------
snapshot=55
#-----------
time=39596508431
mem_heap_B=2324385216
mem_heap_extra_B=13400
mem_stacks_B=0
heap_tree=empty
#-----------
snapshot=56
#-----------
time=39596508508
mem_heap_B=2324385056
mem_heap_extra_B=13392
mem_stacks_B=0
heap_tree=empty
#-----------
snapshot=57
#-----------
time=39596508539
mem_heap_B=2324384800
mem_heap_extra_B=13384
mem_stacks_B=0
heap_tree=empty
#-----------
snapshot=58
#-----------
time=39596508570
mem_heap_B=2324384704
mem_heap_extra_B=13376
mem_stacks_B=0
heap_tree=detailed
n4: 2324384704 (heap allocation functions) malloc/new/new[], --alloc-fns, etc.
 n1: 2257222992 0x402C89: convertCIIToII (ALConvert.c:100)
  n1: 2257222992 0x402ED9: ALConvertPartialIndexForm (ALConvert.c:183)
   n1: 2257222992 0x401FE2: doMultiQueryValueConstraint (multiquery.c:246)
    n1: 2257222992 0x402789: process_query (multiquery.c:401)
     n0: 2257222992 0x402875: main (multiquery.c:431)
 n1: 33554432 0x401BAE: doMultiQueryValueConstraint (multiquery.c:184)
  n1: 33554432 0x402789: process_query (multiquery.c:401)
   n0: 33554432 0x402875: main (multiquery.c:431)
 n1: 33554432 0x401C76: doMultiQueryValueConstraint (multiquery.c:204)
  n1: 33554432 0x402789: process_query (multiquery.c:401)
   n0: 33554432 0x402875: main (multiquery.c:431)
 n0: 52848 in 23 places, all below massif's threshold (01.00%)
#-----------
snapshot=59
#-----------
time=39596508601
mem_heap_B=2324384576
mem_heap_extra_B=13368
mem_stacks_B=0
heap_tree=empty
#-----------
snapshot=60
#-----------
time=39596508632
mem_heap_B=2324384416
mem_heap_extra_B=13360
mem_stacks_B=0
heap_tree=empty
#-----------
snapshot=61
#-----------
time=39596508663
mem_heap_B=2324384400
mem_heap_extra_B=13352
mem_stacks_B=0
heap_tree=empty
#-----------
snapshot=62
#-----------
time=39596508694
mem_heap_B=2324384384
mem_heap_extra_B=13344
mem_stacks_B=0
heap_tree=empty
