4 var
qsub: waiting for job 30719.sith-mgmt2.ccs.ornl.gov to start
qsub: job 30719.sith-mgmt2.ccs.ornl.gov ready

    0.000	    1.977	    1.052	    0.049	    0.040	    3.316

qsub: job 30719.sith-mgmt2.ccs.ornl.gov completed

qsub: waiting for job 30720.sith-mgmt2.ccs.ornl.gov to start
qsub: job 30720.sith-mgmt2.ccs.ornl.gov ready

    0.000	    1.894	    1.502	    0.054	    0.043	    3.709

qsub: job 30720.sith-mgmt2.ccs.ornl.gov completed

qsub: waiting for job 30721.sith-mgmt2.ccs.ornl.gov to start
qsub: job 30721.sith-mgmt2.ccs.ornl.gov ready

    0.000	    3.046	    1.956	    0.122	    0.045	    5.412

qsub: job 30721.sith-mgmt2.ccs.ornl.gov completed

qsub: waiting for job 30722.sith-mgmt2.ccs.ornl.gov to start
qsub: job 30722.sith-mgmt2.ccs.ornl.gov ready

    0.000	    4.369	    1.747	    0.104	    0.066	    6.507

qsub: job 30722.sith-mgmt2.ccs.ornl.gov completed

qsub: waiting for job 30723.sith-mgmt2.ccs.ornl.gov to start
qsub: job 30723.sith-mgmt2.ccs.ornl.gov ready

    0.000	    6.373	    1.930	    0.126	    0.163	    8.827

qsub: job 30723.sith-mgmt2.ccs.ornl.gov completed

3 var
qsub: waiting for job 30724.sith-mgmt2.ccs.ornl.gov to start
qsub: job 30724.sith-mgmt2.ccs.ornl.gov ready

    0.000	    1.312	    0.780	    0.090	    0.051	    2.417

qsub: job 30724.sith-mgmt2.ccs.ornl.gov completed

qsub: waiting for job 30725.sith-mgmt2.ccs.ornl.gov to start
qsub: job 30725.sith-mgmt2.ccs.ornl.gov ready

    0.000	    1.957	    1.026	    0.043	    0.091	    3.291

qsub: job 30725.sith-mgmt2.ccs.ornl.gov completed

qsub: waiting for job 30726.sith-mgmt2.ccs.ornl.gov to start
qsub: job 30726.sith-mgmt2.ccs.ornl.gov ready

    0.000	    3.699	    1.179	    0.074	    0.314	    5.450

qsub: job 30726.sith-mgmt2.ccs.ornl.gov completed

qsub: waiting for job 30727.sith-mgmt2.ccs.ornl.gov to start
qsub: job 30727.sith-mgmt2.ccs.ornl.gov ready

    0.000	    2.142	    1.131	    0.040	    0.115	    3.604

qsub: job 30727.sith-mgmt2.ccs.ornl.gov completed

qsub: waiting for job 30728.sith-mgmt2.ccs.ornl.gov to start
qsub: job 30728.sith-mgmt2.ccs.ornl.gov ready

    0.000	    2.917	    1.233	    0.041	    0.269	    5.113

qsub: job 30728.sith-mgmt2.ccs.ornl.gov completed

2 var
qsub: waiting for job 30729.sith-mgmt2.ccs.ornl.gov to start
qsub: job 30729.sith-mgmt2.ccs.ornl.gov ready

    0.000	    0.036	    0.515	    0.029	    0.040	    0.759

qsub: job 30729.sith-mgmt2.ccs.ornl.gov completed

qsub: waiting for job 30730.sith-mgmt2.ccs.ornl.gov to start
qsub: job 30730.sith-mgmt2.ccs.ornl.gov ready

    0.000	    0.360	    0.525	    0.028	    0.044	    1.090

qsub: job 30730.sith-mgmt2.ccs.ornl.gov completed

qsub: waiting for job 30731.sith-mgmt2.ccs.ornl.gov to start
qsub: job 30731.sith-mgmt2.ccs.ornl.gov ready

    0.000	    0.590	    0.598	    0.028	    0.052	    1.403

qsub: job 30731.sith-mgmt2.ccs.ornl.gov completed

qsub: waiting for job 30732.sith-mgmt2.ccs.ornl.gov to start
qsub: job 30732.sith-mgmt2.ccs.ornl.gov ready

    0.000	    0.972	    0.636	    0.028	    0.067	    1.845

qsub: job 30732.sith-mgmt2.ccs.ornl.gov completed

qsub: waiting for job 30733.sith-mgmt2.ccs.ornl.gov to start
qsub: job 30733.sith-mgmt2.ccs.ornl.gov ready

    0.000	    1.687	    0.938	    0.027	    0.233	    3.017

qsub: job 30733.sith-mgmt2.ccs.ornl.gov completed

4 var
qsub: waiting for job 30734.sith-mgmt2.ccs.ornl.gov to start
qsub: job 30734.sith-mgmt2.ccs.ornl.gov ready

    0.000	    1.981	    0.801	    0.053	    0.040	    3.048

qsub: job 30734.sith-mgmt2.ccs.ornl.gov completed

qsub: waiting for job 30735.sith-mgmt2.ccs.ornl.gov to start
qsub: job 30735.sith-mgmt2.ccs.ornl.gov ready

    0.000	    1.890	    1.320	    0.056	    0.048	    3.530

qsub: job 30735.sith-mgmt2.ccs.ornl.gov completed

qsub: waiting for job 30736.sith-mgmt2.ccs.ornl.gov to start
qsub: job 30736.sith-mgmt2.ccs.ornl.gov ready

    0.000	    3.251	    1.558	    0.151	    0.046	    5.268

qsub: job 30736.sith-mgmt2.ccs.ornl.gov completed

qsub: waiting for job 30737.sith-mgmt2.ccs.ornl.gov to start
qsub: job 30737.sith-mgmt2.ccs.ornl.gov ready

    0.000	    3.559	    2.038	    0.056	    0.064	    5.922

qsub: job 30737.sith-mgmt2.ccs.ornl.gov completed

qsub: waiting for job 30738.sith-mgmt2.ccs.ornl.gov to start
qsub: job 30738.sith-mgmt2.ccs.ornl.gov ready

    0.000	    4.083	    2.495	    0.054	    0.210	    7.057

qsub: job 30738.sith-mgmt2.ccs.ornl.gov completed

3 var
qsub: waiting for job 30739.sith-mgmt2.ccs.ornl.gov to start
qsub: job 30739.sith-mgmt2.ccs.ornl.gov ready

    0.000	    1.288	    0.898	    0.043	    0.050	    2.453

qsub: job 30739.sith-mgmt2.ccs.ornl.gov completed

qsub: waiting for job 30740.sith-mgmt2.ccs.ornl.gov to start
qsub: job 30740.sith-mgmt2.ccs.ornl.gov ready

    0.000	    2.325	    0.938	    0.074	    0.088	    3.606

qsub: job 30740.sith-mgmt2.ccs.ornl.gov completed

qsub: waiting for job 30741.sith-mgmt2.ccs.ornl.gov to start
qsub: job 30741.sith-mgmt2.ccs.ornl.gov ready

    0.000	    4.248	    1.245	    0.088	    0.322	    6.129

qsub: job 30741.sith-mgmt2.ccs.ornl.gov completed

qsub: waiting for job 30742.sith-mgmt2.ccs.ornl.gov to start
qsub: job 30742.sith-mgmt2.ccs.ornl.gov ready

    0.000	    3.189	    1.138	    0.086	    0.120	    4.720

qsub: job 30742.sith-mgmt2.ccs.ornl.gov completed

qsub: waiting for job 30743.sith-mgmt2.ccs.ornl.gov to start
qsub: job 30743.sith-mgmt2.ccs.ornl.gov ready

    0.000	    2.893	    1.499	    0.041	    0.321	    4.944

qsub: job 30743.sith-mgmt2.ccs.ornl.gov completed

2 var
qsub: waiting for job 30744.sith-mgmt2.ccs.ornl.gov to start
qsub: job 30744.sith-mgmt2.ccs.ornl.gov ready

    0.000	    0.036	    0.508	    0.029	    0.040	    0.747

qsub: job 30744.sith-mgmt2.ccs.ornl.gov completed

qsub: waiting for job 30745.sith-mgmt2.ccs.ornl.gov to start
qsub: job 30745.sith-mgmt2.ccs.ornl.gov ready

    0.000	    0.360	    0.530	    0.029	    0.044	    1.099

qsub: job 30745.sith-mgmt2.ccs.ornl.gov completed

qsub: waiting for job 30746.sith-mgmt2.ccs.ornl.gov to start
qsub: job 30746.sith-mgmt2.ccs.ornl.gov ready

    0.000	    0.591	    0.577	    0.028	    0.052	    1.391

qsub: job 30746.sith-mgmt2.ccs.ornl.gov completed

qsub: waiting for job 30747.sith-mgmt2.ccs.ornl.gov to start
qsub: job 30747.sith-mgmt2.ccs.ornl.gov ready

    0.000	    0.974	    0.662	    0.029	    0.068	    1.862

qsub: job 30747.sith-mgmt2.ccs.ornl.gov completed

qsub: waiting for job 30748.sith-mgmt2.ccs.ornl.gov to start
qsub: job 30748.sith-mgmt2.ccs.ornl.gov ready

    0.000	    1.950	    0.859	    0.042	    0.205	    3.197

qsub: job 30748.sith-mgmt2.ccs.ornl.gov completed

4 var
qsub: waiting for job 30749.sith-mgmt2.ccs.ornl.gov to start
qsub: job 30749.sith-mgmt2.ccs.ornl.gov ready

    0.000	    1.983	    1.195	    0.055	    0.040	    3.477

qsub: job 30749.sith-mgmt2.ccs.ornl.gov completed

qsub: waiting for job 30750.sith-mgmt2.ccs.ornl.gov to start
qsub: job 30750.sith-mgmt2.ccs.ornl.gov ready

    0.000	    1.901	    1.413	    0.065	    0.045	    3.627

qsub: job 30750.sith-mgmt2.ccs.ornl.gov completed

qsub: waiting for job 30751.sith-mgmt2.ccs.ornl.gov to start
qsub: job 30751.sith-mgmt2.ccs.ornl.gov ready

    0.000	    3.231	    1.592	    0.148	    0.046	    5.274

qsub: job 30751.sith-mgmt2.ccs.ornl.gov completed

qsub: waiting for job 30752.sith-mgmt2.ccs.ornl.gov to start
qsub: job 30752.sith-mgmt2.ccs.ornl.gov ready

    0.000	    4.327	    1.637	    0.103	    0.066	    6.359

qsub: job 30752.sith-mgmt2.ccs.ornl.gov completed

qsub: waiting for job 30753.sith-mgmt2.ccs.ornl.gov to start
qsub: job 30753.sith-mgmt2.ccs.ornl.gov ready

    0.000	    4.148	    2.400	    0.056	    0.199	    6.994

qsub: job 30753.sith-mgmt2.ccs.ornl.gov completed

3 var
qsub: waiting for job 30754.sith-mgmt2.ccs.ornl.gov to start
qsub: job 30754.sith-mgmt2.ccs.ornl.gov ready

    0.000	    1.285	    0.791	    0.043	    0.050	    2.365

qsub: job 30754.sith-mgmt2.ccs.ornl.gov completed

qsub: waiting for job 30755.sith-mgmt2.ccs.ornl.gov to start
qsub: job 30755.sith-mgmt2.ccs.ornl.gov ready

    0.000	    1.955	    1.253	    0.043	    0.104	    3.540

qsub: job 30755.sith-mgmt2.ccs.ornl.gov completed

qsub: waiting for job 30756.sith-mgmt2.ccs.ornl.gov to start
qsub: job 30756.sith-mgmt2.ccs.ornl.gov ready

    0.000	    3.081	    1.374	    0.043	    0.360	    5.029

qsub: job 30756.sith-mgmt2.ccs.ornl.gov completed

qsub: waiting for job 30757.sith-mgmt2.ccs.ornl.gov to start
qsub: job 30757.sith-mgmt2.ccs.ornl.gov ready

    0.000	    2.172	    1.214	    0.043	    0.137	    3.750

qsub: job 30757.sith-mgmt2.ccs.ornl.gov completed

qsub: waiting for job 30758.sith-mgmt2.ccs.ornl.gov to start
qsub: job 30758.sith-mgmt2.ccs.ornl.gov ready

    0.000	    2.931	    1.435	    0.043	    0.321	    4.903

qsub: job 30758.sith-mgmt2.ccs.ornl.gov completed

2 var
qsub: waiting for job 30759.sith-mgmt2.ccs.ornl.gov to start
qsub: job 30759.sith-mgmt2.ccs.ornl.gov ready

    0.000	    0.036	    0.500	    0.030	    0.040	    0.740

qsub: job 30759.sith-mgmt2.ccs.ornl.gov completed

qsub: waiting for job 30760.sith-mgmt2.ccs.ornl.gov to start
qsub: job 30760.sith-mgmt2.ccs.ornl.gov ready

    0.000	    0.360	    0.567	    0.028	    0.044	    1.136

qsub: job 30760.sith-mgmt2.ccs.ornl.gov completed

qsub: waiting for job 30761.sith-mgmt2.ccs.ornl.gov to start
qsub: job 30761.sith-mgmt2.ccs.ornl.gov ready

    0.000	    0.589	    0.582	    0.029	    0.052	    1.393

qsub: job 30761.sith-mgmt2.ccs.ornl.gov completed

qsub: waiting for job 30762.sith-mgmt2.ccs.ornl.gov to start
qsub: job 30762.sith-mgmt2.ccs.ornl.gov ready

    0.000	    0.972	    0.816	    0.028	    0.073	    2.024

qsub: job 30762.sith-mgmt2.ccs.ornl.gov completed

qsub: waiting for job 30763.sith-mgmt2.ccs.ornl.gov to start
qsub: job 30763.sith-mgmt2.ccs.ornl.gov ready

    0.000	    2.660	    0.907	    0.058	    0.208	    3.981

qsub: job 30763.sith-mgmt2.ccs.ornl.gov completed

4 var
qsub: waiting for job 30764.sith-mgmt2.ccs.ornl.gov to start
qsub: job 30764.sith-mgmt2.ccs.ornl.gov ready

    0.000	    1.991	    1.203	    0.058	    0.040	    3.501

qsub: job 30764.sith-mgmt2.ccs.ornl.gov completed

qsub: waiting for job 30765.sith-mgmt2.ccs.ornl.gov to start
qsub: job 30765.sith-mgmt2.ccs.ornl.gov ready

    0.000	    1.892	    1.359	    0.056	    0.043	    3.554

qsub: job 30765.sith-mgmt2.ccs.ornl.gov completed

qsub: waiting for job 30766.sith-mgmt2.ccs.ornl.gov to start
qsub: job 30766.sith-mgmt2.ccs.ornl.gov ready

    0.000	    2.804	    1.715	    0.049	    0.044	    4.814

qsub: job 30766.sith-mgmt2.ccs.ornl.gov completed

qsub: waiting for job 30767.sith-mgmt2.ccs.ornl.gov to start
qsub: job 30767.sith-mgmt2.ccs.ornl.gov ready

    0.000	    3.525	    2.005	    0.054	    0.068	    5.874

qsub: job 30767.sith-mgmt2.ccs.ornl.gov completed

qsub: waiting for job 30768.sith-mgmt2.ccs.ornl.gov to start
qsub: job 30768.sith-mgmt2.ccs.ornl.gov ready

    0.000	    4.116	    2.382	    0.053	    0.201	    7.512

qsub: job 30768.sith-mgmt2.ccs.ornl.gov completed

3 var
qsub: waiting for job 30769.sith-mgmt2.ccs.ornl.gov to start
qsub: job 30769.sith-mgmt2.ccs.ornl.gov ready

    0.000	    1.279	    0.831	    0.038	    0.050	    2.368

qsub: job 30769.sith-mgmt2.ccs.ornl.gov completed

qsub: waiting for job 30770.sith-mgmt2.ccs.ornl.gov to start
qsub: job 30770.sith-mgmt2.ccs.ornl.gov ready

    0.000	    1.940	    1.099	    0.041	    0.103	    3.361

qsub: job 30770.sith-mgmt2.ccs.ornl.gov completed

qsub: waiting for job 30771.sith-mgmt2.ccs.ornl.gov to start
qsub: job 30771.sith-mgmt2.ccs.ornl.gov ready

    0.000	    3.083	    1.367	    0.049	    0.318	    4.998

qsub: job 30771.sith-mgmt2.ccs.ornl.gov completed

qsub: waiting for job 30772.sith-mgmt2.ccs.ornl.gov to start
qsub: job 30772.sith-mgmt2.ccs.ornl.gov ready

    0.000	    3.200	    1.143	    0.088	    0.120	    4.745

qsub: job 30772.sith-mgmt2.ccs.ornl.gov completed

qsub: waiting for job 30773.sith-mgmt2.ccs.ornl.gov to start
qsub: job 30773.sith-mgmt2.ccs.ornl.gov ready

    0.000	    2.846	    1.218	    0.038	    0.266	    4.550

qsub: job 30773.sith-mgmt2.ccs.ornl.gov completed

2 var
qsub: waiting for job 30774.sith-mgmt2.ccs.ornl.gov to start
qsub: job 30774.sith-mgmt2.ccs.ornl.gov ready

    0.000	    0.035	    0.602	    0.025	    0.040	    0.819

qsub: job 30774.sith-mgmt2.ccs.ornl.gov completed

qsub: waiting for job 30775.sith-mgmt2.ccs.ornl.gov to start
qsub: job 30775.sith-mgmt2.ccs.ornl.gov ready

    0.000	    0.358	    0.540	    0.025	    0.043	    1.099

qsub: job 30775.sith-mgmt2.ccs.ornl.gov completed

qsub: waiting for job 30776.sith-mgmt2.ccs.ornl.gov to start
qsub: job 30776.sith-mgmt2.ccs.ornl.gov ready

    0.000	    0.588	    0.559	    0.025	    0.052	    1.353

qsub: job 30776.sith-mgmt2.ccs.ornl.gov completed

qsub: waiting for job 30777.sith-mgmt2.ccs.ornl.gov to start
qsub: job 30777.sith-mgmt2.ccs.ornl.gov ready

    0.000	    0.966	    0.639	    0.025	    0.074	    1.839

qsub: job 30777.sith-mgmt2.ccs.ornl.gov completed

qsub: waiting for job 30778.sith-mgmt2.ccs.ornl.gov to start
qsub: job 30778.sith-mgmt2.ccs.ornl.gov ready

    0.000	    2.580	    0.920	    0.049	    0.211	    3.902

qsub: job 30778.sith-mgmt2.ccs.ornl.gov completed

4 var
qsub: waiting for job 30779.sith-mgmt2.ccs.ornl.gov to start
qsub: job 30779.sith-mgmt2.ccs.ornl.gov ready

    0.000	    1.975	    1.313	    0.050	    0.040	    3.584

qsub: job 30779.sith-mgmt2.ccs.ornl.gov completed

qsub: waiting for job 30780.sith-mgmt2.ccs.ornl.gov to start
qsub: job 30780.sith-mgmt2.ccs.ornl.gov ready

    0.000	    1.891	    1.358	    0.054	    0.043	    3.536

qsub: job 30780.sith-mgmt2.ccs.ornl.gov completed

qsub: waiting for job 30781.sith-mgmt2.ccs.ornl.gov to start
qsub: job 30781.sith-mgmt2.ccs.ornl.gov ready

    0.000	    2.910	    1.645	    0.080	    0.046	    4.897

qsub: job 30781.sith-mgmt2.ccs.ornl.gov completed

qsub: waiting for job 30782.sith-mgmt2.ccs.ornl.gov to start
qsub: job 30782.sith-mgmt2.ccs.ornl.gov ready

    0.000	    3.558	    2.014	    0.056	    0.068	    5.907

qsub: job 30782.sith-mgmt2.ccs.ornl.gov completed

qsub: waiting for job 30783.sith-mgmt2.ccs.ornl.gov to start
qsub: job 30783.sith-mgmt2.ccs.ornl.gov ready

    0.000	    5.124	    1.854	    0.101	    0.161	    7.470

qsub: job 30783.sith-mgmt2.ccs.ornl.gov completed

3 var
qsub: waiting for job 30784.sith-mgmt2.ccs.ornl.gov to start
qsub: job 30784.sith-mgmt2.ccs.ornl.gov ready

    0.000	    1.283	    0.745	    0.037	    0.050	    2.283

qsub: job 30784.sith-mgmt2.ccs.ornl.gov completed

qsub: waiting for job 30785.sith-mgmt2.ccs.ornl.gov to start
qsub: job 30785.sith-mgmt2.ccs.ornl.gov ready

    0.000	    1.922	    1.059	    0.041	    0.104	    3.283

qsub: job 30785.sith-mgmt2.ccs.ornl.gov completed

qsub: waiting for job 30786.sith-mgmt2.ccs.ornl.gov to start
qsub: job 30786.sith-mgmt2.ccs.ornl.gov ready

    0.000	    3.071	    1.241	    0.042	    0.319	    4.835

qsub: job 30786.sith-mgmt2.ccs.ornl.gov completed

qsub: waiting for job 30787.sith-mgmt2.ccs.ornl.gov to start
qsub: job 30787.sith-mgmt2.ccs.ornl.gov ready

    0.000	    2.143	    1.074	    0.055	    0.119	    3.552

qsub: job 30787.sith-mgmt2.ccs.ornl.gov completed

qsub: waiting for job 30788.sith-mgmt2.ccs.ornl.gov to start
qsub: job 30788.sith-mgmt2.ccs.ornl.gov ready

    0.000	    2.920	    1.154	    0.057	    0.272	    4.522

qsub: job 30788.sith-mgmt2.ccs.ornl.gov completed

2 var
qsub: waiting for job 30789.sith-mgmt2.ccs.ornl.gov to start
qsub: job 30789.sith-mgmt2.ccs.ornl.gov ready

    0.000	    0.036	    0.507	    0.029	    0.040	    0.750

qsub: job 30789.sith-mgmt2.ccs.ornl.gov completed

qsub: waiting for job 30790.sith-mgmt2.ccs.ornl.gov to start
qsub: job 30790.sith-mgmt2.ccs.ornl.gov ready

    0.000	    0.360	    0.534	    0.029	    0.043	    1.102

qsub: job 30790.sith-mgmt2.ccs.ornl.gov completed

qsub: waiting for job 30791.sith-mgmt2.ccs.ornl.gov to start
qsub: job 30791.sith-mgmt2.ccs.ornl.gov ready

    0.000	    0.591	    0.581	    0.029	    0.052	    1.391

qsub: job 30791.sith-mgmt2.ccs.ornl.gov completed

qsub: waiting for job 30792.sith-mgmt2.ccs.ornl.gov to start
qsub: job 30792.sith-mgmt2.ccs.ornl.gov ready

    0.000	    0.980	    0.782	    0.028	    0.075	    2.006

qsub: job 30792.sith-mgmt2.ccs.ornl.gov completed

qsub: waiting for job 30793.sith-mgmt2.ccs.ornl.gov to start
qsub: job 30793.sith-mgmt2.ccs.ornl.gov ready

    0.000	    1.670	    1.056	    0.026	    0.225	    3.123

qsub: job 30793.sith-mgmt2.ccs.ornl.gov completed

4 var
qsub: waiting for job 30794.sith-mgmt2.ccs.ornl.gov to start
qsub: job 30794.sith-mgmt2.ccs.ornl.gov ready

    0.000	    1.979	    1.213	    0.050	    0.040	    3.454

qsub: job 30794.sith-mgmt2.ccs.ornl.gov completed

qsub: waiting for job 30795.sith-mgmt2.ccs.ornl.gov to start
qsub: job 30795.sith-mgmt2.ccs.ornl.gov ready

    0.000	    1.876	    1.364	    0.050	    0.043	    3.533

qsub: job 30795.sith-mgmt2.ccs.ornl.gov completed

qsub: waiting for job 30796.sith-mgmt2.ccs.ornl.gov to start
qsub: job 30796.sith-mgmt2.ccs.ornl.gov ready

    0.000	    2.823	    1.723	    0.053	    0.044	    4.842

qsub: job 30796.sith-mgmt2.ccs.ornl.gov completed

qsub: waiting for job 30797.sith-mgmt2.ccs.ornl.gov to start
qsub: job 30797.sith-mgmt2.ccs.ornl.gov ready

    0.000	    3.550	    2.223	    0.056	    0.069	    6.105

qsub: job 30797.sith-mgmt2.ccs.ornl.gov completed

qsub: waiting for job 30798.sith-mgmt2.ccs.ornl.gov to start
qsub: job 30798.sith-mgmt2.ccs.ornl.gov ready

    0.000	    4.122	    2.597	    0.054	    0.195	    7.179

qsub: job 30798.sith-mgmt2.ccs.ornl.gov completed

3 var
qsub: waiting for job 30799.sith-mgmt2.ccs.ornl.gov to start
qsub: job 30799.sith-mgmt2.ccs.ornl.gov ready

    0.000	    1.284	    0.914	    0.039	    0.050	    2.465

qsub: job 30799.sith-mgmt2.ccs.ornl.gov completed

qsub: waiting for job 30800.sith-mgmt2.ccs.ornl.gov to start
qsub: job 30800.sith-mgmt2.ccs.ornl.gov ready

    0.000	    1.942	    1.113	    0.041	    0.102	    3.354

qsub: job 30800.sith-mgmt2.ccs.ornl.gov completed

qsub: waiting for job 30801.sith-mgmt2.ccs.ornl.gov to start
qsub: job 30801.sith-mgmt2.ccs.ornl.gov ready

    0.000	    3.101	    1.357	    0.043	    0.358	    5.030

qsub: job 30801.sith-mgmt2.ccs.ornl.gov completed

qsub: waiting for job 30802.sith-mgmt2.ccs.ornl.gov to start
qsub: job 30802.sith-mgmt2.ccs.ornl.gov ready

    0.000	    2.163	    1.393	    0.043	    0.134	    3.908

qsub: job 30802.sith-mgmt2.ccs.ornl.gov completed

qsub: waiting for job 30803.sith-mgmt2.ccs.ornl.gov to start
qsub: job 30803.sith-mgmt2.ccs.ornl.gov ready

    0.000	    2.923	    1.467	    0.042	    0.316	    4.923

qsub: job 30803.sith-mgmt2.ccs.ornl.gov completed

2 var
qsub: waiting for job 30804.sith-mgmt2.ccs.ornl.gov to start
qsub: job 30804.sith-mgmt2.ccs.ornl.gov ready

    0.000	    0.036	    0.495	    0.028	    0.040	    0.741

qsub: job 30804.sith-mgmt2.ccs.ornl.gov completed

qsub: waiting for job 30805.sith-mgmt2.ccs.ornl.gov to start
qsub: job 30805.sith-mgmt2.ccs.ornl.gov ready

    0.000	    0.359	    0.572	    0.028	    0.043	    1.140

qsub: job 30805.sith-mgmt2.ccs.ornl.gov completed

qsub: waiting for job 30806.sith-mgmt2.ccs.ornl.gov to start
qsub: job 30806.sith-mgmt2.ccs.ornl.gov ready

    0.000	    0.589	    0.582	    0.027	    0.051	    1.390

qsub: job 30806.sith-mgmt2.ccs.ornl.gov completed

qsub: waiting for job 30807.sith-mgmt2.ccs.ornl.gov to start
qsub: job 30807.sith-mgmt2.ccs.ornl.gov ready

    0.000	    0.969	    0.700	    0.027	    0.075	    1.911

qsub: job 30807.sith-mgmt2.ccs.ornl.gov completed

qsub: waiting for job 30808.sith-mgmt2.ccs.ornl.gov to start
qsub: job 30808.sith-mgmt2.ccs.ornl.gov ready

    0.000	    1.680	    1.085	    0.027	    0.225	    3.156

qsub: job 30808.sith-mgmt2.ccs.ornl.gov completed

4 var
qsub: waiting for job 30809.sith-mgmt2.ccs.ornl.gov to start
qsub: job 30809.sith-mgmt2.ccs.ornl.gov ready

    0.000	    1.994	    1.318	    0.057	    0.040	    3.648

qsub: job 30809.sith-mgmt2.ccs.ornl.gov completed

qsub: waiting for job 30810.sith-mgmt2.ccs.ornl.gov to start
qsub: job 30810.sith-mgmt2.ccs.ornl.gov ready

    0.000	    1.895	    2.725	    0.056	    0.051	    4.931

qsub: job 30810.sith-mgmt2.ccs.ornl.gov completed

qsub: waiting for job 30811.sith-mgmt2.ccs.ornl.gov to start
qsub: job 30811.sith-mgmt2.ccs.ornl.gov ready

    0.000	    2.837	    1.708	    0.056	    0.044	    4.840

qsub: job 30811.sith-mgmt2.ccs.ornl.gov completed

qsub: waiting for job 30812.sith-mgmt2.ccs.ornl.gov to start
qsub: job 30812.sith-mgmt2.ccs.ornl.gov ready

    0.000	    3.552	    2.152	    0.056	    0.067	    6.036

qsub: job 30812.sith-mgmt2.ccs.ornl.gov completed

qsub: waiting for job 30813.sith-mgmt2.ccs.ornl.gov to start
qsub: job 30813.sith-mgmt2.ccs.ornl.gov ready

    0.000	    4.138	    2.868	    0.056	    0.193	    7.475

qsub: job 30813.sith-mgmt2.ccs.ornl.gov completed

3 var
qsub: waiting for job 30814.sith-mgmt2.ccs.ornl.gov to start
qsub: job 30814.sith-mgmt2.ccs.ornl.gov ready

    0.000	    1.286	    0.781	    0.042	    0.051	    2.340

qsub: job 30814.sith-mgmt2.ccs.ornl.gov completed

qsub: waiting for job 30815.sith-mgmt2.ccs.ornl.gov to start
qsub: job 30815.sith-mgmt2.ccs.ornl.gov ready

    0.000	    1.946	    1.271	    0.042	    0.098	    3.534

qsub: job 30815.sith-mgmt2.ccs.ornl.gov completed

qsub: waiting for job 30816.sith-mgmt2.ccs.ornl.gov to start
qsub: job 30816.sith-mgmt2.ccs.ornl.gov ready

    0.000	    3.084	    1.482	    0.042	    0.348	    5.136

qsub: job 30816.sith-mgmt2.ccs.ornl.gov completed

qsub: waiting for job 30817.sith-mgmt2.ccs.ornl.gov to start
qsub: job 30817.sith-mgmt2.ccs.ornl.gov ready

    0.000	    2.166	    1.189	    0.042	    0.132	    3.700

qsub: job 30817.sith-mgmt2.ccs.ornl.gov completed

qsub: waiting for job 30818.sith-mgmt2.ccs.ornl.gov to start
qsub: job 30818.sith-mgmt2.ccs.ornl.gov ready

    0.000	    2.910	    1.560	    0.041	    0.313	    4.982

qsub: job 30818.sith-mgmt2.ccs.ornl.gov completed

2 var
qsub: waiting for job 30819.sith-mgmt2.ccs.ornl.gov to start
qsub: job 30819.sith-mgmt2.ccs.ornl.gov ready

    0.000	    0.037	    0.494	    0.029	    0.040	    0.731

qsub: job 30819.sith-mgmt2.ccs.ornl.gov completed

qsub: waiting for job 30820.sith-mgmt2.ccs.ornl.gov to start
qsub: job 30820.sith-mgmt2.ccs.ornl.gov ready

    0.000	    0.361	    0.548	    0.028	    0.043	    1.115

qsub: job 30820.sith-mgmt2.ccs.ornl.gov completed

qsub: waiting for job 30821.sith-mgmt2.ccs.ornl.gov to start
qsub: job 30821.sith-mgmt2.ccs.ornl.gov ready

    0.000	    0.593	    0.586	    0.028	    0.052	    1.411

qsub: job 30821.sith-mgmt2.ccs.ornl.gov completed

qsub: waiting for job 30822.sith-mgmt2.ccs.ornl.gov to start
qsub: job 30822.sith-mgmt2.ccs.ornl.gov ready

    0.000	    0.976	    0.722	    0.028	    0.072	    1.935

qsub: job 30822.sith-mgmt2.ccs.ornl.gov completed

qsub: waiting for job 30823.sith-mgmt2.ccs.ornl.gov to start
qsub: job 30823.sith-mgmt2.ccs.ornl.gov ready

    0.000	    2.161	    1.042	    0.045	    0.209	    3.597

qsub: job 30823.sith-mgmt2.ccs.ornl.gov completed

4 var
qsub: waiting for job 30824.sith-mgmt2.ccs.ornl.gov to start
qsub: job 30824.sith-mgmt2.ccs.ornl.gov ready

    0.000	    1.994	    0.867	    0.056	    0.040	    3.133

qsub: job 30824.sith-mgmt2.ccs.ornl.gov completed

qsub: waiting for job 30825.sith-mgmt2.ccs.ornl.gov to start
qsub: job 30825.sith-mgmt2.ccs.ornl.gov ready

    0.000	    1.894	    1.521	    0.057	    0.043	    3.716

qsub: job 30825.sith-mgmt2.ccs.ornl.gov completed

qsub: waiting for job 30826.sith-mgmt2.ccs.ornl.gov to start
qsub: job 30826.sith-mgmt2.ccs.ornl.gov ready

    0.000	    2.839	    1.574	    0.056	    0.044	    4.720

qsub: job 30826.sith-mgmt2.ccs.ornl.gov completed

qsub: waiting for job 30827.sith-mgmt2.ccs.ornl.gov to start
qsub: job 30827.sith-mgmt2.ccs.ornl.gov ready

    0.000	    3.552	    2.219	    0.056	    0.069	    6.100

qsub: job 30827.sith-mgmt2.ccs.ornl.gov completed

qsub: waiting for job 30828.sith-mgmt2.ccs.ornl.gov to start
qsub: job 30828.sith-mgmt2.ccs.ornl.gov ready

    0.000	    4.372	    2.331	    0.068	    0.163	    7.145

qsub: job 30828.sith-mgmt2.ccs.ornl.gov completed

3 var
qsub: waiting for job 30829.sith-mgmt2.ccs.ornl.gov to start
qsub: job 30829.sith-mgmt2.ccs.ornl.gov ready

    0.000	    1.282	    0.807	    0.041	    0.051	    2.352

qsub: job 30829.sith-mgmt2.ccs.ornl.gov completed

qsub: waiting for job 30830.sith-mgmt2.ccs.ornl.gov to start
qsub: job 30830.sith-mgmt2.ccs.ornl.gov ready

    0.000	    1.948	    1.186	    0.042	    0.099	    3.445

qsub: job 30830.sith-mgmt2.ccs.ornl.gov completed

qsub: waiting for job 30831.sith-mgmt2.ccs.ornl.gov to start
qsub: job 30831.sith-mgmt2.ccs.ornl.gov ready

    0.000	    3.085	    1.382	    0.043	    0.352	    5.037

qsub: job 30831.sith-mgmt2.ccs.ornl.gov completed

qsub: waiting for job 30832.sith-mgmt2.ccs.ornl.gov to start
qsub: job 30832.sith-mgmt2.ccs.ornl.gov ready

    0.000	    2.162	    1.147	    0.042	    0.133	    3.655

qsub: job 30832.sith-mgmt2.ccs.ornl.gov completed

qsub: waiting for job 30833.sith-mgmt2.ccs.ornl.gov to start
qsub: job 30833.sith-mgmt2.ccs.ornl.gov ready

    0.000	    2.886	    1.562	    0.042	    0.307	    4.962

qsub: job 30833.sith-mgmt2.ccs.ornl.gov completed

2 var
qsub: waiting for job 30834.sith-mgmt2.ccs.ornl.gov to start
qsub: job 30834.sith-mgmt2.ccs.ornl.gov ready

    0.000	    0.037	    0.536	    0.029	    0.040	    0.783

qsub: job 30834.sith-mgmt2.ccs.ornl.gov completed

qsub: waiting for job 30835.sith-mgmt2.ccs.ornl.gov to start
qsub: job 30835.sith-mgmt2.ccs.ornl.gov ready

    0.000	    0.361	    0.568	    0.029	    0.043	    1.133

qsub: job 30835.sith-mgmt2.ccs.ornl.gov completed

qsub: waiting for job 30836.sith-mgmt2.ccs.ornl.gov to start
qsub: job 30836.sith-mgmt2.ccs.ornl.gov ready

    0.000	    0.591	    0.576	    0.028	    0.051	    1.392

qsub: job 30836.sith-mgmt2.ccs.ornl.gov completed

qsub: waiting for job 30837.sith-mgmt2.ccs.ornl.gov to start
qsub: job 30837.sith-mgmt2.ccs.ornl.gov ready

    0.000	    0.977	    0.659	    0.028	    0.073	    1.874

qsub: job 30837.sith-mgmt2.ccs.ornl.gov completed

qsub: waiting for job 30838.sith-mgmt2.ccs.ornl.gov to start
qsub: job 30838.sith-mgmt2.ccs.ornl.gov ready

    0.000	    1.685	    0.834	    0.028	    0.222	    2.928

qsub: job 30838.sith-mgmt2.ccs.ornl.gov completed

4 var
qsub: waiting for job 30839.sith-mgmt2.ccs.ornl.gov to start
qsub: job 30839.sith-mgmt2.ccs.ornl.gov ready

    0.000	    1.990	    1.170	    0.057	    0.040	    3.452

qsub: job 30839.sith-mgmt2.ccs.ornl.gov completed

qsub: waiting for job 30840.sith-mgmt2.ccs.ornl.gov to start
qsub: job 30840.sith-mgmt2.ccs.ornl.gov ready

    0.000	    1.900	    1.375	    0.081	    0.044	    3.617

qsub: job 30840.sith-mgmt2.ccs.ornl.gov completed

qsub: waiting for job 30841.sith-mgmt2.ccs.ornl.gov to start
qsub: job 30841.sith-mgmt2.ccs.ornl.gov ready

    0.000	    3.018	    1.409	    0.116	    0.045	    4.818

qsub: job 30841.sith-mgmt2.ccs.ornl.gov completed

qsub: waiting for job 30842.sith-mgmt2.ccs.ornl.gov to start
qsub: job 30842.sith-mgmt2.ccs.ornl.gov ready

    0.000	    3.809	    1.721	    0.099	    0.067	    5.913

qsub: job 30842.sith-mgmt2.ccs.ornl.gov completed

qsub: waiting for job 30843.sith-mgmt2.ccs.ornl.gov to start
qsub: job 30843.sith-mgmt2.ccs.ornl.gov ready

    0.000	    4.692	    2.206	    0.074	    0.163	    7.343

qsub: job 30843.sith-mgmt2.ccs.ornl.gov completed

3 var
qsub: waiting for job 30844.sith-mgmt2.ccs.ornl.gov to start
qsub: job 30844.sith-mgmt2.ccs.ornl.gov ready

    0.000	    1.282	    0.786	    0.042	    0.050	    2.328

qsub: job 30844.sith-mgmt2.ccs.ornl.gov completed

qsub: waiting for job 30845.sith-mgmt2.ccs.ornl.gov to start
qsub: job 30845.sith-mgmt2.ccs.ornl.gov ready

    0.000	    1.895	    1.105	    0.039	    0.088	    3.289

qsub: job 30845.sith-mgmt2.ccs.ornl.gov completed

qsub: waiting for job 30846.sith-mgmt2.ccs.ornl.gov to start
qsub: job 30846.sith-mgmt2.ccs.ornl.gov ready

    0.000	    3.054	    1.601	    0.042	    0.354	    5.211

qsub: job 30846.sith-mgmt2.ccs.ornl.gov completed

qsub: waiting for job 30847.sith-mgmt2.ccs.ornl.gov to start
qsub: job 30847.sith-mgmt2.ccs.ornl.gov ready

    0.000	    2.149	    1.213	    0.039	    0.117	    3.692

qsub: job 30847.sith-mgmt2.ccs.ornl.gov completed

qsub: waiting for job 30848.sith-mgmt2.ccs.ornl.gov to start
qsub: job 30848.sith-mgmt2.ccs.ornl.gov ready

    0.000	    2.929	    1.606	    0.042	    0.317	    5.066

qsub: job 30848.sith-mgmt2.ccs.ornl.gov completed

2 var
qsub: waiting for job 30849.sith-mgmt2.ccs.ornl.gov to start
qsub: job 30849.sith-mgmt2.ccs.ornl.gov ready

    0.000	    0.036	    1.177	    0.029	    0.040	    2.268

qsub: job 30849.sith-mgmt2.ccs.ornl.gov completed

qsub: waiting for job 30850.sith-mgmt2.ccs.ornl.gov to start
qsub: job 30850.sith-mgmt2.ccs.ornl.gov ready

    0.000	    0.360	    0.558	    0.028	    0.044	    1.127

qsub: job 30850.sith-mgmt2.ccs.ornl.gov completed

qsub: waiting for job 30851.sith-mgmt2.ccs.ornl.gov to start
qsub: job 30851.sith-mgmt2.ccs.ornl.gov ready

    0.000	    0.591	    0.600	    0.028	    0.052	    1.409

qsub: job 30851.sith-mgmt2.ccs.ornl.gov completed

qsub: waiting for job 30852.sith-mgmt2.ccs.ornl.gov to start
qsub: job 30852.sith-mgmt2.ccs.ornl.gov ready

    0.000	    0.974	    0.706	    0.029	    0.074	    1.910

qsub: job 30852.sith-mgmt2.ccs.ornl.gov completed

qsub: waiting for job 30853.sith-mgmt2.ccs.ornl.gov to start
qsub: job 30853.sith-mgmt2.ccs.ornl.gov ready

    0.000	    1.677	    0.959	    0.028	    0.203	    2.999

qsub: job 30853.sith-mgmt2.ccs.ornl.gov completed

4 var
qsub: waiting for job 30854.sith-mgmt2.ccs.ornl.gov to start
qsub: job 30854.sith-mgmt2.ccs.ornl.gov ready

    0.000	    1.993	    1.242	    0.070	    0.041	    3.556

qsub: job 30854.sith-mgmt2.ccs.ornl.gov completed

qsub: waiting for job 30855.sith-mgmt2.ccs.ornl.gov to start
qsub: job 30855.sith-mgmt2.ccs.ornl.gov ready

    0.000	    1.911	    1.407	    0.087	    0.045	    3.667

qsub: job 30855.sith-mgmt2.ccs.ornl.gov completed

qsub: waiting for job 30856.sith-mgmt2.ccs.ornl.gov to start
qsub: job 30856.sith-mgmt2.ccs.ornl.gov ready

    0.000	    2.821	    1.520	    0.055	    0.044	    4.635

qsub: job 30856.sith-mgmt2.ccs.ornl.gov completed

qsub: waiting for job 30857.sith-mgmt2.ccs.ornl.gov to start
qsub: job 30857.sith-mgmt2.ccs.ornl.gov ready

    0.000	    3.510	    2.217	    0.051	    0.069	    6.062

qsub: job 30857.sith-mgmt2.ccs.ornl.gov completed

qsub: waiting for job 30858.sith-mgmt2.ccs.ornl.gov to start
qsub: job 30858.sith-mgmt2.ccs.ornl.gov ready

    0.000	    4.109	    2.689	    0.054	    0.160	    7.229

qsub: job 30858.sith-mgmt2.ccs.ornl.gov completed

3 var
qsub: waiting for job 30859.sith-mgmt2.ccs.ornl.gov to start
qsub: job 30859.sith-mgmt2.ccs.ornl.gov ready

    0.000	    1.278	    0.740	    0.039	    0.049	    2.261

qsub: job 30859.sith-mgmt2.ccs.ornl.gov completed

qsub: waiting for job 30860.sith-mgmt2.ccs.ornl.gov to start
qsub: job 30860.sith-mgmt2.ccs.ornl.gov ready

    0.000	    1.905	    1.066	    0.064	    0.090	    3.273

qsub: job 30860.sith-mgmt2.ccs.ornl.gov completed

qsub: waiting for job 30861.sith-mgmt2.ccs.ornl.gov to start
qsub: job 30861.sith-mgmt2.ccs.ornl.gov ready

    0.000	    3.067	    1.415	    0.041	    0.359	    5.054

qsub: job 30861.sith-mgmt2.ccs.ornl.gov completed

qsub: waiting for job 30862.sith-mgmt2.ccs.ornl.gov to start
qsub: job 30862.sith-mgmt2.ccs.ornl.gov ready

    0.000	    2.167	    1.215	    0.042	    0.136	    3.734

qsub: job 30862.sith-mgmt2.ccs.ornl.gov completed

qsub: waiting for job 30863.sith-mgmt2.ccs.ornl.gov to start
qsub: job 30863.sith-mgmt2.ccs.ornl.gov ready

    0.000	    2.919	    1.772	    0.042	    0.319	    5.262

qsub: job 30863.sith-mgmt2.ccs.ornl.gov completed

2 var
qsub: waiting for job 30864.sith-mgmt2.ccs.ornl.gov to start
qsub: job 30864.sith-mgmt2.ccs.ornl.gov ready

    0.000	    0.037	    0.485	    0.028	    0.040	    0.720

qsub: job 30864.sith-mgmt2.ccs.ornl.gov completed

qsub: waiting for job 30865.sith-mgmt2.ccs.ornl.gov to start
qsub: job 30865.sith-mgmt2.ccs.ornl.gov ready

    0.000	    0.360	    0.538	    0.027	    0.044	    1.103

qsub: job 30865.sith-mgmt2.ccs.ornl.gov completed

qsub: waiting for job 30866.sith-mgmt2.ccs.ornl.gov to start
qsub: job 30866.sith-mgmt2.ccs.ornl.gov ready

    0.000	    0.593	    0.563	    0.029	    0.052	    1.374

qsub: job 30866.sith-mgmt2.ccs.ornl.gov completed

qsub: waiting for job 30867.sith-mgmt2.ccs.ornl.gov to start
qsub: job 30867.sith-mgmt2.ccs.ornl.gov ready

    0.000	    0.974	    0.685	    0.029	    0.067	    1.908

qsub: job 30867.sith-mgmt2.ccs.ornl.gov completed

qsub: waiting for job 30868.sith-mgmt2.ccs.ornl.gov to start
qsub: job 30868.sith-mgmt2.ccs.ornl.gov ready

    0.000	    1.671	    0.897	    0.027	    0.203	    2.934

qsub: job 30868.sith-mgmt2.ccs.ornl.gov completed

4 var
qsub: waiting for job 30869.sith-mgmt2.ccs.ornl.gov to start
qsub: job 30869.sith-mgmt2.ccs.ornl.gov ready

    0.000	    1.993	    0.993	    0.057	    0.040	    3.239

qsub: job 30869.sith-mgmt2.ccs.ornl.gov completed

qsub: waiting for job 30870.sith-mgmt2.ccs.ornl.gov to start
qsub: job 30870.sith-mgmt2.ccs.ornl.gov ready

    0.000	    1.887	    1.289	    0.056	    0.043	    3.470

qsub: job 30870.sith-mgmt2.ccs.ornl.gov completed

qsub: waiting for job 30871.sith-mgmt2.ccs.ornl.gov to start
qsub: job 30871.sith-mgmt2.ccs.ornl.gov ready

    0.000	    2.846	    1.597	    0.056	    0.044	    4.764

qsub: job 30871.sith-mgmt2.ccs.ornl.gov completed

qsub: waiting for job 30872.sith-mgmt2.ccs.ornl.gov to start
qsub: job 30872.sith-mgmt2.ccs.ornl.gov ready

    0.000	    5.236	    1.688	    0.150	    0.066	    7.393

qsub: job 30872.sith-mgmt2.ccs.ornl.gov completed

qsub: waiting for job 30873.sith-mgmt2.ccs.ornl.gov to start
qsub: job 30873.sith-mgmt2.ccs.ornl.gov ready

    0.000	    4.325	    1.941	    0.070	    0.162	    6.697

qsub: job 30873.sith-mgmt2.ccs.ornl.gov completed

3 var
qsub: waiting for job 30874.sith-mgmt2.ccs.ornl.gov to start
qsub: job 30874.sith-mgmt2.ccs.ornl.gov ready

    0.000	    1.286	    0.813	    0.041	    0.050	    2.359

qsub: job 30874.sith-mgmt2.ccs.ornl.gov completed

qsub: waiting for job 30875.sith-mgmt2.ccs.ornl.gov to start
qsub: job 30875.sith-mgmt2.ccs.ornl.gov ready

    0.000	    1.955	    1.121	    0.040	    0.101	    3.388

qsub: job 30875.sith-mgmt2.ccs.ornl.gov completed

qsub: waiting for job 30876.sith-mgmt2.ccs.ornl.gov to start
qsub: job 30876.sith-mgmt2.ccs.ornl.gov ready

    0.000	    3.051	    1.153	    0.039	    0.319	    4.738

qsub: job 30876.sith-mgmt2.ccs.ornl.gov completed

qsub: waiting for job 30877.sith-mgmt2.ccs.ornl.gov to start
qsub: job 30877.sith-mgmt2.ccs.ornl.gov ready

    0.000	    2.153	    1.358	    0.040	    0.138	    3.869

qsub: job 30877.sith-mgmt2.ccs.ornl.gov completed

qsub: waiting for job 30878.sith-mgmt2.ccs.ornl.gov to start
qsub: job 30878.sith-mgmt2.ccs.ornl.gov ready

    0.000	    3.285	    1.238	    0.062	    0.274	    5.032

qsub: job 30878.sith-mgmt2.ccs.ornl.gov completed

2 var
qsub: waiting for job 30879.sith-mgmt2.ccs.ornl.gov to start
qsub: job 30879.sith-mgmt2.ccs.ornl.gov ready

    0.000	    0.036	    0.486	    0.028	    0.040	    0.721

qsub: job 30879.sith-mgmt2.ccs.ornl.gov completed

qsub: waiting for job 30880.sith-mgmt2.ccs.ornl.gov to start
qsub: job 30880.sith-mgmt2.ccs.ornl.gov ready

    0.000	    0.360	    0.582	    0.027	    0.044	    1.153

qsub: job 30880.sith-mgmt2.ccs.ornl.gov completed

qsub: waiting for job 30881.sith-mgmt2.ccs.ornl.gov to start
qsub: job 30881.sith-mgmt2.ccs.ornl.gov ready

    0.000	    0.592	    0.703	    0.027	    0.052	    1.580

qsub: job 30881.sith-mgmt2.ccs.ornl.gov completed

qsub: waiting for job 30882.sith-mgmt2.ccs.ornl.gov to start
qsub: job 30882.sith-mgmt2.ccs.ornl.gov ready

    0.000	    0.976	    0.703	    0.027	    0.074	    1.909

qsub: job 30882.sith-mgmt2.ccs.ornl.gov completed

qsub: waiting for job 30883.sith-mgmt2.ccs.ornl.gov to start
qsub: job 30883.sith-mgmt2.ccs.ornl.gov ready

    0.000	    1.672	    1.032	    0.028	    0.206	    3.073

qsub: job 30883.sith-mgmt2.ccs.ornl.gov completed

4 var
qsub: waiting for job 30884.sith-mgmt2.ccs.ornl.gov to start
qsub: job 30884.sith-mgmt2.ccs.ornl.gov ready

    0.000	    1.999	    1.250	    0.054	    0.040	    3.548

qsub: job 30884.sith-mgmt2.ccs.ornl.gov completed

qsub: waiting for job 30885.sith-mgmt2.ccs.ornl.gov to start
qsub: job 30885.sith-mgmt2.ccs.ornl.gov ready

    0.000	    1.888	    1.363	    0.054	    0.043	    3.551

qsub: job 30885.sith-mgmt2.ccs.ornl.gov completed

qsub: waiting for job 30886.sith-mgmt2.ccs.ornl.gov to start
qsub: job 30886.sith-mgmt2.ccs.ornl.gov ready

    0.000	    2.900	    1.580	    0.070	    0.045	    4.784

qsub: job 30886.sith-mgmt2.ccs.ornl.gov completed

qsub: waiting for job 30887.sith-mgmt2.ccs.ornl.gov to start
qsub: job 30887.sith-mgmt2.ccs.ornl.gov ready

    0.000	    3.446	    1.585	    0.054	    0.064	    5.354

qsub: job 30887.sith-mgmt2.ccs.ornl.gov completed

qsub: waiting for job 30888.sith-mgmt2.ccs.ornl.gov to start
qsub: job 30888.sith-mgmt2.ccs.ornl.gov ready

    0.000	    4.173	    2.590	    0.056	    0.191	    7.225

qsub: job 30888.sith-mgmt2.ccs.ornl.gov completed

3 var
qsub: waiting for job 30889.sith-mgmt2.ccs.ornl.gov to start
qsub: job 30889.sith-mgmt2.ccs.ornl.gov ready

    0.000	    1.284	    0.801	    0.043	    0.050	    2.345

qsub: job 30889.sith-mgmt2.ccs.ornl.gov completed

qsub: waiting for job 30890.sith-mgmt2.ccs.ornl.gov to start
qsub: job 30890.sith-mgmt2.ccs.ornl.gov ready

    0.000	    1.953	    1.182	    0.043	    0.098	    3.478

qsub: job 30890.sith-mgmt2.ccs.ornl.gov completed

qsub: waiting for job 30891.sith-mgmt2.ccs.ornl.gov to start
qsub: job 30891.sith-mgmt2.ccs.ornl.gov ready

    0.000	    3.103	    1.358	    0.043	    0.355	    5.027

qsub: job 30891.sith-mgmt2.ccs.ornl.gov completed

qsub: waiting for job 30892.sith-mgmt2.ccs.ornl.gov to start
qsub: job 30892.sith-mgmt2.ccs.ornl.gov ready

    0.000	    2.145	    1.003	    0.042	    0.116	    3.507

qsub: job 30892.sith-mgmt2.ccs.ornl.gov completed

qsub: waiting for job 30893.sith-mgmt2.ccs.ornl.gov to start
qsub: job 30893.sith-mgmt2.ccs.ornl.gov ready

    0.000	    3.547	    1.279	    0.073	    0.274	    5.352

qsub: job 30893.sith-mgmt2.ccs.ornl.gov completed

2 var
qsub: waiting for job 30894.sith-mgmt2.ccs.ornl.gov to start
qsub: job 30894.sith-mgmt2.ccs.ornl.gov ready

    0.000	    0.035	    0.509	    0.029	    0.040	    0.746

qsub: job 30894.sith-mgmt2.ccs.ornl.gov completed

qsub: waiting for job 30895.sith-mgmt2.ccs.ornl.gov to start
qsub: job 30895.sith-mgmt2.ccs.ornl.gov ready

    0.000	    0.371	    0.622	    0.060	    0.045	    1.246

qsub: job 30895.sith-mgmt2.ccs.ornl.gov completed

qsub: waiting for job 30896.sith-mgmt2.ccs.ornl.gov to start
qsub: job 30896.sith-mgmt2.ccs.ornl.gov ready

    0.000	    0.589	    0.613	    0.027	    0.051	    1.419

qsub: job 30896.sith-mgmt2.ccs.ornl.gov completed

qsub: waiting for job 30897.sith-mgmt2.ccs.ornl.gov to start
qsub: job 30897.sith-mgmt2.ccs.ornl.gov ready

    0.000	    0.970	    0.687	    0.026	    0.073	    1.892

qsub: job 30897.sith-mgmt2.ccs.ornl.gov completed

qsub: waiting for job 30898.sith-mgmt2.ccs.ornl.gov to start
qsub: job 30898.sith-mgmt2.ccs.ornl.gov ready

    0.000	    1.663	    0.811	    0.026	    0.204	    2.833

qsub: job 30898.sith-mgmt2.ccs.ornl.gov completed

4 var
qsub: waiting for job 30899.sith-mgmt2.ccs.ornl.gov to start
qsub: job 30899.sith-mgmt2.ccs.ornl.gov ready

    0.000	    1.989	    1.027	    0.056	    0.040	    3.325

qsub: job 30899.sith-mgmt2.ccs.ornl.gov completed

qsub: waiting for job 30900.sith-mgmt2.ccs.ornl.gov to start
qsub: job 30900.sith-mgmt2.ccs.ornl.gov ready

    0.000	    1.877	    1.368	    0.049	    0.043	    3.544

qsub: job 30900.sith-mgmt2.ccs.ornl.gov completed

qsub: waiting for job 30901.sith-mgmt2.ccs.ornl.gov to start
qsub: job 30901.sith-mgmt2.ccs.ornl.gov ready

    0.000	    2.818	    1.454	    0.053	    0.044	    4.569

qsub: job 30901.sith-mgmt2.ccs.ornl.gov completed

qsub: waiting for job 30902.sith-mgmt2.ccs.ornl.gov to start
qsub: job 30902.sith-mgmt2.ccs.ornl.gov ready

    0.000	    3.531	    2.031	    0.055	    0.065	    5.874

qsub: job 30902.sith-mgmt2.ccs.ornl.gov completed

qsub: waiting for job 30903.sith-mgmt2.ccs.ornl.gov to start
qsub: job 30903.sith-mgmt2.ccs.ornl.gov ready

    0.000	    6.270	    2.333	    0.125	    0.164	    9.151

qsub: job 30903.sith-mgmt2.ccs.ornl.gov completed

3 var
qsub: waiting for job 30904.sith-mgmt2.ccs.ornl.gov to start
qsub: job 30904.sith-mgmt2.ccs.ornl.gov ready

    0.000	    1.281	    0.823	    0.040	    0.050	    2.347

qsub: job 30904.sith-mgmt2.ccs.ornl.gov completed

qsub: waiting for job 30905.sith-mgmt2.ccs.ornl.gov to start
qsub: job 30905.sith-mgmt2.ccs.ornl.gov ready

    0.000	    2.734	    1.214	    0.089	    0.091	    4.324

qsub: job 30905.sith-mgmt2.ccs.ornl.gov completed

qsub: waiting for job 30906.sith-mgmt2.ccs.ornl.gov to start
qsub: job 30906.sith-mgmt2.ccs.ornl.gov ready

    0.000	    3.069	    1.386	    0.054	    0.316	    5.015

qsub: job 30906.sith-mgmt2.ccs.ornl.gov completed

qsub: waiting for job 30907.sith-mgmt2.ccs.ornl.gov to start
qsub: job 30907.sith-mgmt2.ccs.ornl.gov ready

    0.000	    2.168	    1.318	    0.042	    0.134	    3.829

qsub: job 30907.sith-mgmt2.ccs.ornl.gov completed

qsub: waiting for job 30908.sith-mgmt2.ccs.ornl.gov to start
qsub: job 30908.sith-mgmt2.ccs.ornl.gov ready

    0.000	    2.916	    1.532	    0.039	    0.317	    4.993

qsub: job 30908.sith-mgmt2.ccs.ornl.gov completed

2 var
qsub: waiting for job 30909.sith-mgmt2.ccs.ornl.gov to start
qsub: job 30909.sith-mgmt2.ccs.ornl.gov ready

    0.000	    0.035	    0.540	    0.026	    0.040	    0.783

qsub: job 30909.sith-mgmt2.ccs.ornl.gov completed

qsub: waiting for job 30910.sith-mgmt2.ccs.ornl.gov to start
qsub: job 30910.sith-mgmt2.ccs.ornl.gov ready

    0.000	    0.360	    0.560	    0.026	    0.044	    1.117

qsub: job 30910.sith-mgmt2.ccs.ornl.gov completed

qsub: waiting for job 30911.sith-mgmt2.ccs.ornl.gov to start
qsub: job 30911.sith-mgmt2.ccs.ornl.gov ready

    0.000	    0.588	    0.573	    0.026	    0.051	    1.361

qsub: job 30911.sith-mgmt2.ccs.ornl.gov completed

qsub: waiting for job 30912.sith-mgmt2.ccs.ornl.gov to start
qsub: job 30912.sith-mgmt2.ccs.ornl.gov ready

    0.000	    0.972	    0.864	    0.027	    0.067	    2.072

qsub: job 30912.sith-mgmt2.ccs.ornl.gov completed

qsub: waiting for job 30913.sith-mgmt2.ccs.ornl.gov to start
qsub: job 30913.sith-mgmt2.ccs.ornl.gov ready

    0.000	    1.648	    0.855	    0.026	    0.203	    2.859

qsub: job 30913.sith-mgmt2.ccs.ornl.gov completed

4 var
qsub: waiting for job 30914.sith-mgmt2.ccs.ornl.gov to start
qsub: job 30914.sith-mgmt2.ccs.ornl.gov ready

    0.000	    1.981	    1.374	    0.052	    0.040	    3.658

qsub: job 30914.sith-mgmt2.ccs.ornl.gov completed

qsub: waiting for job 30915.sith-mgmt2.ccs.ornl.gov to start
qsub: job 30915.sith-mgmt2.ccs.ornl.gov ready

    0.000	    1.893	    1.400	    0.056	    0.043	    3.622

qsub: job 30915.sith-mgmt2.ccs.ornl.gov completed

qsub: waiting for job 30916.sith-mgmt2.ccs.ornl.gov to start
qsub: job 30916.sith-mgmt2.ccs.ornl.gov ready

    0.000	    2.840	    1.600	    0.057	    0.044	    4.754

qsub: job 30916.sith-mgmt2.ccs.ornl.gov completed

qsub: waiting for job 30917.sith-mgmt2.ccs.ornl.gov to start
qsub: job 30917.sith-mgmt2.ccs.ornl.gov ready

    0.000	    3.575	    2.116	    0.055	    0.067	    6.022

qsub: job 30917.sith-mgmt2.ccs.ornl.gov completed

qsub: waiting for job 30918.sith-mgmt2.ccs.ornl.gov to start
qsub: job 30918.sith-mgmt2.ccs.ornl.gov ready

    0.000	    4.125	    2.622	    0.056	    0.199	    7.213

qsub: job 30918.sith-mgmt2.ccs.ornl.gov completed

3 var
qsub: waiting for job 30919.sith-mgmt2.ccs.ornl.gov to start
qsub: job 30919.sith-mgmt2.ccs.ornl.gov ready

    0.000	    1.285	    0.860	    0.043	    0.051	    2.467

qsub: job 30919.sith-mgmt2.ccs.ornl.gov completed

qsub: waiting for job 30920.sith-mgmt2.ccs.ornl.gov to start
qsub: job 30920.sith-mgmt2.ccs.ornl.gov ready

    0.000	    2.298	    1.054	    0.072	    0.089	    3.689

qsub: job 30920.sith-mgmt2.ccs.ornl.gov completed

qsub: waiting for job 30921.sith-mgmt2.ccs.ornl.gov to start
qsub: job 30921.sith-mgmt2.ccs.ornl.gov ready

    0.000	    3.618	    1.257	    0.070	    0.318	    5.433

qsub: job 30921.sith-mgmt2.ccs.ornl.gov completed

qsub: waiting for job 30922.sith-mgmt2.ccs.ornl.gov to start
qsub: job 30922.sith-mgmt2.ccs.ornl.gov ready

    0.000	    2.107	    1.101	    0.040	    0.116	    3.529

qsub: job 30922.sith-mgmt2.ccs.ornl.gov completed

qsub: waiting for job 30923.sith-mgmt2.ccs.ornl.gov to start
qsub: job 30923.sith-mgmt2.ccs.ornl.gov ready

    0.000	    2.912	    1.509	    0.040	    0.313	    4.944

qsub: job 30923.sith-mgmt2.ccs.ornl.gov completed

2 var
qsub: waiting for job 30924.sith-mgmt2.ccs.ornl.gov to start
qsub: job 30924.sith-mgmt2.ccs.ornl.gov ready

    0.000	    0.035	    0.546	    0.026	    0.040	    0.781

qsub: job 30924.sith-mgmt2.ccs.ornl.gov completed

qsub: waiting for job 30925.sith-mgmt2.ccs.ornl.gov to start
qsub: job 30925.sith-mgmt2.ccs.ornl.gov ready

    0.000	    0.359	    0.605	    0.026	    0.043	    1.165

qsub: job 30925.sith-mgmt2.ccs.ornl.gov completed

qsub: waiting for job 30926.sith-mgmt2.ccs.ornl.gov to start
qsub: job 30926.sith-mgmt2.ccs.ornl.gov ready

    0.000	    0.589	    0.601	    0.026	    0.051	    1.411

qsub: job 30926.sith-mgmt2.ccs.ornl.gov completed

qsub: waiting for job 30927.sith-mgmt2.ccs.ornl.gov to start
qsub: job 30927.sith-mgmt2.ccs.ornl.gov ready

    0.000	    0.974	    0.699	    0.027	    0.068	    1.906

qsub: job 30927.sith-mgmt2.ccs.ornl.gov completed

qsub: waiting for job 30928.sith-mgmt2.ccs.ornl.gov to start
qsub: job 30928.sith-mgmt2.ccs.ornl.gov ready

    0.000	    1.921	    1.021	    0.035	    0.209	    3.327

qsub: job 30928.sith-mgmt2.ccs.ornl.gov completed

4 var
qsub: waiting for job 30929.sith-mgmt2.ccs.ornl.gov to start
qsub: job 30929.sith-mgmt2.ccs.ornl.gov ready

    0.000	    2.002	    1.296	    0.105	    0.042	    3.683

qsub: job 30929.sith-mgmt2.ccs.ornl.gov completed

qsub: waiting for job 30930.sith-mgmt2.ccs.ornl.gov to start
qsub: job 30930.sith-mgmt2.ccs.ornl.gov ready

    0.000	    1.893	    1.319	    0.057	    0.043	    3.520

qsub: job 30930.sith-mgmt2.ccs.ornl.gov completed

qsub: waiting for job 30931.sith-mgmt2.ccs.ornl.gov to start
qsub: job 30931.sith-mgmt2.ccs.ornl.gov ready

    0.000	    2.838	    1.699	    0.057	    0.044	    4.840

qsub: job 30931.sith-mgmt2.ccs.ornl.gov completed

qsub: waiting for job 30932.sith-mgmt2.ccs.ornl.gov to start
qsub: job 30932.sith-mgmt2.ccs.ornl.gov ready

    0.000	    4.045	    1.717	    0.076	    0.066	    6.132

qsub: job 30932.sith-mgmt2.ccs.ornl.gov completed

qsub: waiting for job 30933.sith-mgmt2.ccs.ornl.gov to start
qsub: job 30933.sith-mgmt2.ccs.ornl.gov ready

    0.000	    5.145	    1.850	    0.102	    0.162	    7.466

qsub: job 30933.sith-mgmt2.ccs.ornl.gov completed

3 var
qsub: waiting for job 30934.sith-mgmt2.ccs.ornl.gov to start
qsub: job 30934.sith-mgmt2.ccs.ornl.gov ready

    0.000	    1.282	    0.768	    0.041	    0.050	    2.307

qsub: job 30934.sith-mgmt2.ccs.ornl.gov completed

qsub: waiting for job 30935.sith-mgmt2.ccs.ornl.gov to start
qsub: job 30935.sith-mgmt2.ccs.ornl.gov ready

    0.000	    2.313	    1.073	    0.072	    0.088	    3.720

qsub: job 30935.sith-mgmt2.ccs.ornl.gov completed

qsub: waiting for job 30936.sith-mgmt2.ccs.ornl.gov to start
qsub: job 30936.sith-mgmt2.ccs.ornl.gov ready

    0.000	    3.695	    1.239	    0.089	    0.318	    5.534

qsub: job 30936.sith-mgmt2.ccs.ornl.gov completed

qsub: waiting for job 30937.sith-mgmt2.ccs.ornl.gov to start
qsub: job 30937.sith-mgmt2.ccs.ornl.gov ready

    0.000	    2.416	    0.889	    0.052	    0.117	    3.600

qsub: job 30937.sith-mgmt2.ccs.ornl.gov completed

qsub: waiting for job 30938.sith-mgmt2.ccs.ornl.gov to start
qsub: job 30938.sith-mgmt2.ccs.ornl.gov ready

    0.000	    2.880	    1.246	    0.042	    0.271	    4.601

qsub: job 30938.sith-mgmt2.ccs.ornl.gov completed

2 var
qsub: waiting for job 30939.sith-mgmt2.ccs.ornl.gov to start
qsub: job 30939.sith-mgmt2.ccs.ornl.gov ready

    0.000	    0.036	    0.501	    0.029	    0.040	    0.738

qsub: job 30939.sith-mgmt2.ccs.ornl.gov completed

qsub: waiting for job 30940.sith-mgmt2.ccs.ornl.gov to start
qsub: job 30940.sith-mgmt2.ccs.ornl.gov ready

    0.000	    0.360	    0.619	    0.029	    0.043	    1.185

qsub: job 30940.sith-mgmt2.ccs.ornl.gov completed

qsub: waiting for job 30941.sith-mgmt2.ccs.ornl.gov to start
qsub: job 30941.sith-mgmt2.ccs.ornl.gov ready

    0.000	    0.591	    0.658	    0.028	    0.052	    1.463

qsub: job 30941.sith-mgmt2.ccs.ornl.gov completed

qsub: waiting for job 30942.sith-mgmt2.ccs.ornl.gov to start
qsub: job 30942.sith-mgmt2.ccs.ornl.gov ready

    0.000	    0.967	    0.689	    0.025	    0.074	    1.877

qsub: job 30942.sith-mgmt2.ccs.ornl.gov completed

qsub: waiting for job 30943.sith-mgmt2.ccs.ornl.gov to start
qsub: job 30943.sith-mgmt2.ccs.ornl.gov ready

    0.000	    2.126	    1.016	    0.042	    0.208	    3.548

qsub: job 30943.sith-mgmt2.ccs.ornl.gov completed

4 var
qsub: waiting for job 30944.sith-mgmt2.ccs.ornl.gov to start
qsub: job 30944.sith-mgmt2.ccs.ornl.gov ready

    0.000	    1.991	    1.167	    0.054	    0.040	    3.445

qsub: job 30944.sith-mgmt2.ccs.ornl.gov completed

qsub: waiting for job 30945.sith-mgmt2.ccs.ornl.gov to start
qsub: job 30945.sith-mgmt2.ccs.ornl.gov ready

    0.000	    1.941	    1.262	    0.101	    0.046	    3.591

qsub: job 30945.sith-mgmt2.ccs.ornl.gov completed

qsub: waiting for job 30946.sith-mgmt2.ccs.ornl.gov to start
qsub: job 30946.sith-mgmt2.ccs.ornl.gov ready

    0.000	    2.834	    1.388	    0.054	    0.044	    4.524

qsub: job 30946.sith-mgmt2.ccs.ornl.gov completed

qsub: waiting for job 30947.sith-mgmt2.ccs.ornl.gov to start
qsub: job 30947.sith-mgmt2.ccs.ornl.gov ready

    0.000	    3.547	    2.019	    0.055	    0.067	    5.905

qsub: job 30947.sith-mgmt2.ccs.ornl.gov completed

qsub: waiting for job 30948.sith-mgmt2.ccs.ornl.gov to start
qsub: job 30948.sith-mgmt2.ccs.ornl.gov ready

    0.000	    4.071	    1.891	    0.053	    0.165	    6.370

qsub: job 30948.sith-mgmt2.ccs.ornl.gov completed

3 var
qsub: waiting for job 30949.sith-mgmt2.ccs.ornl.gov to start
qsub: job 30949.sith-mgmt2.ccs.ornl.gov ready

    0.000	    1.284	    0.827	    0.043	    0.050	    2.377

qsub: job 30949.sith-mgmt2.ccs.ornl.gov completed

qsub: waiting for job 30950.sith-mgmt2.ccs.ornl.gov to start
qsub: job 30950.sith-mgmt2.ccs.ornl.gov ready

    0.000	    1.931	    1.183	    0.043	    0.100	    3.432

qsub: job 30950.sith-mgmt2.ccs.ornl.gov completed

qsub: waiting for job 30951.sith-mgmt2.ccs.ornl.gov to start
qsub: job 30951.sith-mgmt2.ccs.ornl.gov ready

    0.000	    3.085	    1.251	    0.041	    0.319	    4.870

qsub: job 30951.sith-mgmt2.ccs.ornl.gov completed

qsub: waiting for job 30952.sith-mgmt2.ccs.ornl.gov to start
qsub: job 30952.sith-mgmt2.ccs.ornl.gov ready

    0.000	    2.150	    1.193	    0.042	    0.117	    3.665

qsub: job 30952.sith-mgmt2.ccs.ornl.gov completed

qsub: waiting for job 30953.sith-mgmt2.ccs.ornl.gov to start
qsub: job 30953.sith-mgmt2.ccs.ornl.gov ready

    0.000	    4.204	    1.554	    0.085	    0.276	    6.304

qsub: job 30953.sith-mgmt2.ccs.ornl.gov completed

2 var
qsub: waiting for job 30954.sith-mgmt2.ccs.ornl.gov to start
qsub: job 30954.sith-mgmt2.ccs.ornl.gov ready

    0.000	    0.036	    1.248	    0.028	    0.040	    1.493

qsub: job 30954.sith-mgmt2.ccs.ornl.gov completed

qsub: waiting for job 30955.sith-mgmt2.ccs.ornl.gov to start
qsub: job 30955.sith-mgmt2.ccs.ornl.gov ready

    0.000	    0.360	    0.516	    0.027	    0.043	    1.081

qsub: job 30955.sith-mgmt2.ccs.ornl.gov completed

qsub: waiting for job 30956.sith-mgmt2.ccs.ornl.gov to start
qsub: job 30956.sith-mgmt2.ccs.ornl.gov ready

    0.000	    0.591	    0.579	    0.027	    0.051	    1.382

qsub: job 30956.sith-mgmt2.ccs.ornl.gov completed

qsub: waiting for job 30957.sith-mgmt2.ccs.ornl.gov to start
qsub: job 30957.sith-mgmt2.ccs.ornl.gov ready

    0.000	    0.973	    0.628	    0.027	    0.067	    1.845

qsub: job 30957.sith-mgmt2.ccs.ornl.gov completed

qsub: waiting for job 30958.sith-mgmt2.ccs.ornl.gov to start
qsub: job 30958.sith-mgmt2.ccs.ornl.gov ready

    0.000	    1.670	    0.850	    0.027	    0.206	    2.888

qsub: job 30958.sith-mgmt2.ccs.ornl.gov completed

4 var
qsub: waiting for job 30959.sith-mgmt2.ccs.ornl.gov to start
qsub: job 30959.sith-mgmt2.ccs.ornl.gov ready

    0.000	    2.006	    1.057	    0.101	    0.042	    3.403

qsub: job 30959.sith-mgmt2.ccs.ornl.gov completed

qsub: waiting for job 30960.sith-mgmt2.ccs.ornl.gov to start
qsub: job 30960.sith-mgmt2.ccs.ornl.gov ready

    0.000	    1.892	    1.607	    0.058	    0.043	    3.811

qsub: job 30960.sith-mgmt2.ccs.ornl.gov completed

qsub: waiting for job 30961.sith-mgmt2.ccs.ornl.gov to start
qsub: job 30961.sith-mgmt2.ccs.ornl.gov ready

    0.000	    2.838	    1.850	    0.057	    0.044	    4.990

qsub: job 30961.sith-mgmt2.ccs.ornl.gov completed

qsub: waiting for job 30962.sith-mgmt2.ccs.ornl.gov to start
qsub: job 30962.sith-mgmt2.ccs.ornl.gov ready

    0.000	    3.486	    1.852	    0.052	    0.064	    5.646

qsub: job 30962.sith-mgmt2.ccs.ornl.gov completed

qsub: waiting for job 30963.sith-mgmt2.ccs.ornl.gov to start
qsub: job 30963.sith-mgmt2.ccs.ornl.gov ready

    0.000	    4.087	    1.933	    0.054	    0.160	    6.440

qsub: job 30963.sith-mgmt2.ccs.ornl.gov completed

3 var
qsub: waiting for job 30964.sith-mgmt2.ccs.ornl.gov to start
qsub: job 30964.sith-mgmt2.ccs.ornl.gov ready

    0.000	    1.290	    0.796	    0.060	    0.051	    2.398

qsub: job 30964.sith-mgmt2.ccs.ornl.gov completed

qsub: waiting for job 30965.sith-mgmt2.ccs.ornl.gov to start
qsub: job 30965.sith-mgmt2.ccs.ornl.gov ready

    0.000	    1.958	    1.180	    0.042	    0.099	    3.438

qsub: job 30965.sith-mgmt2.ccs.ornl.gov completed

qsub: waiting for job 30966.sith-mgmt2.ccs.ornl.gov to start
qsub: job 30966.sith-mgmt2.ccs.ornl.gov ready

    0.000	    3.453	    1.210	    0.055	    0.363	    5.259

qsub: job 30966.sith-mgmt2.ccs.ornl.gov completed

qsub: waiting for job 30967.sith-mgmt2.ccs.ornl.gov to start
qsub: job 30967.sith-mgmt2.ccs.ornl.gov ready

    0.000	    2.144	    1.230	    0.042	    0.134	    3.714

qsub: job 30967.sith-mgmt2.ccs.ornl.gov completed

qsub: waiting for job 30968.sith-mgmt2.ccs.ornl.gov to start
qsub: job 30968.sith-mgmt2.ccs.ornl.gov ready

    0.000	    2.920	    1.685	    0.043	    0.319	    5.155

qsub: job 30968.sith-mgmt2.ccs.ornl.gov completed

2 var
qsub: waiting for job 30969.sith-mgmt2.ccs.ornl.gov to start
qsub: job 30969.sith-mgmt2.ccs.ornl.gov ready

    0.000	    0.045	    0.522	    0.053	    0.042	    0.813

qsub: job 30969.sith-mgmt2.ccs.ornl.gov completed

qsub: waiting for job 30970.sith-mgmt2.ccs.ornl.gov to start
qsub: job 30970.sith-mgmt2.ccs.ornl.gov ready

    0.000	    0.360	    0.615	    0.028	    0.044	    1.186

qsub: job 30970.sith-mgmt2.ccs.ornl.gov completed

qsub: waiting for job 30971.sith-mgmt2.ccs.ornl.gov to start
qsub: job 30971.sith-mgmt2.ccs.ornl.gov ready

    0.000	    0.592	    0.676	    0.028	    0.051	    1.479

qsub: job 30971.sith-mgmt2.ccs.ornl.gov completed

qsub: waiting for job 30972.sith-mgmt2.ccs.ornl.gov to start
qsub: job 30972.sith-mgmt2.ccs.ornl.gov ready

    0.000	    0.973	    0.643	    0.028	    0.068	    1.847

qsub: job 30972.sith-mgmt2.ccs.ornl.gov completed

qsub: waiting for job 30973.sith-mgmt2.ccs.ornl.gov to start
qsub: job 30973.sith-mgmt2.ccs.ornl.gov ready

    0.000	    1.909	    0.856	    0.032	    0.213	    3.144

qsub: job 30973.sith-mgmt2.ccs.ornl.gov completed

4 var
qsub: waiting for job 30974.sith-mgmt2.ccs.ornl.gov to start
qsub: job 30974.sith-mgmt2.ccs.ornl.gov ready

    0.000	    1.971	    1.225	    0.047	    0.040	    3.481

qsub: job 30974.sith-mgmt2.ccs.ornl.gov completed

qsub: waiting for job 30975.sith-mgmt2.ccs.ornl.gov to start
qsub: job 30975.sith-mgmt2.ccs.ornl.gov ready

    0.000	    1.873	    1.394	    0.048	    0.043	    3.569

qsub: job 30975.sith-mgmt2.ccs.ornl.gov completed

qsub: waiting for job 30976.sith-mgmt2.ccs.ornl.gov to start
qsub: job 30976.sith-mgmt2.ccs.ornl.gov ready

    0.000	    2.825	    1.347	    0.055	    0.044	    4.471

qsub: job 30976.sith-mgmt2.ccs.ornl.gov completed

qsub: waiting for job 30977.sith-mgmt2.ccs.ornl.gov to start
qsub: job 30977.sith-mgmt2.ccs.ornl.gov ready

    0.000	    3.554	    1.656	    0.055	    0.065	    5.539

qsub: job 30977.sith-mgmt2.ccs.ornl.gov completed

qsub: waiting for job 30978.sith-mgmt2.ccs.ornl.gov to start
qsub: job 30978.sith-mgmt2.ccs.ornl.gov ready

    0.000	    4.141	    1.870	    0.055	    0.161	    6.423

qsub: job 30978.sith-mgmt2.ccs.ornl.gov completed

3 var
qsub: waiting for job 30979.sith-mgmt2.ccs.ornl.gov to start
qsub: job 30979.sith-mgmt2.ccs.ornl.gov ready

    0.000	    1.282	    0.964	    0.042	    0.050	    2.513

qsub: job 30979.sith-mgmt2.ccs.ornl.gov completed

qsub: waiting for job 30980.sith-mgmt2.ccs.ornl.gov to start
qsub: job 30980.sith-mgmt2.ccs.ornl.gov ready

    0.000	    1.948	    0.978	    0.049	    0.090	    3.234

qsub: job 30980.sith-mgmt2.ccs.ornl.gov completed

qsub: waiting for job 30981.sith-mgmt2.ccs.ornl.gov to start
qsub: job 30981.sith-mgmt2.ccs.ornl.gov ready

    0.000	    3.065	    1.251	    0.041	    0.319	    4.839

qsub: job 30981.sith-mgmt2.ccs.ornl.gov completed

qsub: waiting for job 30982.sith-mgmt2.ccs.ornl.gov to start
qsub: job 30982.sith-mgmt2.ccs.ornl.gov ready

    0.000	    2.091	    1.006	    0.039	    0.117	    3.412

qsub: job 30982.sith-mgmt2.ccs.ornl.gov completed

qsub: waiting for job 30983.sith-mgmt2.ccs.ornl.gov to start
qsub: job 30983.sith-mgmt2.ccs.ornl.gov ready

    0.000	    2.904	    1.185	    0.041	    0.272	    4.554

qsub: job 30983.sith-mgmt2.ccs.ornl.gov completed

2 var
qsub: waiting for job 30984.sith-mgmt2.ccs.ornl.gov to start
qsub: job 30984.sith-mgmt2.ccs.ornl.gov ready

    0.000	    0.036	    0.582	    0.028	    0.040	    0.824

qsub: job 30984.sith-mgmt2.ccs.ornl.gov completed

qsub: waiting for job 30985.sith-mgmt2.ccs.ornl.gov to start
qsub: job 30985.sith-mgmt2.ccs.ornl.gov ready

    0.000	    0.360	    0.502	    0.028	    0.043	    1.071

qsub: job 30985.sith-mgmt2.ccs.ornl.gov completed

qsub: waiting for job 30986.sith-mgmt2.ccs.ornl.gov to start
qsub: job 30986.sith-mgmt2.ccs.ornl.gov ready

    0.000	    0.591	    0.618	    0.028	    0.052	    1.431

qsub: job 30986.sith-mgmt2.ccs.ornl.gov completed

qsub: waiting for job 30987.sith-mgmt2.ccs.ornl.gov to start
qsub: job 30987.sith-mgmt2.ccs.ornl.gov ready

    0.000	    0.972	    0.815	    0.028	    0.067	    2.012

qsub: job 30987.sith-mgmt2.ccs.ornl.gov completed

qsub: waiting for job 30988.sith-mgmt2.ccs.ornl.gov to start
qsub: job 30988.sith-mgmt2.ccs.ornl.gov ready

    0.000	    1.655	    0.856	    0.026	    0.203	    2.868

qsub: job 30988.sith-mgmt2.ccs.ornl.gov completed

4 var
qsub: waiting for job 30989.sith-mgmt2.ccs.ornl.gov to start
qsub: job 30989.sith-mgmt2.ccs.ornl.gov ready

    0.000	    1.972	    1.326	    0.048	    0.040	    3.590

qsub: job 30989.sith-mgmt2.ccs.ornl.gov completed

qsub: waiting for job 30990.sith-mgmt2.ccs.ornl.gov to start
qsub: job 30990.sith-mgmt2.ccs.ornl.gov ready

    0.000	    1.886	    1.277	    0.055	    0.043	    3.464

qsub: job 30990.sith-mgmt2.ccs.ornl.gov completed

qsub: waiting for job 30991.sith-mgmt2.ccs.ornl.gov to start
qsub: job 30991.sith-mgmt2.ccs.ornl.gov ready

    0.000	    2.835	    1.393	    0.055	    0.044	    4.520

qsub: job 30991.sith-mgmt2.ccs.ornl.gov completed

qsub: waiting for job 30992.sith-mgmt2.ccs.ornl.gov to start
qsub: job 30992.sith-mgmt2.ccs.ornl.gov ready

    0.000	    3.501	    1.677	    0.052	    0.063	    5.504

qsub: job 30992.sith-mgmt2.ccs.ornl.gov completed

qsub: waiting for job 30993.sith-mgmt2.ccs.ornl.gov to start
qsub: job 30993.sith-mgmt2.ccs.ornl.gov ready

    0.000	    4.670	    2.319	    0.074	    0.193	    7.463

qsub: job 30993.sith-mgmt2.ccs.ornl.gov completed

3 var
qsub: waiting for job 30994.sith-mgmt2.ccs.ornl.gov to start
qsub: job 30994.sith-mgmt2.ccs.ornl.gov ready

    0.000	    1.285	    0.852	    0.041	    0.051	    2.752

qsub: job 30994.sith-mgmt2.ccs.ornl.gov completed

qsub: waiting for job 30995.sith-mgmt2.ccs.ornl.gov to start
qsub: job 30995.sith-mgmt2.ccs.ornl.gov ready

    0.000	    1.915	    0.946	    0.041	    0.089	    3.155

qsub: job 30995.sith-mgmt2.ccs.ornl.gov completed

qsub: waiting for job 30996.sith-mgmt2.ccs.ornl.gov to start
qsub: job 30996.sith-mgmt2.ccs.ornl.gov ready

    0.000	    3.070	    1.089	    0.042	    0.318	    4.688

qsub: job 30996.sith-mgmt2.ccs.ornl.gov completed

qsub: waiting for job 30997.sith-mgmt2.ccs.ornl.gov to start
qsub: job 30997.sith-mgmt2.ccs.ornl.gov ready

    0.000	    2.663	    1.311	    0.073	    0.118	    4.343

qsub: job 30997.sith-mgmt2.ccs.ornl.gov completed

qsub: waiting for job 30998.sith-mgmt2.ccs.ornl.gov to start
qsub: job 30998.sith-mgmt2.ccs.ornl.gov ready

    0.000	    2.856	    1.288	    0.039	    0.273	    4.608

qsub: job 30998.sith-mgmt2.ccs.ornl.gov completed

2 var
qsub: waiting for job 30999.sith-mgmt2.ccs.ornl.gov to start
qsub: job 30999.sith-mgmt2.ccs.ornl.gov ready

    0.000	    0.036	    0.488	    0.029	    0.040	    0.726

qsub: job 30999.sith-mgmt2.ccs.ornl.gov completed

qsub: waiting for job 31000.sith-mgmt2.ccs.ornl.gov to start
qsub: job 31000.sith-mgmt2.ccs.ornl.gov ready

    0.000	    0.361	    0.661	    0.029	    0.044	    1.224

qsub: job 31000.sith-mgmt2.ccs.ornl.gov completed

qsub: waiting for job 31001.sith-mgmt2.ccs.ornl.gov to start
qsub: job 31001.sith-mgmt2.ccs.ornl.gov ready

    0.000	    0.591	    0.639	    0.028	    0.052	    1.445

qsub: job 31001.sith-mgmt2.ccs.ornl.gov completed

qsub: waiting for job 31002.sith-mgmt2.ccs.ornl.gov to start
qsub: job 31002.sith-mgmt2.ccs.ornl.gov ready

    0.000	    0.972	    0.663	    0.028	    0.068	    1.859

qsub: job 31002.sith-mgmt2.ccs.ornl.gov completed

qsub: waiting for job 31003.sith-mgmt2.ccs.ornl.gov to start
qsub: job 31003.sith-mgmt2.ccs.ornl.gov ready

    0.000	    1.676	    0.868	    0.028	    0.206	    2.930

qsub: job 31003.sith-mgmt2.ccs.ornl.gov completed

4 var
qsub: waiting for job 31004.sith-mgmt2.ccs.ornl.gov to start
qsub: job 31004.sith-mgmt2.ccs.ornl.gov ready

    0.000	    1.995	    0.805	    0.087	    0.041	    3.090

qsub: job 31004.sith-mgmt2.ccs.ornl.gov completed

qsub: waiting for job 31005.sith-mgmt2.ccs.ornl.gov to start
qsub: job 31005.sith-mgmt2.ccs.ornl.gov ready

    0.000	    1.890	    1.429	    0.057	    0.043	    3.638

qsub: job 31005.sith-mgmt2.ccs.ornl.gov completed

qsub: waiting for job 31006.sith-mgmt2.ccs.ornl.gov to start
qsub: job 31006.sith-mgmt2.ccs.ornl.gov ready

    0.000	    2.840	    1.365	    0.057	    0.044	    4.499

qsub: job 31006.sith-mgmt2.ccs.ornl.gov completed

qsub: waiting for job 31007.sith-mgmt2.ccs.ornl.gov to start
qsub: job 31007.sith-mgmt2.ccs.ornl.gov ready

    0.000	    4.030	    1.576	    0.083	    0.066	    6.008

qsub: job 31007.sith-mgmt2.ccs.ornl.gov completed

qsub: waiting for job 31008.sith-mgmt2.ccs.ornl.gov to start
qsub: job 31008.sith-mgmt2.ccs.ornl.gov ready

    0.000	    4.128	    1.908	    0.055	    0.160	    6.461

qsub: job 31008.sith-mgmt2.ccs.ornl.gov completed

3 var
qsub: waiting for job 31009.sith-mgmt2.ccs.ornl.gov to start
qsub: job 31009.sith-mgmt2.ccs.ornl.gov ready

    0.000	    1.292	    0.811	    0.066	    0.052	    2.425

qsub: job 31009.sith-mgmt2.ccs.ornl.gov completed

qsub: waiting for job 31010.sith-mgmt2.ccs.ornl.gov to start
qsub: job 31010.sith-mgmt2.ccs.ornl.gov ready

    0.000	    2.168	    1.083	    0.052	    0.089	    3.562

qsub: job 31010.sith-mgmt2.ccs.ornl.gov completed

qsub: waiting for job 31011.sith-mgmt2.ccs.ornl.gov to start
qsub: job 31011.sith-mgmt2.ccs.ornl.gov ready

    0.000	    2.996	    1.328	    0.041	    0.315	    4.851

qsub: job 31011.sith-mgmt2.ccs.ornl.gov completed

qsub: waiting for job 31012.sith-mgmt2.ccs.ornl.gov to start
qsub: job 31012.sith-mgmt2.ccs.ornl.gov ready

    0.000	    2.144	    1.117	    0.043	    0.117	    3.583

qsub: job 31012.sith-mgmt2.ccs.ornl.gov completed

qsub: waiting for job 31013.sith-mgmt2.ccs.ornl.gov to start
qsub: job 31013.sith-mgmt2.ccs.ornl.gov ready

    0.000	    2.888	    1.268	    0.041	    0.269	    4.618

qsub: job 31013.sith-mgmt2.ccs.ornl.gov completed

2 var
qsub: waiting for job 31014.sith-mgmt2.ccs.ornl.gov to start
qsub: job 31014.sith-mgmt2.ccs.ornl.gov ready

    0.000	    0.035	    0.479	    0.026	    0.040	    0.742

qsub: job 31014.sith-mgmt2.ccs.ornl.gov completed

qsub: waiting for job 31015.sith-mgmt2.ccs.ornl.gov to start
qsub: job 31015.sith-mgmt2.ccs.ornl.gov ready

    0.000	    0.360	    0.594	    0.026	    0.043	    1.154

qsub: job 31015.sith-mgmt2.ccs.ornl.gov completed

qsub: waiting for job 31016.sith-mgmt2.ccs.ornl.gov to start
qsub: job 31016.sith-mgmt2.ccs.ornl.gov ready

    0.000	    0.589	    0.525	    0.027	    0.051	    1.331

qsub: job 31016.sith-mgmt2.ccs.ornl.gov completed

qsub: waiting for job 31017.sith-mgmt2.ccs.ornl.gov to start
qsub: job 31017.sith-mgmt2.ccs.ornl.gov ready

    0.000	    1.020	    0.745	    0.040	    0.069	    2.007

qsub: job 31017.sith-mgmt2.ccs.ornl.gov completed

qsub: waiting for job 31018.sith-mgmt2.ccs.ornl.gov to start
qsub: job 31018.sith-mgmt2.ccs.ornl.gov ready

    0.000	    1.625	    0.805	    0.026	    0.202	    2.801

qsub: job 31018.sith-mgmt2.ccs.ornl.gov completed

