4 var
qsub: waiting for job 31320.sith-mgmt2.ccs.ornl.gov to start
qsub: job 31320.sith-mgmt2.ccs.ornl.gov ready

    0.000	    0.724	    1.243	    0.057	    0.033	    2.263

qsub: job 31320.sith-mgmt2.ccs.ornl.gov completed

qsub: waiting for job 31321.sith-mgmt2.ccs.ornl.gov to start
qsub: job 31321.sith-mgmt2.ccs.ornl.gov ready

    0.000	    0.686	    1.337	    0.059	    0.039	    2.309

qsub: job 31321.sith-mgmt2.ccs.ornl.gov completed

qsub: waiting for job 31322.sith-mgmt2.ccs.ornl.gov to start
qsub: job 31322.sith-mgmt2.ccs.ornl.gov ready

    0.000	    1.174	    1.535	    0.054	    0.038	    2.993

qsub: job 31322.sith-mgmt2.ccs.ornl.gov completed

qsub: waiting for job 31323.sith-mgmt2.ccs.ornl.gov to start
qsub: job 31323.sith-mgmt2.ccs.ornl.gov ready

    0.000	    3.876	    2.324	    0.124	    0.061	    6.668

qsub: job 31323.sith-mgmt2.ccs.ornl.gov completed

qsub: waiting for job 31324.sith-mgmt2.ccs.ornl.gov to start
qsub: job 31324.sith-mgmt2.ccs.ornl.gov ready

    0.000	    2.819	    2.114	    0.053	    0.154	    5.589

qsub: job 31324.sith-mgmt2.ccs.ornl.gov completed

3 var
qsub: waiting for job 31325.sith-mgmt2.ccs.ornl.gov to start
qsub: job 31325.sith-mgmt2.ccs.ornl.gov ready

    0.000	    0.456	    0.827	    0.081	    0.044	    1.616

qsub: job 31325.sith-mgmt2.ccs.ornl.gov completed

qsub: waiting for job 31326.sith-mgmt2.ccs.ornl.gov to start
qsub: job 31326.sith-mgmt2.ccs.ornl.gov ready

    0.000	    1.091	    1.069	    0.040	    0.083	    2.532

qsub: job 31326.sith-mgmt2.ccs.ornl.gov completed

qsub: waiting for job 31327.sith-mgmt2.ccs.ornl.gov to start
qsub: job 31327.sith-mgmt2.ccs.ornl.gov ready

    0.000	    1.668	    1.274	    0.040	    0.310	    4.009

qsub: job 31327.sith-mgmt2.ccs.ornl.gov completed

qsub: waiting for job 31328.sith-mgmt2.ccs.ornl.gov to start
qsub: job 31328.sith-mgmt2.ccs.ornl.gov ready

    0.000	    1.275	    1.067	    0.041	    0.111	    2.810

qsub: job 31328.sith-mgmt2.ccs.ornl.gov completed

qsub: waiting for job 31329.sith-mgmt2.ccs.ornl.gov to start
qsub: job 31329.sith-mgmt2.ccs.ornl.gov ready

    0.000	    1.757	    1.269	    0.041	    0.264	    3.962

qsub: job 31329.sith-mgmt2.ccs.ornl.gov completed

2 var
qsub: waiting for job 31330.sith-mgmt2.ccs.ornl.gov to start
qsub: job 31330.sith-mgmt2.ccs.ornl.gov ready

    0.000	    0.032	    0.571	    0.029	    0.034	    0.817

qsub: job 31330.sith-mgmt2.ccs.ornl.gov completed

qsub: waiting for job 31331.sith-mgmt2.ccs.ornl.gov to start
qsub: job 31331.sith-mgmt2.ccs.ornl.gov ready

    0.000	    0.115	    0.762	    0.028	    0.038	    1.084

qsub: job 31331.sith-mgmt2.ccs.ornl.gov completed

qsub: waiting for job 31332.sith-mgmt2.ccs.ornl.gov to start
qsub: job 31332.sith-mgmt2.ccs.ornl.gov ready

    0.000	    0.218	    0.659	    0.027	    0.047	    1.111

qsub: job 31332.sith-mgmt2.ccs.ornl.gov completed

qsub: waiting for job 31333.sith-mgmt2.ccs.ornl.gov to start
qsub: job 31333.sith-mgmt2.ccs.ornl.gov ready

    0.000	    0.416	    0.840	    0.027	    0.062	    1.531

qsub: job 31333.sith-mgmt2.ccs.ornl.gov completed

qsub: waiting for job 31334.sith-mgmt2.ccs.ornl.gov to start
qsub: job 31334.sith-mgmt2.ccs.ornl.gov ready

    0.000	    1.176	    0.974	    0.026	    0.200	    2.788

qsub: job 31334.sith-mgmt2.ccs.ornl.gov completed

4 var
qsub: waiting for job 31335.sith-mgmt2.ccs.ornl.gov to start
qsub: job 31335.sith-mgmt2.ccs.ornl.gov ready

    0.000	    0.707	    1.190	    0.050	    0.033	    2.187

qsub: job 31335.sith-mgmt2.ccs.ornl.gov completed

qsub: waiting for job 31336.sith-mgmt2.ccs.ornl.gov to start
qsub: job 31336.sith-mgmt2.ccs.ornl.gov ready

    0.000	    0.677	    1.438	    0.053	    0.038	    2.420

qsub: job 31336.sith-mgmt2.ccs.ornl.gov completed

qsub: waiting for job 31337.sith-mgmt2.ccs.ornl.gov to start
qsub: job 31337.sith-mgmt2.ccs.ornl.gov ready

    0.000	    1.134	    1.469	    0.048	    0.039	    2.877

qsub: job 31337.sith-mgmt2.ccs.ornl.gov completed

qsub: waiting for job 31338.sith-mgmt2.ccs.ornl.gov to start
qsub: job 31338.sith-mgmt2.ccs.ornl.gov ready

    0.000	    2.306	    2.079	    0.052	    0.058	    4.727

qsub: job 31338.sith-mgmt2.ccs.ornl.gov completed

qsub: waiting for job 31339.sith-mgmt2.ccs.ornl.gov to start
qsub: job 31339.sith-mgmt2.ccs.ornl.gov ready

    0.000	    2.833	    2.178	    0.055	    0.154	    5.645

qsub: job 31339.sith-mgmt2.ccs.ornl.gov completed

3 var
qsub: waiting for job 31340.sith-mgmt2.ccs.ornl.gov to start
qsub: job 31340.sith-mgmt2.ccs.ornl.gov ready

    0.000	    0.404	    1.094	    0.057	    0.044	    1.802

qsub: job 31340.sith-mgmt2.ccs.ornl.gov completed

qsub: waiting for job 31341.sith-mgmt2.ccs.ornl.gov to start
qsub: job 31341.sith-mgmt2.ccs.ornl.gov ready

    0.000	    1.338	    1.133	    0.051	    0.085	    2.861

qsub: job 31341.sith-mgmt2.ccs.ornl.gov completed

qsub: waiting for job 31342.sith-mgmt2.ccs.ornl.gov to start
qsub: job 31342.sith-mgmt2.ccs.ornl.gov ready

    0.000	    1.663	    1.290	    0.039	    0.315	    4.010

qsub: job 31342.sith-mgmt2.ccs.ornl.gov completed

qsub: waiting for job 31343.sith-mgmt2.ccs.ornl.gov to start
qsub: job 31343.sith-mgmt2.ccs.ornl.gov ready

    0.000	    1.287	    1.131	    0.041	    0.113	    2.882

qsub: job 31343.sith-mgmt2.ccs.ornl.gov completed

qsub: waiting for job 31344.sith-mgmt2.ccs.ornl.gov to start
qsub: job 31344.sith-mgmt2.ccs.ornl.gov ready

    0.000	    1.767	    1.319	    0.058	    0.266	    4.032

qsub: job 31344.sith-mgmt2.ccs.ornl.gov completed

2 var
qsub: waiting for job 31345.sith-mgmt2.ccs.ornl.gov to start
qsub: job 31345.sith-mgmt2.ccs.ornl.gov ready

    0.000	    0.032	    0.600	    0.029	    0.034	    0.832

qsub: job 31345.sith-mgmt2.ccs.ornl.gov completed

qsub: waiting for job 31346.sith-mgmt2.ccs.ornl.gov to start
qsub: job 31346.sith-mgmt2.ccs.ornl.gov ready

    0.000	    0.115	    0.649	    0.028	    0.037	    0.974

qsub: job 31346.sith-mgmt2.ccs.ornl.gov completed

qsub: waiting for job 31347.sith-mgmt2.ccs.ornl.gov to start
qsub: job 31347.sith-mgmt2.ccs.ornl.gov ready

    0.000	    0.219	    0.650	    0.027	    0.047	    1.098

qsub: job 31347.sith-mgmt2.ccs.ornl.gov completed

qsub: waiting for job 31348.sith-mgmt2.ccs.ornl.gov to start
qsub: job 31348.sith-mgmt2.ccs.ornl.gov ready

    0.000	    0.418	    0.831	    0.027	    0.063	    1.507

qsub: job 31348.sith-mgmt2.ccs.ornl.gov completed

qsub: waiting for job 31349.sith-mgmt2.ccs.ornl.gov to start
qsub: job 31349.sith-mgmt2.ccs.ornl.gov ready

    0.000	    1.182	    0.932	    0.026	    0.199	    2.753

qsub: job 31349.sith-mgmt2.ccs.ornl.gov completed

4 var
qsub: waiting for job 31350.sith-mgmt2.ccs.ornl.gov to start
qsub: job 31350.sith-mgmt2.ccs.ornl.gov ready

    0.000	    0.711	    1.204	    0.048	    0.034	    2.182

qsub: job 31350.sith-mgmt2.ccs.ornl.gov completed

qsub: waiting for job 31351.sith-mgmt2.ccs.ornl.gov to start
qsub: job 31351.sith-mgmt2.ccs.ornl.gov ready

    0.000	    0.689	    1.317	    0.053	    0.038	    2.319

qsub: job 31351.sith-mgmt2.ccs.ornl.gov completed

qsub: waiting for job 31353.sith-mgmt2.ccs.ornl.gov to start
qsub: job 31353.sith-mgmt2.ccs.ornl.gov ready

    0.000	    1.162	    1.589	    0.054	    0.039	    3.051

qsub: job 31353.sith-mgmt2.ccs.ornl.gov completed

qsub: waiting for job 31354.sith-mgmt2.ccs.ornl.gov to start
qsub: job 31354.sith-mgmt2.ccs.ornl.gov ready

    0.000	    2.303	    1.984	    0.054	    0.059	    4.635

qsub: job 31354.sith-mgmt2.ccs.ornl.gov completed

qsub: waiting for job 31355.sith-mgmt2.ccs.ornl.gov to start
qsub: job 31355.sith-mgmt2.ccs.ornl.gov ready

    0.000	    2.813	    2.101	    0.053	    0.156	    5.534

qsub: job 31355.sith-mgmt2.ccs.ornl.gov completed

3 var
qsub: waiting for job 31356.sith-mgmt2.ccs.ornl.gov to start
qsub: job 31356.sith-mgmt2.ccs.ornl.gov ready

    0.000	    0.403	    0.908	    0.042	    0.042	    1.588

qsub: job 31356.sith-mgmt2.ccs.ornl.gov completed

qsub: waiting for job 31357.sith-mgmt2.ccs.ornl.gov to start
qsub: job 31357.sith-mgmt2.ccs.ornl.gov ready

    0.000	    1.094	    1.224	    0.042	    0.083	    2.708

qsub: job 31357.sith-mgmt2.ccs.ornl.gov completed

qsub: waiting for job 31358.sith-mgmt2.ccs.ornl.gov to start
qsub: job 31358.sith-mgmt2.ccs.ornl.gov ready

    0.000	    1.687	    1.318	    0.038	    0.305	    4.062

qsub: job 31358.sith-mgmt2.ccs.ornl.gov completed

qsub: waiting for job 31359.sith-mgmt2.ccs.ornl.gov to start
qsub: job 31359.sith-mgmt2.ccs.ornl.gov ready

    0.000	    1.255	    1.148	    0.040	    0.113	    2.865

qsub: job 31359.sith-mgmt2.ccs.ornl.gov completed

qsub: waiting for job 31360.sith-mgmt2.ccs.ornl.gov to start
qsub: job 31360.sith-mgmt2.ccs.ornl.gov ready

    0.000	    1.758	    1.352	    0.041	    0.266	    4.044

qsub: job 31360.sith-mgmt2.ccs.ornl.gov completed

2 var
qsub: waiting for job 31361.sith-mgmt2.ccs.ornl.gov to start
qsub: job 31361.sith-mgmt2.ccs.ornl.gov ready

    0.000	    0.031	    0.575	    0.029	    0.034	    0.784

qsub: job 31361.sith-mgmt2.ccs.ornl.gov completed

qsub: waiting for job 31362.sith-mgmt2.ccs.ornl.gov to start
qsub: job 31362.sith-mgmt2.ccs.ornl.gov ready

    0.000	    0.114	    0.645	    0.027	    0.038	    0.963

qsub: job 31362.sith-mgmt2.ccs.ornl.gov completed

qsub: waiting for job 31363.sith-mgmt2.ccs.ornl.gov to start
qsub: job 31363.sith-mgmt2.ccs.ornl.gov ready

    0.000	    0.215	    0.705	    0.025	    0.048	    1.139

qsub: job 31363.sith-mgmt2.ccs.ornl.gov completed

qsub: waiting for job 31364.sith-mgmt2.ccs.ornl.gov to start
qsub: job 31364.sith-mgmt2.ccs.ornl.gov ready

    0.000	    0.407	    0.778	    0.025	    0.062	    1.444

qsub: job 31364.sith-mgmt2.ccs.ornl.gov completed

qsub: waiting for job 31365.sith-mgmt2.ccs.ornl.gov to start
qsub: job 31365.sith-mgmt2.ccs.ornl.gov ready

    0.000	    1.183	    0.981	    0.026	    0.200	    2.799

qsub: job 31365.sith-mgmt2.ccs.ornl.gov completed

4 var
qsub: waiting for job 31366.sith-mgmt2.ccs.ornl.gov to start
qsub: job 31366.sith-mgmt2.ccs.ornl.gov ready

    0.000	    0.728	    1.239	    0.057	    0.034	    2.270

qsub: job 31366.sith-mgmt2.ccs.ornl.gov completed

qsub: waiting for job 31367.sith-mgmt2.ccs.ornl.gov to start
qsub: job 31367.sith-mgmt2.ccs.ornl.gov ready

    0.000	    0.868	    1.516	    0.151	    0.041	    2.842

qsub: job 31367.sith-mgmt2.ccs.ornl.gov completed

qsub: waiting for job 31368.sith-mgmt2.ccs.ornl.gov to start
qsub: job 31368.sith-mgmt2.ccs.ornl.gov ready

    0.000	    1.275	    1.625	    0.087	    0.040	    3.242

qsub: job 31368.sith-mgmt2.ccs.ornl.gov completed

qsub: waiting for job 31369.sith-mgmt2.ccs.ornl.gov to start
qsub: job 31369.sith-mgmt2.ccs.ornl.gov ready

    0.000	    2.607	    1.925	    0.100	    0.062	    4.951

qsub: job 31369.sith-mgmt2.ccs.ornl.gov completed

qsub: waiting for job 31370.sith-mgmt2.ccs.ornl.gov to start
qsub: job 31370.sith-mgmt2.ccs.ornl.gov ready

    0.000	    2.900	    2.098	    0.055	    0.156	    5.644

qsub: job 31370.sith-mgmt2.ccs.ornl.gov completed

3 var
qsub: waiting for job 31371.sith-mgmt2.ccs.ornl.gov to start
qsub: job 31371.sith-mgmt2.ccs.ornl.gov ready

    0.000	    0.400	    0.831	    0.042	    0.042	    1.520

qsub: job 31371.sith-mgmt2.ccs.ornl.gov completed

qsub: waiting for job 31372.sith-mgmt2.ccs.ornl.gov to start
qsub: job 31372.sith-mgmt2.ccs.ornl.gov ready

    0.000	    1.099	    1.096	    0.039	    0.083	    2.588

qsub: job 31372.sith-mgmt2.ccs.ornl.gov completed

qsub: waiting for job 31373.sith-mgmt2.ccs.ornl.gov to start
qsub: job 31373.sith-mgmt2.ccs.ornl.gov ready

    0.000	    1.704	    2.232	    0.040	    0.314	    6.991

qsub: job 31373.sith-mgmt2.ccs.ornl.gov completed

qsub: waiting for job 31374.sith-mgmt2.ccs.ornl.gov to start
qsub: job 31374.sith-mgmt2.ccs.ornl.gov ready

    0.000	    2.292	    1.138	    0.089	    0.116	    3.964

qsub: job 31374.sith-mgmt2.ccs.ornl.gov completed

qsub: waiting for job 31375.sith-mgmt2.ccs.ornl.gov to start
qsub: job 31375.sith-mgmt2.ccs.ornl.gov ready

    0.000	    3.057	    1.265	    0.109	    0.262	    5.357

qsub: job 31375.sith-mgmt2.ccs.ornl.gov completed

2 var
qsub: waiting for job 31376.sith-mgmt2.ccs.ornl.gov to start
qsub: job 31376.sith-mgmt2.ccs.ornl.gov ready

    0.000	    0.030	    0.587	    0.026	    0.034	    0.814

qsub: job 31376.sith-mgmt2.ccs.ornl.gov completed

qsub: waiting for job 31377.sith-mgmt2.ccs.ornl.gov to start
qsub: job 31377.sith-mgmt2.ccs.ornl.gov ready

    0.000	    0.115	    0.592	    0.026	    0.037	    0.912

qsub: job 31377.sith-mgmt2.ccs.ornl.gov completed

qsub: waiting for job 31378.sith-mgmt2.ccs.ornl.gov to start
qsub: job 31378.sith-mgmt2.ccs.ornl.gov ready

    0.000	    0.215	    0.949	    0.026	    0.047	    1.381

qsub: job 31378.sith-mgmt2.ccs.ornl.gov completed

qsub: waiting for job 31379.sith-mgmt2.ccs.ornl.gov to start
qsub: job 31379.sith-mgmt2.ccs.ornl.gov ready

    0.000	    0.576	    0.846	    0.075	    0.065	    1.749

qsub: job 31379.sith-mgmt2.ccs.ornl.gov completed

qsub: waiting for job 31380.sith-mgmt2.ccs.ornl.gov to start
qsub: job 31380.sith-mgmt2.ccs.ornl.gov ready

    0.000	    2.162	    1.002	    0.074	    0.208	    3.884

qsub: job 31380.sith-mgmt2.ccs.ornl.gov completed

4 var
qsub: waiting for job 31381.sith-mgmt2.ccs.ornl.gov to start
qsub: job 31381.sith-mgmt2.ccs.ornl.gov ready

    0.000	    0.705	    1.209	    0.050	    0.034	    2.171

qsub: job 31381.sith-mgmt2.ccs.ornl.gov completed

qsub: waiting for job 31382.sith-mgmt2.ccs.ornl.gov to start
qsub: job 31382.sith-mgmt2.ccs.ornl.gov ready

    0.000	    0.685	    1.437	    0.055	    0.038	    2.444

qsub: job 31382.sith-mgmt2.ccs.ornl.gov completed

qsub: waiting for job 31383.sith-mgmt2.ccs.ornl.gov to start
qsub: job 31383.sith-mgmt2.ccs.ornl.gov ready

    0.000	    1.174	    1.570	    0.055	    0.039	    3.042

qsub: job 31383.sith-mgmt2.ccs.ornl.gov completed

qsub: waiting for job 31384.sith-mgmt2.ccs.ornl.gov to start
qsub: job 31384.sith-mgmt2.ccs.ornl.gov ready

    0.000	    2.321	    1.850	    0.058	    0.060	    4.510

qsub: job 31384.sith-mgmt2.ccs.ornl.gov completed

qsub: waiting for job 31385.sith-mgmt2.ccs.ornl.gov to start
qsub: job 31385.sith-mgmt2.ccs.ornl.gov ready

    0.000	    2.995	    2.480	    0.060	    0.158	    6.135

qsub: job 31385.sith-mgmt2.ccs.ornl.gov completed

3 var
qsub: waiting for job 31386.sith-mgmt2.ccs.ornl.gov to start
qsub: job 31386.sith-mgmt2.ccs.ornl.gov ready

    0.000	    0.399	    0.943	    0.042	    0.042	    1.608

qsub: job 31386.sith-mgmt2.ccs.ornl.gov completed

qsub: waiting for job 31387.sith-mgmt2.ccs.ornl.gov to start
qsub: job 31387.sith-mgmt2.ccs.ornl.gov ready

    0.000	    1.093	    1.067	    0.039	    0.082	    2.530

qsub: job 31387.sith-mgmt2.ccs.ornl.gov completed

qsub: waiting for job 31388.sith-mgmt2.ccs.ornl.gov to start
qsub: job 31388.sith-mgmt2.ccs.ornl.gov ready

    0.000	    2.237	    1.536	    0.070	    0.317	    4.907

qsub: job 31388.sith-mgmt2.ccs.ornl.gov completed

qsub: waiting for job 31389.sith-mgmt2.ccs.ornl.gov to start
qsub: job 31389.sith-mgmt2.ccs.ornl.gov ready

    0.000	    1.259	    1.108	    0.040	    0.112	    2.827

qsub: job 31389.sith-mgmt2.ccs.ornl.gov completed

qsub: waiting for job 31390.sith-mgmt2.ccs.ornl.gov to start
qsub: job 31390.sith-mgmt2.ccs.ornl.gov ready

    0.000	    2.497	    1.295	    0.083	    0.266	    4.787

qsub: job 31390.sith-mgmt2.ccs.ornl.gov completed

2 var
qsub: waiting for job 31391.sith-mgmt2.ccs.ornl.gov to start
qsub: job 31391.sith-mgmt2.ccs.ornl.gov ready

    0.000	    0.032	    0.654	    0.028	    0.034	    0.872

qsub: job 31391.sith-mgmt2.ccs.ornl.gov completed

qsub: waiting for job 31392.sith-mgmt2.ccs.ornl.gov to start
qsub: job 31392.sith-mgmt2.ccs.ornl.gov ready

    0.000	    0.115	    0.686	    0.028	    0.038	    1.009

qsub: job 31392.sith-mgmt2.ccs.ornl.gov completed

qsub: waiting for job 31393.sith-mgmt2.ccs.ornl.gov to start
qsub: job 31393.sith-mgmt2.ccs.ornl.gov ready

    0.000	    0.218	    0.684	    0.028	    0.047	    1.126

qsub: job 31393.sith-mgmt2.ccs.ornl.gov completed

qsub: waiting for job 31394.sith-mgmt2.ccs.ornl.gov to start
qsub: job 31394.sith-mgmt2.ccs.ornl.gov ready

    0.000	    0.418	    0.560	    0.029	    0.063	    1.206

qsub: job 31394.sith-mgmt2.ccs.ornl.gov completed

qsub: waiting for job 31395.sith-mgmt2.ccs.ornl.gov to start
qsub: job 31395.sith-mgmt2.ccs.ornl.gov ready

    0.000	    1.446	    0.952	    0.040	    0.202	    3.047

qsub: job 31395.sith-mgmt2.ccs.ornl.gov completed

4 var
qsub: waiting for job 31396.sith-mgmt2.ccs.ornl.gov to start
qsub: job 31396.sith-mgmt2.ccs.ornl.gov ready

    0.000	    0.705	    1.257	    0.050	    0.034	    2.244

qsub: job 31396.sith-mgmt2.ccs.ornl.gov completed

qsub: waiting for job 31397.sith-mgmt2.ccs.ornl.gov to start
qsub: job 31397.sith-mgmt2.ccs.ornl.gov ready

    0.000	    0.686	    1.441	    0.056	    0.039	    2.421

qsub: job 31397.sith-mgmt2.ccs.ornl.gov completed

qsub: waiting for job 31398.sith-mgmt2.ccs.ornl.gov to start
qsub: job 31398.sith-mgmt2.ccs.ornl.gov ready

    0.000	    1.175	    1.703	    0.056	    0.039	    3.200

qsub: job 31398.sith-mgmt2.ccs.ornl.gov completed

qsub: waiting for job 31399.sith-mgmt2.ccs.ornl.gov to start
qsub: job 31399.sith-mgmt2.ccs.ornl.gov ready

    0.000	    2.318	    1.795	    0.055	    0.058	    4.451

qsub: job 31399.sith-mgmt2.ccs.ornl.gov completed

qsub: waiting for job 31400.sith-mgmt2.ccs.ornl.gov to start
qsub: job 31400.sith-mgmt2.ccs.ornl.gov ready

    0.000	    2.821	    2.002	    0.054	    0.155	    5.469

qsub: job 31400.sith-mgmt2.ccs.ornl.gov completed

3 var
qsub: waiting for job 31401.sith-mgmt2.ccs.ornl.gov to start
qsub: job 31401.sith-mgmt2.ccs.ornl.gov ready

    0.000	    0.415	    0.909	    0.065	    0.045	    1.608

qsub: job 31401.sith-mgmt2.ccs.ornl.gov completed

qsub: waiting for job 31402.sith-mgmt2.ccs.ornl.gov to start
qsub: job 31402.sith-mgmt2.ccs.ornl.gov ready

    0.000	    1.089	    1.131	    0.039	    0.082	    2.592

qsub: job 31402.sith-mgmt2.ccs.ornl.gov completed

qsub: waiting for job 31403.sith-mgmt2.ccs.ornl.gov to start
qsub: job 31403.sith-mgmt2.ccs.ornl.gov ready

    0.000	    1.667	    1.271	    0.040	    0.315	    4.018

qsub: job 31403.sith-mgmt2.ccs.ornl.gov completed

qsub: waiting for job 31404.sith-mgmt2.ccs.ornl.gov to start
qsub: job 31404.sith-mgmt2.ccs.ornl.gov ready

    0.000	    1.265	    1.170	    0.039	    0.111	    2.888

qsub: job 31404.sith-mgmt2.ccs.ornl.gov completed

qsub: waiting for job 31405.sith-mgmt2.ccs.ornl.gov to start
qsub: job 31405.sith-mgmt2.ccs.ornl.gov ready

    0.000	    1.774	    1.280	    0.043	    0.265	    3.988

qsub: job 31405.sith-mgmt2.ccs.ornl.gov completed

2 var
qsub: waiting for job 31406.sith-mgmt2.ccs.ornl.gov to start
qsub: job 31406.sith-mgmt2.ccs.ornl.gov ready

    0.000	    0.032	    0.564	    0.028	    0.034	    0.805

qsub: job 31406.sith-mgmt2.ccs.ornl.gov completed

qsub: waiting for job 31407.sith-mgmt2.ccs.ornl.gov to start
qsub: job 31407.sith-mgmt2.ccs.ornl.gov ready

    0.000	    0.115	    0.680	    0.028	    0.037	    0.998

qsub: job 31407.sith-mgmt2.ccs.ornl.gov completed

qsub: waiting for job 31408.sith-mgmt2.ccs.ornl.gov to start
qsub: job 31408.sith-mgmt2.ccs.ornl.gov ready

    0.000	    0.218	    0.684	    0.028	    0.047	    1.121

qsub: job 31408.sith-mgmt2.ccs.ornl.gov completed

qsub: waiting for job 31409.sith-mgmt2.ccs.ornl.gov to start
qsub: job 31409.sith-mgmt2.ccs.ornl.gov ready

    0.000	    0.419	    0.781	    0.029	    0.063	    1.461

qsub: job 31409.sith-mgmt2.ccs.ornl.gov completed

qsub: waiting for job 31410.sith-mgmt2.ccs.ornl.gov to start
qsub: job 31410.sith-mgmt2.ccs.ornl.gov ready

    0.000	    1.189	    1.030	    0.027	    0.202	    2.855

qsub: job 31410.sith-mgmt2.ccs.ornl.gov completed

4 var
qsub: waiting for job 31411.sith-mgmt2.ccs.ornl.gov to start
qsub: job 31411.sith-mgmt2.ccs.ornl.gov ready

    0.000	    0.726	    1.373	    0.055	    0.033	    2.403

qsub: job 31411.sith-mgmt2.ccs.ornl.gov completed

qsub: waiting for job 31412.sith-mgmt2.ccs.ornl.gov to start
qsub: job 31412.sith-mgmt2.ccs.ornl.gov ready

    0.000	    0.726	    1.673	    0.079	    0.041	    2.736

qsub: job 31412.sith-mgmt2.ccs.ornl.gov completed

qsub: waiting for job 31413.sith-mgmt2.ccs.ornl.gov to start
qsub: job 31413.sith-mgmt2.ccs.ornl.gov ready

    0.000	    1.128	    1.588	    0.049	    0.039	    2.992

qsub: job 31413.sith-mgmt2.ccs.ornl.gov completed

qsub: waiting for job 31414.sith-mgmt2.ccs.ornl.gov to start
qsub: job 31414.sith-mgmt2.ccs.ornl.gov ready

    0.000	    2.330	    1.845	    0.054	    0.059	    4.535

qsub: job 31414.sith-mgmt2.ccs.ornl.gov completed

qsub: waiting for job 31415.sith-mgmt2.ccs.ornl.gov to start
qsub: job 31415.sith-mgmt2.ccs.ornl.gov ready

    0.000	    4.624	    2.126	    0.131	    0.158	    7.552

qsub: job 31415.sith-mgmt2.ccs.ornl.gov completed

3 var
qsub: waiting for job 31416.sith-mgmt2.ccs.ornl.gov to start
qsub: job 31416.sith-mgmt2.ccs.ornl.gov ready

    0.000	    0.394	    0.866	    0.037	    0.042	    1.525

qsub: job 31416.sith-mgmt2.ccs.ornl.gov completed

qsub: waiting for job 31417.sith-mgmt2.ccs.ornl.gov to start
qsub: job 31417.sith-mgmt2.ccs.ornl.gov ready

    0.000	    1.325	    1.082	    0.062	    0.085	    2.787

qsub: job 31417.sith-mgmt2.ccs.ornl.gov completed

qsub: waiting for job 31418.sith-mgmt2.ccs.ornl.gov to start
qsub: job 31418.sith-mgmt2.ccs.ornl.gov ready

    0.000	    1.701	    1.331	    0.041	    0.314	    4.102

qsub: job 31418.sith-mgmt2.ccs.ornl.gov completed

qsub: waiting for job 31419.sith-mgmt2.ccs.ornl.gov to start
qsub: job 31419.sith-mgmt2.ccs.ornl.gov ready

    0.000	    1.272	    1.123	    0.040	    0.112	    2.849

qsub: job 31419.sith-mgmt2.ccs.ornl.gov completed

qsub: waiting for job 31420.sith-mgmt2.ccs.ornl.gov to start
qsub: job 31420.sith-mgmt2.ccs.ornl.gov ready

    0.000	    3.036	    1.375	    0.087	    0.271	    5.441

qsub: job 31420.sith-mgmt2.ccs.ornl.gov completed

2 var
qsub: waiting for job 31421.sith-mgmt2.ccs.ornl.gov to start
qsub: job 31421.sith-mgmt2.ccs.ornl.gov ready

    0.000	    0.032	    0.518	    0.029	    0.033	    0.761

qsub: job 31421.sith-mgmt2.ccs.ornl.gov completed

qsub: waiting for job 31422.sith-mgmt2.ccs.ornl.gov to start
qsub: job 31422.sith-mgmt2.ccs.ornl.gov ready

    0.000	    0.115	    0.620	    0.029	    0.037	    0.933

qsub: job 31422.sith-mgmt2.ccs.ornl.gov completed

qsub: waiting for job 31423.sith-mgmt2.ccs.ornl.gov to start
qsub: job 31423.sith-mgmt2.ccs.ornl.gov ready

    0.000	    0.213	    0.772	    0.024	    0.048	    1.195

qsub: job 31423.sith-mgmt2.ccs.ornl.gov completed

qsub: waiting for job 31424.sith-mgmt2.ccs.ornl.gov to start
qsub: job 31424.sith-mgmt2.ccs.ornl.gov ready

    0.000	    0.410	    0.776	    0.024	    0.062	    1.443

qsub: job 31424.sith-mgmt2.ccs.ornl.gov completed

qsub: waiting for job 31425.sith-mgmt2.ccs.ornl.gov to start
qsub: job 31425.sith-mgmt2.ccs.ornl.gov ready

    0.000	    1.508	    1.029	    0.041	    0.205	    3.180

qsub: job 31425.sith-mgmt2.ccs.ornl.gov completed

4 var
qsub: waiting for job 31426.sith-mgmt2.ccs.ornl.gov to start
qsub: job 31426.sith-mgmt2.ccs.ornl.gov ready

    0.000	    0.814	    1.275	    0.084	    0.035	    2.427

qsub: job 31426.sith-mgmt2.ccs.ornl.gov completed

qsub: waiting for job 31427.sith-mgmt2.ccs.ornl.gov to start
qsub: job 31427.sith-mgmt2.ccs.ornl.gov ready

    0.000	    0.762	    1.409	    0.085	    0.040	    2.521

qsub: job 31427.sith-mgmt2.ccs.ornl.gov completed

qsub: waiting for job 31428.sith-mgmt2.ccs.ornl.gov to start
qsub: job 31428.sith-mgmt2.ccs.ornl.gov ready

    0.000	    1.176	    1.554	    0.055	    0.039	    3.038

qsub: job 31428.sith-mgmt2.ccs.ornl.gov completed

qsub: waiting for job 31429.sith-mgmt2.ccs.ornl.gov to start
qsub: job 31429.sith-mgmt2.ccs.ornl.gov ready

    0.000	    2.493	    1.905	    0.090	    0.060	    4.800

qsub: job 31429.sith-mgmt2.ccs.ornl.gov completed

qsub: waiting for job 31430.sith-mgmt2.ccs.ornl.gov to start
qsub: job 31430.sith-mgmt2.ccs.ornl.gov ready

    0.000	    2.727	    2.234	    0.054	    0.154	    5.596

qsub: job 31430.sith-mgmt2.ccs.ornl.gov completed

3 var
qsub: waiting for job 31431.sith-mgmt2.ccs.ornl.gov to start
qsub: job 31431.sith-mgmt2.ccs.ornl.gov ready

    0.000	    0.402	    0.873	    0.042	    0.043	    1.544

qsub: job 31431.sith-mgmt2.ccs.ornl.gov completed

qsub: waiting for job 31432.sith-mgmt2.ccs.ornl.gov to start
qsub: job 31432.sith-mgmt2.ccs.ornl.gov ready

    0.000	    1.091	    1.078	    0.042	    0.083	    2.527

qsub: job 31432.sith-mgmt2.ccs.ornl.gov completed

qsub: waiting for job 31433.sith-mgmt2.ccs.ornl.gov to start
qsub: job 31433.sith-mgmt2.ccs.ornl.gov ready

    0.000	    2.172	    1.318	    0.073	    0.316	    4.625

qsub: job 31433.sith-mgmt2.ccs.ornl.gov completed

qsub: waiting for job 31434.sith-mgmt2.ccs.ornl.gov to start
qsub: job 31434.sith-mgmt2.ccs.ornl.gov ready

    0.000	    1.217	    1.099	    0.056	    0.112	    2.785

qsub: job 31434.sith-mgmt2.ccs.ornl.gov completed

qsub: waiting for job 31435.sith-mgmt2.ccs.ornl.gov to start
qsub: job 31435.sith-mgmt2.ccs.ornl.gov ready

    0.000	    1.758	    1.435	    0.041	    0.265	    4.143

qsub: job 31435.sith-mgmt2.ccs.ornl.gov completed

2 var
qsub: waiting for job 31436.sith-mgmt2.ccs.ornl.gov to start
qsub: job 31436.sith-mgmt2.ccs.ornl.gov ready

    0.000	    0.032	    0.533	    0.029	    0.034	    0.757

qsub: job 31436.sith-mgmt2.ccs.ornl.gov completed

qsub: waiting for job 31437.sith-mgmt2.ccs.ornl.gov to start
qsub: job 31437.sith-mgmt2.ccs.ornl.gov ready

    0.000	    0.126	    0.616	    0.062	    0.039	    1.196

qsub: job 31437.sith-mgmt2.ccs.ornl.gov completed

qsub: waiting for job 31438.sith-mgmt2.ccs.ornl.gov to start
qsub: job 31438.sith-mgmt2.ccs.ornl.gov ready

    0.000	    0.218	    0.674	    0.028	    0.047	    1.109

qsub: job 31438.sith-mgmt2.ccs.ornl.gov completed

qsub: waiting for job 31439.sith-mgmt2.ccs.ornl.gov to start
qsub: job 31439.sith-mgmt2.ccs.ornl.gov ready

    0.000	    0.463	    0.804	    0.045	    0.063	    1.539

qsub: job 31439.sith-mgmt2.ccs.ornl.gov completed

qsub: waiting for job 31440.sith-mgmt2.ccs.ornl.gov to start
qsub: job 31440.sith-mgmt2.ccs.ornl.gov ready

    0.000	    1.147	    0.962	    0.027	    0.202	    2.742

qsub: job 31440.sith-mgmt2.ccs.ornl.gov completed

4 var
qsub: waiting for job 31441.sith-mgmt2.ccs.ornl.gov to start
qsub: job 31441.sith-mgmt2.ccs.ornl.gov ready

    0.000	    0.724	    1.061	    0.056	    0.033	    2.074

qsub: job 31441.sith-mgmt2.ccs.ornl.gov completed

qsub: waiting for job 31442.sith-mgmt2.ccs.ornl.gov to start
qsub: job 31442.sith-mgmt2.ccs.ornl.gov ready

    0.000	    0.687	    1.456	    0.056	    0.038	    2.443

qsub: job 31442.sith-mgmt2.ccs.ornl.gov completed

qsub: waiting for job 31443.sith-mgmt2.ccs.ornl.gov to start
qsub: job 31443.sith-mgmt2.ccs.ornl.gov ready

    0.000	    1.177	    1.518	    0.057	    0.039	    2.999

qsub: job 31443.sith-mgmt2.ccs.ornl.gov completed

qsub: waiting for job 31444.sith-mgmt2.ccs.ornl.gov to start
qsub: job 31444.sith-mgmt2.ccs.ornl.gov ready

    0.000	    2.294	    1.900	    0.053	    0.059	    4.547

qsub: job 31444.sith-mgmt2.ccs.ornl.gov completed

qsub: waiting for job 31445.sith-mgmt2.ccs.ornl.gov to start
qsub: job 31445.sith-mgmt2.ccs.ornl.gov ready

    0.000	    3.329	    2.151	    0.068	    0.158	    6.147

qsub: job 31445.sith-mgmt2.ccs.ornl.gov completed

3 var
qsub: waiting for job 31446.sith-mgmt2.ccs.ornl.gov to start
qsub: job 31446.sith-mgmt2.ccs.ornl.gov ready

    0.000	    0.397	    1.032	    0.041	    0.042	    1.710

qsub: job 31446.sith-mgmt2.ccs.ornl.gov completed

qsub: waiting for job 31447.sith-mgmt2.ccs.ornl.gov to start
qsub: job 31447.sith-mgmt2.ccs.ornl.gov ready

    0.000	    1.102	    1.111	    0.042	    0.083	    2.570

qsub: job 31447.sith-mgmt2.ccs.ornl.gov completed

qsub: waiting for job 31448.sith-mgmt2.ccs.ornl.gov to start
qsub: job 31448.sith-mgmt2.ccs.ornl.gov ready

    0.000	    1.701	    1.345	    0.042	    0.316	    4.118

qsub: job 31448.sith-mgmt2.ccs.ornl.gov completed

qsub: waiting for job 31449.sith-mgmt2.ccs.ornl.gov to start
qsub: job 31449.sith-mgmt2.ccs.ornl.gov ready

    0.000	    1.245	    1.100	    0.041	    0.112	    2.796

qsub: job 31449.sith-mgmt2.ccs.ornl.gov completed

qsub: waiting for job 31450.sith-mgmt2.ccs.ornl.gov to start
qsub: job 31450.sith-mgmt2.ccs.ornl.gov ready

    0.000	    1.768	    1.261	    0.050	    0.270	    3.988

qsub: job 31450.sith-mgmt2.ccs.ornl.gov completed

2 var
qsub: waiting for job 31451.sith-mgmt2.ccs.ornl.gov to start
qsub: job 31451.sith-mgmt2.ccs.ornl.gov ready

    0.000	    0.032	    0.565	    0.029	    0.034	    0.792

qsub: job 31451.sith-mgmt2.ccs.ornl.gov completed

qsub: waiting for job 31452.sith-mgmt2.ccs.ornl.gov to start
qsub: job 31452.sith-mgmt2.ccs.ornl.gov ready

    0.000	    0.114	    0.616	    0.028	    0.038	    0.928

qsub: job 31452.sith-mgmt2.ccs.ornl.gov completed

qsub: waiting for job 31453.sith-mgmt2.ccs.ornl.gov to start
qsub: job 31453.sith-mgmt2.ccs.ornl.gov ready

    0.000	    0.218	    0.726	    0.028	    0.048	    1.161

qsub: job 31453.sith-mgmt2.ccs.ornl.gov completed

qsub: waiting for job 31454.sith-mgmt2.ccs.ornl.gov to start
qsub: job 31454.sith-mgmt2.ccs.ornl.gov ready

    0.000	    0.418	    0.843	    0.028	    0.062	    1.524

qsub: job 31454.sith-mgmt2.ccs.ornl.gov completed

qsub: waiting for job 31455.sith-mgmt2.ccs.ornl.gov to start
qsub: job 31455.sith-mgmt2.ccs.ornl.gov ready

    0.000	    1.173	    0.963	    0.027	    0.199	    2.774

qsub: job 31455.sith-mgmt2.ccs.ornl.gov completed

4 var
qsub: waiting for job 31456.sith-mgmt2.ccs.ornl.gov to start
qsub: job 31456.sith-mgmt2.ccs.ornl.gov ready

    0.000	    0.722	    1.329	    0.056	    0.034	    2.352

qsub: job 31456.sith-mgmt2.ccs.ornl.gov completed

qsub: waiting for job 31457.sith-mgmt2.ccs.ornl.gov to start
qsub: job 31457.sith-mgmt2.ccs.ornl.gov ready

    0.000	    0.715	    1.385	    0.070	    0.039	    2.426

qsub: job 31457.sith-mgmt2.ccs.ornl.gov completed

qsub: waiting for job 31458.sith-mgmt2.ccs.ornl.gov to start
qsub: job 31458.sith-mgmt2.ccs.ornl.gov ready

    0.000	    1.246	    1.737	    0.070	    0.039	    3.309

qsub: job 31458.sith-mgmt2.ccs.ornl.gov completed

qsub: waiting for job 31459.sith-mgmt2.ccs.ornl.gov to start
qsub: job 31459.sith-mgmt2.ccs.ornl.gov ready

    0.000	    3.164	    1.894	    0.110	    0.060	    5.496

qsub: job 31459.sith-mgmt2.ccs.ornl.gov completed

qsub: waiting for job 31460.sith-mgmt2.ccs.ornl.gov to start
qsub: job 31460.sith-mgmt2.ccs.ornl.gov ready

    0.000	    2.848	    2.225	    0.055	    0.156	    5.756

qsub: job 31460.sith-mgmt2.ccs.ornl.gov completed

3 var
qsub: waiting for job 31461.sith-mgmt2.ccs.ornl.gov to start
qsub: job 31461.sith-mgmt2.ccs.ornl.gov ready

    0.000	    0.401	    1.039	    0.042	    0.042	    1.698

qsub: job 31461.sith-mgmt2.ccs.ornl.gov completed

qsub: waiting for job 31462.sith-mgmt2.ccs.ornl.gov to start
qsub: job 31462.sith-mgmt2.ccs.ornl.gov ready

    0.000	    1.073	    1.181	    0.039	    0.083	    2.623

qsub: job 31462.sith-mgmt2.ccs.ornl.gov completed

qsub: waiting for job 31463.sith-mgmt2.ccs.ornl.gov to start
qsub: job 31463.sith-mgmt2.ccs.ornl.gov ready

    0.000	    1.701	    1.334	    0.041	    0.315	    4.106

qsub: job 31463.sith-mgmt2.ccs.ornl.gov completed

qsub: waiting for job 31464.sith-mgmt2.ccs.ornl.gov to start
qsub: job 31464.sith-mgmt2.ccs.ornl.gov ready

    0.000	    1.210	    1.124	    0.038	    0.111	    2.786

qsub: job 31464.sith-mgmt2.ccs.ornl.gov completed

qsub: waiting for job 31465.sith-mgmt2.ccs.ornl.gov to start
qsub: job 31465.sith-mgmt2.ccs.ornl.gov ready

    0.000	    2.168	    1.402	    0.061	    0.268	    4.549

qsub: job 31465.sith-mgmt2.ccs.ornl.gov completed

2 var
qsub: waiting for job 31466.sith-mgmt2.ccs.ornl.gov to start
qsub: job 31466.sith-mgmt2.ccs.ornl.gov ready

    0.000	    0.032	    0.567	    0.029	    0.034	    0.795

qsub: job 31466.sith-mgmt2.ccs.ornl.gov completed

qsub: waiting for job 31467.sith-mgmt2.ccs.ornl.gov to start
qsub: job 31467.sith-mgmt2.ccs.ornl.gov ready

    0.000	    0.116	    0.590	    0.029	    0.038	    0.918

qsub: job 31467.sith-mgmt2.ccs.ornl.gov completed

qsub: waiting for job 31468.sith-mgmt2.ccs.ornl.gov to start
qsub: job 31468.sith-mgmt2.ccs.ornl.gov ready

    0.000	    0.220	    0.659	    0.028	    0.047	    1.103

qsub: job 31468.sith-mgmt2.ccs.ornl.gov completed

qsub: waiting for job 31469.sith-mgmt2.ccs.ornl.gov to start
qsub: job 31469.sith-mgmt2.ccs.ornl.gov ready

    0.000	    0.489	    0.811	    0.062	    0.064	    1.603

qsub: job 31469.sith-mgmt2.ccs.ornl.gov completed

qsub: waiting for job 31470.sith-mgmt2.ccs.ornl.gov to start
qsub: job 31470.sith-mgmt2.ccs.ornl.gov ready

    0.000	    1.188	    1.029	    0.028	    0.203	    2.851

qsub: job 31470.sith-mgmt2.ccs.ornl.gov completed

4 var
qsub: waiting for job 31471.sith-mgmt2.ccs.ornl.gov to start
qsub: job 31471.sith-mgmt2.ccs.ornl.gov ready

    0.000	    0.891	    1.229	    0.142	    0.036	    2.567

qsub: job 31471.sith-mgmt2.ccs.ornl.gov completed

qsub: waiting for job 31472.sith-mgmt2.ccs.ornl.gov to start
qsub: job 31472.sith-mgmt2.ccs.ornl.gov ready

    0.000	    0.779	    1.471	    0.123	    0.040	    2.647

qsub: job 31472.sith-mgmt2.ccs.ornl.gov completed

qsub: waiting for job 31473.sith-mgmt2.ccs.ornl.gov to start
qsub: job 31473.sith-mgmt2.ccs.ornl.gov ready

    0.000	    1.323	    1.660	    0.105	    0.040	    3.343

qsub: job 31473.sith-mgmt2.ccs.ornl.gov completed

qsub: waiting for job 31474.sith-mgmt2.ccs.ornl.gov to start
qsub: job 31474.sith-mgmt2.ccs.ornl.gov ready

    0.000	    2.288	    1.929	    0.054	    0.058	    4.574

qsub: job 31474.sith-mgmt2.ccs.ornl.gov completed

qsub: waiting for job 31475.sith-mgmt2.ccs.ornl.gov to start
qsub: job 31475.sith-mgmt2.ccs.ornl.gov ready

    0.000	    2.843	    1.980	    0.056	    0.155	    5.474

qsub: job 31475.sith-mgmt2.ccs.ornl.gov completed

3 var
qsub: waiting for job 31476.sith-mgmt2.ccs.ornl.gov to start
qsub: job 31476.sith-mgmt2.ccs.ornl.gov ready

    0.000	    0.400	    1.007	    0.042	    0.042	    1.665

qsub: job 31476.sith-mgmt2.ccs.ornl.gov completed

qsub: waiting for job 31477.sith-mgmt2.ccs.ornl.gov to start
qsub: job 31477.sith-mgmt2.ccs.ornl.gov ready

    0.000	    1.100	    1.101	    0.041	    0.082	    2.587

qsub: job 31477.sith-mgmt2.ccs.ornl.gov completed

qsub: waiting for job 31478.sith-mgmt2.ccs.ornl.gov to start
qsub: job 31478.sith-mgmt2.ccs.ornl.gov ready

    0.000	    2.039	    1.321	    0.058	    0.315	    4.466

qsub: job 31478.sith-mgmt2.ccs.ornl.gov completed

qsub: waiting for job 31479.sith-mgmt2.ccs.ornl.gov to start
qsub: job 31479.sith-mgmt2.ccs.ornl.gov ready

    0.000	    1.519	    1.043	    0.049	    0.112	    3.049

qsub: job 31479.sith-mgmt2.ccs.ornl.gov completed

qsub: waiting for job 31480.sith-mgmt2.ccs.ornl.gov to start
qsub: job 31480.sith-mgmt2.ccs.ornl.gov ready

    0.000	    2.985	    1.706	    0.084	    0.266	    5.733

qsub: job 31480.sith-mgmt2.ccs.ornl.gov completed

2 var
qsub: waiting for job 31481.sith-mgmt2.ccs.ornl.gov to start
qsub: job 31481.sith-mgmt2.ccs.ornl.gov ready

    0.000	    0.030	    0.535	    0.025	    0.034	    0.771

qsub: job 31481.sith-mgmt2.ccs.ornl.gov completed

qsub: waiting for job 31482.sith-mgmt2.ccs.ornl.gov to start
qsub: job 31482.sith-mgmt2.ccs.ornl.gov ready

    0.000	    0.113	    0.614	    0.024	    0.037	    0.925

qsub: job 31482.sith-mgmt2.ccs.ornl.gov completed

qsub: waiting for job 31483.sith-mgmt2.ccs.ornl.gov to start
qsub: job 31483.sith-mgmt2.ccs.ornl.gov ready

    0.000	    0.284	    0.676	    0.073	    0.050	    1.243

qsub: job 31483.sith-mgmt2.ccs.ornl.gov completed

qsub: waiting for job 31484.sith-mgmt2.ccs.ornl.gov to start
qsub: job 31484.sith-mgmt2.ccs.ornl.gov ready

    0.000	    0.421	    0.799	    0.027	    0.063	    1.492

qsub: job 31484.sith-mgmt2.ccs.ornl.gov completed

qsub: waiting for job 31485.sith-mgmt2.ccs.ornl.gov to start
qsub: job 31485.sith-mgmt2.ccs.ornl.gov ready

    0.000	    1.702	    1.012	    0.059	    0.205	    3.406

qsub: job 31485.sith-mgmt2.ccs.ornl.gov completed

4 var
qsub: waiting for job 31486.sith-mgmt2.ccs.ornl.gov to start
qsub: job 31486.sith-mgmt2.ccs.ornl.gov ready

    0.000	    0.726	    1.266	    0.054	    0.033	    2.263

qsub: job 31486.sith-mgmt2.ccs.ornl.gov completed

qsub: waiting for job 31487.sith-mgmt2.ccs.ornl.gov to start
qsub: job 31487.sith-mgmt2.ccs.ornl.gov ready

    0.000	    0.689	    1.562	    0.054	    0.038	    2.567

qsub: job 31487.sith-mgmt2.ccs.ornl.gov completed

qsub: waiting for job 31488.sith-mgmt2.ccs.ornl.gov to start
qsub: job 31488.sith-mgmt2.ccs.ornl.gov ready

    0.000	    1.172	    1.645	    0.053	    0.039	    3.118

qsub: job 31488.sith-mgmt2.ccs.ornl.gov completed

qsub: waiting for job 31489.sith-mgmt2.ccs.ornl.gov to start
qsub: job 31489.sith-mgmt2.ccs.ornl.gov ready

    0.000	    2.260	    1.892	    0.052	    0.059	    4.505

qsub: job 31489.sith-mgmt2.ccs.ornl.gov completed

qsub: waiting for job 31490.sith-mgmt2.ccs.ornl.gov to start
qsub: job 31490.sith-mgmt2.ccs.ornl.gov ready

    0.000	    4.941	    2.129	    0.125	    0.160	    7.816

qsub: job 31490.sith-mgmt2.ccs.ornl.gov completed

3 var
qsub: waiting for job 31491.sith-mgmt2.ccs.ornl.gov to start
qsub: job 31491.sith-mgmt2.ccs.ornl.gov ready

    0.000	    0.399	    0.949	    0.041	    0.042	    1.612

qsub: job 31491.sith-mgmt2.ccs.ornl.gov completed

qsub: waiting for job 31492.sith-mgmt2.ccs.ornl.gov to start
qsub: job 31492.sith-mgmt2.ccs.ornl.gov ready

    0.000	    1.496	    1.220	    0.073	    0.084	    3.126

qsub: job 31492.sith-mgmt2.ccs.ornl.gov completed

qsub: waiting for job 31493.sith-mgmt2.ccs.ornl.gov to start
qsub: job 31493.sith-mgmt2.ccs.ornl.gov ready

    0.000	    1.642	    1.432	    0.040	    0.315	    4.140

qsub: job 31493.sith-mgmt2.ccs.ornl.gov completed

qsub: waiting for job 31494.sith-mgmt2.ccs.ornl.gov to start
qsub: job 31494.sith-mgmt2.ccs.ornl.gov ready

    0.000	    1.809	    1.083	    0.080	    0.112	    3.408

qsub: job 31494.sith-mgmt2.ccs.ornl.gov completed

qsub: waiting for job 31495.sith-mgmt2.ccs.ornl.gov to start
qsub: job 31495.sith-mgmt2.ccs.ornl.gov ready

    0.000	    1.758	    1.355	    0.041	    0.267	    4.028

qsub: job 31495.sith-mgmt2.ccs.ornl.gov completed

2 var
qsub: waiting for job 31496.sith-mgmt2.ccs.ornl.gov to start
qsub: job 31496.sith-mgmt2.ccs.ornl.gov ready

    0.000	    0.031	    0.572	    0.027	    0.034	    0.798

qsub: job 31496.sith-mgmt2.ccs.ornl.gov completed

qsub: waiting for job 31497.sith-mgmt2.ccs.ornl.gov to start
qsub: job 31497.sith-mgmt2.ccs.ornl.gov ready

    0.000	    0.113	    0.611	    0.026	    0.038	    0.925

qsub: job 31497.sith-mgmt2.ccs.ornl.gov completed

qsub: waiting for job 31498.sith-mgmt2.ccs.ornl.gov to start
qsub: job 31498.sith-mgmt2.ccs.ornl.gov ready

    0.000	    0.215	    0.631	    0.024	    0.047	    1.062

qsub: job 31498.sith-mgmt2.ccs.ornl.gov completed

qsub: waiting for job 31499.sith-mgmt2.ccs.ornl.gov to start
qsub: job 31499.sith-mgmt2.ccs.ornl.gov ready

    0.000	    0.403	    0.770	    0.024	    0.062	    1.428

qsub: job 31499.sith-mgmt2.ccs.ornl.gov completed

qsub: waiting for job 31500.sith-mgmt2.ccs.ornl.gov to start
qsub: job 31500.sith-mgmt2.ccs.ornl.gov ready

    0.000	    1.177	    0.941	    0.027	    0.202	    2.755

qsub: job 31500.sith-mgmt2.ccs.ornl.gov completed

4 var
qsub: waiting for job 31501.sith-mgmt2.ccs.ornl.gov to start
qsub: job 31501.sith-mgmt2.ccs.ornl.gov ready

    0.000	    0.729	    1.037	    0.055	    0.033	    2.060

qsub: job 31501.sith-mgmt2.ccs.ornl.gov completed

qsub: waiting for job 31502.sith-mgmt2.ccs.ornl.gov to start
qsub: job 31502.sith-mgmt2.ccs.ornl.gov ready

    0.000	    0.689	    1.287	    0.055	    0.039	    2.279

qsub: job 31502.sith-mgmt2.ccs.ornl.gov completed

qsub: waiting for job 31503.sith-mgmt2.ccs.ornl.gov to start
qsub: job 31503.sith-mgmt2.ccs.ornl.gov ready

    0.000	    1.284	    1.594	    0.088	    0.040	    3.235

qsub: job 31503.sith-mgmt2.ccs.ornl.gov completed

qsub: waiting for job 31504.sith-mgmt2.ccs.ornl.gov to start
qsub: job 31504.sith-mgmt2.ccs.ornl.gov ready

    0.000	    3.085	    1.773	    0.102	    0.060	    5.270

qsub: job 31504.sith-mgmt2.ccs.ornl.gov completed

qsub: waiting for job 31505.sith-mgmt2.ccs.ornl.gov to start
qsub: job 31505.sith-mgmt2.ccs.ornl.gov ready

    0.000	    2.788	    2.101	    0.053	    0.154	    5.521

qsub: job 31505.sith-mgmt2.ccs.ornl.gov completed

3 var
qsub: waiting for job 31506.sith-mgmt2.ccs.ornl.gov to start
qsub: job 31506.sith-mgmt2.ccs.ornl.gov ready

    0.000	    0.399	    1.032	    0.042	    0.042	    1.694

qsub: job 31506.sith-mgmt2.ccs.ornl.gov completed

qsub: waiting for job 31507.sith-mgmt2.ccs.ornl.gov to start
qsub: job 31507.sith-mgmt2.ccs.ornl.gov ready

    0.000	    1.093	    1.146	    0.043	    0.085	    2.608

qsub: job 31507.sith-mgmt2.ccs.ornl.gov completed

qsub: waiting for job 31508.sith-mgmt2.ccs.ornl.gov to start
qsub: job 31508.sith-mgmt2.ccs.ornl.gov ready

    0.000	    2.917	    1.369	    0.089	    0.318	    5.430

qsub: job 31508.sith-mgmt2.ccs.ornl.gov completed

qsub: waiting for job 31509.sith-mgmt2.ccs.ornl.gov to start
qsub: job 31509.sith-mgmt2.ccs.ornl.gov ready

    0.000	    1.250	    1.154	    0.040	    0.112	    2.871

qsub: job 31509.sith-mgmt2.ccs.ornl.gov completed

qsub: waiting for job 31510.sith-mgmt2.ccs.ornl.gov to start
qsub: job 31510.sith-mgmt2.ccs.ornl.gov ready

    0.000	    1.757	    1.271	    0.041	    0.268	    3.965

qsub: job 31510.sith-mgmt2.ccs.ornl.gov completed

2 var
qsub: waiting for job 31511.sith-mgmt2.ccs.ornl.gov to start
qsub: job 31511.sith-mgmt2.ccs.ornl.gov ready

    0.000	    0.032	    0.547	    0.029	    0.034	    0.777

qsub: job 31511.sith-mgmt2.ccs.ornl.gov completed

qsub: waiting for job 31512.sith-mgmt2.ccs.ornl.gov to start
qsub: job 31512.sith-mgmt2.ccs.ornl.gov ready

    0.000	    0.115	    0.664	    0.028	    0.037	    0.980

qsub: job 31512.sith-mgmt2.ccs.ornl.gov completed

qsub: waiting for job 31513.sith-mgmt2.ccs.ornl.gov to start
qsub: job 31513.sith-mgmt2.ccs.ornl.gov ready

    0.000	    0.220	    0.800	    0.028	    0.048	    1.239

qsub: job 31513.sith-mgmt2.ccs.ornl.gov completed

qsub: waiting for job 31514.sith-mgmt2.ccs.ornl.gov to start
qsub: job 31514.sith-mgmt2.ccs.ornl.gov ready

    0.000	    0.414	    0.789	    0.028	    0.062	    1.478

qsub: job 31514.sith-mgmt2.ccs.ornl.gov completed

qsub: waiting for job 31515.sith-mgmt2.ccs.ornl.gov to start
qsub: job 31515.sith-mgmt2.ccs.ornl.gov ready

    0.000	    1.168	    0.990	    0.026	    0.202	    2.792

qsub: job 31515.sith-mgmt2.ccs.ornl.gov completed

4 var
qsub: waiting for job 31516.sith-mgmt2.ccs.ornl.gov to start
qsub: job 31516.sith-mgmt2.ccs.ornl.gov ready

    0.000	    0.927	    1.196	    0.153	    0.036	    2.586

qsub: job 31516.sith-mgmt2.ccs.ornl.gov completed

qsub: waiting for job 31517.sith-mgmt2.ccs.ornl.gov to start
qsub: job 31517.sith-mgmt2.ccs.ornl.gov ready

    0.000	    0.691	    1.599	    0.055	    0.038	    2.591

qsub: job 31517.sith-mgmt2.ccs.ornl.gov completed

qsub: waiting for job 31518.sith-mgmt2.ccs.ornl.gov to start
qsub: job 31518.sith-mgmt2.ccs.ornl.gov ready

    0.000	    1.623	    1.616	    0.151	    0.042	    3.700

qsub: job 31518.sith-mgmt2.ccs.ornl.gov completed

qsub: waiting for job 31519.sith-mgmt2.ccs.ornl.gov to start
qsub: job 31519.sith-mgmt2.ccs.ornl.gov ready

    0.000	    3.215	    1.875	    0.107	    0.060	    5.523

qsub: job 31519.sith-mgmt2.ccs.ornl.gov completed

qsub: waiting for job 31520.sith-mgmt2.ccs.ornl.gov to start
qsub: job 31520.sith-mgmt2.ccs.ornl.gov ready

    0.000	    5.021	    2.085	    0.146	    0.160	    7.915

qsub: job 31520.sith-mgmt2.ccs.ornl.gov completed

3 var
qsub: waiting for job 31521.sith-mgmt2.ccs.ornl.gov to start
qsub: job 31521.sith-mgmt2.ccs.ornl.gov ready

    0.000	    0.404	    0.826	    0.049	    0.044	    1.509

qsub: job 31521.sith-mgmt2.ccs.ornl.gov completed

qsub: waiting for job 31522.sith-mgmt2.ccs.ornl.gov to start
qsub: job 31522.sith-mgmt2.ccs.ornl.gov ready

    0.000	    1.103	    1.057	    0.041	    0.082	    2.550

qsub: job 31522.sith-mgmt2.ccs.ornl.gov completed

qsub: waiting for job 31523.sith-mgmt2.ccs.ornl.gov to start
qsub: job 31523.sith-mgmt2.ccs.ornl.gov ready

    0.000	    2.947	    1.442	    0.109	    0.318	    5.570

qsub: job 31523.sith-mgmt2.ccs.ornl.gov completed

qsub: waiting for job 31524.sith-mgmt2.ccs.ornl.gov to start
qsub: job 31524.sith-mgmt2.ccs.ornl.gov ready

    0.000	    1.248	    1.099	    0.040	    0.111	    2.800

qsub: job 31524.sith-mgmt2.ccs.ornl.gov completed

qsub: waiting for job 31525.sith-mgmt2.ccs.ornl.gov to start
qsub: job 31525.sith-mgmt2.ccs.ornl.gov ready

    0.000	    3.123	    1.433	    0.113	    0.271	    5.595

qsub: job 31525.sith-mgmt2.ccs.ornl.gov completed

2 var
qsub: waiting for job 31526.sith-mgmt2.ccs.ornl.gov to start
qsub: job 31526.sith-mgmt2.ccs.ornl.gov ready

    0.000	    0.032	    0.611	    0.029	    0.034	    0.863

qsub: job 31526.sith-mgmt2.ccs.ornl.gov completed

qsub: waiting for job 31527.sith-mgmt2.ccs.ornl.gov to start
qsub: job 31527.sith-mgmt2.ccs.ornl.gov ready

    0.000	    0.115	    0.604	    0.028	    0.037	    0.919

qsub: job 31527.sith-mgmt2.ccs.ornl.gov completed

qsub: waiting for job 31528.sith-mgmt2.ccs.ornl.gov to start
qsub: job 31528.sith-mgmt2.ccs.ornl.gov ready

    0.000	    0.219	    0.667	    0.028	    0.047	    1.106

qsub: job 31528.sith-mgmt2.ccs.ornl.gov completed

qsub: waiting for job 31529.sith-mgmt2.ccs.ornl.gov to start
qsub: job 31529.sith-mgmt2.ccs.ornl.gov ready

    0.000	    0.422	    0.821	    0.028	    0.062	    1.521

qsub: job 31529.sith-mgmt2.ccs.ornl.gov completed

qsub: waiting for job 31530.sith-mgmt2.ccs.ornl.gov to start
qsub: job 31530.sith-mgmt2.ccs.ornl.gov ready

    0.000	    1.190	    1.025	    0.028	    0.200	    2.850

qsub: job 31530.sith-mgmt2.ccs.ornl.gov completed

4 var
qsub: waiting for job 31531.sith-mgmt2.ccs.ornl.gov to start
qsub: job 31531.sith-mgmt2.ccs.ornl.gov ready

    0.000	    0.721	    1.032	    0.056	    0.034	    2.062

qsub: job 31531.sith-mgmt2.ccs.ornl.gov completed

qsub: waiting for job 31532.sith-mgmt2.ccs.ornl.gov to start
qsub: job 31532.sith-mgmt2.ccs.ornl.gov ready

    0.000	    0.678	    1.434	    0.055	    0.038	    2.406

qsub: job 31532.sith-mgmt2.ccs.ornl.gov completed

qsub: waiting for job 31533.sith-mgmt2.ccs.ornl.gov to start
qsub: job 31533.sith-mgmt2.ccs.ornl.gov ready

    0.000	    1.150	    1.559	    0.052	    0.039	    3.011

qsub: job 31533.sith-mgmt2.ccs.ornl.gov completed

qsub: waiting for job 31534.sith-mgmt2.ccs.ornl.gov to start
qsub: job 31534.sith-mgmt2.ccs.ornl.gov ready

    0.000	    2.339	    1.897	    0.056	    0.059	    4.585

qsub: job 31534.sith-mgmt2.ccs.ornl.gov completed

qsub: waiting for job 31535.sith-mgmt2.ccs.ornl.gov to start
qsub: job 31535.sith-mgmt2.ccs.ornl.gov ready

    0.000	    2.840	    2.111	    0.055	    0.155	    5.596

qsub: job 31535.sith-mgmt2.ccs.ornl.gov completed

3 var
qsub: waiting for job 31536.sith-mgmt2.ccs.ornl.gov to start
qsub: job 31536.sith-mgmt2.ccs.ornl.gov ready

    0.000	    0.394	    0.867	    0.039	    0.042	    1.516

qsub: job 31536.sith-mgmt2.ccs.ornl.gov completed

qsub: waiting for job 31537.sith-mgmt2.ccs.ornl.gov to start
qsub: job 31537.sith-mgmt2.ccs.ornl.gov ready

    0.000	    1.039	    1.179	    0.038	    0.083	    2.590

qsub: job 31537.sith-mgmt2.ccs.ornl.gov completed

qsub: waiting for job 31538.sith-mgmt2.ccs.ornl.gov to start
qsub: job 31538.sith-mgmt2.ccs.ornl.gov ready

    0.000	    1.696	    1.489	    0.042	    0.314	    4.253

qsub: job 31538.sith-mgmt2.ccs.ornl.gov completed

qsub: waiting for job 31539.sith-mgmt2.ccs.ornl.gov to start
qsub: job 31539.sith-mgmt2.ccs.ornl.gov ready

    0.000	    1.277	    1.204	    0.042	    0.112	    2.928

qsub: job 31539.sith-mgmt2.ccs.ornl.gov completed

qsub: waiting for job 31540.sith-mgmt2.ccs.ornl.gov to start
qsub: job 31540.sith-mgmt2.ccs.ornl.gov ready

    0.000	    1.670	    1.343	    0.038	    0.259	    3.944

qsub: job 31540.sith-mgmt2.ccs.ornl.gov completed

2 var
qsub: waiting for job 31541.sith-mgmt2.ccs.ornl.gov to start
qsub: job 31541.sith-mgmt2.ccs.ornl.gov ready

    0.000	    0.030	    0.553	    0.026	    0.034	    0.779

qsub: job 31541.sith-mgmt2.ccs.ornl.gov completed

qsub: waiting for job 31542.sith-mgmt2.ccs.ornl.gov to start
qsub: job 31542.sith-mgmt2.ccs.ornl.gov ready

    0.000	    0.113	    0.616	    0.027	    0.037	    0.927

qsub: job 31542.sith-mgmt2.ccs.ornl.gov completed

qsub: waiting for job 31543.sith-mgmt2.ccs.ornl.gov to start
qsub: job 31543.sith-mgmt2.ccs.ornl.gov ready

    0.000	    0.221	    0.713	    0.027	    0.047	    1.162

qsub: job 31543.sith-mgmt2.ccs.ornl.gov completed

qsub: waiting for job 31544.sith-mgmt2.ccs.ornl.gov to start
qsub: job 31544.sith-mgmt2.ccs.ornl.gov ready

    0.000	    0.421	    0.902	    0.028	    0.062	    1.578

qsub: job 31544.sith-mgmt2.ccs.ornl.gov completed

qsub: waiting for job 31545.sith-mgmt2.ccs.ornl.gov to start
qsub: job 31545.sith-mgmt2.ccs.ornl.gov ready

    0.000	    1.654	    0.969	    0.043	    0.205	    3.275

qsub: job 31545.sith-mgmt2.ccs.ornl.gov completed

4 var
qsub: waiting for job 31546.sith-mgmt2.ccs.ornl.gov to start
qsub: job 31546.sith-mgmt2.ccs.ornl.gov ready

    0.000	    0.712	    1.136	    0.049	    0.034	    2.122

qsub: job 31546.sith-mgmt2.ccs.ornl.gov completed

qsub: waiting for job 31547.sith-mgmt2.ccs.ornl.gov to start
qsub: job 31547.sith-mgmt2.ccs.ornl.gov ready

    0.000	    0.691	    1.562	    0.055	    0.038	    2.544

qsub: job 31547.sith-mgmt2.ccs.ornl.gov completed

qsub: waiting for job 31548.sith-mgmt2.ccs.ornl.gov to start
qsub: job 31548.sith-mgmt2.ccs.ornl.gov ready

    0.000	    1.249	    1.610	    0.079	    0.042	    3.205

qsub: job 31548.sith-mgmt2.ccs.ornl.gov completed

qsub: waiting for job 31549.sith-mgmt2.ccs.ornl.gov to start
qsub: job 31549.sith-mgmt2.ccs.ornl.gov ready

    0.000	    2.881	    1.949	    0.092	    0.060	    5.260

qsub: job 31549.sith-mgmt2.ccs.ornl.gov completed

qsub: waiting for job 31550.sith-mgmt2.ccs.ornl.gov to start
qsub: job 31550.sith-mgmt2.ccs.ornl.gov ready

    0.000	    4.920	    2.282	    0.146	    0.159	    8.022

qsub: job 31550.sith-mgmt2.ccs.ornl.gov completed

3 var
qsub: waiting for job 31551.sith-mgmt2.ccs.ornl.gov to start
qsub: job 31551.sith-mgmt2.ccs.ornl.gov ready

    0.000	    0.395	    0.942	    0.036	    0.042	    1.588

qsub: job 31551.sith-mgmt2.ccs.ornl.gov completed

qsub: waiting for job 31552.sith-mgmt2.ccs.ornl.gov to start
qsub: job 31552.sith-mgmt2.ccs.ornl.gov ready

    0.000	    1.096	    1.212	    0.040	    0.083	    2.678

qsub: job 31552.sith-mgmt2.ccs.ornl.gov completed

qsub: waiting for job 31553.sith-mgmt2.ccs.ornl.gov to start
qsub: job 31553.sith-mgmt2.ccs.ornl.gov ready

    0.000	    1.687	    1.296	    0.038	    0.304	    4.034

qsub: job 31553.sith-mgmt2.ccs.ornl.gov completed

qsub: waiting for job 31554.sith-mgmt2.ccs.ornl.gov to start
qsub: job 31554.sith-mgmt2.ccs.ornl.gov ready

    0.000	    1.260	    1.057	    0.047	    0.114	    2.785

qsub: job 31554.sith-mgmt2.ccs.ornl.gov completed

qsub: waiting for job 31555.sith-mgmt2.ccs.ornl.gov to start
qsub: job 31555.sith-mgmt2.ccs.ornl.gov ready

    0.000	    1.758	    1.314	    0.044	    0.269	    4.016

qsub: job 31555.sith-mgmt2.ccs.ornl.gov completed

2 var
qsub: waiting for job 31556.sith-mgmt2.ccs.ornl.gov to start
qsub: job 31556.sith-mgmt2.ccs.ornl.gov ready

    0.000	    0.031	    0.559	    0.025	    0.034	    0.792

qsub: job 31556.sith-mgmt2.ccs.ornl.gov completed

qsub: waiting for job 31557.sith-mgmt2.ccs.ornl.gov to start
qsub: job 31557.sith-mgmt2.ccs.ornl.gov ready

    0.000	    0.113	    0.723	    0.024	    0.037	    1.033

qsub: job 31557.sith-mgmt2.ccs.ornl.gov completed

qsub: waiting for job 31558.sith-mgmt2.ccs.ornl.gov to start
qsub: job 31558.sith-mgmt2.ccs.ornl.gov ready

    0.000	    0.213	    0.695	    0.024	    0.048	    1.126

qsub: job 31558.sith-mgmt2.ccs.ornl.gov completed

qsub: waiting for job 31559.sith-mgmt2.ccs.ornl.gov to start
qsub: job 31559.sith-mgmt2.ccs.ornl.gov ready

    0.000	    0.406	    0.779	    0.024	    0.061	    1.442

qsub: job 31559.sith-mgmt2.ccs.ornl.gov completed

qsub: waiting for job 31560.sith-mgmt2.ccs.ornl.gov to start
qsub: job 31560.sith-mgmt2.ccs.ornl.gov ready

    0.000	    1.485	    0.934	    0.035	    0.204	    3.069

qsub: job 31560.sith-mgmt2.ccs.ornl.gov completed

4 var
qsub: waiting for job 31561.sith-mgmt2.ccs.ornl.gov to start
qsub: job 31561.sith-mgmt2.ccs.ornl.gov ready

    0.000	    0.731	    1.061	    0.055	    0.034	    2.093

qsub: job 31561.sith-mgmt2.ccs.ornl.gov completed

qsub: waiting for job 31562.sith-mgmt2.ccs.ornl.gov to start
qsub: job 31562.sith-mgmt2.ccs.ornl.gov ready

    0.000	    0.695	    1.403	    0.055	    0.039	    2.404

qsub: job 31562.sith-mgmt2.ccs.ornl.gov completed

qsub: waiting for job 31563.sith-mgmt2.ccs.ornl.gov to start
qsub: job 31563.sith-mgmt2.ccs.ornl.gov ready

    0.000	    1.175	    1.578	    0.055	    0.039	    3.063

qsub: job 31563.sith-mgmt2.ccs.ornl.gov completed

qsub: waiting for job 31564.sith-mgmt2.ccs.ornl.gov to start
qsub: job 31564.sith-mgmt2.ccs.ornl.gov ready

    0.000	    2.748	    1.859	    0.069	    0.059	    4.983

qsub: job 31564.sith-mgmt2.ccs.ornl.gov completed

qsub: waiting for job 31565.sith-mgmt2.ccs.ornl.gov to start
qsub: job 31565.sith-mgmt2.ccs.ornl.gov ready

    0.000	    2.838	    2.062	    0.053	    0.155	    5.523

qsub: job 31565.sith-mgmt2.ccs.ornl.gov completed

3 var
qsub: waiting for job 31566.sith-mgmt2.ccs.ornl.gov to start
qsub: job 31566.sith-mgmt2.ccs.ornl.gov ready

    0.000	    0.435	    0.938	    0.090	    0.043	    1.717

qsub: job 31566.sith-mgmt2.ccs.ornl.gov completed

qsub: waiting for job 31567.sith-mgmt2.ccs.ornl.gov to start
qsub: job 31567.sith-mgmt2.ccs.ornl.gov ready

    0.000	    1.068	    1.049	    0.047	    0.085	    2.493

qsub: job 31567.sith-mgmt2.ccs.ornl.gov completed

qsub: waiting for job 31568.sith-mgmt2.ccs.ornl.gov to start
qsub: job 31568.sith-mgmt2.ccs.ornl.gov ready

    0.000	    2.298	    1.440	    0.073	    0.316	    4.842

qsub: job 31568.sith-mgmt2.ccs.ornl.gov completed

qsub: waiting for job 31569.sith-mgmt2.ccs.ornl.gov to start
qsub: job 31569.sith-mgmt2.ccs.ornl.gov ready

    0.000	    1.280	    1.412	    0.042	    0.112	    3.165

qsub: job 31569.sith-mgmt2.ccs.ornl.gov completed

qsub: waiting for job 31570.sith-mgmt2.ccs.ornl.gov to start
qsub: job 31570.sith-mgmt2.ccs.ornl.gov ready

    0.000	    1.764	    1.352	    0.048	    0.266	    4.068

qsub: job 31570.sith-mgmt2.ccs.ornl.gov completed

2 var
qsub: waiting for job 31571.sith-mgmt2.ccs.ornl.gov to start
qsub: job 31571.sith-mgmt2.ccs.ornl.gov ready

    0.000	    0.032	    0.626	    0.028	    0.034	    0.863

qsub: job 31571.sith-mgmt2.ccs.ornl.gov completed

qsub: waiting for job 31572.sith-mgmt2.ccs.ornl.gov to start
qsub: job 31572.sith-mgmt2.ccs.ornl.gov ready

    0.000	    0.115	    0.590	    0.028	    0.038	    0.908

qsub: job 31572.sith-mgmt2.ccs.ornl.gov completed

qsub: waiting for job 31573.sith-mgmt2.ccs.ornl.gov to start
qsub: job 31573.sith-mgmt2.ccs.ornl.gov ready

    0.000	    0.217	    0.611	    0.027	    0.048	    1.041

qsub: job 31573.sith-mgmt2.ccs.ornl.gov completed

qsub: waiting for job 31574.sith-mgmt2.ccs.ornl.gov to start
qsub: job 31574.sith-mgmt2.ccs.ornl.gov ready

    0.000	    0.414	    0.788	    0.027	    0.061	    1.456

qsub: job 31574.sith-mgmt2.ccs.ornl.gov completed

qsub: waiting for job 31575.sith-mgmt2.ccs.ornl.gov to start
qsub: job 31575.sith-mgmt2.ccs.ornl.gov ready

    0.000	    1.683	    1.160	    0.044	    0.202	    3.515

qsub: job 31575.sith-mgmt2.ccs.ornl.gov completed

4 var
qsub: waiting for job 31576.sith-mgmt2.ccs.ornl.gov to start
qsub: job 31576.sith-mgmt2.ccs.ornl.gov ready

    0.000	    0.726	    1.015	    0.056	    0.034	    2.019

qsub: job 31576.sith-mgmt2.ccs.ornl.gov completed

qsub: waiting for job 31577.sith-mgmt2.ccs.ornl.gov to start
qsub: job 31577.sith-mgmt2.ccs.ornl.gov ready

    0.000	    0.711	    1.353	    0.073	    0.040	    2.383

qsub: job 31577.sith-mgmt2.ccs.ornl.gov completed

qsub: waiting for job 31578.sith-mgmt2.ccs.ornl.gov to start
qsub: job 31578.sith-mgmt2.ccs.ornl.gov ready

    0.000	    1.185	    1.606	    0.056	    0.039	    3.089

qsub: job 31578.sith-mgmt2.ccs.ornl.gov completed

qsub: waiting for job 31579.sith-mgmt2.ccs.ornl.gov to start
qsub: job 31579.sith-mgmt2.ccs.ornl.gov ready

    0.000	    2.335	    1.839	    0.055	    0.059	    4.528

qsub: job 31579.sith-mgmt2.ccs.ornl.gov completed

qsub: waiting for job 31580.sith-mgmt2.ccs.ornl.gov to start
qsub: job 31580.sith-mgmt2.ccs.ornl.gov ready

    0.000	    3.854	    2.479	    0.107	    0.155	    7.041

qsub: job 31580.sith-mgmt2.ccs.ornl.gov completed

3 var
qsub: waiting for job 31581.sith-mgmt2.ccs.ornl.gov to start
qsub: job 31581.sith-mgmt2.ccs.ornl.gov ready

    0.000	    0.421	    0.874	    0.049	    0.043	    1.577

qsub: job 31581.sith-mgmt2.ccs.ornl.gov completed

qsub: waiting for job 31582.sith-mgmt2.ccs.ornl.gov to start
qsub: job 31582.sith-mgmt2.ccs.ornl.gov ready

    0.000	    1.078	    1.140	    0.039	    0.082	    2.586

qsub: job 31582.sith-mgmt2.ccs.ornl.gov completed

qsub: waiting for job 31583.sith-mgmt2.ccs.ornl.gov to start
qsub: job 31583.sith-mgmt2.ccs.ornl.gov ready

    0.000	    2.094	    1.276	    0.063	    0.316	    4.461

qsub: job 31583.sith-mgmt2.ccs.ornl.gov completed

qsub: waiting for job 31584.sith-mgmt2.ccs.ornl.gov to start
qsub: job 31584.sith-mgmt2.ccs.ornl.gov ready

    0.000	    1.283	    1.067	    0.041	    0.113	    2.802

qsub: job 31584.sith-mgmt2.ccs.ornl.gov completed

qsub: waiting for job 31585.sith-mgmt2.ccs.ornl.gov to start
qsub: job 31585.sith-mgmt2.ccs.ornl.gov ready

    0.000	    1.745	    1.263	    0.040	    0.267	    3.942

qsub: job 31585.sith-mgmt2.ccs.ornl.gov completed

2 var
qsub: waiting for job 31586.sith-mgmt2.ccs.ornl.gov to start
qsub: job 31586.sith-mgmt2.ccs.ornl.gov ready

    0.000	    0.032	    0.417	    0.029	    0.034	    1.886

qsub: job 31586.sith-mgmt2.ccs.ornl.gov completed

qsub: waiting for job 31587.sith-mgmt2.ccs.ornl.gov to start
qsub: job 31587.sith-mgmt2.ccs.ornl.gov ready

    0.000	    0.123	    0.616	    0.043	    0.039	    0.961

qsub: job 31587.sith-mgmt2.ccs.ornl.gov completed

qsub: waiting for job 31588.sith-mgmt2.ccs.ornl.gov to start
qsub: job 31588.sith-mgmt2.ccs.ornl.gov ready

    0.000	    0.219	    0.653	    0.027	    0.047	    1.090

qsub: job 31588.sith-mgmt2.ccs.ornl.gov completed

qsub: waiting for job 31589.sith-mgmt2.ccs.ornl.gov to start
qsub: job 31589.sith-mgmt2.ccs.ornl.gov ready

    0.000	    0.423	    0.813	    0.027	    0.063	    1.499

qsub: job 31589.sith-mgmt2.ccs.ornl.gov completed

qsub: waiting for job 31590.sith-mgmt2.ccs.ornl.gov to start
qsub: job 31590.sith-mgmt2.ccs.ornl.gov ready

    0.000	    1.680	    0.955	    0.059	    0.200	    3.316

qsub: job 31590.sith-mgmt2.ccs.ornl.gov completed

4 var
qsub: waiting for job 31591.sith-mgmt2.ccs.ornl.gov to start
qsub: job 31591.sith-mgmt2.ccs.ornl.gov ready

    0.000	    0.712	    1.361	    0.051	    0.033	    2.361

qsub: job 31591.sith-mgmt2.ccs.ornl.gov completed

qsub: waiting for job 31592.sith-mgmt2.ccs.ornl.gov to start
qsub: job 31592.sith-mgmt2.ccs.ornl.gov ready

    0.000	    0.689	    1.586	    0.054	    0.039	    2.572

qsub: job 31592.sith-mgmt2.ccs.ornl.gov completed

qsub: waiting for job 31593.sith-mgmt2.ccs.ornl.gov to start
qsub: job 31593.sith-mgmt2.ccs.ornl.gov ready

    0.000	    1.508	    1.717	    0.126	    0.042	    3.633

qsub: job 31593.sith-mgmt2.ccs.ornl.gov completed

qsub: waiting for job 31594.sith-mgmt2.ccs.ornl.gov to start
qsub: job 31594.sith-mgmt2.ccs.ornl.gov ready

    0.000	    2.782	    1.807	    0.069	    0.061	    4.968

qsub: job 31594.sith-mgmt2.ccs.ornl.gov completed

qsub: waiting for job 31595.sith-mgmt2.ccs.ornl.gov to start
qsub: job 31595.sith-mgmt2.ccs.ornl.gov ready

    0.000	    4.947	    2.110	    0.145	    0.159	    7.859

qsub: job 31595.sith-mgmt2.ccs.ornl.gov completed

3 var
qsub: waiting for job 31596.sith-mgmt2.ccs.ornl.gov to start
qsub: job 31596.sith-mgmt2.ccs.ornl.gov ready

    0.000	    0.395	    0.888	    0.036	    0.042	    1.542

qsub: job 31596.sith-mgmt2.ccs.ornl.gov completed

qsub: waiting for job 31597.sith-mgmt2.ccs.ornl.gov to start
qsub: job 31597.sith-mgmt2.ccs.ornl.gov ready

    0.000	    1.294	    1.061	    0.056	    0.083	    2.744

qsub: job 31597.sith-mgmt2.ccs.ornl.gov completed

qsub: waiting for job 31598.sith-mgmt2.ccs.ornl.gov to start
qsub: job 31598.sith-mgmt2.ccs.ornl.gov ready

    0.000	    2.003	    1.363	    0.055	    0.316	    4.450

qsub: job 31598.sith-mgmt2.ccs.ornl.gov completed

qsub: waiting for job 31599.sith-mgmt2.ccs.ornl.gov to start
qsub: job 31599.sith-mgmt2.ccs.ornl.gov ready

    0.000	    2.317	    1.227	    0.085	    0.115	    4.078

qsub: job 31599.sith-mgmt2.ccs.ornl.gov completed

qsub: waiting for job 31600.sith-mgmt2.ccs.ornl.gov to start
qsub: job 31600.sith-mgmt2.ccs.ornl.gov ready

    0.000	    1.756	    1.276	    0.039	    0.264	    3.962

qsub: job 31600.sith-mgmt2.ccs.ornl.gov completed

2 var
qsub: waiting for job 31601.sith-mgmt2.ccs.ornl.gov to start
qsub: job 31601.sith-mgmt2.ccs.ornl.gov ready

    0.000	    0.031	    0.611	    0.026	    0.034	    0.853

qsub: job 31601.sith-mgmt2.ccs.ornl.gov completed

qsub: waiting for job 31602.sith-mgmt2.ccs.ornl.gov to start
qsub: job 31602.sith-mgmt2.ccs.ornl.gov ready

    0.000	    0.113	    0.581	    0.024	    0.037	    0.892

qsub: job 31602.sith-mgmt2.ccs.ornl.gov completed

qsub: waiting for job 31603.sith-mgmt2.ccs.ornl.gov to start
qsub: job 31603.sith-mgmt2.ccs.ornl.gov ready

    0.000	    0.212	    0.660	    0.024	    0.047	    1.088

qsub: job 31603.sith-mgmt2.ccs.ornl.gov completed

qsub: waiting for job 31604.sith-mgmt2.ccs.ornl.gov to start
qsub: job 31604.sith-mgmt2.ccs.ornl.gov ready

    0.000	    0.414	    1.755	    0.027	    0.062	    2.423

qsub: job 31604.sith-mgmt2.ccs.ornl.gov completed

qsub: waiting for job 31605.sith-mgmt2.ccs.ornl.gov to start
qsub: job 31605.sith-mgmt2.ccs.ornl.gov ready

    0.000	    1.191	    0.965	    0.027	    0.203	    2.789

qsub: job 31605.sith-mgmt2.ccs.ornl.gov completed

4 var
qsub: waiting for job 31606.sith-mgmt2.ccs.ornl.gov to start
qsub: job 31606.sith-mgmt2.ccs.ornl.gov ready

    0.000	    0.715	    0.828	    0.052	    0.033	    1.762

qsub: job 31606.sith-mgmt2.ccs.ornl.gov completed

qsub: waiting for job 31607.sith-mgmt2.ccs.ornl.gov to start
qsub: job 31607.sith-mgmt2.ccs.ornl.gov ready

    0.000	    0.692	    1.436	    0.055	    0.039	    2.427

qsub: job 31607.sith-mgmt2.ccs.ornl.gov completed

qsub: waiting for job 31608.sith-mgmt2.ccs.ornl.gov to start
qsub: job 31608.sith-mgmt2.ccs.ornl.gov ready

    0.000	    1.403	    1.572	    0.123	    0.039	    3.379

qsub: job 31608.sith-mgmt2.ccs.ornl.gov completed

qsub: waiting for job 31609.sith-mgmt2.ccs.ornl.gov to start
qsub: job 31609.sith-mgmt2.ccs.ornl.gov ready

    0.000	    2.313	    1.936	    0.054	    0.059	    4.613

qsub: job 31609.sith-mgmt2.ccs.ornl.gov completed

qsub: waiting for job 31610.sith-mgmt2.ccs.ornl.gov to start
qsub: job 31610.sith-mgmt2.ccs.ornl.gov ready

    0.000	    3.981	    2.066	    0.106	    0.158	    6.776

qsub: job 31610.sith-mgmt2.ccs.ornl.gov completed

3 var
qsub: waiting for job 31611.sith-mgmt2.ccs.ornl.gov to start
qsub: job 31611.sith-mgmt2.ccs.ornl.gov ready

    0.000	    0.403	    0.821	    0.041	    0.042	    1.480

qsub: job 31611.sith-mgmt2.ccs.ornl.gov completed

qsub: waiting for job 31612.sith-mgmt2.ccs.ornl.gov to start
qsub: job 31612.sith-mgmt2.ccs.ornl.gov ready

    0.000	    1.097	    1.128	    0.041	    0.083	    2.607

qsub: job 31612.sith-mgmt2.ccs.ornl.gov completed

qsub: waiting for job 31613.sith-mgmt2.ccs.ornl.gov to start
qsub: job 31613.sith-mgmt2.ccs.ornl.gov ready

    0.000	    1.696	    1.280	    0.040	    0.313	    4.051

qsub: job 31613.sith-mgmt2.ccs.ornl.gov completed

qsub: waiting for job 31614.sith-mgmt2.ccs.ornl.gov to start
qsub: job 31614.sith-mgmt2.ccs.ornl.gov ready

    0.000	    1.273	    1.158	    0.058	    0.113	    2.927

qsub: job 31614.sith-mgmt2.ccs.ornl.gov completed

qsub: waiting for job 31615.sith-mgmt2.ccs.ornl.gov to start
qsub: job 31615.sith-mgmt2.ccs.ornl.gov ready

    0.000	    1.767	    1.401	    0.041	    0.268	    4.117

qsub: job 31615.sith-mgmt2.ccs.ornl.gov completed

2 var
qsub: waiting for job 31616.sith-mgmt2.ccs.ornl.gov to start
qsub: job 31616.sith-mgmt2.ccs.ornl.gov ready

    0.000	    0.031	    0.580	    0.028	    0.034	    0.814

qsub: job 31616.sith-mgmt2.ccs.ornl.gov completed

qsub: waiting for job 31617.sith-mgmt2.ccs.ornl.gov to start
qsub: job 31617.sith-mgmt2.ccs.ornl.gov ready

    0.000	    0.115	    0.636	    0.028	    0.037	    0.962

qsub: job 31617.sith-mgmt2.ccs.ornl.gov completed

qsub: waiting for job 31618.sith-mgmt2.ccs.ornl.gov to start
qsub: job 31618.sith-mgmt2.ccs.ornl.gov ready

    0.000	    0.218	    0.663	    0.027	    0.047	    1.102

qsub: job 31618.sith-mgmt2.ccs.ornl.gov completed

qsub: waiting for job 31619.sith-mgmt2.ccs.ornl.gov to start
qsub: job 31619.sith-mgmt2.ccs.ornl.gov ready

    0.000	    0.419	    0.868	    0.027	    0.062	    1.543

qsub: job 31619.sith-mgmt2.ccs.ornl.gov completed

qsub: waiting for job 31620.sith-mgmt2.ccs.ornl.gov to start
qsub: job 31620.sith-mgmt2.ccs.ornl.gov ready

    0.000	    2.231	    1.111	    0.076	    0.208	    4.056

qsub: job 31620.sith-mgmt2.ccs.ornl.gov completed

