2 var
qsub: waiting for job 28221.sith-mgmt2.ccs.ornl.gov to start
qsub: job 28221.sith-mgmt2.ccs.ornl.gov ready

    0.000	    0.032	    0.176	    0.029	    0.034	    0.376

qsub: job 28221.sith-mgmt2.ccs.ornl.gov completed
qsub: waiting for job 28222.sith-mgmt2.ccs.ornl.gov to start
qsub: job 28222.sith-mgmt2.ccs.ornl.gov ready

    0.000	    0.032	    0.236	    0.029	    0.034	    0.444

qsub: job 28222.sith-mgmt2.ccs.ornl.gov completed
qsub: waiting for job 28223.sith-mgmt2.ccs.ornl.gov to start
qsub: job 28223.sith-mgmt2.ccs.ornl.gov ready

    0.000	    0.034	    0.161	    0.044	    0.035	    0.396

qsub: job 28223.sith-mgmt2.ccs.ornl.gov completed
qsub: waiting for job 28224.sith-mgmt2.ccs.ornl.gov to start
qsub: job 28224.sith-mgmt2.ccs.ornl.gov ready

    0.000	    0.038	    0.165	    0.044	    0.035	    0.389

qsub: job 28224.sith-mgmt2.ccs.ornl.gov completed
qsub: waiting for job 28225.sith-mgmt2.ccs.ornl.gov to start
qsub: job 28225.sith-mgmt2.ccs.ornl.gov ready

    0.000	    0.033	    0.277	    0.029	    0.034	    0.481

qsub: job 28225.sith-mgmt2.ccs.ornl.gov completed
qsub: waiting for job 28226.sith-mgmt2.ccs.ornl.gov to start
qsub: job 28226.sith-mgmt2.ccs.ornl.gov ready

    0.000	    0.032	    1.342	    0.029	    0.034	    1.560

qsub: job 28226.sith-mgmt2.ccs.ornl.gov completed
qsub: waiting for job 28227.sith-mgmt2.ccs.ornl.gov to start
qsub: job 28227.sith-mgmt2.ccs.ornl.gov ready

    0.000	    0.033	    0.149	    0.029	    0.034	    0.349

qsub: job 28227.sith-mgmt2.ccs.ornl.gov completed
qsub: waiting for job 28229.sith-mgmt2.ccs.ornl.gov to start
qsub: job 28229.sith-mgmt2.ccs.ornl.gov ready

    0.000	    0.032	    0.171	    0.029	    0.034	    0.377

qsub: job 28229.sith-mgmt2.ccs.ornl.gov completed
qsub: waiting for job 28230.sith-mgmt2.ccs.ornl.gov to start
qsub: job 28230.sith-mgmt2.ccs.ornl.gov ready

    0.000	    0.032	    0.161	    0.029	    0.034	    0.396

qsub: job 28230.sith-mgmt2.ccs.ornl.gov completed
qsub: waiting for job 28231.sith-mgmt2.ccs.ornl.gov to start
qsub: job 28231.sith-mgmt2.ccs.ornl.gov ready

    0.000	    0.032	    0.167	    0.029	    0.033	    0.382

qsub: job 28231.sith-mgmt2.ccs.ornl.gov completed
qsub: waiting for job 28232.sith-mgmt2.ccs.ornl.gov to start
qsub: job 28232.sith-mgmt2.ccs.ornl.gov ready

    0.000	    0.032	    0.154	    0.028	    0.034	    0.362

qsub: job 28232.sith-mgmt2.ccs.ornl.gov completed
qsub: waiting for job 28233.sith-mgmt2.ccs.ornl.gov to start
qsub: job 28233.sith-mgmt2.ccs.ornl.gov ready

    0.000	    0.032	    0.148	    0.028	    0.034	    0.369

qsub: job 28233.sith-mgmt2.ccs.ornl.gov completed
qsub: waiting for job 28234.sith-mgmt2.ccs.ornl.gov to start
qsub: job 28234.sith-mgmt2.ccs.ornl.gov ready

    0.000	    0.032	    0.153	    0.028	    0.034	    0.377

qsub: job 28234.sith-mgmt2.ccs.ornl.gov completed
qsub: waiting for job 28235.sith-mgmt2.ccs.ornl.gov to start
qsub: job 28235.sith-mgmt2.ccs.ornl.gov ready

    0.000	    0.032	    0.385	    0.029	    0.034	    0.608

qsub: job 28235.sith-mgmt2.ccs.ornl.gov completed
qsub: waiting for job 28236.sith-mgmt2.ccs.ornl.gov to start
qsub: job 28236.sith-mgmt2.ccs.ornl.gov ready

    0.000	    0.032	    0.178	    0.028	    0.034	    0.389

qsub: job 28236.sith-mgmt2.ccs.ornl.gov completed
qsub: waiting for job 28237.sith-mgmt2.ccs.ornl.gov to start
qsub: job 28237.sith-mgmt2.ccs.ornl.gov ready

    0.000	    0.032	    0.227	    0.030	    0.034	    0.450

qsub: job 28237.sith-mgmt2.ccs.ornl.gov completed
qsub: waiting for job 28238.sith-mgmt2.ccs.ornl.gov to start
qsub: job 28238.sith-mgmt2.ccs.ornl.gov ready

    0.000	    0.032	    0.151	    0.029	    0.034	    0.361

qsub: job 28238.sith-mgmt2.ccs.ornl.gov completed
qsub: waiting for job 28239.sith-mgmt2.ccs.ornl.gov to start
qsub: job 28239.sith-mgmt2.ccs.ornl.gov ready

    0.000	    0.031	    0.158	    0.028	    0.034	    0.351

qsub: job 28239.sith-mgmt2.ccs.ornl.gov completed
qsub: waiting for job 28240.sith-mgmt2.ccs.ornl.gov to start
qsub: job 28240.sith-mgmt2.ccs.ornl.gov ready

    0.000	    0.031	    0.314	    0.028	    0.034	    0.532

qsub: job 28240.sith-mgmt2.ccs.ornl.gov completed
qsub: waiting for job 28241.sith-mgmt2.ccs.ornl.gov to start
qsub: job 28241.sith-mgmt2.ccs.ornl.gov ready

    0.000	    0.031	    0.314	    0.028	    0.034	    0.542

qsub: job 28241.sith-mgmt2.ccs.ornl.gov completed

qsub: waiting for job 28242.sith-mgmt2.ccs.ornl.gov to start
qsub: job 28242.sith-mgmt2.ccs.ornl.gov ready

    0.000	    0.113	    0.227	    0.026	    0.037	    0.511

qsub: job 28242.sith-mgmt2.ccs.ornl.gov completed
qsub: waiting for job 28243.sith-mgmt2.ccs.ornl.gov to start
qsub: job 28243.sith-mgmt2.ccs.ornl.gov ready

    0.000	    0.114	    0.326	    0.025	    0.038	    0.634

qsub: job 28243.sith-mgmt2.ccs.ornl.gov completed
qsub: waiting for job 28244.sith-mgmt2.ccs.ornl.gov to start
qsub: job 28244.sith-mgmt2.ccs.ornl.gov ready

    0.000	    0.113	    0.275	    0.028	    0.037	    0.563

qsub: job 28244.sith-mgmt2.ccs.ornl.gov completed
qsub: waiting for job 28245.sith-mgmt2.ccs.ornl.gov to start
qsub: job 28245.sith-mgmt2.ccs.ornl.gov ready

    0.000	    0.116	    0.463	    0.028	    0.037	    0.790

qsub: job 28245.sith-mgmt2.ccs.ornl.gov completed
qsub: waiting for job 28246.sith-mgmt2.ccs.ornl.gov to start
qsub: job 28246.sith-mgmt2.ccs.ornl.gov ready

    0.000	    0.116	    0.207	    0.029	    0.037	    0.500

qsub: job 28246.sith-mgmt2.ccs.ornl.gov completed
qsub: waiting for job 28247.sith-mgmt2.ccs.ornl.gov to start
qsub: job 28247.sith-mgmt2.ccs.ornl.gov ready

    0.000	    0.115	    0.208	    0.029	    0.037	    0.518

qsub: job 28247.sith-mgmt2.ccs.ornl.gov completed
qsub: waiting for job 28248.sith-mgmt2.ccs.ornl.gov to start
qsub: job 28248.sith-mgmt2.ccs.ornl.gov ready

    0.000	    0.114	    0.813	    0.026	    0.037	    1.114

qsub: job 28248.sith-mgmt2.ccs.ornl.gov completed
qsub: waiting for job 28249.sith-mgmt2.ccs.ornl.gov to start
qsub: job 28249.sith-mgmt2.ccs.ornl.gov ready

    0.000	    0.114	    0.332	    0.026	    0.037	    0.631

qsub: job 28249.sith-mgmt2.ccs.ornl.gov completed
qsub: waiting for job 28250.sith-mgmt2.ccs.ornl.gov to start
qsub: job 28250.sith-mgmt2.ccs.ornl.gov ready

    0.000	    0.115	    0.222	    0.026	    0.037	    0.524

qsub: job 28250.sith-mgmt2.ccs.ornl.gov completed
qsub: waiting for job 28251.sith-mgmt2.ccs.ornl.gov to start
qsub: job 28251.sith-mgmt2.ccs.ornl.gov ready

    0.000	    0.116	    1.158	    0.028	    0.037	    1.473

qsub: job 28251.sith-mgmt2.ccs.ornl.gov completed
qsub: waiting for job 28252.sith-mgmt2.ccs.ornl.gov to start
qsub: job 28252.sith-mgmt2.ccs.ornl.gov ready

    0.000	    0.115	    0.324	    0.028	    0.037	    0.630

qsub: job 28252.sith-mgmt2.ccs.ornl.gov completed
qsub: waiting for job 28253.sith-mgmt2.ccs.ornl.gov to start
qsub: job 28253.sith-mgmt2.ccs.ornl.gov ready

    0.000	    0.116	    0.595	    0.028	    0.038	    0.907

qsub: job 28253.sith-mgmt2.ccs.ornl.gov completed
qsub: waiting for job 28254.sith-mgmt2.ccs.ornl.gov to start
qsub: job 28254.sith-mgmt2.ccs.ornl.gov ready

    0.000	    0.115	    0.207	    0.029	    0.037	    0.496

qsub: job 28254.sith-mgmt2.ccs.ornl.gov completed
qsub: waiting for job 28256.sith-mgmt2.ccs.ornl.gov to start
qsub: job 28256.sith-mgmt2.ccs.ornl.gov ready

    0.000	    0.114	    0.339	    0.026	    0.037	    0.662

qsub: job 28256.sith-mgmt2.ccs.ornl.gov completed
qsub: waiting for job 28257.sith-mgmt2.ccs.ornl.gov to start
qsub: job 28257.sith-mgmt2.ccs.ornl.gov ready

    0.000	    0.113	    0.317	    0.025	    0.037	    0.634

qsub: job 28257.sith-mgmt2.ccs.ornl.gov completed
qsub: waiting for job 28258.sith-mgmt2.ccs.ornl.gov to start
qsub: job 28258.sith-mgmt2.ccs.ornl.gov ready

    0.000	    0.113	    0.218	    0.026	    0.037	    0.498

qsub: job 28258.sith-mgmt2.ccs.ornl.gov completed
qsub: waiting for job 28259.sith-mgmt2.ccs.ornl.gov to start
qsub: job 28259.sith-mgmt2.ccs.ornl.gov ready

    0.000	    0.114	    0.489	    0.025	    0.037	    0.818

qsub: job 28259.sith-mgmt2.ccs.ornl.gov completed
qsub: waiting for job 28260.sith-mgmt2.ccs.ornl.gov to start
qsub: job 28260.sith-mgmt2.ccs.ornl.gov ready

    0.000	    0.114	    0.419	    0.026	    0.037	    0.734

qsub: job 28260.sith-mgmt2.ccs.ornl.gov completed
qsub: waiting for job 28261.sith-mgmt2.ccs.ornl.gov to start
qsub: job 28261.sith-mgmt2.ccs.ornl.gov ready

    0.000	    0.126	    0.322	    0.043	    0.039	    0.672

qsub: job 28261.sith-mgmt2.ccs.ornl.gov completed
qsub: waiting for job 28262.sith-mgmt2.ccs.ornl.gov to start
qsub: job 28262.sith-mgmt2.ccs.ornl.gov ready

    0.000	    0.114	    0.367	    0.025	    0.037	    0.665

qsub: job 28262.sith-mgmt2.ccs.ornl.gov completed

3 var
qsub: waiting for job 28263.sith-mgmt2.ccs.ornl.gov to start
qsub: job 28263.sith-mgmt2.ccs.ornl.gov ready

    0.000	    0.471	    0.583	    0.110	    0.045	    1.702

qsub: job 28263.sith-mgmt2.ccs.ornl.gov completed
qsub: waiting for job 28264.sith-mgmt2.ccs.ornl.gov to start
qsub: job 28264.sith-mgmt2.ccs.ornl.gov ready

    0.000	    0.470	    0.366	    0.109	    0.045	    1.164

qsub: job 28264.sith-mgmt2.ccs.ornl.gov completed
qsub: waiting for job 28265.sith-mgmt2.ccs.ornl.gov to start
qsub: job 28265.sith-mgmt2.ccs.ornl.gov ready

    0.000	    0.406	    0.448	    0.057	    0.044	    1.111

qsub: job 28265.sith-mgmt2.ccs.ornl.gov completed
qsub: waiting for job 28266.sith-mgmt2.ccs.ornl.gov to start
qsub: job 28266.sith-mgmt2.ccs.ornl.gov ready

    0.000	    0.475	    0.759	    0.112	    0.045	    1.604

qsub: job 28266.sith-mgmt2.ccs.ornl.gov completed
qsub: waiting for job 28267.sith-mgmt2.ccs.ornl.gov to start
qsub: job 28267.sith-mgmt2.ccs.ornl.gov ready

    0.000	    0.401	    0.592	    0.041	    0.042	    1.245

qsub: job 28267.sith-mgmt2.ccs.ornl.gov completed
qsub: waiting for job 28268.sith-mgmt2.ccs.ornl.gov to start
qsub: job 28268.sith-mgmt2.ccs.ornl.gov ready

    0.000	    0.401	    0.519	    0.041	    0.042	    1.181

qsub: job 28268.sith-mgmt2.ccs.ornl.gov completed
qsub: waiting for job 28269.sith-mgmt2.ccs.ornl.gov to start
qsub: job 28269.sith-mgmt2.ccs.ornl.gov ready

    0.000	    0.401	    0.600	    0.041	    0.042	    1.248

qsub: job 28269.sith-mgmt2.ccs.ornl.gov completed
qsub: waiting for job 28270.sith-mgmt2.ccs.ornl.gov to start
qsub: job 28270.sith-mgmt2.ccs.ornl.gov ready

    0.000	    0.402	    0.394	    0.041	    0.042	    1.022

qsub: job 28270.sith-mgmt2.ccs.ornl.gov completed
qsub: waiting for job 28271.sith-mgmt2.ccs.ornl.gov to start
qsub: job 28271.sith-mgmt2.ccs.ornl.gov ready

    0.000	    0.400	    0.493	    0.041	    0.043	    1.129

qsub: job 28271.sith-mgmt2.ccs.ornl.gov completed
qsub: waiting for job 28272.sith-mgmt2.ccs.ornl.gov to start
qsub: job 28272.sith-mgmt2.ccs.ornl.gov ready

    0.000	    0.399	    0.357	    0.041	    0.042	    1.001

qsub: job 28272.sith-mgmt2.ccs.ornl.gov completed
qsub: waiting for job 28273.sith-mgmt2.ccs.ornl.gov to start
qsub: job 28273.sith-mgmt2.ccs.ornl.gov ready

    0.000	    0.402	    0.584	    0.041	    0.043	    1.267

qsub: job 28273.sith-mgmt2.ccs.ornl.gov completed
qsub: waiting for job 28274.sith-mgmt2.ccs.ornl.gov to start
qsub: job 28274.sith-mgmt2.ccs.ornl.gov ready

    0.000	    0.433	    0.725	    0.075	    0.044	    1.450

qsub: job 28274.sith-mgmt2.ccs.ornl.gov completed
qsub: waiting for job 28275.sith-mgmt2.ccs.ornl.gov to start
qsub: job 28275.sith-mgmt2.ccs.ornl.gov ready

    0.000	    0.403	    0.425	    0.041	    0.042	    1.072

qsub: job 28275.sith-mgmt2.ccs.ornl.gov completed
qsub: waiting for job 28276.sith-mgmt2.ccs.ornl.gov to start
qsub: job 28276.sith-mgmt2.ccs.ornl.gov ready

    0.000	    0.401	    0.374	    0.041	    0.042	    1.008

qsub: job 28276.sith-mgmt2.ccs.ornl.gov completed
qsub: waiting for job 28277.sith-mgmt2.ccs.ornl.gov to start
qsub: job 28277.sith-mgmt2.ccs.ornl.gov ready

    0.000	    0.398	    0.677	    0.039	    0.042	    1.326

qsub: job 28277.sith-mgmt2.ccs.ornl.gov completed
qsub: waiting for job 28278.sith-mgmt2.ccs.ornl.gov to start
qsub: job 28278.sith-mgmt2.ccs.ornl.gov ready

    0.000	    0.398	    0.497	    0.038	    0.042	    1.155

qsub: job 28278.sith-mgmt2.ccs.ornl.gov completed
qsub: waiting for job 28279.sith-mgmt2.ccs.ornl.gov to start
qsub: job 28279.sith-mgmt2.ccs.ornl.gov ready

    0.000	    0.397	    0.351	    0.037	    0.042	    0.973

qsub: job 28279.sith-mgmt2.ccs.ornl.gov completed
qsub: waiting for job 28280.sith-mgmt2.ccs.ornl.gov to start
qsub: job 28280.sith-mgmt2.ccs.ornl.gov ready

    0.000	    0.396	    0.475	    0.037	    0.042	    1.095

qsub: job 28280.sith-mgmt2.ccs.ornl.gov completed
qsub: waiting for job 28281.sith-mgmt2.ccs.ornl.gov to start
qsub: job 28281.sith-mgmt2.ccs.ornl.gov ready

    0.000	    0.395	    0.351	    0.038	    0.042	    0.978

qsub: job 28281.sith-mgmt2.ccs.ornl.gov completed
qsub: waiting for job 28282.sith-mgmt2.ccs.ornl.gov to start
qsub: job 28282.sith-mgmt2.ccs.ornl.gov ready

    0.000	    0.401	    0.661	    0.041	    0.042	    1.277

qsub: job 28282.sith-mgmt2.ccs.ornl.gov completed

qsub: waiting for job 28283.sith-mgmt2.ccs.ornl.gov to start
qsub: job 28283.sith-mgmt2.ccs.ornl.gov ready

    0.000	    1.125	    0.809	    0.040	    0.082	    2.285

qsub: job 28283.sith-mgmt2.ccs.ornl.gov completed
qsub: waiting for job 28284.sith-mgmt2.ccs.ornl.gov to start
qsub: job 28284.sith-mgmt2.ccs.ornl.gov ready

    0.000	    1.102	    0.738	    0.038	    0.083	    2.180

qsub: job 28284.sith-mgmt2.ccs.ornl.gov completed
qsub: waiting for job 28285.sith-mgmt2.ccs.ornl.gov to start
qsub: job 28285.sith-mgmt2.ccs.ornl.gov ready

    0.000	    1.051	    0.939	    0.038	    0.083	    2.363

qsub: job 28285.sith-mgmt2.ccs.ornl.gov completed
qsub: waiting for job 28286.sith-mgmt2.ccs.ornl.gov to start
qsub: job 28286.sith-mgmt2.ccs.ornl.gov ready

    0.000	    1.103	    0.834	    0.041	    0.083	    2.284

qsub: job 28286.sith-mgmt2.ccs.ornl.gov completed
qsub: waiting for job 28287.sith-mgmt2.ccs.ornl.gov to start
qsub: job 28287.sith-mgmt2.ccs.ornl.gov ready

    0.000	    1.891	    0.810	    0.104	    0.084	    3.158

qsub: job 28287.sith-mgmt2.ccs.ornl.gov completed
qsub: waiting for job 28288.sith-mgmt2.ccs.ornl.gov to start
qsub: job 28288.sith-mgmt2.ccs.ornl.gov ready

    0.000	    1.081	    0.671	    0.038	    0.083	    2.143

qsub: job 28288.sith-mgmt2.ccs.ornl.gov completed
qsub: waiting for job 28289.sith-mgmt2.ccs.ornl.gov to start
qsub: job 28289.sith-mgmt2.ccs.ornl.gov ready

    0.000	    1.095	    0.605	    0.044	    0.084	    2.038

qsub: job 28289.sith-mgmt2.ccs.ornl.gov completed
qsub: waiting for job 28290.sith-mgmt2.ccs.ornl.gov to start
qsub: job 28290.sith-mgmt2.ccs.ornl.gov ready

    0.000	    1.106	    0.611	    0.040	    0.083	    2.040

qsub: job 28290.sith-mgmt2.ccs.ornl.gov completed
qsub: waiting for job 28291.sith-mgmt2.ccs.ornl.gov to start
qsub: job 28291.sith-mgmt2.ccs.ornl.gov ready

    0.000	    1.098	    0.707	    0.041	    0.083	    2.163

qsub: job 28291.sith-mgmt2.ccs.ornl.gov completed
qsub: waiting for job 28292.sith-mgmt2.ccs.ornl.gov to start
qsub: job 28292.sith-mgmt2.ccs.ornl.gov ready

    0.000	    1.103	    0.551	    0.040	    0.082	    2.011

qsub: job 28292.sith-mgmt2.ccs.ornl.gov completed
qsub: waiting for job 28293.sith-mgmt2.ccs.ornl.gov to start
qsub: job 28293.sith-mgmt2.ccs.ornl.gov ready

    0.000	    1.053	    0.901	    0.037	    0.083	    2.271

qsub: job 28293.sith-mgmt2.ccs.ornl.gov completed
qsub: waiting for job 28294.sith-mgmt2.ccs.ornl.gov to start
qsub: job 28294.sith-mgmt2.ccs.ornl.gov ready

    0.000	    1.362	    0.673	    0.062	    0.083	    2.409

qsub: job 28294.sith-mgmt2.ccs.ornl.gov completed
qsub: waiting for job 28295.sith-mgmt2.ccs.ornl.gov to start
qsub: job 28295.sith-mgmt2.ccs.ornl.gov ready

    0.000	    1.089	    0.563	    0.041	    0.082	    2.027

qsub: job 28295.sith-mgmt2.ccs.ornl.gov completed
qsub: waiting for job 28296.sith-mgmt2.ccs.ornl.gov to start
qsub: job 28296.sith-mgmt2.ccs.ornl.gov ready

    0.000	    1.111	    0.837	    0.041	    0.084	    2.349

qsub: job 28296.sith-mgmt2.ccs.ornl.gov completed
qsub: waiting for job 28297.sith-mgmt2.ccs.ornl.gov to start
qsub: job 28297.sith-mgmt2.ccs.ornl.gov ready

    0.000	    1.098	    0.554	    0.041	    0.083	    2.008

qsub: job 28297.sith-mgmt2.ccs.ornl.gov completed
qsub: waiting for job 28298.sith-mgmt2.ccs.ornl.gov to start
qsub: job 28298.sith-mgmt2.ccs.ornl.gov ready

    0.000	    1.101	    0.552	    0.041	    0.082	    1.992

qsub: job 28298.sith-mgmt2.ccs.ornl.gov completed
qsub: waiting for job 28299.sith-mgmt2.ccs.ornl.gov to start
qsub: job 28299.sith-mgmt2.ccs.ornl.gov ready

    0.000	    1.074	    0.552	    0.041	    0.083	    2.027

qsub: job 28299.sith-mgmt2.ccs.ornl.gov completed
qsub: waiting for job 28300.sith-mgmt2.ccs.ornl.gov to start
qsub: job 28300.sith-mgmt2.ccs.ornl.gov ready

    0.000	    1.110	    0.881	    0.041	    0.083	    2.344

qsub: job 28300.sith-mgmt2.ccs.ornl.gov completed
qsub: waiting for job 28302.sith-mgmt2.ccs.ornl.gov to start
qsub: job 28302.sith-mgmt2.ccs.ornl.gov ready

    0.000	    1.089	    0.881	    0.043	    0.082	    2.337

qsub: job 28302.sith-mgmt2.ccs.ornl.gov completed
qsub: waiting for job 28303.sith-mgmt2.ccs.ornl.gov to start
qsub: job 28303.sith-mgmt2.ccs.ornl.gov ready

    0.000	    1.139	    1.029	    0.059	    0.085	    2.546

qsub: job 28303.sith-mgmt2.ccs.ornl.gov completed

