4 var
qsub: waiting for job 31846.sith-mgmt2.ccs.ornl.gov to start
qsub: job 31846.sith-mgmt2.ccs.ornl.gov ready

    0.000	    0.727	    1.494	    0.050	    0.040	    2.545

qsub: job 31846.sith-mgmt2.ccs.ornl.gov completed

qsub: waiting for job 31847.sith-mgmt2.ccs.ornl.gov to start
qsub: job 31847.sith-mgmt2.ccs.ornl.gov ready

    0.000	    0.742	    1.550	    0.053	    0.043	    2.615

qsub: job 31847.sith-mgmt2.ccs.ornl.gov completed

qsub: waiting for job 31848.sith-mgmt2.ccs.ornl.gov to start
qsub: job 31848.sith-mgmt2.ccs.ornl.gov ready

    0.000	    1.251	    1.754	    0.054	    0.044	    3.388

qsub: job 31848.sith-mgmt2.ccs.ornl.gov completed

qsub: waiting for job 31849.sith-mgmt2.ccs.ornl.gov to start
qsub: job 31849.sith-mgmt2.ccs.ornl.gov ready

    0.000	    2.355	    2.159	    0.053	    0.064	    4.920

qsub: job 31849.sith-mgmt2.ccs.ornl.gov completed

qsub: waiting for job 31850.sith-mgmt2.ccs.ornl.gov to start
qsub: job 31850.sith-mgmt2.ccs.ornl.gov ready

    0.000	    2.849	    2.183	    0.053	    0.163	    5.735

qsub: job 31850.sith-mgmt2.ccs.ornl.gov completed

3 var
qsub: waiting for job 31851.sith-mgmt2.ccs.ornl.gov to start
qsub: job 31851.sith-mgmt2.ccs.ornl.gov ready

    0.000	    0.414	    0.908	    0.040	    0.048	    1.639

qsub: job 31851.sith-mgmt2.ccs.ornl.gov completed

qsub: waiting for job 31852.sith-mgmt2.ccs.ornl.gov to start
qsub: job 31852.sith-mgmt2.ccs.ornl.gov ready

    0.000	    1.081	    1.030	    0.037	    0.089	    2.468

qsub: job 31852.sith-mgmt2.ccs.ornl.gov completed

qsub: waiting for job 31853.sith-mgmt2.ccs.ornl.gov to start
qsub: job 31853.sith-mgmt2.ccs.ornl.gov ready

    0.000	    1.657	    1.212	    0.040	    0.322	    3.908

qsub: job 31853.sith-mgmt2.ccs.ornl.gov completed

qsub: waiting for job 31854.sith-mgmt2.ccs.ornl.gov to start
qsub: job 31854.sith-mgmt2.ccs.ornl.gov ready

    0.000	    1.202	    1.200	    0.038	    0.118	    2.891

qsub: job 31854.sith-mgmt2.ccs.ornl.gov completed

qsub: waiting for job 31855.sith-mgmt2.ccs.ornl.gov to start
qsub: job 31855.sith-mgmt2.ccs.ornl.gov ready

    0.000	    1.750	    1.569	    0.040	    0.274	    4.317

qsub: job 31855.sith-mgmt2.ccs.ornl.gov completed

4 var
qsub: waiting for job 31856.sith-mgmt2.ccs.ornl.gov to start
qsub: job 31856.sith-mgmt2.ccs.ornl.gov ready

    0.000	    0.741	    1.298	    0.054	    0.040	    2.308

qsub: job 31856.sith-mgmt2.ccs.ornl.gov completed

qsub: waiting for job 31857.sith-mgmt2.ccs.ornl.gov to start
qsub: job 31857.sith-mgmt2.ccs.ornl.gov ready

    0.000	    0.746	    1.416	    0.055	    0.043	    2.460

qsub: job 31857.sith-mgmt2.ccs.ornl.gov completed

qsub: waiting for job 31858.sith-mgmt2.ccs.ornl.gov to start
qsub: job 31858.sith-mgmt2.ccs.ornl.gov ready

    0.000	    1.247	    1.551	    0.052	    0.044	    3.105

qsub: job 31858.sith-mgmt2.ccs.ornl.gov completed

qsub: waiting for job 31859.sith-mgmt2.ccs.ornl.gov to start
qsub: job 31859.sith-mgmt2.ccs.ornl.gov ready

    0.000	    2.383	    2.086	    0.053	    0.065	    4.920

qsub: job 31859.sith-mgmt2.ccs.ornl.gov completed

qsub: waiting for job 31860.sith-mgmt2.ccs.ornl.gov to start
qsub: job 31860.sith-mgmt2.ccs.ornl.gov ready

    0.000	    2.888	    2.022	    0.049	    0.163	    5.567

qsub: job 31860.sith-mgmt2.ccs.ornl.gov completed

3 var
qsub: waiting for job 31861.sith-mgmt2.ccs.ornl.gov to start
qsub: job 31861.sith-mgmt2.ccs.ornl.gov ready

    0.000	    0.413	    0.343	    0.041	    0.048	    1.029

qsub: job 31861.sith-mgmt2.ccs.ornl.gov completed

qsub: waiting for job 31862.sith-mgmt2.ccs.ornl.gov to start
qsub: job 31862.sith-mgmt2.ccs.ornl.gov ready

    0.000	    1.062	    1.010	    0.040	    0.089	    2.492

qsub: job 31862.sith-mgmt2.ccs.ornl.gov completed

qsub: waiting for job 31863.sith-mgmt2.ccs.ornl.gov to start
qsub: job 31863.sith-mgmt2.ccs.ornl.gov ready

    0.000	    1.656	    1.443	    0.039	    0.320	    4.213

qsub: job 31863.sith-mgmt2.ccs.ornl.gov completed

qsub: waiting for job 31864.sith-mgmt2.ccs.ornl.gov to start
qsub: job 31864.sith-mgmt2.ccs.ornl.gov ready

    0.000	    1.195	    1.177	    0.037	    0.118	    2.859

qsub: job 31864.sith-mgmt2.ccs.ornl.gov completed

qsub: waiting for job 31865.sith-mgmt2.ccs.ornl.gov to start
qsub: job 31865.sith-mgmt2.ccs.ornl.gov ready

    0.000	    1.758	    1.294	    0.039	    0.275	    3.980

qsub: job 31865.sith-mgmt2.ccs.ornl.gov completed

4 var
qsub: waiting for job 31866.sith-mgmt2.ccs.ornl.gov to start
qsub: job 31866.sith-mgmt2.ccs.ornl.gov ready

    0.000	    0.742	    1.159	    0.053	    0.040	    2.234

qsub: job 31866.sith-mgmt2.ccs.ornl.gov completed

qsub: waiting for job 31867.sith-mgmt2.ccs.ornl.gov to start
qsub: job 31867.sith-mgmt2.ccs.ornl.gov ready

    0.000	    0.742	    1.574	    0.055	    0.043	    2.655

qsub: job 31867.sith-mgmt2.ccs.ornl.gov completed

qsub: waiting for job 31868.sith-mgmt2.ccs.ornl.gov to start
qsub: job 31868.sith-mgmt2.ccs.ornl.gov ready

    0.000	    1.225	    1.710	    0.050	    0.044	    3.289

qsub: job 31868.sith-mgmt2.ccs.ornl.gov completed

qsub: waiting for job 31869.sith-mgmt2.ccs.ornl.gov to start
qsub: job 31869.sith-mgmt2.ccs.ornl.gov ready

    0.000	    2.368	    1.583	    0.052	    0.065	    4.302

qsub: job 31869.sith-mgmt2.ccs.ornl.gov completed

qsub: waiting for job 31870.sith-mgmt2.ccs.ornl.gov to start
qsub: job 31870.sith-mgmt2.ccs.ornl.gov ready

    0.000	    2.828	    1.864	    0.049	    0.161	    5.337

qsub: job 31870.sith-mgmt2.ccs.ornl.gov completed

3 var
qsub: waiting for job 31871.sith-mgmt2.ccs.ornl.gov to start
qsub: job 31871.sith-mgmt2.ccs.ornl.gov ready

    0.000	    0.408	    0.926	    0.035	    0.048	    1.608

qsub: job 31871.sith-mgmt2.ccs.ornl.gov completed

qsub: waiting for job 31872.sith-mgmt2.ccs.ornl.gov to start
qsub: job 31872.sith-mgmt2.ccs.ornl.gov ready

    0.000	    1.898	    1.207	    0.087	    0.091	    3.613

qsub: job 31872.sith-mgmt2.ccs.ornl.gov completed

qsub: waiting for job 31873.sith-mgmt2.ccs.ornl.gov to start
qsub: job 31873.sith-mgmt2.ccs.ornl.gov ready

    0.000	    1.665	    1.512	    0.040	    0.321	    4.304

qsub: job 31873.sith-mgmt2.ccs.ornl.gov completed

qsub: waiting for job 31874.sith-mgmt2.ccs.ornl.gov to start
qsub: job 31874.sith-mgmt2.ccs.ornl.gov ready

    0.000	    1.209	    0.993	    0.039	    0.117	    2.681

qsub: job 31874.sith-mgmt2.ccs.ornl.gov completed

qsub: waiting for job 31875.sith-mgmt2.ccs.ornl.gov to start
qsub: job 31875.sith-mgmt2.ccs.ornl.gov ready

    0.000	    3.063	    1.321	    0.086	    0.274	    6.592

qsub: job 31875.sith-mgmt2.ccs.ornl.gov completed

4 var
qsub: waiting for job 31876.sith-mgmt2.ccs.ornl.gov to start
qsub: job 31876.sith-mgmt2.ccs.ornl.gov ready

    0.000	    0.748	    1.413	    0.053	    0.040	    2.486

qsub: job 31876.sith-mgmt2.ccs.ornl.gov completed

qsub: waiting for job 31877.sith-mgmt2.ccs.ornl.gov to start
qsub: job 31877.sith-mgmt2.ccs.ornl.gov ready

    0.000	    0.836	    1.628	    0.119	    0.045	    2.978

qsub: job 31877.sith-mgmt2.ccs.ornl.gov completed

qsub: waiting for job 31878.sith-mgmt2.ccs.ornl.gov to start
qsub: job 31878.sith-mgmt2.ccs.ornl.gov ready

    0.000	    1.252	    1.948	    0.054	    0.044	    3.586

qsub: job 31878.sith-mgmt2.ccs.ornl.gov completed

qsub: waiting for job 31879.sith-mgmt2.ccs.ornl.gov to start
qsub: job 31879.sith-mgmt2.ccs.ornl.gov ready

    0.000	    2.364	    1.763	    0.052	    0.064	    4.523

qsub: job 31879.sith-mgmt2.ccs.ornl.gov completed

qsub: waiting for job 31880.sith-mgmt2.ccs.ornl.gov to start
qsub: job 31880.sith-mgmt2.ccs.ornl.gov ready

    0.000	    2.867	    2.130	    0.051	    0.163	    5.700

qsub: job 31880.sith-mgmt2.ccs.ornl.gov completed

3 var
qsub: waiting for job 31881.sith-mgmt2.ccs.ornl.gov to start
qsub: job 31881.sith-mgmt2.ccs.ornl.gov ready

    0.000	    0.413	    0.933	    0.040	    0.048	    1.678

qsub: job 31881.sith-mgmt2.ccs.ornl.gov completed

qsub: waiting for job 31882.sith-mgmt2.ccs.ornl.gov to start
qsub: job 31882.sith-mgmt2.ccs.ornl.gov ready

    0.000	    1.070	    1.176	    0.039	    0.088	    2.649

qsub: job 31882.sith-mgmt2.ccs.ornl.gov completed

qsub: waiting for job 31883.sith-mgmt2.ccs.ornl.gov to start
qsub: job 31883.sith-mgmt2.ccs.ornl.gov ready

    0.000	    1.671	    1.306	    0.040	    0.322	    4.075

qsub: job 31883.sith-mgmt2.ccs.ornl.gov completed

qsub: waiting for job 31884.sith-mgmt2.ccs.ornl.gov to start
qsub: job 31884.sith-mgmt2.ccs.ornl.gov ready

    0.000	    1.220	    0.964	    0.039	    0.119	    2.673

qsub: job 31884.sith-mgmt2.ccs.ornl.gov completed

qsub: waiting for job 31885.sith-mgmt2.ccs.ornl.gov to start
qsub: job 31885.sith-mgmt2.ccs.ornl.gov ready

    0.000	    1.749	    1.470	    0.039	    0.275	    4.215

qsub: job 31885.sith-mgmt2.ccs.ornl.gov completed

4 var
qsub: waiting for job 31886.sith-mgmt2.ccs.ornl.gov to start
qsub: job 31886.sith-mgmt2.ccs.ornl.gov ready

    0.000	    0.745	    1.432	    0.055	    0.040	    2.507

qsub: job 31886.sith-mgmt2.ccs.ornl.gov completed

qsub: waiting for job 31887.sith-mgmt2.ccs.ornl.gov to start
qsub: job 31887.sith-mgmt2.ccs.ornl.gov ready

    0.000	    0.738	    0.591	    0.054	    0.044	    1.615

qsub: job 31887.sith-mgmt2.ccs.ornl.gov completed

qsub: waiting for job 31888.sith-mgmt2.ccs.ornl.gov to start
qsub: job 31888.sith-mgmt2.ccs.ornl.gov ready

    0.000	    1.235	    1.527	    0.052	    0.044	    3.077

qsub: job 31888.sith-mgmt2.ccs.ornl.gov completed

qsub: waiting for job 31889.sith-mgmt2.ccs.ornl.gov to start
qsub: job 31889.sith-mgmt2.ccs.ornl.gov ready

    0.000	    2.381	    1.873	    0.055	    0.065	    4.607

qsub: job 31889.sith-mgmt2.ccs.ornl.gov completed

qsub: waiting for job 31890.sith-mgmt2.ccs.ornl.gov to start
qsub: job 31890.sith-mgmt2.ccs.ornl.gov ready

    0.000	    2.802	    2.281	    0.049	    0.161	    5.777

qsub: job 31890.sith-mgmt2.ccs.ornl.gov completed

3 var
qsub: waiting for job 31891.sith-mgmt2.ccs.ornl.gov to start
qsub: job 31891.sith-mgmt2.ccs.ornl.gov ready

    0.000	    0.414	    0.954	    0.041	    0.048	    1.707

qsub: job 31891.sith-mgmt2.ccs.ornl.gov completed

qsub: waiting for job 31892.sith-mgmt2.ccs.ornl.gov to start
qsub: job 31892.sith-mgmt2.ccs.ornl.gov ready

    0.000	    1.064	    1.041	    0.038	    0.089	    2.513

qsub: job 31892.sith-mgmt2.ccs.ornl.gov completed

qsub: waiting for job 31893.sith-mgmt2.ccs.ornl.gov to start
qsub: job 31893.sith-mgmt2.ccs.ornl.gov ready

    0.000	    1.670	    2.636	    0.038	    0.321	    5.381

qsub: job 31893.sith-mgmt2.ccs.ornl.gov completed

qsub: waiting for job 31894.sith-mgmt2.ccs.ornl.gov to start
qsub: job 31894.sith-mgmt2.ccs.ornl.gov ready

    0.000	    1.218	    1.239	    0.041	    0.118	    3.000

qsub: job 31894.sith-mgmt2.ccs.ornl.gov completed

qsub: waiting for job 31895.sith-mgmt2.ccs.ornl.gov to start
qsub: job 31895.sith-mgmt2.ccs.ornl.gov ready

    0.000	    1.729	    1.486	    0.040	    0.275	    4.216

qsub: job 31895.sith-mgmt2.ccs.ornl.gov completed

4 var
qsub: waiting for job 31896.sith-mgmt2.ccs.ornl.gov to start
qsub: job 31896.sith-mgmt2.ccs.ornl.gov ready

    0.000	    0.748	    1.278	    0.054	    0.040	    2.360

qsub: job 31896.sith-mgmt2.ccs.ornl.gov completed

qsub: waiting for job 31897.sith-mgmt2.ccs.ornl.gov to start
qsub: job 31897.sith-mgmt2.ccs.ornl.gov ready

    0.000	    0.743	    1.469	    0.055	    0.043	    2.526

qsub: job 31897.sith-mgmt2.ccs.ornl.gov completed

qsub: waiting for job 31898.sith-mgmt2.ccs.ornl.gov to start
qsub: job 31898.sith-mgmt2.ccs.ornl.gov ready

    0.000	    1.252	    1.688	    0.054	    0.044	    3.323

qsub: job 31898.sith-mgmt2.ccs.ornl.gov completed

qsub: waiting for job 31899.sith-mgmt2.ccs.ornl.gov to start
qsub: job 31899.sith-mgmt2.ccs.ornl.gov ready

    0.000	    2.282	    1.988	    0.050	    0.065	    4.690

qsub: job 31899.sith-mgmt2.ccs.ornl.gov completed

qsub: waiting for job 31900.sith-mgmt2.ccs.ornl.gov to start
qsub: job 31900.sith-mgmt2.ccs.ornl.gov ready

    0.000	    3.179	    2.243	    0.087	    0.162	    6.178

qsub: job 31900.sith-mgmt2.ccs.ornl.gov completed

3 var
qsub: waiting for job 31901.sith-mgmt2.ccs.ornl.gov to start
qsub: job 31901.sith-mgmt2.ccs.ornl.gov ready

    0.000	    0.412	    0.540	    0.040	    0.048	    1.261

qsub: job 31901.sith-mgmt2.ccs.ornl.gov completed

qsub: waiting for job 31902.sith-mgmt2.ccs.ornl.gov to start
qsub: job 31902.sith-mgmt2.ccs.ornl.gov ready

    0.000	    1.063	    0.969	    0.038	    0.087	    2.440

qsub: job 31902.sith-mgmt2.ccs.ornl.gov completed

qsub: waiting for job 31903.sith-mgmt2.ccs.ornl.gov to start
qsub: job 31903.sith-mgmt2.ccs.ornl.gov ready

    0.000	    1.619	    1.447	    0.038	    0.318	    4.194

qsub: job 31903.sith-mgmt2.ccs.ornl.gov completed

qsub: waiting for job 31904.sith-mgmt2.ccs.ornl.gov to start
qsub: job 31904.sith-mgmt2.ccs.ornl.gov ready

    0.000	    1.224	    1.215	    0.039	    0.121	    2.972

qsub: job 31904.sith-mgmt2.ccs.ornl.gov completed

qsub: waiting for job 31905.sith-mgmt2.ccs.ornl.gov to start
qsub: job 31905.sith-mgmt2.ccs.ornl.gov ready

    0.000	    1.743	    1.404	    0.039	    0.276	    4.116

qsub: job 31905.sith-mgmt2.ccs.ornl.gov completed

4 var
qsub: waiting for job 31906.sith-mgmt2.ccs.ornl.gov to start
qsub: job 31906.sith-mgmt2.ccs.ornl.gov ready

    0.000	    0.748	    1.349	    0.054	    0.040	    2.440

qsub: job 31906.sith-mgmt2.ccs.ornl.gov completed

qsub: waiting for job 31907.sith-mgmt2.ccs.ornl.gov to start
qsub: job 31907.sith-mgmt2.ccs.ornl.gov ready

    0.000	    0.742	    1.475	    0.054	    0.043	    2.557

qsub: job 31907.sith-mgmt2.ccs.ornl.gov completed

qsub: waiting for job 31908.sith-mgmt2.ccs.ornl.gov to start
qsub: job 31908.sith-mgmt2.ccs.ornl.gov ready

    0.000	    1.228	    1.734	    0.051	    0.044	    3.301

qsub: job 31908.sith-mgmt2.ccs.ornl.gov completed

qsub: waiting for job 31909.sith-mgmt2.ccs.ornl.gov to start
qsub: job 31909.sith-mgmt2.ccs.ornl.gov ready

    0.000	    2.372	    2.010	    0.052	    0.065	    4.802

qsub: job 31909.sith-mgmt2.ccs.ornl.gov completed

qsub: waiting for job 31910.sith-mgmt2.ccs.ornl.gov to start
qsub: job 31910.sith-mgmt2.ccs.ornl.gov ready

    0.000	    2.905	    1.733	    0.055	    0.161	    5.292

qsub: job 31910.sith-mgmt2.ccs.ornl.gov completed

3 var
qsub: waiting for job 31911.sith-mgmt2.ccs.ornl.gov to start
qsub: job 31911.sith-mgmt2.ccs.ornl.gov ready

    0.000	    0.412	    0.730	    0.041	    0.048	    1.433

qsub: job 31911.sith-mgmt2.ccs.ornl.gov completed

qsub: waiting for job 31912.sith-mgmt2.ccs.ornl.gov to start
qsub: job 31912.sith-mgmt2.ccs.ornl.gov ready

    0.000	    1.068	    1.190	    0.040	    0.089	    2.692

qsub: job 31912.sith-mgmt2.ccs.ornl.gov completed

qsub: waiting for job 31913.sith-mgmt2.ccs.ornl.gov to start
qsub: job 31913.sith-mgmt2.ccs.ornl.gov ready

    0.000	    1.627	    1.447	    0.039	    0.321	    4.169

qsub: job 31913.sith-mgmt2.ccs.ornl.gov completed

qsub: waiting for job 31914.sith-mgmt2.ccs.ornl.gov to start
qsub: job 31914.sith-mgmt2.ccs.ornl.gov ready

    0.000	    1.220	    0.879	    0.040	    0.118	    2.603

qsub: job 31914.sith-mgmt2.ccs.ornl.gov completed

qsub: waiting for job 31915.sith-mgmt2.ccs.ornl.gov to start
qsub: job 31915.sith-mgmt2.ccs.ornl.gov ready

    0.000	    1.739	    1.277	    0.038	    0.271	    3.989

qsub: job 31915.sith-mgmt2.ccs.ornl.gov completed

4 var
qsub: waiting for job 31916.sith-mgmt2.ccs.ornl.gov to start
qsub: job 31916.sith-mgmt2.ccs.ornl.gov ready

    0.000	    0.732	    1.350	    0.082	    0.041	    2.456

qsub: job 31916.sith-mgmt2.ccs.ornl.gov completed

qsub: waiting for job 31917.sith-mgmt2.ccs.ornl.gov to start
qsub: job 31917.sith-mgmt2.ccs.ornl.gov ready

    0.000	    0.731	    1.565	    0.049	    0.043	    2.628

qsub: job 31917.sith-mgmt2.ccs.ornl.gov completed

qsub: waiting for job 31918.sith-mgmt2.ccs.ornl.gov to start
qsub: job 31918.sith-mgmt2.ccs.ornl.gov ready

    0.000	    1.254	    1.751	    0.052	    0.044	    3.399

qsub: job 31918.sith-mgmt2.ccs.ornl.gov completed

qsub: waiting for job 31919.sith-mgmt2.ccs.ornl.gov to start
qsub: job 31919.sith-mgmt2.ccs.ornl.gov ready

    0.000	    2.364	    1.426	    0.054	    0.065	    4.130

qsub: job 31919.sith-mgmt2.ccs.ornl.gov completed

qsub: waiting for job 31920.sith-mgmt2.ccs.ornl.gov to start
qsub: job 31920.sith-mgmt2.ccs.ornl.gov ready

    0.000	    2.865	    1.919	    0.053	    0.161	    5.494

qsub: job 31920.sith-mgmt2.ccs.ornl.gov completed

3 var
qsub: waiting for job 31921.sith-mgmt2.ccs.ornl.gov to start
qsub: job 31921.sith-mgmt2.ccs.ornl.gov ready

    0.000	    0.408	    0.961	    0.038	    0.048	    1.652

qsub: job 31921.sith-mgmt2.ccs.ornl.gov completed

qsub: waiting for job 31922.sith-mgmt2.ccs.ornl.gov to start
qsub: job 31922.sith-mgmt2.ccs.ornl.gov ready

    0.000	    1.046	    1.177	    0.038	    0.089	    2.634

qsub: job 31922.sith-mgmt2.ccs.ornl.gov completed

qsub: waiting for job 31923.sith-mgmt2.ccs.ornl.gov to start
qsub: job 31923.sith-mgmt2.ccs.ornl.gov ready

    0.000	    1.854	    1.829	    0.051	    0.319	    4.775

qsub: job 31923.sith-mgmt2.ccs.ornl.gov completed

qsub: waiting for job 31924.sith-mgmt2.ccs.ornl.gov to start
qsub: job 31924.sith-mgmt2.ccs.ornl.gov ready

    0.000	    1.186	    0.990	    0.041	    0.117	    2.625

qsub: job 31924.sith-mgmt2.ccs.ornl.gov completed

qsub: waiting for job 31925.sith-mgmt2.ccs.ornl.gov to start
qsub: job 31925.sith-mgmt2.ccs.ornl.gov ready

    0.000	    1.749	    1.314	    0.041	    0.272	    4.072

qsub: job 31925.sith-mgmt2.ccs.ornl.gov completed

4 var
qsub: waiting for job 31926.sith-mgmt2.ccs.ornl.gov to start
qsub: job 31926.sith-mgmt2.ccs.ornl.gov ready

    0.000	    0.932	    1.345	    0.147	    0.042	    2.799

qsub: job 31926.sith-mgmt2.ccs.ornl.gov completed

qsub: waiting for job 31927.sith-mgmt2.ccs.ornl.gov to start
qsub: job 31927.sith-mgmt2.ccs.ornl.gov ready

    0.000	    0.739	    1.532	    0.054	    0.043	    2.602

qsub: job 31927.sith-mgmt2.ccs.ornl.gov completed

qsub: waiting for job 31928.sith-mgmt2.ccs.ornl.gov to start
qsub: job 31928.sith-mgmt2.ccs.ornl.gov ready

    0.000	    1.224	    1.740	    0.048	    0.044	    3.338

qsub: job 31928.sith-mgmt2.ccs.ornl.gov completed

qsub: waiting for job 31929.sith-mgmt2.ccs.ornl.gov to start
qsub: job 31929.sith-mgmt2.ccs.ornl.gov ready

    0.000	    2.376	    2.005	    0.054	    0.065	    4.712

qsub: job 31929.sith-mgmt2.ccs.ornl.gov completed

qsub: waiting for job 31930.sith-mgmt2.ccs.ornl.gov to start
qsub: job 31930.sith-mgmt2.ccs.ornl.gov ready

    0.000	    3.889	    2.255	    0.100	    0.163	    6.929

qsub: job 31930.sith-mgmt2.ccs.ornl.gov completed

3 var
qsub: waiting for job 31931.sith-mgmt2.ccs.ornl.gov to start
qsub: job 31931.sith-mgmt2.ccs.ornl.gov ready

    0.000	    0.411	    0.900	    0.037	    0.048	    1.600

qsub: job 31931.sith-mgmt2.ccs.ornl.gov completed

qsub: waiting for job 31932.sith-mgmt2.ccs.ornl.gov to start
qsub: job 31932.sith-mgmt2.ccs.ornl.gov ready

    0.000	    1.065	    0.635	    0.040	    0.089	    2.054

qsub: job 31932.sith-mgmt2.ccs.ornl.gov completed

qsub: waiting for job 31933.sith-mgmt2.ccs.ornl.gov to start
qsub: job 31933.sith-mgmt2.ccs.ornl.gov ready

    0.000	    1.666	    1.240	    0.039	    0.322	    4.039

qsub: job 31933.sith-mgmt2.ccs.ornl.gov completed

qsub: waiting for job 31934.sith-mgmt2.ccs.ornl.gov to start
qsub: job 31934.sith-mgmt2.ccs.ornl.gov ready

    0.000	    1.197	    1.004	    0.037	    0.117	    2.688

qsub: job 31934.sith-mgmt2.ccs.ornl.gov completed

qsub: waiting for job 31935.sith-mgmt2.ccs.ornl.gov to start
qsub: job 31935.sith-mgmt2.ccs.ornl.gov ready

    0.000	    1.737	    1.490	    0.038	    0.275	    4.274

qsub: job 31935.sith-mgmt2.ccs.ornl.gov completed

4 var
qsub: waiting for job 31936.sith-mgmt2.ccs.ornl.gov to start
qsub: job 31936.sith-mgmt2.ccs.ornl.gov ready

    0.000	    0.746	    1.325	    0.055	    0.040	    2.380

qsub: job 31936.sith-mgmt2.ccs.ornl.gov completed

qsub: waiting for job 31937.sith-mgmt2.ccs.ornl.gov to start
qsub: job 31937.sith-mgmt2.ccs.ornl.gov ready

    0.000	    0.743	    1.247	    0.053	    0.043	    2.331

qsub: job 31937.sith-mgmt2.ccs.ornl.gov completed

qsub: waiting for job 31938.sith-mgmt2.ccs.ornl.gov to start
qsub: job 31938.sith-mgmt2.ccs.ornl.gov ready

    0.000	    1.254	    1.555	    0.053	    0.044	    3.163

qsub: job 31938.sith-mgmt2.ccs.ornl.gov completed

qsub: waiting for job 31939.sith-mgmt2.ccs.ornl.gov to start
qsub: job 31939.sith-mgmt2.ccs.ornl.gov ready

    0.000	    2.348	    2.055	    0.054	    0.065	    4.818

qsub: job 31939.sith-mgmt2.ccs.ornl.gov completed

qsub: waiting for job 31940.sith-mgmt2.ccs.ornl.gov to start
qsub: job 31940.sith-mgmt2.ccs.ornl.gov ready

    0.000	    3.095	    2.301	    0.068	    0.165	    6.108

qsub: job 31940.sith-mgmt2.ccs.ornl.gov completed

3 var
qsub: waiting for job 31941.sith-mgmt2.ccs.ornl.gov to start
qsub: job 31941.sith-mgmt2.ccs.ornl.gov ready

    0.000	    0.446	    1.007	    0.090	    0.049	    1.768

qsub: job 31941.sith-mgmt2.ccs.ornl.gov completed

qsub: waiting for job 31942.sith-mgmt2.ccs.ornl.gov to start
qsub: job 31942.sith-mgmt2.ccs.ornl.gov ready

    0.000	    1.067	    1.078	    0.041	    0.089	    2.488

qsub: job 31942.sith-mgmt2.ccs.ornl.gov completed

qsub: waiting for job 31943.sith-mgmt2.ccs.ornl.gov to start
qsub: job 31943.sith-mgmt2.ccs.ornl.gov ready

    0.000	    1.633	    1.348	    0.041	    0.319	    4.107

qsub: job 31943.sith-mgmt2.ccs.ornl.gov completed

qsub: waiting for job 31944.sith-mgmt2.ccs.ornl.gov to start
qsub: job 31944.sith-mgmt2.ccs.ornl.gov ready

    0.000	    1.224	    1.199	    0.041	    0.117	    2.924

qsub: job 31944.sith-mgmt2.ccs.ornl.gov completed

qsub: waiting for job 31945.sith-mgmt2.ccs.ornl.gov to start
qsub: job 31945.sith-mgmt2.ccs.ornl.gov ready

    0.000	    1.716	    1.478	    0.036	    0.267	    4.216

qsub: job 31945.sith-mgmt2.ccs.ornl.gov completed

4 var
qsub: waiting for job 31946.sith-mgmt2.ccs.ornl.gov to start
qsub: job 31946.sith-mgmt2.ccs.ornl.gov ready

    0.000	    0.738	    1.078	    0.052	    0.040	    2.095

qsub: job 31946.sith-mgmt2.ccs.ornl.gov completed

qsub: waiting for job 31947.sith-mgmt2.ccs.ornl.gov to start
qsub: job 31947.sith-mgmt2.ccs.ornl.gov ready

    0.000	    0.725	    1.372	    0.045	    0.043	    2.502

qsub: job 31947.sith-mgmt2.ccs.ornl.gov completed

qsub: waiting for job 31948.sith-mgmt2.ccs.ornl.gov to start
qsub: job 31948.sith-mgmt2.ccs.ornl.gov ready

    0.000	    1.406	    1.879	    0.094	    0.045	    3.724

qsub: job 31948.sith-mgmt2.ccs.ornl.gov completed

qsub: waiting for job 31949.sith-mgmt2.ccs.ornl.gov to start
qsub: job 31949.sith-mgmt2.ccs.ornl.gov ready

    0.000	    2.354	    2.061	    0.051	    0.065	    4.878

qsub: job 31949.sith-mgmt2.ccs.ornl.gov completed

qsub: waiting for job 31950.sith-mgmt2.ccs.ornl.gov to start
qsub: job 31950.sith-mgmt2.ccs.ornl.gov ready

    0.000	    2.899	    1.693	    0.054	    0.161	    5.226

qsub: job 31950.sith-mgmt2.ccs.ornl.gov completed

3 var
qsub: waiting for job 31951.sith-mgmt2.ccs.ornl.gov to start
qsub: job 31951.sith-mgmt2.ccs.ornl.gov ready

    0.000	    0.409	    0.774	    0.039	    0.048	    1.438

qsub: job 31951.sith-mgmt2.ccs.ornl.gov completed

qsub: waiting for job 31952.sith-mgmt2.ccs.ornl.gov to start
qsub: job 31952.sith-mgmt2.ccs.ornl.gov ready

    0.000	    1.017	    1.011	    0.036	    0.087	    2.467

qsub: job 31952.sith-mgmt2.ccs.ornl.gov completed

qsub: waiting for job 31953.sith-mgmt2.ccs.ornl.gov to start
qsub: job 31953.sith-mgmt2.ccs.ornl.gov ready

    0.000	    1.656	    1.661	    0.039	    0.321	    4.444

qsub: job 31953.sith-mgmt2.ccs.ornl.gov completed

qsub: waiting for job 31954.sith-mgmt2.ccs.ornl.gov to start
qsub: job 31954.sith-mgmt2.ccs.ornl.gov ready

    0.000	    1.162	    1.160	    0.036	    0.117	    2.836

qsub: job 31954.sith-mgmt2.ccs.ornl.gov completed

qsub: waiting for job 31955.sith-mgmt2.ccs.ornl.gov to start
qsub: job 31955.sith-mgmt2.ccs.ornl.gov ready

    0.000	    1.742	    1.474	    0.039	    0.274	    4.220

qsub: job 31955.sith-mgmt2.ccs.ornl.gov completed

4 var
qsub: waiting for job 31956.sith-mgmt2.ccs.ornl.gov to start
qsub: job 31956.sith-mgmt2.ccs.ornl.gov ready

    0.000	    0.742	    5.011	    0.054	    0.040	    5.984

qsub: job 31956.sith-mgmt2.ccs.ornl.gov completed

qsub: waiting for job 31957.sith-mgmt2.ccs.ornl.gov to start
qsub: job 31957.sith-mgmt2.ccs.ornl.gov ready

    0.000	    0.743	    1.349	    0.055	    0.043	    2.441

qsub: job 31957.sith-mgmt2.ccs.ornl.gov completed

qsub: waiting for job 31958.sith-mgmt2.ccs.ornl.gov to start
qsub: job 31958.sith-mgmt2.ccs.ornl.gov ready

    0.000	    1.238	    1.679	    0.051	    0.044	    3.267

qsub: job 31958.sith-mgmt2.ccs.ornl.gov completed

qsub: waiting for job 31959.sith-mgmt2.ccs.ornl.gov to start
qsub: job 31959.sith-mgmt2.ccs.ornl.gov ready

    0.000	    2.361	    2.039	    0.050	    0.065	    4.842

qsub: job 31959.sith-mgmt2.ccs.ornl.gov completed

qsub: waiting for job 31960.sith-mgmt2.ccs.ornl.gov to start
qsub: job 31960.sith-mgmt2.ccs.ornl.gov ready

    0.000	    2.895	    2.288	    0.052	    0.163	    5.845

qsub: job 31960.sith-mgmt2.ccs.ornl.gov completed

3 var
qsub: waiting for job 31961.sith-mgmt2.ccs.ornl.gov to start
qsub: job 31961.sith-mgmt2.ccs.ornl.gov ready

    0.000	    0.411	    0.782	    0.039	    0.048	    1.495

qsub: job 31961.sith-mgmt2.ccs.ornl.gov completed

qsub: waiting for job 31962.sith-mgmt2.ccs.ornl.gov to start
qsub: job 31962.sith-mgmt2.ccs.ornl.gov ready

    0.000	    1.034	    1.224	    0.039	    0.088	    2.652

qsub: job 31962.sith-mgmt2.ccs.ornl.gov completed

qsub: waiting for job 31963.sith-mgmt2.ccs.ornl.gov to start
qsub: job 31963.sith-mgmt2.ccs.ornl.gov ready

    0.000	    1.661	    1.524	    0.040	    0.320	    4.285

qsub: job 31963.sith-mgmt2.ccs.ornl.gov completed

qsub: waiting for job 31964.sith-mgmt2.ccs.ornl.gov to start
qsub: job 31964.sith-mgmt2.ccs.ornl.gov ready

    0.000	    1.168	    0.748	    0.037	    0.117	    2.359

qsub: job 31964.sith-mgmt2.ccs.ornl.gov completed

qsub: waiting for job 31965.sith-mgmt2.ccs.ornl.gov to start
qsub: job 31965.sith-mgmt2.ccs.ornl.gov ready

    0.000	    1.750	    1.223	    0.038	    0.272	    3.946

qsub: job 31965.sith-mgmt2.ccs.ornl.gov completed

4 var
qsub: waiting for job 31966.sith-mgmt2.ccs.ornl.gov to start
qsub: job 31966.sith-mgmt2.ccs.ornl.gov ready

    0.000	    0.737	    1.231	    0.052	    0.040	    2.312

qsub: job 31966.sith-mgmt2.ccs.ornl.gov completed

qsub: waiting for job 31967.sith-mgmt2.ccs.ornl.gov to start
qsub: job 31967.sith-mgmt2.ccs.ornl.gov ready

    0.000	    0.741	    1.478	    0.052	    0.043	    2.651

qsub: job 31967.sith-mgmt2.ccs.ornl.gov completed

qsub: waiting for job 31968.sith-mgmt2.ccs.ornl.gov to start
qsub: job 31968.sith-mgmt2.ccs.ornl.gov ready

    0.000	    1.253	    1.731	    0.052	    0.044	    3.306

qsub: job 31968.sith-mgmt2.ccs.ornl.gov completed

qsub: waiting for job 31969.sith-mgmt2.ccs.ornl.gov to start
qsub: job 31969.sith-mgmt2.ccs.ornl.gov ready

    0.000	    2.305	    1.975	    0.053	    0.065	    4.750

qsub: job 31969.sith-mgmt2.ccs.ornl.gov completed

qsub: waiting for job 31970.sith-mgmt2.ccs.ornl.gov to start
qsub: job 31970.sith-mgmt2.ccs.ornl.gov ready

    0.000	    2.870	    2.078	    0.054	    0.163	    5.628

qsub: job 31970.sith-mgmt2.ccs.ornl.gov completed

3 var
qsub: waiting for job 31971.sith-mgmt2.ccs.ornl.gov to start
qsub: job 31971.sith-mgmt2.ccs.ornl.gov ready

    0.000	    0.413	    0.915	    0.042	    0.048	    1.632

qsub: job 31971.sith-mgmt2.ccs.ornl.gov completed

qsub: waiting for job 31972.sith-mgmt2.ccs.ornl.gov to start
qsub: job 31972.sith-mgmt2.ccs.ornl.gov ready

    0.000	    1.061	    1.176	    0.041	    0.089	    2.652

qsub: job 31972.sith-mgmt2.ccs.ornl.gov completed

qsub: waiting for job 31973.sith-mgmt2.ccs.ornl.gov to start
qsub: job 31973.sith-mgmt2.ccs.ornl.gov ready

    0.000	    1.677	    1.544	    0.038	    0.319	    4.336

qsub: job 31973.sith-mgmt2.ccs.ornl.gov completed

qsub: waiting for job 31974.sith-mgmt2.ccs.ornl.gov to start
qsub: job 31974.sith-mgmt2.ccs.ornl.gov ready

    0.000	    1.224	    1.185	    0.040	    0.119	    2.876

qsub: job 31974.sith-mgmt2.ccs.ornl.gov completed

qsub: waiting for job 31975.sith-mgmt2.ccs.ornl.gov to start
qsub: job 31975.sith-mgmt2.ccs.ornl.gov ready

    0.000	    1.743	    1.327	    0.039	    0.275	    4.038

qsub: job 31975.sith-mgmt2.ccs.ornl.gov completed

4 var
qsub: waiting for job 31976.sith-mgmt2.ccs.ornl.gov to start
qsub: job 31976.sith-mgmt2.ccs.ornl.gov ready

    0.000	    0.777	    1.324	    0.054	    0.040	    2.455

qsub: job 31976.sith-mgmt2.ccs.ornl.gov completed

qsub: waiting for job 31977.sith-mgmt2.ccs.ornl.gov to start
qsub: job 31977.sith-mgmt2.ccs.ornl.gov ready

    0.000	    0.742	    1.500	    0.056	    0.043	    2.620

qsub: job 31977.sith-mgmt2.ccs.ornl.gov completed

qsub: waiting for job 31978.sith-mgmt2.ccs.ornl.gov to start
qsub: job 31978.sith-mgmt2.ccs.ornl.gov ready

    0.000	    1.410	    1.659	    0.081	    0.045	    3.471

qsub: job 31978.sith-mgmt2.ccs.ornl.gov completed

qsub: waiting for job 31979.sith-mgmt2.ccs.ornl.gov to start
qsub: job 31979.sith-mgmt2.ccs.ornl.gov ready

    0.000	    2.371	    1.992	    0.052	    0.065	    4.760

qsub: job 31979.sith-mgmt2.ccs.ornl.gov completed

qsub: waiting for job 31980.sith-mgmt2.ccs.ornl.gov to start
qsub: job 31980.sith-mgmt2.ccs.ornl.gov ready

    0.000	    2.908	    2.093	    0.053	    0.163	    5.721

qsub: job 31980.sith-mgmt2.ccs.ornl.gov completed

3 var
qsub: waiting for job 31981.sith-mgmt2.ccs.ornl.gov to start
qsub: job 31981.sith-mgmt2.ccs.ornl.gov ready

    0.000	    0.414	    0.930	    0.040	    0.048	    1.696

qsub: job 31981.sith-mgmt2.ccs.ornl.gov completed

qsub: waiting for job 31982.sith-mgmt2.ccs.ornl.gov to start
qsub: job 31982.sith-mgmt2.ccs.ornl.gov ready

    0.000	    1.072	    1.220	    0.041	    0.089	    2.760

qsub: job 31982.sith-mgmt2.ccs.ornl.gov completed

qsub: waiting for job 31983.sith-mgmt2.ccs.ornl.gov to start
qsub: job 31983.sith-mgmt2.ccs.ornl.gov ready

    0.000	    1.671	    1.465	    0.041	    0.319	    4.186

qsub: job 31983.sith-mgmt2.ccs.ornl.gov completed

qsub: waiting for job 31984.sith-mgmt2.ccs.ornl.gov to start
qsub: job 31984.sith-mgmt2.ccs.ornl.gov ready

    0.000	    1.202	    0.857	    0.041	    0.118	    2.552

qsub: job 31984.sith-mgmt2.ccs.ornl.gov completed

qsub: waiting for job 31985.sith-mgmt2.ccs.ornl.gov to start
qsub: job 31985.sith-mgmt2.ccs.ornl.gov ready

    0.000	    1.749	    1.623	    0.041	    0.275	    4.430

qsub: job 31985.sith-mgmt2.ccs.ornl.gov completed

4 var
qsub: waiting for job 31986.sith-mgmt2.ccs.ornl.gov to start
qsub: job 31986.sith-mgmt2.ccs.ornl.gov ready

    0.000	    0.740	    1.357	    0.052	    0.040	    2.391

qsub: job 31986.sith-mgmt2.ccs.ornl.gov completed

qsub: waiting for job 31987.sith-mgmt2.ccs.ornl.gov to start
qsub: job 31987.sith-mgmt2.ccs.ornl.gov ready

    0.000	    0.856	    1.278	    0.108	    0.045	    2.605

qsub: job 31987.sith-mgmt2.ccs.ornl.gov completed

qsub: waiting for job 31988.sith-mgmt2.ccs.ornl.gov to start
qsub: job 31988.sith-mgmt2.ccs.ornl.gov ready

    0.000	    1.423	    2.396	    0.097	    0.046	    4.182

qsub: job 31988.sith-mgmt2.ccs.ornl.gov completed

qsub: waiting for job 31989.sith-mgmt2.ccs.ornl.gov to start
qsub: job 31989.sith-mgmt2.ccs.ornl.gov ready

    0.000	    2.387	    2.039	    0.052	    0.064	    4.928

qsub: job 31989.sith-mgmt2.ccs.ornl.gov completed

qsub: waiting for job 31990.sith-mgmt2.ccs.ornl.gov to start
qsub: job 31990.sith-mgmt2.ccs.ornl.gov ready

    0.000	    2.894	    2.189	    0.053	    0.163	    5.760

qsub: job 31990.sith-mgmt2.ccs.ornl.gov completed

3 var
qsub: waiting for job 31991.sith-mgmt2.ccs.ornl.gov to start
qsub: job 31991.sith-mgmt2.ccs.ornl.gov ready

    0.000	    0.413	    0.759	    0.039	    0.048	    1.464

qsub: job 31991.sith-mgmt2.ccs.ornl.gov completed

qsub: waiting for job 31992.sith-mgmt2.ccs.ornl.gov to start
qsub: job 31992.sith-mgmt2.ccs.ornl.gov ready

    0.000	    1.047	    0.929	    0.041	    0.089	    2.356

qsub: job 31992.sith-mgmt2.ccs.ornl.gov completed

qsub: waiting for job 31993.sith-mgmt2.ccs.ornl.gov to start
qsub: job 31993.sith-mgmt2.ccs.ornl.gov ready

    0.000	    1.659	    1.456	    0.041	    0.314	    4.217

qsub: job 31993.sith-mgmt2.ccs.ornl.gov completed

qsub: waiting for job 31994.sith-mgmt2.ccs.ornl.gov to start
qsub: job 31994.sith-mgmt2.ccs.ornl.gov ready

    0.000	    1.156	    1.266	    0.035	    0.117	    2.936

qsub: job 31994.sith-mgmt2.ccs.ornl.gov completed

qsub: waiting for job 31995.sith-mgmt2.ccs.ornl.gov to start
qsub: job 31995.sith-mgmt2.ccs.ornl.gov ready

    0.000	    1.742	    1.634	    0.040	    0.274	    4.489

qsub: job 31995.sith-mgmt2.ccs.ornl.gov completed

4 var
qsub: waiting for job 31996.sith-mgmt2.ccs.ornl.gov to start
qsub: job 31996.sith-mgmt2.ccs.ornl.gov ready

    0.000	    0.746	    0.991	    0.052	    0.040	    2.129

qsub: job 31996.sith-mgmt2.ccs.ornl.gov completed

qsub: waiting for job 31997.sith-mgmt2.ccs.ornl.gov to start
qsub: job 31997.sith-mgmt2.ccs.ornl.gov ready

    0.000	    0.725	    1.399	    0.047	    0.043	    2.707

qsub: job 31997.sith-mgmt2.ccs.ornl.gov completed

qsub: waiting for job 31998.sith-mgmt2.ccs.ornl.gov to start
qsub: job 31998.sith-mgmt2.ccs.ornl.gov ready

    0.000	    1.253	    1.684	    0.053	    0.044	    3.414

qsub: job 31998.sith-mgmt2.ccs.ornl.gov completed

qsub: waiting for job 31999.sith-mgmt2.ccs.ornl.gov to start
qsub: job 31999.sith-mgmt2.ccs.ornl.gov ready

    0.000	    2.373	    2.225	    0.053	    0.065	    5.098

qsub: job 31999.sith-mgmt2.ccs.ornl.gov completed

qsub: waiting for job 32000.sith-mgmt2.ccs.ornl.gov to start
qsub: job 32000.sith-mgmt2.ccs.ornl.gov ready

    0.000	    2.920	    2.174	    0.053	    0.161	    5.813

qsub: job 32000.sith-mgmt2.ccs.ornl.gov completed

3 var
qsub: waiting for job 32001.sith-mgmt2.ccs.ornl.gov to start
qsub: job 32001.sith-mgmt2.ccs.ornl.gov ready

    0.000	    0.414	    0.709	    0.040	    0.048	    1.414

qsub: job 32001.sith-mgmt2.ccs.ornl.gov completed

qsub: waiting for job 32002.sith-mgmt2.ccs.ornl.gov to start
qsub: job 32002.sith-mgmt2.ccs.ornl.gov ready

    0.000	    1.069	    1.040	    0.036	    0.088	    2.629

qsub: job 32002.sith-mgmt2.ccs.ornl.gov completed

qsub: waiting for job 32003.sith-mgmt2.ccs.ornl.gov to start
qsub: job 32003.sith-mgmt2.ccs.ornl.gov ready

    0.000	    1.662	    1.656	    0.039	    0.321	    4.427

qsub: job 32003.sith-mgmt2.ccs.ornl.gov completed

qsub: waiting for job 32004.sith-mgmt2.ccs.ornl.gov to start
qsub: job 32004.sith-mgmt2.ccs.ornl.gov ready

    0.000	    1.217	    1.159	    0.040	    0.119	    2.888

qsub: job 32004.sith-mgmt2.ccs.ornl.gov completed

qsub: waiting for job 32005.sith-mgmt2.ccs.ornl.gov to start
qsub: job 32005.sith-mgmt2.ccs.ornl.gov ready

    0.000	    1.749	    1.332	    0.039	    0.276	    4.022

qsub: job 32005.sith-mgmt2.ccs.ornl.gov completed

4 var
qsub: waiting for job 32006.sith-mgmt2.ccs.ornl.gov to start
qsub: job 32006.sith-mgmt2.ccs.ornl.gov ready

    0.000	    0.741	    1.285	    0.056	    0.040	    2.307

qsub: job 32006.sith-mgmt2.ccs.ornl.gov completed

qsub: waiting for job 32007.sith-mgmt2.ccs.ornl.gov to start
qsub: job 32007.sith-mgmt2.ccs.ornl.gov ready

    0.000	    0.744	    1.531	    0.055	    0.044	    2.666

qsub: job 32007.sith-mgmt2.ccs.ornl.gov completed

qsub: waiting for job 32008.sith-mgmt2.ccs.ornl.gov to start
qsub: job 32008.sith-mgmt2.ccs.ornl.gov ready

    0.000	    1.550	    1.782	    0.113	    0.045	    3.825

qsub: job 32008.sith-mgmt2.ccs.ornl.gov completed

qsub: waiting for job 32009.sith-mgmt2.ccs.ornl.gov to start
qsub: job 32009.sith-mgmt2.ccs.ornl.gov ready

    0.000	    2.334	    1.935	    0.053	    0.065	    4.662

qsub: job 32009.sith-mgmt2.ccs.ornl.gov completed

qsub: waiting for job 32010.sith-mgmt2.ccs.ornl.gov to start
qsub: job 32010.sith-mgmt2.ccs.ornl.gov ready

    0.000	    2.866	    2.086	    0.050	    0.162	    5.619

qsub: job 32010.sith-mgmt2.ccs.ornl.gov completed

3 var
qsub: waiting for job 32011.sith-mgmt2.ccs.ornl.gov to start
qsub: job 32011.sith-mgmt2.ccs.ornl.gov ready

    0.000	    0.413	    0.720	    0.040	    0.048	    1.454

qsub: job 32011.sith-mgmt2.ccs.ornl.gov completed

qsub: waiting for job 32012.sith-mgmt2.ccs.ornl.gov to start
qsub: job 32012.sith-mgmt2.ccs.ornl.gov ready

    0.000	    1.067	    1.032	    0.041	    0.089	    2.501

qsub: job 32012.sith-mgmt2.ccs.ornl.gov completed

qsub: waiting for job 32013.sith-mgmt2.ccs.ornl.gov to start
qsub: job 32013.sith-mgmt2.ccs.ornl.gov ready

    0.000	    1.604	    1.526	    0.036	    0.319	    4.254

qsub: job 32013.sith-mgmt2.ccs.ornl.gov completed

qsub: waiting for job 32014.sith-mgmt2.ccs.ornl.gov to start
qsub: job 32014.sith-mgmt2.ccs.ornl.gov ready

    0.000	    1.220	    1.077	    0.041	    0.119	    2.778

qsub: job 32014.sith-mgmt2.ccs.ornl.gov completed

qsub: waiting for job 32015.sith-mgmt2.ccs.ornl.gov to start
qsub: job 32015.sith-mgmt2.ccs.ornl.gov ready

    0.000	    1.730	    1.447	    0.037	    0.271	    4.234

qsub: job 32015.sith-mgmt2.ccs.ornl.gov completed

4 var
qsub: waiting for job 32016.sith-mgmt2.ccs.ornl.gov to start
qsub: job 32016.sith-mgmt2.ccs.ornl.gov ready

    0.000	    0.729	    1.321	    0.054	    0.040	    2.480

qsub: job 32016.sith-mgmt2.ccs.ornl.gov completed

qsub: waiting for job 32017.sith-mgmt2.ccs.ornl.gov to start
qsub: job 32017.sith-mgmt2.ccs.ornl.gov ready

    0.000	    0.743	    1.737	    0.052	    0.043	    2.867

qsub: job 32017.sith-mgmt2.ccs.ornl.gov completed

qsub: waiting for job 32018.sith-mgmt2.ccs.ornl.gov to start
qsub: job 32018.sith-mgmt2.ccs.ornl.gov ready

    0.000	    1.265	    1.471	    0.053	    0.044	    3.158

qsub: job 32018.sith-mgmt2.ccs.ornl.gov completed

qsub: waiting for job 32019.sith-mgmt2.ccs.ornl.gov to start
qsub: job 32019.sith-mgmt2.ccs.ornl.gov ready

    0.000	    2.338	    2.032	    0.050	    0.064	    4.739

qsub: job 32019.sith-mgmt2.ccs.ornl.gov completed

qsub: waiting for job 32020.sith-mgmt2.ccs.ornl.gov to start
qsub: job 32020.sith-mgmt2.ccs.ornl.gov ready

    0.000	    2.885	    2.266	    0.051	    0.163	    6.005

qsub: job 32020.sith-mgmt2.ccs.ornl.gov completed

3 var
qsub: waiting for job 32021.sith-mgmt2.ccs.ornl.gov to start
qsub: job 32021.sith-mgmt2.ccs.ornl.gov ready

    0.000	    0.414	    0.910	    0.040	    0.048	    1.656

qsub: job 32021.sith-mgmt2.ccs.ornl.gov completed

qsub: waiting for job 32022.sith-mgmt2.ccs.ornl.gov to start
qsub: job 32022.sith-mgmt2.ccs.ornl.gov ready

    0.000	    1.070	    0.774	    0.040	    0.088	    2.215

qsub: job 32022.sith-mgmt2.ccs.ornl.gov completed

qsub: waiting for job 32023.sith-mgmt2.ccs.ornl.gov to start
qsub: job 32023.sith-mgmt2.ccs.ornl.gov ready

    0.000	    1.965	    1.206	    0.051	    0.324	    4.331

qsub: job 32023.sith-mgmt2.ccs.ornl.gov completed

qsub: waiting for job 32024.sith-mgmt2.ccs.ornl.gov to start
qsub: job 32024.sith-mgmt2.ccs.ornl.gov ready

    0.000	    1.740	    1.073	    0.071	    0.120	    3.447

qsub: job 32024.sith-mgmt2.ccs.ornl.gov completed

qsub: waiting for job 32025.sith-mgmt2.ccs.ornl.gov to start
qsub: job 32025.sith-mgmt2.ccs.ornl.gov ready

    0.000	    1.736	    1.415	    0.038	    0.275	    4.148

qsub: job 32025.sith-mgmt2.ccs.ornl.gov completed

4 var
qsub: waiting for job 32026.sith-mgmt2.ccs.ornl.gov to start
qsub: job 32026.sith-mgmt2.ccs.ornl.gov ready

    0.000	    0.747	    1.327	    0.054	    0.040	    2.375

qsub: job 32026.sith-mgmt2.ccs.ornl.gov completed

qsub: waiting for job 32027.sith-mgmt2.ccs.ornl.gov to start
qsub: job 32027.sith-mgmt2.ccs.ornl.gov ready

    0.000	    0.740	    1.519	    0.053	    0.043	    2.601

qsub: job 32027.sith-mgmt2.ccs.ornl.gov completed

qsub: waiting for job 32028.sith-mgmt2.ccs.ornl.gov to start
qsub: job 32028.sith-mgmt2.ccs.ornl.gov ready

    0.000	    1.243	    1.545	    0.052	    0.044	    3.128

qsub: job 32028.sith-mgmt2.ccs.ornl.gov completed

qsub: waiting for job 32029.sith-mgmt2.ccs.ornl.gov to start
qsub: job 32029.sith-mgmt2.ccs.ornl.gov ready

    0.000	    4.074	    2.037	    0.125	    0.067	    6.611

qsub: job 32029.sith-mgmt2.ccs.ornl.gov completed

qsub: waiting for job 32030.sith-mgmt2.ccs.ornl.gov to start
qsub: job 32030.sith-mgmt2.ccs.ornl.gov ready

    0.000	    2.928	    2.239	    0.054	    0.169	    5.893

qsub: job 32030.sith-mgmt2.ccs.ornl.gov completed

3 var
qsub: waiting for job 32031.sith-mgmt2.ccs.ornl.gov to start
qsub: job 32031.sith-mgmt2.ccs.ornl.gov ready

    0.000	    0.414	    0.945	    0.042	    0.048	    1.719

qsub: job 32031.sith-mgmt2.ccs.ornl.gov completed

qsub: waiting for job 32032.sith-mgmt2.ccs.ornl.gov to start
qsub: job 32032.sith-mgmt2.ccs.ornl.gov ready

    0.000	    1.063	    0.956	    0.039	    0.088	    2.429

qsub: job 32032.sith-mgmt2.ccs.ornl.gov completed

qsub: waiting for job 32033.sith-mgmt2.ccs.ornl.gov to start
qsub: job 32033.sith-mgmt2.ccs.ornl.gov ready

    0.000	    1.673	    1.198	    0.040	    0.322	    3.931

qsub: job 32033.sith-mgmt2.ccs.ornl.gov completed

qsub: waiting for job 32034.sith-mgmt2.ccs.ornl.gov to start
qsub: job 32034.sith-mgmt2.ccs.ornl.gov ready

    0.000	    1.221	    1.204	    0.039	    0.117	    2.938

qsub: job 32034.sith-mgmt2.ccs.ornl.gov completed

qsub: waiting for job 32035.sith-mgmt2.ccs.ornl.gov to start
qsub: job 32035.sith-mgmt2.ccs.ornl.gov ready

    0.000	    3.087	    1.524	    0.109	    0.279	    5.723

qsub: job 32035.sith-mgmt2.ccs.ornl.gov completed

4 var
qsub: waiting for job 32036.sith-mgmt2.ccs.ornl.gov to start
qsub: job 32036.sith-mgmt2.ccs.ornl.gov ready

    0.000	    0.724	    1.343	    0.049	    0.040	    2.367

qsub: job 32036.sith-mgmt2.ccs.ornl.gov completed

qsub: waiting for job 32037.sith-mgmt2.ccs.ornl.gov to start
qsub: job 32037.sith-mgmt2.ccs.ornl.gov ready


    0.000	    0.742	    1.368	    0.053	    0.043	    2.462

qsub: job 32037.sith-mgmt2.ccs.ornl.gov completed

qsub: waiting for job 32038.sith-mgmt2.ccs.ornl.gov to start
qsub: job 32038.sith-mgmt2.ccs.ornl.gov ready

    0.000	    1.230	    1.718	    0.051	    0.044	    3.313

qsub: job 32038.sith-mgmt2.ccs.ornl.gov completed

qsub: waiting for job 32039.sith-mgmt2.ccs.ornl.gov to start
qsub: job 32039.sith-mgmt2.ccs.ornl.gov ready

    0.000	    2.460	    2.170	    0.057	    0.066	    5.016

qsub: job 32039.sith-mgmt2.ccs.ornl.gov completed

qsub: waiting for job 32040.sith-mgmt2.ccs.ornl.gov to start
qsub: job 32040.sith-mgmt2.ccs.ornl.gov ready

    0.000	    2.896	    2.103	    0.051	    0.160	    5.645

qsub: job 32040.sith-mgmt2.ccs.ornl.gov completed

3 var
qsub: waiting for job 32041.sith-mgmt2.ccs.ornl.gov to start
qsub: job 32041.sith-mgmt2.ccs.ornl.gov ready

    0.000	    0.406	    0.386	    0.035	    0.048	    1.050

qsub: job 32041.sith-mgmt2.ccs.ornl.gov completed

qsub: waiting for job 32042.sith-mgmt2.ccs.ornl.gov to start
qsub: job 32042.sith-mgmt2.ccs.ornl.gov ready

    0.000	    1.062	    0.960	    0.038	    0.089	    2.436

qsub: job 32042.sith-mgmt2.ccs.ornl.gov completed

qsub: waiting for job 32043.sith-mgmt2.ccs.ornl.gov to start
qsub: job 32043.sith-mgmt2.ccs.ornl.gov ready

    0.000	    1.660	    1.307	    0.041	    0.321	    4.100

qsub: job 32043.sith-mgmt2.ccs.ornl.gov completed

qsub: waiting for job 32044.sith-mgmt2.ccs.ornl.gov to start
qsub: job 32044.sith-mgmt2.ccs.ornl.gov ready

    0.000	    1.719	    1.229	    0.072	    0.120	    3.494

qsub: job 32044.sith-mgmt2.ccs.ornl.gov completed

qsub: waiting for job 32045.sith-mgmt2.ccs.ornl.gov to start
qsub: job 32045.sith-mgmt2.ccs.ornl.gov ready

    0.000	    1.731	    1.366	    0.038	    0.276	    4.021

qsub: job 32045.sith-mgmt2.ccs.ornl.gov completed

