4 var
qsub: waiting for job 30118.sith-mgmt2.ccs.ornl.gov to start
qsub: job 30118.sith-mgmt2.ccs.ornl.gov ready

    1.261	    0.000	    4.418	    0.109	    0.041	    6.073

qsub: job 30118.sith-mgmt2.ccs.ornl.gov completed

qsub: waiting for job 30119.sith-mgmt2.ccs.ornl.gov to start
qsub: job 30119.sith-mgmt2.ccs.ornl.gov ready

    1.196	    0.000	    5.137	    0.103	    0.056	    6.750

qsub: job 30119.sith-mgmt2.ccs.ornl.gov completed

qsub: waiting for job 30120.sith-mgmt2.ccs.ornl.gov to start
qsub: job 30120.sith-mgmt2.ccs.ornl.gov ready

    1.768	    0.000	    4.659	    0.110	    0.056	    6.902

qsub: job 30120.sith-mgmt2.ccs.ornl.gov completed

qsub: waiting for job 30121.sith-mgmt2.ccs.ornl.gov to start
qsub: job 30121.sith-mgmt2.ccs.ornl.gov ready

    2.280	    0.000	    4.153	    0.052	    0.074	    6.714

qsub: job 30121.sith-mgmt2.ccs.ornl.gov completed

qsub: waiting for job 30122.sith-mgmt2.ccs.ornl.gov to start
qsub: job 30122.sith-mgmt2.ccs.ornl.gov ready

    3.801	    0.000	    4.580	    0.116	    0.173	    8.860

qsub: job 30122.sith-mgmt2.ccs.ornl.gov completed

3 var
qsub: waiting for job 30123.sith-mgmt2.ccs.ornl.gov to start
qsub: job 30123.sith-mgmt2.ccs.ornl.gov ready

    0.693	    0.000	    1.823	    0.049	    0.060	    2.768

qsub: job 30123.sith-mgmt2.ccs.ornl.gov completed

qsub: waiting for job 30124.sith-mgmt2.ccs.ornl.gov to start
qsub: job 30124.sith-mgmt2.ccs.ornl.gov ready

    1.418	    0.000	    2.475	    0.068	    0.100	    4.208

qsub: job 30124.sith-mgmt2.ccs.ornl.gov completed

qsub: waiting for job 30125.sith-mgmt2.ccs.ornl.gov to start
qsub: job 30125.sith-mgmt2.ccs.ornl.gov ready

    2.155	    0.000	    3.226	    0.067	    0.329	    5.929

qsub: job 30125.sith-mgmt2.ccs.ornl.gov completed

qsub: waiting for job 30126.sith-mgmt2.ccs.ornl.gov to start
qsub: job 30126.sith-mgmt2.ccs.ornl.gov ready

    2.012	    0.000	    5.249	    0.071	    0.120	    7.638

qsub: job 30126.sith-mgmt2.ccs.ornl.gov completed

qsub: waiting for job 30127.sith-mgmt2.ccs.ornl.gov to start
qsub: job 30127.sith-mgmt2.ccs.ornl.gov ready

    1.759	    0.000	    3.927	    0.041	    0.281	    6.147

qsub: job 30127.sith-mgmt2.ccs.ornl.gov completed

2 var
qsub: waiting for job 30128.sith-mgmt2.ccs.ornl.gov to start
qsub: job 30128.sith-mgmt2.ccs.ornl.gov ready

    0.030	    0.000	    0.140	    0.042	    0.051	    0.385

qsub: job 30128.sith-mgmt2.ccs.ornl.gov completed

qsub: waiting for job 30129.sith-mgmt2.ccs.ornl.gov to start
qsub: job 30129.sith-mgmt2.ccs.ornl.gov ready

    0.156	    0.000	    0.484	    0.025	    0.044	    0.805

qsub: job 30129.sith-mgmt2.ccs.ornl.gov completed

qsub: waiting for job 30130.sith-mgmt2.ccs.ornl.gov to start
qsub: job 30130.sith-mgmt2.ccs.ornl.gov ready

    0.288	    0.000	    1.533	    0.038	    0.056	    2.056

qsub: job 30130.sith-mgmt2.ccs.ornl.gov completed

qsub: waiting for job 30131.sith-mgmt2.ccs.ornl.gov to start
qsub: job 30131.sith-mgmt2.ccs.ornl.gov ready

    0.578	    0.000	    2.147	    0.055	    0.079	    3.001

qsub: job 30131.sith-mgmt2.ccs.ornl.gov completed

qsub: waiting for job 30132.sith-mgmt2.ccs.ornl.gov to start
qsub: job 30132.sith-mgmt2.ccs.ornl.gov ready

    2.121	    0.000	    1.943	    0.072	    0.214	    4.487

qsub: job 30132.sith-mgmt2.ccs.ornl.gov completed

4 var
qsub: waiting for job 30133.sith-mgmt2.ccs.ornl.gov to start
qsub: job 30133.sith-mgmt2.ccs.ornl.gov ready

    1.165	    0.000	    3.718	    0.127	    0.052	    5.274

qsub: job 30133.sith-mgmt2.ccs.ornl.gov completed

qsub: waiting for job 30134.sith-mgmt2.ccs.ornl.gov to start
qsub: job 30134.sith-mgmt2.ccs.ornl.gov ready

    1.188	    0.000	    3.389	    0.144	    0.057	    5.029

qsub: job 30134.sith-mgmt2.ccs.ornl.gov completed

qsub: waiting for job 30135.sith-mgmt2.ccs.ornl.gov to start
qsub: job 30135.sith-mgmt2.ccs.ornl.gov ready

    1.964	    0.000	    4.394	    0.145	    0.057	    6.775

qsub: job 30135.sith-mgmt2.ccs.ornl.gov completed

qsub: waiting for job 30136.sith-mgmt2.ccs.ornl.gov to start
qsub: job 30136.sith-mgmt2.ccs.ornl.gov ready

    4.342	    0.000	    6.628	    0.147	    0.077	   11.428

qsub: job 30136.sith-mgmt2.ccs.ornl.gov completed

qsub: waiting for job 30137.sith-mgmt2.ccs.ornl.gov to start
qsub: job 30137.sith-mgmt2.ccs.ornl.gov ready

    3.358	    0.000	    7.573	    0.077	    0.226	   11.458

qsub: job 30137.sith-mgmt2.ccs.ornl.gov completed

3 var
qsub: waiting for job 30138.sith-mgmt2.ccs.ornl.gov to start
qsub: job 30138.sith-mgmt2.ccs.ornl.gov ready

    0.750	    0.000	    3.303	    0.060	    0.062	    4.317

qsub: job 30138.sith-mgmt2.ccs.ornl.gov completed

qsub: waiting for job 30139.sith-mgmt2.ccs.ornl.gov to start
qsub: job 30139.sith-mgmt2.ccs.ornl.gov ready

    1.246	    0.000	    3.859	    0.041	    0.109	    5.385

qsub: job 30139.sith-mgmt2.ccs.ornl.gov completed

qsub: waiting for job 30140.sith-mgmt2.ccs.ornl.gov to start
qsub: job 30140.sith-mgmt2.ccs.ornl.gov ready

    1.846	    0.000	    5.849	    0.042	    0.426	    8.330

qsub: job 30140.sith-mgmt2.ccs.ornl.gov completed

qsub: waiting for job 30141.sith-mgmt2.ccs.ornl.gov to start
qsub: job 30141.sith-mgmt2.ccs.ornl.gov ready

    2.568	    0.000	    2.670	    0.111	    0.130	    5.658

qsub: job 30141.sith-mgmt2.ccs.ornl.gov completed

qsub: waiting for job 30142.sith-mgmt2.ccs.ornl.gov to start
qsub: job 30142.sith-mgmt2.ccs.ornl.gov ready

    2.560	    0.000	    3.047	    0.092	    0.281	    6.116

qsub: job 30142.sith-mgmt2.ccs.ornl.gov completed

2 var
qsub: waiting for job 30143.sith-mgmt2.ccs.ornl.gov to start
qsub: job 30143.sith-mgmt2.ccs.ornl.gov ready

    0.024	    0.000	    0.432	    0.028	    0.040	    0.646

qsub: job 30143.sith-mgmt2.ccs.ornl.gov completed

qsub: waiting for job 30144.sith-mgmt2.ccs.ornl.gov to start
qsub: job 30144.sith-mgmt2.ccs.ornl.gov ready

    0.165	    0.000	    0.947	    0.027	    0.044	    1.302

qsub: job 30144.sith-mgmt2.ccs.ornl.gov completed

qsub: waiting for job 30145.sith-mgmt2.ccs.ornl.gov to start
qsub: job 30145.sith-mgmt2.ccs.ornl.gov ready

    0.277	    0.000	    1.560	    0.060	    0.055	    2.083

qsub: job 30145.sith-mgmt2.ccs.ornl.gov completed

qsub: waiting for job 30146.sith-mgmt2.ccs.ornl.gov to start
qsub: job 30146.sith-mgmt2.ccs.ornl.gov ready

    0.506	    0.000	    1.390	    0.059	    0.075	    2.140

qsub: job 30146.sith-mgmt2.ccs.ornl.gov completed

qsub: waiting for job 30147.sith-mgmt2.ccs.ornl.gov to start
qsub: job 30147.sith-mgmt2.ccs.ornl.gov ready

    0.999	    0.000	    2.720	    0.024	    0.247	    4.141

qsub: job 30147.sith-mgmt2.ccs.ornl.gov completed

4 var
qsub: waiting for job 30148.sith-mgmt2.ccs.ornl.gov to start
qsub: job 30148.sith-mgmt2.ccs.ornl.gov ready

    1.073	    0.000	    3.919	    0.087	    0.041	    5.308

qsub: job 30148.sith-mgmt2.ccs.ornl.gov completed

qsub: waiting for job 30149.sith-mgmt2.ccs.ornl.gov to start
qsub: job 30149.sith-mgmt2.ccs.ornl.gov ready

    1.019	    0.000	    2.992	    0.055	    0.055	    4.271

qsub: job 30149.sith-mgmt2.ccs.ornl.gov completed

qsub: waiting for job 30150.sith-mgmt2.ccs.ornl.gov to start
qsub: job 30150.sith-mgmt2.ccs.ornl.gov ready

    1.573	    0.000	    5.173	    0.054	    0.055	    7.003

qsub: job 30150.sith-mgmt2.ccs.ornl.gov completed

qsub: waiting for job 30151.sith-mgmt2.ccs.ornl.gov to start
qsub: job 30151.sith-mgmt2.ccs.ornl.gov ready

    3.184	    0.000	    3.715	    0.120	    0.076	    7.296

qsub: job 30151.sith-mgmt2.ccs.ornl.gov completed

qsub: waiting for job 30152.sith-mgmt2.ccs.ornl.gov to start
qsub: job 30152.sith-mgmt2.ccs.ornl.gov ready

    2.696	    0.000	    6.593	    0.051	    0.190	    9.691

qsub: job 30152.sith-mgmt2.ccs.ornl.gov completed

3 var
qsub: waiting for job 30153.sith-mgmt2.ccs.ornl.gov to start
qsub: job 30153.sith-mgmt2.ccs.ornl.gov ready

    0.691	    0.000	    1.891	    0.056	    0.061	    2.826

qsub: job 30153.sith-mgmt2.ccs.ornl.gov completed

qsub: waiting for job 30154.sith-mgmt2.ccs.ornl.gov to start
qsub: job 30154.sith-mgmt2.ccs.ornl.gov ready

    2.140	    0.000	    3.511	    0.088	    0.100	    5.987

qsub: job 30154.sith-mgmt2.ccs.ornl.gov completed

qsub: waiting for job 30155.sith-mgmt2.ccs.ornl.gov to start
qsub: job 30155.sith-mgmt2.ccs.ornl.gov ready

    2.559	    0.000	    3.734	    0.089	    0.320	    6.851

qsub: job 30155.sith-mgmt2.ccs.ornl.gov completed

qsub: waiting for job 30156.sith-mgmt2.ccs.ornl.gov to start
qsub: job 30156.sith-mgmt2.ccs.ornl.gov ready

    1.409	    0.000	    3.625	    0.038	    0.125	    5.322

qsub: job 30156.sith-mgmt2.ccs.ornl.gov completed

qsub: waiting for job 30157.sith-mgmt2.ccs.ornl.gov to start
qsub: job 30157.sith-mgmt2.ccs.ornl.gov ready

    1.848	    0.000	    3.361	    0.042	    0.337	    5.732

qsub: job 30157.sith-mgmt2.ccs.ornl.gov completed

2 var
qsub: waiting for job 30158.sith-mgmt2.ccs.ornl.gov to start
qsub: job 30158.sith-mgmt2.ccs.ornl.gov ready

    0.023	    0.000	    0.135	    0.026	    0.040	    0.322

qsub: job 30158.sith-mgmt2.ccs.ornl.gov completed

qsub: waiting for job 30159.sith-mgmt2.ccs.ornl.gov to start
qsub: job 30159.sith-mgmt2.ccs.ornl.gov ready

    0.163	    0.000	    0.714	    0.025	    0.048	    1.051

qsub: job 30159.sith-mgmt2.ccs.ornl.gov completed

qsub: waiting for job 30160.sith-mgmt2.ccs.ornl.gov to start
qsub: job 30160.sith-mgmt2.ccs.ornl.gov ready

    0.321	    0.000	    1.041	    0.075	    0.055	    1.620

qsub: job 30160.sith-mgmt2.ccs.ornl.gov completed

qsub: waiting for job 30161.sith-mgmt2.ccs.ornl.gov to start
qsub: job 30161.sith-mgmt2.ccs.ornl.gov ready

    0.459	    0.000	    1.809	    0.025	    0.077	    2.493

qsub: job 30161.sith-mgmt2.ccs.ornl.gov completed

qsub: waiting for job 30162.sith-mgmt2.ccs.ornl.gov to start
qsub: job 30162.sith-mgmt2.ccs.ornl.gov ready

    1.373	    0.000	    2.503	    0.059	    0.216	    4.317

qsub: job 30162.sith-mgmt2.ccs.ornl.gov completed

4 var
qsub: waiting for job 30163.sith-mgmt2.ccs.ornl.gov to start
qsub: job 30163.sith-mgmt2.ccs.ornl.gov ready

    1.105	    0.000	    4.439	    0.054	    0.040	    5.836

qsub: job 30163.sith-mgmt2.ccs.ornl.gov completed

qsub: waiting for job 30164.sith-mgmt2.ccs.ornl.gov to start
qsub: job 30164.sith-mgmt2.ccs.ornl.gov ready

    1.054	    0.000	    4.200	    0.054	    0.055	    5.520

qsub: job 30164.sith-mgmt2.ccs.ornl.gov completed

qsub: waiting for job 30165.sith-mgmt2.ccs.ornl.gov to start
qsub: job 30165.sith-mgmt2.ccs.ornl.gov ready

    1.735	    0.000	    3.092	    0.124	    0.057	    5.201

qsub: job 30165.sith-mgmt2.ccs.ornl.gov completed

qsub: waiting for job 30166.sith-mgmt2.ccs.ornl.gov to start
qsub: job 30166.sith-mgmt2.ccs.ornl.gov ready

    2.301	    0.000	    5.858	    0.054	    0.070	    8.498

qsub: job 30166.sith-mgmt2.ccs.ornl.gov completed

qsub: waiting for job 30167.sith-mgmt2.ccs.ornl.gov to start
qsub: job 30167.sith-mgmt2.ccs.ornl.gov ready

    2.737	    0.000	    6.807	    0.054	    0.190	    9.937

qsub: job 30167.sith-mgmt2.ccs.ornl.gov completed

3 var
qsub: waiting for job 30168.sith-mgmt2.ccs.ornl.gov to start
qsub: job 30168.sith-mgmt2.ccs.ornl.gov ready

    0.718	    0.000	    2.640	    0.040	    0.060	    3.583

qsub: job 30168.sith-mgmt2.ccs.ornl.gov completed

qsub: waiting for job 30169.sith-mgmt2.ccs.ornl.gov to start
qsub: job 30169.sith-mgmt2.ccs.ornl.gov ready

    1.279	    0.000	    4.023	    0.055	    0.098	    5.660

qsub: job 30169.sith-mgmt2.ccs.ornl.gov completed

qsub: waiting for job 30170.sith-mgmt2.ccs.ornl.gov to start
qsub: job 30170.sith-mgmt2.ccs.ornl.gov ready

    3.263	    0.000	    3.450	    0.097	    0.326	    7.350

qsub: job 30170.sith-mgmt2.ccs.ornl.gov completed

qsub: waiting for job 30171.sith-mgmt2.ccs.ornl.gov to start
qsub: job 30171.sith-mgmt2.ccs.ornl.gov ready

    1.401	    0.000	    2.264	    0.041	    0.127	    3.963

qsub: job 30171.sith-mgmt2.ccs.ornl.gov completed

qsub: waiting for job 30172.sith-mgmt2.ccs.ornl.gov to start
qsub: job 30172.sith-mgmt2.ccs.ornl.gov ready

    1.835	    0.000	    4.282	    0.041	    0.282	    6.727

qsub: job 30172.sith-mgmt2.ccs.ornl.gov completed

2 var
qsub: waiting for job 30173.sith-mgmt2.ccs.ornl.gov to start
qsub: job 30173.sith-mgmt2.ccs.ornl.gov ready

    0.041	    0.000	    0.176	    0.074	    0.052	    0.467

qsub: job 30173.sith-mgmt2.ccs.ornl.gov completed

qsub: waiting for job 30174.sith-mgmt2.ccs.ornl.gov to start
qsub: job 30174.sith-mgmt2.ccs.ornl.gov ready

    0.165	    0.000	    1.185	    0.027	    0.044	    1.582

qsub: job 30174.sith-mgmt2.ccs.ornl.gov completed

qsub: waiting for job 30175.sith-mgmt2.ccs.ornl.gov to start
qsub: job 30175.sith-mgmt2.ccs.ornl.gov ready

    0.275	    0.000	    1.351	    0.042	    0.055	    1.868

qsub: job 30175.sith-mgmt2.ccs.ornl.gov completed

qsub: waiting for job 30176.sith-mgmt2.ccs.ornl.gov to start
qsub: job 30176.sith-mgmt2.ccs.ornl.gov ready

    0.467	    0.000	    2.201	    0.028	    0.078	    2.911

qsub: job 30176.sith-mgmt2.ccs.ornl.gov completed

qsub: waiting for job 30177.sith-mgmt2.ccs.ornl.gov to start
qsub: job 30177.sith-mgmt2.ccs.ornl.gov ready

    1.274	    0.000	    1.749	    0.042	    0.215	    3.399

qsub: job 30177.sith-mgmt2.ccs.ornl.gov completed

4 var
qsub: waiting for job 30178.sith-mgmt2.ccs.ornl.gov to start
qsub: job 30178.sith-mgmt2.ccs.ornl.gov ready

    1.241	    0.000	    2.780	    0.150	    0.042	    4.473

qsub: job 30178.sith-mgmt2.ccs.ornl.gov completed

qsub: waiting for job 30179.sith-mgmt2.ccs.ornl.gov to start
qsub: job 30179.sith-mgmt2.ccs.ornl.gov ready

    1.039	    0.000	    4.153	    0.051	    0.055	    5.440

qsub: job 30179.sith-mgmt2.ccs.ornl.gov completed

qsub: waiting for job 30180.sith-mgmt2.ccs.ornl.gov to start
qsub: job 30180.sith-mgmt2.ccs.ornl.gov ready

    1.511	    0.000	    3.649	    0.053	    0.055	    5.426

qsub: job 30180.sith-mgmt2.ccs.ornl.gov completed

qsub: waiting for job 30181.sith-mgmt2.ccs.ornl.gov to start
qsub: job 30181.sith-mgmt2.ccs.ornl.gov ready

    2.311	    0.000	    6.553	    0.055	    0.075	    9.226

qsub: job 30181.sith-mgmt2.ccs.ornl.gov completed

qsub: waiting for job 30182.sith-mgmt2.ccs.ornl.gov to start
qsub: job 30182.sith-mgmt2.ccs.ornl.gov ready

    2.690	    0.000	    7.586	    0.052	    0.186	   10.737

qsub: job 30182.sith-mgmt2.ccs.ornl.gov completed

3 var
qsub: waiting for job 30183.sith-mgmt2.ccs.ornl.gov to start
qsub: job 30183.sith-mgmt2.ccs.ornl.gov ready

    0.718	    0.000	    3.426	    0.042	    0.054	    4.410

qsub: job 30183.sith-mgmt2.ccs.ornl.gov completed

qsub: waiting for job 30184.sith-mgmt2.ccs.ornl.gov to start
qsub: job 30184.sith-mgmt2.ccs.ornl.gov ready

    1.243	    0.000	    4.204	    0.041	    0.098	    5.763

qsub: job 30184.sith-mgmt2.ccs.ornl.gov completed

qsub: waiting for job 30185.sith-mgmt2.ccs.ornl.gov to start
qsub: job 30185.sith-mgmt2.ccs.ornl.gov ready

    2.493	    0.000	    3.521	    0.087	    0.324	    6.618

qsub: job 30185.sith-mgmt2.ccs.ornl.gov completed

qsub: waiting for job 30186.sith-mgmt2.ccs.ornl.gov to start
qsub: job 30186.sith-mgmt2.ccs.ornl.gov ready

    1.388	    0.000	    3.969	    0.040	    0.125	    5.700

qsub: job 30186.sith-mgmt2.ccs.ornl.gov completed

qsub: waiting for job 30187.sith-mgmt2.ccs.ornl.gov to start
qsub: job 30187.sith-mgmt2.ccs.ornl.gov ready

    3.315	    0.000	    3.650	    0.111	    0.284	    7.615

qsub: job 30187.sith-mgmt2.ccs.ornl.gov completed

2 var
qsub: waiting for job 30188.sith-mgmt2.ccs.ornl.gov to start
qsub: job 30188.sith-mgmt2.ccs.ornl.gov ready

    0.024	    0.000	    0.130	    0.029	    0.040	    0.321

qsub: job 30188.sith-mgmt2.ccs.ornl.gov completed

qsub: waiting for job 30189.sith-mgmt2.ccs.ornl.gov to start
qsub: job 30189.sith-mgmt2.ccs.ornl.gov ready

    0.175	    0.000	    1.363	    0.074	    0.047	    1.835

qsub: job 30189.sith-mgmt2.ccs.ornl.gov completed

qsub: waiting for job 30190.sith-mgmt2.ccs.ornl.gov to start
qsub: job 30190.sith-mgmt2.ccs.ornl.gov ready

    0.268	    0.000	    1.300	    0.027	    0.053	    1.771

qsub: job 30190.sith-mgmt2.ccs.ornl.gov completed

qsub: waiting for job 30191.sith-mgmt2.ccs.ornl.gov to start
qsub: job 30191.sith-mgmt2.ccs.ornl.gov ready

    0.466	    0.000	    1.983	    0.027	    0.072	    2.696

qsub: job 30191.sith-mgmt2.ccs.ornl.gov completed

qsub: waiting for job 30192.sith-mgmt2.ccs.ornl.gov to start
qsub: job 30192.sith-mgmt2.ccs.ornl.gov ready

    1.053	    0.000	    2.471	    0.026	    0.230	    3.902

qsub: job 30192.sith-mgmt2.ccs.ornl.gov completed

4 var
qsub: waiting for job 30193.sith-mgmt2.ccs.ornl.gov to start
qsub: job 30193.sith-mgmt2.ccs.ornl.gov ready

    1.088	    0.000	    3.237	    0.101	    0.048	    4.668

qsub: job 30193.sith-mgmt2.ccs.ornl.gov completed

qsub: waiting for job 30194.sith-mgmt2.ccs.ornl.gov to start
qsub: job 30194.sith-mgmt2.ccs.ornl.gov ready

    1.085	    0.000	    3.689	    0.119	    0.056	    5.182

qsub: job 30194.sith-mgmt2.ccs.ornl.gov completed

qsub: waiting for job 30195.sith-mgmt2.ccs.ornl.gov to start
qsub: job 30195.sith-mgmt2.ccs.ornl.gov ready

    1.567	    0.000	    6.319	    0.054	    0.055	    8.229

qsub: job 30195.sith-mgmt2.ccs.ornl.gov completed

qsub: waiting for job 30196.sith-mgmt2.ccs.ornl.gov to start
qsub: job 30196.sith-mgmt2.ccs.ornl.gov ready

    2.316	    0.000	    5.140	    0.056	    0.074	    7.787

qsub: job 30196.sith-mgmt2.ccs.ornl.gov completed

qsub: waiting for job 30197.sith-mgmt2.ccs.ornl.gov to start
qsub: job 30197.sith-mgmt2.ccs.ornl.gov ready

    4.050	    0.000	    6.949	    0.105	    0.172	   11.521

qsub: job 30197.sith-mgmt2.ccs.ornl.gov completed

3 var
qsub: waiting for job 30199.sith-mgmt2.ccs.ornl.gov to start
qsub: job 30199.sith-mgmt2.ccs.ornl.gov ready

    0.690	    0.000	    3.028	    0.056	    0.062	    4.021

qsub: job 30199.sith-mgmt2.ccs.ornl.gov completed

qsub: waiting for job 30200.sith-mgmt2.ccs.ornl.gov to start
qsub: job 30200.sith-mgmt2.ccs.ornl.gov ready

    2.144	    0.000	    4.267	    0.111	    0.100	    6.820

qsub: job 30200.sith-mgmt2.ccs.ornl.gov completed

qsub: waiting for job 30201.sith-mgmt2.ccs.ornl.gov to start
qsub: job 30201.sith-mgmt2.ccs.ornl.gov ready

    2.079	    0.000	    5.233	    0.056	    0.325	    7.880

qsub: job 30201.sith-mgmt2.ccs.ornl.gov completed

qsub: waiting for job 30202.sith-mgmt2.ccs.ornl.gov to start
qsub: job 30202.sith-mgmt2.ccs.ornl.gov ready

    1.417	    0.000	    4.029	    0.039	    0.126	    5.812

qsub: job 30202.sith-mgmt2.ccs.ornl.gov completed

qsub: waiting for job 30203.sith-mgmt2.ccs.ornl.gov to start
qsub: job 30203.sith-mgmt2.ccs.ornl.gov ready

    1.859	    0.000	    4.927	    0.056	    0.282	    7.309

qsub: job 30203.sith-mgmt2.ccs.ornl.gov completed

2 var
qsub: waiting for job 30204.sith-mgmt2.ccs.ornl.gov to start
qsub: job 30204.sith-mgmt2.ccs.ornl.gov ready

    0.025	    0.000	    0.743	    0.028	    0.050	    0.980

qsub: job 30204.sith-mgmt2.ccs.ornl.gov completed

qsub: waiting for job 30205.sith-mgmt2.ccs.ornl.gov to start
qsub: job 30205.sith-mgmt2.ccs.ornl.gov ready

    0.163	    0.000	    0.864	    0.026	    0.046	    1.217

qsub: job 30205.sith-mgmt2.ccs.ornl.gov completed

qsub: waiting for job 30206.sith-mgmt2.ccs.ornl.gov to start
qsub: job 30206.sith-mgmt2.ccs.ornl.gov ready

    0.264	    0.000	    0.998	    0.026	    0.055	    1.442

qsub: job 30206.sith-mgmt2.ccs.ornl.gov completed

qsub: waiting for job 30207.sith-mgmt2.ccs.ornl.gov to start
qsub: job 30207.sith-mgmt2.ccs.ornl.gov ready

    0.455	    0.000	    2.120	    0.024	    0.068	    2.799

qsub: job 30207.sith-mgmt2.ccs.ornl.gov completed

qsub: waiting for job 30208.sith-mgmt2.ccs.ornl.gov to start
qsub: job 30208.sith-mgmt2.ccs.ornl.gov ready

    1.060	    0.000	    2.624	    0.027	    0.233	    4.093

qsub: job 30208.sith-mgmt2.ccs.ornl.gov completed

4 var
qsub: waiting for job 30209.sith-mgmt2.ccs.ornl.gov to start
qsub: job 30209.sith-mgmt2.ccs.ornl.gov ready

    1.102	    0.000	    4.464	    0.054	    0.051	    5.842

qsub: job 30209.sith-mgmt2.ccs.ornl.gov completed

qsub: waiting for job 30210.sith-mgmt2.ccs.ornl.gov to start
qsub: job 30210.sith-mgmt2.ccs.ornl.gov ready

    1.053	    0.000	    4.018	    0.054	    0.046	    5.330

qsub: job 30210.sith-mgmt2.ccs.ornl.gov completed

qsub: waiting for job 30211.sith-mgmt2.ccs.ornl.gov to start
qsub: job 30211.sith-mgmt2.ccs.ornl.gov ready

    1.693	    0.000	    4.916	    0.100	    0.057	    6.989

qsub: job 30211.sith-mgmt2.ccs.ornl.gov completed

qsub: waiting for job 30212.sith-mgmt2.ccs.ornl.gov to start
qsub: job 30212.sith-mgmt2.ccs.ornl.gov ready

    2.247	    0.000	    5.230	    0.056	    0.075	    7.803

qsub: job 30212.sith-mgmt2.ccs.ornl.gov completed

qsub: waiting for job 30213.sith-mgmt2.ccs.ornl.gov to start
qsub: job 30213.sith-mgmt2.ccs.ornl.gov ready

    3.321	    0.000	    6.159	    0.099	    0.175	    9.992

qsub: job 30213.sith-mgmt2.ccs.ornl.gov completed

3 var
qsub: waiting for job 30214.sith-mgmt2.ccs.ornl.gov to start
qsub: job 30214.sith-mgmt2.ccs.ornl.gov ready

    0.710	    0.000	    3.559	    0.038	    0.061	    4.536

qsub: job 30214.sith-mgmt2.ccs.ornl.gov completed

qsub: waiting for job 30215.sith-mgmt2.ccs.ornl.gov to start
qsub: job 30215.sith-mgmt2.ccs.ornl.gov ready

    1.232	    0.000	    3.517	    0.064	    0.101	    5.089

qsub: job 30215.sith-mgmt2.ccs.ornl.gov completed

qsub: waiting for job 30216.sith-mgmt2.ccs.ornl.gov to start
qsub: job 30216.sith-mgmt2.ccs.ornl.gov ready

    1.858	    0.000	    5.004	    0.057	    0.322	    7.441

qsub: job 30216.sith-mgmt2.ccs.ornl.gov completed

qsub: waiting for job 30217.sith-mgmt2.ccs.ornl.gov to start
qsub: job 30217.sith-mgmt2.ccs.ornl.gov ready

    1.387	    0.000	    3.654	    0.064	    0.130	    5.410

qsub: job 30217.sith-mgmt2.ccs.ornl.gov completed

qsub: waiting for job 30218.sith-mgmt2.ccs.ornl.gov to start
qsub: job 30218.sith-mgmt2.ccs.ornl.gov ready

    1.828	    0.000	    5.125	    0.040	    0.350	    7.541

qsub: job 30218.sith-mgmt2.ccs.ornl.gov completed

2 var
qsub: waiting for job 30219.sith-mgmt2.ccs.ornl.gov to start
qsub: job 30219.sith-mgmt2.ccs.ornl.gov ready

    0.024	    0.000	    0.919	    0.028	    0.048	    1.139

qsub: job 30219.sith-mgmt2.ccs.ornl.gov completed

qsub: waiting for job 30220.sith-mgmt2.ccs.ornl.gov to start
qsub: job 30220.sith-mgmt2.ccs.ornl.gov ready

    0.164	    0.000	    1.471	    0.027	    0.044	    1.841

qsub: job 30220.sith-mgmt2.ccs.ornl.gov completed

qsub: waiting for job 30221.sith-mgmt2.ccs.ornl.gov to start
qsub: job 30221.sith-mgmt2.ccs.ornl.gov ready

    0.317	    0.000	    0.785	    0.074	    0.056	    1.353

qsub: job 30221.sith-mgmt2.ccs.ornl.gov completed

qsub: waiting for job 30222.sith-mgmt2.ccs.ornl.gov to start
qsub: job 30222.sith-mgmt2.ccs.ornl.gov ready

    0.465	    0.000	    1.586	    0.027	    0.078	    2.261

qsub: job 30222.sith-mgmt2.ccs.ornl.gov completed

qsub: waiting for job 30223.sith-mgmt2.ccs.ornl.gov to start
qsub: job 30223.sith-mgmt2.ccs.ornl.gov ready

    1.037	    0.000	    2.365	    0.026	    0.231	    3.766

qsub: job 30223.sith-mgmt2.ccs.ornl.gov completed

4 var
qsub: waiting for job 30224.sith-mgmt2.ccs.ornl.gov to start
qsub: job 30224.sith-mgmt2.ccs.ornl.gov ready

    1.089	    0.000	    3.952	    0.101	    0.049	    5.390

qsub: job 30224.sith-mgmt2.ccs.ornl.gov completed

qsub: waiting for job 30225.sith-mgmt2.ccs.ornl.gov to start
qsub: job 30225.sith-mgmt2.ccs.ornl.gov ready

    1.181	    0.000	    3.963	    0.150	    0.055	    5.629

qsub: job 30225.sith-mgmt2.ccs.ornl.gov completed

qsub: waiting for job 30226.sith-mgmt2.ccs.ornl.gov to start
qsub: job 30226.sith-mgmt2.ccs.ornl.gov ready

    1.549	    0.000	    6.349	    0.051	    0.056	    8.239

qsub: job 30226.sith-mgmt2.ccs.ornl.gov completed

qsub: waiting for job 30227.sith-mgmt2.ccs.ornl.gov to start
qsub: job 30227.sith-mgmt2.ccs.ornl.gov ready

    2.303	    0.000	    5.469	    0.057	    0.075	    8.115

qsub: job 30227.sith-mgmt2.ccs.ornl.gov completed

qsub: waiting for job 30228.sith-mgmt2.ccs.ornl.gov to start
qsub: job 30228.sith-mgmt2.ccs.ornl.gov ready

    2.980	    0.000	    7.239	    0.069	    0.172	   10.666

qsub: job 30228.sith-mgmt2.ccs.ornl.gov completed

3 var
qsub: waiting for job 30229.sith-mgmt2.ccs.ornl.gov to start
qsub: job 30229.sith-mgmt2.ccs.ornl.gov ready

    0.760	    0.000	    2.917	    0.111	    0.063	    4.055

qsub: job 30229.sith-mgmt2.ccs.ornl.gov completed

qsub: waiting for job 30230.sith-mgmt2.ccs.ornl.gov to start
qsub: job 30230.sith-mgmt2.ccs.ornl.gov ready

    1.630	    0.000	    3.050	    0.087	    0.100	    5.056

qsub: job 30230.sith-mgmt2.ccs.ornl.gov completed

qsub: waiting for job 30231.sith-mgmt2.ccs.ornl.gov to start
qsub: job 30231.sith-mgmt2.ccs.ornl.gov ready

    1.838	    0.000	    4.291	    0.042	    0.342	    6.709

qsub: job 30231.sith-mgmt2.ccs.ornl.gov completed

qsub: waiting for job 30232.sith-mgmt2.ccs.ornl.gov to start
qsub: job 30232.sith-mgmt2.ccs.ornl.gov ready

    1.619	    0.000	    3.498	    0.060	    0.128	    5.507

qsub: job 30232.sith-mgmt2.ccs.ornl.gov completed

qsub: waiting for job 30233.sith-mgmt2.ccs.ornl.gov to start
qsub: job 30233.sith-mgmt2.ccs.ornl.gov ready

    1.827	    0.000	    4.794	    0.039	    0.342	    7.184

qsub: job 30233.sith-mgmt2.ccs.ornl.gov completed

2 var
qsub: waiting for job 30234.sith-mgmt2.ccs.ornl.gov to start
qsub: job 30234.sith-mgmt2.ccs.ornl.gov ready

    0.023	    0.000	    0.450	    0.027	    0.040	    0.655

qsub: job 30234.sith-mgmt2.ccs.ornl.gov completed

qsub: waiting for job 30235.sith-mgmt2.ccs.ornl.gov to start
qsub: job 30235.sith-mgmt2.ccs.ornl.gov ready

    0.162	    0.000	    1.092	    0.026	    0.044	    1.584

qsub: job 30235.sith-mgmt2.ccs.ornl.gov completed

qsub: waiting for job 30236.sith-mgmt2.ccs.ornl.gov to start
qsub: job 30236.sith-mgmt2.ccs.ornl.gov ready

    0.332	    0.000	    1.556	    0.076	    0.055	    2.192

qsub: job 30236.sith-mgmt2.ccs.ornl.gov completed

qsub: waiting for job 30237.sith-mgmt2.ccs.ornl.gov to start
qsub: job 30237.sith-mgmt2.ccs.ornl.gov ready

    0.471	    0.000	    2.131	    0.027	    0.078	    2.848

qsub: job 30237.sith-mgmt2.ccs.ornl.gov completed

qsub: waiting for job 30238.sith-mgmt2.ccs.ornl.gov to start
qsub: job 30238.sith-mgmt2.ccs.ornl.gov ready

    1.576	    0.000	    2.171	    0.059	    0.218	    4.189

qsub: job 30238.sith-mgmt2.ccs.ornl.gov completed

4 var
qsub: waiting for job 30239.sith-mgmt2.ccs.ornl.gov to start
qsub: job 30239.sith-mgmt2.ccs.ornl.gov ready

    1.100	    0.000	    4.366	    0.054	    0.040	    5.730

qsub: job 30239.sith-mgmt2.ccs.ornl.gov completed

qsub: waiting for job 30240.sith-mgmt2.ccs.ornl.gov to start
qsub: job 30240.sith-mgmt2.ccs.ornl.gov ready

    1.077	    0.000	    3.548	    0.100	    0.058	    4.949

qsub: job 30240.sith-mgmt2.ccs.ornl.gov completed

qsub: waiting for job 30241.sith-mgmt2.ccs.ornl.gov to start
qsub: job 30241.sith-mgmt2.ccs.ornl.gov ready

    1.968	    0.000	    4.554	    0.148	    0.056	    6.993

qsub: job 30241.sith-mgmt2.ccs.ornl.gov completed

qsub: waiting for job 30242.sith-mgmt2.ccs.ornl.gov to start
qsub: job 30242.sith-mgmt2.ccs.ornl.gov ready

    2.300	    0.000	    6.476	    0.054	    0.075	    9.140

qsub: job 30242.sith-mgmt2.ccs.ornl.gov completed

qsub: waiting for job 30243.sith-mgmt2.ccs.ornl.gov to start
qsub: job 30243.sith-mgmt2.ccs.ornl.gov ready

    3.351	    0.000	    7.540	    0.102	    0.174	   11.418

qsub: job 30243.sith-mgmt2.ccs.ornl.gov completed

3 var
qsub: waiting for job 30244.sith-mgmt2.ccs.ornl.gov to start
qsub: job 30244.sith-mgmt2.ccs.ornl.gov ready

    0.691	    0.000	    2.953	    0.038	    0.061	    3.906

qsub: job 30244.sith-mgmt2.ccs.ornl.gov completed

qsub: waiting for job 30245.sith-mgmt2.ccs.ornl.gov to start
qsub: job 30245.sith-mgmt2.ccs.ornl.gov ready

    1.392	    0.000	    3.762	    0.060	    0.099	    5.495

qsub: job 30245.sith-mgmt2.ccs.ornl.gov completed

qsub: waiting for job 30246.sith-mgmt2.ccs.ornl.gov to start
qsub: job 30246.sith-mgmt2.ccs.ornl.gov ready

    2.155	    0.000	    4.752	    0.052	    0.329	    7.477

qsub: job 30246.sith-mgmt2.ccs.ornl.gov completed

qsub: waiting for job 30247.sith-mgmt2.ccs.ornl.gov to start
qsub: job 30247.sith-mgmt2.ccs.ornl.gov ready

    1.398	    0.000	    3.678	    0.047	    0.128	    5.441

qsub: job 30247.sith-mgmt2.ccs.ornl.gov completed

qsub: waiting for job 30248.sith-mgmt2.ccs.ornl.gov to start
qsub: job 30248.sith-mgmt2.ccs.ornl.gov ready

    2.536	    0.000	    4.130	    0.087	    0.279	    7.246

qsub: job 30248.sith-mgmt2.ccs.ornl.gov completed

2 var
qsub: waiting for job 30249.sith-mgmt2.ccs.ornl.gov to start
qsub: job 30249.sith-mgmt2.ccs.ornl.gov ready

    0.023	    0.000	    0.785	    0.025	    0.040	    0.998

qsub: job 30249.sith-mgmt2.ccs.ornl.gov completed

qsub: waiting for job 30250.sith-mgmt2.ccs.ornl.gov to start
qsub: job 30250.sith-mgmt2.ccs.ornl.gov ready

    0.162	    0.000	    1.118	    0.025	    0.047	    1.487

qsub: job 30250.sith-mgmt2.ccs.ornl.gov completed

qsub: waiting for job 30251.sith-mgmt2.ccs.ornl.gov to start
qsub: job 30251.sith-mgmt2.ccs.ornl.gov ready

    0.303	    0.000	    1.525	    0.061	    0.065	    2.103

qsub: job 30251.sith-mgmt2.ccs.ornl.gov completed

qsub: waiting for job 30252.sith-mgmt2.ccs.ornl.gov to start
qsub: job 30252.sith-mgmt2.ccs.ornl.gov ready

    0.496	    0.000	    1.975	    0.042	    0.078	    2.731

qsub: job 30252.sith-mgmt2.ccs.ornl.gov completed

qsub: waiting for job 30253.sith-mgmt2.ccs.ornl.gov to start
qsub: job 30253.sith-mgmt2.ccs.ornl.gov ready

    1.053	    0.000	    2.706	    0.027	    0.232	    4.161

qsub: job 30253.sith-mgmt2.ccs.ornl.gov completed

4 var
qsub: waiting for job 30254.sith-mgmt2.ccs.ornl.gov to start
qsub: job 30254.sith-mgmt2.ccs.ornl.gov ready

    1.207	    0.000	    3.378	    0.128	    0.042	    4.971

qsub: job 30254.sith-mgmt2.ccs.ornl.gov completed

qsub: waiting for job 30255.sith-mgmt2.ccs.ornl.gov to start
qsub: job 30255.sith-mgmt2.ccs.ornl.gov ready

    1.065	    0.000	    3.367	    0.084	    0.056	    4.784

qsub: job 30255.sith-mgmt2.ccs.ornl.gov completed

qsub: waiting for job 30256.sith-mgmt2.ccs.ornl.gov to start
qsub: job 30256.sith-mgmt2.ccs.ornl.gov ready

    1.980	    0.000	    3.951	    0.149	    0.048	    6.386

qsub: job 30256.sith-mgmt2.ccs.ornl.gov completed

qsub: waiting for job 30257.sith-mgmt2.ccs.ornl.gov to start
qsub: job 30257.sith-mgmt2.ccs.ornl.gov ready

    2.272	    0.000	    6.339	    0.055	    0.075	    8.947

qsub: job 30257.sith-mgmt2.ccs.ornl.gov completed

qsub: waiting for job 30258.sith-mgmt2.ccs.ornl.gov to start
qsub: job 30258.sith-mgmt2.ccs.ornl.gov ready

    2.669	    0.000	    5.835	    0.054	    0.164	    8.946

qsub: job 30258.sith-mgmt2.ccs.ornl.gov completed

3 var
qsub: waiting for job 30259.sith-mgmt2.ccs.ornl.gov to start
qsub: job 30259.sith-mgmt2.ccs.ornl.gov ready

    0.696	    0.000	    2.707	    0.040	    0.060	    3.676

qsub: job 30259.sith-mgmt2.ccs.ornl.gov completed

qsub: waiting for job 30260.sith-mgmt2.ccs.ornl.gov to start
qsub: job 30260.sith-mgmt2.ccs.ornl.gov ready

    1.243	    0.000	    4.097	    0.043	    0.095	    5.664

qsub: job 30260.sith-mgmt2.ccs.ornl.gov completed

qsub: waiting for job 30261.sith-mgmt2.ccs.ornl.gov to start
qsub: job 30261.sith-mgmt2.ccs.ornl.gov ready

    1.867	    0.000	    5.609	    0.041	    0.400	    8.091

qsub: job 30261.sith-mgmt2.ccs.ornl.gov completed

qsub: waiting for job 30262.sith-mgmt2.ccs.ornl.gov to start
qsub: job 30262.sith-mgmt2.ccs.ornl.gov ready

    1.397	    0.000	    4.358	    0.040	    0.126	    6.098

qsub: job 30262.sith-mgmt2.ccs.ornl.gov completed

qsub: waiting for job 30263.sith-mgmt2.ccs.ornl.gov to start
qsub: job 30263.sith-mgmt2.ccs.ornl.gov ready

    1.852	    0.000	    5.843	    0.064	    0.286	    8.230

qsub: job 30263.sith-mgmt2.ccs.ornl.gov completed

2 var
qsub: waiting for job 30264.sith-mgmt2.ccs.ornl.gov to start
qsub: job 30264.sith-mgmt2.ccs.ornl.gov ready

    0.024	    0.000	    0.761	    0.029	    0.040	    0.994

qsub: job 30264.sith-mgmt2.ccs.ornl.gov completed

qsub: waiting for job 30265.sith-mgmt2.ccs.ornl.gov to start
qsub: job 30265.sith-mgmt2.ccs.ornl.gov ready

    0.163	    0.000	    1.218	    0.028	    0.044	    1.589

qsub: job 30265.sith-mgmt2.ccs.ornl.gov completed

qsub: waiting for job 30266.sith-mgmt2.ccs.ornl.gov to start
qsub: job 30266.sith-mgmt2.ccs.ornl.gov ready

    0.265	    0.000	    1.570	    0.028	    0.062	    2.068

qsub: job 30266.sith-mgmt2.ccs.ornl.gov completed

qsub: waiting for job 30267.sith-mgmt2.ccs.ornl.gov to start
qsub: job 30267.sith-mgmt2.ccs.ornl.gov ready

    0.457	    0.000	    2.244	    0.026	    0.077	    2.942

qsub: job 30267.sith-mgmt2.ccs.ornl.gov completed

qsub: waiting for job 30268.sith-mgmt2.ccs.ornl.gov to start
qsub: job 30268.sith-mgmt2.ccs.ornl.gov ready

    1.059	    0.000	    2.439	    0.029	    0.234	    3.869

qsub: job 30268.sith-mgmt2.ccs.ornl.gov completed

4 var
qsub: waiting for job 30269.sith-mgmt2.ccs.ornl.gov to start
qsub: job 30269.sith-mgmt2.ccs.ornl.gov ready

    1.104	    0.000	    5.081	    0.056	    0.040	    6.463

qsub: job 30269.sith-mgmt2.ccs.ornl.gov completed

qsub: waiting for job 30270.sith-mgmt2.ccs.ornl.gov to start
qsub: job 30270.sith-mgmt2.ccs.ornl.gov ready

    1.044	    0.000	    4.636	    0.056	    0.055	    6.044

qsub: job 30270.sith-mgmt2.ccs.ornl.gov completed

qsub: waiting for job 30271.sith-mgmt2.ccs.ornl.gov to start
qsub: job 30271.sith-mgmt2.ccs.ornl.gov ready

    1.573	    0.000	    6.399	    0.057	    0.045	    8.285

qsub: job 30271.sith-mgmt2.ccs.ornl.gov completed

qsub: waiting for job 30272.sith-mgmt2.ccs.ornl.gov to start
qsub: job 30272.sith-mgmt2.ccs.ornl.gov ready

    3.180	    0.000	    5.198	    0.120	    0.076	    8.834

qsub: job 30272.sith-mgmt2.ccs.ornl.gov completed

qsub: waiting for job 30273.sith-mgmt2.ccs.ornl.gov to start
qsub: job 30273.sith-mgmt2.ccs.ornl.gov ready

    3.845	    0.000	    5.217	    0.120	    0.173	    9.610

qsub: job 30273.sith-mgmt2.ccs.ornl.gov completed

3 var
qsub: waiting for job 30274.sith-mgmt2.ccs.ornl.gov to start
qsub: job 30274.sith-mgmt2.ccs.ornl.gov ready

    0.685	    0.000	    2.770	    0.041	    0.061	    3.743

qsub: job 30274.sith-mgmt2.ccs.ornl.gov completed

qsub: waiting for job 30275.sith-mgmt2.ccs.ornl.gov to start
qsub: job 30275.sith-mgmt2.ccs.ornl.gov ready

    1.191	    0.000	    3.092	    0.040	    0.097	    4.589

qsub: job 30275.sith-mgmt2.ccs.ornl.gov completed

qsub: waiting for job 30276.sith-mgmt2.ccs.ornl.gov to start
qsub: job 30276.sith-mgmt2.ccs.ornl.gov ready

    1.864	    0.000	    4.903	    0.049	    0.320	    7.336

qsub: job 30276.sith-mgmt2.ccs.ornl.gov completed

qsub: waiting for job 30277.sith-mgmt2.ccs.ornl.gov to start
qsub: job 30277.sith-mgmt2.ccs.ornl.gov ready

    1.415	    0.000	    4.513	    0.042	    0.127	    6.287

qsub: job 30277.sith-mgmt2.ccs.ornl.gov completed

qsub: waiting for job 30278.sith-mgmt2.ccs.ornl.gov to start
qsub: job 30278.sith-mgmt2.ccs.ornl.gov ready

    2.472	    0.000	    4.376	    0.077	    0.283	    7.408

qsub: job 30278.sith-mgmt2.ccs.ornl.gov completed

2 var
qsub: waiting for job 30279.sith-mgmt2.ccs.ornl.gov to start
qsub: job 30279.sith-mgmt2.ccs.ornl.gov ready

    0.023	    0.000	    0.663	    0.027	    0.049	    0.896

qsub: job 30279.sith-mgmt2.ccs.ornl.gov completed

qsub: waiting for job 30280.sith-mgmt2.ccs.ornl.gov to start
qsub: job 30280.sith-mgmt2.ccs.ornl.gov ready

    0.163	    0.000	    1.098	    0.028	    0.044	    1.475

qsub: job 30280.sith-mgmt2.ccs.ornl.gov completed

qsub: waiting for job 30281.sith-mgmt2.ccs.ornl.gov to start
qsub: job 30281.sith-mgmt2.ccs.ornl.gov ready

    0.273	    0.000	    1.271	    0.036	    0.055	    1.780

qsub: job 30281.sith-mgmt2.ccs.ornl.gov completed

qsub: waiting for job 30282.sith-mgmt2.ccs.ornl.gov to start
qsub: job 30282.sith-mgmt2.ccs.ornl.gov ready

    0.468	    0.000	    2.181	    0.028	    0.078	    2.892

qsub: job 30282.sith-mgmt2.ccs.ornl.gov completed

qsub: waiting for job 30283.sith-mgmt2.ccs.ornl.gov to start
qsub: job 30283.sith-mgmt2.ccs.ornl.gov ready

    1.056	    0.000	    2.669	    0.028	    0.232	    4.122

qsub: job 30283.sith-mgmt2.ccs.ornl.gov completed

4 var
qsub: waiting for job 30284.sith-mgmt2.ccs.ornl.gov to start
qsub: job 30284.sith-mgmt2.ccs.ornl.gov ready

    1.207	    0.000	    3.809	    0.129	    0.042	    5.430

qsub: job 30284.sith-mgmt2.ccs.ornl.gov completed

qsub: waiting for job 30285.sith-mgmt2.ccs.ornl.gov to start
qsub: job 30285.sith-mgmt2.ccs.ornl.gov ready

    1.049	    0.000	    4.217	    0.072	    0.056	    5.620

qsub: job 30285.sith-mgmt2.ccs.ornl.gov completed

qsub: waiting for job 30286.sith-mgmt2.ccs.ornl.gov to start
qsub: job 30286.sith-mgmt2.ccs.ornl.gov ready

    2.002	    0.000	    4.235	    0.150	    0.058	    6.707

qsub: job 30286.sith-mgmt2.ccs.ornl.gov completed

qsub: waiting for job 30287.sith-mgmt2.ccs.ornl.gov to start
qsub: job 30287.sith-mgmt2.ccs.ornl.gov ready

    4.220	    0.000	    4.722	    0.147	    0.077	    9.449

qsub: job 30287.sith-mgmt2.ccs.ornl.gov completed

qsub: waiting for job 30288.sith-mgmt2.ccs.ornl.gov to start
qsub: job 30288.sith-mgmt2.ccs.ornl.gov ready

    4.823	    0.000	    7.144	    0.120	    0.173	   12.527

qsub: job 30288.sith-mgmt2.ccs.ornl.gov completed

3 var
qsub: waiting for job 30289.sith-mgmt2.ccs.ornl.gov to start
qsub: job 30289.sith-mgmt2.ccs.ornl.gov ready

    0.726	    0.000	    3.442	    0.065	    0.062	    4.481

qsub: job 30289.sith-mgmt2.ccs.ornl.gov completed

qsub: waiting for job 30290.sith-mgmt2.ccs.ornl.gov to start
qsub: job 30290.sith-mgmt2.ccs.ornl.gov ready

    1.631	    0.000	    3.117	    0.071	    0.099	    5.120

qsub: job 30290.sith-mgmt2.ccs.ornl.gov completed

qsub: waiting for job 30291.sith-mgmt2.ccs.ornl.gov to start
qsub: job 30291.sith-mgmt2.ccs.ornl.gov ready

    2.551	    0.000	    4.368	    0.089	    0.330	    7.534

qsub: job 30291.sith-mgmt2.ccs.ornl.gov completed

qsub: waiting for job 30292.sith-mgmt2.ccs.ornl.gov to start
qsub: job 30292.sith-mgmt2.ccs.ornl.gov ready

    1.406	    0.000	    4.130	    0.040	    0.125	    5.887

qsub: job 30292.sith-mgmt2.ccs.ornl.gov completed

qsub: waiting for job 30293.sith-mgmt2.ccs.ornl.gov to start
qsub: job 30293.sith-mgmt2.ccs.ornl.gov ready

    1.843	    0.000	    5.174	    0.042	    0.354	    7.581

qsub: job 30293.sith-mgmt2.ccs.ornl.gov completed

2 var
qsub: waiting for job 30294.sith-mgmt2.ccs.ornl.gov to start
qsub: job 30294.sith-mgmt2.ccs.ornl.gov ready

    0.024	    0.000	    0.931	    0.029	    0.040	    1.165

qsub: job 30294.sith-mgmt2.ccs.ornl.gov completed

qsub: waiting for job 30295.sith-mgmt2.ccs.ornl.gov to start
qsub: job 30295.sith-mgmt2.ccs.ornl.gov ready

    0.164	    0.000	    1.506	    0.029	    0.044	    1.888

qsub: job 30295.sith-mgmt2.ccs.ornl.gov completed

qsub: waiting for job 30296.sith-mgmt2.ccs.ornl.gov to start
qsub: job 30296.sith-mgmt2.ccs.ornl.gov ready

    0.306	    0.000	    1.969	    0.062	    0.059	    2.550

qsub: job 30296.sith-mgmt2.ccs.ornl.gov completed

qsub: waiting for job 30297.sith-mgmt2.ccs.ornl.gov to start
qsub: job 30297.sith-mgmt2.ccs.ornl.gov ready

    0.540	    0.000	    1.942	    0.062	    0.079	    2.765

qsub: job 30297.sith-mgmt2.ccs.ornl.gov completed

qsub: waiting for job 30298.sith-mgmt2.ccs.ornl.gov to start
qsub: job 30298.sith-mgmt2.ccs.ornl.gov ready

    1.638	    0.000	    2.639	    0.059	    0.218	    4.703

qsub: job 30298.sith-mgmt2.ccs.ornl.gov completed

4 var
qsub: waiting for job 30299.sith-mgmt2.ccs.ornl.gov to start
qsub: job 30299.sith-mgmt2.ccs.ornl.gov ready

    1.159	    0.000	    4.219	    0.115	    0.041	    5.747

qsub: job 30299.sith-mgmt2.ccs.ornl.gov completed

qsub: waiting for job 30300.sith-mgmt2.ccs.ornl.gov to start
qsub: job 30300.sith-mgmt2.ccs.ornl.gov ready

    1.098	    0.000	    3.940	    0.115	    0.057	    5.455

qsub: job 30300.sith-mgmt2.ccs.ornl.gov completed

qsub: waiting for job 30301.sith-mgmt2.ccs.ornl.gov to start
qsub: job 30301.sith-mgmt2.ccs.ornl.gov ready

    1.582	    0.000	    6.459	    0.062	    0.057	    8.375

qsub: job 30301.sith-mgmt2.ccs.ornl.gov completed

qsub: waiting for job 30302.sith-mgmt2.ccs.ornl.gov to start
qsub: job 30302.sith-mgmt2.ccs.ornl.gov ready

    2.264	    0.000	    6.425	    0.052	    0.074	    9.047

qsub: job 30302.sith-mgmt2.ccs.ornl.gov completed

qsub: waiting for job 30303.sith-mgmt2.ccs.ornl.gov to start
qsub: job 30303.sith-mgmt2.ccs.ornl.gov ready

    3.235	    0.000	    6.610	    0.075	    0.172	   10.315

qsub: job 30303.sith-mgmt2.ccs.ornl.gov completed

3 var
qsub: waiting for job 30304.sith-mgmt2.ccs.ornl.gov to start
qsub: job 30304.sith-mgmt2.ccs.ornl.gov ready

    0.738	    0.000	    2.905	    0.056	    0.062	    3.977

qsub: job 30304.sith-mgmt2.ccs.ornl.gov completed

qsub: waiting for job 30305.sith-mgmt2.ccs.ornl.gov to start
qsub: job 30305.sith-mgmt2.ccs.ornl.gov ready

    1.663	    0.000	    3.389	    0.075	    0.095	    5.410

qsub: job 30305.sith-mgmt2.ccs.ornl.gov completed

qsub: waiting for job 30306.sith-mgmt2.ccs.ornl.gov to start
qsub: job 30306.sith-mgmt2.ccs.ornl.gov ready

    1.868	    0.000	    5.055	    0.058	    0.325	    7.484

qsub: job 30306.sith-mgmt2.ccs.ornl.gov completed

qsub: waiting for job 30307.sith-mgmt2.ccs.ornl.gov to start
qsub: job 30307.sith-mgmt2.ccs.ornl.gov ready

    1.339	    0.000	    3.012	    0.064	    0.128	    4.727

qsub: job 30307.sith-mgmt2.ccs.ornl.gov completed

qsub: waiting for job 30308.sith-mgmt2.ccs.ornl.gov to start
qsub: job 30308.sith-mgmt2.ccs.ornl.gov ready

    3.281	    0.000	    4.643	    0.080	    0.283	    8.488

qsub: job 30308.sith-mgmt2.ccs.ornl.gov completed

2 var
qsub: waiting for job 30309.sith-mgmt2.ccs.ornl.gov to start
qsub: job 30309.sith-mgmt2.ccs.ornl.gov ready

    0.022	    0.000	    1.102	    0.026	    0.047	    1.326

qsub: job 30309.sith-mgmt2.ccs.ornl.gov completed

qsub: waiting for job 30310.sith-mgmt2.ccs.ornl.gov to start
qsub: job 30310.sith-mgmt2.ccs.ornl.gov ready

    0.163	    0.000	    1.168	    0.026	    0.044	    1.532

qsub: job 30310.sith-mgmt2.ccs.ornl.gov completed

qsub: waiting for job 30311.sith-mgmt2.ccs.ornl.gov to start
qsub: job 30311.sith-mgmt2.ccs.ornl.gov ready

    0.269	    0.000	    1.905	    0.028	    0.063	    2.415

qsub: job 30311.sith-mgmt2.ccs.ornl.gov completed

qsub: waiting for job 30312.sith-mgmt2.ccs.ornl.gov to start
qsub: job 30312.sith-mgmt2.ccs.ornl.gov ready

    0.468	    0.000	    2.190	    0.028	    0.078	    2.915

qsub: job 30312.sith-mgmt2.ccs.ornl.gov completed

qsub: waiting for job 30313.sith-mgmt2.ccs.ornl.gov to start
qsub: job 30313.sith-mgmt2.ccs.ornl.gov ready

    1.058	    0.000	    2.722	    0.027	    0.241	    4.221

qsub: job 30313.sith-mgmt2.ccs.ornl.gov completed

4 var
qsub: waiting for job 30314.sith-mgmt2.ccs.ornl.gov to start
qsub: job 30314.sith-mgmt2.ccs.ornl.gov ready

    1.263	    0.000	    4.062	    0.147	    0.042	    5.769

qsub: job 30314.sith-mgmt2.ccs.ornl.gov completed

qsub: waiting for job 30315.sith-mgmt2.ccs.ornl.gov to start
qsub: job 30315.sith-mgmt2.ccs.ornl.gov ready

    1.113	    0.000	    4.554	    0.087	    0.056	    6.044

qsub: job 30315.sith-mgmt2.ccs.ornl.gov completed

qsub: waiting for job 30316.sith-mgmt2.ccs.ornl.gov to start
qsub: job 30316.sith-mgmt2.ccs.ornl.gov ready

    1.743	    0.000	    4.611	    0.121	    0.056	    6.770

qsub: job 30316.sith-mgmt2.ccs.ornl.gov completed

qsub: waiting for job 30317.sith-mgmt2.ccs.ornl.gov to start
qsub: job 30317.sith-mgmt2.ccs.ornl.gov ready

    2.648	    0.000	    6.479	    0.104	    0.078	    9.553

qsub: job 30317.sith-mgmt2.ccs.ornl.gov completed

qsub: waiting for job 30318.sith-mgmt2.ccs.ornl.gov to start
qsub: job 30318.sith-mgmt2.ccs.ornl.gov ready

    2.995	    0.000	    6.895	    0.087	    0.168	   10.377

qsub: job 30318.sith-mgmt2.ccs.ornl.gov completed

3 var
qsub: waiting for job 30319.sith-mgmt2.ccs.ornl.gov to start
qsub: job 30319.sith-mgmt2.ccs.ornl.gov ready

    0.714	    0.000	    3.367	    0.041	    0.060	    4.363

qsub: job 30319.sith-mgmt2.ccs.ornl.gov completed

qsub: waiting for job 30320.sith-mgmt2.ccs.ornl.gov to start
qsub: job 30320.sith-mgmt2.ccs.ornl.gov ready

    1.246	    0.000	    4.161	    0.043	    0.091	    5.719

qsub: job 30320.sith-mgmt2.ccs.ornl.gov completed

qsub: waiting for job 30321.sith-mgmt2.ccs.ornl.gov to start
qsub: job 30321.sith-mgmt2.ccs.ornl.gov ready

    1.863	    0.000	    5.896	    0.040	    0.428	    8.421

qsub: job 30321.sith-mgmt2.ccs.ornl.gov completed

qsub: waiting for job 30322.sith-mgmt2.ccs.ornl.gov to start
qsub: job 30322.sith-mgmt2.ccs.ornl.gov ready

    1.395	    0.000	    3.538	    0.040	    0.128	    5.305

qsub: job 30322.sith-mgmt2.ccs.ornl.gov completed

qsub: waiting for job 30323.sith-mgmt2.ccs.ornl.gov to start
qsub: job 30323.sith-mgmt2.ccs.ornl.gov ready

    1.841	    0.000	    4.636	    0.043	    0.359	    7.032

qsub: job 30323.sith-mgmt2.ccs.ornl.gov completed

2 var
qsub: waiting for job 30324.sith-mgmt2.ccs.ornl.gov to start
qsub: job 30324.sith-mgmt2.ccs.ornl.gov ready

    0.024	    0.000	    0.647	    0.030	    0.040	    0.877

qsub: job 30324.sith-mgmt2.ccs.ornl.gov completed

qsub: waiting for job 30325.sith-mgmt2.ccs.ornl.gov to start
qsub: job 30325.sith-mgmt2.ccs.ornl.gov ready

    0.160	    0.000	    1.500	    0.028	    0.054	    1.873

qsub: job 30325.sith-mgmt2.ccs.ornl.gov completed

qsub: waiting for job 30326.sith-mgmt2.ccs.ornl.gov to start
qsub: job 30326.sith-mgmt2.ccs.ornl.gov ready

    0.266	    0.000	    1.580	    0.028	    0.053	    2.066

qsub: job 30326.sith-mgmt2.ccs.ornl.gov completed

qsub: waiting for job 30327.sith-mgmt2.ccs.ornl.gov to start
qsub: job 30327.sith-mgmt2.ccs.ornl.gov ready

    0.625	    0.000	    2.011	    0.074	    0.081	    2.960

qsub: job 30327.sith-mgmt2.ccs.ornl.gov completed

qsub: waiting for job 30328.sith-mgmt2.ccs.ornl.gov to start
qsub: job 30328.sith-mgmt2.ccs.ornl.gov ready

    1.053	    0.000	    2.181	    0.026	    0.212	    3.621

qsub: job 30328.sith-mgmt2.ccs.ornl.gov completed

4 var
qsub: waiting for job 30329.sith-mgmt2.ccs.ornl.gov to start
qsub: job 30329.sith-mgmt2.ccs.ornl.gov ready

    1.089	    0.000	    4.721	    0.050	    0.040	    6.117

qsub: job 30329.sith-mgmt2.ccs.ornl.gov completed

qsub: waiting for job 30330.sith-mgmt2.ccs.ornl.gov to start
qsub: job 30330.sith-mgmt2.ccs.ornl.gov ready

    1.053	    0.000	    5.048	    0.056	    0.055	    6.456

qsub: job 30330.sith-mgmt2.ccs.ornl.gov completed

qsub: waiting for job 30331.sith-mgmt2.ccs.ornl.gov to start
qsub: job 30331.sith-mgmt2.ccs.ornl.gov ready

    1.828	    0.000	    5.401	    0.124	    0.057	    7.674

qsub: job 30331.sith-mgmt2.ccs.ornl.gov completed

qsub: waiting for job 30332.sith-mgmt2.ccs.ornl.gov to start
qsub: job 30332.sith-mgmt2.ccs.ornl.gov ready

    2.600	    0.000	    5.584	    0.104	    0.077	    8.602

qsub: job 30332.sith-mgmt2.ccs.ornl.gov completed

qsub: waiting for job 30333.sith-mgmt2.ccs.ornl.gov to start
qsub: job 30333.sith-mgmt2.ccs.ornl.gov ready

    3.338	    0.000	    5.814	    0.098	    0.171	    9.662

qsub: job 30333.sith-mgmt2.ccs.ornl.gov completed

3 var
qsub: waiting for job 30334.sith-mgmt2.ccs.ornl.gov to start
qsub: job 30334.sith-mgmt2.ccs.ornl.gov ready

    0.713	    0.000	    3.563	    0.040	    0.053	    4.551

qsub: job 30334.sith-mgmt2.ccs.ornl.gov completed

qsub: waiting for job 30335.sith-mgmt2.ccs.ornl.gov to start
qsub: job 30335.sith-mgmt2.ccs.ornl.gov ready

    1.643	    0.000	    3.335	    0.075	    0.098	    5.346

qsub: job 30335.sith-mgmt2.ccs.ornl.gov completed

qsub: waiting for job 30336.sith-mgmt2.ccs.ornl.gov to start
qsub: job 30336.sith-mgmt2.ccs.ornl.gov ready

    1.875	    0.000	    5.242	    0.049	    0.330	    7.770

qsub: job 30336.sith-mgmt2.ccs.ornl.gov completed

qsub: waiting for job 30337.sith-mgmt2.ccs.ornl.gov to start
qsub: job 30337.sith-mgmt2.ccs.ornl.gov ready

    1.373	    0.000	    4.409	    0.048	    0.118	    6.141

qsub: job 30337.sith-mgmt2.ccs.ornl.gov completed

qsub: waiting for job 30338.sith-mgmt2.ccs.ornl.gov to start
qsub: job 30338.sith-mgmt2.ccs.ornl.gov ready

    1.841	    0.000	    5.208	    0.041	    0.363	    7.643

qsub: job 30338.sith-mgmt2.ccs.ornl.gov completed

2 var
qsub: waiting for job 30339.sith-mgmt2.ccs.ornl.gov to start
qsub: job 30339.sith-mgmt2.ccs.ornl.gov ready

    0.023	    0.000	    0.654	    0.026	    0.040	    0.871

qsub: job 30339.sith-mgmt2.ccs.ornl.gov completed

qsub: waiting for job 30340.sith-mgmt2.ccs.ornl.gov to start
qsub: job 30340.sith-mgmt2.ccs.ornl.gov ready

    0.163	    0.000	    1.590	    0.026	    0.045	    1.974

qsub: job 30340.sith-mgmt2.ccs.ornl.gov completed

qsub: waiting for job 30341.sith-mgmt2.ccs.ornl.gov to start
qsub: job 30341.sith-mgmt2.ccs.ornl.gov ready

    0.265	    0.000	    1.642	    0.026	    0.053	    2.127

qsub: job 30341.sith-mgmt2.ccs.ornl.gov completed

qsub: waiting for job 30342.sith-mgmt2.ccs.ornl.gov to start
qsub: job 30342.sith-mgmt2.ccs.ornl.gov ready

    0.470	    0.000	    2.783	    0.028	    0.078	    3.500

qsub: job 30342.sith-mgmt2.ccs.ornl.gov completed

qsub: waiting for job 30343.sith-mgmt2.ccs.ornl.gov to start
qsub: job 30343.sith-mgmt2.ccs.ornl.gov ready

    1.056	    0.000	    2.843	    0.028	    0.246	    4.321

qsub: job 30343.sith-mgmt2.ccs.ornl.gov completed

4 var
qsub: waiting for job 30344.sith-mgmt2.ccs.ornl.gov to start
qsub: job 30344.sith-mgmt2.ccs.ornl.gov ready

    1.103	    0.000	    4.659	    0.099	    0.042	    6.098

qsub: job 30344.sith-mgmt2.ccs.ornl.gov completed

qsub: waiting for job 30345.sith-mgmt2.ccs.ornl.gov to start
qsub: job 30345.sith-mgmt2.ccs.ornl.gov ready

    1.070	    0.000	    4.422	    0.103	    0.052	    5.881

qsub: job 30345.sith-mgmt2.ccs.ornl.gov completed

qsub: waiting for job 30346.sith-mgmt2.ccs.ornl.gov to start
qsub: job 30346.sith-mgmt2.ccs.ornl.gov ready

    1.607	    0.000	    6.605	    0.072	    0.056	    8.559

qsub: job 30346.sith-mgmt2.ccs.ornl.gov completed

qsub: waiting for job 30347.sith-mgmt2.ccs.ornl.gov to start
qsub: job 30347.sith-mgmt2.ccs.ornl.gov ready

    2.634	    0.000	    5.150	    0.078	    0.075	    8.149

qsub: job 30347.sith-mgmt2.ccs.ornl.gov completed

qsub: waiting for job 30348.sith-mgmt2.ccs.ornl.gov to start
qsub: job 30348.sith-mgmt2.ccs.ornl.gov ready

    3.675	    0.000	    6.208	    0.111	    0.174	   10.392

qsub: job 30348.sith-mgmt2.ccs.ornl.gov completed

3 var
qsub: waiting for job 30349.sith-mgmt2.ccs.ornl.gov to start
qsub: job 30349.sith-mgmt2.ccs.ornl.gov ready

    0.700	    0.000	    3.017	    0.042	    0.061	    4.006

qsub: job 30349.sith-mgmt2.ccs.ornl.gov completed

qsub: waiting for job 30350.sith-mgmt2.ccs.ornl.gov to start
qsub: job 30350.sith-mgmt2.ccs.ornl.gov ready

    1.234	    0.000	    4.173	    0.041	    0.099	    5.733

qsub: job 30350.sith-mgmt2.ccs.ornl.gov completed

qsub: waiting for job 30351.sith-mgmt2.ccs.ornl.gov to start
qsub: job 30351.sith-mgmt2.ccs.ornl.gov ready

    3.247	    0.000	    4.990	    0.089	    0.329	    8.866

qsub: job 30351.sith-mgmt2.ccs.ornl.gov completed

qsub: waiting for job 30352.sith-mgmt2.ccs.ornl.gov to start
qsub: job 30352.sith-mgmt2.ccs.ornl.gov ready

    1.400	    0.000	    3.681	    0.041	    0.129	    5.395

qsub: job 30352.sith-mgmt2.ccs.ornl.gov completed

qsub: waiting for job 30353.sith-mgmt2.ccs.ornl.gov to start
qsub: job 30353.sith-mgmt2.ccs.ornl.gov ready

    2.575	    0.000	    4.432	    0.081	    0.286	    7.567

qsub: job 30353.sith-mgmt2.ccs.ornl.gov completed

2 var
qsub: waiting for job 30354.sith-mgmt2.ccs.ornl.gov to start
qsub: job 30354.sith-mgmt2.ccs.ornl.gov ready

    0.022	    0.000	    0.968	    0.026	    0.040	    1.201

qsub: job 30354.sith-mgmt2.ccs.ornl.gov completed

qsub: waiting for job 30355.sith-mgmt2.ccs.ornl.gov to start
qsub: job 30355.sith-mgmt2.ccs.ornl.gov ready

    0.163	    0.000	    1.156	    0.025	    0.051	    1.535

qsub: job 30355.sith-mgmt2.ccs.ornl.gov completed

qsub: waiting for job 30356.sith-mgmt2.ccs.ornl.gov to start
qsub: job 30356.sith-mgmt2.ccs.ornl.gov ready

    0.275	    0.000	    1.577	    0.057	    0.054	    2.114

qsub: job 30356.sith-mgmt2.ccs.ornl.gov completed

qsub: waiting for job 30357.sith-mgmt2.ccs.ornl.gov to start
qsub: job 30357.sith-mgmt2.ccs.ornl.gov ready

    0.457	    0.000	    2.306	    0.025	    0.075	    3.024

qsub: job 30357.sith-mgmt2.ccs.ornl.gov completed

qsub: waiting for job 30358.sith-mgmt2.ccs.ornl.gov to start
qsub: job 30358.sith-mgmt2.ccs.ornl.gov ready

    1.057	    0.000	    2.857	    0.028	    0.250	    4.350

qsub: job 30358.sith-mgmt2.ccs.ornl.gov completed

4 var
qsub: waiting for job 30359.sith-mgmt2.ccs.ornl.gov to start
qsub: job 30359.sith-mgmt2.ccs.ornl.gov ready

    1.097	    0.000	    4.492	    0.054	    0.041	    5.842

qsub: job 30359.sith-mgmt2.ccs.ornl.gov completed

qsub: waiting for job 30360.sith-mgmt2.ccs.ornl.gov to start
qsub: job 30360.sith-mgmt2.ccs.ornl.gov ready

    1.044	    0.000	    5.274	    0.054	    0.055	    6.647

qsub: job 30360.sith-mgmt2.ccs.ornl.gov completed

qsub: waiting for job 30361.sith-mgmt2.ccs.ornl.gov to start
qsub: job 30361.sith-mgmt2.ccs.ornl.gov ready

    1.576	    0.000	    6.576	    0.057	    0.055	    8.509

qsub: job 30361.sith-mgmt2.ccs.ornl.gov completed

qsub: waiting for job 30362.sith-mgmt2.ccs.ornl.gov to start
qsub: job 30362.sith-mgmt2.ccs.ornl.gov ready

    2.497	    0.000	    7.011	    0.091	    0.076	    9.935

qsub: job 30362.sith-mgmt2.ccs.ornl.gov completed

qsub: waiting for job 30363.sith-mgmt2.ccs.ornl.gov to start
qsub: job 30363.sith-mgmt2.ccs.ornl.gov ready

    3.824	    0.000	    5.994	    0.103	    0.167	   10.334

qsub: job 30363.sith-mgmt2.ccs.ornl.gov completed

3 var
qsub: waiting for job 30364.sith-mgmt2.ccs.ornl.gov to start
qsub: job 30364.sith-mgmt2.ccs.ornl.gov ready

    0.685	    0.000	    2.500	    0.054	    0.061	    3.464

qsub: job 30364.sith-mgmt2.ccs.ornl.gov completed

qsub: waiting for job 30365.sith-mgmt2.ccs.ornl.gov to start
qsub: job 30365.sith-mgmt2.ccs.ornl.gov ready

    1.244	    0.000	    4.509	    0.041	    0.098	    6.071

qsub: job 30365.sith-mgmt2.ccs.ornl.gov completed

qsub: waiting for job 30366.sith-mgmt2.ccs.ornl.gov to start
qsub: job 30366.sith-mgmt2.ccs.ornl.gov ready

    1.885	    0.000	    5.863	    0.043	    0.425	    8.468

qsub: job 30366.sith-mgmt2.ccs.ornl.gov completed

qsub: waiting for job 30367.sith-mgmt2.ccs.ornl.gov to start
qsub: job 30367.sith-mgmt2.ccs.ornl.gov ready

    2.008	    0.000	    3.291	    0.076	    0.129	    5.643

qsub: job 30367.sith-mgmt2.ccs.ornl.gov completed

qsub: waiting for job 30368.sith-mgmt2.ccs.ornl.gov to start
qsub: job 30368.sith-mgmt2.ccs.ornl.gov ready

    2.547	    0.000	    3.851	    0.091	    0.279	    6.977

qsub: job 30368.sith-mgmt2.ccs.ornl.gov completed

2 var
qsub: waiting for job 30369.sith-mgmt2.ccs.ornl.gov to start
qsub: job 30369.sith-mgmt2.ccs.ornl.gov ready

    0.023	    0.000	    1.038	    0.026	    0.040	    1.258

qsub: job 30369.sith-mgmt2.ccs.ornl.gov completed

qsub: waiting for job 30370.sith-mgmt2.ccs.ornl.gov to start
qsub: job 30370.sith-mgmt2.ccs.ornl.gov ready

    0.166	    0.000	    1.271	    0.059	    0.046	    1.684

qsub: job 30370.sith-mgmt2.ccs.ornl.gov completed

qsub: waiting for job 30371.sith-mgmt2.ccs.ornl.gov to start
qsub: job 30371.sith-mgmt2.ccs.ornl.gov ready

    0.310	    0.000	    1.877	    0.058	    0.064	    2.457

qsub: job 30371.sith-mgmt2.ccs.ornl.gov completed

qsub: waiting for job 30372.sith-mgmt2.ccs.ornl.gov to start
qsub: job 30372.sith-mgmt2.ccs.ornl.gov ready

    0.499	    0.000	    1.851	    0.058	    0.079	    2.634

qsub: job 30372.sith-mgmt2.ccs.ornl.gov completed

qsub: waiting for job 30373.sith-mgmt2.ccs.ornl.gov to start
qsub: job 30373.sith-mgmt2.ccs.ornl.gov ready

    1.051	    0.000	    2.186	    0.027	    0.241	    3.608

qsub: job 30373.sith-mgmt2.ccs.ornl.gov completed

4 var
qsub: waiting for job 30374.sith-mgmt2.ccs.ornl.gov to start
qsub: job 30374.sith-mgmt2.ccs.ornl.gov ready

    1.093	    0.000	    4.308	    0.052	    0.040	    5.653

qsub: job 30374.sith-mgmt2.ccs.ornl.gov completed

qsub: waiting for job 30375.sith-mgmt2.ccs.ornl.gov to start
qsub: job 30375.sith-mgmt2.ccs.ornl.gov ready

    1.046	    0.000	    4.091	    0.075	    0.056	    5.491

qsub: job 30375.sith-mgmt2.ccs.ornl.gov completed

qsub: waiting for job 30376.sith-mgmt2.ccs.ornl.gov to start
qsub: job 30376.sith-mgmt2.ccs.ornl.gov ready

    1.603	    0.000	    6.337	    0.071	    0.046	    8.279

qsub: job 30376.sith-mgmt2.ccs.ornl.gov completed

qsub: waiting for job 30377.sith-mgmt2.ccs.ornl.gov to start
qsub: job 30377.sith-mgmt2.ccs.ornl.gov ready

    2.300	    0.000	    7.243	    0.056	    0.075	    9.884

qsub: job 30377.sith-mgmt2.ccs.ornl.gov completed

qsub: waiting for job 30378.sith-mgmt2.ccs.ornl.gov to start
qsub: job 30378.sith-mgmt2.ccs.ornl.gov ready

    5.168	    0.000	    6.755	    0.124	    0.175	   12.504

qsub: job 30378.sith-mgmt2.ccs.ornl.gov completed

3 var
qsub: waiting for job 30379.sith-mgmt2.ccs.ornl.gov to start
qsub: job 30379.sith-mgmt2.ccs.ornl.gov ready

    0.745	    0.000	    2.744	    0.109	    0.063	    3.852

qsub: job 30379.sith-mgmt2.ccs.ornl.gov completed

qsub: waiting for job 30380.sith-mgmt2.ccs.ornl.gov to start
qsub: job 30380.sith-mgmt2.ccs.ornl.gov ready

    1.237	    0.000	    3.779	    0.064	    0.100	    5.363

qsub: job 30380.sith-mgmt2.ccs.ornl.gov completed

qsub: waiting for job 30381.sith-mgmt2.ccs.ornl.gov to start
qsub: job 30381.sith-mgmt2.ccs.ornl.gov ready

    1.882	    0.000	    4.422	    0.040	    0.368	    6.898

qsub: job 30381.sith-mgmt2.ccs.ornl.gov completed

qsub: waiting for job 30382.sith-mgmt2.ccs.ornl.gov to start
qsub: job 30382.sith-mgmt2.ccs.ornl.gov ready

    1.405	    0.000	    3.513	    0.040	    0.127	    5.252

qsub: job 30382.sith-mgmt2.ccs.ornl.gov completed

qsub: waiting for job 30383.sith-mgmt2.ccs.ornl.gov to start
qsub: job 30383.sith-mgmt2.ccs.ornl.gov ready

    1.798	    0.000	    5.636	    0.050	    0.279	    7.940

qsub: job 30383.sith-mgmt2.ccs.ornl.gov completed

2 var
qsub: waiting for job 30384.sith-mgmt2.ccs.ornl.gov to start
qsub: job 30384.sith-mgmt2.ccs.ornl.gov ready

    0.024	    0.000	    0.969	    0.028	    0.040	    1.203

qsub: job 30384.sith-mgmt2.ccs.ornl.gov completed

qsub: waiting for job 30385.sith-mgmt2.ccs.ornl.gov to start
qsub: job 30385.sith-mgmt2.ccs.ornl.gov ready

    0.164	    0.000	    1.448	    0.029	    0.044	    1.823

qsub: job 30385.sith-mgmt2.ccs.ornl.gov completed

qsub: waiting for job 30386.sith-mgmt2.ccs.ornl.gov to start
qsub: job 30386.sith-mgmt2.ccs.ornl.gov ready

    0.268	    0.000	    1.652	    0.028	    0.053	    2.151

qsub: job 30386.sith-mgmt2.ccs.ornl.gov completed

qsub: waiting for job 30387.sith-mgmt2.ccs.ornl.gov to start
qsub: job 30387.sith-mgmt2.ccs.ornl.gov ready

    0.468	    0.000	    2.374	    0.028	    0.071	    3.060

qsub: job 30387.sith-mgmt2.ccs.ornl.gov completed

qsub: waiting for job 30388.sith-mgmt2.ccs.ornl.gov to start
qsub: job 30388.sith-mgmt2.ccs.ornl.gov ready

    1.033	    0.000	    2.651	    0.028	    0.241	    4.077

qsub: job 30388.sith-mgmt2.ccs.ornl.gov completed

4 var
qsub: waiting for job 30389.sith-mgmt2.ccs.ornl.gov to start
qsub: job 30389.sith-mgmt2.ccs.ornl.gov ready

    1.104	    0.000	    4.381	    0.057	    0.040	    5.742

qsub: job 30389.sith-mgmt2.ccs.ornl.gov completed

qsub: waiting for job 30390.sith-mgmt2.ccs.ornl.gov to start
qsub: job 30390.sith-mgmt2.ccs.ornl.gov ready

    1.053	    0.000	    4.939	    0.056	    0.055	    6.314

qsub: job 30390.sith-mgmt2.ccs.ornl.gov completed

qsub: waiting for job 30391.sith-mgmt2.ccs.ornl.gov to start
qsub: job 30391.sith-mgmt2.ccs.ornl.gov ready

    1.545	    0.000	    4.714	    0.055	    0.056	    6.591

qsub: job 30391.sith-mgmt2.ccs.ornl.gov completed

qsub: waiting for job 30392.sith-mgmt2.ccs.ornl.gov to start
qsub: job 30392.sith-mgmt2.ccs.ornl.gov ready

    3.151	    0.000	    4.819	    0.101	    0.075	    8.369

qsub: job 30392.sith-mgmt2.ccs.ornl.gov completed

qsub: waiting for job 30393.sith-mgmt2.ccs.ornl.gov to start
qsub: job 30393.sith-mgmt2.ccs.ornl.gov ready

    3.801	    0.000	    5.440	    0.118	    0.171	    9.770

qsub: job 30393.sith-mgmt2.ccs.ornl.gov completed

3 var
qsub: waiting for job 30394.sith-mgmt2.ccs.ornl.gov to start
qsub: job 30394.sith-mgmt2.ccs.ornl.gov ready

    0.711	    0.000	    3.740	    0.037	    0.056	    4.706

qsub: job 30394.sith-mgmt2.ccs.ornl.gov completed

qsub: waiting for job 30395.sith-mgmt2.ccs.ornl.gov to start
qsub: job 30395.sith-mgmt2.ccs.ornl.gov ready

    1.220	    0.000	    3.209	    0.055	    0.100	    4.760

qsub: job 30395.sith-mgmt2.ccs.ornl.gov completed

qsub: waiting for job 30396.sith-mgmt2.ccs.ornl.gov to start
qsub: job 30396.sith-mgmt2.ccs.ornl.gov ready

    3.154	    0.000	    4.557	    0.110	    0.330	    8.369

qsub: job 30396.sith-mgmt2.ccs.ornl.gov completed

qsub: waiting for job 30397.sith-mgmt2.ccs.ornl.gov to start
qsub: job 30397.sith-mgmt2.ccs.ornl.gov ready

    1.927	    0.000	    3.152	    0.087	    0.128	    5.500

qsub: job 30397.sith-mgmt2.ccs.ornl.gov completed

qsub: waiting for job 30398.sith-mgmt2.ccs.ornl.gov to start
qsub: job 30398.sith-mgmt2.ccs.ornl.gov ready

    3.296	    0.000	    4.327	    0.109	    0.283	    8.241

qsub: job 30398.sith-mgmt2.ccs.ornl.gov completed

2 var
qsub: waiting for job 30399.sith-mgmt2.ccs.ornl.gov to start
qsub: job 30399.sith-mgmt2.ccs.ornl.gov ready

    0.022	    0.000	    0.618	    0.025	    0.049	    0.859

qsub: job 30399.sith-mgmt2.ccs.ornl.gov completed

qsub: waiting for job 30400.sith-mgmt2.ccs.ornl.gov to start
qsub: job 30400.sith-mgmt2.ccs.ornl.gov ready

    0.163	    0.000	    1.510	    0.024	    0.044	    1.890

qsub: job 30400.sith-mgmt2.ccs.ornl.gov completed

qsub: waiting for job 30401.sith-mgmt2.ccs.ornl.gov to start
qsub: job 30401.sith-mgmt2.ccs.ornl.gov ready

    0.266	    0.000	    1.650	    0.025	    0.054	    2.139

qsub: job 30401.sith-mgmt2.ccs.ornl.gov completed

qsub: waiting for job 30402.sith-mgmt2.ccs.ornl.gov to start
qsub: job 30402.sith-mgmt2.ccs.ornl.gov ready

    0.573	    0.000	    1.663	    0.074	    0.081	    2.532

qsub: job 30402.sith-mgmt2.ccs.ornl.gov completed

qsub: waiting for job 30403.sith-mgmt2.ccs.ornl.gov to start
qsub: job 30403.sith-mgmt2.ccs.ornl.gov ready

    2.179	    0.000	    2.720	    0.067	    0.218	    5.337

qsub: job 30403.sith-mgmt2.ccs.ornl.gov completed

4 var
qsub: waiting for job 30404.sith-mgmt2.ccs.ornl.gov to start
qsub: job 30404.sith-mgmt2.ccs.ornl.gov ready

    1.199	    0.000	    3.220	    0.134	    0.042	    4.778

qsub: job 30404.sith-mgmt2.ccs.ornl.gov completed

qsub: waiting for job 30405.sith-mgmt2.ccs.ornl.gov to start
qsub: job 30405.sith-mgmt2.ccs.ornl.gov ready

    1.049	    0.000	    5.149	    0.053	    0.055	    6.516

qsub: job 30405.sith-mgmt2.ccs.ornl.gov completed

qsub: waiting for job 30406.sith-mgmt2.ccs.ornl.gov to start
qsub: job 30406.sith-mgmt2.ccs.ornl.gov ready

    1.947	    0.000	    5.554	    0.133	    0.058	    7.969

qsub: job 30406.sith-mgmt2.ccs.ornl.gov completed

qsub: waiting for job 30407.sith-mgmt2.ccs.ornl.gov to start
qsub: job 30407.sith-mgmt2.ccs.ornl.gov ready

    2.298	    0.000	    6.586	    0.053	    0.075	    9.198

qsub: job 30407.sith-mgmt2.ccs.ornl.gov completed

qsub: waiting for job 30408.sith-mgmt2.ccs.ornl.gov to start
qsub: job 30408.sith-mgmt2.ccs.ornl.gov ready

    2.683	    0.000	    7.295	    0.053	    0.188	   10.431

qsub: job 30408.sith-mgmt2.ccs.ornl.gov completed

3 var
qsub: waiting for job 30409.sith-mgmt2.ccs.ornl.gov to start
qsub: job 30409.sith-mgmt2.ccs.ornl.gov ready

    0.742	    0.000	    3.382	    0.057	    0.061	    4.475

qsub: job 30409.sith-mgmt2.ccs.ornl.gov completed

qsub: waiting for job 30410.sith-mgmt2.ccs.ornl.gov to start
qsub: job 30410.sith-mgmt2.ccs.ornl.gov ready

    1.207	    0.000	    3.670	    0.044	    0.100	    5.197

qsub: job 30410.sith-mgmt2.ccs.ornl.gov completed

qsub: waiting for job 30411.sith-mgmt2.ccs.ornl.gov to start
qsub: job 30411.sith-mgmt2.ccs.ornl.gov ready

    2.501	    0.000	    4.666	    0.086	    0.325	    7.774

qsub: job 30411.sith-mgmt2.ccs.ornl.gov completed

qsub: waiting for job 30412.sith-mgmt2.ccs.ornl.gov to start
qsub: job 30412.sith-mgmt2.ccs.ornl.gov ready

    1.365	    0.000	    4.236	    0.046	    0.128	    5.950

qsub: job 30412.sith-mgmt2.ccs.ornl.gov completed

qsub: waiting for job 30413.sith-mgmt2.ccs.ornl.gov to start
qsub: job 30413.sith-mgmt2.ccs.ornl.gov ready

    2.623	    0.000	    4.816	    0.064	    0.282	    7.980

qsub: job 30413.sith-mgmt2.ccs.ornl.gov completed

2 var
qsub: waiting for job 30414.sith-mgmt2.ccs.ornl.gov to start
qsub: job 30414.sith-mgmt2.ccs.ornl.gov ready

    0.024	    0.000	    0.652	    0.028	    0.040	    0.864

qsub: job 30414.sith-mgmt2.ccs.ornl.gov completed

qsub: waiting for job 30415.sith-mgmt2.ccs.ornl.gov to start
qsub: job 30415.sith-mgmt2.ccs.ornl.gov ready

    0.165	    0.000	    1.200	    0.027	    0.044	    1.577

qsub: job 30415.sith-mgmt2.ccs.ornl.gov completed

qsub: waiting for job 30416.sith-mgmt2.ccs.ornl.gov to start
qsub: job 30416.sith-mgmt2.ccs.ornl.gov ready

    0.267	    0.000	    1.025	    0.027	    0.053	    1.476

qsub: job 30416.sith-mgmt2.ccs.ornl.gov completed

qsub: waiting for job 30417.sith-mgmt2.ccs.ornl.gov to start
qsub: job 30417.sith-mgmt2.ccs.ornl.gov ready

    0.463	    0.000	    2.233	    0.026	    0.077	    2.935

qsub: job 30417.sith-mgmt2.ccs.ornl.gov completed

qsub: waiting for job 30418.sith-mgmt2.ccs.ornl.gov to start
qsub: job 30418.sith-mgmt2.ccs.ornl.gov ready

    1.006	    0.000	    2.776	    0.025	    0.242	    4.195

qsub: job 30418.sith-mgmt2.ccs.ornl.gov completed

