4 var
qsub: waiting for job 30419.sith-mgmt2.ccs.ornl.gov to start
qsub: job 30419.sith-mgmt2.ccs.ornl.gov ready

    1.108	    2.130	    0.606	    0.054	    0.040	    4.184

qsub: job 30419.sith-mgmt2.ccs.ornl.gov completed

qsub: waiting for job 30420.sith-mgmt2.ccs.ornl.gov to start
qsub: job 30420.sith-mgmt2.ccs.ornl.gov ready

    1.054	    2.027	    1.295	    0.054	    0.054	    4.711

qsub: job 30420.sith-mgmt2.ccs.ornl.gov completed

qsub: waiting for job 30421.sith-mgmt2.ccs.ornl.gov to start
qsub: job 30421.sith-mgmt2.ccs.ornl.gov ready

    1.574	    2.941	    1.318	    0.055	    0.044	    6.157

qsub: job 30421.sith-mgmt2.ccs.ornl.gov completed

qsub: waiting for job 30422.sith-mgmt2.ccs.ornl.gov to start
qsub: job 30422.sith-mgmt2.ccs.ornl.gov ready

    2.295	    3.297	    1.867	    0.054	    0.066	    7.790

qsub: job 30422.sith-mgmt2.ccs.ornl.gov completed

qsub: waiting for job 30423.sith-mgmt2.ccs.ornl.gov to start
qsub: job 30423.sith-mgmt2.ccs.ornl.gov ready

    2.665	    3.804	    1.874	    0.052	    0.173	    8.784

qsub: job 30423.sith-mgmt2.ccs.ornl.gov completed

3 var
qsub: waiting for job 30424.sith-mgmt2.ccs.ornl.gov to start
qsub: job 30424.sith-mgmt2.ccs.ornl.gov ready

    0.719	    1.296	    0.751	    0.040	    0.061	    3.039

qsub: job 30424.sith-mgmt2.ccs.ornl.gov completed

qsub: waiting for job 30425.sith-mgmt2.ccs.ornl.gov to start
qsub: job 30425.sith-mgmt2.ccs.ornl.gov ready

    1.244	    1.719	    0.935	    0.041	    0.099	    4.220

qsub: job 30425.sith-mgmt2.ccs.ornl.gov completed

qsub: waiting for job 30426.sith-mgmt2.ccs.ornl.gov to start
qsub: job 30426.sith-mgmt2.ccs.ornl.gov ready

    1.867	    2.754	    1.192	    0.039	    0.340	    6.368

qsub: job 30426.sith-mgmt2.ccs.ornl.gov completed

qsub: waiting for job 30427.sith-mgmt2.ccs.ornl.gov to start
qsub: job 30427.sith-mgmt2.ccs.ornl.gov ready

    1.398	    1.822	    1.128	    0.039	    0.128	    4.701

qsub: job 30427.sith-mgmt2.ccs.ornl.gov completed

qsub: waiting for job 30428.sith-mgmt2.ccs.ornl.gov to start
qsub: job 30428.sith-mgmt2.ccs.ornl.gov ready

    1.836	    2.600	    1.114	    0.040	    0.287	    6.080

qsub: job 30428.sith-mgmt2.ccs.ornl.gov completed

2 var
qsub: waiting for job 30429.sith-mgmt2.ccs.ornl.gov to start
qsub: job 30429.sith-mgmt2.ccs.ornl.gov ready

    0.024	    0.035	    0.581	    0.028	    0.040	    0.848

qsub: job 30429.sith-mgmt2.ccs.ornl.gov completed

qsub: waiting for job 30430.sith-mgmt2.ccs.ornl.gov to start
qsub: job 30430.sith-mgmt2.ccs.ornl.gov ready

    0.165	    0.350	    0.547	    0.027	    0.043	    1.375

qsub: job 30430.sith-mgmt2.ccs.ornl.gov completed

qsub: waiting for job 30431.sith-mgmt2.ccs.ornl.gov to start
qsub: job 30431.sith-mgmt2.ccs.ornl.gov ready

    0.268	    0.589	    0.548	    0.027	    0.061	    1.626

qsub: job 30431.sith-mgmt2.ccs.ornl.gov completed

qsub: waiting for job 30432.sith-mgmt2.ccs.ornl.gov to start
qsub: job 30432.sith-mgmt2.ccs.ornl.gov ready

    0.455	    0.941	    0.612	    0.028	    0.068	    2.250

qsub: job 30432.sith-mgmt2.ccs.ornl.gov completed

qsub: waiting for job 30433.sith-mgmt2.ccs.ornl.gov to start
qsub: job 30433.sith-mgmt2.ccs.ornl.gov ready

    1.021	    1.393	    0.824	    0.026	    0.216	    3.628

qsub: job 30433.sith-mgmt2.ccs.ornl.gov completed

4 var
qsub: waiting for job 30434.sith-mgmt2.ccs.ornl.gov to start
qsub: job 30434.sith-mgmt2.ccs.ornl.gov ready

    1.096	    2.082	    0.400	    0.053	    0.040	    3.836

qsub: job 30434.sith-mgmt2.ccs.ornl.gov completed

qsub: waiting for job 30435.sith-mgmt2.ccs.ornl.gov to start
qsub: job 30435.sith-mgmt2.ccs.ornl.gov ready

    1.056	    1.983	    1.247	    0.055	    0.051	    4.590

qsub: job 30435.sith-mgmt2.ccs.ornl.gov completed

qsub: waiting for job 30436.sith-mgmt2.ccs.ornl.gov to start
qsub: job 30436.sith-mgmt2.ccs.ornl.gov ready

    1.573	    2.911	    1.319	    0.055	    0.054	    6.145

qsub: job 30436.sith-mgmt2.ccs.ornl.gov completed

qsub: waiting for job 30437.sith-mgmt2.ccs.ornl.gov to start
qsub: job 30437.sith-mgmt2.ccs.ornl.gov ready

    2.300	    3.293	    1.619	    0.054	    0.065	    7.584

qsub: job 30437.sith-mgmt2.ccs.ornl.gov completed

qsub: waiting for job 30438.sith-mgmt2.ccs.ornl.gov to start
qsub: job 30438.sith-mgmt2.ccs.ornl.gov ready

    2.701	    3.805	    1.996	    0.054	    0.173	    8.943

qsub: job 30438.sith-mgmt2.ccs.ornl.gov completed

3 var
qsub: waiting for job 30439.sith-mgmt2.ccs.ornl.gov to start
qsub: job 30439.sith-mgmt2.ccs.ornl.gov ready

    0.719	    1.306	    0.816	    0.041	    0.050	    3.145

qsub: job 30439.sith-mgmt2.ccs.ornl.gov completed

qsub: waiting for job 30440.sith-mgmt2.ccs.ornl.gov to start
qsub: job 30440.sith-mgmt2.ccs.ornl.gov ready

    1.241	    1.697	    0.891	    0.040	    0.099	    4.148

qsub: job 30440.sith-mgmt2.ccs.ornl.gov completed

qsub: waiting for job 30441.sith-mgmt2.ccs.ornl.gov to start
qsub: job 30441.sith-mgmt2.ccs.ornl.gov ready

    2.519	    2.607	    1.129	    0.074	    0.327	    6.845

qsub: job 30441.sith-mgmt2.ccs.ornl.gov completed

qsub: waiting for job 30442.sith-mgmt2.ccs.ornl.gov to start
qsub: job 30442.sith-mgmt2.ccs.ornl.gov ready

    1.406	    1.817	    1.032	    0.041	    0.128	    4.600

qsub: job 30442.sith-mgmt2.ccs.ornl.gov completed

qsub: waiting for job 30443.sith-mgmt2.ccs.ornl.gov to start
qsub: job 30443.sith-mgmt2.ccs.ornl.gov ready

    1.834	    2.595	    1.424	    0.040	    0.291	    6.359

qsub: job 30443.sith-mgmt2.ccs.ornl.gov completed

2 var
qsub: waiting for job 30444.sith-mgmt2.ccs.ornl.gov to start
qsub: job 30444.sith-mgmt2.ccs.ornl.gov ready

    0.023	    0.036	    0.482	    0.026	    0.040	    0.733

qsub: job 30444.sith-mgmt2.ccs.ornl.gov completed

qsub: waiting for job 30445.sith-mgmt2.ccs.ornl.gov to start
qsub: job 30445.sith-mgmt2.ccs.ornl.gov ready

    0.163	    0.350	    0.659	    0.026	    0.043	    1.370

qsub: job 30445.sith-mgmt2.ccs.ornl.gov completed

qsub: waiting for job 30446.sith-mgmt2.ccs.ornl.gov to start
qsub: job 30446.sith-mgmt2.ccs.ornl.gov ready

    0.265	    0.592	    0.489	    0.025	    0.062	    1.570

qsub: job 30446.sith-mgmt2.ccs.ornl.gov completed

qsub: waiting for job 30447.sith-mgmt2.ccs.ornl.gov to start
qsub: job 30447.sith-mgmt2.ccs.ornl.gov ready

    0.456	    0.986	    0.672	    0.025	    0.074	    2.358

qsub: job 30447.sith-mgmt2.ccs.ornl.gov completed

qsub: waiting for job 30448.sith-mgmt2.ccs.ornl.gov to start
qsub: job 30448.sith-mgmt2.ccs.ornl.gov ready

    1.048	    1.389	    0.870	    0.026	    0.211	    3.693

qsub: job 30448.sith-mgmt2.ccs.ornl.gov completed

4 var
qsub: waiting for job 30449.sith-mgmt2.ccs.ornl.gov to start
qsub: job 30449.sith-mgmt2.ccs.ornl.gov ready

    1.107	    2.080	    1.071	    0.055	    0.040	    4.568

qsub: job 30449.sith-mgmt2.ccs.ornl.gov completed

qsub: waiting for job 30450.sith-mgmt2.ccs.ornl.gov to start
qsub: job 30450.sith-mgmt2.ccs.ornl.gov ready

    1.053	    1.982	    1.311	    0.055	    0.043	    4.656

qsub: job 30450.sith-mgmt2.ccs.ornl.gov completed

qsub: waiting for job 30451.sith-mgmt2.ccs.ornl.gov to start
qsub: job 30451.sith-mgmt2.ccs.ornl.gov ready

    1.775	    2.793	    1.308	    0.119	    0.045	    6.283

qsub: job 30451.sith-mgmt2.ccs.ornl.gov completed

qsub: waiting for job 30452.sith-mgmt2.ccs.ornl.gov to start
qsub: job 30452.sith-mgmt2.ccs.ornl.gov ready

    2.296	    3.294	    1.618	    0.053	    0.075	    7.548

qsub: job 30452.sith-mgmt2.ccs.ornl.gov completed

qsub: waiting for job 30453.sith-mgmt2.ccs.ornl.gov to start
qsub: job 30453.sith-mgmt2.ccs.ornl.gov ready

    3.866	    3.589	    1.711	    0.104	    0.166	    9.695

qsub: job 30453.sith-mgmt2.ccs.ornl.gov completed

3 var
qsub: waiting for job 30454.sith-mgmt2.ccs.ornl.gov to start
qsub: job 30454.sith-mgmt2.ccs.ornl.gov ready

    0.700	    1.287	    0.758	    0.041	    0.060	    3.008

qsub: job 30454.sith-mgmt2.ccs.ornl.gov completed

qsub: waiting for job 30455.sith-mgmt2.ccs.ornl.gov to start
qsub: job 30455.sith-mgmt2.ccs.ornl.gov ready

    1.219	    1.723	    1.041	    0.039	    0.097	    4.290

qsub: job 30455.sith-mgmt2.ccs.ornl.gov completed

qsub: waiting for job 30456.sith-mgmt2.ccs.ornl.gov to start
qsub: job 30456.sith-mgmt2.ccs.ornl.gov ready

    1.893	    2.753	    1.085	    0.041	    0.335	    6.307

qsub: job 30456.sith-mgmt2.ccs.ornl.gov completed

qsub: waiting for job 30457.sith-mgmt2.ccs.ornl.gov to start
qsub: job 30457.sith-mgmt2.ccs.ornl.gov ready

    1.409	    1.821	    1.027	    0.041	    0.128	    4.599

qsub: job 30457.sith-mgmt2.ccs.ornl.gov completed

qsub: waiting for job 30458.sith-mgmt2.ccs.ornl.gov to start
qsub: job 30458.sith-mgmt2.ccs.ornl.gov ready

    1.829	    2.599	    1.112	    0.038	    0.284	    6.065

qsub: job 30458.sith-mgmt2.ccs.ornl.gov completed

2 var
qsub: waiting for job 30459.sith-mgmt2.ccs.ornl.gov to start
qsub: job 30459.sith-mgmt2.ccs.ornl.gov ready

    0.023	    0.035	    0.511	    0.026	    0.040	    0.764

qsub: job 30459.sith-mgmt2.ccs.ornl.gov completed

qsub: waiting for job 30460.sith-mgmt2.ccs.ornl.gov to start
qsub: job 30460.sith-mgmt2.ccs.ornl.gov ready

    0.163	    0.348	    0.603	    0.025	    0.043	    1.316

qsub: job 30460.sith-mgmt2.ccs.ornl.gov completed

qsub: waiting for job 30461.sith-mgmt2.ccs.ornl.gov to start
qsub: job 30461.sith-mgmt2.ccs.ornl.gov ready

    0.264	    0.590	    0.540	    0.025	    0.061	    1.618

qsub: job 30461.sith-mgmt2.ccs.ornl.gov completed

qsub: waiting for job 30462.sith-mgmt2.ccs.ornl.gov to start
qsub: job 30462.sith-mgmt2.ccs.ornl.gov ready

    0.477	    0.980	    0.690	    0.031	    0.069	    2.389

qsub: job 30462.sith-mgmt2.ccs.ornl.gov completed

qsub: waiting for job 30463.sith-mgmt2.ccs.ornl.gov to start
qsub: job 30463.sith-mgmt2.ccs.ornl.gov ready

    1.040	    1.385	    0.790	    0.026	    0.210	    3.594

qsub: job 30463.sith-mgmt2.ccs.ornl.gov completed

4 var
qsub: waiting for job 30464.sith-mgmt2.ccs.ornl.gov to start
qsub: job 30464.sith-mgmt2.ccs.ornl.gov ready

    1.106	    2.086	    0.482	    0.055	    0.040	    3.910

qsub: job 30464.sith-mgmt2.ccs.ornl.gov completed

qsub: waiting for job 30465.sith-mgmt2.ccs.ornl.gov to start
qsub: job 30465.sith-mgmt2.ccs.ornl.gov ready

    1.058	    1.857	    1.354	    0.085	    0.055	    4.629

qsub: job 30465.sith-mgmt2.ccs.ornl.gov completed

qsub: waiting for job 30466.sith-mgmt2.ccs.ornl.gov to start
qsub: job 30466.sith-mgmt2.ccs.ornl.gov ready

    1.577	    2.987	    1.295	    0.056	    0.045	    6.179

qsub: job 30466.sith-mgmt2.ccs.ornl.gov completed

qsub: waiting for job 30467.sith-mgmt2.ccs.ornl.gov to start
qsub: job 30467.sith-mgmt2.ccs.ornl.gov ready

    2.282	    3.230	    1.725	    0.064	    0.066	    7.573

qsub: job 30467.sith-mgmt2.ccs.ornl.gov completed

qsub: waiting for job 30468.sith-mgmt2.ccs.ornl.gov to start
qsub: job 30468.sith-mgmt2.ccs.ornl.gov ready

    3.346	    3.701	    2.314	    0.085	    0.168	   10.604

qsub: job 30468.sith-mgmt2.ccs.ornl.gov completed

3 var
qsub: waiting for job 30469.sith-mgmt2.ccs.ornl.gov to start
qsub: job 30469.sith-mgmt2.ccs.ornl.gov ready

    0.719	    1.302	    0.783	    0.042	    0.050	    3.073

qsub: job 30469.sith-mgmt2.ccs.ornl.gov completed

qsub: waiting for job 30470.sith-mgmt2.ccs.ornl.gov to start
qsub: job 30470.sith-mgmt2.ccs.ornl.gov ready

    1.245	    1.718	    0.922	    0.041	    0.091	    4.209

qsub: job 30470.sith-mgmt2.ccs.ornl.gov completed

qsub: waiting for job 30471.sith-mgmt2.ccs.ornl.gov to start
qsub: job 30471.sith-mgmt2.ccs.ornl.gov ready

    1.838	    2.744	    1.136	    0.040	    0.340	    6.290

qsub: job 30471.sith-mgmt2.ccs.ornl.gov completed

qsub: waiting for job 30472.sith-mgmt2.ccs.ornl.gov to start
qsub: job 30472.sith-mgmt2.ccs.ornl.gov ready

    1.408	    1.818	    1.211	    0.041	    0.128	    4.796

qsub: job 30472.sith-mgmt2.ccs.ornl.gov completed

qsub: waiting for job 30473.sith-mgmt2.ccs.ornl.gov to start
qsub: job 30473.sith-mgmt2.ccs.ornl.gov ready

    2.492	    2.423	    1.151	    0.087	    0.283	    6.636

qsub: job 30473.sith-mgmt2.ccs.ornl.gov completed

2 var
qsub: waiting for job 30474.sith-mgmt2.ccs.ornl.gov to start
qsub: job 30474.sith-mgmt2.ccs.ornl.gov ready

    0.024	    0.036	    0.487	    0.029	    0.040	    0.751

qsub: job 30474.sith-mgmt2.ccs.ornl.gov completed

qsub: waiting for job 30475.sith-mgmt2.ccs.ornl.gov to start
qsub: job 30475.sith-mgmt2.ccs.ornl.gov ready

    0.165	    0.351	    0.571	    0.028	    0.043	    1.309

qsub: job 30475.sith-mgmt2.ccs.ornl.gov completed

qsub: waiting for job 30476.sith-mgmt2.ccs.ornl.gov to start
qsub: job 30476.sith-mgmt2.ccs.ornl.gov ready

    0.268	    0.592	    0.561	    0.028	    0.052	    1.650

qsub: job 30476.sith-mgmt2.ccs.ornl.gov completed

qsub: waiting for job 30477.sith-mgmt2.ccs.ornl.gov to start
qsub: job 30477.sith-mgmt2.ccs.ornl.gov ready

    0.467	    0.992	    0.668	    0.028	    0.067	    2.370

qsub: job 30477.sith-mgmt2.ccs.ornl.gov completed

qsub: waiting for job 30478.sith-mgmt2.ccs.ornl.gov to start
qsub: job 30478.sith-mgmt2.ccs.ornl.gov ready

    1.568	    1.331	    0.818	    0.044	    0.215	    4.129

qsub: job 30478.sith-mgmt2.ccs.ornl.gov completed

4 var
qsub: waiting for job 30479.sith-mgmt2.ccs.ornl.gov to start
qsub: job 30479.sith-mgmt2.ccs.ornl.gov ready

    1.205	    2.010	    1.304	    0.124	    0.043	    4.931

qsub: job 30479.sith-mgmt2.ccs.ornl.gov completed

qsub: waiting for job 30480.sith-mgmt2.ccs.ornl.gov to start
qsub: job 30480.sith-mgmt2.ccs.ornl.gov ready

    1.041	    1.980	    1.241	    0.053	    0.043	    4.577

qsub: job 30480.sith-mgmt2.ccs.ornl.gov completed

qsub: waiting for job 30481.sith-mgmt2.ccs.ornl.gov to start
qsub: job 30481.sith-mgmt2.ccs.ornl.gov ready

    1.715	    2.759	    1.957	    0.120	    0.045	    6.853

qsub: job 30481.sith-mgmt2.ccs.ornl.gov completed

qsub: waiting for job 30482.sith-mgmt2.ccs.ornl.gov to start
qsub: job 30482.sith-mgmt2.ccs.ornl.gov ready

    2.254	    3.292	    1.717	    0.054	    0.074	    7.604

qsub: job 30482.sith-mgmt2.ccs.ornl.gov completed

qsub: waiting for job 30483.sith-mgmt2.ccs.ornl.gov to start
qsub: job 30483.sith-mgmt2.ccs.ornl.gov ready

    2.727	    3.802	    1.896	    0.055	    0.172	    8.870

qsub: job 30483.sith-mgmt2.ccs.ornl.gov completed

3 var
qsub: waiting for job 30484.sith-mgmt2.ccs.ornl.gov to start
qsub: job 30484.sith-mgmt2.ccs.ornl.gov ready

    0.717	    1.309	    0.898	    0.041	    0.061	    3.229

qsub: job 30484.sith-mgmt2.ccs.ornl.gov completed

qsub: waiting for job 30485.sith-mgmt2.ccs.ornl.gov to start
qsub: job 30485.sith-mgmt2.ccs.ornl.gov ready

    1.205	    1.711	    1.250	    0.038	    0.097	    4.479

qsub: job 30485.sith-mgmt2.ccs.ornl.gov completed

qsub: waiting for job 30486.sith-mgmt2.ccs.ornl.gov to start
qsub: job 30486.sith-mgmt2.ccs.ornl.gov ready

    2.504	    2.582	    1.168	    0.070	    0.324	    6.828

qsub: job 30486.sith-mgmt2.ccs.ornl.gov completed

qsub: waiting for job 30487.sith-mgmt2.ccs.ornl.gov to start
qsub: job 30487.sith-mgmt2.ccs.ornl.gov ready

    1.957	    1.695	    1.081	    0.071	    0.128	    5.113

qsub: job 30487.sith-mgmt2.ccs.ornl.gov completed

qsub: waiting for job 30488.sith-mgmt2.ccs.ornl.gov to start
qsub: job 30488.sith-mgmt2.ccs.ornl.gov ready

    1.842	    2.593	    1.098	    0.041	    0.292	    6.040

qsub: job 30488.sith-mgmt2.ccs.ornl.gov completed

2 var
qsub: waiting for job 30489.sith-mgmt2.ccs.ornl.gov to start
qsub: job 30489.sith-mgmt2.ccs.ornl.gov ready

    0.024	    0.035	    0.513	    0.029	    0.040	    0.779

qsub: job 30489.sith-mgmt2.ccs.ornl.gov completed

qsub: waiting for job 30490.sith-mgmt2.ccs.ornl.gov to start
qsub: job 30490.sith-mgmt2.ccs.ornl.gov ready

    0.160	    0.342	    0.517	    0.028	    0.044	    1.220

qsub: job 30490.sith-mgmt2.ccs.ornl.gov completed

qsub: waiting for job 30491.sith-mgmt2.ccs.ornl.gov to start
qsub: job 30491.sith-mgmt2.ccs.ornl.gov ready

    0.260	    0.569	    0.609	    0.028	    0.052	    1.656

qsub: job 30491.sith-mgmt2.ccs.ornl.gov completed

qsub: waiting for job 30492.sith-mgmt2.ccs.ornl.gov to start
qsub: job 30492.sith-mgmt2.ccs.ornl.gov ready

    0.467	    0.987	    0.664	    0.028	    0.073	    2.364

qsub: job 30492.sith-mgmt2.ccs.ornl.gov completed

qsub: waiting for job 30493.sith-mgmt2.ccs.ornl.gov to start
qsub: job 30493.sith-mgmt2.ccs.ornl.gov ready

    1.047	    1.386	    0.833	    0.027	    0.215	    3.651

qsub: job 30493.sith-mgmt2.ccs.ornl.gov completed

4 var
qsub: waiting for job 30494.sith-mgmt2.ccs.ornl.gov to start
qsub: job 30494.sith-mgmt2.ccs.ornl.gov ready

    1.101	    2.081	    1.012	    0.055	    0.049	    4.536

qsub: job 30494.sith-mgmt2.ccs.ornl.gov completed

qsub: waiting for job 30495.sith-mgmt2.ccs.ornl.gov to start
qsub: job 30495.sith-mgmt2.ccs.ornl.gov ready

    1.043	    1.980	    1.287	    0.053	    0.049	    4.636

qsub: job 30495.sith-mgmt2.ccs.ornl.gov completed

qsub: waiting for job 30496.sith-mgmt2.ccs.ornl.gov to start
qsub: job 30496.sith-mgmt2.ccs.ornl.gov ready

    1.538	    2.903	    1.328	    0.049	    0.044	    6.065

qsub: job 30496.sith-mgmt2.ccs.ornl.gov completed

qsub: waiting for job 30497.sith-mgmt2.ccs.ornl.gov to start
qsub: job 30497.sith-mgmt2.ccs.ornl.gov ready

    2.302	    3.292	    1.661	    0.053	    0.074	    7.605

qsub: job 30497.sith-mgmt2.ccs.ornl.gov completed

qsub: waiting for job 30498.sith-mgmt2.ccs.ornl.gov to start
qsub: job 30498.sith-mgmt2.ccs.ornl.gov ready

    2.726	    3.808	    2.149	    0.055	    0.172	    9.137

qsub: job 30498.sith-mgmt2.ccs.ornl.gov completed

3 var
qsub: waiting for job 30499.sith-mgmt2.ccs.ornl.gov to start
qsub: job 30499.sith-mgmt2.ccs.ornl.gov ready

    0.716	    1.294	    0.783	    0.040	    0.054	    3.073

qsub: job 30499.sith-mgmt2.ccs.ornl.gov completed

qsub: waiting for job 30500.sith-mgmt2.ccs.ornl.gov to start
qsub: job 30500.sith-mgmt2.ccs.ornl.gov ready

    1.237	    1.716	    0.927	    0.041	    0.099	    4.209

qsub: job 30500.sith-mgmt2.ccs.ornl.gov completed

qsub: waiting for job 30501.sith-mgmt2.ccs.ornl.gov to start
qsub: job 30501.sith-mgmt2.ccs.ornl.gov ready

    1.876	    2.738	    1.237	    0.039	    0.335	    6.410

qsub: job 30501.sith-mgmt2.ccs.ornl.gov completed

qsub: waiting for job 30502.sith-mgmt2.ccs.ornl.gov to start
qsub: job 30502.sith-mgmt2.ccs.ornl.gov ready

    1.413	    1.817	    1.001	    0.040	    0.127	    4.582

qsub: job 30502.sith-mgmt2.ccs.ornl.gov completed

qsub: waiting for job 30503.sith-mgmt2.ccs.ornl.gov to start
qsub: job 30503.sith-mgmt2.ccs.ornl.gov ready

    1.854	    2.593	    1.210	    0.041	    0.292	    6.181

qsub: job 30503.sith-mgmt2.ccs.ornl.gov completed

2 var
qsub: waiting for job 30504.sith-mgmt2.ccs.ornl.gov to start
qsub: job 30504.sith-mgmt2.ccs.ornl.gov ready

    0.024	    0.036	    0.471	    0.029	    0.040	    0.729

qsub: job 30504.sith-mgmt2.ccs.ornl.gov completed

qsub: waiting for job 30505.sith-mgmt2.ccs.ornl.gov to start
qsub: job 30505.sith-mgmt2.ccs.ornl.gov ready

    0.160	    0.342	    0.508	    0.028	    0.044	    1.214

qsub: job 30505.sith-mgmt2.ccs.ornl.gov completed

qsub: waiting for job 30506.sith-mgmt2.ccs.ornl.gov to start
qsub: job 30506.sith-mgmt2.ccs.ornl.gov ready

    0.268	    0.590	    0.779	    0.028	    0.052	    1.862

qsub: job 30506.sith-mgmt2.ccs.ornl.gov completed

qsub: waiting for job 30507.sith-mgmt2.ccs.ornl.gov to start
qsub: job 30507.sith-mgmt2.ccs.ornl.gov ready

    0.467	    0.990	    0.597	    0.027	    0.067	    2.289

qsub: job 30507.sith-mgmt2.ccs.ornl.gov completed

qsub: waiting for job 30508.sith-mgmt2.ccs.ornl.gov to start
qsub: job 30508.sith-mgmt2.ccs.ornl.gov ready

    1.056	    1.384	    0.983	    0.027	    0.217	    3.809

qsub: job 30508.sith-mgmt2.ccs.ornl.gov completed

4 var
qsub: waiting for job 30509.sith-mgmt2.ccs.ornl.gov to start
qsub: job 30509.sith-mgmt2.ccs.ornl.gov ready

    1.107	    2.081	    0.996	    0.055	    0.040	    4.501

qsub: job 30509.sith-mgmt2.ccs.ornl.gov completed

qsub: waiting for job 30510.sith-mgmt2.ccs.ornl.gov to start
qsub: job 30510.sith-mgmt2.ccs.ornl.gov ready

    1.051	    1.985	    1.242	    0.055	    0.043	    4.591

qsub: job 30510.sith-mgmt2.ccs.ornl.gov completed

qsub: waiting for job 30511.sith-mgmt2.ccs.ornl.gov to start
qsub: job 30511.sith-mgmt2.ccs.ornl.gov ready

    1.569	    2.921	    1.290	    0.055	    0.044	    6.095

qsub: job 30511.sith-mgmt2.ccs.ornl.gov completed

qsub: waiting for job 30512.sith-mgmt2.ccs.ornl.gov to start
qsub: job 30512.sith-mgmt2.ccs.ornl.gov ready

    3.175	    3.128	    1.642	    0.104	    0.066	    8.343

qsub: job 30512.sith-mgmt2.ccs.ornl.gov completed

qsub: waiting for job 30513.sith-mgmt2.ccs.ornl.gov to start
qsub: job 30513.sith-mgmt2.ccs.ornl.gov ready

    2.729	    3.803	    1.918	    0.054	    0.168	    8.893

qsub: job 30513.sith-mgmt2.ccs.ornl.gov completed

3 var
qsub: waiting for job 30514.sith-mgmt2.ccs.ornl.gov to start
qsub: job 30514.sith-mgmt2.ccs.ornl.gov ready

    0.717	    1.304	    0.782	    0.040	    0.059	    3.079

qsub: job 30514.sith-mgmt2.ccs.ornl.gov completed

qsub: waiting for job 30515.sith-mgmt2.ccs.ornl.gov to start
qsub: job 30515.sith-mgmt2.ccs.ornl.gov ready

    1.251	    1.718	    0.929	    0.041	    0.099	    4.216

qsub: job 30515.sith-mgmt2.ccs.ornl.gov completed

qsub: waiting for job 30516.sith-mgmt2.ccs.ornl.gov to start
qsub: job 30516.sith-mgmt2.ccs.ornl.gov ready

    1.890	    2.741	    1.214	    0.040	    0.335	    6.437

qsub: job 30516.sith-mgmt2.ccs.ornl.gov completed

qsub: waiting for job 30517.sith-mgmt2.ccs.ornl.gov to start
qsub: job 30517.sith-mgmt2.ccs.ornl.gov ready

    1.415	    1.784	    0.983	    0.042	    0.124	    4.533

qsub: job 30517.sith-mgmt2.ccs.ornl.gov completed

qsub: waiting for job 30518.sith-mgmt2.ccs.ornl.gov to start
qsub: job 30518.sith-mgmt2.ccs.ornl.gov ready

    1.773	    2.568	    1.084	    0.040	    0.279	    5.953

qsub: job 30518.sith-mgmt2.ccs.ornl.gov completed

2 var
qsub: waiting for job 30519.sith-mgmt2.ccs.ornl.gov to start
qsub: job 30519.sith-mgmt2.ccs.ornl.gov ready

    0.023	    0.035	    0.501	    0.028	    0.040	    0.744

qsub: job 30519.sith-mgmt2.ccs.ornl.gov completed

qsub: waiting for job 30520.sith-mgmt2.ccs.ornl.gov to start
qsub: job 30520.sith-mgmt2.ccs.ornl.gov ready

    0.165	    0.351	    0.533	    0.027	    0.054	    1.262

qsub: job 30520.sith-mgmt2.ccs.ornl.gov completed

qsub: waiting for job 30521.sith-mgmt2.ccs.ornl.gov to start
qsub: job 30521.sith-mgmt2.ccs.ornl.gov ready

    0.268	    0.588	    0.563	    0.028	    0.052	    1.639

qsub: job 30521.sith-mgmt2.ccs.ornl.gov completed

qsub: waiting for job 30522.sith-mgmt2.ccs.ornl.gov to start
qsub: job 30522.sith-mgmt2.ccs.ornl.gov ready

    0.467	    0.990	    0.620	    0.028	    0.074	    2.322

qsub: job 30522.sith-mgmt2.ccs.ornl.gov completed

qsub: waiting for job 30523.sith-mgmt2.ccs.ornl.gov to start
qsub: job 30523.sith-mgmt2.ccs.ornl.gov ready

    1.058	    1.386	    0.836	    0.028	    0.217	    3.667

qsub: job 30523.sith-mgmt2.ccs.ornl.gov completed

4 var
qsub: waiting for job 30524.sith-mgmt2.ccs.ornl.gov to start
qsub: job 30524.sith-mgmt2.ccs.ornl.gov ready

    1.108	    2.087	    1.002	    0.056	    0.040	    4.478

qsub: job 30524.sith-mgmt2.ccs.ornl.gov completed

qsub: waiting for job 30525.sith-mgmt2.ccs.ornl.gov to start
qsub: job 30525.sith-mgmt2.ccs.ornl.gov ready

    1.043	    1.980	    1.337	    0.053	    0.049	    4.671

qsub: job 30525.sith-mgmt2.ccs.ornl.gov completed

qsub: waiting for job 30526.sith-mgmt2.ccs.ornl.gov to start
qsub: job 30526.sith-mgmt2.ccs.ornl.gov ready

    1.572	    2.917	    1.158	    0.055	    0.044	    5.977

qsub: job 30526.sith-mgmt2.ccs.ornl.gov completed

qsub: waiting for job 30527.sith-mgmt2.ccs.ornl.gov to start
qsub: job 30527.sith-mgmt2.ccs.ornl.gov ready

    2.314	    3.291	    1.819	    0.055	    0.074	    7.789

qsub: job 30527.sith-mgmt2.ccs.ornl.gov completed

qsub: waiting for job 30528.sith-mgmt2.ccs.ornl.gov to start
qsub: job 30528.sith-mgmt2.ccs.ornl.gov ready

    2.716	    3.805	    2.077	    0.055	    0.173	    9.061

qsub: job 30528.sith-mgmt2.ccs.ornl.gov completed

3 var
qsub: waiting for job 30529.sith-mgmt2.ccs.ornl.gov to start
qsub: job 30529.sith-mgmt2.ccs.ornl.gov ready

    0.714	    1.299	    0.735	    0.039	    0.059	    3.017

qsub: job 30529.sith-mgmt2.ccs.ornl.gov completed

qsub: waiting for job 30530.sith-mgmt2.ccs.ornl.gov to start
qsub: job 30530.sith-mgmt2.ccs.ornl.gov ready

    1.203	    1.717	    1.013	    0.039	    0.098	    4.244

qsub: job 30530.sith-mgmt2.ccs.ornl.gov completed

qsub: waiting for job 30531.sith-mgmt2.ccs.ornl.gov to start
qsub: job 30531.sith-mgmt2.ccs.ornl.gov ready

    1.890	    2.727	    1.061	    0.041	    0.337	    6.231

qsub: job 30531.sith-mgmt2.ccs.ornl.gov completed

qsub: waiting for job 30532.sith-mgmt2.ccs.ornl.gov to start
qsub: job 30532.sith-mgmt2.ccs.ornl.gov ready

    2.613	    1.698	    1.079	    0.088	    0.130	    5.810

qsub: job 30532.sith-mgmt2.ccs.ornl.gov completed

qsub: waiting for job 30533.sith-mgmt2.ccs.ornl.gov to start
qsub: job 30533.sith-mgmt2.ccs.ornl.gov ready

    2.130	    2.457	    1.082	    0.055	    0.281	    6.185

qsub: job 30533.sith-mgmt2.ccs.ornl.gov completed

2 var
qsub: waiting for job 30534.sith-mgmt2.ccs.ornl.gov to start
qsub: job 30534.sith-mgmt2.ccs.ornl.gov ready

    0.024	    0.035	    0.488	    0.028	    0.040	    0.752

qsub: job 30534.sith-mgmt2.ccs.ornl.gov completed

qsub: waiting for job 30535.sith-mgmt2.ccs.ornl.gov to start
qsub: job 30535.sith-mgmt2.ccs.ornl.gov ready

    0.164	    0.356	    0.528	    0.027	    0.044	    1.252

qsub: job 30535.sith-mgmt2.ccs.ornl.gov completed

qsub: waiting for job 30536.sith-mgmt2.ccs.ornl.gov to start
qsub: job 30536.sith-mgmt2.ccs.ornl.gov ready

    0.266	    0.601	    0.571	    0.027	    0.052	    1.660

qsub: job 30536.sith-mgmt2.ccs.ornl.gov completed

qsub: waiting for job 30537.sith-mgmt2.ccs.ornl.gov to start
qsub: job 30537.sith-mgmt2.ccs.ornl.gov ready

    0.453	    0.940	    0.739	    0.026	    0.078	    2.382

qsub: job 30537.sith-mgmt2.ccs.ornl.gov completed

qsub: waiting for job 30538.sith-mgmt2.ccs.ornl.gov to start
qsub: job 30538.sith-mgmt2.ccs.ornl.gov ready

    0.976	    1.265	    0.795	    0.024	    0.212	    3.406

qsub: job 30538.sith-mgmt2.ccs.ornl.gov completed

4 var
qsub: waiting for job 30539.sith-mgmt2.ccs.ornl.gov to start
qsub: job 30539.sith-mgmt2.ccs.ornl.gov ready

    1.058	    1.947	    1.171	    0.054	    0.040	    4.493

qsub: job 30539.sith-mgmt2.ccs.ornl.gov completed

qsub: waiting for job 30540.sith-mgmt2.ccs.ornl.gov to start
qsub: job 30540.sith-mgmt2.ccs.ornl.gov ready

    1.013	    1.859	    1.213	    0.054	    0.043	    4.411

qsub: job 30540.sith-mgmt2.ccs.ornl.gov completed

qsub: waiting for job 30541.sith-mgmt2.ccs.ornl.gov to start
qsub: job 30541.sith-mgmt2.ccs.ornl.gov ready

    1.547	    2.983	    1.269	    0.050	    0.044	    6.104

qsub: job 30541.sith-mgmt2.ccs.ornl.gov completed

qsub: waiting for job 30542.sith-mgmt2.ccs.ornl.gov to start
qsub: job 30542.sith-mgmt2.ccs.ornl.gov ready

    2.336	    3.232	    1.651	    0.067	    0.076	    7.597

qsub: job 30542.sith-mgmt2.ccs.ornl.gov completed

qsub: waiting for job 30543.sith-mgmt2.ccs.ornl.gov to start
qsub: job 30543.sith-mgmt2.ccs.ornl.gov ready

    2.693	    3.739	    1.742	    0.055	    0.170	    8.617

qsub: job 30543.sith-mgmt2.ccs.ornl.gov completed

3 var
qsub: waiting for job 30544.sith-mgmt2.ccs.ornl.gov to start
qsub: job 30544.sith-mgmt2.ccs.ornl.gov ready

    0.706	    1.231	    0.982	    0.071	    0.061	    3.226

qsub: job 30544.sith-mgmt2.ccs.ornl.gov completed

qsub: waiting for job 30545.sith-mgmt2.ccs.ornl.gov to start
qsub: job 30545.sith-mgmt2.ccs.ornl.gov ready

    1.227	    1.573	    1.053	    0.048	    0.099	    4.187

qsub: job 30545.sith-mgmt2.ccs.ornl.gov completed

qsub: waiting for job 30546.sith-mgmt2.ccs.ornl.gov to start
qsub: job 30546.sith-mgmt2.ccs.ornl.gov ready

    1.875	    2.724	    1.116	    0.041	    0.325	    6.278

qsub: job 30546.sith-mgmt2.ccs.ornl.gov completed

qsub: waiting for job 30547.sith-mgmt2.ccs.ornl.gov to start
qsub: job 30547.sith-mgmt2.ccs.ornl.gov ready

    1.416	    1.783	    1.163	    0.041	    0.118	    4.708

qsub: job 30547.sith-mgmt2.ccs.ornl.gov completed

qsub: waiting for job 30548.sith-mgmt2.ccs.ornl.gov to start
qsub: job 30548.sith-mgmt2.ccs.ornl.gov ready

    1.844	    2.574	    1.351	    0.040	    0.289	    6.278

qsub: job 30548.sith-mgmt2.ccs.ornl.gov completed

2 var
qsub: waiting for job 30549.sith-mgmt2.ccs.ornl.gov to start
qsub: job 30549.sith-mgmt2.ccs.ornl.gov ready

    0.024	    0.035	    0.478	    0.028	    0.040	    0.739

qsub: job 30549.sith-mgmt2.ccs.ornl.gov completed

qsub: waiting for job 30550.sith-mgmt2.ccs.ornl.gov to start
qsub: job 30550.sith-mgmt2.ccs.ornl.gov ready

    0.160	    0.339	    0.528	    0.028	    0.044	    1.241

qsub: job 30550.sith-mgmt2.ccs.ornl.gov completed

qsub: waiting for job 30551.sith-mgmt2.ccs.ornl.gov to start
qsub: job 30551.sith-mgmt2.ccs.ornl.gov ready

    0.261	    0.569	    0.558	    0.027	    0.052	    1.601

qsub: job 30551.sith-mgmt2.ccs.ornl.gov completed

qsub: waiting for job 30552.sith-mgmt2.ccs.ornl.gov to start
qsub: job 30552.sith-mgmt2.ccs.ornl.gov ready

    0.467	    0.986	    0.649	    0.027	    0.067	    2.338

qsub: job 30552.sith-mgmt2.ccs.ornl.gov completed

qsub: waiting for job 30553.sith-mgmt2.ccs.ornl.gov to start
qsub: job 30553.sith-mgmt2.ccs.ornl.gov ready

    1.052	    1.383	    0.815	    0.027	    0.219	    3.641

qsub: job 30553.sith-mgmt2.ccs.ornl.gov completed

4 var
qsub: waiting for job 30554.sith-mgmt2.ccs.ornl.gov to start
qsub: job 30554.sith-mgmt2.ccs.ornl.gov ready

    1.081	    2.010	    0.716	    0.099	    0.042	    4.128

qsub: job 30554.sith-mgmt2.ccs.ornl.gov completed

qsub: waiting for job 30555.sith-mgmt2.ccs.ornl.gov to start
qsub: job 30555.sith-mgmt2.ccs.ornl.gov ready

    1.033	    1.909	    1.129	    0.085	    0.053	    4.433

qsub: job 30555.sith-mgmt2.ccs.ornl.gov completed

qsub: waiting for job 30556.sith-mgmt2.ccs.ornl.gov to start
qsub: job 30556.sith-mgmt2.ccs.ornl.gov ready

    1.544	    2.907	    1.874	    0.050	    0.044	    6.637

qsub: job 30556.sith-mgmt2.ccs.ornl.gov completed

qsub: waiting for job 30557.sith-mgmt2.ccs.ornl.gov to start
qsub: job 30557.sith-mgmt2.ccs.ornl.gov ready

    2.315	    3.284	    1.738	    0.056	    0.065	    7.682

qsub: job 30557.sith-mgmt2.ccs.ornl.gov completed

qsub: waiting for job 30558.sith-mgmt2.ccs.ornl.gov to start
qsub: job 30558.sith-mgmt2.ccs.ornl.gov ready

    2.679	    3.802	    1.999	    0.051	    0.172	    8.924

qsub: job 30558.sith-mgmt2.ccs.ornl.gov completed

3 var
qsub: waiting for job 30559.sith-mgmt2.ccs.ornl.gov to start
qsub: job 30559.sith-mgmt2.ccs.ornl.gov ready

    0.719	    1.298	    0.879	    0.042	    0.059	    3.164

qsub: job 30559.sith-mgmt2.ccs.ornl.gov completed

qsub: waiting for job 30560.sith-mgmt2.ccs.ornl.gov to start
qsub: job 30560.sith-mgmt2.ccs.ornl.gov ready

    1.249	    1.714	    1.062	    0.042	    0.099	    4.361

qsub: job 30560.sith-mgmt2.ccs.ornl.gov completed

qsub: waiting for job 30561.sith-mgmt2.ccs.ornl.gov to start
qsub: job 30561.sith-mgmt2.ccs.ornl.gov ready

    1.898	    2.753	    1.112	    0.042	    0.337	    6.319

qsub: job 30561.sith-mgmt2.ccs.ornl.gov completed

qsub: waiting for job 30562.sith-mgmt2.ccs.ornl.gov to start
qsub: job 30562.sith-mgmt2.ccs.ornl.gov ready

    2.567	    1.705	    1.123	    0.088	    0.130	    5.825

qsub: job 30562.sith-mgmt2.ccs.ornl.gov completed

qsub: waiting for job 30563.sith-mgmt2.ccs.ornl.gov to start
qsub: job 30563.sith-mgmt2.ccs.ornl.gov ready

    3.271	    2.458	    1.259	    0.086	    0.285	    7.571

qsub: job 30563.sith-mgmt2.ccs.ornl.gov completed

2 var
qsub: waiting for job 30564.sith-mgmt2.ccs.ornl.gov to start
qsub: job 30564.sith-mgmt2.ccs.ornl.gov ready

    0.022	    0.035	    0.516	    0.026	    0.040	    0.770

qsub: job 30564.sith-mgmt2.ccs.ornl.gov completed

qsub: waiting for job 30565.sith-mgmt2.ccs.ornl.gov to start
qsub: job 30565.sith-mgmt2.ccs.ornl.gov ready

    0.163	    0.351	    0.547	    0.025	    0.044	    1.258

qsub: job 30565.sith-mgmt2.ccs.ornl.gov completed

qsub: waiting for job 30566.sith-mgmt2.ccs.ornl.gov to start
qsub: job 30566.sith-mgmt2.ccs.ornl.gov ready

    0.263	    0.590	    0.591	    0.025	    0.060	    1.672

qsub: job 30566.sith-mgmt2.ccs.ornl.gov completed

qsub: waiting for job 30567.sith-mgmt2.ccs.ornl.gov to start
qsub: job 30567.sith-mgmt2.ccs.ornl.gov ready

    0.456	    0.990	    0.589	    0.025	    0.067	    2.267

qsub: job 30567.sith-mgmt2.ccs.ornl.gov completed

qsub: waiting for job 30568.sith-mgmt2.ccs.ornl.gov to start
qsub: job 30568.sith-mgmt2.ccs.ornl.gov ready

    1.045	    1.385	    0.775	    0.028	    0.217	    3.596

qsub: job 30568.sith-mgmt2.ccs.ornl.gov completed

4 var
qsub: waiting for job 30569.sith-mgmt2.ccs.ornl.gov to start
qsub: job 30569.sith-mgmt2.ccs.ornl.gov ready

    1.106	    2.079	    0.945	    0.056	    0.041	    4.440

qsub: job 30569.sith-mgmt2.ccs.ornl.gov completed

qsub: waiting for job 30570.sith-mgmt2.ccs.ornl.gov to start
qsub: job 30570.sith-mgmt2.ccs.ornl.gov ready

    1.054	    1.987	    1.243	    0.056	    0.052	    4.605

qsub: job 30570.sith-mgmt2.ccs.ornl.gov completed

qsub: waiting for job 30571.sith-mgmt2.ccs.ornl.gov to start
qsub: job 30571.sith-mgmt2.ccs.ornl.gov ready

    1.718	    2.752	    1.338	    0.120	    0.055	    6.297

qsub: job 30571.sith-mgmt2.ccs.ornl.gov completed

qsub: waiting for job 30572.sith-mgmt2.ccs.ornl.gov to start
qsub: job 30572.sith-mgmt2.ccs.ornl.gov ready

    2.232	    3.287	    2.538	    0.051	    0.073	    8.421

qsub: job 30572.sith-mgmt2.ccs.ornl.gov completed

qsub: waiting for job 30573.sith-mgmt2.ccs.ornl.gov to start
qsub: job 30573.sith-mgmt2.ccs.ornl.gov ready

    3.049	    3.531	    1.804	    0.075	    0.168	    8.815

qsub: job 30573.sith-mgmt2.ccs.ornl.gov completed

3 var
qsub: waiting for job 30574.sith-mgmt2.ccs.ornl.gov to start
qsub: job 30574.sith-mgmt2.ccs.ornl.gov ready

    0.711	    1.329	    0.859	    0.036	    0.059	    3.177

qsub: job 30574.sith-mgmt2.ccs.ornl.gov completed

qsub: waiting for job 30575.sith-mgmt2.ccs.ornl.gov to start
qsub: job 30575.sith-mgmt2.ccs.ornl.gov ready

    1.222	    1.747	    0.998	    0.039	    0.099	    4.286

qsub: job 30575.sith-mgmt2.ccs.ornl.gov completed

qsub: waiting for job 30576.sith-mgmt2.ccs.ornl.gov to start
qsub: job 30576.sith-mgmt2.ccs.ornl.gov ready

    3.239	    2.571	    1.182	    0.111	    0.327	    7.640

qsub: job 30576.sith-mgmt2.ccs.ornl.gov completed

qsub: waiting for job 30577.sith-mgmt2.ccs.ornl.gov to start
qsub: job 30577.sith-mgmt2.ccs.ornl.gov ready

    1.370	    1.765	    0.986	    0.047	    0.127	    4.476

qsub: job 30577.sith-mgmt2.ccs.ornl.gov completed

qsub: waiting for job 30578.sith-mgmt2.ccs.ornl.gov to start
qsub: job 30578.sith-mgmt2.ccs.ornl.gov ready

    1.759	    2.592	    1.254	    0.037	    0.292	    6.108

qsub: job 30578.sith-mgmt2.ccs.ornl.gov completed

2 var
qsub: waiting for job 30579.sith-mgmt2.ccs.ornl.gov to start
qsub: job 30579.sith-mgmt2.ccs.ornl.gov ready

    0.024	    0.036	    0.492	    0.028	    0.040	    0.756

qsub: job 30579.sith-mgmt2.ccs.ornl.gov completed

qsub: waiting for job 30580.sith-mgmt2.ccs.ornl.gov to start
qsub: job 30580.sith-mgmt2.ccs.ornl.gov ready

    0.160	    0.342	    0.532	    0.028	    0.044	    1.233

qsub: job 30580.sith-mgmt2.ccs.ornl.gov completed

qsub: waiting for job 30581.sith-mgmt2.ccs.ornl.gov to start
qsub: job 30581.sith-mgmt2.ccs.ornl.gov ready

    0.268	    0.588	    0.564	    0.028	    0.052	    1.646

qsub: job 30581.sith-mgmt2.ccs.ornl.gov completed

qsub: waiting for job 30582.sith-mgmt2.ccs.ornl.gov to start
qsub: job 30582.sith-mgmt2.ccs.ornl.gov ready

    0.468	    0.991	    0.629	    0.027	    0.067	    2.320

qsub: job 30582.sith-mgmt2.ccs.ornl.gov completed

qsub: waiting for job 30583.sith-mgmt2.ccs.ornl.gov to start
qsub: job 30583.sith-mgmt2.ccs.ornl.gov ready

    1.049	    1.386	    0.750	    0.027	    0.217	    3.570

qsub: job 30583.sith-mgmt2.ccs.ornl.gov completed

4 var
qsub: waiting for job 30584.sith-mgmt2.ccs.ornl.gov to start
qsub: job 30584.sith-mgmt2.ccs.ornl.gov ready

    1.099	    2.081	    1.018	    0.052	    0.040	    4.520

qsub: job 30584.sith-mgmt2.ccs.ornl.gov completed

qsub: waiting for job 30585.sith-mgmt2.ccs.ornl.gov to start
qsub: job 30585.sith-mgmt2.ccs.ornl.gov ready

    1.043	    1.989	    1.334	    0.050	    0.043	    4.689

qsub: job 30585.sith-mgmt2.ccs.ornl.gov completed

qsub: waiting for job 30586.sith-mgmt2.ccs.ornl.gov to start
qsub: job 30586.sith-mgmt2.ccs.ornl.gov ready

    1.547	    2.920	    1.298	    0.050	    0.044	    6.076

qsub: job 30586.sith-mgmt2.ccs.ornl.gov completed

qsub: waiting for job 30587.sith-mgmt2.ccs.ornl.gov to start
qsub: job 30587.sith-mgmt2.ccs.ornl.gov ready

    3.146	    3.084	    1.600	    0.104	    0.076	    8.243

qsub: job 30587.sith-mgmt2.ccs.ornl.gov completed

qsub: waiting for job 30588.sith-mgmt2.ccs.ornl.gov to start
qsub: job 30588.sith-mgmt2.ccs.ornl.gov ready

    3.146	    3.565	    1.687	    0.069	    0.171	    8.842

qsub: job 30588.sith-mgmt2.ccs.ornl.gov completed

3 var
qsub: waiting for job 30589.sith-mgmt2.ccs.ornl.gov to start
qsub: job 30589.sith-mgmt2.ccs.ornl.gov ready

    0.717	    1.322	    0.778	    0.039	    0.059	    3.083

qsub: job 30589.sith-mgmt2.ccs.ornl.gov completed

qsub: waiting for job 30590.sith-mgmt2.ccs.ornl.gov to start
qsub: job 30590.sith-mgmt2.ccs.ornl.gov ready

    2.138	    1.576	    0.945	    0.090	    0.100	    5.022

qsub: job 30590.sith-mgmt2.ccs.ornl.gov completed

qsub: waiting for job 30591.sith-mgmt2.ccs.ornl.gov to start
qsub: job 30591.sith-mgmt2.ccs.ornl.gov ready

    1.866	    2.808	    1.183	    0.039	    0.342	    6.428

qsub: job 30591.sith-mgmt2.ccs.ornl.gov completed

qsub: waiting for job 30592.sith-mgmt2.ccs.ornl.gov to start
qsub: job 30592.sith-mgmt2.ccs.ornl.gov ready

    1.399	    1.832	    0.983	    0.037	    0.126	    4.558

qsub: job 30592.sith-mgmt2.ccs.ornl.gov completed

qsub: waiting for job 30593.sith-mgmt2.ccs.ornl.gov to start
qsub: job 30593.sith-mgmt2.ccs.ornl.gov ready

    1.822	    2.603	    1.162	    0.039	    0.290	    6.096

qsub: job 30593.sith-mgmt2.ccs.ornl.gov completed

2 var
qsub: waiting for job 30594.sith-mgmt2.ccs.ornl.gov to start
qsub: job 30594.sith-mgmt2.ccs.ornl.gov ready

    0.023	    0.035	    0.510	    0.028	    0.040	    0.771

qsub: job 30594.sith-mgmt2.ccs.ornl.gov completed

qsub: waiting for job 30595.sith-mgmt2.ccs.ornl.gov to start
qsub: job 30595.sith-mgmt2.ccs.ornl.gov ready

    0.164	    0.349	    0.547	    0.027	    0.043	    1.269

qsub: job 30595.sith-mgmt2.ccs.ornl.gov completed

qsub: waiting for job 30596.sith-mgmt2.ccs.ornl.gov to start
qsub: job 30596.sith-mgmt2.ccs.ornl.gov ready

    0.266	    0.591	    0.566	    0.027	    0.052	    1.640

qsub: job 30596.sith-mgmt2.ccs.ornl.gov completed

qsub: waiting for job 30597.sith-mgmt2.ccs.ornl.gov to start
qsub: job 30597.sith-mgmt2.ccs.ornl.gov ready

    0.464	    0.988	    0.638	    0.026	    0.068	    2.328

qsub: job 30597.sith-mgmt2.ccs.ornl.gov completed

qsub: waiting for job 30598.sith-mgmt2.ccs.ornl.gov to start
qsub: job 30598.sith-mgmt2.ccs.ornl.gov ready

    1.057	    1.396	    0.801	    0.028	    0.216	    3.643

qsub: job 30598.sith-mgmt2.ccs.ornl.gov completed

4 var
qsub: waiting for job 30599.sith-mgmt2.ccs.ornl.gov to start
qsub: job 30599.sith-mgmt2.ccs.ornl.gov ready

    1.103	    2.086	    0.989	    0.055	    0.046	    4.489

qsub: job 30599.sith-mgmt2.ccs.ornl.gov completed

qsub: waiting for job 30600.sith-mgmt2.ccs.ornl.gov to start
qsub: job 30600.sith-mgmt2.ccs.ornl.gov ready

    1.043	    1.985	    1.167	    0.051	    0.049	    4.523

qsub: job 30600.sith-mgmt2.ccs.ornl.gov completed

qsub: waiting for job 30601.sith-mgmt2.ccs.ornl.gov to start
qsub: job 30601.sith-mgmt2.ccs.ornl.gov ready

    1.538	    2.918	    1.357	    0.049	    0.044	    6.111

qsub: job 30601.sith-mgmt2.ccs.ornl.gov completed

qsub: waiting for job 30602.sith-mgmt2.ccs.ornl.gov to start
qsub: job 30602.sith-mgmt2.ccs.ornl.gov ready

    2.298	    3.296	    1.520	    0.054	    0.065	    7.471

qsub: job 30602.sith-mgmt2.ccs.ornl.gov completed

qsub: waiting for job 30603.sith-mgmt2.ccs.ornl.gov to start
qsub: job 30603.sith-mgmt2.ccs.ornl.gov ready

    2.715	    3.804	    1.859	    0.054	    0.171	    8.828

qsub: job 30603.sith-mgmt2.ccs.ornl.gov completed

3 var
qsub: waiting for job 30604.sith-mgmt2.ccs.ornl.gov to start
qsub: job 30604.sith-mgmt2.ccs.ornl.gov ready

    0.720	    1.300	    0.776	    0.042	    0.050	    3.115

qsub: job 30604.sith-mgmt2.ccs.ornl.gov completed

qsub: waiting for job 30605.sith-mgmt2.ccs.ornl.gov to start
qsub: job 30605.sith-mgmt2.ccs.ornl.gov ready

    1.249	    1.723	    1.093	    0.042	    0.088	    4.398

qsub: job 30605.sith-mgmt2.ccs.ornl.gov completed

qsub: waiting for job 30606.sith-mgmt2.ccs.ornl.gov to start
qsub: job 30606.sith-mgmt2.ccs.ornl.gov ready

    1.896	    2.756	    1.175	    0.041	    0.334	    6.380

qsub: job 30606.sith-mgmt2.ccs.ornl.gov completed

qsub: waiting for job 30607.sith-mgmt2.ccs.ornl.gov to start
qsub: job 30607.sith-mgmt2.ccs.ornl.gov ready

    1.419	    1.817	    1.093	    0.041	    0.128	    4.679

qsub: job 30607.sith-mgmt2.ccs.ornl.gov completed

qsub: waiting for job 30608.sith-mgmt2.ccs.ornl.gov to start
qsub: job 30608.sith-mgmt2.ccs.ornl.gov ready

    1.849	    2.597	    1.167	    0.041	    0.290	    6.128

qsub: job 30608.sith-mgmt2.ccs.ornl.gov completed

2 var
qsub: waiting for job 30609.sith-mgmt2.ccs.ornl.gov to start
qsub: job 30609.sith-mgmt2.ccs.ornl.gov ready

    0.024	    0.035	    0.480	    0.029	    0.040	    0.838

qsub: job 30609.sith-mgmt2.ccs.ornl.gov completed

qsub: waiting for job 30610.sith-mgmt2.ccs.ornl.gov to start
qsub: job 30610.sith-mgmt2.ccs.ornl.gov ready

    0.165	    0.354	    0.727	    0.028	    0.043	    1.460

qsub: job 30610.sith-mgmt2.ccs.ornl.gov completed

qsub: waiting for job 30611.sith-mgmt2.ccs.ornl.gov to start
qsub: job 30611.sith-mgmt2.ccs.ornl.gov ready

    0.268	    0.589	    0.618	    0.028	    0.051	    1.694

qsub: job 30611.sith-mgmt2.ccs.ornl.gov completed

qsub: waiting for job 30612.sith-mgmt2.ccs.ornl.gov to start
qsub: job 30612.sith-mgmt2.ccs.ornl.gov ready

    0.467	    0.987	    0.620	    0.028	    0.077	    2.318

qsub: job 30612.sith-mgmt2.ccs.ornl.gov completed

qsub: waiting for job 30613.sith-mgmt2.ccs.ornl.gov to start
qsub: job 30613.sith-mgmt2.ccs.ornl.gov ready

    1.259	    1.323	    0.811	    0.032	    0.213	    3.770

qsub: job 30613.sith-mgmt2.ccs.ornl.gov completed

4 var
qsub: waiting for job 30614.sith-mgmt2.ccs.ornl.gov to start
qsub: job 30614.sith-mgmt2.ccs.ornl.gov ready

    1.093	    2.082	    1.137	    0.049	    0.040	    4.627

qsub: job 30614.sith-mgmt2.ccs.ornl.gov completed

qsub: waiting for job 30615.sith-mgmt2.ccs.ornl.gov to start
qsub: job 30615.sith-mgmt2.ccs.ornl.gov ready

    1.040	    1.978	    1.341	    0.051	    0.043	    4.659

qsub: job 30615.sith-mgmt2.ccs.ornl.gov completed

qsub: waiting for job 30616.sith-mgmt2.ccs.ornl.gov to start
qsub: job 30616.sith-mgmt2.ccs.ornl.gov ready

    1.573	    2.916	    1.320	    0.055	    0.052	    6.142

qsub: job 30616.sith-mgmt2.ccs.ornl.gov completed

qsub: waiting for job 30617.sith-mgmt2.ccs.ornl.gov to start
qsub: job 30617.sith-mgmt2.ccs.ornl.gov ready

    2.302	    3.293	    1.695	    0.055	    0.074	    7.640

qsub: job 30617.sith-mgmt2.ccs.ornl.gov completed

qsub: waiting for job 30618.sith-mgmt2.ccs.ornl.gov to start
qsub: job 30618.sith-mgmt2.ccs.ornl.gov ready

    2.696	    3.803	    1.914	    0.054	    0.171	    8.866

qsub: job 30618.sith-mgmt2.ccs.ornl.gov completed

3 var
qsub: waiting for job 30619.sith-mgmt2.ccs.ornl.gov to start
qsub: job 30619.sith-mgmt2.ccs.ornl.gov ready

    0.717	    1.303	    0.877	    0.041	    0.050	    3.181

qsub: job 30619.sith-mgmt2.ccs.ornl.gov completed

qsub: waiting for job 30620.sith-mgmt2.ccs.ornl.gov to start
qsub: job 30620.sith-mgmt2.ccs.ornl.gov ready

    1.247	    1.725	    1.054	    0.042	    0.099	    4.357

qsub: job 30620.sith-mgmt2.ccs.ornl.gov completed

qsub: waiting for job 30621.sith-mgmt2.ccs.ornl.gov to start
qsub: job 30621.sith-mgmt2.ccs.ornl.gov ready

    1.885	    2.757	    1.187	    0.042	    0.336	    6.402

qsub: job 30621.sith-mgmt2.ccs.ornl.gov completed

qsub: waiting for job 30622.sith-mgmt2.ccs.ornl.gov to start
qsub: job 30622.sith-mgmt2.ccs.ornl.gov ready

    1.397	    1.820	    0.937	    0.039	    0.126	    4.500

qsub: job 30622.sith-mgmt2.ccs.ornl.gov completed

qsub: waiting for job 30623.sith-mgmt2.ccs.ornl.gov to start
qsub: job 30623.sith-mgmt2.ccs.ornl.gov ready

    1.816	    2.606	    1.291	    0.041	    0.291	    6.221

qsub: job 30623.sith-mgmt2.ccs.ornl.gov completed

2 var
qsub: waiting for job 30624.sith-mgmt2.ccs.ornl.gov to start
qsub: job 30624.sith-mgmt2.ccs.ornl.gov ready

    0.024	    0.035	    0.639	    0.029	    0.040	    0.903

qsub: job 30624.sith-mgmt2.ccs.ornl.gov completed

qsub: waiting for job 30625.sith-mgmt2.ccs.ornl.gov to start
qsub: job 30625.sith-mgmt2.ccs.ornl.gov ready

    0.165	    0.353	    0.490	    0.029	    0.044	    1.213

qsub: job 30625.sith-mgmt2.ccs.ornl.gov completed

qsub: waiting for job 30626.sith-mgmt2.ccs.ornl.gov to start
qsub: job 30626.sith-mgmt2.ccs.ornl.gov ready

    0.269	    0.592	    0.585	    0.029	    0.052	    1.683

qsub: job 30626.sith-mgmt2.ccs.ornl.gov completed

qsub: waiting for job 30627.sith-mgmt2.ccs.ornl.gov to start
qsub: job 30627.sith-mgmt2.ccs.ornl.gov ready

    0.485	    0.980	    2.097	    0.035	    0.069	    3.805

qsub: job 30627.sith-mgmt2.ccs.ornl.gov completed

qsub: waiting for job 30628.sith-mgmt2.ccs.ornl.gov to start
qsub: job 30628.sith-mgmt2.ccs.ornl.gov ready

    1.047	    1.391	    0.970	    0.028	    0.212	    3.793

qsub: job 30628.sith-mgmt2.ccs.ornl.gov completed

4 var
qsub: waiting for job 30629.sith-mgmt2.ccs.ornl.gov to start
qsub: job 30629.sith-mgmt2.ccs.ornl.gov ready

    1.106	    2.081	    1.070	    0.056	    0.040	    4.560

qsub: job 30629.sith-mgmt2.ccs.ornl.gov completed

qsub: waiting for job 30630.sith-mgmt2.ccs.ornl.gov to start
qsub: job 30630.sith-mgmt2.ccs.ornl.gov ready

    1.054	    1.987	    1.402	    0.055	    0.053	    4.752

qsub: job 30630.sith-mgmt2.ccs.ornl.gov completed

qsub: waiting for job 30631.sith-mgmt2.ccs.ornl.gov to start
qsub: job 30631.sith-mgmt2.ccs.ornl.gov ready

    1.567	    2.921	    1.490	    0.054	    0.044	    6.288

qsub: job 30631.sith-mgmt2.ccs.ornl.gov completed

qsub: waiting for job 30632.sith-mgmt2.ccs.ornl.gov to start
qsub: job 30632.sith-mgmt2.ccs.ornl.gov ready

    2.292	    3.292	    1.643	    0.055	    0.074	    7.603

qsub: job 30632.sith-mgmt2.ccs.ornl.gov completed

qsub: waiting for job 30633.sith-mgmt2.ccs.ornl.gov to start
qsub: job 30633.sith-mgmt2.ccs.ornl.gov ready

    2.720	    3.805	    1.840	    0.055	    0.173	    8.818

qsub: job 30633.sith-mgmt2.ccs.ornl.gov completed

3 var
qsub: waiting for job 30634.sith-mgmt2.ccs.ornl.gov to start
qsub: job 30634.sith-mgmt2.ccs.ornl.gov ready

    0.719	    1.302	    0.832	    0.041	    0.050	    3.139

qsub: job 30634.sith-mgmt2.ccs.ornl.gov completed

qsub: waiting for job 30635.sith-mgmt2.ccs.ornl.gov to start
qsub: job 30635.sith-mgmt2.ccs.ornl.gov ready

    1.232	    1.715	    0.929	    0.041	    0.098	    4.197

qsub: job 30635.sith-mgmt2.ccs.ornl.gov completed

qsub: waiting for job 30636.sith-mgmt2.ccs.ornl.gov to start
qsub: job 30636.sith-mgmt2.ccs.ornl.gov ready

    1.884	    2.755	    1.113	    0.040	    0.339	    6.307

qsub: job 30636.sith-mgmt2.ccs.ornl.gov completed

qsub: waiting for job 30637.sith-mgmt2.ccs.ornl.gov to start
qsub: job 30637.sith-mgmt2.ccs.ornl.gov ready

    1.394	    1.824	    1.062	    0.040	    0.127	    4.619

qsub: job 30637.sith-mgmt2.ccs.ornl.gov completed

qsub: waiting for job 30638.sith-mgmt2.ccs.ornl.gov to start
qsub: job 30638.sith-mgmt2.ccs.ornl.gov ready

    1.848	    2.594	    1.162	    0.041	    0.291	    6.121

qsub: job 30638.sith-mgmt2.ccs.ornl.gov completed

2 var
qsub: waiting for job 30639.sith-mgmt2.ccs.ornl.gov to start
qsub: job 30639.sith-mgmt2.ccs.ornl.gov ready

    0.024	    0.035	    0.492	    0.029	    0.040	    0.758

qsub: job 30639.sith-mgmt2.ccs.ornl.gov completed

qsub: waiting for job 30640.sith-mgmt2.ccs.ornl.gov to start
qsub: job 30640.sith-mgmt2.ccs.ornl.gov ready

    0.165	    0.352	    0.509	    0.028	    0.044	    1.267

qsub: job 30640.sith-mgmt2.ccs.ornl.gov completed

qsub: waiting for job 30641.sith-mgmt2.ccs.ornl.gov to start
qsub: job 30641.sith-mgmt2.ccs.ornl.gov ready

    0.268	    0.597	    0.660	    0.028	    0.052	    1.741

qsub: job 30641.sith-mgmt2.ccs.ornl.gov completed

qsub: waiting for job 30642.sith-mgmt2.ccs.ornl.gov to start
qsub: job 30642.sith-mgmt2.ccs.ornl.gov ready

    0.467	    1.004	    0.599	    0.028	    0.077	    2.315

qsub: job 30642.sith-mgmt2.ccs.ornl.gov completed

qsub: waiting for job 30643.sith-mgmt2.ccs.ornl.gov to start
qsub: job 30643.sith-mgmt2.ccs.ornl.gov ready

    1.043	    1.413	    0.478	    0.028	    0.218	    3.306

qsub: job 30643.sith-mgmt2.ccs.ornl.gov completed

4 var
qsub: waiting for job 30644.sith-mgmt2.ccs.ornl.gov to start
qsub: job 30644.sith-mgmt2.ccs.ornl.gov ready

    1.108	    2.127	    1.146	    0.056	    0.046	    4.686

qsub: job 30644.sith-mgmt2.ccs.ornl.gov completed

qsub: waiting for job 30645.sith-mgmt2.ccs.ornl.gov to start
qsub: job 30645.sith-mgmt2.ccs.ornl.gov ready

    1.054	    2.023	    1.218	    0.055	    0.050	    4.619

qsub: job 30645.sith-mgmt2.ccs.ornl.gov completed

qsub: waiting for job 30646.sith-mgmt2.ccs.ornl.gov to start
qsub: job 30646.sith-mgmt2.ccs.ornl.gov ready

    1.546	    2.903	    1.303	    0.055	    0.044	    6.068

qsub: job 30646.sith-mgmt2.ccs.ornl.gov completed

qsub: waiting for job 30647.sith-mgmt2.ccs.ornl.gov to start
qsub: job 30647.sith-mgmt2.ccs.ornl.gov ready

    2.246	    3.298	    1.583	    0.052	    0.064	    7.467

qsub: job 30647.sith-mgmt2.ccs.ornl.gov completed

qsub: waiting for job 30648.sith-mgmt2.ccs.ornl.gov to start
qsub: job 30648.sith-mgmt2.ccs.ornl.gov ready

    2.693	    3.884	    1.944	    0.053	    0.169	    8.971

qsub: job 30648.sith-mgmt2.ccs.ornl.gov completed

3 var
qsub: waiting for job 30649.sith-mgmt2.ccs.ornl.gov to start
qsub: job 30649.sith-mgmt2.ccs.ornl.gov ready

    0.720	    1.323	    0.801	    0.041	    0.061	    3.126

qsub: job 30649.sith-mgmt2.ccs.ornl.gov completed

qsub: waiting for job 30650.sith-mgmt2.ccs.ornl.gov to start
qsub: job 30650.sith-mgmt2.ccs.ornl.gov ready

    1.244	    1.740	    0.979	    0.042	    0.098	    4.293

qsub: job 30650.sith-mgmt2.ccs.ornl.gov completed

qsub: waiting for job 30651.sith-mgmt2.ccs.ornl.gov to start
qsub: job 30651.sith-mgmt2.ccs.ornl.gov ready

    1.897	    2.752	    1.226	    0.041	    0.334	    6.443

qsub: job 30651.sith-mgmt2.ccs.ornl.gov completed

qsub: waiting for job 30652.sith-mgmt2.ccs.ornl.gov to start
qsub: job 30652.sith-mgmt2.ccs.ornl.gov ready

    1.409	    1.819	    1.208	    0.041	    0.124	    4.801

qsub: job 30652.sith-mgmt2.ccs.ornl.gov completed

qsub: waiting for job 30653.sith-mgmt2.ccs.ornl.gov to start
qsub: job 30653.sith-mgmt2.ccs.ornl.gov ready

    1.806	    2.597	    1.217	    0.041	    0.287	    6.137

qsub: job 30653.sith-mgmt2.ccs.ornl.gov completed

2 var
qsub: waiting for job 30654.sith-mgmt2.ccs.ornl.gov to start
qsub: job 30654.sith-mgmt2.ccs.ornl.gov ready

    0.024	    0.035	    0.466	    0.028	    0.040	    0.732

qsub: job 30654.sith-mgmt2.ccs.ornl.gov completed

qsub: waiting for job 30655.sith-mgmt2.ccs.ornl.gov to start
qsub: job 30655.sith-mgmt2.ccs.ornl.gov ready

    0.165	    0.349	    0.511	    0.028	    0.050	    1.248

qsub: job 30655.sith-mgmt2.ccs.ornl.gov completed

qsub: waiting for job 30656.sith-mgmt2.ccs.ornl.gov to start
qsub: job 30656.sith-mgmt2.ccs.ornl.gov ready

    0.268	    0.592	    0.574	    0.028	    0.061	    1.669

qsub: job 30656.sith-mgmt2.ccs.ornl.gov completed

qsub: waiting for job 30657.sith-mgmt2.ccs.ornl.gov to start
qsub: job 30657.sith-mgmt2.ccs.ornl.gov ready

    0.467	    0.988	    0.606	    0.028	    0.067	    2.318

qsub: job 30657.sith-mgmt2.ccs.ornl.gov completed

qsub: waiting for job 30658.sith-mgmt2.ccs.ornl.gov to start
qsub: job 30658.sith-mgmt2.ccs.ornl.gov ready

    2.077	    1.328	    0.917	    0.050	    0.215	    4.739

qsub: job 30658.sith-mgmt2.ccs.ornl.gov completed

4 var
qsub: waiting for job 30659.sith-mgmt2.ccs.ornl.gov to start
qsub: job 30659.sith-mgmt2.ccs.ornl.gov ready

    1.091	    2.083	    0.877	    0.049	    0.040	    4.353

qsub: job 30659.sith-mgmt2.ccs.ornl.gov completed

qsub: waiting for job 30660.sith-mgmt2.ccs.ornl.gov to start
qsub: job 30660.sith-mgmt2.ccs.ornl.gov ready

    1.049	    1.982	    1.217	    0.054	    0.044	    4.569

qsub: job 30660.sith-mgmt2.ccs.ornl.gov completed

qsub: waiting for job 30661.sith-mgmt2.ccs.ornl.gov to start
qsub: job 30661.sith-mgmt2.ccs.ornl.gov ready

    1.577	    2.909	    1.327	    0.055	    0.054	    6.140

qsub: job 30661.sith-mgmt2.ccs.ornl.gov completed

qsub: waiting for job 30662.sith-mgmt2.ccs.ornl.gov to start
qsub: job 30662.sith-mgmt2.ccs.ornl.gov ready

    2.619	    3.102	    1.773	    0.070	    0.066	    7.845

qsub: job 30662.sith-mgmt2.ccs.ornl.gov completed

qsub: waiting for job 30663.sith-mgmt2.ccs.ornl.gov to start
qsub: job 30663.sith-mgmt2.ccs.ornl.gov ready

    3.859	    3.602	    1.682	    0.103	    0.171	    9.664

qsub: job 30663.sith-mgmt2.ccs.ornl.gov completed

3 var
qsub: waiting for job 30664.sith-mgmt2.ccs.ornl.gov to start
qsub: job 30664.sith-mgmt2.ccs.ornl.gov ready

    0.683	    1.225	    0.878	    0.053	    0.051	    3.062

qsub: job 30664.sith-mgmt2.ccs.ornl.gov completed

qsub: waiting for job 30665.sith-mgmt2.ccs.ornl.gov to start
qsub: job 30665.sith-mgmt2.ccs.ornl.gov ready

    1.246	    1.757	    1.074	    0.040	    0.098	    4.393

qsub: job 30665.sith-mgmt2.ccs.ornl.gov completed

qsub: waiting for job 30666.sith-mgmt2.ccs.ornl.gov to start
qsub: job 30666.sith-mgmt2.ccs.ornl.gov ready

    1.868	    2.813	    1.076	    0.038	    0.345	    6.318

qsub: job 30666.sith-mgmt2.ccs.ornl.gov completed

qsub: waiting for job 30667.sith-mgmt2.ccs.ornl.gov to start
qsub: job 30667.sith-mgmt2.ccs.ornl.gov ready

    1.411	    1.838	    0.997	    0.040	    0.127	    4.593

qsub: job 30667.sith-mgmt2.ccs.ornl.gov completed

qsub: waiting for job 30668.sith-mgmt2.ccs.ornl.gov to start
qsub: job 30668.sith-mgmt2.ccs.ornl.gov ready

    1.829	    2.597	    1.277	    0.039	    0.289	    6.206

qsub: job 30668.sith-mgmt2.ccs.ornl.gov completed

2 var
qsub: waiting for job 30669.sith-mgmt2.ccs.ornl.gov to start
qsub: job 30669.sith-mgmt2.ccs.ornl.gov ready

    0.023	    0.035	    0.509	    0.025	    0.040	    0.780

qsub: job 30669.sith-mgmt2.ccs.ornl.gov completed

qsub: waiting for job 30670.sith-mgmt2.ccs.ornl.gov to start
qsub: job 30670.sith-mgmt2.ccs.ornl.gov ready

    0.163	    0.351	    0.526	    0.025	    0.044	    1.238

qsub: job 30670.sith-mgmt2.ccs.ornl.gov completed

qsub: waiting for job 30671.sith-mgmt2.ccs.ornl.gov to start
qsub: job 30671.sith-mgmt2.ccs.ornl.gov ready

    0.264	    0.588	    0.630	    0.024	    0.051	    1.689

qsub: job 30671.sith-mgmt2.ccs.ornl.gov completed

qsub: waiting for job 30672.sith-mgmt2.ccs.ornl.gov to start
qsub: job 30672.sith-mgmt2.ccs.ornl.gov ready

    0.459	    0.992	    0.625	    0.025	    0.068	    2.307

qsub: job 30672.sith-mgmt2.ccs.ornl.gov completed

qsub: waiting for job 30673.sith-mgmt2.ccs.ornl.gov to start
qsub: job 30673.sith-mgmt2.ccs.ornl.gov ready

    1.051	    1.382	    0.779	    0.027	    0.219	    3.607

qsub: job 30673.sith-mgmt2.ccs.ornl.gov completed

4 var
qsub: waiting for job 30674.sith-mgmt2.ccs.ornl.gov to start
qsub: job 30674.sith-mgmt2.ccs.ornl.gov ready

    1.106	    2.084	    0.892	    0.056	    0.040	    4.409

qsub: job 30674.sith-mgmt2.ccs.ornl.gov completed

qsub: waiting for job 30675.sith-mgmt2.ccs.ornl.gov to start
qsub: job 30675.sith-mgmt2.ccs.ornl.gov ready

    1.047	    1.983	    1.632	    0.054	    0.050	    4.994

qsub: job 30675.sith-mgmt2.ccs.ornl.gov completed

qsub: waiting for job 30676.sith-mgmt2.ccs.ornl.gov to start
qsub: job 30676.sith-mgmt2.ccs.ornl.gov ready

    1.543	    2.914	    1.317	    0.049	    0.044	    6.082

qsub: job 30676.sith-mgmt2.ccs.ornl.gov completed

qsub: waiting for job 30677.sith-mgmt2.ccs.ornl.gov to start
qsub: job 30677.sith-mgmt2.ccs.ornl.gov ready

    2.292	    3.289	    1.787	    0.054	    0.065	    7.729

qsub: job 30677.sith-mgmt2.ccs.ornl.gov completed

qsub: waiting for job 30678.sith-mgmt2.ccs.ornl.gov to start
qsub: job 30678.sith-mgmt2.ccs.ornl.gov ready

    2.710	    3.817	    2.183	    0.055	    0.175	    9.160

qsub: job 30678.sith-mgmt2.ccs.ornl.gov completed

3 var
qsub: waiting for job 30679.sith-mgmt2.ccs.ornl.gov to start
qsub: job 30679.sith-mgmt2.ccs.ornl.gov ready

    0.703	    1.300	    0.827	    0.041	    0.061	    3.105

qsub: job 30679.sith-mgmt2.ccs.ornl.gov completed

qsub: waiting for job 30680.sith-mgmt2.ccs.ornl.gov to start
qsub: job 30680.sith-mgmt2.ccs.ornl.gov ready

    1.241	    1.695	    0.929	    0.040	    0.099	    4.189

qsub: job 30680.sith-mgmt2.ccs.ornl.gov completed

qsub: waiting for job 30681.sith-mgmt2.ccs.ornl.gov to start
qsub: job 30681.sith-mgmt2.ccs.ornl.gov ready

    1.865	    2.753	    1.157	    0.038	    0.337	    6.354

qsub: job 30681.sith-mgmt2.ccs.ornl.gov completed

qsub: waiting for job 30682.sith-mgmt2.ccs.ornl.gov to start
qsub: job 30682.sith-mgmt2.ccs.ornl.gov ready

    1.560	    1.674	    1.024	    0.050	    0.127	    4.612

qsub: job 30682.sith-mgmt2.ccs.ornl.gov completed

qsub: waiting for job 30683.sith-mgmt2.ccs.ornl.gov to start
qsub: job 30683.sith-mgmt2.ccs.ornl.gov ready

    3.332	    2.427	    1.360	    0.087	    0.271	    7.678

qsub: job 30683.sith-mgmt2.ccs.ornl.gov completed

2 var
qsub: waiting for job 30684.sith-mgmt2.ccs.ornl.gov to start
qsub: job 30684.sith-mgmt2.ccs.ornl.gov ready

    0.024	    0.035	    0.471	    0.028	    0.040	    0.734

qsub: job 30684.sith-mgmt2.ccs.ornl.gov completed

qsub: waiting for job 30685.sith-mgmt2.ccs.ornl.gov to start
qsub: job 30685.sith-mgmt2.ccs.ornl.gov ready

    0.164	    0.354	    0.521	    0.027	    0.043	    1.249

qsub: job 30685.sith-mgmt2.ccs.ornl.gov completed

qsub: waiting for job 30686.sith-mgmt2.ccs.ornl.gov to start
qsub: job 30686.sith-mgmt2.ccs.ornl.gov ready

    0.269	    0.591	    0.627	    0.027	    0.053	    1.714

qsub: job 30686.sith-mgmt2.ccs.ornl.gov completed

qsub: waiting for job 30687.sith-mgmt2.ccs.ornl.gov to start
qsub: job 30687.sith-mgmt2.ccs.ornl.gov ready

    0.468	    0.992	    0.664	    0.027	    0.068	    2.360

qsub: job 30687.sith-mgmt2.ccs.ornl.gov completed

qsub: waiting for job 30688.sith-mgmt2.ccs.ornl.gov to start
qsub: job 30688.sith-mgmt2.ccs.ornl.gov ready

    2.073	    1.332	    0.818	    0.051	    0.220	    4.641

qsub: job 30688.sith-mgmt2.ccs.ornl.gov completed

4 var
qsub: waiting for job 30689.sith-mgmt2.ccs.ornl.gov to start
qsub: job 30689.sith-mgmt2.ccs.ornl.gov ready

    1.107	    2.083	    0.503	    0.055	    0.040	    3.967

qsub: job 30689.sith-mgmt2.ccs.ornl.gov completed

qsub: waiting for job 30690.sith-mgmt2.ccs.ornl.gov to start
qsub: job 30690.sith-mgmt2.ccs.ornl.gov ready

    1.054	    1.986	    1.144	    0.055	    0.043	    4.488

qsub: job 30690.sith-mgmt2.ccs.ornl.gov completed

qsub: waiting for job 30691.sith-mgmt2.ccs.ornl.gov to start
qsub: job 30691.sith-mgmt2.ccs.ornl.gov ready

    1.571	    2.916	    1.536	    0.055	    0.044	    6.338

qsub: job 30691.sith-mgmt2.ccs.ornl.gov completed

qsub: waiting for job 30692.sith-mgmt2.ccs.ornl.gov to start
qsub: job 30692.sith-mgmt2.ccs.ornl.gov ready

    2.291	    3.286	    1.679	    0.054	    0.069	    7.599

qsub: job 30692.sith-mgmt2.ccs.ornl.gov completed

qsub: waiting for job 30693.sith-mgmt2.ccs.ornl.gov to start
qsub: job 30693.sith-mgmt2.ccs.ornl.gov ready

    2.887	    3.655	    2.027	    0.083	    0.166	    9.053

qsub: job 30693.sith-mgmt2.ccs.ornl.gov completed

3 var
qsub: waiting for job 30694.sith-mgmt2.ccs.ornl.gov to start
qsub: job 30694.sith-mgmt2.ccs.ornl.gov ready

    0.702	    1.295	    0.869	    0.041	    0.060	    3.156

qsub: job 30694.sith-mgmt2.ccs.ornl.gov completed

qsub: waiting for job 30695.sith-mgmt2.ccs.ornl.gov to start
qsub: job 30695.sith-mgmt2.ccs.ornl.gov ready

    1.216	    1.709	    0.935	    0.039	    0.099	    4.158

qsub: job 30695.sith-mgmt2.ccs.ornl.gov completed

qsub: waiting for job 30696.sith-mgmt2.ccs.ornl.gov to start
qsub: job 30696.sith-mgmt2.ccs.ornl.gov ready

    3.257	    2.611	    1.162	    0.088	    0.329	    7.651

qsub: job 30696.sith-mgmt2.ccs.ornl.gov completed

qsub: waiting for job 30697.sith-mgmt2.ccs.ornl.gov to start
qsub: job 30697.sith-mgmt2.ccs.ornl.gov ready

    1.411	    1.820	    1.036	    0.041	    0.129	    4.603

qsub: job 30697.sith-mgmt2.ccs.ornl.gov completed

qsub: waiting for job 30698.sith-mgmt2.ccs.ornl.gov to start
qsub: job 30698.sith-mgmt2.ccs.ornl.gov ready

    3.316	    2.420	    1.305	    0.110	    0.285	    7.647

qsub: job 30698.sith-mgmt2.ccs.ornl.gov completed

2 var
qsub: waiting for job 30699.sith-mgmt2.ccs.ornl.gov to start
qsub: job 30699.sith-mgmt2.ccs.ornl.gov ready

    0.022	    0.035	    0.569	    0.024	    0.040	    0.832

qsub: job 30699.sith-mgmt2.ccs.ornl.gov completed

qsub: waiting for job 30700.sith-mgmt2.ccs.ornl.gov to start
qsub: job 30700.sith-mgmt2.ccs.ornl.gov ready

    0.164	    0.356	    0.553	    0.024	    0.043	    1.266

qsub: job 30700.sith-mgmt2.ccs.ornl.gov completed

qsub: waiting for job 30701.sith-mgmt2.ccs.ornl.gov to start
qsub: job 30701.sith-mgmt2.ccs.ornl.gov ready

    0.265	    0.594	    0.627	    0.024	    0.051	    1.702

qsub: job 30701.sith-mgmt2.ccs.ornl.gov completed

qsub: waiting for job 30702.sith-mgmt2.ccs.ornl.gov to start
qsub: job 30702.sith-mgmt2.ccs.ornl.gov ready

    0.457	    1.009	    0.675	    0.024	    0.068	    2.378

qsub: job 30702.sith-mgmt2.ccs.ornl.gov completed

qsub: waiting for job 30703.sith-mgmt2.ccs.ornl.gov to start
qsub: job 30703.sith-mgmt2.ccs.ornl.gov ready

    1.036	    1.393	    0.843	    0.026	    0.220	    3.660

qsub: job 30703.sith-mgmt2.ccs.ornl.gov completed

4 var
qsub: waiting for job 30704.sith-mgmt2.ccs.ornl.gov to start
qsub: job 30704.sith-mgmt2.ccs.ornl.gov ready

    1.107	    2.132	    1.096	    0.056	    0.040	    4.636

qsub: job 30704.sith-mgmt2.ccs.ornl.gov completed

qsub: waiting for job 30705.sith-mgmt2.ccs.ornl.gov to start
qsub: job 30705.sith-mgmt2.ccs.ornl.gov ready

    1.054	    2.019	    1.338	    0.055	    0.043	    4.715

qsub: job 30705.sith-mgmt2.ccs.ornl.gov completed

qsub: waiting for job 30706.sith-mgmt2.ccs.ornl.gov to start
qsub: job 30706.sith-mgmt2.ccs.ornl.gov ready

    1.506	    2.885	    1.341	    0.048	    0.044	    6.055

qsub: job 30706.sith-mgmt2.ccs.ornl.gov completed

qsub: waiting for job 30707.sith-mgmt2.ccs.ornl.gov to start
qsub: job 30707.sith-mgmt2.ccs.ornl.gov ready

    2.284	    3.287	    1.578	    0.053	    0.074	    7.495

qsub: job 30707.sith-mgmt2.ccs.ornl.gov completed

qsub: waiting for job 30708.sith-mgmt2.ccs.ornl.gov to start
qsub: job 30708.sith-mgmt2.ccs.ornl.gov ready

    2.698	    3.876	    2.193	    0.053	    0.177	    9.215

qsub: job 30708.sith-mgmt2.ccs.ornl.gov completed

3 var
qsub: waiting for job 30709.sith-mgmt2.ccs.ornl.gov to start
qsub: job 30709.sith-mgmt2.ccs.ornl.gov ready

    0.716	    1.335	    0.808	    0.036	    0.050	    3.108

qsub: job 30709.sith-mgmt2.ccs.ornl.gov completed

qsub: waiting for job 30710.sith-mgmt2.ccs.ornl.gov to start
qsub: job 30710.sith-mgmt2.ccs.ornl.gov ready

    1.668	    1.597	    0.976	    0.072	    0.100	    4.606

qsub: job 30710.sith-mgmt2.ccs.ornl.gov completed

qsub: waiting for job 30711.sith-mgmt2.ccs.ornl.gov to start
qsub: job 30711.sith-mgmt2.ccs.ornl.gov ready

    1.841	    2.762	    1.369	    0.038	    0.338	    6.523

qsub: job 30711.sith-mgmt2.ccs.ornl.gov completed

qsub: waiting for job 30712.sith-mgmt2.ccs.ornl.gov to start
qsub: job 30712.sith-mgmt2.ccs.ornl.gov ready

    1.411	    1.810	    1.009	    0.041	    0.129	    4.598

qsub: job 30712.sith-mgmt2.ccs.ornl.gov completed

qsub: waiting for job 30713.sith-mgmt2.ccs.ornl.gov to start
qsub: job 30713.sith-mgmt2.ccs.ornl.gov ready

    2.133	    2.433	    1.287	    0.055	    0.275	    6.370

qsub: job 30713.sith-mgmt2.ccs.ornl.gov completed

2 var
qsub: waiting for job 30714.sith-mgmt2.ccs.ornl.gov to start
qsub: job 30714.sith-mgmt2.ccs.ornl.gov ready

    0.024	    0.035	    0.617	    0.028	    0.040	    0.876

qsub: job 30714.sith-mgmt2.ccs.ornl.gov completed

qsub: waiting for job 30715.sith-mgmt2.ccs.ornl.gov to start
qsub: job 30715.sith-mgmt2.ccs.ornl.gov ready

    0.166	    0.360	    0.512	    0.027	    0.044	    1.238

qsub: job 30715.sith-mgmt2.ccs.ornl.gov completed

qsub: waiting for job 30716.sith-mgmt2.ccs.ornl.gov to start
qsub: job 30716.sith-mgmt2.ccs.ornl.gov ready

    0.269	    0.602	    0.533	    0.028	    0.057	    1.629

qsub: job 30716.sith-mgmt2.ccs.ornl.gov completed

qsub: waiting for job 30717.sith-mgmt2.ccs.ornl.gov to start
qsub: job 30717.sith-mgmt2.ccs.ornl.gov ready

    0.467	    1.011	    0.655	    0.027	    0.067	    2.365

qsub: job 30717.sith-mgmt2.ccs.ornl.gov completed

qsub: waiting for job 30718.sith-mgmt2.ccs.ornl.gov to start
qsub: job 30718.sith-mgmt2.ccs.ornl.gov ready

    1.021	    1.381	    0.803	    0.025	    0.223	    3.592

qsub: job 30718.sith-mgmt2.ccs.ornl.gov completed

