==25314== Cachegrind, a cache and branch-prediction profiler
==25314== Copyright (C) 2002-2012, and GNU GPL'd, by Nicholas Nethercote et al.
==25314== Using Valgrind-3.8.1 and LibVEX; rerun with -h for copyright info
==25314== Command: /home/xzou2/alac_fastbit_comp/alac_multi_engine/build/bin/multiquery 2 /home/xzou2/data/ii_index/s3d/1part_2G/pfd/ uvel 25 26 vvel 4.3 4.4
==25314== Parent PID: 21599
==25314== 
--25314-- warning: L3 cache found, using its data for the LL simulation.
--25314-- warning: pretending that LL cache has associativity 24 instead of actual 16
==25314== 
==25314== I   refs:      1,357,171,825
==25314== I1  misses:           54,663
==25314== LLi misses:            4,418
==25314== I1  miss rate:          0.00%
==25314== LLi miss rate:          0.00%
==25314== 
==25314== D   refs:        608,695,082  (515,017,977 rd   + 93,677,105 wr)
==25314== D1  misses:        6,202,829  (  4,314,340 rd   +  1,888,489 wr)
==25314== LLd misses:        6,165,192  (  4,277,429 rd   +  1,887,763 wr)
==25314== D1  miss rate:           1.0% (        0.8%     +        2.0%  )
==25314== LLd miss rate:           1.0% (        0.8%     +        2.0%  )
==25314== 
==25314== LL refs:           6,257,492  (  4,369,003 rd   +  1,888,489 wr)
==25314== LL misses:         6,169,610  (  4,281,847 rd   +  1,887,763 wr)
==25314== LL miss rate:            0.3% (        0.2%     +        2.0%  )
