==25316== Cachegrind, a cache and branch-prediction profiler
==25316== Copyright (C) 2002-2012, and GNU GPL'd, by Nicholas Nethercote et al.
==25316== Using Valgrind-3.8.1 and LibVEX; rerun with -h for copyright info
==25316== Command: /home/xzou2/alac_fastbit_comp/alac_multi_engine/build/bin/multiquery 2 /home/xzou2/data/ii_index/s3d/1part_2G/pfd/ uvel 47 48 vvel 5.3 5.4
==25316== Parent PID: 21599
==25316== 
--25316-- warning: L3 cache found, using its data for the LL simulation.
--25316-- warning: pretending that LL cache has associativity 24 instead of actual 16
==25316== 
==25316== I   refs:      4,467,650,925
==25316== I1  misses:           29,003
==25316== LLi misses:            5,125
==25316== I1  miss rate:          0.00%
==25316== LLi miss rate:          0.00%
==25316== 
==25316== D   refs:      2,464,804,322  (2,113,695,427 rd   + 351,108,895 wr)
==25316== D1  misses:       12,881,457  (    8,088,495 rd   +   4,792,962 wr)
==25316== LLd misses:       12,746,050  (    7,953,734 rd   +   4,792,316 wr)
==25316== D1  miss rate:           0.5% (          0.3%     +         1.3%  )
==25316== LLd miss rate:           0.5% (          0.3%     +         1.3%  )
==25316== 
==25316== LL refs:          12,910,460  (    8,117,498 rd   +   4,792,962 wr)
==25316== LL misses:        12,751,175  (    7,958,859 rd   +   4,792,316 wr)
==25316== LL miss rate:            0.1% (          0.1%     +         1.3%  )
