==24449== Cachegrind, a cache and branch-prediction profiler
==24449== Copyright (C) 2002-2012, and GNU GPL'd, by Nicholas Nethercote et al.
==24449== Using Valgrind-3.8.1 and LibVEX; rerun with -h for copyright info
==24449== Command: /home/xzou2/alac_fastbit_comp/alac_multi_engine/build/bin/multiquery_merge 3 /home/xzou2/data/ii_index/s3d/1part_2G/pfd/ uvel 42 45 vvel -4.9 0.4 temp 7.3E2 7.4E2
==24449== Parent PID: 21599
==24449== 
--24449-- warning: L3 cache found, using its data for the LL simulation.
--24449-- warning: pretending that LL cache has associativity 24 instead of actual 16
==24449== 
==24449== I   refs:      16,064,973,543
==24449== I1  misses:           573,384
==24449== LLi misses:            18,590
==24449== I1  miss rate:           0.00%
==24449== LLi miss rate:           0.00%
==24449== 
==24449== D   refs:       8,743,044,593  (7,475,414,069 rd   + 1,267,630,524 wr)
==24449== D1  misses:        38,884,240  (   36,196,839 rd   +     2,687,401 wr)
==24449== LLd misses:        33,480,976  (   30,796,826 rd   +     2,684,150 wr)
==24449== D1  miss rate:            0.4% (          0.4%     +           0.2%  )
==24449== LLd miss rate:            0.3% (          0.4%     +           0.2%  )
==24449== 
==24449== LL refs:           39,457,624  (   36,770,223 rd   +     2,687,401 wr)
==24449== LL misses:         33,499,566  (   30,815,416 rd   +     2,684,150 wr)
==24449== LL miss rate:             0.1% (          0.1%     +           0.2%  )
