==22083== Cachegrind, a cache and branch-prediction profiler
==22083== Copyright (C) 2002-2012, and GNU GPL'd, by Nicholas Nethercote et al.
==22083== Using Valgrind-3.8.1 and LibVEX; rerun with -h for copyright info
==22083== Command: /home/xzou2/alac_fastbit_comp/alac_multi_engine/build/bin/multiquery_decode_bmap 3 /home/xzou2/data/ii_index/s3d/1part_2G/pfd_epd/ uvel 42 44 vvel -4.9 -3.8 temp 7.3E2 7.4E2
==22083== Parent PID: 21599
==22083== 
--22083-- warning: L3 cache found, using its data for the LL simulation.
--22083-- warning: pretending that LL cache has associativity 24 instead of actual 16
==22083== 
==22083== I   refs:      12,416,921,113
==22083== I1  misses:        10,443,800
==22083== LLi misses:             6,449
==22083== I1  miss rate:           0.08%
==22083== LLi miss rate:           0.00%
==22083== 
==22083== D   refs:       6,847,738,046  (5,833,398,205 rd   + 1,014,339,841 wr)
==22083== D1  misses:        11,471,268  (    9,269,013 rd   +     2,202,255 wr)
==22083== LLd misses:        11,299,989  (    9,098,353 rd   +     2,201,636 wr)
==22083== D1  miss rate:            0.1% (          0.1%     +           0.2%  )
==22083== LLd miss rate:            0.1% (          0.1%     +           0.2%  )
==22083== 
==22083== LL refs:           21,915,068  (   19,712,813 rd   +     2,202,255 wr)
==22083== LL misses:         11,306,438  (    9,104,802 rd   +     2,201,636 wr)
==22083== LL miss rate:             0.0% (          0.0%     +           0.2%  )
