==22451== Cachegrind, a cache and branch-prediction profiler
==22451== Copyright (C) 2002-2012, and GNU GPL'd, by Nicholas Nethercote et al.
==22451== Using Valgrind-3.8.1 and LibVEX; rerun with -h for copyright info
==22451== Command: /home/xzou2/alac_fastbit_comp/alac_multi_engine/build/bin/multiquery_decode_bmap 3 /home/xzou2/data/ii_index/s3d/1part_2G/pfd_epd/ uvel 42 52 vvel -4.9 2.6 temp 7.3E2 7.4E2
==22451== Parent PID: 21599
==22451== 
--22451-- warning: L3 cache found, using its data for the LL simulation.
--22451-- warning: pretending that LL cache has associativity 24 instead of actual 16
==22451== 
==22451== I   refs:      27,821,146,771
==22451== I1  misses:        28,377,369
==22451== LLi misses:            30,778
==22451== I1  miss rate:           0.10%
==22451== LLi miss rate:           0.00%
==22451== 
==22451== D   refs:      14,252,062,446  (12,276,750,898 rd   + 1,975,311,548 wr)
==22451== D1  misses:        63,149,392  (    57,085,052 rd   +     6,064,340 wr)
==22451== LLd misses:        56,541,045  (    50,480,006 rd   +     6,061,039 wr)
==22451== D1  miss rate:            0.4% (           0.4%     +           0.3%  )
==22451== LLd miss rate:            0.3% (           0.4%     +           0.3%  )
==22451== 
==22451== LL refs:           91,526,761  (    85,462,421 rd   +     6,064,340 wr)
==22451== LL misses:         56,571,823  (    50,510,784 rd   +     6,061,039 wr)
==22451== LL miss rate:             0.1% (           0.1%     +           0.3%  )
