==25219== Cachegrind, a cache and branch-prediction profiler
==25219== Copyright (C) 2002-2012, and GNU GPL'd, by Nicholas Nethercote et al.
==25219== Using Valgrind-3.8.1 and LibVEX; rerun with -h for copyright info
==25219== Command: /home/xzou2/alac_fastbit_comp/alac_multi_engine/build/bin/multiquery 4 /home/xzou2/data/ii_index/s3d/1part_2G/pfd/ uvel 42 80 vvel 3 5 temp 7.5E2 14E2 wvel 10 14
==25219== Parent PID: 21599
==25219== 
--25219-- warning: L3 cache found, using its data for the LL simulation.
--25219-- warning: pretending that LL cache has associativity 24 instead of actual 16
==25219== 
==25219== I   refs:      29,796,399,149
==25219== I1  misses:           944,693
==25219== LLi misses:            13,169
==25219== I1  miss rate:           0.00%
==25219== LLi miss rate:           0.00%
==25219== 
==25219== D   refs:      17,720,550,626  (15,164,646,829 rd   + 2,555,903,797 wr)
==25219== D1  misses:        87,612,231  (    57,104,469 rd   +    30,507,762 wr)
==25219== LLd misses:        87,514,727  (    57,007,975 rd   +    30,506,752 wr)
==25219== D1  miss rate:            0.4% (           0.3%     +           1.1%  )
==25219== LLd miss rate:            0.4% (           0.3%     +           1.1%  )
==25219== 
==25219== LL refs:           88,556,924  (    58,049,162 rd   +    30,507,762 wr)
==25219== LL misses:         87,527,896  (    57,021,144 rd   +    30,506,752 wr)
==25219== LL miss rate:             0.1% (           0.1%     +           1.1%  )
