==21712== Cachegrind, a cache and branch-prediction profiler
==21712== Copyright (C) 2002-2012, and GNU GPL'd, by Nicholas Nethercote et al.
==21712== Using Valgrind-3.8.1 and LibVEX; rerun with -h for copyright info
==21712== Command: /home/xzou2/alac_fastbit_comp/alac_multi_engine/build/bin/multiquery_decode_bmap 4 /home/xzou2/data/ii_index/s3d/1part_2G/pfd_epd/ uvel 42 80 vvel 3 5 temp 7.5E2 14E2 wvel 10 14
==21712== Parent PID: 21599
==21712== 
--21712-- warning: L3 cache found, using its data for the LL simulation.
--21712-- warning: pretending that LL cache has associativity 24 instead of actual 16
==21712== 
==21712== I   refs:      24,331,199,562
==21712== I1  misses:        29,930,543
==21712== LLi misses:            13,806
==21712== I1  miss rate:           0.12%
==21712== LLi miss rate:           0.00%
==21712== 
==21712== D   refs:      13,628,277,350  (11,680,571,685 rd   + 1,947,705,665 wr)
==21712== D1  misses:        32,068,704  (    29,390,725 rd   +     2,677,979 wr)
==21712== LLd misses:        31,929,013  (    29,251,789 rd   +     2,677,224 wr)
==21712== D1  miss rate:            0.2% (           0.2%     +           0.1%  )
==21712== LLd miss rate:            0.2% (           0.2%     +           0.1%  )
==21712== 
==21712== LL refs:           61,999,247  (    59,321,268 rd   +     2,677,979 wr)
==21712== LL misses:         31,942,819  (    29,265,595 rd   +     2,677,224 wr)
==21712== LL miss rate:             0.0% (           0.0%     +           0.1%  )
