==23418== Cachegrind, a cache and branch-prediction profiler
==23418== Copyright (C) 2002-2012, and GNU GPL'd, by Nicholas Nethercote et al.
==23418== Using Valgrind-3.8.1 and LibVEX; rerun with -h for copyright info
==23418== Command: /home/xzou2/alac_fastbit_comp/alac_multi_engine/build/bin/multiquery_merge 4 /home/xzou2/data/ii_index/s3d/1part_2G/pfd/ uvel 50 57 vvel -8.9 -5 temp 6.9E2 7.4E2 wvel -10 -8
==23418== Parent PID: 21599
==23418== 
--23418-- warning: L3 cache found, using its data for the LL simulation.
--23418-- warning: pretending that LL cache has associativity 24 instead of actual 16
==23418== 
==23418== I   refs:      17,562,227,584
==23418== I1  misses:           477,869
==23418== LLi misses:             9,766
==23418== I1  miss rate:           0.00%
==23418== LLi miss rate:           0.00%
==23418== 
==23418== D   refs:       9,813,274,143  (8,392,126,042 rd   + 1,421,148,101 wr)
==23418== D1  misses:        19,464,204  (   16,782,322 rd   +     2,681,882 wr)
==23418== LLd misses:        19,389,185  (   16,708,117 rd   +     2,681,068 wr)
==23418== D1  miss rate:            0.1% (          0.1%     +           0.1%  )
==23418== LLd miss rate:            0.1% (          0.1%     +           0.1%  )
==23418== 
==23418== LL refs:           19,942,073  (   17,260,191 rd   +     2,681,882 wr)
==23418== LL misses:         19,398,951  (   16,717,883 rd   +     2,681,068 wr)
==23418== LL miss rate:             0.0% (          0.0%     +           0.1%  )
